[20.594s] Invoking command in '/home/jetson/ros2_ws/build/yolo_den': PYTHONPATH=/home/jetson/ros2_ws/install/yolo_den/lib/python3.8/site-packages:${PYTHONPATH} /usr/bin/python3 setup.py develop --prefix /home/jetson/ros2_ws/install/yolo_den --editable --build-directory /home/jetson/ros2_ws/build/yolo_den/build --no-deps install_data --install-dir /home/jetson/ros2_ws/install/yolo_den
[22.798s] /usr/local/lib/python3.8/dist-packages/setuptools/dist.py:772: UserWarning: Usage of dash-separated 'script-dir' will not be supported in future versions. Please use the underscore name 'script_dir' instead
[22.798s]   warnings.warn(
[22.800s] /usr/local/lib/python3.8/dist-packages/setuptools/dist.py:772: UserWarning: Usage of dash-separated 'install-scripts' will not be supported in future versions. Please use the underscore name 'install_scripts' instead
[22.801s]   warnings.warn(
[27.867s] running develop
[27.869s] /usr/local/lib/python3.8/dist-packages/setuptools/command/easy_install.py:144: EasyInstallDeprecationWarning: easy_install command is deprecated. Use build and pip and other standards-based tools.
[27.872s]   warnings.warn(
[28.942s] /usr/local/lib/python3.8/dist-packages/setuptools/command/install.py:34: SetuptoolsDeprecationWarning: setup.py install is deprecated. Use build and pip and other standards-based tools.
[28.942s]   warnings.warn(
[31.529s] /usr/local/lib/python3.8/dist-packages/pkg_resources/__init__.py:123: PkgResourcesDeprecationWarning: 0.1.36ubuntu1 is an invalid version and will not be supported in a future release
[31.530s]   warnings.warn(
[31.533s] /usr/local/lib/python3.8/dist-packages/pkg_resources/__init__.py:123: PkgResourcesDeprecationWarning: 0.23ubuntu1 is an invalid version and will not be supported in a future release
[31.535s]   warnings.warn(
[32.346s] running egg_info
[32.924s] writing yolo_den.egg-info/PKG-INFO
[33.538s] writing dependency_links to yolo_den.egg-info/dependency_links.txt
[35.128s] writing entry points to yolo_den.egg-info/entry_points.txt
[36.051s] writing requirements to yolo_den.egg-info/requires.txt
[36.487s] writing top-level names to yolo_den.egg-info/top_level.txt
[37.185s] reading manifest file 'yolo_den.egg-info/SOURCES.txt'
[37.193s] writing manifest file 'yolo_den.egg-info/SOURCES.txt'
[38.298s] running build_ext
[38.298s] Creating /home/jetson/ros2_ws/install/yolo_den/lib/python3.8/site-packages/yolo-den.egg-link (link to .)
[38.298s] Installing ysub2 script to /home/jetson/ros2_ws/install/yolo_den/lib/yolo_den
[38.299s] 
[38.302s] Installed /home/jetson/ros2_ws/build/yolo_den
[38.302s] running install_data
[38.669s] Invoked command in '/home/jetson/ros2_ws/build/yolo_den' returned '0': PYTHONPATH=/home/jetson/ros2_ws/install/yolo_den/lib/python3.8/site-packages:${PYTHONPATH} /usr/bin/python3 setup.py develop --prefix /home/jetson/ros2_ws/install/yolo_den --editable --build-directory /home/jetson/ros2_ws/build/yolo_den/build --no-deps install_data --install-dir /home/jetson/ros2_ws/install/yolo_den
