[11.261s] Invoking command in '/home/jetson/ros2_ws/build/yolo_den': PYTHONPATH=/home/jetson/ros2_ws/install/yolo_den/lib/python3.8/site-packages:${PYTHONPATH} /usr/bin/python3 setup.py develop --prefix /home/jetson/ros2_ws/install/yolo_den --uninstall --editable --build-directory /home/jetson/ros2_ws/build/yolo_den/build
[12.953s] /usr/local/lib/python3.8/dist-packages/setuptools/dist.py:772: UserWarning: Usage of dash-separated 'script-dir' will not be supported in future versions. Please use the underscore name 'script_dir' instead
[12.953s]   warnings.warn(
[12.957s] /usr/local/lib/python3.8/dist-packages/setuptools/dist.py:772: UserWarning: Usage of dash-separated 'install-scripts' will not be supported in future versions. Please use the underscore name 'install_scripts' instead
[12.957s]   warnings.warn(
[16.654s] running develop
[16.657s] /usr/local/lib/python3.8/dist-packages/setuptools/command/easy_install.py:144: EasyInstallDeprecationWarning: easy_install command is deprecated. Use build and pip and other standards-based tools.
[16.657s]   warnings.warn(
[17.520s] /usr/local/lib/python3.8/dist-packages/setuptools/command/install.py:34: SetuptoolsDeprecationWarning: setup.py install is deprecated. Use build and pip and other standards-based tools.
[17.521s]   warnings.warn(
[19.065s] /usr/local/lib/python3.8/dist-packages/pkg_resources/__init__.py:123: PkgResourcesDeprecationWarning: 0.1.36ubuntu1 is an invalid version and will not be supported in a future release
[19.066s]   warnings.warn(
[19.067s] /usr/local/lib/python3.8/dist-packages/pkg_resources/__init__.py:123: PkgResourcesDeprecationWarning: 0.23ubuntu1 is an invalid version and will not be supported in a future release
[19.067s]   warnings.warn(
[19.826s] Invoked command in '/home/jetson/ros2_ws/build/yolo_den' returned '0': PYTHONPATH=/home/jetson/ros2_ws/install/yolo_den/lib/python3.8/site-packages:${PYTHONPATH} /usr/bin/python3 setup.py develop --prefix /home/jetson/ros2_ws/install/yolo_den --uninstall --editable --build-directory /home/jetson/ros2_ws/build/yolo_den/build
[19.836s] Invoking command in '/home/jetson/ros2_ws/src/yolo_den': PYTHONPATH=/home/jetson/ros2_ws/install/yolo_den/lib/python3.8/site-packages:${PYTHONPATH} /usr/bin/python3 setup.py egg_info --egg-base ../../build/yolo_den build --build-base /home/jetson/ros2_ws/build/yolo_den/build install --prefix /home/jetson/ros2_ws/install/yolo_den --record /home/jetson/ros2_ws/build/yolo_den/install.log --single-version-externally-managed
[21.268s] /usr/local/lib/python3.8/dist-packages/setuptools/dist.py:772: UserWarning: Usage of dash-separated 'script-dir' will not be supported in future versions. Please use the underscore name 'script_dir' instead
[21.269s]   warnings.warn(
[21.271s] /usr/local/lib/python3.8/dist-packages/setuptools/dist.py:772: UserWarning: Usage of dash-separated 'install-scripts' will not be supported in future versions. Please use the underscore name 'install_scripts' instead
[21.271s]   warnings.warn(
[25.278s] running egg_info
[25.668s] writing ../../build/yolo_den/yolo_den.egg-info/PKG-INFO
[25.989s] writing dependency_links to ../../build/yolo_den/yolo_den.egg-info/dependency_links.txt
[26.943s] writing entry points to ../../build/yolo_den/yolo_den.egg-info/entry_points.txt
[27.576s] writing requirements to ../../build/yolo_den/yolo_den.egg-info/requires.txt
[27.896s] writing top-level names to ../../build/yolo_den/yolo_den.egg-info/top_level.txt
[28.414s] reading manifest file '../../build/yolo_den/yolo_den.egg-info/SOURCES.txt'
[28.419s] writing manifest file '../../build/yolo_den/yolo_den.egg-info/SOURCES.txt'
[28.419s] running build
[28.420s] running build_py
[28.421s] running install
[28.421s] /usr/local/lib/python3.8/dist-packages/setuptools/command/install.py:34: SetuptoolsDeprecationWarning: setup.py install is deprecated. Use build and pip and other standards-based tools.
[28.422s]   warnings.warn(
[28.449s] running install_lib
[28.841s] byte-compiling /home/jetson/ros2_ws/install/yolo_den/lib/python3.8/site-packages/yolo_den/__init__.py to __init__.cpython-38.pyc
[28.842s] byte-compiling /home/jetson/ros2_ws/install/yolo_den/lib/python3.8/site-packages/yolo_den/yolo_den.py to yolo_den.cpython-38.pyc
[28.845s] running install_data
[28.917s] running install_egg_info
[29.311s] removing '/home/jetson/ros2_ws/install/yolo_den/lib/python3.8/site-packages/yolo_den-0.0.0-py3.8.egg-info' (and everything under it)
[29.311s] Copying ../../build/yolo_den/yolo_den.egg-info to /home/jetson/ros2_ws/install/yolo_den/lib/python3.8/site-packages/yolo_den-0.0.0-py3.8.egg-info
[29.315s] running install_scripts
[29.981s] Installing ysub2 script to /home/jetson/ros2_ws/install/yolo_den/lib/yolo_den
[29.982s] writing list of installed files to '/home/jetson/ros2_ws/build/yolo_den/install.log'
[30.195s] Invoked command in '/home/jetson/ros2_ws/src/yolo_den' returned '0': PYTHONPATH=/home/jetson/ros2_ws/install/yolo_den/lib/python3.8/site-packages:${PYTHONPATH} /usr/bin/python3 setup.py egg_info --egg-base ../../build/yolo_den build --build-base /home/jetson/ros2_ws/build/yolo_den/build install --prefix /home/jetson/ros2_ws/install/yolo_den --record /home/jetson/ros2_ws/build/yolo_den/install.log --single-version-externally-managed
