running egg_info
creating ../../build/humcount/humcount.egg-info
writing ../../build/humcount/humcount.egg-info/PKG-INFO
writing dependency_links to ../../build/humcount/humcount.egg-info/dependency_links.txt
writing requirements to ../../build/humcount/humcount.egg-info/requires.txt
writing top-level names to ../../build/humcount/humcount.egg-info/top_level.txt
writing manifest file '../../build/humcount/humcount.egg-info/SOURCES.txt'
reading manifest file '../../build/humcount/humcount.egg-info/SOURCES.txt'
writing manifest file '../../build/humcount/humcount.egg-info/SOURCES.txt'
running build
running build_py
creating /home/jetson/ros2_ws/build/humcount/build
creating /home/jetson/ros2_ws/build/humcount/build/lib
creating /home/jetson/ros2_ws/build/humcount/build/lib/humcount
copying humcount/__init__.py -> /home/jetson/ros2_ws/build/humcount/build/lib/humcount
running install
running install_lib
creating /home/jetson/ros2_ws/install/humcount/lib/python3.8/site-packages/humcount
copying /home/jetson/ros2_ws/build/humcount/build/lib/humcount/__init__.py -> /home/jetson/ros2_ws/install/humcount/lib/python3.8/site-packages/humcount
byte-compiling /home/jetson/ros2_ws/install/humcount/lib/python3.8/site-packages/humcount/__init__.py to __init__.cpython-38.pyc
running install_data
creating /home/jetson/ros2_ws/install/humcount/share/ament_index
creating /home/jetson/ros2_ws/install/humcount/share/ament_index/resource_index
creating /home/jetson/ros2_ws/install/humcount/share/ament_index/resource_index/packages
copying resource/humcount -> /home/jetson/ros2_ws/install/humcount/share/ament_index/resource_index/packages
copying package.xml -> /home/jetson/ros2_ws/install/humcount/share/humcount
running install_egg_info
Copying ../../build/humcount/humcount.egg-info to /home/jetson/ros2_ws/install/humcount/lib/python3.8/site-packages/humcount-0.0.0-py3.8.egg-info
running install_scripts
writing list of installed files to '/home/jetson/ros2_ws/build/humcount/install.log'
