/usr/local/lib/python3.8/dist-packages/setuptools/dist.py:772: UserWarning: Usage of dash-separated 'script-dir' will not be supported in future versions. Please use the underscore name 'script_dir' instead
  warnings.warn(
/usr/local/lib/python3.8/dist-packages/setuptools/dist.py:772: UserWarning: Usage of dash-separated 'install-scripts' will not be supported in future versions. Please use the underscore name 'install_scripts' instead
  warnings.warn(
running develop
/usr/local/lib/python3.8/dist-packages/setuptools/command/easy_install.py:144: EasyInstallDeprecationWarning: easy_install command is deprecated. Use build and pip and other standards-based tools.
  warnings.warn(
/usr/local/lib/python3.8/dist-packages/setuptools/command/install.py:34: SetuptoolsDeprecationWarning: setup.py install is deprecated. Use build and pip and other standards-based tools.
  warnings.warn(
/usr/local/lib/python3.8/dist-packages/pkg_resources/__init__.py:123: PkgResourcesDeprecationWarning: 0.1.36ubuntu1 is an invalid version and will not be supported in a future release
  warnings.warn(
/usr/local/lib/python3.8/dist-packages/pkg_resources/__init__.py:123: PkgResourcesDeprecationWarning: 0.23ubuntu1 is an invalid version and will not be supported in a future release
  warnings.warn(
running egg_info
writing yolo_den.egg-info/PKG-INFO
writing dependency_links to yolo_den.egg-info/dependency_links.txt
writing entry points to yolo_den.egg-info/entry_points.txt
writing requirements to yolo_den.egg-info/requires.txt
writing top-level names to yolo_den.egg-info/top_level.txt
reading manifest file 'yolo_den.egg-info/SOURCES.txt'
writing manifest file 'yolo_den.egg-info/SOURCES.txt'
running build_ext
Creating /home/jetson/ros2_ws/install/yolo_den/lib/python3.8/site-packages/yolo-den.egg-link (link to .)
Installing ysub2 script to /home/jetson/ros2_ws/install/yolo_den/lib/yolo_den

Installed /home/jetson/ros2_ws/build/yolo_den
running install_data
