[13.865s] Invoking command in '/home/jetson/ros2_ws/build/yolo_den': PYTHONPATH=/home/jetson/ros2_ws/install/yolo_den/lib/python3.8/site-packages:${PYTHONPATH} /usr/bin/python3 setup.py develop --prefix /home/jetson/ros2_ws/install/yolo_den --editable --build-directory /home/jetson/ros2_ws/build/yolo_den/build --no-deps install_data --install-dir /home/jetson/ros2_ws/install/yolo_den
[15.838s] /usr/local/lib/python3.8/dist-packages/setuptools/dist.py:772: UserWarning: Usage of dash-separated 'script-dir' will not be supported in future versions. Please use the underscore name 'script_dir' instead
[15.838s]   warnings.warn(
[15.848s] /usr/local/lib/python3.8/dist-packages/setuptools/dist.py:772: UserWarning: Usage of dash-separated 'install-scripts' will not be supported in future versions. Please use the underscore name 'install_scripts' instead
[15.848s]   warnings.warn(
[20.505s] running develop
[20.506s] /usr/local/lib/python3.8/dist-packages/setuptools/command/easy_install.py:144: EasyInstallDeprecationWarning: easy_install command is deprecated. Use build and pip and other standards-based tools.
[20.507s]   warnings.warn(
[21.611s] /usr/local/lib/python3.8/dist-packages/setuptools/command/install.py:34: SetuptoolsDeprecationWarning: setup.py install is deprecated. Use build and pip and other standards-based tools.
[21.612s]   warnings.warn(
[23.785s] /usr/local/lib/python3.8/dist-packages/pkg_resources/__init__.py:123: PkgResourcesDeprecationWarning: 0.1.36ubuntu1 is an invalid version and will not be supported in a future release
[23.786s]   warnings.warn(
[23.788s] /usr/local/lib/python3.8/dist-packages/pkg_resources/__init__.py:123: PkgResourcesDeprecationWarning: 0.23ubuntu1 is an invalid version and will not be supported in a future release
[23.788s]   warnings.warn(
[24.606s] running egg_info
[25.037s] writing yolo_den.egg-info/PKG-INFO
[25.563s] writing dependency_links to yolo_den.egg-info/dependency_links.txt
[26.934s] writing entry points to yolo_den.egg-info/entry_points.txt
[27.711s] writing requirements to yolo_den.egg-info/requires.txt
[28.050s] writing top-level names to yolo_den.egg-info/top_level.txt
[28.553s] reading manifest file 'yolo_den.egg-info/SOURCES.txt'
[28.563s] writing manifest file 'yolo_den.egg-info/SOURCES.txt'
[29.247s] running build_ext
[29.247s] Creating /home/jetson/ros2_ws/install/yolo_den/lib/python3.8/site-packages/yolo-den.egg-link (link to .)
[29.248s] Installing ysub2 script to /home/jetson/ros2_ws/install/yolo_den/lib/yolo_den
[29.262s] 
[29.262s] Installed /home/jetson/ros2_ws/build/yolo_den
[29.263s] running install_data
[29.535s] Invoked command in '/home/jetson/ros2_ws/build/yolo_den' returned '0': PYTHONPATH=/home/jetson/ros2_ws/install/yolo_den/lib/python3.8/site-packages:${PYTHONPATH} /usr/bin/python3 setup.py develop --prefix /home/jetson/ros2_ws/install/yolo_den --editable --build-directory /home/jetson/ros2_ws/build/yolo_den/build --no-deps install_data --install-dir /home/jetson/ros2_ws/install/yolo_den
