running develop
Removing /home/jetson/ros2_ws/install/yolo_den/lib/python3.8/site-packages/yolo-den.egg-link (link to .)
running egg_info
writing ../../build/yolo_den/yolo_den.egg-info/PKG-INFO
writing dependency_links to ../../build/yolo_den/yolo_den.egg-info/dependency_links.txt
writing entry points to ../../build/yolo_den/yolo_den.egg-info/entry_points.txt
writing requirements to ../../build/yolo_den/yolo_den.egg-info/requires.txt
writing top-level names to ../../build/yolo_den/yolo_den.egg-info/top_level.txt
reading manifest file '../../build/yolo_den/yolo_den.egg-info/SOURCES.txt'
writing manifest file '../../build/yolo_den/yolo_den.egg-info/SOURCES.txt'
running build
running build_py
creating /home/jetson/ros2_ws/build/yolo_den/build
creating /home/jetson/ros2_ws/build/yolo_den/build/lib
creating /home/jetson/ros2_ws/build/yolo_den/build/lib/yolo_den
copying yolo_den/__init__.py -> /home/jetson/ros2_ws/build/yolo_den/build/lib/yolo_den
copying yolo_den/yolo_den.py -> /home/jetson/ros2_ws/build/yolo_den/build/lib/yolo_den
running install
running install_lib
creating /home/jetson/ros2_ws/install/yolo_den/lib/python3.8/site-packages/yolo_den
copying /home/jetson/ros2_ws/build/yolo_den/build/lib/yolo_den/__init__.py -> /home/jetson/ros2_ws/install/yolo_den/lib/python3.8/site-packages/yolo_den
copying /home/jetson/ros2_ws/build/yolo_den/build/lib/yolo_den/yolo_den.py -> /home/jetson/ros2_ws/install/yolo_den/lib/python3.8/site-packages/yolo_den
byte-compiling /home/jetson/ros2_ws/install/yolo_den/lib/python3.8/site-packages/yolo_den/__init__.py to __init__.cpython-38.pyc
byte-compiling /home/jetson/ros2_ws/install/yolo_den/lib/python3.8/site-packages/yolo_den/yolo_den.py to yolo_den.cpython-38.pyc
running install_data
running install_egg_info
Copying ../../build/yolo_den/yolo_den.egg-info to /home/jetson/ros2_ws/install/yolo_den/lib/python3.8/site-packages/yolo_den-0.0.0-py3.8.egg-info
running install_scripts
Installing ysub2 script to /home/jetson/ros2_ws/install/yolo_den/lib/yolo_den
writing list of installed files to '/home/jetson/ros2_ws/build/yolo_den/install.log'
