[21.916s] Invoking command in '/home/jetson/ros2_ws/build/termal': PYTHONPATH=/home/jetson/ros2_ws/install/termal/lib/python3.8/site-packages:${PYTHONPATH} /usr/bin/python3 setup.py develop --prefix /home/jetson/ros2_ws/install/termal --editable --build-directory /home/jetson/ros2_ws/build/termal/build --no-deps install_data --install-dir /home/jetson/ros2_ws/install/termal
[27.133s] /usr/local/lib/python3.8/dist-packages/setuptools/dist.py:772: UserWarning: Usage of dash-separated 'script-dir' will not be supported in future versions. Please use the underscore name 'script_dir' instead
[27.134s]   warnings.warn(
[27.135s] /usr/local/lib/python3.8/dist-packages/setuptools/dist.py:772: UserWarning: Usage of dash-separated 'install-scripts' will not be supported in future versions. Please use the underscore name 'install_scripts' instead
[27.136s]   warnings.warn(
[28.218s] running develop
[28.219s] /usr/local/lib/python3.8/dist-packages/setuptools/command/easy_install.py:144: EasyInstallDeprecationWarning: easy_install command is deprecated. Use build and pip and other standards-based tools.
[28.219s]   warnings.warn(
[29.396s] /usr/local/lib/python3.8/dist-packages/setuptools/command/install.py:34: SetuptoolsDeprecationWarning: setup.py install is deprecated. Use build and pip and other standards-based tools.
[29.397s]   warnings.warn(
[31.689s] /usr/local/lib/python3.8/dist-packages/pkg_resources/__init__.py:123: PkgResourcesDeprecationWarning: 0.1.36ubuntu1 is an invalid version and will not be supported in a future release
[31.690s]   warnings.warn(
[31.691s] /usr/local/lib/python3.8/dist-packages/pkg_resources/__init__.py:123: PkgResourcesDeprecationWarning: 0.23ubuntu1 is an invalid version and will not be supported in a future release
[31.692s]   warnings.warn(
[32.413s] running egg_info
[32.879s] writing termal.egg-info/PKG-INFO
[33.256s] writing dependency_links to termal.egg-info/dependency_links.txt
[34.841s] writing entry points to termal.egg-info/entry_points.txt
[35.652s] writing requirements to termal.egg-info/requires.txt
[36.080s] writing top-level names to termal.egg-info/top_level.txt
[36.684s] reading manifest file 'termal.egg-info/SOURCES.txt'
[36.692s] writing manifest file 'termal.egg-info/SOURCES.txt'
[37.515s] running build_ext
[37.516s] Creating /home/jetson/ros2_ws/install/termal/lib/python3.8/site-packages/termal.egg-link (link to .)
[37.519s] Installing ter script to /home/jetson/ros2_ws/install/termal/lib/termal
[37.521s] 
[37.522s] Installed /home/jetson/ros2_ws/build/termal
[37.523s] running install_data
[37.833s] Invoked command in '/home/jetson/ros2_ws/build/termal' returned '0': PYTHONPATH=/home/jetson/ros2_ws/install/termal/lib/python3.8/site-packages:${PYTHONPATH} /usr/bin/python3 setup.py develop --prefix /home/jetson/ros2_ws/install/termal --editable --build-directory /home/jetson/ros2_ws/build/termal/build --no-deps install_data --install-dir /home/jetson/ros2_ws/install/termal
