[0.118s] Invoking command in '/home/jetson/ros2_ws/build/darknet_ros': AMENT_PREFIX_PATH=/home/jetson/ros2_ws/install/darknet_ros_msgs:${AMENT_PREFIX_PATH} CMAKE_PREFIX_PATH=/home/jetson/ros2_ws/install/darknet_ros_msgs:/opt/ros/foxy LD_LIBRARY_PATH=/home/jetson/ros2_ws/install/darknet_ros_msgs/lib:${LD_LIBRARY_PATH} PYTHONPATH=/home/jetson/ros2_ws/install/darknet_ros_msgs/lib/python3.8/site-packages:${PYTHONPATH} /usr/local/bin/cmake --build /home/jetson/ros2_ws/build/darknet_ros -- -j4 -l4
[0.208s] -- Darknet path dir = /home/jetson/ros2_ws/src/darknet_ros_yolov4/darknet_ros/darknet
[0.311s] -- CUDA Version: 
[0.312s] -- CUDA Libararies: /usr/local/cuda/lib64/libcudart_static.a;Threads::Threads;dl;/usr/lib/aarch64-linux-gnu/librt.so
[0.312s] -- cuDNN Version: 
[0.312s] -- cuDNN Libararies: /usr/lib/aarch64-linux-gnu/libcudnn.so
[0.345s] --  GPU (FP16): 
[0.347s] -- Your setup does not support half precision (it requires CUDA_ARCHITECTURES >= 70)
[0.348s] -- Searching for X11...
[0.443s] --  X11_INCLUDE_DIR: /usr/include
[0.443s] --  X11_LIBRARIES: /usr/lib/aarch64-linux-gnu/libSM.so/usr/lib/aarch64-linux-gnu/libICE.so/usr/lib/aarch64-linux-gnu/libX11.so/usr/lib/aarch64-linux-gnu/libXext.so
[0.531s] -- Found ament_cmake: 0.9.9 (/opt/ros/foxy/share/ament_cmake/cmake)
[0.648s] -- Using PYTHON_EXECUTABLE: /usr/bin/python3
[1.866s] -- Override CMake install command with custom implementation using symlinks instead of copying resources
[1.901s] -- Found rclcpp: 2.4.1 (/opt/ros/foxy/share/rclcpp/cmake)
[2.027s] -- Using all available rosidl_typesupport_c: rosidl_typesupport_fastrtps_c;rosidl_typesupport_introspection_c
[2.044s] -- Found rosidl_adapter: 1.2.1 (/opt/ros/foxy/share/rosidl_adapter/cmake)
[2.663s] -- Using all available rosidl_typesupport_cpp: rosidl_typesupport_fastrtps_cpp;rosidl_typesupport_introspection_cpp
[2.903s] -- Found rmw_implementation_cmake: 1.0.3 (/opt/ros/foxy/share/rmw_implementation_cmake/cmake)
[2.910s] -- Using RMW implementation 'rmw_fastrtps_cpp' as default
[3.600s] -- Found rclpy: 1.0.8 (/opt/ros/foxy/share/rclpy/cmake)
[3.602s] -- Found rclcpp_action: 2.4.1 (/opt/ros/foxy/share/rclcpp_action/cmake)
[3.949s] -- Found image_transport: 2.3.0 (/opt/ros/foxy/share/image_transport/cmake)
[4.718s] -- Found cv_bridge: 2.2.1 (/opt/ros/foxy/share/cv_bridge/cmake)
[4.740s] -- Found darknet_ros_msgs: 1.1.5 (/home/jetson/ros2_ws/install/darknet_ros_msgs/share/darknet_ros_msgs/cmake)
[6.036s] -- Checking and downloading yolov4-tiny.weights if needed ...
[6.037s] -- Done.
[6.038s] -- Checking and downloading yolov4-csp.weights if needed ...
[6.039s] -- Done.
[6.358s] -- Configuring done
[6.784s] -- Generating done
[6.792s] -- Build files have been written to: /home/jetson/ros2_ws/build/darknet_ros
[6.948s] make[2]: Warning: File 'CMakeFiles/darknet_ros_lib.dir/depend.make' has modification time 8887767 s in the future
[6.980s] make[2]: warning:  Clock skew detected.  Your build may be incomplete.
[7.088s] make[2]: Warning: File 'CMakeFiles/darknet_ros_lib.dir/depend.make' has modification time 8887767 s in the future
[7.103s] make[2]: warning:  Clock skew detected.  Your build may be incomplete.
[7.124s] [ 97%] Built target darknet_ros_lib
[7.139s] make[2]: Warning: File 'CMakeFiles/darknet_ros.dir/depend.make' has modification time 8887922 s in the future
[7.158s] make[2]: warning:  Clock skew detected.  Your build may be incomplete.
[7.171s] make[2]: Warning: File 'CMakeFiles/darknet_ros.dir/depend.make' has modification time 8887922 s in the future
[7.178s] make[2]: warning:  Clock skew detected.  Your build may be incomplete.
[7.190s] [100%] Built target darknet_ros
[7.219s] Invoked command in '/home/jetson/ros2_ws/build/darknet_ros' returned '0': AMENT_PREFIX_PATH=/home/jetson/ros2_ws/install/darknet_ros_msgs:${AMENT_PREFIX_PATH} CMAKE_PREFIX_PATH=/home/jetson/ros2_ws/install/darknet_ros_msgs:/opt/ros/foxy LD_LIBRARY_PATH=/home/jetson/ros2_ws/install/darknet_ros_msgs/lib:${LD_LIBRARY_PATH} PYTHONPATH=/home/jetson/ros2_ws/install/darknet_ros_msgs/lib/python3.8/site-packages:${PYTHONPATH} /usr/local/bin/cmake --build /home/jetson/ros2_ws/build/darknet_ros -- -j4 -l4
[8.631s] Invoking command in '/home/jetson/ros2_ws/build/darknet_ros': AMENT_PREFIX_PATH=/home/jetson/ros2_ws/install/darknet_ros_msgs:${AMENT_PREFIX_PATH} CMAKE_PREFIX_PATH=/home/jetson/ros2_ws/install/darknet_ros_msgs:/opt/ros/foxy LD_LIBRARY_PATH=/home/jetson/ros2_ws/install/darknet_ros_msgs/lib:${LD_LIBRARY_PATH} PYTHONPATH=/home/jetson/ros2_ws/install/darknet_ros_msgs/lib/python3.8/site-packages:${PYTHONPATH} /usr/local/bin/cmake --install /home/jetson/ros2_ws/build/darknet_ros
[8.656s] -- Install configuration: "RELWITHDEBINFO"
[8.660s] -- Execute custom install script
[8.662s] -- Up-to-date symlink: /home/jetson/ros2_ws/install/darknet_ros/lib/libdarknet_ros_lib.a
[8.664s] -- Up-to-date symlink: /home/jetson/ros2_ws/install/darknet_ros/lib/darknet_ros/darknet_ros
[8.668s] -- Up-to-date symlink: /home/jetson/ros2_ws/install/darknet_ros/share/darknet_ros/yolo_network_config//cfg/yolov2-tiny.cfg
[8.670s] -- Up-to-date symlink: /home/jetson/ros2_ws/install/darknet_ros/share/darknet_ros/yolo_network_config//cfg/yolov3.cfg
[8.672s] -- Up-to-date symlink: /home/jetson/ros2_ws/install/darknet_ros/share/darknet_ros/yolo_network_config//cfg/yolov4-csp.cfg
[8.673s] -- Up-to-date symlink: /home/jetson/ros2_ws/install/darknet_ros/share/darknet_ros/yolo_network_config//cfg/yolov4-tiny-ex.cfg
[8.675s] -- Up-to-date symlink: /home/jetson/ros2_ws/install/darknet_ros/share/darknet_ros/yolo_network_config//cfg/yolov4-tiny.cfg
[8.677s] -- Up-to-date symlink: /home/jetson/ros2_ws/install/darknet_ros/share/darknet_ros/yolo_network_config//cfg/yolov4-tinyehe.cfg
[8.679s] -- Up-to-date symlink: /home/jetson/ros2_ws/install/darknet_ros/share/darknet_ros/yolo_network_config//cfg/yolov4-tinyexx.cfg
[8.680s] -- Up-to-date symlink: /home/jetson/ros2_ws/install/darknet_ros/share/darknet_ros/yolo_network_config//cfg/yolov4.cfg
[8.683s] -- Up-to-date symlink: /home/jetson/ros2_ws/install/darknet_ros/share/darknet_ros/yolo_network_config//weights/.gitignore
[8.685s] -- Up-to-date symlink: /home/jetson/ros2_ws/install/darknet_ros/share/darknet_ros/yolo_network_config//weights/how_to_download_weights.txt
[8.687s] -- Up-to-date symlink: /home/jetson/ros2_ws/install/darknet_ros/share/darknet_ros/yolo_network_config//weights/yolov4-csp.weights
[8.688s] -- Up-to-date symlink: /home/jetson/ros2_ws/install/darknet_ros/share/darknet_ros/yolo_network_config//weights/yolov4-tiny-ex.weights
[8.690s] -- Up-to-date symlink: /home/jetson/ros2_ws/install/darknet_ros/share/darknet_ros/yolo_network_config//weights/yolov4-tiny.exxweights
[8.692s] -- Up-to-date symlink: /home/jetson/ros2_ws/install/darknet_ros/share/darknet_ros/yolo_network_config//weights/yolov4-tiny.weights
[8.694s] -- Up-to-date symlink: /home/jetson/ros2_ws/install/darknet_ros/share/darknet_ros/yolo_network_config//weights/yolov4-tinyehe.weights
[8.697s] CMake Warning (dev) at ament_cmake_symlink_install/ament_cmake_symlink_install.cmake:62 (file):
[8.698s]   Policy CMP0009 is not set: FILE GLOB_RECURSE calls should not follow
[8.700s]   symlinks by default.  Run "cmake --help-policy CMP0009" for policy details.
[8.700s]   Use the cmake_policy command to set the policy and suppress this warning.
[8.701s] Call Stack (most recent call first):
[8.702s]   ament_cmake_symlink_install/ament_cmake_symlink_install.cmake:320 (ament_cmake_symlink_install_directory)
[8.703s]   cmake_install.cmake:46 (include)
[8.703s] This warning is for project developers.  Use -Wno-dev to suppress it.
[8.704s] 
[8.706s] -- Up-to-date symlink: /home/jetson/ros2_ws/install/darknet_ros/share/darknet_ros//launch/__pycache__/yolov4-tiny.launch.cpython-38.pyc
[8.708s] -- Up-to-date symlink: /home/jetson/ros2_ws/install/darknet_ros/share/darknet_ros//launch/build/.built_by
[8.711s] -- Up-to-date symlink: /home/jetson/ros2_ws/install/darknet_ros/share/darknet_ros//launch/build/COLCON_IGNORE
[8.713s] -- Up-to-date symlink: /home/jetson/ros2_ws/install/darknet_ros/share/darknet_ros//launch/darknet_ros.launch.py
[8.715s] -- Up-to-date symlink: /home/jetson/ros2_ws/install/darknet_ros/share/darknet_ros//launch/install/.colcon_install_layout
[8.717s] -- Up-to-date symlink: /home/jetson/ros2_ws/install/darknet_ros/share/darknet_ros//launch/install/COLCON_IGNORE
[8.719s] -- Up-to-date symlink: /home/jetson/ros2_ws/install/darknet_ros/share/darknet_ros//launch/install/_local_setup_util_ps1.py
[8.720s] -- Up-to-date symlink: /home/jetson/ros2_ws/install/darknet_ros/share/darknet_ros//launch/install/_local_setup_util_sh.py
[8.722s] -- Up-to-date symlink: /home/jetson/ros2_ws/install/darknet_ros/share/darknet_ros//launch/install/local_setup.bash
[8.723s] -- Up-to-date symlink: /home/jetson/ros2_ws/install/darknet_ros/share/darknet_ros//launch/install/local_setup.ps1
[8.725s] -- Up-to-date symlink: /home/jetson/ros2_ws/install/darknet_ros/share/darknet_ros//launch/install/local_setup.sh
[8.727s] -- Up-to-date symlink: /home/jetson/ros2_ws/install/darknet_ros/share/darknet_ros//launch/install/local_setup.zsh
[8.729s] -- Up-to-date symlink: /home/jetson/ros2_ws/install/darknet_ros/share/darknet_ros//launch/install/setup.bash
[8.730s] -- Up-to-date symlink: /home/jetson/ros2_ws/install/darknet_ros/share/darknet_ros//launch/install/setup.ps1
[8.732s] -- Up-to-date symlink: /home/jetson/ros2_ws/install/darknet_ros/share/darknet_ros//launch/install/setup.sh
[8.733s] -- Up-to-date symlink: /home/jetson/ros2_ws/install/darknet_ros/share/darknet_ros//launch/install/setup.zsh
[8.736s] -- Up-to-date symlink: /home/jetson/ros2_ws/install/darknet_ros/share/darknet_ros//launch/log/COLCON_IGNORE
[8.737s] -- Up-to-date symlink: /home/jetson/ros2_ws/install/darknet_ros/share/darknet_ros//launch/log/build_2022-06-14_21-13-13/events.log
[8.739s] -- Up-to-date symlink: /home/jetson/ros2_ws/install/darknet_ros/share/darknet_ros//launch/log/build_2022-06-14_21-13-13/logger_all.log
[8.741s] -- Up-to-date symlink: /home/jetson/ros2_ws/install/darknet_ros/share/darknet_ros//launch/log/build_2022-06-14_21-13-27/events.log
[8.742s] -- Up-to-date symlink: /home/jetson/ros2_ws/install/darknet_ros/share/darknet_ros//launch/log/build_2022-06-14_21-13-27/logger_all.log
[8.744s] -- Up-to-date symlink: /home/jetson/ros2_ws/install/darknet_ros/share/darknet_ros//launch/log/latest/events.log
[8.746s] -- Up-to-date symlink: /home/jetson/ros2_ws/install/darknet_ros/share/darknet_ros//launch/log/latest/logger_all.log
[8.747s] -- Up-to-date symlink: /home/jetson/ros2_ws/install/darknet_ros/share/darknet_ros//launch/log/latest_build/events.log
[8.749s] -- Up-to-date symlink: /home/jetson/ros2_ws/install/darknet_ros/share/darknet_ros//launch/log/latest_build/logger_all.log
[8.750s] -- Up-to-date symlink: /home/jetson/ros2_ws/install/darknet_ros/share/darknet_ros//launch/yolov4-csp.launch.py
[8.752s] -- Up-to-date symlink: /home/jetson/ros2_ws/install/darknet_ros/share/darknet_ros//launch/yolov4-tiny.launch.py
[8.754s] -- Up-to-date symlink: /home/jetson/ros2_ws/install/darknet_ros/share/darknet_ros//config/ros.yaml
[8.756s] -- Up-to-date symlink: /home/jetson/ros2_ws/install/darknet_ros/share/darknet_ros//config/yolov2-tiny.yaml
[8.757s] -- Up-to-date symlink: /home/jetson/ros2_ws/install/darknet_ros/share/darknet_ros//config/yolov3.yaml
[8.759s] -- Up-to-date symlink: /home/jetson/ros2_ws/install/darknet_ros/share/darknet_ros//config/yolov4-csp.yaml
[8.760s] -- Up-to-date symlink: /home/jetson/ros2_ws/install/darknet_ros/share/darknet_ros//config/yolov4-tiny.yaml
[8.762s] -- Up-to-date symlink: /home/jetson/ros2_ws/install/darknet_ros/share/darknet_ros//config/yolov4.yaml
[8.764s] -- Up-to-date symlink: /home/jetson/ros2_ws/install/darknet_ros/share/darknet_ros/environment/library_path.sh
[8.766s] -- Up-to-date symlink: /home/jetson/ros2_ws/install/darknet_ros/share/darknet_ros/environment/library_path.dsv
[8.768s] -- Up-to-date symlink: /home/jetson/ros2_ws/install/darknet_ros/share/ament_index/resource_index/package_run_dependencies/darknet_ros
[8.769s] -- Up-to-date symlink: /home/jetson/ros2_ws/install/darknet_ros/share/ament_index/resource_index/parent_prefix_path/darknet_ros
[8.771s] -- Up-to-date symlink: /home/jetson/ros2_ws/install/darknet_ros/share/darknet_ros/environment/ament_prefix_path.sh
[8.773s] -- Up-to-date symlink: /home/jetson/ros2_ws/install/darknet_ros/share/darknet_ros/environment/ament_prefix_path.dsv
[8.775s] -- Up-to-date symlink: /home/jetson/ros2_ws/install/darknet_ros/share/darknet_ros/environment/path.sh
[8.777s] -- Up-to-date symlink: /home/jetson/ros2_ws/install/darknet_ros/share/darknet_ros/environment/path.dsv
[8.779s] -- Up-to-date symlink: /home/jetson/ros2_ws/install/darknet_ros/share/darknet_ros/local_setup.bash
[8.780s] -- Up-to-date symlink: /home/jetson/ros2_ws/install/darknet_ros/share/darknet_ros/local_setup.sh
[8.782s] -- Up-to-date symlink: /home/jetson/ros2_ws/install/darknet_ros/share/darknet_ros/local_setup.zsh
[8.784s] -- Up-to-date symlink: /home/jetson/ros2_ws/install/darknet_ros/share/darknet_ros/local_setup.dsv
[8.786s] -- Symlinking: /home/jetson/ros2_ws/install/darknet_ros/share/darknet_ros/package.dsv
[8.806s] -- Up-to-date symlink: /home/jetson/ros2_ws/install/darknet_ros/share/ament_index/resource_index/packages/darknet_ros
[8.807s] -- Up-to-date symlink: /home/jetson/ros2_ws/install/darknet_ros/share/darknet_ros/cmake/ament_cmake_export_include_directories-extras.cmake
[8.807s] -- Up-to-date symlink: /home/jetson/ros2_ws/install/darknet_ros/share/darknet_ros/cmake/ament_cmake_export_libraries-extras.cmake
[8.807s] -- Up-to-date symlink: /home/jetson/ros2_ws/install/darknet_ros/share/darknet_ros/cmake/ament_cmake_export_dependencies-extras.cmake
[8.808s] -- Up-to-date symlink: /home/jetson/ros2_ws/install/darknet_ros/share/darknet_ros/cmake/darknet_rosConfig.cmake
[8.809s] -- Up-to-date symlink: /home/jetson/ros2_ws/install/darknet_ros/share/darknet_ros/cmake/darknet_rosConfig-version.cmake
[8.810s] -- Up-to-date symlink: /home/jetson/ros2_ws/install/darknet_ros/share/darknet_ros/package.xml
[8.811s] -- Up-to-date: /home/jetson/ros2_ws/install/darknet_ros/include/
[8.812s] -- Up-to-date: /home/jetson/ros2_ws/install/darknet_ros/include//darknet_ros
[8.827s] Invoked command in '/home/jetson/ros2_ws/build/darknet_ros' returned '0': AMENT_PREFIX_PATH=/home/jetson/ros2_ws/install/darknet_ros_msgs:${AMENT_PREFIX_PATH} CMAKE_PREFIX_PATH=/home/jetson/ros2_ws/install/darknet_ros_msgs:/opt/ros/foxy LD_LIBRARY_PATH=/home/jetson/ros2_ws/install/darknet_ros_msgs/lib:${LD_LIBRARY_PATH} PYTHONPATH=/home/jetson/ros2_ws/install/darknet_ros_msgs/lib/python3.8/site-packages:${PYTHONPATH} /usr/local/bin/cmake --install /home/jetson/ros2_ws/build/darknet_ros
