[11.794s] Invoking command in '/home/jetson/ros2_ws/build/termal': PYTHONPATH=/home/jetson/ros2_ws/install/termal/lib/python3.8/site-packages:${PYTHONPATH} /usr/bin/python3 setup.py develop --prefix /home/jetson/ros2_ws/install/termal --uninstall --editable --build-directory /home/jetson/ros2_ws/build/termal/build
[13.515s] /usr/local/lib/python3.8/dist-packages/setuptools/dist.py:772: UserWarning: Usage of dash-separated 'script-dir' will not be supported in future versions. Please use the underscore name 'script_dir' instead
[13.516s]   warnings.warn(
[13.518s] /usr/local/lib/python3.8/dist-packages/setuptools/dist.py:772: UserWarning: Usage of dash-separated 'install-scripts' will not be supported in future versions. Please use the underscore name 'install_scripts' instead
[13.518s]   warnings.warn(
[17.282s] running develop
[17.284s] /usr/local/lib/python3.8/dist-packages/setuptools/command/easy_install.py:144: EasyInstallDeprecationWarning: easy_install command is deprecated. Use build and pip and other standards-based tools.
[17.284s]   warnings.warn(
[18.158s] /usr/local/lib/python3.8/dist-packages/setuptools/command/install.py:34: SetuptoolsDeprecationWarning: setup.py install is deprecated. Use build and pip and other standards-based tools.
[18.158s]   warnings.warn(
[19.934s] /usr/local/lib/python3.8/dist-packages/pkg_resources/__init__.py:123: PkgResourcesDeprecationWarning: 0.1.36ubuntu1 is an invalid version and will not be supported in a future release
[19.934s]   warnings.warn(
[19.935s] /usr/local/lib/python3.8/dist-packages/pkg_resources/__init__.py:123: PkgResourcesDeprecationWarning: 0.23ubuntu1 is an invalid version and will not be supported in a future release
[19.936s]   warnings.warn(
[20.796s] Invoked command in '/home/jetson/ros2_ws/build/termal' returned '0': PYTHONPATH=/home/jetson/ros2_ws/install/termal/lib/python3.8/site-packages:${PYTHONPATH} /usr/bin/python3 setup.py develop --prefix /home/jetson/ros2_ws/install/termal --uninstall --editable --build-directory /home/jetson/ros2_ws/build/termal/build
[20.799s] Invoking command in '/home/jetson/ros2_ws/src/termal': PYTHONPATH=/home/jetson/ros2_ws/install/termal/lib/python3.8/site-packages:${PYTHONPATH} /usr/bin/python3 setup.py egg_info --egg-base ../../build/termal build --build-base /home/jetson/ros2_ws/build/termal/build install --prefix /home/jetson/ros2_ws/install/termal --record /home/jetson/ros2_ws/build/termal/install.log --single-version-externally-managed
[22.844s] /usr/local/lib/python3.8/dist-packages/setuptools/dist.py:772: UserWarning: Usage of dash-separated 'script-dir' will not be supported in future versions. Please use the underscore name 'script_dir' instead
[22.845s]   warnings.warn(
[22.847s] /usr/local/lib/python3.8/dist-packages/setuptools/dist.py:772: UserWarning: Usage of dash-separated 'install-scripts' will not be supported in future versions. Please use the underscore name 'install_scripts' instead
[22.848s]   warnings.warn(
[27.163s] running egg_info
[27.548s] writing ../../build/termal/termal.egg-info/PKG-INFO
[27.844s] writing dependency_links to ../../build/termal/termal.egg-info/dependency_links.txt
[28.696s] writing entry points to ../../build/termal/termal.egg-info/entry_points.txt
[29.267s] writing requirements to ../../build/termal/termal.egg-info/requires.txt
[29.551s] writing top-level names to ../../build/termal/termal.egg-info/top_level.txt
[30.047s] reading manifest file '../../build/termal/termal.egg-info/SOURCES.txt'
[30.052s] writing manifest file '../../build/termal/termal.egg-info/SOURCES.txt'
[30.053s] running build
[30.054s] running build_py
[30.054s] running install
[30.055s] /usr/local/lib/python3.8/dist-packages/setuptools/command/install.py:34: SetuptoolsDeprecationWarning: setup.py install is deprecated. Use build and pip and other standards-based tools.
[30.055s]   warnings.warn(
[30.083s] running install_lib
[30.508s] running install_data
[30.593s] running install_egg_info
[31.034s] removing '/home/jetson/ros2_ws/install/termal/lib/python3.8/site-packages/termal-0.0.0-py3.8.egg-info' (and everything under it)
[31.036s] Copying ../../build/termal/termal.egg-info to /home/jetson/ros2_ws/install/termal/lib/python3.8/site-packages/termal-0.0.0-py3.8.egg-info
[31.040s] running install_scripts
[31.798s] Installing ter script to /home/jetson/ros2_ws/install/termal/lib/termal
[31.800s] writing list of installed files to '/home/jetson/ros2_ws/build/termal/install.log'
[32.015s] Invoked command in '/home/jetson/ros2_ws/src/termal' returned '0': PYTHONPATH=/home/jetson/ros2_ws/install/termal/lib/python3.8/site-packages:${PYTHONPATH} /usr/bin/python3 setup.py egg_info --egg-base ../../build/termal build --build-base /home/jetson/ros2_ws/build/termal/build install --prefix /home/jetson/ros2_ws/install/termal --record /home/jetson/ros2_ws/build/termal/install.log --single-version-externally-managed
