running develop
/usr/local/lib/python3.8/dist-packages/setuptools/command/easy_install.py:144: EasyInstallDeprecationWarning: easy_install command is deprecated. Use build and pip and other standards-based tools.
  warnings.warn(
/usr/local/lib/python3.8/dist-packages/setuptools/command/install.py:34: SetuptoolsDeprecationWarning: setup.py install is deprecated. Use build and pip and other standards-based tools.
  warnings.warn(
/usr/local/lib/python3.8/dist-packages/pkg_resources/__init__.py:123: PkgResourcesDeprecationWarning: 0.1.36ubuntu1 is an invalid version and will not be supported in a future release
  warnings.warn(
/usr/local/lib/python3.8/dist-packages/pkg_resources/__init__.py:123: PkgResourcesDeprecationWarning: 0.23ubuntu1 is an invalid version and will not be supported in a future release
  warnings.warn(
running egg_info
writing count.egg-info/PKG-INFO
writing dependency_links to count.egg-info/dependency_links.txt
writing entry points to count.egg-info/entry_points.txt
writing requirements to count.egg-info/requires.txt
writing top-level names to count.egg-info/top_level.txt
reading manifest file 'count.egg-info/SOURCES.txt'
writing manifest file 'count.egg-info/SOURCES.txt'
running build_ext
Creating /home/jetson/ros2_ws/install/count/lib/python3.8/site-packages/count.egg-link (link to .)
Installing cou script to /home/jetson/ros2_ws/install/count/lib/count

Installed /home/jetson/ros2_ws/build/count
running install_data
