[2.367s] DEBUG:colcon:Command line arguments: ['/usr/bin/colcon', 'build', '--packages-select', 'count']
[2.367s] DEBUG:colcon:Parsed command line arguments: Namespace(allow_overriding=[], ament_cmake_args=None, base_paths=['.'], build_base='build', catkin_cmake_args=None, catkin_skip_building_tests=False, cmake_args=None, cmake_clean_cache=False, cmake_clean_first=False, cmake_force_configure=False, cmake_target=None, cmake_target_skip_unavailable=False, continue_on_error=False, event_handlers=None, executor='parallel', ignore_user_meta=False, install_base='install', log_base=None, log_level=None, main=<bound method BuildVerb.main of <colcon_core.verb.build.BuildVerb object at 0x7f8e223af0>>, merge_install=False, metas=['./colcon.meta'], packages_above=None, packages_above_and_dependencies=None, packages_above_depth=None, packages_end=None, packages_ignore=None, packages_ignore_regex=None, packages_select=['count'], packages_select_build_failed=False, packages_select_by_dep=None, packages_select_regex=None, packages_select_test_failures=False, packages_skip=None, packages_skip_build_finished=False, packages_skip_by_dep=None, packages_skip_regex=None, packages_skip_test_passed=False, packages_skip_up_to=None, packages_start=None, packages_up_to=None, packages_up_to_regex=None, parallel_workers=4, paths=None, symlink_install=False, test_result_base=None, verb_extension=<colcon_core.verb.build.BuildVerb object at 0x7f8e223af0>, verb_name='build', verb_parser=<colcon_defaults.argument_parser.defaults.DefaultArgumentsDecorator object at 0x7f8e0a4e20>)
[2.726s] Level 1:colcon.colcon_core.package_discovery:discover_packages(colcon_meta) check parameters
[2.726s] Level 1:colcon.colcon_core.package_discovery:discover_packages(recursive) check parameters
[2.727s] Level 1:colcon.colcon_core.package_discovery:discover_packages(ignore) check parameters
[2.727s] Level 1:colcon.colcon_core.package_discovery:discover_packages(path) check parameters
[2.727s] Level 1:colcon.colcon_core.package_discovery:discover_packages(colcon_meta) discover
[2.727s] Level 1:colcon.colcon_core.package_discovery:discover_packages(recursive) discover
[2.727s] INFO:colcon.colcon_core.package_discovery:Crawling recursively for packages in '/home/jetson/ros2_ws/src'
[2.728s] Level 1:colcon.colcon_core.package_identification:_identify(.) by extensions ['ignore', 'ignore_ament_install']
[2.728s] Level 1:colcon.colcon_core.package_identification:_identify(.) by extension 'ignore'
[2.729s] Level 1:colcon.colcon_core.package_identification:_identify(.) by extension 'ignore_ament_install'
[2.729s] Level 1:colcon.colcon_core.package_identification:_identify(.) by extensions ['colcon_pkg']
[2.729s] Level 1:colcon.colcon_core.package_identification:_identify(.) by extension 'colcon_pkg'
[2.729s] Level 1:colcon.colcon_core.package_identification:_identify(.) by extensions ['colcon_meta']
[2.729s] Level 1:colcon.colcon_core.package_identification:_identify(.) by extension 'colcon_meta'
[2.730s] Level 1:colcon.colcon_core.package_identification:_identify(.) by extensions ['ros']
[2.730s] Level 1:colcon.colcon_core.package_identification:_identify(.) by extension 'ros'
[2.814s] Level 1:colcon.colcon_core.package_identification:_identify(.) by extensions ['cmake', 'python']
[2.814s] Level 1:colcon.colcon_core.package_identification:_identify(.) by extension 'cmake'
[2.814s] Level 1:colcon.colcon_core.package_identification:_identify(.) by extension 'python'
[2.815s] Level 1:colcon.colcon_core.package_identification:_identify(.) by extensions ['python_setup_py']
[2.815s] Level 1:colcon.colcon_core.package_identification:_identify(.) by extension 'python_setup_py'
[2.815s] Level 1:colcon.colcon_core.package_identification:_identify(build) by extensions ['ignore', 'ignore_ament_install']
[2.816s] Level 1:colcon.colcon_core.package_identification:_identify(build) by extension 'ignore'
[2.816s] Level 1:colcon.colcon_core.package_identification:_identify(build) ignored
[2.817s] Level 1:colcon.colcon_core.package_identification:_identify(count) by extensions ['ignore', 'ignore_ament_install']
[2.817s] Level 1:colcon.colcon_core.package_identification:_identify(count) by extension 'ignore'
[2.817s] Level 1:colcon.colcon_core.package_identification:_identify(count) by extension 'ignore_ament_install'
[2.817s] Level 1:colcon.colcon_core.package_identification:_identify(count) by extensions ['colcon_pkg']
[2.818s] Level 1:colcon.colcon_core.package_identification:_identify(count) by extension 'colcon_pkg'
[2.818s] Level 1:colcon.colcon_core.package_identification:_identify(count) by extensions ['colcon_meta']
[2.818s] Level 1:colcon.colcon_core.package_identification:_identify(count) by extension 'colcon_meta'
[2.818s] Level 1:colcon.colcon_core.package_identification:_identify(count) by extensions ['ros']
[2.818s] Level 1:colcon.colcon_core.package_identification:_identify(count) by extension 'ros'
[2.832s] DEBUG:colcon.colcon_core.package_identification:Package 'count' with type 'ros.ament_python' and name 'count'
[2.832s] Level 1:colcon.colcon_core.package_identification:_identify(cvdeneme) by extensions ['ignore', 'ignore_ament_install']
[2.833s] Level 1:colcon.colcon_core.package_identification:_identify(cvdeneme) by extension 'ignore'
[2.834s] Level 1:colcon.colcon_core.package_identification:_identify(cvdeneme) by extension 'ignore_ament_install'
[2.834s] Level 1:colcon.colcon_core.package_identification:_identify(cvdeneme) by extensions ['colcon_pkg']
[2.834s] Level 1:colcon.colcon_core.package_identification:_identify(cvdeneme) by extension 'colcon_pkg'
[2.834s] Level 1:colcon.colcon_core.package_identification:_identify(cvdeneme) by extensions ['colcon_meta']
[2.834s] Level 1:colcon.colcon_core.package_identification:_identify(cvdeneme) by extension 'colcon_meta'
[2.835s] Level 1:colcon.colcon_core.package_identification:_identify(cvdeneme) by extensions ['ros']
[2.835s] Level 1:colcon.colcon_core.package_identification:_identify(cvdeneme) by extension 'ros'
[2.839s] DEBUG:colcon.colcon_core.package_identification:Package 'cvdeneme' with type 'ros.ament_python' and name 'cvdeneme'
[2.840s] Level 1:colcon.colcon_core.package_identification:_identify(darknet_ros_yolov4) by extensions ['ignore', 'ignore_ament_install']
[2.840s] Level 1:colcon.colcon_core.package_identification:_identify(darknet_ros_yolov4) by extension 'ignore'
[2.840s] Level 1:colcon.colcon_core.package_identification:_identify(darknet_ros_yolov4) by extension 'ignore_ament_install'
[2.841s] Level 1:colcon.colcon_core.package_identification:_identify(darknet_ros_yolov4) by extensions ['colcon_pkg']
[2.841s] Level 1:colcon.colcon_core.package_identification:_identify(darknet_ros_yolov4) by extension 'colcon_pkg'
[2.841s] Level 1:colcon.colcon_core.package_identification:_identify(darknet_ros_yolov4) by extensions ['colcon_meta']
[2.841s] Level 1:colcon.colcon_core.package_identification:_identify(darknet_ros_yolov4) by extension 'colcon_meta'
[2.842s] Level 1:colcon.colcon_core.package_identification:_identify(darknet_ros_yolov4) by extensions ['ros']
[2.842s] Level 1:colcon.colcon_core.package_identification:_identify(darknet_ros_yolov4) by extension 'ros'
[2.843s] Level 1:colcon.colcon_core.package_identification:_identify(darknet_ros_yolov4) by extensions ['cmake', 'python']
[2.843s] Level 1:colcon.colcon_core.package_identification:_identify(darknet_ros_yolov4) by extension 'cmake'
[2.843s] Level 1:colcon.colcon_core.package_identification:_identify(darknet_ros_yolov4) by extension 'python'
[2.844s] Level 1:colcon.colcon_core.package_identification:_identify(darknet_ros_yolov4) by extensions ['python_setup_py']
[2.844s] Level 1:colcon.colcon_core.package_identification:_identify(darknet_ros_yolov4) by extension 'python_setup_py'
[2.845s] Level 1:colcon.colcon_core.package_identification:_identify(darknet_ros_yolov4/darknet_ros) by extensions ['ignore', 'ignore_ament_install']
[2.845s] Level 1:colcon.colcon_core.package_identification:_identify(darknet_ros_yolov4/darknet_ros) by extension 'ignore'
[2.846s] Level 1:colcon.colcon_core.package_identification:_identify(darknet_ros_yolov4/darknet_ros) by extension 'ignore_ament_install'
[2.846s] Level 1:colcon.colcon_core.package_identification:_identify(darknet_ros_yolov4/darknet_ros) by extensions ['colcon_pkg']
[2.846s] Level 1:colcon.colcon_core.package_identification:_identify(darknet_ros_yolov4/darknet_ros) by extension 'colcon_pkg'
[2.847s] Level 1:colcon.colcon_core.package_identification:_identify(darknet_ros_yolov4/darknet_ros) by extensions ['colcon_meta']
[2.847s] Level 1:colcon.colcon_core.package_identification:_identify(darknet_ros_yolov4/darknet_ros) by extension 'colcon_meta'
[2.847s] Level 1:colcon.colcon_core.package_identification:_identify(darknet_ros_yolov4/darknet_ros) by extensions ['ros']
[2.847s] Level 1:colcon.colcon_core.package_identification:_identify(darknet_ros_yolov4/darknet_ros) by extension 'ros'
[2.848s] Level 1:colcon.colcon_core.package_identification:_identify(darknet_ros_yolov4/darknet_ros) by extensions ['cmake', 'python']
[2.848s] Level 1:colcon.colcon_core.package_identification:_identify(darknet_ros_yolov4/darknet_ros) by extension 'cmake'
[2.848s] Level 1:colcon.colcon_core.package_identification:_identify(darknet_ros_yolov4/darknet_ros) by extension 'python'
[2.849s] Level 1:colcon.colcon_core.package_identification:_identify(darknet_ros_yolov4/darknet_ros) by extensions ['python_setup_py']
[2.849s] Level 1:colcon.colcon_core.package_identification:_identify(darknet_ros_yolov4/darknet_ros) by extension 'python_setup_py'
[2.850s] Level 1:colcon.colcon_core.package_identification:_identify(darknet_ros_yolov4/darknet_ros/darknet) by extensions ['ignore', 'ignore_ament_install']
[2.850s] Level 1:colcon.colcon_core.package_identification:_identify(darknet_ros_yolov4/darknet_ros/darknet) by extension 'ignore'
[2.850s] Level 1:colcon.colcon_core.package_identification:_identify(darknet_ros_yolov4/darknet_ros/darknet) by extension 'ignore_ament_install'
[2.851s] Level 1:colcon.colcon_core.package_identification:_identify(darknet_ros_yolov4/darknet_ros/darknet) by extensions ['colcon_pkg']
[2.851s] Level 1:colcon.colcon_core.package_identification:_identify(darknet_ros_yolov4/darknet_ros/darknet) by extension 'colcon_pkg'
[2.851s] Level 1:colcon.colcon_core.package_identification:_identify(darknet_ros_yolov4/darknet_ros/darknet) by extensions ['colcon_meta']
[2.851s] Level 1:colcon.colcon_core.package_identification:_identify(darknet_ros_yolov4/darknet_ros/darknet) by extension 'colcon_meta'
[2.852s] Level 1:colcon.colcon_core.package_identification:_identify(darknet_ros_yolov4/darknet_ros/darknet) by extensions ['ros']
[2.852s] Level 1:colcon.colcon_core.package_identification:_identify(darknet_ros_yolov4/darknet_ros/darknet) by extension 'ros'
[2.853s] Level 1:colcon.colcon_core.package_identification:_identify(darknet_ros_yolov4/darknet_ros/darknet) by extensions ['cmake', 'python']
[2.853s] Level 1:colcon.colcon_core.package_identification:_identify(darknet_ros_yolov4/darknet_ros/darknet) by extension 'cmake'
[2.853s] Level 1:colcon.colcon_core.package_identification:_identify(darknet_ros_yolov4/darknet_ros/darknet) by extension 'python'
[2.854s] Level 1:colcon.colcon_core.package_identification:_identify(darknet_ros_yolov4/darknet_ros/darknet) by extensions ['python_setup_py']
[2.854s] Level 1:colcon.colcon_core.package_identification:_identify(darknet_ros_yolov4/darknet_ros/darknet) by extension 'python_setup_py'
[2.855s] Level 1:colcon.colcon_core.package_identification:_identify(darknet_ros_yolov4/darknet_ros/darknet/3rdparty) by extensions ['ignore', 'ignore_ament_install']
[2.855s] Level 1:colcon.colcon_core.package_identification:_identify(darknet_ros_yolov4/darknet_ros/darknet/3rdparty) by extension 'ignore'
[2.856s] Level 1:colcon.colcon_core.package_identification:_identify(darknet_ros_yolov4/darknet_ros/darknet/3rdparty) by extension 'ignore_ament_install'
[2.856s] Level 1:colcon.colcon_core.package_identification:_identify(darknet_ros_yolov4/darknet_ros/darknet/3rdparty) by extensions ['colcon_pkg']
[2.857s] Level 1:colcon.colcon_core.package_identification:_identify(darknet_ros_yolov4/darknet_ros/darknet/3rdparty) by extension 'colcon_pkg'
[2.858s] Level 1:colcon.colcon_core.package_identification:_identify(darknet_ros_yolov4/darknet_ros/darknet/3rdparty) by extensions ['colcon_meta']
[2.858s] Level 1:colcon.colcon_core.package_identification:_identify(darknet_ros_yolov4/darknet_ros/darknet/3rdparty) by extension 'colcon_meta'
[2.859s] Level 1:colcon.colcon_core.package_identification:_identify(darknet_ros_yolov4/darknet_ros/darknet/3rdparty) by extensions ['ros']
[2.859s] Level 1:colcon.colcon_core.package_identification:_identify(darknet_ros_yolov4/darknet_ros/darknet/3rdparty) by extension 'ros'
[2.860s] Level 1:colcon.colcon_core.package_identification:_identify(darknet_ros_yolov4/darknet_ros/darknet/3rdparty) by extensions ['cmake', 'python']
[2.861s] Level 1:colcon.colcon_core.package_identification:_identify(darknet_ros_yolov4/darknet_ros/darknet/3rdparty) by extension 'cmake'
[2.861s] Level 1:colcon.colcon_core.package_identification:_identify(darknet_ros_yolov4/darknet_ros/darknet/3rdparty) by extension 'python'
[2.861s] Level 1:colcon.colcon_core.package_identification:_identify(darknet_ros_yolov4/darknet_ros/darknet/3rdparty) by extensions ['python_setup_py']
[2.861s] Level 1:colcon.colcon_core.package_identification:_identify(darknet_ros_yolov4/darknet_ros/darknet/3rdparty) by extension 'python_setup_py'
[2.862s] Level 1:colcon.colcon_core.package_identification:_identify(darknet_ros_yolov4/darknet_ros/darknet/3rdparty/pthreads) by extensions ['ignore', 'ignore_ament_install']
[2.863s] Level 1:colcon.colcon_core.package_identification:_identify(darknet_ros_yolov4/darknet_ros/darknet/3rdparty/pthreads) by extension 'ignore'
[2.864s] Level 1:colcon.colcon_core.package_identification:_identify(darknet_ros_yolov4/darknet_ros/darknet/3rdparty/pthreads) by extension 'ignore_ament_install'
[2.864s] Level 1:colcon.colcon_core.package_identification:_identify(darknet_ros_yolov4/darknet_ros/darknet/3rdparty/pthreads) by extensions ['colcon_pkg']
[2.865s] Level 1:colcon.colcon_core.package_identification:_identify(darknet_ros_yolov4/darknet_ros/darknet/3rdparty/pthreads) by extension 'colcon_pkg'
[2.865s] Level 1:colcon.colcon_core.package_identification:_identify(darknet_ros_yolov4/darknet_ros/darknet/3rdparty/pthreads) by extensions ['colcon_meta']
[2.865s] Level 1:colcon.colcon_core.package_identification:_identify(darknet_ros_yolov4/darknet_ros/darknet/3rdparty/pthreads) by extension 'colcon_meta'
[2.866s] Level 1:colcon.colcon_core.package_identification:_identify(darknet_ros_yolov4/darknet_ros/darknet/3rdparty/pthreads) by extensions ['ros']
[2.866s] Level 1:colcon.colcon_core.package_identification:_identify(darknet_ros_yolov4/darknet_ros/darknet/3rdparty/pthreads) by extension 'ros'
[2.867s] Level 1:colcon.colcon_core.package_identification:_identify(darknet_ros_yolov4/darknet_ros/darknet/3rdparty/pthreads) by extensions ['cmake', 'python']
[2.868s] Level 1:colcon.colcon_core.package_identification:_identify(darknet_ros_yolov4/darknet_ros/darknet/3rdparty/pthreads) by extension 'cmake'
[2.868s] Level 1:colcon.colcon_core.package_identification:_identify(darknet_ros_yolov4/darknet_ros/darknet/3rdparty/pthreads) by extension 'python'
[2.869s] Level 1:colcon.colcon_core.package_identification:_identify(darknet_ros_yolov4/darknet_ros/darknet/3rdparty/pthreads) by extensions ['python_setup_py']
[2.869s] Level 1:colcon.colcon_core.package_identification:_identify(darknet_ros_yolov4/darknet_ros/darknet/3rdparty/pthreads) by extension 'python_setup_py'
[2.870s] Level 1:colcon.colcon_core.package_identification:_identify(darknet_ros_yolov4/darknet_ros/darknet/3rdparty/pthreads/bin) by extensions ['ignore', 'ignore_ament_install']
[2.871s] Level 1:colcon.colcon_core.package_identification:_identify(darknet_ros_yolov4/darknet_ros/darknet/3rdparty/pthreads/bin) by extension 'ignore'
[2.871s] Level 1:colcon.colcon_core.package_identification:_identify(darknet_ros_yolov4/darknet_ros/darknet/3rdparty/pthreads/bin) by extension 'ignore_ament_install'
[2.872s] Level 1:colcon.colcon_core.package_identification:_identify(darknet_ros_yolov4/darknet_ros/darknet/3rdparty/pthreads/bin) by extensions ['colcon_pkg']
[2.872s] Level 1:colcon.colcon_core.package_identification:_identify(darknet_ros_yolov4/darknet_ros/darknet/3rdparty/pthreads/bin) by extension 'colcon_pkg'
[2.873s] Level 1:colcon.colcon_core.package_identification:_identify(darknet_ros_yolov4/darknet_ros/darknet/3rdparty/pthreads/bin) by extensions ['colcon_meta']
[2.873s] Level 1:colcon.colcon_core.package_identification:_identify(darknet_ros_yolov4/darknet_ros/darknet/3rdparty/pthreads/bin) by extension 'colcon_meta'
[2.874s] Level 1:colcon.colcon_core.package_identification:_identify(darknet_ros_yolov4/darknet_ros/darknet/3rdparty/pthreads/bin) by extensions ['ros']
[2.874s] Level 1:colcon.colcon_core.package_identification:_identify(darknet_ros_yolov4/darknet_ros/darknet/3rdparty/pthreads/bin) by extension 'ros'
[2.875s] Level 1:colcon.colcon_core.package_identification:_identify(darknet_ros_yolov4/darknet_ros/darknet/3rdparty/pthreads/bin) by extensions ['cmake', 'python']
[2.875s] Level 1:colcon.colcon_core.package_identification:_identify(darknet_ros_yolov4/darknet_ros/darknet/3rdparty/pthreads/bin) by extension 'cmake'
[2.876s] Level 1:colcon.colcon_core.package_identification:_identify(darknet_ros_yolov4/darknet_ros/darknet/3rdparty/pthreads/bin) by extension 'python'
[2.876s] Level 1:colcon.colcon_core.package_identification:_identify(darknet_ros_yolov4/darknet_ros/darknet/3rdparty/pthreads/bin) by extensions ['python_setup_py']
[2.877s] Level 1:colcon.colcon_core.package_identification:_identify(darknet_ros_yolov4/darknet_ros/darknet/3rdparty/pthreads/bin) by extension 'python_setup_py'
[2.878s] Level 1:colcon.colcon_core.package_identification:_identify(darknet_ros_yolov4/darknet_ros/darknet/3rdparty/pthreads/include) by extensions ['ignore', 'ignore_ament_install']
[2.879s] Level 1:colcon.colcon_core.package_identification:_identify(darknet_ros_yolov4/darknet_ros/darknet/3rdparty/pthreads/include) by extension 'ignore'
[2.879s] Level 1:colcon.colcon_core.package_identification:_identify(darknet_ros_yolov4/darknet_ros/darknet/3rdparty/pthreads/include) by extension 'ignore_ament_install'
[2.880s] Level 1:colcon.colcon_core.package_identification:_identify(darknet_ros_yolov4/darknet_ros/darknet/3rdparty/pthreads/include) by extensions ['colcon_pkg']
[2.880s] Level 1:colcon.colcon_core.package_identification:_identify(darknet_ros_yolov4/darknet_ros/darknet/3rdparty/pthreads/include) by extension 'colcon_pkg'
[2.881s] Level 1:colcon.colcon_core.package_identification:_identify(darknet_ros_yolov4/darknet_ros/darknet/3rdparty/pthreads/include) by extensions ['colcon_meta']
[2.881s] Level 1:colcon.colcon_core.package_identification:_identify(darknet_ros_yolov4/darknet_ros/darknet/3rdparty/pthreads/include) by extension 'colcon_meta'
[2.881s] Level 1:colcon.colcon_core.package_identification:_identify(darknet_ros_yolov4/darknet_ros/darknet/3rdparty/pthreads/include) by extensions ['ros']
[2.882s] Level 1:colcon.colcon_core.package_identification:_identify(darknet_ros_yolov4/darknet_ros/darknet/3rdparty/pthreads/include) by extension 'ros'
[2.882s] Level 1:colcon.colcon_core.package_identification:_identify(darknet_ros_yolov4/darknet_ros/darknet/3rdparty/pthreads/include) by extensions ['cmake', 'python']
[2.882s] Level 1:colcon.colcon_core.package_identification:_identify(darknet_ros_yolov4/darknet_ros/darknet/3rdparty/pthreads/include) by extension 'cmake'
[2.883s] Level 1:colcon.colcon_core.package_identification:_identify(darknet_ros_yolov4/darknet_ros/darknet/3rdparty/pthreads/include) by extension 'python'
[2.883s] Level 1:colcon.colcon_core.package_identification:_identify(darknet_ros_yolov4/darknet_ros/darknet/3rdparty/pthreads/include) by extensions ['python_setup_py']
[2.883s] Level 1:colcon.colcon_core.package_identification:_identify(darknet_ros_yolov4/darknet_ros/darknet/3rdparty/pthreads/include) by extension 'python_setup_py'
[2.884s] Level 1:colcon.colcon_core.package_identification:_identify(darknet_ros_yolov4/darknet_ros/darknet/3rdparty/pthreads/lib) by extensions ['ignore', 'ignore_ament_install']
[2.885s] Level 1:colcon.colcon_core.package_identification:_identify(darknet_ros_yolov4/darknet_ros/darknet/3rdparty/pthreads/lib) by extension 'ignore'
[2.885s] Level 1:colcon.colcon_core.package_identification:_identify(darknet_ros_yolov4/darknet_ros/darknet/3rdparty/pthreads/lib) by extension 'ignore_ament_install'
[2.886s] Level 1:colcon.colcon_core.package_identification:_identify(darknet_ros_yolov4/darknet_ros/darknet/3rdparty/pthreads/lib) by extensions ['colcon_pkg']
[2.886s] Level 1:colcon.colcon_core.package_identification:_identify(darknet_ros_yolov4/darknet_ros/darknet/3rdparty/pthreads/lib) by extension 'colcon_pkg'
[2.886s] Level 1:colcon.colcon_core.package_identification:_identify(darknet_ros_yolov4/darknet_ros/darknet/3rdparty/pthreads/lib) by extensions ['colcon_meta']
[2.886s] Level 1:colcon.colcon_core.package_identification:_identify(darknet_ros_yolov4/darknet_ros/darknet/3rdparty/pthreads/lib) by extension 'colcon_meta'
[2.886s] Level 1:colcon.colcon_core.package_identification:_identify(darknet_ros_yolov4/darknet_ros/darknet/3rdparty/pthreads/lib) by extensions ['ros']
[2.887s] Level 1:colcon.colcon_core.package_identification:_identify(darknet_ros_yolov4/darknet_ros/darknet/3rdparty/pthreads/lib) by extension 'ros'
[2.887s] Level 1:colcon.colcon_core.package_identification:_identify(darknet_ros_yolov4/darknet_ros/darknet/3rdparty/pthreads/lib) by extensions ['cmake', 'python']
[2.888s] Level 1:colcon.colcon_core.package_identification:_identify(darknet_ros_yolov4/darknet_ros/darknet/3rdparty/pthreads/lib) by extension 'cmake'
[2.888s] Level 1:colcon.colcon_core.package_identification:_identify(darknet_ros_yolov4/darknet_ros/darknet/3rdparty/pthreads/lib) by extension 'python'
[2.889s] Level 1:colcon.colcon_core.package_identification:_identify(darknet_ros_yolov4/darknet_ros/darknet/3rdparty/pthreads/lib) by extensions ['python_setup_py']
[2.889s] Level 1:colcon.colcon_core.package_identification:_identify(darknet_ros_yolov4/darknet_ros/darknet/3rdparty/pthreads/lib) by extension 'python_setup_py'
[2.890s] Level 1:colcon.colcon_core.package_identification:_identify(darknet_ros_yolov4/darknet_ros/darknet/3rdparty/stb) by extensions ['ignore', 'ignore_ament_install']
[2.891s] Level 1:colcon.colcon_core.package_identification:_identify(darknet_ros_yolov4/darknet_ros/darknet/3rdparty/stb) by extension 'ignore'
[2.892s] Level 1:colcon.colcon_core.package_identification:_identify(darknet_ros_yolov4/darknet_ros/darknet/3rdparty/stb) by extension 'ignore_ament_install'
[2.892s] Level 1:colcon.colcon_core.package_identification:_identify(darknet_ros_yolov4/darknet_ros/darknet/3rdparty/stb) by extensions ['colcon_pkg']
[2.893s] Level 1:colcon.colcon_core.package_identification:_identify(darknet_ros_yolov4/darknet_ros/darknet/3rdparty/stb) by extension 'colcon_pkg'
[2.893s] Level 1:colcon.colcon_core.package_identification:_identify(darknet_ros_yolov4/darknet_ros/darknet/3rdparty/stb) by extensions ['colcon_meta']
[2.893s] Level 1:colcon.colcon_core.package_identification:_identify(darknet_ros_yolov4/darknet_ros/darknet/3rdparty/stb) by extension 'colcon_meta'
[2.894s] Level 1:colcon.colcon_core.package_identification:_identify(darknet_ros_yolov4/darknet_ros/darknet/3rdparty/stb) by extensions ['ros']
[2.895s] Level 1:colcon.colcon_core.package_identification:_identify(darknet_ros_yolov4/darknet_ros/darknet/3rdparty/stb) by extension 'ros'
[2.896s] Level 1:colcon.colcon_core.package_identification:_identify(darknet_ros_yolov4/darknet_ros/darknet/3rdparty/stb) by extensions ['cmake', 'python']
[2.896s] Level 1:colcon.colcon_core.package_identification:_identify(darknet_ros_yolov4/darknet_ros/darknet/3rdparty/stb) by extension 'cmake'
[2.897s] Level 1:colcon.colcon_core.package_identification:_identify(darknet_ros_yolov4/darknet_ros/darknet/3rdparty/stb) by extension 'python'
[2.897s] Level 1:colcon.colcon_core.package_identification:_identify(darknet_ros_yolov4/darknet_ros/darknet/3rdparty/stb) by extensions ['python_setup_py']
[2.897s] Level 1:colcon.colcon_core.package_identification:_identify(darknet_ros_yolov4/darknet_ros/darknet/3rdparty/stb) by extension 'python_setup_py'
[2.898s] Level 1:colcon.colcon_core.package_identification:_identify(darknet_ros_yolov4/darknet_ros/darknet/3rdparty/stb/include) by extensions ['ignore', 'ignore_ament_install']
[2.899s] Level 1:colcon.colcon_core.package_identification:_identify(darknet_ros_yolov4/darknet_ros/darknet/3rdparty/stb/include) by extension 'ignore'
[2.899s] Level 1:colcon.colcon_core.package_identification:_identify(darknet_ros_yolov4/darknet_ros/darknet/3rdparty/stb/include) by extension 'ignore_ament_install'
[2.900s] Level 1:colcon.colcon_core.package_identification:_identify(darknet_ros_yolov4/darknet_ros/darknet/3rdparty/stb/include) by extensions ['colcon_pkg']
[2.900s] Level 1:colcon.colcon_core.package_identification:_identify(darknet_ros_yolov4/darknet_ros/darknet/3rdparty/stb/include) by extension 'colcon_pkg'
[2.900s] Level 1:colcon.colcon_core.package_identification:_identify(darknet_ros_yolov4/darknet_ros/darknet/3rdparty/stb/include) by extensions ['colcon_meta']
[2.900s] Level 1:colcon.colcon_core.package_identification:_identify(darknet_ros_yolov4/darknet_ros/darknet/3rdparty/stb/include) by extension 'colcon_meta'
[2.901s] Level 1:colcon.colcon_core.package_identification:_identify(darknet_ros_yolov4/darknet_ros/darknet/3rdparty/stb/include) by extensions ['ros']
[2.901s] Level 1:colcon.colcon_core.package_identification:_identify(darknet_ros_yolov4/darknet_ros/darknet/3rdparty/stb/include) by extension 'ros'
[2.901s] Level 1:colcon.colcon_core.package_identification:_identify(darknet_ros_yolov4/darknet_ros/darknet/3rdparty/stb/include) by extensions ['cmake', 'python']
[2.902s] Level 1:colcon.colcon_core.package_identification:_identify(darknet_ros_yolov4/darknet_ros/darknet/3rdparty/stb/include) by extension 'cmake'
[2.902s] Level 1:colcon.colcon_core.package_identification:_identify(darknet_ros_yolov4/darknet_ros/darknet/3rdparty/stb/include) by extension 'python'
[2.902s] Level 1:colcon.colcon_core.package_identification:_identify(darknet_ros_yolov4/darknet_ros/darknet/3rdparty/stb/include) by extensions ['python_setup_py']
[2.902s] Level 1:colcon.colcon_core.package_identification:_identify(darknet_ros_yolov4/darknet_ros/darknet/3rdparty/stb/include) by extension 'python_setup_py'
[2.903s] Level 1:colcon.colcon_core.package_identification:_identify(darknet_ros_yolov4/darknet_ros/darknet/build) by extensions ['ignore', 'ignore_ament_install']
[2.903s] Level 1:colcon.colcon_core.package_identification:_identify(darknet_ros_yolov4/darknet_ros/darknet/build) by extension 'ignore'
[2.904s] Level 1:colcon.colcon_core.package_identification:_identify(darknet_ros_yolov4/darknet_ros/darknet/build) by extension 'ignore_ament_install'
[2.904s] Level 1:colcon.colcon_core.package_identification:_identify(darknet_ros_yolov4/darknet_ros/darknet/build) by extensions ['colcon_pkg']
[2.904s] Level 1:colcon.colcon_core.package_identification:_identify(darknet_ros_yolov4/darknet_ros/darknet/build) by extension 'colcon_pkg'
[2.904s] Level 1:colcon.colcon_core.package_identification:_identify(darknet_ros_yolov4/darknet_ros/darknet/build) by extensions ['colcon_meta']
[2.904s] Level 1:colcon.colcon_core.package_identification:_identify(darknet_ros_yolov4/darknet_ros/darknet/build) by extension 'colcon_meta'
[2.905s] Level 1:colcon.colcon_core.package_identification:_identify(darknet_ros_yolov4/darknet_ros/darknet/build) by extensions ['ros']
[2.905s] Level 1:colcon.colcon_core.package_identification:_identify(darknet_ros_yolov4/darknet_ros/darknet/build) by extension 'ros'
[2.905s] Level 1:colcon.colcon_core.package_identification:_identify(darknet_ros_yolov4/darknet_ros/darknet/build) by extensions ['cmake', 'python']
[2.906s] Level 1:colcon.colcon_core.package_identification:_identify(darknet_ros_yolov4/darknet_ros/darknet/build) by extension 'cmake'
[2.906s] Level 1:colcon.colcon_core.package_identification:_identify(darknet_ros_yolov4/darknet_ros/darknet/build) by extension 'python'
[2.906s] Level 1:colcon.colcon_core.package_identification:_identify(darknet_ros_yolov4/darknet_ros/darknet/build) by extensions ['python_setup_py']
[2.906s] Level 1:colcon.colcon_core.package_identification:_identify(darknet_ros_yolov4/darknet_ros/darknet/build) by extension 'python_setup_py'
[2.907s] Level 1:colcon.colcon_core.package_identification:_identify(darknet_ros_yolov4/darknet_ros/darknet/build/darknet) by extensions ['ignore', 'ignore_ament_install']
[2.907s] Level 1:colcon.colcon_core.package_identification:_identify(darknet_ros_yolov4/darknet_ros/darknet/build/darknet) by extension 'ignore'
[2.908s] Level 1:colcon.colcon_core.package_identification:_identify(darknet_ros_yolov4/darknet_ros/darknet/build/darknet) by extension 'ignore_ament_install'
[2.908s] Level 1:colcon.colcon_core.package_identification:_identify(darknet_ros_yolov4/darknet_ros/darknet/build/darknet) by extensions ['colcon_pkg']
[2.908s] Level 1:colcon.colcon_core.package_identification:_identify(darknet_ros_yolov4/darknet_ros/darknet/build/darknet) by extension 'colcon_pkg'
[2.909s] Level 1:colcon.colcon_core.package_identification:_identify(darknet_ros_yolov4/darknet_ros/darknet/build/darknet) by extensions ['colcon_meta']
[2.909s] Level 1:colcon.colcon_core.package_identification:_identify(darknet_ros_yolov4/darknet_ros/darknet/build/darknet) by extension 'colcon_meta'
[2.909s] Level 1:colcon.colcon_core.package_identification:_identify(darknet_ros_yolov4/darknet_ros/darknet/build/darknet) by extensions ['ros']
[2.909s] Level 1:colcon.colcon_core.package_identification:_identify(darknet_ros_yolov4/darknet_ros/darknet/build/darknet) by extension 'ros'
[2.910s] Level 1:colcon.colcon_core.package_identification:_identify(darknet_ros_yolov4/darknet_ros/darknet/build/darknet) by extensions ['cmake', 'python']
[2.910s] Level 1:colcon.colcon_core.package_identification:_identify(darknet_ros_yolov4/darknet_ros/darknet/build/darknet) by extension 'cmake'
[2.910s] Level 1:colcon.colcon_core.package_identification:_identify(darknet_ros_yolov4/darknet_ros/darknet/build/darknet) by extension 'python'
[2.910s] Level 1:colcon.colcon_core.package_identification:_identify(darknet_ros_yolov4/darknet_ros/darknet/build/darknet) by extensions ['python_setup_py']
[2.910s] Level 1:colcon.colcon_core.package_identification:_identify(darknet_ros_yolov4/darknet_ros/darknet/build/darknet) by extension 'python_setup_py'
[2.911s] Level 1:colcon.colcon_core.package_identification:_identify(darknet_ros_yolov4/darknet_ros/darknet/build/darknet/x64) by extensions ['ignore', 'ignore_ament_install']
[2.912s] Level 1:colcon.colcon_core.package_identification:_identify(darknet_ros_yolov4/darknet_ros/darknet/build/darknet/x64) by extension 'ignore'
[2.912s] Level 1:colcon.colcon_core.package_identification:_identify(darknet_ros_yolov4/darknet_ros/darknet/build/darknet/x64) by extension 'ignore_ament_install'
[2.912s] Level 1:colcon.colcon_core.package_identification:_identify(darknet_ros_yolov4/darknet_ros/darknet/build/darknet/x64) by extensions ['colcon_pkg']
[2.913s] Level 1:colcon.colcon_core.package_identification:_identify(darknet_ros_yolov4/darknet_ros/darknet/build/darknet/x64) by extension 'colcon_pkg'
[2.913s] Level 1:colcon.colcon_core.package_identification:_identify(darknet_ros_yolov4/darknet_ros/darknet/build/darknet/x64) by extensions ['colcon_meta']
[2.913s] Level 1:colcon.colcon_core.package_identification:_identify(darknet_ros_yolov4/darknet_ros/darknet/build/darknet/x64) by extension 'colcon_meta'
[2.913s] Level 1:colcon.colcon_core.package_identification:_identify(darknet_ros_yolov4/darknet_ros/darknet/build/darknet/x64) by extensions ['ros']
[2.913s] Level 1:colcon.colcon_core.package_identification:_identify(darknet_ros_yolov4/darknet_ros/darknet/build/darknet/x64) by extension 'ros'
[2.914s] Level 1:colcon.colcon_core.package_identification:_identify(darknet_ros_yolov4/darknet_ros/darknet/build/darknet/x64) by extensions ['cmake', 'python']
[2.914s] Level 1:colcon.colcon_core.package_identification:_identify(darknet_ros_yolov4/darknet_ros/darknet/build/darknet/x64) by extension 'cmake'
[2.914s] Level 1:colcon.colcon_core.package_identification:_identify(darknet_ros_yolov4/darknet_ros/darknet/build/darknet/x64) by extension 'python'
[2.915s] Level 1:colcon.colcon_core.package_identification:_identify(darknet_ros_yolov4/darknet_ros/darknet/build/darknet/x64) by extensions ['python_setup_py']
[2.915s] Level 1:colcon.colcon_core.package_identification:_identify(darknet_ros_yolov4/darknet_ros/darknet/build/darknet/x64) by extension 'python_setup_py'
[2.915s] Level 1:colcon.colcon_core.package_identification:_identify(darknet_ros_yolov4/darknet_ros/darknet/build/darknet/x64/backup) by extensions ['ignore', 'ignore_ament_install']
[2.916s] Level 1:colcon.colcon_core.package_identification:_identify(darknet_ros_yolov4/darknet_ros/darknet/build/darknet/x64/backup) by extension 'ignore'
[2.916s] Level 1:colcon.colcon_core.package_identification:_identify(darknet_ros_yolov4/darknet_ros/darknet/build/darknet/x64/backup) by extension 'ignore_ament_install'
[2.917s] Level 1:colcon.colcon_core.package_identification:_identify(darknet_ros_yolov4/darknet_ros/darknet/build/darknet/x64/backup) by extensions ['colcon_pkg']
[2.917s] Level 1:colcon.colcon_core.package_identification:_identify(darknet_ros_yolov4/darknet_ros/darknet/build/darknet/x64/backup) by extension 'colcon_pkg'
[2.917s] Level 1:colcon.colcon_core.package_identification:_identify(darknet_ros_yolov4/darknet_ros/darknet/build/darknet/x64/backup) by extensions ['colcon_meta']
[2.918s] Level 1:colcon.colcon_core.package_identification:_identify(darknet_ros_yolov4/darknet_ros/darknet/build/darknet/x64/backup) by extension 'colcon_meta'
[2.918s] Level 1:colcon.colcon_core.package_identification:_identify(darknet_ros_yolov4/darknet_ros/darknet/build/darknet/x64/backup) by extensions ['ros']
[2.918s] Level 1:colcon.colcon_core.package_identification:_identify(darknet_ros_yolov4/darknet_ros/darknet/build/darknet/x64/backup) by extension 'ros'
[2.919s] Level 1:colcon.colcon_core.package_identification:_identify(darknet_ros_yolov4/darknet_ros/darknet/build/darknet/x64/backup) by extensions ['cmake', 'python']
[2.919s] Level 1:colcon.colcon_core.package_identification:_identify(darknet_ros_yolov4/darknet_ros/darknet/build/darknet/x64/backup) by extension 'cmake'
[2.920s] Level 1:colcon.colcon_core.package_identification:_identify(darknet_ros_yolov4/darknet_ros/darknet/build/darknet/x64/backup) by extension 'python'
[2.920s] Level 1:colcon.colcon_core.package_identification:_identify(darknet_ros_yolov4/darknet_ros/darknet/build/darknet/x64/backup) by extensions ['python_setup_py']
[2.921s] Level 1:colcon.colcon_core.package_identification:_identify(darknet_ros_yolov4/darknet_ros/darknet/build/darknet/x64/backup) by extension 'python_setup_py'
[2.923s] Level 1:colcon.colcon_core.package_identification:_identify(darknet_ros_yolov4/darknet_ros/darknet/build/darknet/x64/cfg) by extensions ['ignore', 'ignore_ament_install']
[2.923s] Level 1:colcon.colcon_core.package_identification:_identify(darknet_ros_yolov4/darknet_ros/darknet/build/darknet/x64/cfg) by extension 'ignore'
[2.924s] Level 1:colcon.colcon_core.package_identification:_identify(darknet_ros_yolov4/darknet_ros/darknet/build/darknet/x64/cfg) by extension 'ignore_ament_install'
[2.925s] Level 1:colcon.colcon_core.package_identification:_identify(darknet_ros_yolov4/darknet_ros/darknet/build/darknet/x64/cfg) by extensions ['colcon_pkg']
[2.925s] Level 1:colcon.colcon_core.package_identification:_identify(darknet_ros_yolov4/darknet_ros/darknet/build/darknet/x64/cfg) by extension 'colcon_pkg'
[2.925s] Level 1:colcon.colcon_core.package_identification:_identify(darknet_ros_yolov4/darknet_ros/darknet/build/darknet/x64/cfg) by extensions ['colcon_meta']
[2.926s] Level 1:colcon.colcon_core.package_identification:_identify(darknet_ros_yolov4/darknet_ros/darknet/build/darknet/x64/cfg) by extension 'colcon_meta'
[2.927s] Level 1:colcon.colcon_core.package_identification:_identify(darknet_ros_yolov4/darknet_ros/darknet/build/darknet/x64/cfg) by extensions ['ros']
[2.927s] Level 1:colcon.colcon_core.package_identification:_identify(darknet_ros_yolov4/darknet_ros/darknet/build/darknet/x64/cfg) by extension 'ros'
[2.928s] Level 1:colcon.colcon_core.package_identification:_identify(darknet_ros_yolov4/darknet_ros/darknet/build/darknet/x64/cfg) by extensions ['cmake', 'python']
[2.929s] Level 1:colcon.colcon_core.package_identification:_identify(darknet_ros_yolov4/darknet_ros/darknet/build/darknet/x64/cfg) by extension 'cmake'
[2.929s] Level 1:colcon.colcon_core.package_identification:_identify(darknet_ros_yolov4/darknet_ros/darknet/build/darknet/x64/cfg) by extension 'python'
[2.929s] Level 1:colcon.colcon_core.package_identification:_identify(darknet_ros_yolov4/darknet_ros/darknet/build/darknet/x64/cfg) by extensions ['python_setup_py']
[2.930s] Level 1:colcon.colcon_core.package_identification:_identify(darknet_ros_yolov4/darknet_ros/darknet/build/darknet/x64/cfg) by extension 'python_setup_py'
[2.931s] Level 1:colcon.colcon_core.package_identification:_identify(darknet_ros_yolov4/darknet_ros/darknet/build/darknet/x64/data) by extensions ['ignore', 'ignore_ament_install']
[2.932s] Level 1:colcon.colcon_core.package_identification:_identify(darknet_ros_yolov4/darknet_ros/darknet/build/darknet/x64/data) by extension 'ignore'
[2.932s] Level 1:colcon.colcon_core.package_identification:_identify(darknet_ros_yolov4/darknet_ros/darknet/build/darknet/x64/data) by extension 'ignore_ament_install'
[2.933s] Level 1:colcon.colcon_core.package_identification:_identify(darknet_ros_yolov4/darknet_ros/darknet/build/darknet/x64/data) by extensions ['colcon_pkg']
[2.933s] Level 1:colcon.colcon_core.package_identification:_identify(darknet_ros_yolov4/darknet_ros/darknet/build/darknet/x64/data) by extension 'colcon_pkg'
[2.933s] Level 1:colcon.colcon_core.package_identification:_identify(darknet_ros_yolov4/darknet_ros/darknet/build/darknet/x64/data) by extensions ['colcon_meta']
[2.933s] Level 1:colcon.colcon_core.package_identification:_identify(darknet_ros_yolov4/darknet_ros/darknet/build/darknet/x64/data) by extension 'colcon_meta'
[2.934s] Level 1:colcon.colcon_core.package_identification:_identify(darknet_ros_yolov4/darknet_ros/darknet/build/darknet/x64/data) by extensions ['ros']
[2.934s] Level 1:colcon.colcon_core.package_identification:_identify(darknet_ros_yolov4/darknet_ros/darknet/build/darknet/x64/data) by extension 'ros'
[2.934s] Level 1:colcon.colcon_core.package_identification:_identify(darknet_ros_yolov4/darknet_ros/darknet/build/darknet/x64/data) by extensions ['cmake', 'python']
[2.935s] Level 1:colcon.colcon_core.package_identification:_identify(darknet_ros_yolov4/darknet_ros/darknet/build/darknet/x64/data) by extension 'cmake'
[2.935s] Level 1:colcon.colcon_core.package_identification:_identify(darknet_ros_yolov4/darknet_ros/darknet/build/darknet/x64/data) by extension 'python'
[2.935s] Level 1:colcon.colcon_core.package_identification:_identify(darknet_ros_yolov4/darknet_ros/darknet/build/darknet/x64/data) by extensions ['python_setup_py']
[2.935s] Level 1:colcon.colcon_core.package_identification:_identify(darknet_ros_yolov4/darknet_ros/darknet/build/darknet/x64/data) by extension 'python_setup_py'
[2.941s] Level 1:colcon.colcon_core.package_identification:_identify(darknet_ros_yolov4/darknet_ros/darknet/build/darknet/x64/data/labels) by extensions ['ignore', 'ignore_ament_install']
[2.941s] Level 1:colcon.colcon_core.package_identification:_identify(darknet_ros_yolov4/darknet_ros/darknet/build/darknet/x64/data/labels) by extension 'ignore'
[2.942s] Level 1:colcon.colcon_core.package_identification:_identify(darknet_ros_yolov4/darknet_ros/darknet/build/darknet/x64/data/labels) by extension 'ignore_ament_install'
[2.942s] Level 1:colcon.colcon_core.package_identification:_identify(darknet_ros_yolov4/darknet_ros/darknet/build/darknet/x64/data/labels) by extensions ['colcon_pkg']
[2.942s] Level 1:colcon.colcon_core.package_identification:_identify(darknet_ros_yolov4/darknet_ros/darknet/build/darknet/x64/data/labels) by extension 'colcon_pkg'
[2.942s] Level 1:colcon.colcon_core.package_identification:_identify(darknet_ros_yolov4/darknet_ros/darknet/build/darknet/x64/data/labels) by extensions ['colcon_meta']
[2.943s] Level 1:colcon.colcon_core.package_identification:_identify(darknet_ros_yolov4/darknet_ros/darknet/build/darknet/x64/data/labels) by extension 'colcon_meta'
[2.943s] Level 1:colcon.colcon_core.package_identification:_identify(darknet_ros_yolov4/darknet_ros/darknet/build/darknet/x64/data/labels) by extensions ['ros']
[2.943s] Level 1:colcon.colcon_core.package_identification:_identify(darknet_ros_yolov4/darknet_ros/darknet/build/darknet/x64/data/labels) by extension 'ros'
[2.944s] Level 1:colcon.colcon_core.package_identification:_identify(darknet_ros_yolov4/darknet_ros/darknet/build/darknet/x64/data/labels) by extensions ['cmake', 'python']
[2.944s] Level 1:colcon.colcon_core.package_identification:_identify(darknet_ros_yolov4/darknet_ros/darknet/build/darknet/x64/data/labels) by extension 'cmake'
[2.944s] Level 1:colcon.colcon_core.package_identification:_identify(darknet_ros_yolov4/darknet_ros/darknet/build/darknet/x64/data/labels) by extension 'python'
[2.945s] Level 1:colcon.colcon_core.package_identification:_identify(darknet_ros_yolov4/darknet_ros/darknet/build/darknet/x64/data/labels) by extensions ['python_setup_py']
[2.945s] Level 1:colcon.colcon_core.package_identification:_identify(darknet_ros_yolov4/darknet_ros/darknet/build/darknet/x64/data/labels) by extension 'python_setup_py'
[2.945s] Level 1:colcon.colcon_core.package_identification:_identify(darknet_ros_yolov4/darknet_ros/darknet/build/darknet/x64/data/voc) by extensions ['ignore', 'ignore_ament_install']
[2.946s] Level 1:colcon.colcon_core.package_identification:_identify(darknet_ros_yolov4/darknet_ros/darknet/build/darknet/x64/data/voc) by extension 'ignore'
[2.946s] Level 1:colcon.colcon_core.package_identification:_identify(darknet_ros_yolov4/darknet_ros/darknet/build/darknet/x64/data/voc) by extension 'ignore_ament_install'
[2.946s] Level 1:colcon.colcon_core.package_identification:_identify(darknet_ros_yolov4/darknet_ros/darknet/build/darknet/x64/data/voc) by extensions ['colcon_pkg']
[2.946s] Level 1:colcon.colcon_core.package_identification:_identify(darknet_ros_yolov4/darknet_ros/darknet/build/darknet/x64/data/voc) by extension 'colcon_pkg'
[2.947s] Level 1:colcon.colcon_core.package_identification:_identify(darknet_ros_yolov4/darknet_ros/darknet/build/darknet/x64/data/voc) by extensions ['colcon_meta']
[2.947s] Level 1:colcon.colcon_core.package_identification:_identify(darknet_ros_yolov4/darknet_ros/darknet/build/darknet/x64/data/voc) by extension 'colcon_meta'
[2.947s] Level 1:colcon.colcon_core.package_identification:_identify(darknet_ros_yolov4/darknet_ros/darknet/build/darknet/x64/data/voc) by extensions ['ros']
[2.947s] Level 1:colcon.colcon_core.package_identification:_identify(darknet_ros_yolov4/darknet_ros/darknet/build/darknet/x64/data/voc) by extension 'ros'
[2.948s] Level 1:colcon.colcon_core.package_identification:_identify(darknet_ros_yolov4/darknet_ros/darknet/build/darknet/x64/data/voc) by extensions ['cmake', 'python']
[2.948s] Level 1:colcon.colcon_core.package_identification:_identify(darknet_ros_yolov4/darknet_ros/darknet/build/darknet/x64/data/voc) by extension 'cmake'
[2.948s] Level 1:colcon.colcon_core.package_identification:_identify(darknet_ros_yolov4/darknet_ros/darknet/build/darknet/x64/data/voc) by extension 'python'
[2.948s] Level 1:colcon.colcon_core.package_identification:_identify(darknet_ros_yolov4/darknet_ros/darknet/build/darknet/x64/data/voc) by extensions ['python_setup_py']
[2.948s] Level 1:colcon.colcon_core.package_identification:_identify(darknet_ros_yolov4/darknet_ros/darknet/build/darknet/x64/data/voc) by extension 'python_setup_py'
[2.949s] Level 1:colcon.colcon_core.package_identification:_identify(darknet_ros_yolov4/darknet_ros/darknet/build/darknet/x64/results) by extensions ['ignore', 'ignore_ament_install']
[2.949s] Level 1:colcon.colcon_core.package_identification:_identify(darknet_ros_yolov4/darknet_ros/darknet/build/darknet/x64/results) by extension 'ignore'
[2.949s] Level 1:colcon.colcon_core.package_identification:_identify(darknet_ros_yolov4/darknet_ros/darknet/build/darknet/x64/results) by extension 'ignore_ament_install'
[2.950s] Level 1:colcon.colcon_core.package_identification:_identify(darknet_ros_yolov4/darknet_ros/darknet/build/darknet/x64/results) by extensions ['colcon_pkg']
[2.950s] Level 1:colcon.colcon_core.package_identification:_identify(darknet_ros_yolov4/darknet_ros/darknet/build/darknet/x64/results) by extension 'colcon_pkg'
[2.950s] Level 1:colcon.colcon_core.package_identification:_identify(darknet_ros_yolov4/darknet_ros/darknet/build/darknet/x64/results) by extensions ['colcon_meta']
[2.950s] Level 1:colcon.colcon_core.package_identification:_identify(darknet_ros_yolov4/darknet_ros/darknet/build/darknet/x64/results) by extension 'colcon_meta'
[2.951s] Level 1:colcon.colcon_core.package_identification:_identify(darknet_ros_yolov4/darknet_ros/darknet/build/darknet/x64/results) by extensions ['ros']
[2.951s] Level 1:colcon.colcon_core.package_identification:_identify(darknet_ros_yolov4/darknet_ros/darknet/build/darknet/x64/results) by extension 'ros'
[2.951s] Level 1:colcon.colcon_core.package_identification:_identify(darknet_ros_yolov4/darknet_ros/darknet/build/darknet/x64/results) by extensions ['cmake', 'python']
[2.951s] Level 1:colcon.colcon_core.package_identification:_identify(darknet_ros_yolov4/darknet_ros/darknet/build/darknet/x64/results) by extension 'cmake'
[2.951s] Level 1:colcon.colcon_core.package_identification:_identify(darknet_ros_yolov4/darknet_ros/darknet/build/darknet/x64/results) by extension 'python'
[2.952s] Level 1:colcon.colcon_core.package_identification:_identify(darknet_ros_yolov4/darknet_ros/darknet/build/darknet/x64/results) by extensions ['python_setup_py']
[2.952s] Level 1:colcon.colcon_core.package_identification:_identify(darknet_ros_yolov4/darknet_ros/darknet/build/darknet/x64/results) by extension 'python_setup_py'
[2.953s] Level 1:colcon.colcon_core.package_identification:_identify(darknet_ros_yolov4/darknet_ros/darknet/cfg) by extensions ['ignore', 'ignore_ament_install']
[2.953s] Level 1:colcon.colcon_core.package_identification:_identify(darknet_ros_yolov4/darknet_ros/darknet/cfg) by extension 'ignore'
[2.954s] Level 1:colcon.colcon_core.package_identification:_identify(darknet_ros_yolov4/darknet_ros/darknet/cfg) by extension 'ignore_ament_install'
[2.954s] Level 1:colcon.colcon_core.package_identification:_identify(darknet_ros_yolov4/darknet_ros/darknet/cfg) by extensions ['colcon_pkg']
[2.954s] Level 1:colcon.colcon_core.package_identification:_identify(darknet_ros_yolov4/darknet_ros/darknet/cfg) by extension 'colcon_pkg'
[2.955s] Level 1:colcon.colcon_core.package_identification:_identify(darknet_ros_yolov4/darknet_ros/darknet/cfg) by extensions ['colcon_meta']
[2.955s] Level 1:colcon.colcon_core.package_identification:_identify(darknet_ros_yolov4/darknet_ros/darknet/cfg) by extension 'colcon_meta'
[2.956s] Level 1:colcon.colcon_core.package_identification:_identify(darknet_ros_yolov4/darknet_ros/darknet/cfg) by extensions ['ros']
[2.956s] Level 1:colcon.colcon_core.package_identification:_identify(darknet_ros_yolov4/darknet_ros/darknet/cfg) by extension 'ros'
[2.957s] Level 1:colcon.colcon_core.package_identification:_identify(darknet_ros_yolov4/darknet_ros/darknet/cfg) by extensions ['cmake', 'python']
[2.957s] Level 1:colcon.colcon_core.package_identification:_identify(darknet_ros_yolov4/darknet_ros/darknet/cfg) by extension 'cmake'
[2.957s] Level 1:colcon.colcon_core.package_identification:_identify(darknet_ros_yolov4/darknet_ros/darknet/cfg) by extension 'python'
[2.957s] Level 1:colcon.colcon_core.package_identification:_identify(darknet_ros_yolov4/darknet_ros/darknet/cfg) by extensions ['python_setup_py']
[2.957s] Level 1:colcon.colcon_core.package_identification:_identify(darknet_ros_yolov4/darknet_ros/darknet/cfg) by extension 'python_setup_py'
[2.958s] Level 1:colcon.colcon_core.package_identification:_identify(darknet_ros_yolov4/darknet_ros/darknet/cfg/yolov1) by extensions ['ignore', 'ignore_ament_install']
[2.959s] Level 1:colcon.colcon_core.package_identification:_identify(darknet_ros_yolov4/darknet_ros/darknet/cfg/yolov1) by extension 'ignore'
[2.959s] Level 1:colcon.colcon_core.package_identification:_identify(darknet_ros_yolov4/darknet_ros/darknet/cfg/yolov1) by extension 'ignore_ament_install'
[2.959s] Level 1:colcon.colcon_core.package_identification:_identify(darknet_ros_yolov4/darknet_ros/darknet/cfg/yolov1) by extensions ['colcon_pkg']
[2.960s] Level 1:colcon.colcon_core.package_identification:_identify(darknet_ros_yolov4/darknet_ros/darknet/cfg/yolov1) by extension 'colcon_pkg'
[2.960s] Level 1:colcon.colcon_core.package_identification:_identify(darknet_ros_yolov4/darknet_ros/darknet/cfg/yolov1) by extensions ['colcon_meta']
[2.960s] Level 1:colcon.colcon_core.package_identification:_identify(darknet_ros_yolov4/darknet_ros/darknet/cfg/yolov1) by extension 'colcon_meta'
[2.961s] Level 1:colcon.colcon_core.package_identification:_identify(darknet_ros_yolov4/darknet_ros/darknet/cfg/yolov1) by extensions ['ros']
[2.961s] Level 1:colcon.colcon_core.package_identification:_identify(darknet_ros_yolov4/darknet_ros/darknet/cfg/yolov1) by extension 'ros'
[2.962s] Level 1:colcon.colcon_core.package_identification:_identify(darknet_ros_yolov4/darknet_ros/darknet/cfg/yolov1) by extensions ['cmake', 'python']
[2.962s] Level 1:colcon.colcon_core.package_identification:_identify(darknet_ros_yolov4/darknet_ros/darknet/cfg/yolov1) by extension 'cmake'
[2.963s] Level 1:colcon.colcon_core.package_identification:_identify(darknet_ros_yolov4/darknet_ros/darknet/cfg/yolov1) by extension 'python'
[2.963s] Level 1:colcon.colcon_core.package_identification:_identify(darknet_ros_yolov4/darknet_ros/darknet/cfg/yolov1) by extensions ['python_setup_py']
[2.963s] Level 1:colcon.colcon_core.package_identification:_identify(darknet_ros_yolov4/darknet_ros/darknet/cfg/yolov1) by extension 'python_setup_py'
[2.964s] Level 1:colcon.colcon_core.package_identification:_identify(darknet_ros_yolov4/darknet_ros/darknet/cmake) by extensions ['ignore', 'ignore_ament_install']
[2.964s] Level 1:colcon.colcon_core.package_identification:_identify(darknet_ros_yolov4/darknet_ros/darknet/cmake) by extension 'ignore'
[2.964s] Level 1:colcon.colcon_core.package_identification:_identify(darknet_ros_yolov4/darknet_ros/darknet/cmake) by extension 'ignore_ament_install'
[2.965s] Level 1:colcon.colcon_core.package_identification:_identify(darknet_ros_yolov4/darknet_ros/darknet/cmake) by extensions ['colcon_pkg']
[2.965s] Level 1:colcon.colcon_core.package_identification:_identify(darknet_ros_yolov4/darknet_ros/darknet/cmake) by extension 'colcon_pkg'
[2.965s] Level 1:colcon.colcon_core.package_identification:_identify(darknet_ros_yolov4/darknet_ros/darknet/cmake) by extensions ['colcon_meta']
[2.965s] Level 1:colcon.colcon_core.package_identification:_identify(darknet_ros_yolov4/darknet_ros/darknet/cmake) by extension 'colcon_meta'
[2.965s] Level 1:colcon.colcon_core.package_identification:_identify(darknet_ros_yolov4/darknet_ros/darknet/cmake) by extensions ['ros']
[2.966s] Level 1:colcon.colcon_core.package_identification:_identify(darknet_ros_yolov4/darknet_ros/darknet/cmake) by extension 'ros'
[2.966s] Level 1:colcon.colcon_core.package_identification:_identify(darknet_ros_yolov4/darknet_ros/darknet/cmake) by extensions ['cmake', 'python']
[2.966s] Level 1:colcon.colcon_core.package_identification:_identify(darknet_ros_yolov4/darknet_ros/darknet/cmake) by extension 'cmake'
[2.966s] Level 1:colcon.colcon_core.package_identification:_identify(darknet_ros_yolov4/darknet_ros/darknet/cmake) by extension 'python'
[2.967s] Level 1:colcon.colcon_core.package_identification:_identify(darknet_ros_yolov4/darknet_ros/darknet/cmake) by extensions ['python_setup_py']
[2.967s] Level 1:colcon.colcon_core.package_identification:_identify(darknet_ros_yolov4/darknet_ros/darknet/cmake) by extension 'python_setup_py'
[2.967s] Level 1:colcon.colcon_core.package_identification:_identify(darknet_ros_yolov4/darknet_ros/darknet/cmake/Modules) by extensions ['ignore', 'ignore_ament_install']
[2.968s] Level 1:colcon.colcon_core.package_identification:_identify(darknet_ros_yolov4/darknet_ros/darknet/cmake/Modules) by extension 'ignore'
[2.968s] Level 1:colcon.colcon_core.package_identification:_identify(darknet_ros_yolov4/darknet_ros/darknet/cmake/Modules) by extension 'ignore_ament_install'
[2.968s] Level 1:colcon.colcon_core.package_identification:_identify(darknet_ros_yolov4/darknet_ros/darknet/cmake/Modules) by extensions ['colcon_pkg']
[2.968s] Level 1:colcon.colcon_core.package_identification:_identify(darknet_ros_yolov4/darknet_ros/darknet/cmake/Modules) by extension 'colcon_pkg'
[2.968s] Level 1:colcon.colcon_core.package_identification:_identify(darknet_ros_yolov4/darknet_ros/darknet/cmake/Modules) by extensions ['colcon_meta']
[2.969s] Level 1:colcon.colcon_core.package_identification:_identify(darknet_ros_yolov4/darknet_ros/darknet/cmake/Modules) by extension 'colcon_meta'
[2.969s] Level 1:colcon.colcon_core.package_identification:_identify(darknet_ros_yolov4/darknet_ros/darknet/cmake/Modules) by extensions ['ros']
[2.969s] Level 1:colcon.colcon_core.package_identification:_identify(darknet_ros_yolov4/darknet_ros/darknet/cmake/Modules) by extension 'ros'
[2.969s] Level 1:colcon.colcon_core.package_identification:_identify(darknet_ros_yolov4/darknet_ros/darknet/cmake/Modules) by extensions ['cmake', 'python']
[2.970s] Level 1:colcon.colcon_core.package_identification:_identify(darknet_ros_yolov4/darknet_ros/darknet/cmake/Modules) by extension 'cmake'
[2.970s] Level 1:colcon.colcon_core.package_identification:_identify(darknet_ros_yolov4/darknet_ros/darknet/cmake/Modules) by extension 'python'
[2.970s] Level 1:colcon.colcon_core.package_identification:_identify(darknet_ros_yolov4/darknet_ros/darknet/cmake/Modules) by extensions ['python_setup_py']
[2.970s] Level 1:colcon.colcon_core.package_identification:_identify(darknet_ros_yolov4/darknet_ros/darknet/cmake/Modules) by extension 'python_setup_py'
[2.971s] Level 1:colcon.colcon_core.package_identification:_identify(darknet_ros_yolov4/darknet_ros/darknet/data) by extensions ['ignore', 'ignore_ament_install']
[2.972s] Level 1:colcon.colcon_core.package_identification:_identify(darknet_ros_yolov4/darknet_ros/darknet/data) by extension 'ignore'
[2.972s] Level 1:colcon.colcon_core.package_identification:_identify(darknet_ros_yolov4/darknet_ros/darknet/data) by extension 'ignore_ament_install'
[2.973s] Level 1:colcon.colcon_core.package_identification:_identify(darknet_ros_yolov4/darknet_ros/darknet/data) by extensions ['colcon_pkg']
[2.973s] Level 1:colcon.colcon_core.package_identification:_identify(darknet_ros_yolov4/darknet_ros/darknet/data) by extension 'colcon_pkg'
[2.973s] Level 1:colcon.colcon_core.package_identification:_identify(darknet_ros_yolov4/darknet_ros/darknet/data) by extensions ['colcon_meta']
[2.973s] Level 1:colcon.colcon_core.package_identification:_identify(darknet_ros_yolov4/darknet_ros/darknet/data) by extension 'colcon_meta'
[2.974s] Level 1:colcon.colcon_core.package_identification:_identify(darknet_ros_yolov4/darknet_ros/darknet/data) by extensions ['ros']
[2.974s] Level 1:colcon.colcon_core.package_identification:_identify(darknet_ros_yolov4/darknet_ros/darknet/data) by extension 'ros'
[2.974s] Level 1:colcon.colcon_core.package_identification:_identify(darknet_ros_yolov4/darknet_ros/darknet/data) by extensions ['cmake', 'python']
[2.975s] Level 1:colcon.colcon_core.package_identification:_identify(darknet_ros_yolov4/darknet_ros/darknet/data) by extension 'cmake'
[2.975s] Level 1:colcon.colcon_core.package_identification:_identify(darknet_ros_yolov4/darknet_ros/darknet/data) by extension 'python'
[2.975s] Level 1:colcon.colcon_core.package_identification:_identify(darknet_ros_yolov4/darknet_ros/darknet/data) by extensions ['python_setup_py']
[2.975s] Level 1:colcon.colcon_core.package_identification:_identify(darknet_ros_yolov4/darknet_ros/darknet/data) by extension 'python_setup_py'
[2.981s] Level 1:colcon.colcon_core.package_identification:_identify(darknet_ros_yolov4/darknet_ros/darknet/data/labels) by extensions ['ignore', 'ignore_ament_install']
[2.982s] Level 1:colcon.colcon_core.package_identification:_identify(darknet_ros_yolov4/darknet_ros/darknet/data/labels) by extension 'ignore'
[2.982s] Level 1:colcon.colcon_core.package_identification:_identify(darknet_ros_yolov4/darknet_ros/darknet/data/labels) by extension 'ignore_ament_install'
[2.983s] Level 1:colcon.colcon_core.package_identification:_identify(darknet_ros_yolov4/darknet_ros/darknet/data/labels) by extensions ['colcon_pkg']
[2.983s] Level 1:colcon.colcon_core.package_identification:_identify(darknet_ros_yolov4/darknet_ros/darknet/data/labels) by extension 'colcon_pkg'
[2.984s] Level 1:colcon.colcon_core.package_identification:_identify(darknet_ros_yolov4/darknet_ros/darknet/data/labels) by extensions ['colcon_meta']
[2.984s] Level 1:colcon.colcon_core.package_identification:_identify(darknet_ros_yolov4/darknet_ros/darknet/data/labels) by extension 'colcon_meta'
[2.985s] Level 1:colcon.colcon_core.package_identification:_identify(darknet_ros_yolov4/darknet_ros/darknet/data/labels) by extensions ['ros']
[2.985s] Level 1:colcon.colcon_core.package_identification:_identify(darknet_ros_yolov4/darknet_ros/darknet/data/labels) by extension 'ros'
[2.986s] Level 1:colcon.colcon_core.package_identification:_identify(darknet_ros_yolov4/darknet_ros/darknet/data/labels) by extensions ['cmake', 'python']
[2.987s] Level 1:colcon.colcon_core.package_identification:_identify(darknet_ros_yolov4/darknet_ros/darknet/data/labels) by extension 'cmake'
[2.987s] Level 1:colcon.colcon_core.package_identification:_identify(darknet_ros_yolov4/darknet_ros/darknet/data/labels) by extension 'python'
[2.987s] Level 1:colcon.colcon_core.package_identification:_identify(darknet_ros_yolov4/darknet_ros/darknet/data/labels) by extensions ['python_setup_py']
[2.988s] Level 1:colcon.colcon_core.package_identification:_identify(darknet_ros_yolov4/darknet_ros/darknet/data/labels) by extension 'python_setup_py'
[2.989s] Level 1:colcon.colcon_core.package_identification:_identify(darknet_ros_yolov4/darknet_ros/darknet/include) by extensions ['ignore', 'ignore_ament_install']
[2.989s] Level 1:colcon.colcon_core.package_identification:_identify(darknet_ros_yolov4/darknet_ros/darknet/include) by extension 'ignore'
[2.990s] Level 1:colcon.colcon_core.package_identification:_identify(darknet_ros_yolov4/darknet_ros/darknet/include) by extension 'ignore_ament_install'
[2.991s] Level 1:colcon.colcon_core.package_identification:_identify(darknet_ros_yolov4/darknet_ros/darknet/include) by extensions ['colcon_pkg']
[2.991s] Level 1:colcon.colcon_core.package_identification:_identify(darknet_ros_yolov4/darknet_ros/darknet/include) by extension 'colcon_pkg'
[2.992s] Level 1:colcon.colcon_core.package_identification:_identify(darknet_ros_yolov4/darknet_ros/darknet/include) by extensions ['colcon_meta']
[2.992s] Level 1:colcon.colcon_core.package_identification:_identify(darknet_ros_yolov4/darknet_ros/darknet/include) by extension 'colcon_meta'
[2.993s] Level 1:colcon.colcon_core.package_identification:_identify(darknet_ros_yolov4/darknet_ros/darknet/include) by extensions ['ros']
[2.993s] Level 1:colcon.colcon_core.package_identification:_identify(darknet_ros_yolov4/darknet_ros/darknet/include) by extension 'ros'
[2.994s] Level 1:colcon.colcon_core.package_identification:_identify(darknet_ros_yolov4/darknet_ros/darknet/include) by extensions ['cmake', 'python']
[2.994s] Level 1:colcon.colcon_core.package_identification:_identify(darknet_ros_yolov4/darknet_ros/darknet/include) by extension 'cmake'
[2.995s] Level 1:colcon.colcon_core.package_identification:_identify(darknet_ros_yolov4/darknet_ros/darknet/include) by extension 'python'
[2.995s] Level 1:colcon.colcon_core.package_identification:_identify(darknet_ros_yolov4/darknet_ros/darknet/include) by extensions ['python_setup_py']
[2.995s] Level 1:colcon.colcon_core.package_identification:_identify(darknet_ros_yolov4/darknet_ros/darknet/include) by extension 'python_setup_py'
[2.996s] Level 1:colcon.colcon_core.package_identification:_identify(darknet_ros_yolov4/darknet_ros/darknet/results) by extensions ['ignore', 'ignore_ament_install']
[2.997s] Level 1:colcon.colcon_core.package_identification:_identify(darknet_ros_yolov4/darknet_ros/darknet/results) by extension 'ignore'
[2.998s] Level 1:colcon.colcon_core.package_identification:_identify(darknet_ros_yolov4/darknet_ros/darknet/results) by extension 'ignore_ament_install'
[2.999s] Level 1:colcon.colcon_core.package_identification:_identify(darknet_ros_yolov4/darknet_ros/darknet/results) by extensions ['colcon_pkg']
[3.000s] Level 1:colcon.colcon_core.package_identification:_identify(darknet_ros_yolov4/darknet_ros/darknet/results) by extension 'colcon_pkg'
[3.001s] Level 1:colcon.colcon_core.package_identification:_identify(darknet_ros_yolov4/darknet_ros/darknet/results) by extensions ['colcon_meta']
[3.001s] Level 1:colcon.colcon_core.package_identification:_identify(darknet_ros_yolov4/darknet_ros/darknet/results) by extension 'colcon_meta'
[3.002s] Level 1:colcon.colcon_core.package_identification:_identify(darknet_ros_yolov4/darknet_ros/darknet/results) by extensions ['ros']
[3.002s] Level 1:colcon.colcon_core.package_identification:_identify(darknet_ros_yolov4/darknet_ros/darknet/results) by extension 'ros'
[3.003s] Level 1:colcon.colcon_core.package_identification:_identify(darknet_ros_yolov4/darknet_ros/darknet/results) by extensions ['cmake', 'python']
[3.003s] Level 1:colcon.colcon_core.package_identification:_identify(darknet_ros_yolov4/darknet_ros/darknet/results) by extension 'cmake'
[3.003s] Level 1:colcon.colcon_core.package_identification:_identify(darknet_ros_yolov4/darknet_ros/darknet/results) by extension 'python'
[3.004s] Level 1:colcon.colcon_core.package_identification:_identify(darknet_ros_yolov4/darknet_ros/darknet/results) by extensions ['python_setup_py']
[3.005s] Level 1:colcon.colcon_core.package_identification:_identify(darknet_ros_yolov4/darknet_ros/darknet/results) by extension 'python_setup_py'
[3.006s] Level 1:colcon.colcon_core.package_identification:_identify(darknet_ros_yolov4/darknet_ros/darknet/scripts) by extensions ['ignore', 'ignore_ament_install']
[3.007s] Level 1:colcon.colcon_core.package_identification:_identify(darknet_ros_yolov4/darknet_ros/darknet/scripts) by extension 'ignore'
[3.007s] Level 1:colcon.colcon_core.package_identification:_identify(darknet_ros_yolov4/darknet_ros/darknet/scripts) by extension 'ignore_ament_install'
[3.007s] Level 1:colcon.colcon_core.package_identification:_identify(darknet_ros_yolov4/darknet_ros/darknet/scripts) by extensions ['colcon_pkg']
[3.008s] Level 1:colcon.colcon_core.package_identification:_identify(darknet_ros_yolov4/darknet_ros/darknet/scripts) by extension 'colcon_pkg'
[3.008s] Level 1:colcon.colcon_core.package_identification:_identify(darknet_ros_yolov4/darknet_ros/darknet/scripts) by extensions ['colcon_meta']
[3.008s] Level 1:colcon.colcon_core.package_identification:_identify(darknet_ros_yolov4/darknet_ros/darknet/scripts) by extension 'colcon_meta'
[3.008s] Level 1:colcon.colcon_core.package_identification:_identify(darknet_ros_yolov4/darknet_ros/darknet/scripts) by extensions ['ros']
[3.009s] Level 1:colcon.colcon_core.package_identification:_identify(darknet_ros_yolov4/darknet_ros/darknet/scripts) by extension 'ros'
[3.009s] Level 1:colcon.colcon_core.package_identification:_identify(darknet_ros_yolov4/darknet_ros/darknet/scripts) by extensions ['cmake', 'python']
[3.009s] Level 1:colcon.colcon_core.package_identification:_identify(darknet_ros_yolov4/darknet_ros/darknet/scripts) by extension 'cmake'
[3.009s] Level 1:colcon.colcon_core.package_identification:_identify(darknet_ros_yolov4/darknet_ros/darknet/scripts) by extension 'python'
[3.010s] Level 1:colcon.colcon_core.package_identification:_identify(darknet_ros_yolov4/darknet_ros/darknet/scripts) by extensions ['python_setup_py']
[3.010s] Level 1:colcon.colcon_core.package_identification:_identify(darknet_ros_yolov4/darknet_ros/darknet/scripts) by extension 'python_setup_py'
[3.010s] Level 1:colcon.colcon_core.package_identification:_identify(darknet_ros_yolov4/darknet_ros/darknet/scripts/log_parser) by extensions ['ignore', 'ignore_ament_install']
[3.011s] Level 1:colcon.colcon_core.package_identification:_identify(darknet_ros_yolov4/darknet_ros/darknet/scripts/log_parser) by extension 'ignore'
[3.011s] Level 1:colcon.colcon_core.package_identification:_identify(darknet_ros_yolov4/darknet_ros/darknet/scripts/log_parser) by extension 'ignore_ament_install'
[3.011s] Level 1:colcon.colcon_core.package_identification:_identify(darknet_ros_yolov4/darknet_ros/darknet/scripts/log_parser) by extensions ['colcon_pkg']
[3.012s] Level 1:colcon.colcon_core.package_identification:_identify(darknet_ros_yolov4/darknet_ros/darknet/scripts/log_parser) by extension 'colcon_pkg'
[3.012s] Level 1:colcon.colcon_core.package_identification:_identify(darknet_ros_yolov4/darknet_ros/darknet/scripts/log_parser) by extensions ['colcon_meta']
[3.012s] Level 1:colcon.colcon_core.package_identification:_identify(darknet_ros_yolov4/darknet_ros/darknet/scripts/log_parser) by extension 'colcon_meta'
[3.012s] Level 1:colcon.colcon_core.package_identification:_identify(darknet_ros_yolov4/darknet_ros/darknet/scripts/log_parser) by extensions ['ros']
[3.012s] Level 1:colcon.colcon_core.package_identification:_identify(darknet_ros_yolov4/darknet_ros/darknet/scripts/log_parser) by extension 'ros'
[3.013s] Level 1:colcon.colcon_core.package_identification:_identify(darknet_ros_yolov4/darknet_ros/darknet/scripts/log_parser) by extensions ['cmake', 'python']
[3.013s] Level 1:colcon.colcon_core.package_identification:_identify(darknet_ros_yolov4/darknet_ros/darknet/scripts/log_parser) by extension 'cmake'
[3.013s] Level 1:colcon.colcon_core.package_identification:_identify(darknet_ros_yolov4/darknet_ros/darknet/scripts/log_parser) by extension 'python'
[3.014s] Level 1:colcon.colcon_core.package_identification:_identify(darknet_ros_yolov4/darknet_ros/darknet/scripts/log_parser) by extensions ['python_setup_py']
[3.014s] Level 1:colcon.colcon_core.package_identification:_identify(darknet_ros_yolov4/darknet_ros/darknet/scripts/log_parser) by extension 'python_setup_py'
[3.014s] Level 1:colcon.colcon_core.package_identification:_identify(darknet_ros_yolov4/darknet_ros/darknet/scripts/windows) by extensions ['ignore', 'ignore_ament_install']
[3.015s] Level 1:colcon.colcon_core.package_identification:_identify(darknet_ros_yolov4/darknet_ros/darknet/scripts/windows) by extension 'ignore'
[3.015s] Level 1:colcon.colcon_core.package_identification:_identify(darknet_ros_yolov4/darknet_ros/darknet/scripts/windows) by extension 'ignore_ament_install'
[3.015s] Level 1:colcon.colcon_core.package_identification:_identify(darknet_ros_yolov4/darknet_ros/darknet/scripts/windows) by extensions ['colcon_pkg']
[3.016s] Level 1:colcon.colcon_core.package_identification:_identify(darknet_ros_yolov4/darknet_ros/darknet/scripts/windows) by extension 'colcon_pkg'
[3.016s] Level 1:colcon.colcon_core.package_identification:_identify(darknet_ros_yolov4/darknet_ros/darknet/scripts/windows) by extensions ['colcon_meta']
[3.016s] Level 1:colcon.colcon_core.package_identification:_identify(darknet_ros_yolov4/darknet_ros/darknet/scripts/windows) by extension 'colcon_meta'
[3.016s] Level 1:colcon.colcon_core.package_identification:_identify(darknet_ros_yolov4/darknet_ros/darknet/scripts/windows) by extensions ['ros']
[3.016s] Level 1:colcon.colcon_core.package_identification:_identify(darknet_ros_yolov4/darknet_ros/darknet/scripts/windows) by extension 'ros'
[3.017s] Level 1:colcon.colcon_core.package_identification:_identify(darknet_ros_yolov4/darknet_ros/darknet/scripts/windows) by extensions ['cmake', 'python']
[3.017s] Level 1:colcon.colcon_core.package_identification:_identify(darknet_ros_yolov4/darknet_ros/darknet/scripts/windows) by extension 'cmake'
[3.017s] Level 1:colcon.colcon_core.package_identification:_identify(darknet_ros_yolov4/darknet_ros/darknet/scripts/windows) by extension 'python'
[3.017s] Level 1:colcon.colcon_core.package_identification:_identify(darknet_ros_yolov4/darknet_ros/darknet/scripts/windows) by extensions ['python_setup_py']
[3.018s] Level 1:colcon.colcon_core.package_identification:_identify(darknet_ros_yolov4/darknet_ros/darknet/scripts/windows) by extension 'python_setup_py'
[3.019s] Level 1:colcon.colcon_core.package_identification:_identify(darknet_ros_yolov4/darknet_ros/darknet/src) by extensions ['ignore', 'ignore_ament_install']
[3.019s] Level 1:colcon.colcon_core.package_identification:_identify(darknet_ros_yolov4/darknet_ros/darknet/src) by extension 'ignore'
[3.020s] Level 1:colcon.colcon_core.package_identification:_identify(darknet_ros_yolov4/darknet_ros/darknet/src) by extension 'ignore_ament_install'
[3.020s] Level 1:colcon.colcon_core.package_identification:_identify(darknet_ros_yolov4/darknet_ros/darknet/src) by extensions ['colcon_pkg']
[3.020s] Level 1:colcon.colcon_core.package_identification:_identify(darknet_ros_yolov4/darknet_ros/darknet/src) by extension 'colcon_pkg'
[3.021s] Level 1:colcon.colcon_core.package_identification:_identify(darknet_ros_yolov4/darknet_ros/darknet/src) by extensions ['colcon_meta']
[3.021s] Level 1:colcon.colcon_core.package_identification:_identify(darknet_ros_yolov4/darknet_ros/darknet/src) by extension 'colcon_meta'
[3.021s] Level 1:colcon.colcon_core.package_identification:_identify(darknet_ros_yolov4/darknet_ros/darknet/src) by extensions ['ros']
[3.021s] Level 1:colcon.colcon_core.package_identification:_identify(darknet_ros_yolov4/darknet_ros/darknet/src) by extension 'ros'
[3.022s] Level 1:colcon.colcon_core.package_identification:_identify(darknet_ros_yolov4/darknet_ros/darknet/src) by extensions ['cmake', 'python']
[3.022s] Level 1:colcon.colcon_core.package_identification:_identify(darknet_ros_yolov4/darknet_ros/darknet/src) by extension 'cmake'
[3.022s] Level 1:colcon.colcon_core.package_identification:_identify(darknet_ros_yolov4/darknet_ros/darknet/src) by extension 'python'
[3.023s] Level 1:colcon.colcon_core.package_identification:_identify(darknet_ros_yolov4/darknet_ros/darknet/src) by extensions ['python_setup_py']
[3.023s] Level 1:colcon.colcon_core.package_identification:_identify(darknet_ros_yolov4/darknet_ros/darknet/src) by extension 'python_setup_py'
[3.024s] Level 1:colcon.colcon_core.package_identification:_identify(darknet_ros_yolov4/darknet_ros/darknet_ros) by extensions ['ignore', 'ignore_ament_install']
[3.025s] Level 1:colcon.colcon_core.package_identification:_identify(darknet_ros_yolov4/darknet_ros/darknet_ros) by extension 'ignore'
[3.025s] Level 1:colcon.colcon_core.package_identification:_identify(darknet_ros_yolov4/darknet_ros/darknet_ros) by extension 'ignore_ament_install'
[3.026s] Level 1:colcon.colcon_core.package_identification:_identify(darknet_ros_yolov4/darknet_ros/darknet_ros) by extensions ['colcon_pkg']
[3.027s] Level 1:colcon.colcon_core.package_identification:_identify(darknet_ros_yolov4/darknet_ros/darknet_ros) by extension 'colcon_pkg'
[3.027s] Level 1:colcon.colcon_core.package_identification:_identify(darknet_ros_yolov4/darknet_ros/darknet_ros) by extensions ['colcon_meta']
[3.027s] Level 1:colcon.colcon_core.package_identification:_identify(darknet_ros_yolov4/darknet_ros/darknet_ros) by extension 'colcon_meta'
[3.028s] Level 1:colcon.colcon_core.package_identification:_identify(darknet_ros_yolov4/darknet_ros/darknet_ros) by extensions ['ros']
[3.028s] Level 1:colcon.colcon_core.package_identification:_identify(darknet_ros_yolov4/darknet_ros/darknet_ros) by extension 'ros'
[3.035s] DEBUG:colcon.colcon_core.package_identification:Package 'darknet_ros_yolov4/darknet_ros/darknet_ros' with type 'ros.ament_cmake' and name 'darknet_ros'
[3.036s] Level 1:colcon.colcon_core.package_identification:_identify(darknet_ros_yolov4/darknet_ros/darknet_ros_msgs) by extensions ['ignore', 'ignore_ament_install']
[3.036s] Level 1:colcon.colcon_core.package_identification:_identify(darknet_ros_yolov4/darknet_ros/darknet_ros_msgs) by extension 'ignore'
[3.037s] Level 1:colcon.colcon_core.package_identification:_identify(darknet_ros_yolov4/darknet_ros/darknet_ros_msgs) by extension 'ignore_ament_install'
[3.037s] Level 1:colcon.colcon_core.package_identification:_identify(darknet_ros_yolov4/darknet_ros/darknet_ros_msgs) by extensions ['colcon_pkg']
[3.037s] Level 1:colcon.colcon_core.package_identification:_identify(darknet_ros_yolov4/darknet_ros/darknet_ros_msgs) by extension 'colcon_pkg'
[3.038s] Level 1:colcon.colcon_core.package_identification:_identify(darknet_ros_yolov4/darknet_ros/darknet_ros_msgs) by extensions ['colcon_meta']
[3.038s] Level 1:colcon.colcon_core.package_identification:_identify(darknet_ros_yolov4/darknet_ros/darknet_ros_msgs) by extension 'colcon_meta'
[3.038s] Level 1:colcon.colcon_core.package_identification:_identify(darknet_ros_yolov4/darknet_ros/darknet_ros_msgs) by extensions ['ros']
[3.038s] Level 1:colcon.colcon_core.package_identification:_identify(darknet_ros_yolov4/darknet_ros/darknet_ros_msgs) by extension 'ros'
[3.043s] DEBUG:colcon.colcon_core.package_identification:Package 'darknet_ros_yolov4/darknet_ros/darknet_ros_msgs' with type 'ros.ament_cmake' and name 'darknet_ros_msgs'
[3.044s] Level 1:colcon.colcon_core.package_identification:_identify(darknet_ros_yolov4/pictures) by extensions ['ignore', 'ignore_ament_install']
[3.045s] Level 1:colcon.colcon_core.package_identification:_identify(darknet_ros_yolov4/pictures) by extension 'ignore'
[3.045s] Level 1:colcon.colcon_core.package_identification:_identify(darknet_ros_yolov4/pictures) by extension 'ignore_ament_install'
[3.046s] Level 1:colcon.colcon_core.package_identification:_identify(darknet_ros_yolov4/pictures) by extensions ['colcon_pkg']
[3.046s] Level 1:colcon.colcon_core.package_identification:_identify(darknet_ros_yolov4/pictures) by extension 'colcon_pkg'
[3.047s] Level 1:colcon.colcon_core.package_identification:_identify(darknet_ros_yolov4/pictures) by extensions ['colcon_meta']
[3.047s] Level 1:colcon.colcon_core.package_identification:_identify(darknet_ros_yolov4/pictures) by extension 'colcon_meta'
[3.047s] Level 1:colcon.colcon_core.package_identification:_identify(darknet_ros_yolov4/pictures) by extensions ['ros']
[3.047s] Level 1:colcon.colcon_core.package_identification:_identify(darknet_ros_yolov4/pictures) by extension 'ros'
[3.048s] Level 1:colcon.colcon_core.package_identification:_identify(darknet_ros_yolov4/pictures) by extensions ['cmake', 'python']
[3.048s] Level 1:colcon.colcon_core.package_identification:_identify(darknet_ros_yolov4/pictures) by extension 'cmake'
[3.048s] Level 1:colcon.colcon_core.package_identification:_identify(darknet_ros_yolov4/pictures) by extension 'python'
[3.049s] Level 1:colcon.colcon_core.package_identification:_identify(darknet_ros_yolov4/pictures) by extensions ['python_setup_py']
[3.049s] Level 1:colcon.colcon_core.package_identification:_identify(darknet_ros_yolov4/pictures) by extension 'python_setup_py'
[3.049s] Level 1:colcon.colcon_core.package_identification:_identify(install) by extensions ['ignore', 'ignore_ament_install']
[3.050s] Level 1:colcon.colcon_core.package_identification:_identify(install) by extension 'ignore'
[3.050s] Level 1:colcon.colcon_core.package_identification:_identify(install) ignored
[3.051s] Level 1:colcon.colcon_core.package_identification:_identify(log) by extensions ['ignore', 'ignore_ament_install']
[3.051s] Level 1:colcon.colcon_core.package_identification:_identify(log) by extension 'ignore'
[3.052s] Level 1:colcon.colcon_core.package_identification:_identify(log) ignored
[3.052s] Level 1:colcon.colcon_core.package_identification:_identify(px4_msgs) by extensions ['ignore', 'ignore_ament_install']
[3.053s] Level 1:colcon.colcon_core.package_identification:_identify(px4_msgs) by extension 'ignore'
[3.053s] Level 1:colcon.colcon_core.package_identification:_identify(px4_msgs) by extension 'ignore_ament_install'
[3.053s] Level 1:colcon.colcon_core.package_identification:_identify(px4_msgs) by extensions ['colcon_pkg']
[3.054s] Level 1:colcon.colcon_core.package_identification:_identify(px4_msgs) by extension 'colcon_pkg'
[3.054s] Level 1:colcon.colcon_core.package_identification:_identify(px4_msgs) by extensions ['colcon_meta']
[3.054s] Level 1:colcon.colcon_core.package_identification:_identify(px4_msgs) by extension 'colcon_meta'
[3.054s] Level 1:colcon.colcon_core.package_identification:_identify(px4_msgs) by extensions ['ros']
[3.054s] Level 1:colcon.colcon_core.package_identification:_identify(px4_msgs) by extension 'ros'
[3.057s] DEBUG:colcon.colcon_core.package_identification:Package 'px4_msgs' with type 'ros.ament_cmake' and name 'px4_msgs'
[3.058s] Level 1:colcon.colcon_core.package_identification:_identify(px4_ros_com) by extensions ['ignore', 'ignore_ament_install']
[3.058s] Level 1:colcon.colcon_core.package_identification:_identify(px4_ros_com) by extension 'ignore'
[3.059s] Level 1:colcon.colcon_core.package_identification:_identify(px4_ros_com) by extension 'ignore_ament_install'
[3.059s] Level 1:colcon.colcon_core.package_identification:_identify(px4_ros_com) by extensions ['colcon_pkg']
[3.060s] Level 1:colcon.colcon_core.package_identification:_identify(px4_ros_com) by extension 'colcon_pkg'
[3.060s] Level 1:colcon.colcon_core.package_identification:_identify(px4_ros_com) by extensions ['colcon_meta']
[3.060s] Level 1:colcon.colcon_core.package_identification:_identify(px4_ros_com) by extension 'colcon_meta'
[3.061s] Level 1:colcon.colcon_core.package_identification:_identify(px4_ros_com) by extensions ['ros']
[3.061s] Level 1:colcon.colcon_core.package_identification:_identify(px4_ros_com) by extension 'ros'
[3.067s] DEBUG:colcon.colcon_core.package_identification:Package 'px4_ros_com' with type 'ros.ament_cmake' and name 'px4_ros_com'
[3.068s] Level 1:colcon.colcon_core.package_identification:_identify(termal) by extensions ['ignore', 'ignore_ament_install']
[3.068s] Level 1:colcon.colcon_core.package_identification:_identify(termal) by extension 'ignore'
[3.068s] Level 1:colcon.colcon_core.package_identification:_identify(termal) by extension 'ignore_ament_install'
[3.069s] Level 1:colcon.colcon_core.package_identification:_identify(termal) by extensions ['colcon_pkg']
[3.069s] Level 1:colcon.colcon_core.package_identification:_identify(termal) by extension 'colcon_pkg'
[3.069s] Level 1:colcon.colcon_core.package_identification:_identify(termal) by extensions ['colcon_meta']
[3.069s] Level 1:colcon.colcon_core.package_identification:_identify(termal) by extension 'colcon_meta'
[3.069s] Level 1:colcon.colcon_core.package_identification:_identify(termal) by extensions ['ros']
[3.070s] Level 1:colcon.colcon_core.package_identification:_identify(termal) by extension 'ros'
[3.074s] DEBUG:colcon.colcon_core.package_identification:Package 'termal' with type 'ros.ament_python' and name 'termal'
[3.075s] Level 1:colcon.colcon_core.package_identification:_identify(yolo_den) by extensions ['ignore', 'ignore_ament_install']
[3.075s] Level 1:colcon.colcon_core.package_identification:_identify(yolo_den) by extension 'ignore'
[3.075s] Level 1:colcon.colcon_core.package_identification:_identify(yolo_den) by extension 'ignore_ament_install'
[3.075s] Level 1:colcon.colcon_core.package_identification:_identify(yolo_den) by extensions ['colcon_pkg']
[3.076s] Level 1:colcon.colcon_core.package_identification:_identify(yolo_den) by extension 'colcon_pkg'
[3.076s] Level 1:colcon.colcon_core.package_identification:_identify(yolo_den) by extensions ['colcon_meta']
[3.076s] Level 1:colcon.colcon_core.package_identification:_identify(yolo_den) by extension 'colcon_meta'
[3.076s] Level 1:colcon.colcon_core.package_identification:_identify(yolo_den) by extensions ['ros']
[3.076s] Level 1:colcon.colcon_core.package_identification:_identify(yolo_den) by extension 'ros'
[3.081s] DEBUG:colcon.colcon_core.package_identification:Package 'yolo_den' with type 'ros.ament_python' and name 'yolo_den'
[3.081s] Level 1:colcon.colcon_core.package_discovery:discover_packages(recursive) using defaults
[3.082s] Level 1:colcon.colcon_core.package_discovery:discover_packages(ignore) discover
[3.082s] Level 1:colcon.colcon_core.package_discovery:discover_packages(ignore) using defaults
[3.082s] Level 1:colcon.colcon_core.package_discovery:discover_packages(path) discover
[3.082s] Level 1:colcon.colcon_core.package_discovery:discover_packages(path) using defaults
[3.219s] INFO:colcon.colcon_core.package_selection:Skipping not selected package 'cvdeneme' in 'cvdeneme'
[3.220s] INFO:colcon.colcon_core.package_selection:Skipping not selected package 'darknet_ros_msgs' in 'darknet_ros_yolov4/darknet_ros/darknet_ros_msgs'
[3.220s] INFO:colcon.colcon_core.package_selection:Skipping not selected package 'px4_msgs' in 'px4_msgs'
[3.220s] INFO:colcon.colcon_core.package_selection:Skipping not selected package 'termal' in 'termal'
[3.220s] INFO:colcon.colcon_core.package_selection:Skipping not selected package 'yolo_den' in 'yolo_den'
[3.221s] INFO:colcon.colcon_core.package_selection:Skipping not selected package 'darknet_ros' in 'darknet_ros_yolov4/darknet_ros/darknet_ros'
[3.221s] INFO:colcon.colcon_core.package_selection:Skipping not selected package 'px4_ros_com' in 'px4_ros_com'
[3.226s] Level 1:colcon.colcon_core.package_discovery:discover_packages(prefix_path) check parameters
[3.226s] Level 1:colcon.colcon_core.package_discovery:discover_packages(prefix_path) discover
[3.247s] DEBUG:colcon.colcon_installed_package_information.package_discovery:Found 8 installed packages in /home/jetson/ros2_ws/install
[3.259s] DEBUG:colcon.colcon_installed_package_information.package_discovery:Found 259 installed packages in /opt/ros/foxy
[3.270s] Level 1:colcon.colcon_core.package_discovery:discover_packages(prefix_path) using defaults
[3.736s] Level 5:colcon.colcon_core.verb:set package 'count' build argument 'cmake_args' from command line to 'None'
[3.737s] Level 5:colcon.colcon_core.verb:set package 'count' build argument 'cmake_target' from command line to 'None'
[3.738s] Level 5:colcon.colcon_core.verb:set package 'count' build argument 'cmake_target_skip_unavailable' from command line to 'False'
[3.738s] Level 5:colcon.colcon_core.verb:set package 'count' build argument 'cmake_clean_cache' from command line to 'False'
[3.738s] Level 5:colcon.colcon_core.verb:set package 'count' build argument 'cmake_clean_first' from command line to 'False'
[3.738s] Level 5:colcon.colcon_core.verb:set package 'count' build argument 'cmake_force_configure' from command line to 'False'
[3.739s] Level 5:colcon.colcon_core.verb:set package 'count' build argument 'ament_cmake_args' from command line to 'None'
[3.739s] Level 5:colcon.colcon_core.verb:set package 'count' build argument 'catkin_cmake_args' from command line to 'None'
[3.739s] Level 5:colcon.colcon_core.verb:set package 'count' build argument 'catkin_skip_building_tests' from command line to 'False'
[3.739s] DEBUG:colcon.colcon_core.verb:Building package 'count' with the following arguments: {'ament_cmake_args': None, 'build_base': '/home/jetson/ros2_ws/src/build/count', 'catkin_cmake_args': None, 'catkin_skip_building_tests': False, 'cmake_args': None, 'cmake_clean_cache': False, 'cmake_clean_first': False, 'cmake_force_configure': False, 'cmake_target': None, 'cmake_target_skip_unavailable': False, 'install_base': '/home/jetson/ros2_ws/src/install/count', 'merge_install': False, 'path': '/home/jetson/ros2_ws/src/count', 'symlink_install': False, 'test_result_base': None}
[3.746s] INFO:colcon.colcon_core.executor:Executing jobs using 'parallel' executor
[3.779s] DEBUG:colcon.colcon_parallel_executor.executor.parallel:run_until_complete
[3.781s] INFO:colcon.colcon_ros.task.ament_python.build:Building ROS package in '/home/jetson/ros2_ws/src/count' with build type 'ament_python'
[3.782s] Level 1:colcon.colcon_core.shell:create_environment_hook('count', 'ament_prefix_path')
[3.814s] INFO:colcon.colcon_core.plugin_system:Skipping extension 'colcon_core.shell.bat': Not used on non-Windows systems
[3.816s] INFO:colcon.colcon_core.shell:Creating environment hook '/home/jetson/ros2_ws/src/install/count/share/count/hook/ament_prefix_path.ps1'
[3.820s] INFO:colcon.colcon_core.shell:Creating environment descriptor '/home/jetson/ros2_ws/src/install/count/share/count/hook/ament_prefix_path.dsv'
[3.822s] INFO:colcon.colcon_core.shell:Creating environment hook '/home/jetson/ros2_ws/src/install/count/share/count/hook/ament_prefix_path.sh'
[3.834s] INFO:colcon.colcon_core.shell:Skip shell extension 'powershell' for command environment: Not usable outside of PowerShell
[3.834s] DEBUG:colcon.colcon_core.shell:Skip shell extension 'dsv' for command environment
[8.959s] INFO:colcon.colcon_core.task.python.build:Building Python package in '/home/jetson/ros2_ws/src/count'
[8.977s] INFO:colcon.colcon_core.shell:Skip shell extension 'powershell' for command environment: Not usable outside of PowerShell
[8.978s] DEBUG:colcon.colcon_core.shell:Skip shell extension 'dsv' for command environment
[15.846s] DEBUG:colcon.colcon_core.event_handler.log_command:Invoking command in '/home/jetson/ros2_ws/src/count': AMENT_PREFIX_PATH=/home/jetson/ros2_ws/src/install/darknet_ros_msgs:${AMENT_PREFIX_PATH} CMAKE_PREFIX_PATH=/home/jetson/ros2_ws/src/install/darknet_ros_msgs:${CMAKE_PREFIX_PATH} LD_LIBRARY_PATH=/home/jetson/ros2_ws/src/install/darknet_ros_msgs/lib:${LD_LIBRARY_PATH} PYTHONPATH=/home/jetson/ros2_ws/src/install/count/lib/python3.8/site-packages:/home/jetson/ros2_ws/src/install/darknet_ros_msgs/lib/python3.8/site-packages:${PYTHONPATH} /usr/bin/python3 setup.py egg_info --egg-base ../build/count build --build-base /home/jetson/ros2_ws/src/build/count/build install --prefix /home/jetson/ros2_ws/src/install/count --record /home/jetson/ros2_ws/src/build/count/install.log --single-version-externally-managed
[28.250s] DEBUG:colcon.colcon_core.event_handler.log_command:Invoked command in '/home/jetson/ros2_ws/src/count' returned '0': AMENT_PREFIX_PATH=/home/jetson/ros2_ws/src/install/darknet_ros_msgs:${AMENT_PREFIX_PATH} CMAKE_PREFIX_PATH=/home/jetson/ros2_ws/src/install/darknet_ros_msgs:${CMAKE_PREFIX_PATH} LD_LIBRARY_PATH=/home/jetson/ros2_ws/src/install/darknet_ros_msgs/lib:${LD_LIBRARY_PATH} PYTHONPATH=/home/jetson/ros2_ws/src/install/count/lib/python3.8/site-packages:/home/jetson/ros2_ws/src/install/darknet_ros_msgs/lib/python3.8/site-packages:${PYTHONPATH} /usr/bin/python3 setup.py egg_info --egg-base ../build/count build --build-base /home/jetson/ros2_ws/src/build/count/build install --prefix /home/jetson/ros2_ws/src/install/count --record /home/jetson/ros2_ws/src/build/count/install.log --single-version-externally-managed
[28.303s] Level 1:colcon.colcon_core.environment:checking '/home/jetson/ros2_ws/src/install/count' for CMake module files
[28.306s] Level 1:colcon.colcon_core.environment:checking '/home/jetson/ros2_ws/src/install/count' for CMake config files
[28.309s] Level 1:colcon.colcon_core.environment:checking '/home/jetson/ros2_ws/src/install/count/lib'
[28.310s] Level 1:colcon.colcon_core.environment:checking '/home/jetson/ros2_ws/src/install/count/bin'
[28.310s] Level 1:colcon.colcon_core.environment:checking '/home/jetson/ros2_ws/src/install/count/lib/pkgconfig/count.pc'
[28.311s] Level 1:colcon.colcon_core.environment:checking '/home/jetson/ros2_ws/src/install/count/lib/python3.8/site-packages'
[28.311s] Level 1:colcon.colcon_core.shell:create_environment_hook('count', 'pythonpath')
[28.321s] INFO:colcon.colcon_core.shell:Creating environment hook '/home/jetson/ros2_ws/src/install/count/share/count/hook/pythonpath.ps1'
[28.324s] INFO:colcon.colcon_core.shell:Creating environment descriptor '/home/jetson/ros2_ws/src/install/count/share/count/hook/pythonpath.dsv'
[28.326s] INFO:colcon.colcon_core.shell:Creating environment hook '/home/jetson/ros2_ws/src/install/count/share/count/hook/pythonpath.sh'
[28.329s] Level 1:colcon.colcon_core.environment:checking '/home/jetson/ros2_ws/src/install/count/bin'
[28.329s] Level 1:colcon.colcon_core.environment:create_environment_scripts_only(count)
[28.338s] INFO:colcon.colcon_core.shell:Creating package script '/home/jetson/ros2_ws/src/install/count/share/count/package.ps1'
[28.343s] INFO:colcon.colcon_core.shell:Creating package descriptor '/home/jetson/ros2_ws/src/install/count/share/count/package.dsv'
[28.345s] INFO:colcon.colcon_core.shell:Creating package script '/home/jetson/ros2_ws/src/install/count/share/count/package.sh'
[28.348s] INFO:colcon.colcon_core.shell:Creating package script '/home/jetson/ros2_ws/src/install/count/share/count/package.bash'
[28.351s] INFO:colcon.colcon_core.shell:Creating package script '/home/jetson/ros2_ws/src/install/count/share/count/package.zsh'
[28.354s] Level 1:colcon.colcon_core.environment:create_file_with_runtime_dependencies(/home/jetson/ros2_ws/src/install/count/share/colcon-core/packages/count)
[28.355s] DEBUG:colcon.colcon_parallel_executor.executor.parallel:closing loop
[28.357s] DEBUG:colcon.colcon_parallel_executor.executor.parallel:loop closed
[28.357s] DEBUG:colcon.colcon_parallel_executor.executor.parallel:run_until_complete finished with '0'
[28.358s] DEBUG:colcon.colcon_core.event_reactor:joining thread
[28.412s] INFO:colcon.colcon_core.plugin_system:Skipping extension 'colcon_notification.desktop_notification.terminal_notifier': Not used on non-Darwin systems
[28.413s] INFO:colcon.colcon_core.plugin_system:Skipping extension 'colcon_notification.desktop_notification.win32': Not used on non-Windows systems
[28.413s] INFO:colcon.colcon_notification.desktop_notification:Sending desktop notification using 'notify2'
[28.489s] DEBUG:colcon.colcon_core.event_reactor:joined thread
[28.504s] INFO:colcon.colcon_core.shell:Creating prefix script '/home/jetson/ros2_ws/src/install/local_setup.ps1'
[28.510s] INFO:colcon.colcon_core.shell:Creating prefix util module '/home/jetson/ros2_ws/src/install/_local_setup_util_ps1.py'
[28.518s] INFO:colcon.colcon_core.shell:Creating prefix chain script '/home/jetson/ros2_ws/src/install/setup.ps1'
[28.530s] INFO:colcon.colcon_core.shell:Creating prefix script '/home/jetson/ros2_ws/src/install/local_setup.sh'
[28.533s] INFO:colcon.colcon_core.shell:Creating prefix util module '/home/jetson/ros2_ws/src/install/_local_setup_util_sh.py'
[28.535s] INFO:colcon.colcon_core.shell:Creating prefix chain script '/home/jetson/ros2_ws/src/install/setup.sh'
[28.544s] INFO:colcon.colcon_core.shell:Creating prefix script '/home/jetson/ros2_ws/src/install/local_setup.bash'
[28.547s] INFO:colcon.colcon_core.shell:Creating prefix chain script '/home/jetson/ros2_ws/src/install/setup.bash'
[28.555s] INFO:colcon.colcon_core.shell:Creating prefix script '/home/jetson/ros2_ws/src/install/local_setup.zsh'
[28.557s] INFO:colcon.colcon_core.shell:Creating prefix chain script '/home/jetson/ros2_ws/src/install/setup.zsh'
