-- The C compiler identification is GNU 8.4.0
-- The CXX compiler identification is GNU 8.4.0
-- Check for working C compiler: /usr/bin/cc
-- Check for working C compiler: /usr/bin/cc -- works
-- Detecting C compiler ABI info
-- Detecting C compiler ABI info - done
-- Detecting C compile features
-- Detecting C compile features - done
-- Check for working CXX compiler: /usr/bin/c++
-- Check for working CXX compiler: /usr/bin/c++ -- works
-- Detecting CXX compiler ABI info
-- Detecting CXX compiler ABI info - done
-- Detecting CXX compile features
-- Detecting CXX compile features - done
-- Found ament_cmake: 0.9.9 (/opt/ros/foxy/share/ament_cmake/cmake)
-- Found PythonInterp: /usr/bin/python3 (found suitable version "3.8.10", minimum required is "3") 
-- Using PYTHON_EXECUTABLE: /usr/bin/python3
-- Override CMake install command with custom implementation using symlinks instead of copying resources
-- Found action_msgs: 1.0.0 (/opt/ros/foxy/share/action_msgs/cmake)
-- Using all available rosidl_typesupport_c: rosidl_typesupport_fastrtps_c;rosidl_typesupport_introspection_c
-- Found rosidl_adapter: 1.2.1 (/opt/ros/foxy/share/rosidl_adapter/cmake)
-- Found OpenSSL: /usr/lib/aarch64-linux-gnu/libcrypto.so (found version "1.1.1f")  
-- Found FastRTPS: /opt/ros/foxy/include  
-- Using all available rosidl_typesupport_cpp: rosidl_typesupport_fastrtps_cpp;rosidl_typesupport_introspection_cpp
-- Found geometry_msgs: 2.0.5 (/opt/ros/foxy/share/geometry_msgs/cmake)
-- Found rosidl_default_generators: 1.0.1 (/opt/ros/foxy/share/rosidl_default_generators/cmake)
-- Found sensor_msgs: 2.0.5 (/opt/ros/foxy/share/sensor_msgs/cmake)
-- Found PythonInterp: /usr/bin/python3 (found version "3.8.10") 
-- Found ament_cmake_ros: 0.9.2 (/opt/ros/foxy/share/ament_cmake_ros/cmake)
-- Using all available rosidl_typesupport_c: rosidl_typesupport_fastrtps_c;rosidl_typesupport_introspection_c
-- Using all available rosidl_typesupport_cpp: rosidl_typesupport_fastrtps_cpp;rosidl_typesupport_introspection_cpp
-- Found PythonInterp: /usr/bin/python3 (found suitable version "3.8.10", minimum required is "3.5") 
-- Found python_cmake_module: 0.8.1 (/opt/ros/foxy/share/python_cmake_module/cmake)
-- Found PythonLibs: /usr/lib/aarch64-linux-gnu/libpython3.8.so (found suitable version "3.8.10", minimum required is "3.5") 
-- Using PYTHON_EXECUTABLE: /usr/bin/python3
-- Using PYTHON_INCLUDE_DIRS: /usr/include/python3.8
-- Using PYTHON_LIBRARIES: /usr/lib/aarch64-linux-gnu/libpython3.8.so
-- Found PythonExtra: .so  
-- Configuring done
-- Generating done
-- Build files have been written to: /home/jetson/ros2_ws/build/darknet_ros_msgs
-- Found ament_cmake: 0.9.9 (/opt/ros/foxy/share/ament_cmake/cmake)
-- Found PythonInterp: /usr/bin/python3 (found suitable version "3.8.10", minimum required is "3") 
-- Using PYTHON_EXECUTABLE: /usr/bin/python3
-- Override CMake install command with custom implementation using symlinks instead of copying resources
-- Found action_msgs: 1.0.0 (/opt/ros/foxy/share/action_msgs/cmake)
-- Using all available rosidl_typesupport_c: rosidl_typesupport_fastrtps_c;rosidl_typesupport_introspection_c
-- Found rosidl_adapter: 1.2.1 (/opt/ros/foxy/share/rosidl_adapter/cmake)
-- Using all available rosidl_typesupport_cpp: rosidl_typesupport_fastrtps_cpp;rosidl_typesupport_introspection_cpp
-- Found geometry_msgs: 2.0.5 (/opt/ros/foxy/share/geometry_msgs/cmake)
-- Found rosidl_default_generators: 1.0.1 (/opt/ros/foxy/share/rosidl_default_generators/cmake)
-- Found sensor_msgs: 2.0.5 (/opt/ros/foxy/share/sensor_msgs/cmake)
-- Found PythonInterp: /usr/bin/python3 (found version "3.8.10") 
-- Found ament_cmake_ros: 0.9.2 (/opt/ros/foxy/share/ament_cmake_ros/cmake)
-- Using all available rosidl_typesupport_c: rosidl_typesupport_fastrtps_c;rosidl_typesupport_introspection_c
-- Using all available rosidl_typesupport_cpp: rosidl_typesupport_fastrtps_cpp;rosidl_typesupport_introspection_cpp
-- Found PythonInterp: /usr/bin/python3 (found suitable version "3.8.10", minimum required is "3.5") 
-- Found python_cmake_module: 0.8.1 (/opt/ros/foxy/share/python_cmake_module/cmake)
-- Using PYTHON_EXECUTABLE: /usr/bin/python3
-- Using PYTHON_INCLUDE_DIRS: /usr/include/python3.8
-- Using PYTHON_LIBRARIES: /usr/lib/aarch64-linux-gnu/libpython3.8.so
-- Configuring done
-- Generating done
-- Build files have been written to: /home/jetson/ros2_ws/build/darknet_ros_msgs
[35m[1mScanning dependencies of target darknet_ros_msgs__cpp[0m
[  1%] [34m[1mGenerating C code for ROS interfaces[0m
[  3%] [34m[1mGenerating C++ code for ROS interfaces[0m
[35m[1mScanning dependencies of target darknet_ros_msgs__rosidl_generator_c[0m
[  5%] [32mBuilding C object CMakeFiles/darknet_ros_msgs__rosidl_generator_c.dir/rosidl_generator_c/darknet_ros_msgs/msg/detail/bounding_box__functions.c.o[0m
[  7%] [32mBuilding C object CMakeFiles/darknet_ros_msgs__rosidl_generator_c.dir/rosidl_generator_c/darknet_ros_msgs/msg/detail/bounding_boxes__functions.c.o[0m
[  9%] [32mBuilding C object CMakeFiles/darknet_ros_msgs__rosidl_generator_c.dir/rosidl_generator_c/darknet_ros_msgs/msg/detail/object_count__functions.c.o[0m
[  9%] Built target darknet_ros_msgs__cpp
[ 10%] [34m[1mGenerating C++ introspection for ROS interfaces[0m
[ 12%] [32mBuilding C object CMakeFiles/darknet_ros_msgs__rosidl_generator_c.dir/rosidl_generator_c/darknet_ros_msgs/action/detail/check_for_objects__functions.c.o[0m
[ 14%] [34m[1mGenerating C++ type support for eProsima Fast-RTPS[0m
[ 16%] [34m[1mGenerating C++ type support dispatch for ROS interfaces[0m
[ 18%] [32m[1mLinking C shared library libdarknet_ros_msgs__rosidl_generator_c.so[0m
[ 18%] Built target darknet_ros_msgs__rosidl_generator_c
[ 20%] [34m[1mGenerating C introspection for ROS interfaces[0m
[35m[1mScanning dependencies of target darknet_ros_msgs__rosidl_typesupport_cpp[0m
[ 21%] [32mBuilding CXX object CMakeFiles/darknet_ros_msgs__rosidl_typesupport_cpp.dir/rosidl_typesupport_cpp/darknet_ros_msgs/msg/bounding_box__type_support.cpp.o[0m
[35m[1mScanning dependencies of target darknet_ros_msgs__rosidl_typesupport_introspection_cpp[0m
[ 23%] [32mBuilding CXX object CMakeFiles/darknet_ros_msgs__rosidl_typesupport_introspection_cpp.dir/rosidl_typesupport_introspection_cpp/darknet_ros_msgs/msg/detail/bounding_box__type_support.cpp.o[0m
[35m[1mScanning dependencies of target darknet_ros_msgs__rosidl_typesupport_fastrtps_cpp[0m
[ 25%] [32mBuilding CXX object CMakeFiles/darknet_ros_msgs__rosidl_typesupport_fastrtps_cpp.dir/rosidl_typesupport_fastrtps_cpp/darknet_ros_msgs/msg/detail/dds_fastrtps/bounding_box__type_support.cpp.o[0m
[35m[1mScanning dependencies of target darknet_ros_msgs__rosidl_typesupport_introspection_c[0m
[ 27%] [32mBuilding CXX object CMakeFiles/darknet_ros_msgs__rosidl_typesupport_cpp.dir/rosidl_typesupport_cpp/darknet_ros_msgs/msg/bounding_boxes__type_support.cpp.o[0m
[ 29%] [32mBuilding CXX object CMakeFiles/darknet_ros_msgs__rosidl_typesupport_introspection_cpp.dir/rosidl_typesupport_introspection_cpp/darknet_ros_msgs/msg/detail/bounding_boxes__type_support.cpp.o[0m
[ 30%] [32mBuilding C object CMakeFiles/darknet_ros_msgs__rosidl_typesupport_introspection_c.dir/rosidl_typesupport_introspection_c/darknet_ros_msgs/msg/detail/bounding_box__type_support.c.o[0m
[ 32%] [32mBuilding C object CMakeFiles/darknet_ros_msgs__rosidl_typesupport_introspection_c.dir/rosidl_typesupport_introspection_c/darknet_ros_msgs/msg/detail/bounding_boxes__type_support.c.o[0m
[ 34%] [32mBuilding C object CMakeFiles/darknet_ros_msgs__rosidl_typesupport_introspection_c.dir/rosidl_typesupport_introspection_c/darknet_ros_msgs/msg/detail/object_count__type_support.c.o[0m
[ 36%] [32mBuilding C object CMakeFiles/darknet_ros_msgs__rosidl_typesupport_introspection_c.dir/rosidl_typesupport_introspection_c/darknet_ros_msgs/action/detail/check_for_objects__type_support.c.o[0m
[ 38%] [32mBuilding CXX object CMakeFiles/darknet_ros_msgs__rosidl_typesupport_cpp.dir/rosidl_typesupport_cpp/darknet_ros_msgs/msg/object_count__type_support.cpp.o[0m
[ 40%] [32m[1mLinking C shared library libdarknet_ros_msgs__rosidl_typesupport_introspection_c.so[0m
[ 40%] Built target darknet_ros_msgs__rosidl_typesupport_introspection_c
[ 41%] [32mBuilding CXX object CMakeFiles/darknet_ros_msgs__rosidl_typesupport_fastrtps_cpp.dir/rosidl_typesupport_fastrtps_cpp/darknet_ros_msgs/msg/detail/dds_fastrtps/bounding_boxes__type_support.cpp.o[0m
[ 43%] [34m[1mGenerating C type support dispatch for ROS interfaces[0m
[ 45%] [32mBuilding CXX object CMakeFiles/darknet_ros_msgs__rosidl_typesupport_introspection_cpp.dir/rosidl_typesupport_introspection_cpp/darknet_ros_msgs/msg/detail/object_count__type_support.cpp.o[0m
[ 47%] [32mBuilding CXX object CMakeFiles/darknet_ros_msgs__rosidl_typesupport_cpp.dir/rosidl_typesupport_cpp/darknet_ros_msgs/action/check_for_objects__type_support.cpp.o[0m
[ 49%] [32mBuilding CXX object CMakeFiles/darknet_ros_msgs__rosidl_typesupport_introspection_cpp.dir/rosidl_typesupport_introspection_cpp/darknet_ros_msgs/action/detail/check_for_objects__type_support.cpp.o[0m
[ 50%] [32mBuilding CXX object CMakeFiles/darknet_ros_msgs__rosidl_typesupport_fastrtps_cpp.dir/rosidl_typesupport_fastrtps_cpp/darknet_ros_msgs/msg/detail/dds_fastrtps/object_count__type_support.cpp.o[0m
[ 52%] [32m[1mLinking CXX shared library libdarknet_ros_msgs__rosidl_typesupport_cpp.so[0m
[35m[1mScanning dependencies of target darknet_ros_msgs__rosidl_typesupport_c[0m
[ 54%] [32mBuilding CXX object CMakeFiles/darknet_ros_msgs__rosidl_typesupport_c.dir/rosidl_typesupport_c/darknet_ros_msgs/msg/bounding_box__type_support.cpp.o[0m
[ 54%] Built target darknet_ros_msgs__rosidl_typesupport_cpp
make[2]: Warning: File '/usr/lib/aarch64-linux-gnu/libssl.so' has modification time 4769987 s in the future
[ 56%] [32mBuilding CXX object CMakeFiles/darknet_ros_msgs__rosidl_typesupport_fastrtps_cpp.dir/rosidl_typesupport_fastrtps_cpp/darknet_ros_msgs/action/detail/dds_fastrtps/check_for_objects__type_support.cpp.o[0m
[ 58%] [32mBuilding CXX object CMakeFiles/darknet_ros_msgs__rosidl_typesupport_c.dir/rosidl_typesupport_c/darknet_ros_msgs/msg/bounding_boxes__type_support.cpp.o[0m
[ 60%] [32mBuilding CXX object CMakeFiles/darknet_ros_msgs__rosidl_typesupport_c.dir/rosidl_typesupport_c/darknet_ros_msgs/msg/object_count__type_support.cpp.o[0m
[ 61%] [32mBuilding CXX object CMakeFiles/darknet_ros_msgs__rosidl_typesupport_c.dir/rosidl_typesupport_c/darknet_ros_msgs/action/check_for_objects__type_support.cpp.o[0m
[ 63%] [32m[1mLinking CXX shared library libdarknet_ros_msgs__rosidl_typesupport_introspection_cpp.so[0m
[ 65%] [32m[1mLinking CXX shared library libdarknet_ros_msgs__rosidl_typesupport_c.so[0m
[ 65%] Built target darknet_ros_msgs__rosidl_typesupport_c
[ 65%] Built target darknet_ros_msgs__rosidl_typesupport_introspection_cpp
[ 67%] [32m[1mLinking CXX shared library libdarknet_ros_msgs__rosidl_typesupport_fastrtps_cpp.so[0m
make[2]: warning:  Clock skew detected.  Your build may be incomplete.
[ 67%] Built target darknet_ros_msgs__rosidl_typesupport_fastrtps_cpp
[ 69%] [34m[1mGenerating C type support for eProsima Fast-RTPS[0m
[35m[1mScanning dependencies of target darknet_ros_msgs__rosidl_typesupport_fastrtps_c[0m
[ 70%] [32mBuilding CXX object CMakeFiles/darknet_ros_msgs__rosidl_typesupport_fastrtps_c.dir/rosidl_typesupport_fastrtps_c/darknet_ros_msgs/msg/detail/bounding_box__type_support_c.cpp.o[0m
[ 72%] [32mBuilding CXX object CMakeFiles/darknet_ros_msgs__rosidl_typesupport_fastrtps_c.dir/rosidl_typesupport_fastrtps_c/darknet_ros_msgs/msg/detail/bounding_boxes__type_support_c.cpp.o[0m
make[2]: Warning: File '/usr/lib/aarch64-linux-gnu/libssl.so' has modification time 4769982 s in the future
[ 76%] [32mBuilding CXX object CMakeFiles/darknet_ros_msgs__rosidl_typesupport_fastrtps_c.dir/rosidl_typesupport_fastrtps_c/darknet_ros_msgs/action/detail/check_for_objects__type_support_c.cpp.o[0m
[ 76%] [32mBuilding CXX object CMakeFiles/darknet_ros_msgs__rosidl_typesupport_fastrtps_c.dir/rosidl_typesupport_fastrtps_c/darknet_ros_msgs/msg/detail/object_count__type_support_c.cpp.o[0m
[ 78%] [32m[1mLinking CXX shared library libdarknet_ros_msgs__rosidl_typesupport_fastrtps_c.so[0m
make[2]: warning:  Clock skew detected.  Your build may be incomplete.
[ 78%] Built target darknet_ros_msgs__rosidl_typesupport_fastrtps_c
[35m[1mScanning dependencies of target darknet_ros_msgs[0m
make[2]: Warning: File '/home/jetson/ros2_ws/src/darknet_ros_yolov4/darknet_ros/darknet_ros_msgs/msg/BoundingBox.msg' has modification time 1829842 s in the future
make[2]: warning:  Clock skew detected.  Your build may be incomplete.
[ 78%] Built target darknet_ros_msgs
[35m[1mScanning dependencies of target darknet_ros_msgs__py[0m
[ 80%] [34m[1mGenerating Python code for ROS interfaces[0m
[ 80%] Built target darknet_ros_msgs__py
[35m[1mScanning dependencies of target darknet_ros_msgs__python[0m
[ 81%] [32mBuilding C object CMakeFiles/darknet_ros_msgs__python.dir/rosidl_generator_py/darknet_ros_msgs/msg/_bounding_box_s.c.o[0m
[ 83%] [32mBuilding C object CMakeFiles/darknet_ros_msgs__python.dir/rosidl_generator_py/darknet_ros_msgs/msg/_bounding_boxes_s.c.o[0m
[ 85%] [32mBuilding C object CMakeFiles/darknet_ros_msgs__python.dir/rosidl_generator_py/darknet_ros_msgs/msg/_object_count_s.c.o[0m
[ 87%] [32mBuilding C object CMakeFiles/darknet_ros_msgs__python.dir/rosidl_generator_py/darknet_ros_msgs/action/_check_for_objects_s.c.o[0m
[ 89%] [32m[1mLinking C shared library rosidl_generator_py/darknet_ros_msgs/libdarknet_ros_msgs__python.so[0m
[ 89%] Built target darknet_ros_msgs__python
[35m[1mScanning dependencies of target darknet_ros_msgs__rosidl_typesupport_c__pyext[0m
[35m[1mScanning dependencies of target darknet_ros_msgs__rosidl_typesupport_introspection_c__pyext[0m
[35m[1mScanning dependencies of target darknet_ros_msgs__rosidl_typesupport_fastrtps_c__pyext[0m
[ 90%] [32mBuilding C object CMakeFiles/darknet_ros_msgs__rosidl_typesupport_introspection_c__pyext.dir/rosidl_generator_py/darknet_ros_msgs/_darknet_ros_msgs_s.ep.rosidl_typesupport_introspection_c.c.o[0m
[ 92%] [32mBuilding C object CMakeFiles/darknet_ros_msgs__rosidl_typesupport_c__pyext.dir/rosidl_generator_py/darknet_ros_msgs/_darknet_ros_msgs_s.ep.rosidl_typesupport_c.c.o[0m
make[2]: Warning: File '/usr/lib/aarch64-linux-gnu/libssl.so' has modification time 4769970 s in the future
[ 94%] [32mBuilding C object CMakeFiles/darknet_ros_msgs__rosidl_typesupport_fastrtps_c__pyext.dir/rosidl_generator_py/darknet_ros_msgs/_darknet_ros_msgs_s.ep.rosidl_typesupport_fastrtps_c.c.o[0m
[ 96%] [32m[1mLinking C shared library rosidl_generator_py/darknet_ros_msgs/darknet_ros_msgs_s__rosidl_typesupport_c.cpython-38-aarch64-linux-gnu.so[0m
[ 98%] [32m[1mLinking C shared library rosidl_generator_py/darknet_ros_msgs/darknet_ros_msgs_s__rosidl_typesupport_introspection_c.cpython-38-aarch64-linux-gnu.so[0m
[100%] [32m[1mLinking CXX shared library rosidl_generator_py/darknet_ros_msgs/darknet_ros_msgs_s__rosidl_typesupport_fastrtps_c.cpython-38-aarch64-linux-gnu.so[0m
[100%] Built target darknet_ros_msgs__rosidl_typesupport_c__pyext
[100%] Built target darknet_ros_msgs__rosidl_typesupport_introspection_c__pyext
make[2]: warning:  Clock skew detected.  Your build may be incomplete.
[100%] Built target darknet_ros_msgs__rosidl_typesupport_fastrtps_c__pyext
-- Install configuration: "RELWITHDEBINFO"
-- Execute custom install script
-- Symlinking: /home/jetson/ros2_ws/install/darknet_ros_msgs/share/ament_index/resource_index/rosidl_interfaces/darknet_ros_msgs
-- Symlinking: /home/jetson/ros2_ws/install/darknet_ros_msgs/include/darknet_ros_msgs/action/check_for_objects.h
-- Symlinking: /home/jetson/ros2_ws/install/darknet_ros_msgs/include/darknet_ros_msgs/action/detail/check_for_objects__functions.h
-- Symlinking: /home/jetson/ros2_ws/install/darknet_ros_msgs/include/darknet_ros_msgs/action/detail/check_for_objects__struct.h
-- Symlinking: /home/jetson/ros2_ws/install/darknet_ros_msgs/include/darknet_ros_msgs/action/detail/check_for_objects__type_support.h
-- Symlinking: /home/jetson/ros2_ws/install/darknet_ros_msgs/include/darknet_ros_msgs/msg/bounding_box.h
-- Symlinking: /home/jetson/ros2_ws/install/darknet_ros_msgs/include/darknet_ros_msgs/msg/bounding_boxes.h
-- Symlinking: /home/jetson/ros2_ws/install/darknet_ros_msgs/include/darknet_ros_msgs/msg/detail/bounding_box__functions.h
-- Symlinking: /home/jetson/ros2_ws/install/darknet_ros_msgs/include/darknet_ros_msgs/msg/detail/bounding_box__struct.h
-- Symlinking: /home/jetson/ros2_ws/install/darknet_ros_msgs/include/darknet_ros_msgs/msg/detail/bounding_box__type_support.h
-- Symlinking: /home/jetson/ros2_ws/install/darknet_ros_msgs/include/darknet_ros_msgs/msg/detail/bounding_boxes__functions.h
-- Symlinking: /home/jetson/ros2_ws/install/darknet_ros_msgs/include/darknet_ros_msgs/msg/detail/bounding_boxes__struct.h
-- Symlinking: /home/jetson/ros2_ws/install/darknet_ros_msgs/include/darknet_ros_msgs/msg/detail/bounding_boxes__type_support.h
-- Symlinking: /home/jetson/ros2_ws/install/darknet_ros_msgs/include/darknet_ros_msgs/msg/detail/object_count__functions.h
-- Symlinking: /home/jetson/ros2_ws/install/darknet_ros_msgs/include/darknet_ros_msgs/msg/detail/object_count__struct.h
-- Symlinking: /home/jetson/ros2_ws/install/darknet_ros_msgs/include/darknet_ros_msgs/msg/detail/object_count__type_support.h
-- Symlinking: /home/jetson/ros2_ws/install/darknet_ros_msgs/include/darknet_ros_msgs/msg/object_count.h
-- Symlinking: /home/jetson/ros2_ws/install/darknet_ros_msgs/include/darknet_ros_msgs/msg/rosidl_generator_c__visibility_control.h
-- Symlinking: /home/jetson/ros2_ws/install/darknet_ros_msgs/share/darknet_ros_msgs/environment/library_path.sh
-- Symlinking: /home/jetson/ros2_ws/install/darknet_ros_msgs/share/darknet_ros_msgs/environment/library_path.dsv
-- Symlinking: /home/jetson/ros2_ws/install/darknet_ros_msgs/include/darknet_ros_msgs/action/detail/check_for_objects__rosidl_typesupport_fastrtps_c.h
-- Symlinking: /home/jetson/ros2_ws/install/darknet_ros_msgs/include/darknet_ros_msgs/msg/detail/bounding_box__rosidl_typesupport_fastrtps_c.h
-- Symlinking: /home/jetson/ros2_ws/install/darknet_ros_msgs/include/darknet_ros_msgs/msg/detail/bounding_boxes__rosidl_typesupport_fastrtps_c.h
-- Symlinking: /home/jetson/ros2_ws/install/darknet_ros_msgs/include/darknet_ros_msgs/msg/detail/object_count__rosidl_typesupport_fastrtps_c.h
-- Symlinking: /home/jetson/ros2_ws/install/darknet_ros_msgs/include/darknet_ros_msgs/msg/rosidl_typesupport_fastrtps_c__visibility_control.h
-- Symlinking: /home/jetson/ros2_ws/install/darknet_ros_msgs/lib/libdarknet_ros_msgs__rosidl_typesupport_fastrtps_c.so
-- Symlinking: /home/jetson/ros2_ws/install/darknet_ros_msgs/include/darknet_ros_msgs/action/detail/check_for_objects__rosidl_typesupport_fastrtps_cpp.hpp
-- Symlinking: /home/jetson/ros2_ws/install/darknet_ros_msgs/include/darknet_ros_msgs/msg/detail/bounding_box__rosidl_typesupport_fastrtps_cpp.hpp
-- Symlinking: /home/jetson/ros2_ws/install/darknet_ros_msgs/include/darknet_ros_msgs/msg/detail/bounding_boxes__rosidl_typesupport_fastrtps_cpp.hpp
-- Symlinking: /home/jetson/ros2_ws/install/darknet_ros_msgs/include/darknet_ros_msgs/msg/detail/object_count__rosidl_typesupport_fastrtps_cpp.hpp
-- Symlinking: /home/jetson/ros2_ws/install/darknet_ros_msgs/include/darknet_ros_msgs/msg/rosidl_typesupport_fastrtps_cpp__visibility_control.h
-- Symlinking: /home/jetson/ros2_ws/install/darknet_ros_msgs/lib/libdarknet_ros_msgs__rosidl_typesupport_fastrtps_cpp.so
-- Symlinking: /home/jetson/ros2_ws/install/darknet_ros_msgs/include/darknet_ros_msgs/action/detail/check_for_objects__rosidl_typesupport_introspection_c.h
-- Symlinking: /home/jetson/ros2_ws/install/darknet_ros_msgs/include/darknet_ros_msgs/msg/detail/bounding_box__rosidl_typesupport_introspection_c.h
-- Symlinking: /home/jetson/ros2_ws/install/darknet_ros_msgs/include/darknet_ros_msgs/msg/detail/bounding_boxes__rosidl_typesupport_introspection_c.h
-- Symlinking: /home/jetson/ros2_ws/install/darknet_ros_msgs/include/darknet_ros_msgs/msg/detail/object_count__rosidl_typesupport_introspection_c.h
-- Symlinking: /home/jetson/ros2_ws/install/darknet_ros_msgs/include/darknet_ros_msgs/msg/rosidl_typesupport_introspection_c__visibility_control.h
-- Symlinking: /home/jetson/ros2_ws/install/darknet_ros_msgs/include/darknet_ros_msgs/action/check_for_objects.hpp
-- Symlinking: /home/jetson/ros2_ws/install/darknet_ros_msgs/include/darknet_ros_msgs/action/detail/check_for_objects__builder.hpp
-- Symlinking: /home/jetson/ros2_ws/install/darknet_ros_msgs/include/darknet_ros_msgs/action/detail/check_for_objects__struct.hpp
-- Symlinking: /home/jetson/ros2_ws/install/darknet_ros_msgs/include/darknet_ros_msgs/action/detail/check_for_objects__traits.hpp
-- Symlinking: /home/jetson/ros2_ws/install/darknet_ros_msgs/include/darknet_ros_msgs/msg/bounding_box.hpp
-- Symlinking: /home/jetson/ros2_ws/install/darknet_ros_msgs/include/darknet_ros_msgs/msg/bounding_boxes.hpp
-- Symlinking: /home/jetson/ros2_ws/install/darknet_ros_msgs/include/darknet_ros_msgs/msg/detail/bounding_box__builder.hpp
-- Symlinking: /home/jetson/ros2_ws/install/darknet_ros_msgs/include/darknet_ros_msgs/msg/detail/bounding_box__struct.hpp
-- Symlinking: /home/jetson/ros2_ws/install/darknet_ros_msgs/include/darknet_ros_msgs/msg/detail/bounding_box__traits.hpp
-- Symlinking: /home/jetson/ros2_ws/install/darknet_ros_msgs/include/darknet_ros_msgs/msg/detail/bounding_boxes__builder.hpp
-- Symlinking: /home/jetson/ros2_ws/install/darknet_ros_msgs/include/darknet_ros_msgs/msg/detail/bounding_boxes__struct.hpp
-- Symlinking: /home/jetson/ros2_ws/install/darknet_ros_msgs/include/darknet_ros_msgs/msg/detail/bounding_boxes__traits.hpp
-- Symlinking: /home/jetson/ros2_ws/install/darknet_ros_msgs/include/darknet_ros_msgs/msg/detail/object_count__builder.hpp
-- Symlinking: /home/jetson/ros2_ws/install/darknet_ros_msgs/include/darknet_ros_msgs/msg/detail/object_count__struct.hpp
-- Symlinking: /home/jetson/ros2_ws/install/darknet_ros_msgs/include/darknet_ros_msgs/msg/detail/object_count__traits.hpp
-- Symlinking: /home/jetson/ros2_ws/install/darknet_ros_msgs/include/darknet_ros_msgs/msg/object_count.hpp
-- Symlinking: /home/jetson/ros2_ws/install/darknet_ros_msgs/include/darknet_ros_msgs/action/detail/check_for_objects__rosidl_typesupport_introspection_cpp.hpp
-- Symlinking: /home/jetson/ros2_ws/install/darknet_ros_msgs/include/darknet_ros_msgs/msg/detail/bounding_box__rosidl_typesupport_introspection_cpp.hpp
-- Symlinking: /home/jetson/ros2_ws/install/darknet_ros_msgs/include/darknet_ros_msgs/msg/detail/bounding_boxes__rosidl_typesupport_introspection_cpp.hpp
-- Symlinking: /home/jetson/ros2_ws/install/darknet_ros_msgs/include/darknet_ros_msgs/msg/detail/object_count__rosidl_typesupport_introspection_cpp.hpp
-- Symlinking: /home/jetson/ros2_ws/install/darknet_ros_msgs/share/darknet_ros_msgs/environment/pythonpath.sh
-- Symlinking: /home/jetson/ros2_ws/install/darknet_ros_msgs/share/darknet_ros_msgs/environment/pythonpath.dsv
-- Symlinking: /home/jetson/ros2_ws/install/darknet_ros_msgs/lib/python3.8/site-packages/darknet_ros_msgs/__init__.py
-- Symlinking: /home/jetson/ros2_ws/install/darknet_ros_msgs/lib/python3.8/site-packages/darknet_ros_msgs/msg/__init__.py
-- Symlinking: /home/jetson/ros2_ws/install/darknet_ros_msgs/lib/python3.8/site-packages/darknet_ros_msgs/msg/_bounding_box.py
-- Symlinking: /home/jetson/ros2_ws/install/darknet_ros_msgs/lib/python3.8/site-packages/darknet_ros_msgs/msg/_bounding_boxes.py
-- Symlinking: /home/jetson/ros2_ws/install/darknet_ros_msgs/lib/python3.8/site-packages/darknet_ros_msgs/msg/_object_count.py
-- Symlinking: /home/jetson/ros2_ws/install/darknet_ros_msgs/lib/python3.8/site-packages/darknet_ros_msgs/action/__init__.py
-- Symlinking: /home/jetson/ros2_ws/install/darknet_ros_msgs/lib/python3.8/site-packages/darknet_ros_msgs/action/_check_for_objects.py
-- Symlinking: /home/jetson/ros2_ws/install/darknet_ros_msgs/lib/python3.8/site-packages/darknet_ros_msgs/darknet_ros_msgs_s__rosidl_typesupport_fastrtps_c.cpython-38-aarch64-linux-gnu.so
-- Symlinking: /home/jetson/ros2_ws/install/darknet_ros_msgs/lib/python3.8/site-packages/darknet_ros_msgs/darknet_ros_msgs_s__rosidl_typesupport_introspection_c.cpython-38-aarch64-linux-gnu.so
-- Symlinking: /home/jetson/ros2_ws/install/darknet_ros_msgs/lib/python3.8/site-packages/darknet_ros_msgs/darknet_ros_msgs_s__rosidl_typesupport_c.cpython-38-aarch64-linux-gnu.so
-- Symlinking: /home/jetson/ros2_ws/install/darknet_ros_msgs/lib/libdarknet_ros_msgs__python.so
-- Symlinking: /home/jetson/ros2_ws/install/darknet_ros_msgs/share/darknet_ros_msgs/msg/BoundingBox.idl
-- Symlinking: /home/jetson/ros2_ws/install/darknet_ros_msgs/share/darknet_ros_msgs/msg/BoundingBoxes.idl
-- Symlinking: /home/jetson/ros2_ws/install/darknet_ros_msgs/share/darknet_ros_msgs/msg/ObjectCount.idl
-- Symlinking: /home/jetson/ros2_ws/install/darknet_ros_msgs/share/darknet_ros_msgs/action/CheckForObjects.idl
-- Symlinking: /home/jetson/ros2_ws/install/darknet_ros_msgs/share/darknet_ros_msgs/msg/BoundingBox.msg
-- Symlinking: /home/jetson/ros2_ws/install/darknet_ros_msgs/share/darknet_ros_msgs/msg/BoundingBoxes.msg
-- Symlinking: /home/jetson/ros2_ws/install/darknet_ros_msgs/share/darknet_ros_msgs/msg/ObjectCount.msg
-- Symlinking: /home/jetson/ros2_ws/install/darknet_ros_msgs/share/darknet_ros_msgs/action/CheckForObjects.action
-- Symlinking: /home/jetson/ros2_ws/install/darknet_ros_msgs/share/ament_index/resource_index/package_run_dependencies/darknet_ros_msgs
-- Symlinking: /home/jetson/ros2_ws/install/darknet_ros_msgs/share/ament_index/resource_index/parent_prefix_path/darknet_ros_msgs
-- Symlinking: /home/jetson/ros2_ws/install/darknet_ros_msgs/share/darknet_ros_msgs/environment/ament_prefix_path.sh
-- Symlinking: /home/jetson/ros2_ws/install/darknet_ros_msgs/share/darknet_ros_msgs/environment/ament_prefix_path.dsv
-- Symlinking: /home/jetson/ros2_ws/install/darknet_ros_msgs/share/darknet_ros_msgs/environment/path.sh
-- Symlinking: /home/jetson/ros2_ws/install/darknet_ros_msgs/share/darknet_ros_msgs/environment/path.dsv
-- Symlinking: /home/jetson/ros2_ws/install/darknet_ros_msgs/share/darknet_ros_msgs/local_setup.bash
-- Symlinking: /home/jetson/ros2_ws/install/darknet_ros_msgs/share/darknet_ros_msgs/local_setup.sh
-- Symlinking: /home/jetson/ros2_ws/install/darknet_ros_msgs/share/darknet_ros_msgs/local_setup.zsh
-- Symlinking: /home/jetson/ros2_ws/install/darknet_ros_msgs/share/darknet_ros_msgs/local_setup.dsv
-- Symlinking: /home/jetson/ros2_ws/install/darknet_ros_msgs/share/darknet_ros_msgs/package.dsv
-- Symlinking: /home/jetson/ros2_ws/install/darknet_ros_msgs/share/ament_index/resource_index/packages/darknet_ros_msgs
-- Symlinking: /home/jetson/ros2_ws/install/darknet_ros_msgs/share/darknet_ros_msgs/cmake/rosidl_cmake-extras.cmake
-- Symlinking: /home/jetson/ros2_ws/install/darknet_ros_msgs/share/darknet_ros_msgs/cmake/ament_cmake_export_dependencies-extras.cmake
-- Symlinking: /home/jetson/ros2_ws/install/darknet_ros_msgs/share/darknet_ros_msgs/cmake/ament_cmake_export_libraries-extras.cmake
-- Symlinking: /home/jetson/ros2_ws/install/darknet_ros_msgs/share/darknet_ros_msgs/cmake/ament_cmake_export_targets-extras.cmake
-- Symlinking: /home/jetson/ros2_ws/install/darknet_ros_msgs/share/darknet_ros_msgs/cmake/ament_cmake_export_include_directories-extras.cmake
-- Symlinking: /home/jetson/ros2_ws/install/darknet_ros_msgs/share/darknet_ros_msgs/cmake/rosidl_cmake_export_typesupport_libraries-extras.cmake
-- Symlinking: /home/jetson/ros2_ws/install/darknet_ros_msgs/share/darknet_ros_msgs/cmake/rosidl_cmake_export_typesupport_targets-extras.cmake
-- Symlinking: /home/jetson/ros2_ws/install/darknet_ros_msgs/share/darknet_ros_msgs/cmake/darknet_ros_msgsConfig.cmake
-- Symlinking: /home/jetson/ros2_ws/install/darknet_ros_msgs/share/darknet_ros_msgs/cmake/darknet_ros_msgsConfig-version.cmake
-- Symlinking: /home/jetson/ros2_ws/install/darknet_ros_msgs/share/darknet_ros_msgs/package.xml
-- Installing: /home/jetson/ros2_ws/install/darknet_ros_msgs/lib/libdarknet_ros_msgs__rosidl_generator_c.so
-- Set runtime path of "/home/jetson/ros2_ws/install/darknet_ros_msgs/lib/libdarknet_ros_msgs__rosidl_generator_c.so" to ""
-- Installing: /home/jetson/ros2_ws/install/darknet_ros_msgs/lib/libdarknet_ros_msgs__rosidl_typesupport_introspection_c.so
-- Set runtime path of "/home/jetson/ros2_ws/install/darknet_ros_msgs/lib/libdarknet_ros_msgs__rosidl_typesupport_introspection_c.so" to ""
-- Installing: /home/jetson/ros2_ws/install/darknet_ros_msgs/lib/libdarknet_ros_msgs__rosidl_typesupport_c.so
-- Set runtime path of "/home/jetson/ros2_ws/install/darknet_ros_msgs/lib/libdarknet_ros_msgs__rosidl_typesupport_c.so" to ""
-- Installing: /home/jetson/ros2_ws/install/darknet_ros_msgs/lib/libdarknet_ros_msgs__rosidl_typesupport_introspection_cpp.so
-- Set runtime path of "/home/jetson/ros2_ws/install/darknet_ros_msgs/lib/libdarknet_ros_msgs__rosidl_typesupport_introspection_cpp.so" to ""
-- Installing: /home/jetson/ros2_ws/install/darknet_ros_msgs/lib/libdarknet_ros_msgs__rosidl_typesupport_cpp.so
-- Set runtime path of "/home/jetson/ros2_ws/install/darknet_ros_msgs/lib/libdarknet_ros_msgs__rosidl_typesupport_cpp.so" to ""
Compiling '/home/jetson/ros2_ws/install/darknet_ros_msgs/lib/python3.8/site-packages/darknet_ros_msgs/__init__.py'...
-- Installing: /home/jetson/ros2_ws/install/darknet_ros_msgs/share/darknet_ros_msgs/cmake/darknet_ros_msgs__rosidl_generator_cExport.cmake
-- Installing: /home/jetson/ros2_ws/install/darknet_ros_msgs/share/darknet_ros_msgs/cmake/darknet_ros_msgs__rosidl_generator_cExport-relwithdebinfo.cmake
-- Installing: /home/jetson/ros2_ws/install/darknet_ros_msgs/share/darknet_ros_msgs/cmake/darknet_ros_msgs__rosidl_typesupport_introspection_cExport.cmake
-- Installing: /home/jetson/ros2_ws/install/darknet_ros_msgs/share/darknet_ros_msgs/cmake/darknet_ros_msgs__rosidl_typesupport_introspection_cExport-relwithdebinfo.cmake
-- Installing: /home/jetson/ros2_ws/install/darknet_ros_msgs/share/darknet_ros_msgs/cmake/darknet_ros_msgs__rosidl_typesupport_cExport.cmake
-- Installing: /home/jetson/ros2_ws/install/darknet_ros_msgs/share/darknet_ros_msgs/cmake/darknet_ros_msgs__rosidl_typesupport_cExport-relwithdebinfo.cmake
-- Installing: /home/jetson/ros2_ws/install/darknet_ros_msgs/share/darknet_ros_msgs/cmake/darknet_ros_msgs__rosidl_generator_cppExport.cmake
-- Installing: /home/jetson/ros2_ws/install/darknet_ros_msgs/share/darknet_ros_msgs/cmake/darknet_ros_msgs__rosidl_typesupport_introspection_cppExport.cmake
-- Installing: /home/jetson/ros2_ws/install/darknet_ros_msgs/share/darknet_ros_msgs/cmake/darknet_ros_msgs__rosidl_typesupport_introspection_cppExport-relwithdebinfo.cmake
-- Installing: /home/jetson/ros2_ws/install/darknet_ros_msgs/share/darknet_ros_msgs/cmake/darknet_ros_msgs__rosidl_typesupport_cppExport.cmake
-- Installing: /home/jetson/ros2_ws/install/darknet_ros_msgs/share/darknet_ros_msgs/cmake/darknet_ros_msgs__rosidl_typesupport_cppExport-relwithdebinfo.cmake
