[8.723s] Invoking command in '/home/jetson/ros2_ws/src/build/humancount': PYTHONPATH=/home/jetson/ros2_ws/src/install/humancount/lib/python3.8/site-packages: /usr/bin/python3 setup.py develop --prefix /home/jetson/ros2_ws/src/install/humancount --editable --build-directory /home/jetson/ros2_ws/src/build/humancount/build --no-deps install_data --install-dir /home/jetson/ros2_ws/src/install/humancount
[9.864s] /usr/local/lib/python3.8/dist-packages/setuptools/dist.py:772: UserWarning: Usage of dash-separated 'script-dir' will not be supported in future versions. Please use the underscore name 'script_dir' instead
[9.864s]   warnings.warn(
[9.866s] /usr/local/lib/python3.8/dist-packages/setuptools/dist.py:772: UserWarning: Usage of dash-separated 'install-scripts' will not be supported in future versions. Please use the underscore name 'install_scripts' instead
[9.866s]   warnings.warn(
[12.594s] running develop
[12.603s] /usr/local/lib/python3.8/dist-packages/setuptools/command/easy_install.py:144: EasyInstallDeprecationWarning: easy_install command is deprecated. Use build and pip and other standards-based tools.
[12.604s]   warnings.warn(
[13.232s] /usr/local/lib/python3.8/dist-packages/setuptools/command/install.py:34: SetuptoolsDeprecationWarning: setup.py install is deprecated. Use build and pip and other standards-based tools.
[13.232s]   warnings.warn(
[14.453s] /usr/local/lib/python3.8/dist-packages/pkg_resources/__init__.py:123: PkgResourcesDeprecationWarning: 0.1.36ubuntu1 is an invalid version and will not be supported in a future release
[14.453s]   warnings.warn(
[14.453s] /usr/local/lib/python3.8/dist-packages/pkg_resources/__init__.py:123: PkgResourcesDeprecationWarning: 0.23ubuntu1 is an invalid version and will not be supported in a future release
[14.454s]   warnings.warn(
[14.825s] running egg_info
[14.826s] creating humancount.egg-info
[15.138s] writing humancount.egg-info/PKG-INFO
[15.407s] writing dependency_links to humancount.egg-info/dependency_links.txt
[16.217s] writing entry points to humancount.egg-info/entry_points.txt
[16.754s] writing requirements to humancount.egg-info/requires.txt
[17.021s] writing top-level names to humancount.egg-info/top_level.txt
[17.038s] writing manifest file 'humancount.egg-info/SOURCES.txt'
[17.404s] reading manifest file 'humancount.egg-info/SOURCES.txt'
[17.407s] writing manifest file 'humancount.egg-info/SOURCES.txt'
[17.912s] running build_ext
[17.912s] Creating /home/jetson/ros2_ws/src/install/humancount/lib/python3.8/site-packages/humancount.egg-link (link to .)
[17.914s] Installing hum script to /home/jetson/ros2_ws/src/install/humancount/lib/humancount
[17.915s] 
[17.916s] Installed /home/jetson/ros2_ws/src/build/humancount
[17.917s] running install_data
[17.917s] creating /home/jetson/ros2_ws/src/install/humancount/share/ament_index
[17.917s] creating /home/jetson/ros2_ws/src/install/humancount/share/ament_index/resource_index
[17.918s] creating /home/jetson/ros2_ws/src/install/humancount/share/ament_index/resource_index/packages
[17.918s] copying resource/humancount -> /home/jetson/ros2_ws/src/install/humancount/share/ament_index/resource_index/packages
[17.919s] copying package.xml -> /home/jetson/ros2_ws/src/install/humancount/share/humancount
[18.154s] Invoked command in '/home/jetson/ros2_ws/src/build/humancount' returned '0': PYTHONPATH=/home/jetson/ros2_ws/src/install/humancount/lib/python3.8/site-packages: /usr/bin/python3 setup.py develop --prefix /home/jetson/ros2_ws/src/install/humancount --editable --build-directory /home/jetson/ros2_ws/src/build/humancount/build --no-deps install_data --install-dir /home/jetson/ros2_ws/src/install/humancount
