running develop
running egg_info
creating humancounter.egg-info
writing humancounter.egg-info/PKG-INFO
writing dependency_links to humancounter.egg-info/dependency_links.txt
writing entry points to humancounter.egg-info/entry_points.txt
writing requirements to humancounter.egg-info/requires.txt
writing top-level names to humancounter.egg-info/top_level.txt
writing manifest file 'humancounter.egg-info/SOURCES.txt'
reading manifest file 'humancounter.egg-info/SOURCES.txt'
writing manifest file 'humancounter.egg-info/SOURCES.txt'
running build_ext
Creating /home/jetson/ros2_ws/src/install/humancounter/lib/python3.8/site-packages/humancounter.egg-link (link to .)
Installing hucou script to /home/jetson/ros2_ws/src/install/humancounter/lib/humancounter

Installed /home/jetson/ros2_ws/src/build/humancounter
running install_data
creating /home/jetson/ros2_ws/src/install/humancounter/share/ament_index
creating /home/jetson/ros2_ws/src/install/humancounter/share/ament_index/resource_index
creating /home/jetson/ros2_ws/src/install/humancounter/share/ament_index/resource_index/packages
copying resource/humancounter -> /home/jetson/ros2_ws/src/install/humancounter/share/ament_index/resource_index/packages
copying package.xml -> /home/jetson/ros2_ws/src/install/humancounter/share/humancounter
