[9.285s] Invoking command in '/home/jetson/ros2_ws/src/build/humancounter': AMENT_PREFIX_PATH=/home/jetson/ros2_ws/src/install/darknet_ros_msgs:${AMENT_PREFIX_PATH} CMAKE_PREFIX_PATH=/home/jetson/ros2_ws/src/install/darknet_ros_msgs:${CMAKE_PREFIX_PATH} LD_LIBRARY_PATH=/home/jetson/ros2_ws/src/install/darknet_ros_msgs/lib:${LD_LIBRARY_PATH} PYTHONPATH=/home/jetson/ros2_ws/src/install/humancounter/lib/python3.8/site-packages:/home/jetson/ros2_ws/src/install/darknet_ros_msgs/lib/python3.8/site-packages:${PYTHONPATH} /usr/bin/python3 setup.py develop --prefix /home/jetson/ros2_ws/src/install/humancounter --editable --build-directory /home/jetson/ros2_ws/src/build/humancounter/build --no-deps install_data --install-dir /home/jetson/ros2_ws/src/install/humancounter
[10.613s] /usr/local/lib/python3.8/dist-packages/setuptools/dist.py:772: UserWarning: Usage of dash-separated 'script-dir' will not be supported in future versions. Please use the underscore name 'script_dir' instead
[10.614s]   warnings.warn(
[10.616s] /usr/local/lib/python3.8/dist-packages/setuptools/dist.py:772: UserWarning: Usage of dash-separated 'install-scripts' will not be supported in future versions. Please use the underscore name 'install_scripts' instead
[10.616s]   warnings.warn(
[13.518s] running develop
[13.519s] /usr/local/lib/python3.8/dist-packages/setuptools/command/easy_install.py:144: EasyInstallDeprecationWarning: easy_install command is deprecated. Use build and pip and other standards-based tools.
[13.519s]   warnings.warn(
[14.179s] /usr/local/lib/python3.8/dist-packages/setuptools/command/install.py:34: SetuptoolsDeprecationWarning: setup.py install is deprecated. Use build and pip and other standards-based tools.
[14.180s]   warnings.warn(
[15.524s] /usr/local/lib/python3.8/dist-packages/pkg_resources/__init__.py:123: PkgResourcesDeprecationWarning: 0.1.36ubuntu1 is an invalid version and will not be supported in a future release
[15.525s]   warnings.warn(
[15.525s] /usr/local/lib/python3.8/dist-packages/pkg_resources/__init__.py:123: PkgResourcesDeprecationWarning: 0.23ubuntu1 is an invalid version and will not be supported in a future release
[15.525s]   warnings.warn(
[15.974s] running egg_info
[15.974s] creating humancounter.egg-info
[16.299s] writing humancounter.egg-info/PKG-INFO
[16.570s] writing dependency_links to humancounter.egg-info/dependency_links.txt
[17.373s] writing entry points to humancounter.egg-info/entry_points.txt
[17.911s] writing requirements to humancounter.egg-info/requires.txt
[18.180s] writing top-level names to humancounter.egg-info/top_level.txt
[18.186s] writing manifest file 'humancounter.egg-info/SOURCES.txt'
[18.581s] reading manifest file 'humancounter.egg-info/SOURCES.txt'
[18.585s] writing manifest file 'humancounter.egg-info/SOURCES.txt'
[19.155s] running build_ext
[19.156s] Creating /home/jetson/ros2_ws/src/install/humancounter/lib/python3.8/site-packages/humancounter.egg-link (link to .)
[19.159s] Installing hucou script to /home/jetson/ros2_ws/src/install/humancounter/lib/humancounter
[19.160s] 
[19.160s] Installed /home/jetson/ros2_ws/src/build/humancounter
[19.161s] running install_data
[19.161s] creating /home/jetson/ros2_ws/src/install/humancounter/share/ament_index
[19.161s] creating /home/jetson/ros2_ws/src/install/humancounter/share/ament_index/resource_index
[19.162s] creating /home/jetson/ros2_ws/src/install/humancounter/share/ament_index/resource_index/packages
[19.162s] copying resource/humancounter -> /home/jetson/ros2_ws/src/install/humancounter/share/ament_index/resource_index/packages
[19.163s] copying package.xml -> /home/jetson/ros2_ws/src/install/humancounter/share/humancounter
[19.401s] Invoked command in '/home/jetson/ros2_ws/src/build/humancounter' returned '0': AMENT_PREFIX_PATH=/home/jetson/ros2_ws/src/install/darknet_ros_msgs:${AMENT_PREFIX_PATH} CMAKE_PREFIX_PATH=/home/jetson/ros2_ws/src/install/darknet_ros_msgs:${CMAKE_PREFIX_PATH} LD_LIBRARY_PATH=/home/jetson/ros2_ws/src/install/darknet_ros_msgs/lib:${LD_LIBRARY_PATH} PYTHONPATH=/home/jetson/ros2_ws/src/install/humancounter/lib/python3.8/site-packages:/home/jetson/ros2_ws/src/install/darknet_ros_msgs/lib/python3.8/site-packages:${PYTHONPATH} /usr/bin/python3 setup.py develop --prefix /home/jetson/ros2_ws/src/install/humancounter --editable --build-directory /home/jetson/ros2_ws/src/build/humancounter/build --no-deps install_data --install-dir /home/jetson/ros2_ws/src/install/humancounter
