[11.382s] Invoking command in '/home/jetson/ros2_ws/build/count': AMENT_PREFIX_PATH=/home/jetson/ros2_ws/install/darknet_ros_msgs:${AMENT_PREFIX_PATH} CMAKE_PREFIX_PATH=/home/jetson/ros2_ws/install/darknet_ros_msgs LD_LIBRARY_PATH=/home/jetson/ros2_ws/install/darknet_ros_msgs/lib:${LD_LIBRARY_PATH} PYTHONPATH=/home/jetson/ros2_ws/install/count/lib/python3.8/site-packages:/home/jetson/ros2_ws/install/darknet_ros_msgs/lib/python3.8/site-packages:${PYTHONPATH} /usr/bin/python3 setup.py develop --prefix /home/jetson/ros2_ws/install/count --editable --build-directory /home/jetson/ros2_ws/build/count/build --no-deps install_data --install-dir /home/jetson/ros2_ws/install/count
[16.770s] running develop
[16.771s] /usr/local/lib/python3.8/dist-packages/setuptools/command/easy_install.py:144: EasyInstallDeprecationWarning: easy_install command is deprecated. Use build and pip and other standards-based tools.
[16.771s]   warnings.warn(
[17.620s] /usr/local/lib/python3.8/dist-packages/setuptools/command/install.py:34: SetuptoolsDeprecationWarning: setup.py install is deprecated. Use build and pip and other standards-based tools.
[17.620s]   warnings.warn(
[19.500s] /usr/local/lib/python3.8/dist-packages/pkg_resources/__init__.py:123: PkgResourcesDeprecationWarning: 0.1.36ubuntu1 is an invalid version and will not be supported in a future release
[19.501s]   warnings.warn(
[19.502s] /usr/local/lib/python3.8/dist-packages/pkg_resources/__init__.py:123: PkgResourcesDeprecationWarning: 0.23ubuntu1 is an invalid version and will not be supported in a future release
[19.503s]   warnings.warn(
[20.111s] running egg_info
[20.579s] writing count.egg-info/PKG-INFO
[20.931s] writing dependency_links to count.egg-info/dependency_links.txt
[21.942s] writing entry points to count.egg-info/entry_points.txt
[22.507s] writing requirements to count.egg-info/requires.txt
[22.783s] writing top-level names to count.egg-info/top_level.txt
[23.202s] reading manifest file 'count.egg-info/SOURCES.txt'
[23.212s] writing manifest file 'count.egg-info/SOURCES.txt'
[23.742s] running build_ext
[23.742s] Creating /home/jetson/ros2_ws/install/count/lib/python3.8/site-packages/count.egg-link (link to .)
[23.745s] Installing cou script to /home/jetson/ros2_ws/install/count/lib/count
[23.746s] 
[23.746s] Installed /home/jetson/ros2_ws/build/count
[23.747s] running install_data
