make: Warning: File 'Makefile' has modification time 121 s in the future
openjdk version "11.0.15" 2022-04-19
OpenJDK Runtime Environment (build 11.0.15+10-Ubuntu-0ubuntu0.20.04.1)
OpenJDK 64-Bit Server VM (build 11.0.15+10-Ubuntu-0ubuntu0.20.04.1, mixed mode)
make[2]: Warning: File 'CMakeFiles/frame_transforms.dir/flags.make' has modification time 621 s in the future
make[2]: warning:  Clock skew detected.  Your build may be incomplete.
make[2]: Warning: File 'CMakeFiles/frame_transforms.dir/flags.make' has modification time 621 s in the future
make[2]: warning:  Clock skew detected.  Your build may be incomplete.
make[2]: Warning: File 'CMakeFiles/micrortps_agent.dir/flags.make' has modification time 621 s in the future
make[2]: warning:  Clock skew detected.  Your build may be incomplete.
make[2]: Warning: File 'CMakeFiles/micrortps_agent.dir/flags.make' has modification time 621 s in the future
make[2]: warning:  Clock skew detected.  Your build may be incomplete.
make[2]: Warning: File 'CMakeFiles/vehicle_gps_position_listener.dir/flags.make' has modification time 2758 s in the future
make[2]: warning:  Clock skew detected.  Your build may be incomplete.
make[2]: Warning: File 'CMakeFiles/vehicle_gps_position_listener.dir/flags.make' has modification time 2758 s in the future
make[2]: warning:  Clock skew detected.  Your build may be incomplete.
make[2]: Warning: File 'CMakeFiles/debug_vect_advertiser.dir/flags.make' has modification time 2758 s in the future
make[2]: warning:  Clock skew detected.  Your build may be incomplete.
make[2]: Warning: File 'CMakeFiles/debug_vect_advertiser.dir/flags.make' has modification time 2758 s in the future
make[2]: warning:  Clock skew detected.  Your build may be incomplete.
make[2]: Warning: File 'CMakeFiles/sensor_combined_listener.dir/flags.make' has modification time 2758 s in the future
make[2]: warning:  Clock skew detected.  Your build may be incomplete.
make[2]: Warning: File 'CMakeFiles/sensor_combined_listener.dir/flags.make' has modification time 2758 s in the future
make[2]: warning:  Clock skew detected.  Your build may be incomplete.
make[2]: Warning: File 'CMakeFiles/setpoint.dir/flags.make' has modification time 2758 s in the future
make[2]: warning:  Clock skew detected.  Your build may be incomplete.
make[2]: Warning: File 'CMakeFiles/setpoint.dir/flags.make' has modification time 2758 s in the future
make[2]: warning:  Clock skew detected.  Your build may be incomplete.
make[2]: Warning: File 'CMakeFiles/offboard_control.dir/flags.make' has modification time 2758 s in the future
make[2]: warning:  Clock skew detected.  Your build may be incomplete.
make[2]: Warning: File 'CMakeFiles/offboard_control.dir/flags.make' has modification time 2758 s in the future
[01m[K/home/jetson/ros2_ws/src/px4_ros_com/src/examples/offboard/offboard_control.cpp:[m[K In lambda function:
[01m[K/home/jetson/ros2_ws/src/px4_ros_com/src/examples/offboard/offboard_control.cpp:87:8:[m[K [01;31m[Kerror: [m[K‘[01m[Kwaypoints[m[K’ was not declared in this scope
    if(([01;31m[Kwaypoints[m[K[waypointIndex][0] + 0.3 > X && waypoints[waypointIndex][0] - 0.3 < X)&&(waypoints[waypointIndex][1] + 0.3 > Y && waypoints[waypointIndex][1] - 0.3 < Y)){
        [01;31m[K^~~~~~~~~[m[K
[01m[K/home/jetson/ros2_ws/src/px4_ros_com/src/examples/offboard/offboard_control.cpp:87:8:[m[K [01;36m[Knote: [m[Ksuggested alternative: ‘[01m[Kasprintf[m[K’
    if(([01;36m[Kwaypoints[m[K[waypointIndex][0] + 0.3 > X && waypoints[waypointIndex][0] - 0.3 < X)&&(waypoints[waypointIndex][1] + 0.3 > Y && waypoints[waypointIndex][1] - 0.3 < Y)){
        [01;36m[K^~~~~~~~~[m[K
        [32m[Kasprintf[m[K
make[2]: *** [CMakeFiles/offboard_control.dir/build.make:82: CMakeFiles/offboard_control.dir/src/examples/offboard/offboard_control.cpp.o] Error 1
make[1]: *** [CMakeFiles/Makefile2:136: CMakeFiles/offboard_control.dir/all] Error 2
make: *** [Makefile:160: all] Error 2
