[0.066s] Invoking command in '/home/jetson/ros2_ws/build/px4_ros_com': AMENT_PREFIX_PATH=/home/jetson/ros2_ws/install/px4_msgs:${AMENT_PREFIX_PATH} CMAKE_PREFIX_PATH=/home/jetson/ros2_ws/install/px4_msgs:/opt/ros/foxy LD_LIBRARY_PATH=/home/jetson/ros2_ws/install/px4_msgs/lib:${LD_LIBRARY_PATH} PYTHONPATH=/home/jetson/ros2_ws/install/px4_msgs/lib/python3.8/site-packages:${PYTHONPATH} /usr/local/bin/cmake --build /home/jetson/ros2_ws/build/px4_ros_com -- -j4 -l4
[0.096s] make: Warning: File 'Makefile' has modification time 121 s in the future
[0.155s] -- Using C++17 compiler
[0.157s] -- Found ament_cmake: 0.9.9 (/opt/ros/foxy/share/ament_cmake/cmake)
[0.247s] -- Using PYTHON_EXECUTABLE: /usr/bin/python3
[1.292s] -- Override CMake install command with custom implementation using symlinks instead of copying resources
[1.330s] -- Found builtin_interfaces: 1.0.0 (/opt/ros/foxy/share/builtin_interfaces/cmake)
[1.430s] -- Using all available rosidl_typesupport_c: rosidl_typesupport_fastrtps_c;rosidl_typesupport_introspection_c
[1.444s] -- Found rosidl_adapter: 1.2.1 (/opt/ros/foxy/share/rosidl_adapter/cmake)
[1.967s] -- Using all available rosidl_typesupport_cpp: rosidl_typesupport_fastrtps_cpp;rosidl_typesupport_introspection_cpp
[2.155s] -- Found rclcpp: 2.4.1 (/opt/ros/foxy/share/rclcpp/cmake)
[2.293s] -- Found rmw_implementation_cmake: 1.0.3 (/opt/ros/foxy/share/rmw_implementation_cmake/cmake)
[2.298s] -- Using RMW implementation 'rmw_fastrtps_cpp' as default
[2.939s] -- Found rmw_fastrtps_cpp: 1.3.0 (/opt/ros/foxy/share/rmw_fastrtps_cpp/cmake)
[3.461s] -- Found px4_msgs: 2.0.1 (/home/jetson/ros2_ws/install/px4_msgs/share/px4_msgs/cmake)
[3.529s] -- Found sensor_msgs: 2.0.5 (/opt/ros/foxy/share/sensor_msgs/cmake)
[4.094s] -- Found eigen3_cmake_module: 0.1.1 (/opt/ros/foxy/share/eigen3_cmake_module/cmake)
[4.101s] -- fastrtpsgen found in /usr/local/bin
[4.337s] openjdk version "11.0.15" 2022-04-19
[4.339s] OpenJDK Runtime Environment (build 11.0.15+10-Ubuntu-0ubuntu0.20.04.1)
[4.340s] OpenJDK 64-Bit Server VM (build 11.0.15+10-Ubuntu-0ubuntu0.20.04.1, mixed mode)
[4.486s] -- fastrtpsgen version 1.0.4
[4.487s] -- px4_msgs message dir under /home/jetson/ros2_ws/install/px4_msgs/share/px4_msgs/msg
[4.487s] -- IDL definitions under /home/jetson/ros2_ws/install/px4_msgs/share/px4_msgs/msg
[4.488s] -- Retrieving list of msgs to send...
[4.728s] -- List of msgs to send: DebugArray, DebugKeyValue, DebugValue, DebugVect, OffboardControlMode, OnboardComputerStatus, PositionSetpoint, PositionSetpointTriplet, SensorOpticalFlow, TelemetryStatus, Timesync, TrajectoryBezier, TrajectorySetpoint, VehicleCommand, VehicleLocalPositionSetpoint, VehicleTrajectoryBezier, VehicleTrajectoryWaypoint, VehicleMocapOdometry, VehicleVisualOdometry
[4.729s] -- Retrieving list of msgs to receive...
[4.961s] -- List of msgs to receive: CollisionConstraints, SensorCombined, Timesync, TimesyncStatus, TrajectoryWaypoint, VehicleControlMode, VehicleLocalPosition, VehicleOdometry, VehicleStatus
[5.326s] -- Configuring done
[5.923s] -- Generating done
[5.932s] -- Build files have been written to: /home/jetson/ros2_ws/build/px4_ros_com
[5.990s] make[2]: Warning: File 'CMakeFiles/frame_transforms.dir/flags.make' has modification time 621 s in the future
[6.032s] make[2]: warning:  Clock skew detected.  Your build may be incomplete.
[6.044s] make[2]: Warning: File 'CMakeFiles/frame_transforms.dir/flags.make' has modification time 621 s in the future
[6.047s] make[2]: warning:  Clock skew detected.  Your build may be incomplete.
[6.058s] [  2%] Built target frame_transforms
[6.139s] make[2]: Warning: File 'CMakeFiles/micrortps_agent.dir/flags.make' has modification time 621 s in the future
[6.196s] make[2]: warning:  Clock skew detected.  Your build may be incomplete.
[6.271s] make[2]: Warning: File 'CMakeFiles/micrortps_agent.dir/flags.make' has modification time 621 s in the future
[6.278s] make[2]: warning:  Clock skew detected.  Your build may be incomplete.
[6.294s] [ 91%] Built target micrortps_agent
[6.307s] make[2]: Warning: File 'CMakeFiles/vehicle_gps_position_listener.dir/flags.make' has modification time 2758 s in the future
[6.325s] make[2]: warning:  Clock skew detected.  Your build may be incomplete.
[6.332s] make[2]: Warning: File 'CMakeFiles/vehicle_gps_position_listener.dir/flags.make' has modification time 2758 s in the future
[6.336s] make[2]: warning:  Clock skew detected.  Your build may be incomplete.
[6.347s] [ 93%] Built target vehicle_gps_position_listener
[6.358s] make[2]: Warning: File 'CMakeFiles/debug_vect_advertiser.dir/flags.make' has modification time 2758 s in the future
[6.377s] make[2]: warning:  Clock skew detected.  Your build may be incomplete.
[6.384s] make[2]: Warning: File 'CMakeFiles/debug_vect_advertiser.dir/flags.make' has modification time 2758 s in the future
[6.387s] make[2]: warning:  Clock skew detected.  Your build may be incomplete.
[6.398s] [ 94%] Built target debug_vect_advertiser
[6.411s] make[2]: Warning: File 'CMakeFiles/sensor_combined_listener.dir/flags.make' has modification time 2758 s in the future
[6.431s] make[2]: warning:  Clock skew detected.  Your build may be incomplete.
[6.439s] make[2]: Warning: File 'CMakeFiles/sensor_combined_listener.dir/flags.make' has modification time 2758 s in the future
[6.442s] make[2]: warning:  Clock skew detected.  Your build may be incomplete.
[6.453s] [ 96%] Built target sensor_combined_listener
[6.464s] make[2]: Warning: File 'CMakeFiles/setpoint.dir/flags.make' has modification time 2758 s in the future
[6.485s] make[2]: warning:  Clock skew detected.  Your build may be incomplete.
[6.492s] make[2]: Warning: File 'CMakeFiles/setpoint.dir/flags.make' has modification time 2758 s in the future
[6.495s] make[2]: warning:  Clock skew detected.  Your build may be incomplete.
[6.506s] [ 98%] Built target setpoint
[6.519s] make[2]: Warning: File 'CMakeFiles/offboard_control.dir/flags.make' has modification time 2758 s in the future
[6.530s] [35m[1mScanning dependencies of target offboard_control[0m
[6.581s] make[2]: warning:  Clock skew detected.  Your build may be incomplete.
[6.589s] make[2]: Warning: File 'CMakeFiles/offboard_control.dir/flags.make' has modification time 2758 s in the future
[6.603s] [ 99%] [32mBuilding CXX object CMakeFiles/offboard_control.dir/src/examples/offboard/offboard_control.cpp.o[0m
[13.434s] [01m[K/home/jetson/ros2_ws/src/px4_ros_com/src/examples/offboard/offboard_control.cpp:[m[K In lambda function:
[13.435s] [01m[K/home/jetson/ros2_ws/src/px4_ros_com/src/examples/offboard/offboard_control.cpp:87:8:[m[K [01;31m[Kerror: [m[K‘[01m[Kwaypoints[m[K’ was not declared in this scope
[13.435s]     if(([01;31m[Kwaypoints[m[K[waypointIndex][0] + 0.3 > X && waypoints[waypointIndex][0] - 0.3 < X)&&(waypoints[waypointIndex][1] + 0.3 > Y && waypoints[waypointIndex][1] - 0.3 < Y)){
[13.435s]         [01;31m[K^~~~~~~~~[m[K
[13.442s] [01m[K/home/jetson/ros2_ws/src/px4_ros_com/src/examples/offboard/offboard_control.cpp:87:8:[m[K [01;36m[Knote: [m[Ksuggested alternative: ‘[01m[Kasprintf[m[K’
[13.443s]     if(([01;36m[Kwaypoints[m[K[waypointIndex][0] + 0.3 > X && waypoints[waypointIndex][0] - 0.3 < X)&&(waypoints[waypointIndex][1] + 0.3 > Y && waypoints[waypointIndex][1] - 0.3 < Y)){
[13.443s]         [01;36m[K^~~~~~~~~[m[K
[13.443s]         [32m[Kasprintf[m[K
[22.816s] make[2]: *** [CMakeFiles/offboard_control.dir/build.make:82: CMakeFiles/offboard_control.dir/src/examples/offboard/offboard_control.cpp.o] Error 1
[22.817s] make[1]: *** [CMakeFiles/Makefile2:136: CMakeFiles/offboard_control.dir/all] Error 2
[22.817s] make: *** [Makefile:160: all] Error 2
[22.821s] Invoked command in '/home/jetson/ros2_ws/build/px4_ros_com' returned '2': AMENT_PREFIX_PATH=/home/jetson/ros2_ws/install/px4_msgs:${AMENT_PREFIX_PATH} CMAKE_PREFIX_PATH=/home/jetson/ros2_ws/install/px4_msgs:/opt/ros/foxy LD_LIBRARY_PATH=/home/jetson/ros2_ws/install/px4_msgs/lib:${LD_LIBRARY_PATH} PYTHONPATH=/home/jetson/ros2_ws/install/px4_msgs/lib/python3.8/site-packages:${PYTHONPATH} /usr/local/bin/cmake --build /home/jetson/ros2_ws/build/px4_ros_com -- -j4 -l4
