[2.210s] DEBUG:colcon:Command line arguments: ['/usr/bin/colcon', 'build', '--packages-select', 'humancount', '--symlink-install']
[2.211s] DEBUG:colcon:Parsed command line arguments: Namespace(allow_overriding=[], ament_cmake_args=None, base_paths=['.'], build_base='build', catkin_cmake_args=None, catkin_skip_building_tests=False, cmake_args=None, cmake_clean_cache=False, cmake_clean_first=False, cmake_force_configure=False, cmake_target=None, cmake_target_skip_unavailable=False, continue_on_error=False, event_handlers=None, executor='parallel', ignore_user_meta=False, install_base='install', log_base=None, log_level=None, main=<bound method BuildVerb.main of <colcon_core.verb.build.BuildVerb object at 0x7f938a9820>>, merge_install=False, metas=['./colcon.meta'], packages_above=None, packages_above_and_dependencies=None, packages_above_depth=None, packages_end=None, packages_ignore=None, packages_ignore_regex=None, packages_select=['humancount'], packages_select_build_failed=False, packages_select_by_dep=None, packages_select_regex=None, packages_select_test_failures=False, packages_skip=None, packages_skip_build_finished=False, packages_skip_by_dep=None, packages_skip_regex=None, packages_skip_test_passed=False, packages_skip_up_to=None, packages_start=None, packages_up_to=None, packages_up_to_regex=None, parallel_workers=4, paths=None, symlink_install=True, test_result_base=None, verb_extension=<colcon_core.verb.build.BuildVerb object at 0x7f938a9820>, verb_name='build', verb_parser=<colcon_defaults.argument_parser.defaults.DefaultArgumentsDecorator object at 0x7f930560d0>)
[2.666s] Level 1:colcon.colcon_core.package_discovery:discover_packages(colcon_meta) check parameters
[2.666s] Level 1:colcon.colcon_core.package_discovery:discover_packages(recursive) check parameters
[2.666s] Level 1:colcon.colcon_core.package_discovery:discover_packages(ignore) check parameters
[2.667s] Level 1:colcon.colcon_core.package_discovery:discover_packages(path) check parameters
[2.667s] Level 1:colcon.colcon_core.package_discovery:discover_packages(colcon_meta) discover
[2.667s] Level 1:colcon.colcon_core.package_discovery:discover_packages(recursive) discover
[2.667s] INFO:colcon.colcon_core.package_discovery:Crawling recursively for packages in '/home/jetson/ros2_ws'
[2.667s] Level 1:colcon.colcon_core.package_identification:_identify(.) by extensions ['ignore', 'ignore_ament_install']
[2.668s] Level 1:colcon.colcon_core.package_identification:_identify(.) by extension 'ignore'
[2.668s] Level 1:colcon.colcon_core.package_identification:_identify(.) by extension 'ignore_ament_install'
[2.668s] Level 1:colcon.colcon_core.package_identification:_identify(.) by extensions ['colcon_pkg']
[2.669s] Level 1:colcon.colcon_core.package_identification:_identify(.) by extension 'colcon_pkg'
[2.669s] Level 1:colcon.colcon_core.package_identification:_identify(.) by extensions ['colcon_meta']
[2.669s] Level 1:colcon.colcon_core.package_identification:_identify(.) by extension 'colcon_meta'
[2.669s] Level 1:colcon.colcon_core.package_identification:_identify(.) by extensions ['ros']
[2.669s] Level 1:colcon.colcon_core.package_identification:_identify(.) by extension 'ros'
[2.757s] Level 1:colcon.colcon_core.package_identification:_identify(.) by extensions ['cmake', 'python']
[2.758s] Level 1:colcon.colcon_core.package_identification:_identify(.) by extension 'cmake'
[2.758s] Level 1:colcon.colcon_core.package_identification:_identify(.) by extension 'python'
[2.758s] Level 1:colcon.colcon_core.package_identification:_identify(.) by extensions ['python_setup_py']
[2.758s] Level 1:colcon.colcon_core.package_identification:_identify(.) by extension 'python_setup_py'
[2.759s] Level 1:colcon.colcon_core.package_identification:_identify(build) by extensions ['ignore', 'ignore_ament_install']
[2.760s] Level 1:colcon.colcon_core.package_identification:_identify(build) by extension 'ignore'
[2.760s] Level 1:colcon.colcon_core.package_identification:_identify(build) ignored
[2.760s] Level 1:colcon.colcon_core.package_identification:_identify(install) by extensions ['ignore', 'ignore_ament_install']
[2.761s] Level 1:colcon.colcon_core.package_identification:_identify(install) by extension 'ignore'
[2.761s] Level 1:colcon.colcon_core.package_identification:_identify(install) ignored
[2.762s] Level 1:colcon.colcon_core.package_identification:_identify(log) by extensions ['ignore', 'ignore_ament_install']
[2.763s] Level 1:colcon.colcon_core.package_identification:_identify(log) by extension 'ignore'
[2.763s] Level 1:colcon.colcon_core.package_identification:_identify(log) ignored
[2.764s] Level 1:colcon.colcon_core.package_identification:_identify(src) by extensions ['ignore', 'ignore_ament_install']
[2.764s] Level 1:colcon.colcon_core.package_identification:_identify(src) by extension 'ignore'
[2.764s] Level 1:colcon.colcon_core.package_identification:_identify(src) by extension 'ignore_ament_install'
[2.765s] Level 1:colcon.colcon_core.package_identification:_identify(src) by extensions ['colcon_pkg']
[2.765s] Level 1:colcon.colcon_core.package_identification:_identify(src) by extension 'colcon_pkg'
[2.765s] Level 1:colcon.colcon_core.package_identification:_identify(src) by extensions ['colcon_meta']
[2.765s] Level 1:colcon.colcon_core.package_identification:_identify(src) by extension 'colcon_meta'
[2.766s] Level 1:colcon.colcon_core.package_identification:_identify(src) by extensions ['ros']
[2.766s] Level 1:colcon.colcon_core.package_identification:_identify(src) by extension 'ros'
[2.766s] Level 1:colcon.colcon_core.package_identification:_identify(src) by extensions ['cmake', 'python']
[2.767s] Level 1:colcon.colcon_core.package_identification:_identify(src) by extension 'cmake'
[2.767s] Level 1:colcon.colcon_core.package_identification:_identify(src) by extension 'python'
[2.767s] Level 1:colcon.colcon_core.package_identification:_identify(src) by extensions ['python_setup_py']
[2.767s] Level 1:colcon.colcon_core.package_identification:_identify(src) by extension 'python_setup_py'
[2.768s] Level 1:colcon.colcon_core.package_identification:_identify(src/build) by extensions ['ignore', 'ignore_ament_install']
[2.769s] Level 1:colcon.colcon_core.package_identification:_identify(src/build) by extension 'ignore'
[2.775s] Level 1:colcon.colcon_core.package_identification:_identify(src/build) ignored
[2.776s] Level 1:colcon.colcon_core.package_identification:_identify(src/darknet_ros_yolov4) by extensions ['ignore', 'ignore_ament_install']
[2.776s] Level 1:colcon.colcon_core.package_identification:_identify(src/darknet_ros_yolov4) by extension 'ignore'
[2.776s] Level 1:colcon.colcon_core.package_identification:_identify(src/darknet_ros_yolov4) by extension 'ignore_ament_install'
[2.777s] Level 1:colcon.colcon_core.package_identification:_identify(src/darknet_ros_yolov4) by extensions ['colcon_pkg']
[2.777s] Level 1:colcon.colcon_core.package_identification:_identify(src/darknet_ros_yolov4) by extension 'colcon_pkg'
[2.777s] Level 1:colcon.colcon_core.package_identification:_identify(src/darknet_ros_yolov4) by extensions ['colcon_meta']
[2.777s] Level 1:colcon.colcon_core.package_identification:_identify(src/darknet_ros_yolov4) by extension 'colcon_meta'
[2.777s] Level 1:colcon.colcon_core.package_identification:_identify(src/darknet_ros_yolov4) by extensions ['ros']
[2.778s] Level 1:colcon.colcon_core.package_identification:_identify(src/darknet_ros_yolov4) by extension 'ros'
[2.778s] Level 1:colcon.colcon_core.package_identification:_identify(src/darknet_ros_yolov4) by extensions ['cmake', 'python']
[2.778s] Level 1:colcon.colcon_core.package_identification:_identify(src/darknet_ros_yolov4) by extension 'cmake'
[2.779s] Level 1:colcon.colcon_core.package_identification:_identify(src/darknet_ros_yolov4) by extension 'python'
[2.779s] Level 1:colcon.colcon_core.package_identification:_identify(src/darknet_ros_yolov4) by extensions ['python_setup_py']
[2.779s] Level 1:colcon.colcon_core.package_identification:_identify(src/darknet_ros_yolov4) by extension 'python_setup_py'
[2.779s] Level 1:colcon.colcon_core.package_identification:_identify(src/darknet_ros_yolov4/darknet_ros) by extensions ['ignore', 'ignore_ament_install']
[2.780s] Level 1:colcon.colcon_core.package_identification:_identify(src/darknet_ros_yolov4/darknet_ros) by extension 'ignore'
[2.780s] Level 1:colcon.colcon_core.package_identification:_identify(src/darknet_ros_yolov4/darknet_ros) by extension 'ignore_ament_install'
[2.780s] Level 1:colcon.colcon_core.package_identification:_identify(src/darknet_ros_yolov4/darknet_ros) by extensions ['colcon_pkg']
[2.780s] Level 1:colcon.colcon_core.package_identification:_identify(src/darknet_ros_yolov4/darknet_ros) by extension 'colcon_pkg'
[2.781s] Level 1:colcon.colcon_core.package_identification:_identify(src/darknet_ros_yolov4/darknet_ros) by extensions ['colcon_meta']
[2.781s] Level 1:colcon.colcon_core.package_identification:_identify(src/darknet_ros_yolov4/darknet_ros) by extension 'colcon_meta'
[2.781s] Level 1:colcon.colcon_core.package_identification:_identify(src/darknet_ros_yolov4/darknet_ros) by extensions ['ros']
[2.781s] Level 1:colcon.colcon_core.package_identification:_identify(src/darknet_ros_yolov4/darknet_ros) by extension 'ros'
[2.782s] Level 1:colcon.colcon_core.package_identification:_identify(src/darknet_ros_yolov4/darknet_ros) by extensions ['cmake', 'python']
[2.782s] Level 1:colcon.colcon_core.package_identification:_identify(src/darknet_ros_yolov4/darknet_ros) by extension 'cmake'
[2.782s] Level 1:colcon.colcon_core.package_identification:_identify(src/darknet_ros_yolov4/darknet_ros) by extension 'python'
[2.783s] Level 1:colcon.colcon_core.package_identification:_identify(src/darknet_ros_yolov4/darknet_ros) by extensions ['python_setup_py']
[2.783s] Level 1:colcon.colcon_core.package_identification:_identify(src/darknet_ros_yolov4/darknet_ros) by extension 'python_setup_py'
[2.783s] Level 1:colcon.colcon_core.package_identification:_identify(src/darknet_ros_yolov4/darknet_ros/darknet) by extensions ['ignore', 'ignore_ament_install']
[2.784s] Level 1:colcon.colcon_core.package_identification:_identify(src/darknet_ros_yolov4/darknet_ros/darknet) by extension 'ignore'
[2.784s] Level 1:colcon.colcon_core.package_identification:_identify(src/darknet_ros_yolov4/darknet_ros/darknet) by extension 'ignore_ament_install'
[2.784s] Level 1:colcon.colcon_core.package_identification:_identify(src/darknet_ros_yolov4/darknet_ros/darknet) by extensions ['colcon_pkg']
[2.784s] Level 1:colcon.colcon_core.package_identification:_identify(src/darknet_ros_yolov4/darknet_ros/darknet) by extension 'colcon_pkg'
[2.785s] Level 1:colcon.colcon_core.package_identification:_identify(src/darknet_ros_yolov4/darknet_ros/darknet) by extensions ['colcon_meta']
[2.785s] Level 1:colcon.colcon_core.package_identification:_identify(src/darknet_ros_yolov4/darknet_ros/darknet) by extension 'colcon_meta'
[2.785s] Level 1:colcon.colcon_core.package_identification:_identify(src/darknet_ros_yolov4/darknet_ros/darknet) by extensions ['ros']
[2.785s] Level 1:colcon.colcon_core.package_identification:_identify(src/darknet_ros_yolov4/darknet_ros/darknet) by extension 'ros'
[2.786s] Level 1:colcon.colcon_core.package_identification:_identify(src/darknet_ros_yolov4/darknet_ros/darknet) by extensions ['cmake', 'python']
[2.786s] Level 1:colcon.colcon_core.package_identification:_identify(src/darknet_ros_yolov4/darknet_ros/darknet) by extension 'cmake'
[2.786s] Level 1:colcon.colcon_core.package_identification:_identify(src/darknet_ros_yolov4/darknet_ros/darknet) by extension 'python'
[2.786s] Level 1:colcon.colcon_core.package_identification:_identify(src/darknet_ros_yolov4/darknet_ros/darknet) by extensions ['python_setup_py']
[2.786s] Level 1:colcon.colcon_core.package_identification:_identify(src/darknet_ros_yolov4/darknet_ros/darknet) by extension 'python_setup_py'
[2.787s] Level 1:colcon.colcon_core.package_identification:_identify(src/darknet_ros_yolov4/darknet_ros/darknet/3rdparty) by extensions ['ignore', 'ignore_ament_install']
[2.787s] Level 1:colcon.colcon_core.package_identification:_identify(src/darknet_ros_yolov4/darknet_ros/darknet/3rdparty) by extension 'ignore'
[2.787s] Level 1:colcon.colcon_core.package_identification:_identify(src/darknet_ros_yolov4/darknet_ros/darknet/3rdparty) by extension 'ignore_ament_install'
[2.788s] Level 1:colcon.colcon_core.package_identification:_identify(src/darknet_ros_yolov4/darknet_ros/darknet/3rdparty) by extensions ['colcon_pkg']
[2.788s] Level 1:colcon.colcon_core.package_identification:_identify(src/darknet_ros_yolov4/darknet_ros/darknet/3rdparty) by extension 'colcon_pkg'
[2.788s] Level 1:colcon.colcon_core.package_identification:_identify(src/darknet_ros_yolov4/darknet_ros/darknet/3rdparty) by extensions ['colcon_meta']
[2.788s] Level 1:colcon.colcon_core.package_identification:_identify(src/darknet_ros_yolov4/darknet_ros/darknet/3rdparty) by extension 'colcon_meta'
[2.788s] Level 1:colcon.colcon_core.package_identification:_identify(src/darknet_ros_yolov4/darknet_ros/darknet/3rdparty) by extensions ['ros']
[2.789s] Level 1:colcon.colcon_core.package_identification:_identify(src/darknet_ros_yolov4/darknet_ros/darknet/3rdparty) by extension 'ros'
[2.789s] Level 1:colcon.colcon_core.package_identification:_identify(src/darknet_ros_yolov4/darknet_ros/darknet/3rdparty) by extensions ['cmake', 'python']
[2.789s] Level 1:colcon.colcon_core.package_identification:_identify(src/darknet_ros_yolov4/darknet_ros/darknet/3rdparty) by extension 'cmake'
[2.789s] Level 1:colcon.colcon_core.package_identification:_identify(src/darknet_ros_yolov4/darknet_ros/darknet/3rdparty) by extension 'python'
[2.789s] Level 1:colcon.colcon_core.package_identification:_identify(src/darknet_ros_yolov4/darknet_ros/darknet/3rdparty) by extensions ['python_setup_py']
[2.790s] Level 1:colcon.colcon_core.package_identification:_identify(src/darknet_ros_yolov4/darknet_ros/darknet/3rdparty) by extension 'python_setup_py'
[2.790s] Level 1:colcon.colcon_core.package_identification:_identify(src/darknet_ros_yolov4/darknet_ros/darknet/3rdparty/pthreads) by extensions ['ignore', 'ignore_ament_install']
[2.791s] Level 1:colcon.colcon_core.package_identification:_identify(src/darknet_ros_yolov4/darknet_ros/darknet/3rdparty/pthreads) by extension 'ignore'
[2.791s] Level 1:colcon.colcon_core.package_identification:_identify(src/darknet_ros_yolov4/darknet_ros/darknet/3rdparty/pthreads) by extension 'ignore_ament_install'
[2.791s] Level 1:colcon.colcon_core.package_identification:_identify(src/darknet_ros_yolov4/darknet_ros/darknet/3rdparty/pthreads) by extensions ['colcon_pkg']
[2.792s] Level 1:colcon.colcon_core.package_identification:_identify(src/darknet_ros_yolov4/darknet_ros/darknet/3rdparty/pthreads) by extension 'colcon_pkg'
[2.792s] Level 1:colcon.colcon_core.package_identification:_identify(src/darknet_ros_yolov4/darknet_ros/darknet/3rdparty/pthreads) by extensions ['colcon_meta']
[2.792s] Level 1:colcon.colcon_core.package_identification:_identify(src/darknet_ros_yolov4/darknet_ros/darknet/3rdparty/pthreads) by extension 'colcon_meta'
[2.792s] Level 1:colcon.colcon_core.package_identification:_identify(src/darknet_ros_yolov4/darknet_ros/darknet/3rdparty/pthreads) by extensions ['ros']
[2.793s] Level 1:colcon.colcon_core.package_identification:_identify(src/darknet_ros_yolov4/darknet_ros/darknet/3rdparty/pthreads) by extension 'ros'
[2.793s] Level 1:colcon.colcon_core.package_identification:_identify(src/darknet_ros_yolov4/darknet_ros/darknet/3rdparty/pthreads) by extensions ['cmake', 'python']
[2.793s] Level 1:colcon.colcon_core.package_identification:_identify(src/darknet_ros_yolov4/darknet_ros/darknet/3rdparty/pthreads) by extension 'cmake'
[2.794s] Level 1:colcon.colcon_core.package_identification:_identify(src/darknet_ros_yolov4/darknet_ros/darknet/3rdparty/pthreads) by extension 'python'
[2.794s] Level 1:colcon.colcon_core.package_identification:_identify(src/darknet_ros_yolov4/darknet_ros/darknet/3rdparty/pthreads) by extensions ['python_setup_py']
[2.794s] Level 1:colcon.colcon_core.package_identification:_identify(src/darknet_ros_yolov4/darknet_ros/darknet/3rdparty/pthreads) by extension 'python_setup_py'
[2.795s] Level 1:colcon.colcon_core.package_identification:_identify(src/darknet_ros_yolov4/darknet_ros/darknet/3rdparty/pthreads/bin) by extensions ['ignore', 'ignore_ament_install']
[2.795s] Level 1:colcon.colcon_core.package_identification:_identify(src/darknet_ros_yolov4/darknet_ros/darknet/3rdparty/pthreads/bin) by extension 'ignore'
[2.796s] Level 1:colcon.colcon_core.package_identification:_identify(src/darknet_ros_yolov4/darknet_ros/darknet/3rdparty/pthreads/bin) by extension 'ignore_ament_install'
[2.796s] Level 1:colcon.colcon_core.package_identification:_identify(src/darknet_ros_yolov4/darknet_ros/darknet/3rdparty/pthreads/bin) by extensions ['colcon_pkg']
[2.796s] Level 1:colcon.colcon_core.package_identification:_identify(src/darknet_ros_yolov4/darknet_ros/darknet/3rdparty/pthreads/bin) by extension 'colcon_pkg'
[2.796s] Level 1:colcon.colcon_core.package_identification:_identify(src/darknet_ros_yolov4/darknet_ros/darknet/3rdparty/pthreads/bin) by extensions ['colcon_meta']
[2.797s] Level 1:colcon.colcon_core.package_identification:_identify(src/darknet_ros_yolov4/darknet_ros/darknet/3rdparty/pthreads/bin) by extension 'colcon_meta'
[2.797s] Level 1:colcon.colcon_core.package_identification:_identify(src/darknet_ros_yolov4/darknet_ros/darknet/3rdparty/pthreads/bin) by extensions ['ros']
[2.797s] Level 1:colcon.colcon_core.package_identification:_identify(src/darknet_ros_yolov4/darknet_ros/darknet/3rdparty/pthreads/bin) by extension 'ros'
[2.798s] Level 1:colcon.colcon_core.package_identification:_identify(src/darknet_ros_yolov4/darknet_ros/darknet/3rdparty/pthreads/bin) by extensions ['cmake', 'python']
[2.798s] Level 1:colcon.colcon_core.package_identification:_identify(src/darknet_ros_yolov4/darknet_ros/darknet/3rdparty/pthreads/bin) by extension 'cmake'
[2.798s] Level 1:colcon.colcon_core.package_identification:_identify(src/darknet_ros_yolov4/darknet_ros/darknet/3rdparty/pthreads/bin) by extension 'python'
[2.799s] Level 1:colcon.colcon_core.package_identification:_identify(src/darknet_ros_yolov4/darknet_ros/darknet/3rdparty/pthreads/bin) by extensions ['python_setup_py']
[2.799s] Level 1:colcon.colcon_core.package_identification:_identify(src/darknet_ros_yolov4/darknet_ros/darknet/3rdparty/pthreads/bin) by extension 'python_setup_py'
[2.800s] Level 1:colcon.colcon_core.package_identification:_identify(src/darknet_ros_yolov4/darknet_ros/darknet/3rdparty/pthreads/include) by extensions ['ignore', 'ignore_ament_install']
[2.800s] Level 1:colcon.colcon_core.package_identification:_identify(src/darknet_ros_yolov4/darknet_ros/darknet/3rdparty/pthreads/include) by extension 'ignore'
[2.800s] Level 1:colcon.colcon_core.package_identification:_identify(src/darknet_ros_yolov4/darknet_ros/darknet/3rdparty/pthreads/include) by extension 'ignore_ament_install'
[2.801s] Level 1:colcon.colcon_core.package_identification:_identify(src/darknet_ros_yolov4/darknet_ros/darknet/3rdparty/pthreads/include) by extensions ['colcon_pkg']
[2.801s] Level 1:colcon.colcon_core.package_identification:_identify(src/darknet_ros_yolov4/darknet_ros/darknet/3rdparty/pthreads/include) by extension 'colcon_pkg'
[2.801s] Level 1:colcon.colcon_core.package_identification:_identify(src/darknet_ros_yolov4/darknet_ros/darknet/3rdparty/pthreads/include) by extensions ['colcon_meta']
[2.802s] Level 1:colcon.colcon_core.package_identification:_identify(src/darknet_ros_yolov4/darknet_ros/darknet/3rdparty/pthreads/include) by extension 'colcon_meta'
[2.802s] Level 1:colcon.colcon_core.package_identification:_identify(src/darknet_ros_yolov4/darknet_ros/darknet/3rdparty/pthreads/include) by extensions ['ros']
[2.802s] Level 1:colcon.colcon_core.package_identification:_identify(src/darknet_ros_yolov4/darknet_ros/darknet/3rdparty/pthreads/include) by extension 'ros'
[2.802s] Level 1:colcon.colcon_core.package_identification:_identify(src/darknet_ros_yolov4/darknet_ros/darknet/3rdparty/pthreads/include) by extensions ['cmake', 'python']
[2.803s] Level 1:colcon.colcon_core.package_identification:_identify(src/darknet_ros_yolov4/darknet_ros/darknet/3rdparty/pthreads/include) by extension 'cmake'
[2.803s] Level 1:colcon.colcon_core.package_identification:_identify(src/darknet_ros_yolov4/darknet_ros/darknet/3rdparty/pthreads/include) by extension 'python'
[2.803s] Level 1:colcon.colcon_core.package_identification:_identify(src/darknet_ros_yolov4/darknet_ros/darknet/3rdparty/pthreads/include) by extensions ['python_setup_py']
[2.803s] Level 1:colcon.colcon_core.package_identification:_identify(src/darknet_ros_yolov4/darknet_ros/darknet/3rdparty/pthreads/include) by extension 'python_setup_py'
[2.804s] Level 1:colcon.colcon_core.package_identification:_identify(src/darknet_ros_yolov4/darknet_ros/darknet/3rdparty/pthreads/lib) by extensions ['ignore', 'ignore_ament_install']
[2.804s] Level 1:colcon.colcon_core.package_identification:_identify(src/darknet_ros_yolov4/darknet_ros/darknet/3rdparty/pthreads/lib) by extension 'ignore'
[2.804s] Level 1:colcon.colcon_core.package_identification:_identify(src/darknet_ros_yolov4/darknet_ros/darknet/3rdparty/pthreads/lib) by extension 'ignore_ament_install'
[2.805s] Level 1:colcon.colcon_core.package_identification:_identify(src/darknet_ros_yolov4/darknet_ros/darknet/3rdparty/pthreads/lib) by extensions ['colcon_pkg']
[2.805s] Level 1:colcon.colcon_core.package_identification:_identify(src/darknet_ros_yolov4/darknet_ros/darknet/3rdparty/pthreads/lib) by extension 'colcon_pkg'
[2.805s] Level 1:colcon.colcon_core.package_identification:_identify(src/darknet_ros_yolov4/darknet_ros/darknet/3rdparty/pthreads/lib) by extensions ['colcon_meta']
[2.805s] Level 1:colcon.colcon_core.package_identification:_identify(src/darknet_ros_yolov4/darknet_ros/darknet/3rdparty/pthreads/lib) by extension 'colcon_meta'
[2.806s] Level 1:colcon.colcon_core.package_identification:_identify(src/darknet_ros_yolov4/darknet_ros/darknet/3rdparty/pthreads/lib) by extensions ['ros']
[2.806s] Level 1:colcon.colcon_core.package_identification:_identify(src/darknet_ros_yolov4/darknet_ros/darknet/3rdparty/pthreads/lib) by extension 'ros'
[2.806s] Level 1:colcon.colcon_core.package_identification:_identify(src/darknet_ros_yolov4/darknet_ros/darknet/3rdparty/pthreads/lib) by extensions ['cmake', 'python']
[2.806s] Level 1:colcon.colcon_core.package_identification:_identify(src/darknet_ros_yolov4/darknet_ros/darknet/3rdparty/pthreads/lib) by extension 'cmake'
[2.807s] Level 1:colcon.colcon_core.package_identification:_identify(src/darknet_ros_yolov4/darknet_ros/darknet/3rdparty/pthreads/lib) by extension 'python'
[2.807s] Level 1:colcon.colcon_core.package_identification:_identify(src/darknet_ros_yolov4/darknet_ros/darknet/3rdparty/pthreads/lib) by extensions ['python_setup_py']
[2.807s] Level 1:colcon.colcon_core.package_identification:_identify(src/darknet_ros_yolov4/darknet_ros/darknet/3rdparty/pthreads/lib) by extension 'python_setup_py'
[2.808s] Level 1:colcon.colcon_core.package_identification:_identify(src/darknet_ros_yolov4/darknet_ros/darknet/3rdparty/stb) by extensions ['ignore', 'ignore_ament_install']
[2.808s] Level 1:colcon.colcon_core.package_identification:_identify(src/darknet_ros_yolov4/darknet_ros/darknet/3rdparty/stb) by extension 'ignore'
[2.808s] Level 1:colcon.colcon_core.package_identification:_identify(src/darknet_ros_yolov4/darknet_ros/darknet/3rdparty/stb) by extension 'ignore_ament_install'
[2.809s] Level 1:colcon.colcon_core.package_identification:_identify(src/darknet_ros_yolov4/darknet_ros/darknet/3rdparty/stb) by extensions ['colcon_pkg']
[2.809s] Level 1:colcon.colcon_core.package_identification:_identify(src/darknet_ros_yolov4/darknet_ros/darknet/3rdparty/stb) by extension 'colcon_pkg'
[2.809s] Level 1:colcon.colcon_core.package_identification:_identify(src/darknet_ros_yolov4/darknet_ros/darknet/3rdparty/stb) by extensions ['colcon_meta']
[2.809s] Level 1:colcon.colcon_core.package_identification:_identify(src/darknet_ros_yolov4/darknet_ros/darknet/3rdparty/stb) by extension 'colcon_meta'
[2.810s] Level 1:colcon.colcon_core.package_identification:_identify(src/darknet_ros_yolov4/darknet_ros/darknet/3rdparty/stb) by extensions ['ros']
[2.810s] Level 1:colcon.colcon_core.package_identification:_identify(src/darknet_ros_yolov4/darknet_ros/darknet/3rdparty/stb) by extension 'ros'
[2.811s] Level 1:colcon.colcon_core.package_identification:_identify(src/darknet_ros_yolov4/darknet_ros/darknet/3rdparty/stb) by extensions ['cmake', 'python']
[2.811s] Level 1:colcon.colcon_core.package_identification:_identify(src/darknet_ros_yolov4/darknet_ros/darknet/3rdparty/stb) by extension 'cmake'
[2.811s] Level 1:colcon.colcon_core.package_identification:_identify(src/darknet_ros_yolov4/darknet_ros/darknet/3rdparty/stb) by extension 'python'
[2.812s] Level 1:colcon.colcon_core.package_identification:_identify(src/darknet_ros_yolov4/darknet_ros/darknet/3rdparty/stb) by extensions ['python_setup_py']
[2.812s] Level 1:colcon.colcon_core.package_identification:_identify(src/darknet_ros_yolov4/darknet_ros/darknet/3rdparty/stb) by extension 'python_setup_py'
[2.813s] Level 1:colcon.colcon_core.package_identification:_identify(src/darknet_ros_yolov4/darknet_ros/darknet/3rdparty/stb/include) by extensions ['ignore', 'ignore_ament_install']
[2.813s] Level 1:colcon.colcon_core.package_identification:_identify(src/darknet_ros_yolov4/darknet_ros/darknet/3rdparty/stb/include) by extension 'ignore'
[2.813s] Level 1:colcon.colcon_core.package_identification:_identify(src/darknet_ros_yolov4/darknet_ros/darknet/3rdparty/stb/include) by extension 'ignore_ament_install'
[2.814s] Level 1:colcon.colcon_core.package_identification:_identify(src/darknet_ros_yolov4/darknet_ros/darknet/3rdparty/stb/include) by extensions ['colcon_pkg']
[2.814s] Level 1:colcon.colcon_core.package_identification:_identify(src/darknet_ros_yolov4/darknet_ros/darknet/3rdparty/stb/include) by extension 'colcon_pkg'
[2.814s] Level 1:colcon.colcon_core.package_identification:_identify(src/darknet_ros_yolov4/darknet_ros/darknet/3rdparty/stb/include) by extensions ['colcon_meta']
[2.814s] Level 1:colcon.colcon_core.package_identification:_identify(src/darknet_ros_yolov4/darknet_ros/darknet/3rdparty/stb/include) by extension 'colcon_meta'
[2.815s] Level 1:colcon.colcon_core.package_identification:_identify(src/darknet_ros_yolov4/darknet_ros/darknet/3rdparty/stb/include) by extensions ['ros']
[2.815s] Level 1:colcon.colcon_core.package_identification:_identify(src/darknet_ros_yolov4/darknet_ros/darknet/3rdparty/stb/include) by extension 'ros'
[2.816s] Level 1:colcon.colcon_core.package_identification:_identify(src/darknet_ros_yolov4/darknet_ros/darknet/3rdparty/stb/include) by extensions ['cmake', 'python']
[2.816s] Level 1:colcon.colcon_core.package_identification:_identify(src/darknet_ros_yolov4/darknet_ros/darknet/3rdparty/stb/include) by extension 'cmake'
[2.816s] Level 1:colcon.colcon_core.package_identification:_identify(src/darknet_ros_yolov4/darknet_ros/darknet/3rdparty/stb/include) by extension 'python'
[2.817s] Level 1:colcon.colcon_core.package_identification:_identify(src/darknet_ros_yolov4/darknet_ros/darknet/3rdparty/stb/include) by extensions ['python_setup_py']
[2.817s] Level 1:colcon.colcon_core.package_identification:_identify(src/darknet_ros_yolov4/darknet_ros/darknet/3rdparty/stb/include) by extension 'python_setup_py'
[2.817s] Level 1:colcon.colcon_core.package_identification:_identify(src/darknet_ros_yolov4/darknet_ros/darknet/build) by extensions ['ignore', 'ignore_ament_install']
[2.818s] Level 1:colcon.colcon_core.package_identification:_identify(src/darknet_ros_yolov4/darknet_ros/darknet/build) by extension 'ignore'
[2.818s] Level 1:colcon.colcon_core.package_identification:_identify(src/darknet_ros_yolov4/darknet_ros/darknet/build) by extension 'ignore_ament_install'
[2.818s] Level 1:colcon.colcon_core.package_identification:_identify(src/darknet_ros_yolov4/darknet_ros/darknet/build) by extensions ['colcon_pkg']
[2.818s] Level 1:colcon.colcon_core.package_identification:_identify(src/darknet_ros_yolov4/darknet_ros/darknet/build) by extension 'colcon_pkg'
[2.819s] Level 1:colcon.colcon_core.package_identification:_identify(src/darknet_ros_yolov4/darknet_ros/darknet/build) by extensions ['colcon_meta']
[2.819s] Level 1:colcon.colcon_core.package_identification:_identify(src/darknet_ros_yolov4/darknet_ros/darknet/build) by extension 'colcon_meta'
[2.819s] Level 1:colcon.colcon_core.package_identification:_identify(src/darknet_ros_yolov4/darknet_ros/darknet/build) by extensions ['ros']
[2.819s] Level 1:colcon.colcon_core.package_identification:_identify(src/darknet_ros_yolov4/darknet_ros/darknet/build) by extension 'ros'
[2.820s] Level 1:colcon.colcon_core.package_identification:_identify(src/darknet_ros_yolov4/darknet_ros/darknet/build) by extensions ['cmake', 'python']
[2.820s] Level 1:colcon.colcon_core.package_identification:_identify(src/darknet_ros_yolov4/darknet_ros/darknet/build) by extension 'cmake'
[2.820s] Level 1:colcon.colcon_core.package_identification:_identify(src/darknet_ros_yolov4/darknet_ros/darknet/build) by extension 'python'
[2.820s] Level 1:colcon.colcon_core.package_identification:_identify(src/darknet_ros_yolov4/darknet_ros/darknet/build) by extensions ['python_setup_py']
[2.820s] Level 1:colcon.colcon_core.package_identification:_identify(src/darknet_ros_yolov4/darknet_ros/darknet/build) by extension 'python_setup_py'
[2.821s] Level 1:colcon.colcon_core.package_identification:_identify(src/darknet_ros_yolov4/darknet_ros/darknet/build/darknet) by extensions ['ignore', 'ignore_ament_install']
[2.822s] Level 1:colcon.colcon_core.package_identification:_identify(src/darknet_ros_yolov4/darknet_ros/darknet/build/darknet) by extension 'ignore'
[2.822s] Level 1:colcon.colcon_core.package_identification:_identify(src/darknet_ros_yolov4/darknet_ros/darknet/build/darknet) by extension 'ignore_ament_install'
[2.822s] Level 1:colcon.colcon_core.package_identification:_identify(src/darknet_ros_yolov4/darknet_ros/darknet/build/darknet) by extensions ['colcon_pkg']
[2.823s] Level 1:colcon.colcon_core.package_identification:_identify(src/darknet_ros_yolov4/darknet_ros/darknet/build/darknet) by extension 'colcon_pkg'
[2.823s] Level 1:colcon.colcon_core.package_identification:_identify(src/darknet_ros_yolov4/darknet_ros/darknet/build/darknet) by extensions ['colcon_meta']
[2.823s] Level 1:colcon.colcon_core.package_identification:_identify(src/darknet_ros_yolov4/darknet_ros/darknet/build/darknet) by extension 'colcon_meta'
[2.824s] Level 1:colcon.colcon_core.package_identification:_identify(src/darknet_ros_yolov4/darknet_ros/darknet/build/darknet) by extensions ['ros']
[2.824s] Level 1:colcon.colcon_core.package_identification:_identify(src/darknet_ros_yolov4/darknet_ros/darknet/build/darknet) by extension 'ros'
[2.824s] Level 1:colcon.colcon_core.package_identification:_identify(src/darknet_ros_yolov4/darknet_ros/darknet/build/darknet) by extensions ['cmake', 'python']
[2.825s] Level 1:colcon.colcon_core.package_identification:_identify(src/darknet_ros_yolov4/darknet_ros/darknet/build/darknet) by extension 'cmake'
[2.825s] Level 1:colcon.colcon_core.package_identification:_identify(src/darknet_ros_yolov4/darknet_ros/darknet/build/darknet) by extension 'python'
[2.825s] Level 1:colcon.colcon_core.package_identification:_identify(src/darknet_ros_yolov4/darknet_ros/darknet/build/darknet) by extensions ['python_setup_py']
[2.826s] Level 1:colcon.colcon_core.package_identification:_identify(src/darknet_ros_yolov4/darknet_ros/darknet/build/darknet) by extension 'python_setup_py'
[2.827s] Level 1:colcon.colcon_core.package_identification:_identify(src/darknet_ros_yolov4/darknet_ros/darknet/build/darknet/x64) by extensions ['ignore', 'ignore_ament_install']
[2.827s] Level 1:colcon.colcon_core.package_identification:_identify(src/darknet_ros_yolov4/darknet_ros/darknet/build/darknet/x64) by extension 'ignore'
[2.827s] Level 1:colcon.colcon_core.package_identification:_identify(src/darknet_ros_yolov4/darknet_ros/darknet/build/darknet/x64) by extension 'ignore_ament_install'
[2.828s] Level 1:colcon.colcon_core.package_identification:_identify(src/darknet_ros_yolov4/darknet_ros/darknet/build/darknet/x64) by extensions ['colcon_pkg']
[2.828s] Level 1:colcon.colcon_core.package_identification:_identify(src/darknet_ros_yolov4/darknet_ros/darknet/build/darknet/x64) by extension 'colcon_pkg'
[2.828s] Level 1:colcon.colcon_core.package_identification:_identify(src/darknet_ros_yolov4/darknet_ros/darknet/build/darknet/x64) by extensions ['colcon_meta']
[2.829s] Level 1:colcon.colcon_core.package_identification:_identify(src/darknet_ros_yolov4/darknet_ros/darknet/build/darknet/x64) by extension 'colcon_meta'
[2.829s] Level 1:colcon.colcon_core.package_identification:_identify(src/darknet_ros_yolov4/darknet_ros/darknet/build/darknet/x64) by extensions ['ros']
[2.829s] Level 1:colcon.colcon_core.package_identification:_identify(src/darknet_ros_yolov4/darknet_ros/darknet/build/darknet/x64) by extension 'ros'
[2.830s] Level 1:colcon.colcon_core.package_identification:_identify(src/darknet_ros_yolov4/darknet_ros/darknet/build/darknet/x64) by extensions ['cmake', 'python']
[2.830s] Level 1:colcon.colcon_core.package_identification:_identify(src/darknet_ros_yolov4/darknet_ros/darknet/build/darknet/x64) by extension 'cmake'
[2.830s] Level 1:colcon.colcon_core.package_identification:_identify(src/darknet_ros_yolov4/darknet_ros/darknet/build/darknet/x64) by extension 'python'
[2.831s] Level 1:colcon.colcon_core.package_identification:_identify(src/darknet_ros_yolov4/darknet_ros/darknet/build/darknet/x64) by extensions ['python_setup_py']
[2.831s] Level 1:colcon.colcon_core.package_identification:_identify(src/darknet_ros_yolov4/darknet_ros/darknet/build/darknet/x64) by extension 'python_setup_py'
[2.832s] Level 1:colcon.colcon_core.package_identification:_identify(src/darknet_ros_yolov4/darknet_ros/darknet/build/darknet/x64/backup) by extensions ['ignore', 'ignore_ament_install']
[2.832s] Level 1:colcon.colcon_core.package_identification:_identify(src/darknet_ros_yolov4/darknet_ros/darknet/build/darknet/x64/backup) by extension 'ignore'
[2.832s] Level 1:colcon.colcon_core.package_identification:_identify(src/darknet_ros_yolov4/darknet_ros/darknet/build/darknet/x64/backup) by extension 'ignore_ament_install'
[2.833s] Level 1:colcon.colcon_core.package_identification:_identify(src/darknet_ros_yolov4/darknet_ros/darknet/build/darknet/x64/backup) by extensions ['colcon_pkg']
[2.833s] Level 1:colcon.colcon_core.package_identification:_identify(src/darknet_ros_yolov4/darknet_ros/darknet/build/darknet/x64/backup) by extension 'colcon_pkg'
[2.833s] Level 1:colcon.colcon_core.package_identification:_identify(src/darknet_ros_yolov4/darknet_ros/darknet/build/darknet/x64/backup) by extensions ['colcon_meta']
[2.833s] Level 1:colcon.colcon_core.package_identification:_identify(src/darknet_ros_yolov4/darknet_ros/darknet/build/darknet/x64/backup) by extension 'colcon_meta'
[2.833s] Level 1:colcon.colcon_core.package_identification:_identify(src/darknet_ros_yolov4/darknet_ros/darknet/build/darknet/x64/backup) by extensions ['ros']
[2.834s] Level 1:colcon.colcon_core.package_identification:_identify(src/darknet_ros_yolov4/darknet_ros/darknet/build/darknet/x64/backup) by extension 'ros'
[2.834s] Level 1:colcon.colcon_core.package_identification:_identify(src/darknet_ros_yolov4/darknet_ros/darknet/build/darknet/x64/backup) by extensions ['cmake', 'python']
[2.834s] Level 1:colcon.colcon_core.package_identification:_identify(src/darknet_ros_yolov4/darknet_ros/darknet/build/darknet/x64/backup) by extension 'cmake'
[2.834s] Level 1:colcon.colcon_core.package_identification:_identify(src/darknet_ros_yolov4/darknet_ros/darknet/build/darknet/x64/backup) by extension 'python'
[2.835s] Level 1:colcon.colcon_core.package_identification:_identify(src/darknet_ros_yolov4/darknet_ros/darknet/build/darknet/x64/backup) by extensions ['python_setup_py']
[2.835s] Level 1:colcon.colcon_core.package_identification:_identify(src/darknet_ros_yolov4/darknet_ros/darknet/build/darknet/x64/backup) by extension 'python_setup_py'
[2.836s] Level 1:colcon.colcon_core.package_identification:_identify(src/darknet_ros_yolov4/darknet_ros/darknet/build/darknet/x64/cfg) by extensions ['ignore', 'ignore_ament_install']
[2.836s] Level 1:colcon.colcon_core.package_identification:_identify(src/darknet_ros_yolov4/darknet_ros/darknet/build/darknet/x64/cfg) by extension 'ignore'
[2.836s] Level 1:colcon.colcon_core.package_identification:_identify(src/darknet_ros_yolov4/darknet_ros/darknet/build/darknet/x64/cfg) by extension 'ignore_ament_install'
[2.837s] Level 1:colcon.colcon_core.package_identification:_identify(src/darknet_ros_yolov4/darknet_ros/darknet/build/darknet/x64/cfg) by extensions ['colcon_pkg']
[2.837s] Level 1:colcon.colcon_core.package_identification:_identify(src/darknet_ros_yolov4/darknet_ros/darknet/build/darknet/x64/cfg) by extension 'colcon_pkg'
[2.837s] Level 1:colcon.colcon_core.package_identification:_identify(src/darknet_ros_yolov4/darknet_ros/darknet/build/darknet/x64/cfg) by extensions ['colcon_meta']
[2.837s] Level 1:colcon.colcon_core.package_identification:_identify(src/darknet_ros_yolov4/darknet_ros/darknet/build/darknet/x64/cfg) by extension 'colcon_meta'
[2.837s] Level 1:colcon.colcon_core.package_identification:_identify(src/darknet_ros_yolov4/darknet_ros/darknet/build/darknet/x64/cfg) by extensions ['ros']
[2.838s] Level 1:colcon.colcon_core.package_identification:_identify(src/darknet_ros_yolov4/darknet_ros/darknet/build/darknet/x64/cfg) by extension 'ros'
[2.838s] Level 1:colcon.colcon_core.package_identification:_identify(src/darknet_ros_yolov4/darknet_ros/darknet/build/darknet/x64/cfg) by extensions ['cmake', 'python']
[2.838s] Level 1:colcon.colcon_core.package_identification:_identify(src/darknet_ros_yolov4/darknet_ros/darknet/build/darknet/x64/cfg) by extension 'cmake'
[2.839s] Level 1:colcon.colcon_core.package_identification:_identify(src/darknet_ros_yolov4/darknet_ros/darknet/build/darknet/x64/cfg) by extension 'python'
[2.839s] Level 1:colcon.colcon_core.package_identification:_identify(src/darknet_ros_yolov4/darknet_ros/darknet/build/darknet/x64/cfg) by extensions ['python_setup_py']
[2.839s] Level 1:colcon.colcon_core.package_identification:_identify(src/darknet_ros_yolov4/darknet_ros/darknet/build/darknet/x64/cfg) by extension 'python_setup_py'
[2.840s] Level 1:colcon.colcon_core.package_identification:_identify(src/darknet_ros_yolov4/darknet_ros/darknet/build/darknet/x64/data) by extensions ['ignore', 'ignore_ament_install']
[2.841s] Level 1:colcon.colcon_core.package_identification:_identify(src/darknet_ros_yolov4/darknet_ros/darknet/build/darknet/x64/data) by extension 'ignore'
[2.841s] Level 1:colcon.colcon_core.package_identification:_identify(src/darknet_ros_yolov4/darknet_ros/darknet/build/darknet/x64/data) by extension 'ignore_ament_install'
[2.842s] Level 1:colcon.colcon_core.package_identification:_identify(src/darknet_ros_yolov4/darknet_ros/darknet/build/darknet/x64/data) by extensions ['colcon_pkg']
[2.842s] Level 1:colcon.colcon_core.package_identification:_identify(src/darknet_ros_yolov4/darknet_ros/darknet/build/darknet/x64/data) by extension 'colcon_pkg'
[2.842s] Level 1:colcon.colcon_core.package_identification:_identify(src/darknet_ros_yolov4/darknet_ros/darknet/build/darknet/x64/data) by extensions ['colcon_meta']
[2.842s] Level 1:colcon.colcon_core.package_identification:_identify(src/darknet_ros_yolov4/darknet_ros/darknet/build/darknet/x64/data) by extension 'colcon_meta'
[2.843s] Level 1:colcon.colcon_core.package_identification:_identify(src/darknet_ros_yolov4/darknet_ros/darknet/build/darknet/x64/data) by extensions ['ros']
[2.843s] Level 1:colcon.colcon_core.package_identification:_identify(src/darknet_ros_yolov4/darknet_ros/darknet/build/darknet/x64/data) by extension 'ros'
[2.843s] Level 1:colcon.colcon_core.package_identification:_identify(src/darknet_ros_yolov4/darknet_ros/darknet/build/darknet/x64/data) by extensions ['cmake', 'python']
[2.844s] Level 1:colcon.colcon_core.package_identification:_identify(src/darknet_ros_yolov4/darknet_ros/darknet/build/darknet/x64/data) by extension 'cmake'
[2.844s] Level 1:colcon.colcon_core.package_identification:_identify(src/darknet_ros_yolov4/darknet_ros/darknet/build/darknet/x64/data) by extension 'python'
[2.844s] Level 1:colcon.colcon_core.package_identification:_identify(src/darknet_ros_yolov4/darknet_ros/darknet/build/darknet/x64/data) by extensions ['python_setup_py']
[2.844s] Level 1:colcon.colcon_core.package_identification:_identify(src/darknet_ros_yolov4/darknet_ros/darknet/build/darknet/x64/data) by extension 'python_setup_py'
[2.856s] Level 1:colcon.colcon_core.package_identification:_identify(src/darknet_ros_yolov4/darknet_ros/darknet/build/darknet/x64/data/labels) by extensions ['ignore', 'ignore_ament_install']
[2.857s] Level 1:colcon.colcon_core.package_identification:_identify(src/darknet_ros_yolov4/darknet_ros/darknet/build/darknet/x64/data/labels) by extension 'ignore'
[2.857s] Level 1:colcon.colcon_core.package_identification:_identify(src/darknet_ros_yolov4/darknet_ros/darknet/build/darknet/x64/data/labels) by extension 'ignore_ament_install'
[2.857s] Level 1:colcon.colcon_core.package_identification:_identify(src/darknet_ros_yolov4/darknet_ros/darknet/build/darknet/x64/data/labels) by extensions ['colcon_pkg']
[2.857s] Level 1:colcon.colcon_core.package_identification:_identify(src/darknet_ros_yolov4/darknet_ros/darknet/build/darknet/x64/data/labels) by extension 'colcon_pkg'
[2.858s] Level 1:colcon.colcon_core.package_identification:_identify(src/darknet_ros_yolov4/darknet_ros/darknet/build/darknet/x64/data/labels) by extensions ['colcon_meta']
[2.858s] Level 1:colcon.colcon_core.package_identification:_identify(src/darknet_ros_yolov4/darknet_ros/darknet/build/darknet/x64/data/labels) by extension 'colcon_meta'
[2.858s] Level 1:colcon.colcon_core.package_identification:_identify(src/darknet_ros_yolov4/darknet_ros/darknet/build/darknet/x64/data/labels) by extensions ['ros']
[2.858s] Level 1:colcon.colcon_core.package_identification:_identify(src/darknet_ros_yolov4/darknet_ros/darknet/build/darknet/x64/data/labels) by extension 'ros'
[2.859s] Level 1:colcon.colcon_core.package_identification:_identify(src/darknet_ros_yolov4/darknet_ros/darknet/build/darknet/x64/data/labels) by extensions ['cmake', 'python']
[2.859s] Level 1:colcon.colcon_core.package_identification:_identify(src/darknet_ros_yolov4/darknet_ros/darknet/build/darknet/x64/data/labels) by extension 'cmake'
[2.859s] Level 1:colcon.colcon_core.package_identification:_identify(src/darknet_ros_yolov4/darknet_ros/darknet/build/darknet/x64/data/labels) by extension 'python'
[2.859s] Level 1:colcon.colcon_core.package_identification:_identify(src/darknet_ros_yolov4/darknet_ros/darknet/build/darknet/x64/data/labels) by extensions ['python_setup_py']
[2.859s] Level 1:colcon.colcon_core.package_identification:_identify(src/darknet_ros_yolov4/darknet_ros/darknet/build/darknet/x64/data/labels) by extension 'python_setup_py'
[2.863s] Level 1:colcon.colcon_core.package_identification:_identify(src/darknet_ros_yolov4/darknet_ros/darknet/build/darknet/x64/data/voc) by extensions ['ignore', 'ignore_ament_install']
[2.864s] Level 1:colcon.colcon_core.package_identification:_identify(src/darknet_ros_yolov4/darknet_ros/darknet/build/darknet/x64/data/voc) by extension 'ignore'
[2.864s] Level 1:colcon.colcon_core.package_identification:_identify(src/darknet_ros_yolov4/darknet_ros/darknet/build/darknet/x64/data/voc) by extension 'ignore_ament_install'
[2.864s] Level 1:colcon.colcon_core.package_identification:_identify(src/darknet_ros_yolov4/darknet_ros/darknet/build/darknet/x64/data/voc) by extensions ['colcon_pkg']
[2.864s] Level 1:colcon.colcon_core.package_identification:_identify(src/darknet_ros_yolov4/darknet_ros/darknet/build/darknet/x64/data/voc) by extension 'colcon_pkg'
[2.865s] Level 1:colcon.colcon_core.package_identification:_identify(src/darknet_ros_yolov4/darknet_ros/darknet/build/darknet/x64/data/voc) by extensions ['colcon_meta']
[2.865s] Level 1:colcon.colcon_core.package_identification:_identify(src/darknet_ros_yolov4/darknet_ros/darknet/build/darknet/x64/data/voc) by extension 'colcon_meta'
[2.865s] Level 1:colcon.colcon_core.package_identification:_identify(src/darknet_ros_yolov4/darknet_ros/darknet/build/darknet/x64/data/voc) by extensions ['ros']
[2.865s] Level 1:colcon.colcon_core.package_identification:_identify(src/darknet_ros_yolov4/darknet_ros/darknet/build/darknet/x64/data/voc) by extension 'ros'
[2.866s] Level 1:colcon.colcon_core.package_identification:_identify(src/darknet_ros_yolov4/darknet_ros/darknet/build/darknet/x64/data/voc) by extensions ['cmake', 'python']
[2.866s] Level 1:colcon.colcon_core.package_identification:_identify(src/darknet_ros_yolov4/darknet_ros/darknet/build/darknet/x64/data/voc) by extension 'cmake'
[2.866s] Level 1:colcon.colcon_core.package_identification:_identify(src/darknet_ros_yolov4/darknet_ros/darknet/build/darknet/x64/data/voc) by extension 'python'
[2.866s] Level 1:colcon.colcon_core.package_identification:_identify(src/darknet_ros_yolov4/darknet_ros/darknet/build/darknet/x64/data/voc) by extensions ['python_setup_py']
[2.866s] Level 1:colcon.colcon_core.package_identification:_identify(src/darknet_ros_yolov4/darknet_ros/darknet/build/darknet/x64/data/voc) by extension 'python_setup_py'
[2.867s] Level 1:colcon.colcon_core.package_identification:_identify(src/darknet_ros_yolov4/darknet_ros/darknet/build/darknet/x64/results) by extensions ['ignore', 'ignore_ament_install']
[2.867s] Level 1:colcon.colcon_core.package_identification:_identify(src/darknet_ros_yolov4/darknet_ros/darknet/build/darknet/x64/results) by extension 'ignore'
[2.868s] Level 1:colcon.colcon_core.package_identification:_identify(src/darknet_ros_yolov4/darknet_ros/darknet/build/darknet/x64/results) by extension 'ignore_ament_install'
[2.868s] Level 1:colcon.colcon_core.package_identification:_identify(src/darknet_ros_yolov4/darknet_ros/darknet/build/darknet/x64/results) by extensions ['colcon_pkg']
[2.868s] Level 1:colcon.colcon_core.package_identification:_identify(src/darknet_ros_yolov4/darknet_ros/darknet/build/darknet/x64/results) by extension 'colcon_pkg'
[2.868s] Level 1:colcon.colcon_core.package_identification:_identify(src/darknet_ros_yolov4/darknet_ros/darknet/build/darknet/x64/results) by extensions ['colcon_meta']
[2.868s] Level 1:colcon.colcon_core.package_identification:_identify(src/darknet_ros_yolov4/darknet_ros/darknet/build/darknet/x64/results) by extension 'colcon_meta'
[2.869s] Level 1:colcon.colcon_core.package_identification:_identify(src/darknet_ros_yolov4/darknet_ros/darknet/build/darknet/x64/results) by extensions ['ros']
[2.869s] Level 1:colcon.colcon_core.package_identification:_identify(src/darknet_ros_yolov4/darknet_ros/darknet/build/darknet/x64/results) by extension 'ros'
[2.869s] Level 1:colcon.colcon_core.package_identification:_identify(src/darknet_ros_yolov4/darknet_ros/darknet/build/darknet/x64/results) by extensions ['cmake', 'python']
[2.869s] Level 1:colcon.colcon_core.package_identification:_identify(src/darknet_ros_yolov4/darknet_ros/darknet/build/darknet/x64/results) by extension 'cmake'
[2.870s] Level 1:colcon.colcon_core.package_identification:_identify(src/darknet_ros_yolov4/darknet_ros/darknet/build/darknet/x64/results) by extension 'python'
[2.870s] Level 1:colcon.colcon_core.package_identification:_identify(src/darknet_ros_yolov4/darknet_ros/darknet/build/darknet/x64/results) by extensions ['python_setup_py']
[2.870s] Level 1:colcon.colcon_core.package_identification:_identify(src/darknet_ros_yolov4/darknet_ros/darknet/build/darknet/x64/results) by extension 'python_setup_py'
[2.871s] Level 1:colcon.colcon_core.package_identification:_identify(src/darknet_ros_yolov4/darknet_ros/darknet/cfg) by extensions ['ignore', 'ignore_ament_install']
[2.871s] Level 1:colcon.colcon_core.package_identification:_identify(src/darknet_ros_yolov4/darknet_ros/darknet/cfg) by extension 'ignore'
[2.872s] Level 1:colcon.colcon_core.package_identification:_identify(src/darknet_ros_yolov4/darknet_ros/darknet/cfg) by extension 'ignore_ament_install'
[2.872s] Level 1:colcon.colcon_core.package_identification:_identify(src/darknet_ros_yolov4/darknet_ros/darknet/cfg) by extensions ['colcon_pkg']
[2.872s] Level 1:colcon.colcon_core.package_identification:_identify(src/darknet_ros_yolov4/darknet_ros/darknet/cfg) by extension 'colcon_pkg'
[2.872s] Level 1:colcon.colcon_core.package_identification:_identify(src/darknet_ros_yolov4/darknet_ros/darknet/cfg) by extensions ['colcon_meta']
[2.873s] Level 1:colcon.colcon_core.package_identification:_identify(src/darknet_ros_yolov4/darknet_ros/darknet/cfg) by extension 'colcon_meta'
[2.873s] Level 1:colcon.colcon_core.package_identification:_identify(src/darknet_ros_yolov4/darknet_ros/darknet/cfg) by extensions ['ros']
[2.873s] Level 1:colcon.colcon_core.package_identification:_identify(src/darknet_ros_yolov4/darknet_ros/darknet/cfg) by extension 'ros'
[2.874s] Level 1:colcon.colcon_core.package_identification:_identify(src/darknet_ros_yolov4/darknet_ros/darknet/cfg) by extensions ['cmake', 'python']
[2.874s] Level 1:colcon.colcon_core.package_identification:_identify(src/darknet_ros_yolov4/darknet_ros/darknet/cfg) by extension 'cmake'
[2.874s] Level 1:colcon.colcon_core.package_identification:_identify(src/darknet_ros_yolov4/darknet_ros/darknet/cfg) by extension 'python'
[2.875s] Level 1:colcon.colcon_core.package_identification:_identify(src/darknet_ros_yolov4/darknet_ros/darknet/cfg) by extensions ['python_setup_py']
[2.875s] Level 1:colcon.colcon_core.package_identification:_identify(src/darknet_ros_yolov4/darknet_ros/darknet/cfg) by extension 'python_setup_py'
[2.876s] Level 1:colcon.colcon_core.package_identification:_identify(src/darknet_ros_yolov4/darknet_ros/darknet/cfg/yolov1) by extensions ['ignore', 'ignore_ament_install']
[2.876s] Level 1:colcon.colcon_core.package_identification:_identify(src/darknet_ros_yolov4/darknet_ros/darknet/cfg/yolov1) by extension 'ignore'
[2.876s] Level 1:colcon.colcon_core.package_identification:_identify(src/darknet_ros_yolov4/darknet_ros/darknet/cfg/yolov1) by extension 'ignore_ament_install'
[2.877s] Level 1:colcon.colcon_core.package_identification:_identify(src/darknet_ros_yolov4/darknet_ros/darknet/cfg/yolov1) by extensions ['colcon_pkg']
[2.877s] Level 1:colcon.colcon_core.package_identification:_identify(src/darknet_ros_yolov4/darknet_ros/darknet/cfg/yolov1) by extension 'colcon_pkg'
[2.877s] Level 1:colcon.colcon_core.package_identification:_identify(src/darknet_ros_yolov4/darknet_ros/darknet/cfg/yolov1) by extensions ['colcon_meta']
[2.877s] Level 1:colcon.colcon_core.package_identification:_identify(src/darknet_ros_yolov4/darknet_ros/darknet/cfg/yolov1) by extension 'colcon_meta'
[2.878s] Level 1:colcon.colcon_core.package_identification:_identify(src/darknet_ros_yolov4/darknet_ros/darknet/cfg/yolov1) by extensions ['ros']
[2.878s] Level 1:colcon.colcon_core.package_identification:_identify(src/darknet_ros_yolov4/darknet_ros/darknet/cfg/yolov1) by extension 'ros'
[2.879s] Level 1:colcon.colcon_core.package_identification:_identify(src/darknet_ros_yolov4/darknet_ros/darknet/cfg/yolov1) by extensions ['cmake', 'python']
[2.879s] Level 1:colcon.colcon_core.package_identification:_identify(src/darknet_ros_yolov4/darknet_ros/darknet/cfg/yolov1) by extension 'cmake'
[2.879s] Level 1:colcon.colcon_core.package_identification:_identify(src/darknet_ros_yolov4/darknet_ros/darknet/cfg/yolov1) by extension 'python'
[2.880s] Level 1:colcon.colcon_core.package_identification:_identify(src/darknet_ros_yolov4/darknet_ros/darknet/cfg/yolov1) by extensions ['python_setup_py']
[2.880s] Level 1:colcon.colcon_core.package_identification:_identify(src/darknet_ros_yolov4/darknet_ros/darknet/cfg/yolov1) by extension 'python_setup_py'
[2.884s] Level 1:colcon.colcon_core.package_identification:_identify(src/darknet_ros_yolov4/darknet_ros/darknet/cmake) by extensions ['ignore', 'ignore_ament_install']
[2.885s] Level 1:colcon.colcon_core.package_identification:_identify(src/darknet_ros_yolov4/darknet_ros/darknet/cmake) by extension 'ignore'
[2.885s] Level 1:colcon.colcon_core.package_identification:_identify(src/darknet_ros_yolov4/darknet_ros/darknet/cmake) by extension 'ignore_ament_install'
[2.885s] Level 1:colcon.colcon_core.package_identification:_identify(src/darknet_ros_yolov4/darknet_ros/darknet/cmake) by extensions ['colcon_pkg']
[2.886s] Level 1:colcon.colcon_core.package_identification:_identify(src/darknet_ros_yolov4/darknet_ros/darknet/cmake) by extension 'colcon_pkg'
[2.886s] Level 1:colcon.colcon_core.package_identification:_identify(src/darknet_ros_yolov4/darknet_ros/darknet/cmake) by extensions ['colcon_meta']
[2.886s] Level 1:colcon.colcon_core.package_identification:_identify(src/darknet_ros_yolov4/darknet_ros/darknet/cmake) by extension 'colcon_meta'
[2.886s] Level 1:colcon.colcon_core.package_identification:_identify(src/darknet_ros_yolov4/darknet_ros/darknet/cmake) by extensions ['ros']
[2.887s] Level 1:colcon.colcon_core.package_identification:_identify(src/darknet_ros_yolov4/darknet_ros/darknet/cmake) by extension 'ros'
[2.887s] Level 1:colcon.colcon_core.package_identification:_identify(src/darknet_ros_yolov4/darknet_ros/darknet/cmake) by extensions ['cmake', 'python']
[2.888s] Level 1:colcon.colcon_core.package_identification:_identify(src/darknet_ros_yolov4/darknet_ros/darknet/cmake) by extension 'cmake'
[2.888s] Level 1:colcon.colcon_core.package_identification:_identify(src/darknet_ros_yolov4/darknet_ros/darknet/cmake) by extension 'python'
[2.888s] Level 1:colcon.colcon_core.package_identification:_identify(src/darknet_ros_yolov4/darknet_ros/darknet/cmake) by extensions ['python_setup_py']
[2.888s] Level 1:colcon.colcon_core.package_identification:_identify(src/darknet_ros_yolov4/darknet_ros/darknet/cmake) by extension 'python_setup_py'
[2.889s] Level 1:colcon.colcon_core.package_identification:_identify(src/darknet_ros_yolov4/darknet_ros/darknet/cmake/Modules) by extensions ['ignore', 'ignore_ament_install']
[2.890s] Level 1:colcon.colcon_core.package_identification:_identify(src/darknet_ros_yolov4/darknet_ros/darknet/cmake/Modules) by extension 'ignore'
[2.890s] Level 1:colcon.colcon_core.package_identification:_identify(src/darknet_ros_yolov4/darknet_ros/darknet/cmake/Modules) by extension 'ignore_ament_install'
[2.891s] Level 1:colcon.colcon_core.package_identification:_identify(src/darknet_ros_yolov4/darknet_ros/darknet/cmake/Modules) by extensions ['colcon_pkg']
[2.891s] Level 1:colcon.colcon_core.package_identification:_identify(src/darknet_ros_yolov4/darknet_ros/darknet/cmake/Modules) by extension 'colcon_pkg'
[2.891s] Level 1:colcon.colcon_core.package_identification:_identify(src/darknet_ros_yolov4/darknet_ros/darknet/cmake/Modules) by extensions ['colcon_meta']
[2.891s] Level 1:colcon.colcon_core.package_identification:_identify(src/darknet_ros_yolov4/darknet_ros/darknet/cmake/Modules) by extension 'colcon_meta'
[2.892s] Level 1:colcon.colcon_core.package_identification:_identify(src/darknet_ros_yolov4/darknet_ros/darknet/cmake/Modules) by extensions ['ros']
[2.892s] Level 1:colcon.colcon_core.package_identification:_identify(src/darknet_ros_yolov4/darknet_ros/darknet/cmake/Modules) by extension 'ros'
[2.892s] Level 1:colcon.colcon_core.package_identification:_identify(src/darknet_ros_yolov4/darknet_ros/darknet/cmake/Modules) by extensions ['cmake', 'python']
[2.893s] Level 1:colcon.colcon_core.package_identification:_identify(src/darknet_ros_yolov4/darknet_ros/darknet/cmake/Modules) by extension 'cmake'
[2.893s] Level 1:colcon.colcon_core.package_identification:_identify(src/darknet_ros_yolov4/darknet_ros/darknet/cmake/Modules) by extension 'python'
[2.893s] Level 1:colcon.colcon_core.package_identification:_identify(src/darknet_ros_yolov4/darknet_ros/darknet/cmake/Modules) by extensions ['python_setup_py']
[2.893s] Level 1:colcon.colcon_core.package_identification:_identify(src/darknet_ros_yolov4/darknet_ros/darknet/cmake/Modules) by extension 'python_setup_py'
[2.894s] Level 1:colcon.colcon_core.package_identification:_identify(src/darknet_ros_yolov4/darknet_ros/darknet/data) by extensions ['ignore', 'ignore_ament_install']
[2.894s] Level 1:colcon.colcon_core.package_identification:_identify(src/darknet_ros_yolov4/darknet_ros/darknet/data) by extension 'ignore'
[2.895s] Level 1:colcon.colcon_core.package_identification:_identify(src/darknet_ros_yolov4/darknet_ros/darknet/data) by extension 'ignore_ament_install'
[2.895s] Level 1:colcon.colcon_core.package_identification:_identify(src/darknet_ros_yolov4/darknet_ros/darknet/data) by extensions ['colcon_pkg']
[2.895s] Level 1:colcon.colcon_core.package_identification:_identify(src/darknet_ros_yolov4/darknet_ros/darknet/data) by extension 'colcon_pkg'
[2.895s] Level 1:colcon.colcon_core.package_identification:_identify(src/darknet_ros_yolov4/darknet_ros/darknet/data) by extensions ['colcon_meta']
[2.896s] Level 1:colcon.colcon_core.package_identification:_identify(src/darknet_ros_yolov4/darknet_ros/darknet/data) by extension 'colcon_meta'
[2.896s] Level 1:colcon.colcon_core.package_identification:_identify(src/darknet_ros_yolov4/darknet_ros/darknet/data) by extensions ['ros']
[2.896s] Level 1:colcon.colcon_core.package_identification:_identify(src/darknet_ros_yolov4/darknet_ros/darknet/data) by extension 'ros'
[2.896s] Level 1:colcon.colcon_core.package_identification:_identify(src/darknet_ros_yolov4/darknet_ros/darknet/data) by extensions ['cmake', 'python']
[2.897s] Level 1:colcon.colcon_core.package_identification:_identify(src/darknet_ros_yolov4/darknet_ros/darknet/data) by extension 'cmake'
[2.897s] Level 1:colcon.colcon_core.package_identification:_identify(src/darknet_ros_yolov4/darknet_ros/darknet/data) by extension 'python'
[2.897s] Level 1:colcon.colcon_core.package_identification:_identify(src/darknet_ros_yolov4/darknet_ros/darknet/data) by extensions ['python_setup_py']
[2.897s] Level 1:colcon.colcon_core.package_identification:_identify(src/darknet_ros_yolov4/darknet_ros/darknet/data) by extension 'python_setup_py'
[2.902s] Level 1:colcon.colcon_core.package_identification:_identify(src/darknet_ros_yolov4/darknet_ros/darknet/data/labels) by extensions ['ignore', 'ignore_ament_install']
[2.903s] Level 1:colcon.colcon_core.package_identification:_identify(src/darknet_ros_yolov4/darknet_ros/darknet/data/labels) by extension 'ignore'
[2.903s] Level 1:colcon.colcon_core.package_identification:_identify(src/darknet_ros_yolov4/darknet_ros/darknet/data/labels) by extension 'ignore_ament_install'
[2.903s] Level 1:colcon.colcon_core.package_identification:_identify(src/darknet_ros_yolov4/darknet_ros/darknet/data/labels) by extensions ['colcon_pkg']
[2.903s] Level 1:colcon.colcon_core.package_identification:_identify(src/darknet_ros_yolov4/darknet_ros/darknet/data/labels) by extension 'colcon_pkg'
[2.904s] Level 1:colcon.colcon_core.package_identification:_identify(src/darknet_ros_yolov4/darknet_ros/darknet/data/labels) by extensions ['colcon_meta']
[2.904s] Level 1:colcon.colcon_core.package_identification:_identify(src/darknet_ros_yolov4/darknet_ros/darknet/data/labels) by extension 'colcon_meta'
[2.904s] Level 1:colcon.colcon_core.package_identification:_identify(src/darknet_ros_yolov4/darknet_ros/darknet/data/labels) by extensions ['ros']
[2.904s] Level 1:colcon.colcon_core.package_identification:_identify(src/darknet_ros_yolov4/darknet_ros/darknet/data/labels) by extension 'ros'
[2.905s] Level 1:colcon.colcon_core.package_identification:_identify(src/darknet_ros_yolov4/darknet_ros/darknet/data/labels) by extensions ['cmake', 'python']
[2.905s] Level 1:colcon.colcon_core.package_identification:_identify(src/darknet_ros_yolov4/darknet_ros/darknet/data/labels) by extension 'cmake'
[2.905s] Level 1:colcon.colcon_core.package_identification:_identify(src/darknet_ros_yolov4/darknet_ros/darknet/data/labels) by extension 'python'
[2.905s] Level 1:colcon.colcon_core.package_identification:_identify(src/darknet_ros_yolov4/darknet_ros/darknet/data/labels) by extensions ['python_setup_py']
[2.906s] Level 1:colcon.colcon_core.package_identification:_identify(src/darknet_ros_yolov4/darknet_ros/darknet/data/labels) by extension 'python_setup_py'
[2.906s] Level 1:colcon.colcon_core.package_identification:_identify(src/darknet_ros_yolov4/darknet_ros/darknet/include) by extensions ['ignore', 'ignore_ament_install']
[2.907s] Level 1:colcon.colcon_core.package_identification:_identify(src/darknet_ros_yolov4/darknet_ros/darknet/include) by extension 'ignore'
[2.907s] Level 1:colcon.colcon_core.package_identification:_identify(src/darknet_ros_yolov4/darknet_ros/darknet/include) by extension 'ignore_ament_install'
[2.907s] Level 1:colcon.colcon_core.package_identification:_identify(src/darknet_ros_yolov4/darknet_ros/darknet/include) by extensions ['colcon_pkg']
[2.907s] Level 1:colcon.colcon_core.package_identification:_identify(src/darknet_ros_yolov4/darknet_ros/darknet/include) by extension 'colcon_pkg'
[2.907s] Level 1:colcon.colcon_core.package_identification:_identify(src/darknet_ros_yolov4/darknet_ros/darknet/include) by extensions ['colcon_meta']
[2.908s] Level 1:colcon.colcon_core.package_identification:_identify(src/darknet_ros_yolov4/darknet_ros/darknet/include) by extension 'colcon_meta'
[2.908s] Level 1:colcon.colcon_core.package_identification:_identify(src/darknet_ros_yolov4/darknet_ros/darknet/include) by extensions ['ros']
[2.908s] Level 1:colcon.colcon_core.package_identification:_identify(src/darknet_ros_yolov4/darknet_ros/darknet/include) by extension 'ros'
[2.908s] Level 1:colcon.colcon_core.package_identification:_identify(src/darknet_ros_yolov4/darknet_ros/darknet/include) by extensions ['cmake', 'python']
[2.908s] Level 1:colcon.colcon_core.package_identification:_identify(src/darknet_ros_yolov4/darknet_ros/darknet/include) by extension 'cmake'
[2.909s] Level 1:colcon.colcon_core.package_identification:_identify(src/darknet_ros_yolov4/darknet_ros/darknet/include) by extension 'python'
[2.909s] Level 1:colcon.colcon_core.package_identification:_identify(src/darknet_ros_yolov4/darknet_ros/darknet/include) by extensions ['python_setup_py']
[2.909s] Level 1:colcon.colcon_core.package_identification:_identify(src/darknet_ros_yolov4/darknet_ros/darknet/include) by extension 'python_setup_py'
[2.914s] Level 1:colcon.colcon_core.package_identification:_identify(src/darknet_ros_yolov4/darknet_ros/darknet/results) by extensions ['ignore', 'ignore_ament_install']
[2.915s] Level 1:colcon.colcon_core.package_identification:_identify(src/darknet_ros_yolov4/darknet_ros/darknet/results) by extension 'ignore'
[2.915s] Level 1:colcon.colcon_core.package_identification:_identify(src/darknet_ros_yolov4/darknet_ros/darknet/results) by extension 'ignore_ament_install'
[2.915s] Level 1:colcon.colcon_core.package_identification:_identify(src/darknet_ros_yolov4/darknet_ros/darknet/results) by extensions ['colcon_pkg']
[2.916s] Level 1:colcon.colcon_core.package_identification:_identify(src/darknet_ros_yolov4/darknet_ros/darknet/results) by extension 'colcon_pkg'
[2.916s] Level 1:colcon.colcon_core.package_identification:_identify(src/darknet_ros_yolov4/darknet_ros/darknet/results) by extensions ['colcon_meta']
[2.916s] Level 1:colcon.colcon_core.package_identification:_identify(src/darknet_ros_yolov4/darknet_ros/darknet/results) by extension 'colcon_meta'
[2.916s] Level 1:colcon.colcon_core.package_identification:_identify(src/darknet_ros_yolov4/darknet_ros/darknet/results) by extensions ['ros']
[2.916s] Level 1:colcon.colcon_core.package_identification:_identify(src/darknet_ros_yolov4/darknet_ros/darknet/results) by extension 'ros'
[2.917s] Level 1:colcon.colcon_core.package_identification:_identify(src/darknet_ros_yolov4/darknet_ros/darknet/results) by extensions ['cmake', 'python']
[2.917s] Level 1:colcon.colcon_core.package_identification:_identify(src/darknet_ros_yolov4/darknet_ros/darknet/results) by extension 'cmake'
[2.917s] Level 1:colcon.colcon_core.package_identification:_identify(src/darknet_ros_yolov4/darknet_ros/darknet/results) by extension 'python'
[2.917s] Level 1:colcon.colcon_core.package_identification:_identify(src/darknet_ros_yolov4/darknet_ros/darknet/results) by extensions ['python_setup_py']
[2.917s] Level 1:colcon.colcon_core.package_identification:_identify(src/darknet_ros_yolov4/darknet_ros/darknet/results) by extension 'python_setup_py'
[2.918s] Level 1:colcon.colcon_core.package_identification:_identify(src/darknet_ros_yolov4/darknet_ros/darknet/scripts) by extensions ['ignore', 'ignore_ament_install']
[2.919s] Level 1:colcon.colcon_core.package_identification:_identify(src/darknet_ros_yolov4/darknet_ros/darknet/scripts) by extension 'ignore'
[2.919s] Level 1:colcon.colcon_core.package_identification:_identify(src/darknet_ros_yolov4/darknet_ros/darknet/scripts) by extension 'ignore_ament_install'
[2.919s] Level 1:colcon.colcon_core.package_identification:_identify(src/darknet_ros_yolov4/darknet_ros/darknet/scripts) by extensions ['colcon_pkg']
[2.919s] Level 1:colcon.colcon_core.package_identification:_identify(src/darknet_ros_yolov4/darknet_ros/darknet/scripts) by extension 'colcon_pkg'
[2.920s] Level 1:colcon.colcon_core.package_identification:_identify(src/darknet_ros_yolov4/darknet_ros/darknet/scripts) by extensions ['colcon_meta']
[2.920s] Level 1:colcon.colcon_core.package_identification:_identify(src/darknet_ros_yolov4/darknet_ros/darknet/scripts) by extension 'colcon_meta'
[2.920s] Level 1:colcon.colcon_core.package_identification:_identify(src/darknet_ros_yolov4/darknet_ros/darknet/scripts) by extensions ['ros']
[2.920s] Level 1:colcon.colcon_core.package_identification:_identify(src/darknet_ros_yolov4/darknet_ros/darknet/scripts) by extension 'ros'
[2.921s] Level 1:colcon.colcon_core.package_identification:_identify(src/darknet_ros_yolov4/darknet_ros/darknet/scripts) by extensions ['cmake', 'python']
[2.921s] Level 1:colcon.colcon_core.package_identification:_identify(src/darknet_ros_yolov4/darknet_ros/darknet/scripts) by extension 'cmake'
[2.921s] Level 1:colcon.colcon_core.package_identification:_identify(src/darknet_ros_yolov4/darknet_ros/darknet/scripts) by extension 'python'
[2.922s] Level 1:colcon.colcon_core.package_identification:_identify(src/darknet_ros_yolov4/darknet_ros/darknet/scripts) by extensions ['python_setup_py']
[2.922s] Level 1:colcon.colcon_core.package_identification:_identify(src/darknet_ros_yolov4/darknet_ros/darknet/scripts) by extension 'python_setup_py'
[2.922s] Level 1:colcon.colcon_core.package_identification:_identify(src/darknet_ros_yolov4/darknet_ros/darknet/scripts/log_parser) by extensions ['ignore', 'ignore_ament_install']
[2.923s] Level 1:colcon.colcon_core.package_identification:_identify(src/darknet_ros_yolov4/darknet_ros/darknet/scripts/log_parser) by extension 'ignore'
[2.923s] Level 1:colcon.colcon_core.package_identification:_identify(src/darknet_ros_yolov4/darknet_ros/darknet/scripts/log_parser) by extension 'ignore_ament_install'
[2.923s] Level 1:colcon.colcon_core.package_identification:_identify(src/darknet_ros_yolov4/darknet_ros/darknet/scripts/log_parser) by extensions ['colcon_pkg']
[2.924s] Level 1:colcon.colcon_core.package_identification:_identify(src/darknet_ros_yolov4/darknet_ros/darknet/scripts/log_parser) by extension 'colcon_pkg'
[2.924s] Level 1:colcon.colcon_core.package_identification:_identify(src/darknet_ros_yolov4/darknet_ros/darknet/scripts/log_parser) by extensions ['colcon_meta']
[2.924s] Level 1:colcon.colcon_core.package_identification:_identify(src/darknet_ros_yolov4/darknet_ros/darknet/scripts/log_parser) by extension 'colcon_meta'
[2.924s] Level 1:colcon.colcon_core.package_identification:_identify(src/darknet_ros_yolov4/darknet_ros/darknet/scripts/log_parser) by extensions ['ros']
[2.924s] Level 1:colcon.colcon_core.package_identification:_identify(src/darknet_ros_yolov4/darknet_ros/darknet/scripts/log_parser) by extension 'ros'
[2.925s] Level 1:colcon.colcon_core.package_identification:_identify(src/darknet_ros_yolov4/darknet_ros/darknet/scripts/log_parser) by extensions ['cmake', 'python']
[2.925s] Level 1:colcon.colcon_core.package_identification:_identify(src/darknet_ros_yolov4/darknet_ros/darknet/scripts/log_parser) by extension 'cmake'
[2.925s] Level 1:colcon.colcon_core.package_identification:_identify(src/darknet_ros_yolov4/darknet_ros/darknet/scripts/log_parser) by extension 'python'
[2.925s] Level 1:colcon.colcon_core.package_identification:_identify(src/darknet_ros_yolov4/darknet_ros/darknet/scripts/log_parser) by extensions ['python_setup_py']
[2.925s] Level 1:colcon.colcon_core.package_identification:_identify(src/darknet_ros_yolov4/darknet_ros/darknet/scripts/log_parser) by extension 'python_setup_py'
[2.926s] Level 1:colcon.colcon_core.package_identification:_identify(src/darknet_ros_yolov4/darknet_ros/darknet/scripts/windows) by extensions ['ignore', 'ignore_ament_install']
[2.927s] Level 1:colcon.colcon_core.package_identification:_identify(src/darknet_ros_yolov4/darknet_ros/darknet/scripts/windows) by extension 'ignore'
[2.927s] Level 1:colcon.colcon_core.package_identification:_identify(src/darknet_ros_yolov4/darknet_ros/darknet/scripts/windows) by extension 'ignore_ament_install'
[2.927s] Level 1:colcon.colcon_core.package_identification:_identify(src/darknet_ros_yolov4/darknet_ros/darknet/scripts/windows) by extensions ['colcon_pkg']
[2.927s] Level 1:colcon.colcon_core.package_identification:_identify(src/darknet_ros_yolov4/darknet_ros/darknet/scripts/windows) by extension 'colcon_pkg'
[2.928s] Level 1:colcon.colcon_core.package_identification:_identify(src/darknet_ros_yolov4/darknet_ros/darknet/scripts/windows) by extensions ['colcon_meta']
[2.928s] Level 1:colcon.colcon_core.package_identification:_identify(src/darknet_ros_yolov4/darknet_ros/darknet/scripts/windows) by extension 'colcon_meta'
[2.928s] Level 1:colcon.colcon_core.package_identification:_identify(src/darknet_ros_yolov4/darknet_ros/darknet/scripts/windows) by extensions ['ros']
[2.928s] Level 1:colcon.colcon_core.package_identification:_identify(src/darknet_ros_yolov4/darknet_ros/darknet/scripts/windows) by extension 'ros'
[2.929s] Level 1:colcon.colcon_core.package_identification:_identify(src/darknet_ros_yolov4/darknet_ros/darknet/scripts/windows) by extensions ['cmake', 'python']
[2.929s] Level 1:colcon.colcon_core.package_identification:_identify(src/darknet_ros_yolov4/darknet_ros/darknet/scripts/windows) by extension 'cmake'
[2.929s] Level 1:colcon.colcon_core.package_identification:_identify(src/darknet_ros_yolov4/darknet_ros/darknet/scripts/windows) by extension 'python'
[2.930s] Level 1:colcon.colcon_core.package_identification:_identify(src/darknet_ros_yolov4/darknet_ros/darknet/scripts/windows) by extensions ['python_setup_py']
[2.930s] Level 1:colcon.colcon_core.package_identification:_identify(src/darknet_ros_yolov4/darknet_ros/darknet/scripts/windows) by extension 'python_setup_py'
[2.932s] Level 1:colcon.colcon_core.package_identification:_identify(src/darknet_ros_yolov4/darknet_ros/darknet/src) by extensions ['ignore', 'ignore_ament_install']
[2.932s] Level 1:colcon.colcon_core.package_identification:_identify(src/darknet_ros_yolov4/darknet_ros/darknet/src) by extension 'ignore'
[2.933s] Level 1:colcon.colcon_core.package_identification:_identify(src/darknet_ros_yolov4/darknet_ros/darknet/src) by extension 'ignore_ament_install'
[2.933s] Level 1:colcon.colcon_core.package_identification:_identify(src/darknet_ros_yolov4/darknet_ros/darknet/src) by extensions ['colcon_pkg']
[2.933s] Level 1:colcon.colcon_core.package_identification:_identify(src/darknet_ros_yolov4/darknet_ros/darknet/src) by extension 'colcon_pkg'
[2.933s] Level 1:colcon.colcon_core.package_identification:_identify(src/darknet_ros_yolov4/darknet_ros/darknet/src) by extensions ['colcon_meta']
[2.934s] Level 1:colcon.colcon_core.package_identification:_identify(src/darknet_ros_yolov4/darknet_ros/darknet/src) by extension 'colcon_meta'
[2.934s] Level 1:colcon.colcon_core.package_identification:_identify(src/darknet_ros_yolov4/darknet_ros/darknet/src) by extensions ['ros']
[2.934s] Level 1:colcon.colcon_core.package_identification:_identify(src/darknet_ros_yolov4/darknet_ros/darknet/src) by extension 'ros'
[2.935s] Level 1:colcon.colcon_core.package_identification:_identify(src/darknet_ros_yolov4/darknet_ros/darknet/src) by extensions ['cmake', 'python']
[2.935s] Level 1:colcon.colcon_core.package_identification:_identify(src/darknet_ros_yolov4/darknet_ros/darknet/src) by extension 'cmake'
[2.936s] Level 1:colcon.colcon_core.package_identification:_identify(src/darknet_ros_yolov4/darknet_ros/darknet/src) by extension 'python'
[2.936s] Level 1:colcon.colcon_core.package_identification:_identify(src/darknet_ros_yolov4/darknet_ros/darknet/src) by extensions ['python_setup_py']
[2.936s] Level 1:colcon.colcon_core.package_identification:_identify(src/darknet_ros_yolov4/darknet_ros/darknet/src) by extension 'python_setup_py'
[2.937s] Level 1:colcon.colcon_core.package_identification:_identify(src/darknet_ros_yolov4/darknet_ros/darknet_ros) by extensions ['ignore', 'ignore_ament_install']
[2.937s] Level 1:colcon.colcon_core.package_identification:_identify(src/darknet_ros_yolov4/darknet_ros/darknet_ros) by extension 'ignore'
[2.938s] Level 1:colcon.colcon_core.package_identification:_identify(src/darknet_ros_yolov4/darknet_ros/darknet_ros) by extension 'ignore_ament_install'
[2.938s] Level 1:colcon.colcon_core.package_identification:_identify(src/darknet_ros_yolov4/darknet_ros/darknet_ros) by extensions ['colcon_pkg']
[2.939s] Level 1:colcon.colcon_core.package_identification:_identify(src/darknet_ros_yolov4/darknet_ros/darknet_ros) by extension 'colcon_pkg'
[2.939s] Level 1:colcon.colcon_core.package_identification:_identify(src/darknet_ros_yolov4/darknet_ros/darknet_ros) by extensions ['colcon_meta']
[2.939s] Level 1:colcon.colcon_core.package_identification:_identify(src/darknet_ros_yolov4/darknet_ros/darknet_ros) by extension 'colcon_meta'
[2.939s] Level 1:colcon.colcon_core.package_identification:_identify(src/darknet_ros_yolov4/darknet_ros/darknet_ros) by extensions ['ros']
[2.939s] Level 1:colcon.colcon_core.package_identification:_identify(src/darknet_ros_yolov4/darknet_ros/darknet_ros) by extension 'ros'
[2.961s] DEBUG:colcon.colcon_core.package_identification:Package 'src/darknet_ros_yolov4/darknet_ros/darknet_ros' with type 'ros.ament_cmake' and name 'darknet_ros'
[2.962s] Level 1:colcon.colcon_core.package_identification:_identify(src/darknet_ros_yolov4/darknet_ros/darknet_ros_msgs) by extensions ['ignore', 'ignore_ament_install']
[2.962s] Level 1:colcon.colcon_core.package_identification:_identify(src/darknet_ros_yolov4/darknet_ros/darknet_ros_msgs) by extension 'ignore'
[2.963s] Level 1:colcon.colcon_core.package_identification:_identify(src/darknet_ros_yolov4/darknet_ros/darknet_ros_msgs) by extension 'ignore_ament_install'
[2.963s] Level 1:colcon.colcon_core.package_identification:_identify(src/darknet_ros_yolov4/darknet_ros/darknet_ros_msgs) by extensions ['colcon_pkg']
[2.963s] Level 1:colcon.colcon_core.package_identification:_identify(src/darknet_ros_yolov4/darknet_ros/darknet_ros_msgs) by extension 'colcon_pkg'
[2.963s] Level 1:colcon.colcon_core.package_identification:_identify(src/darknet_ros_yolov4/darknet_ros/darknet_ros_msgs) by extensions ['colcon_meta']
[2.963s] Level 1:colcon.colcon_core.package_identification:_identify(src/darknet_ros_yolov4/darknet_ros/darknet_ros_msgs) by extension 'colcon_meta'
[2.964s] Level 1:colcon.colcon_core.package_identification:_identify(src/darknet_ros_yolov4/darknet_ros/darknet_ros_msgs) by extensions ['ros']
[2.964s] Level 1:colcon.colcon_core.package_identification:_identify(src/darknet_ros_yolov4/darknet_ros/darknet_ros_msgs) by extension 'ros'
[2.971s] DEBUG:colcon.colcon_core.package_identification:Package 'src/darknet_ros_yolov4/darknet_ros/darknet_ros_msgs' with type 'ros.ament_cmake' and name 'darknet_ros_msgs'
[2.972s] Level 1:colcon.colcon_core.package_identification:_identify(src/darknet_ros_yolov4/pictures) by extensions ['ignore', 'ignore_ament_install']
[2.973s] Level 1:colcon.colcon_core.package_identification:_identify(src/darknet_ros_yolov4/pictures) by extension 'ignore'
[2.973s] Level 1:colcon.colcon_core.package_identification:_identify(src/darknet_ros_yolov4/pictures) by extension 'ignore_ament_install'
[2.973s] Level 1:colcon.colcon_core.package_identification:_identify(src/darknet_ros_yolov4/pictures) by extensions ['colcon_pkg']
[2.973s] Level 1:colcon.colcon_core.package_identification:_identify(src/darknet_ros_yolov4/pictures) by extension 'colcon_pkg'
[2.973s] Level 1:colcon.colcon_core.package_identification:_identify(src/darknet_ros_yolov4/pictures) by extensions ['colcon_meta']
[2.974s] Level 1:colcon.colcon_core.package_identification:_identify(src/darknet_ros_yolov4/pictures) by extension 'colcon_meta'
[2.974s] Level 1:colcon.colcon_core.package_identification:_identify(src/darknet_ros_yolov4/pictures) by extensions ['ros']
[2.974s] Level 1:colcon.colcon_core.package_identification:_identify(src/darknet_ros_yolov4/pictures) by extension 'ros'
[2.975s] Level 1:colcon.colcon_core.package_identification:_identify(src/darknet_ros_yolov4/pictures) by extensions ['cmake', 'python']
[2.975s] Level 1:colcon.colcon_core.package_identification:_identify(src/darknet_ros_yolov4/pictures) by extension 'cmake'
[2.975s] Level 1:colcon.colcon_core.package_identification:_identify(src/darknet_ros_yolov4/pictures) by extension 'python'
[2.975s] Level 1:colcon.colcon_core.package_identification:_identify(src/darknet_ros_yolov4/pictures) by extensions ['python_setup_py']
[2.975s] Level 1:colcon.colcon_core.package_identification:_identify(src/darknet_ros_yolov4/pictures) by extension 'python_setup_py'
[2.976s] Level 1:colcon.colcon_core.package_identification:_identify(src/humancount) by extensions ['ignore', 'ignore_ament_install']
[2.976s] Level 1:colcon.colcon_core.package_identification:_identify(src/humancount) by extension 'ignore'
[2.977s] Level 1:colcon.colcon_core.package_identification:_identify(src/humancount) by extension 'ignore_ament_install'
[2.977s] Level 1:colcon.colcon_core.package_identification:_identify(src/humancount) by extensions ['colcon_pkg']
[2.977s] Level 1:colcon.colcon_core.package_identification:_identify(src/humancount) by extension 'colcon_pkg'
[2.977s] Level 1:colcon.colcon_core.package_identification:_identify(src/humancount) by extensions ['colcon_meta']
[2.977s] Level 1:colcon.colcon_core.package_identification:_identify(src/humancount) by extension 'colcon_meta'
[2.978s] Level 1:colcon.colcon_core.package_identification:_identify(src/humancount) by extensions ['ros']
[2.978s] Level 1:colcon.colcon_core.package_identification:_identify(src/humancount) by extension 'ros'
[2.983s] DEBUG:colcon.colcon_core.package_identification:Package 'src/humancount' with type 'ros.ament_python' and name 'humancount'
[2.984s] Level 1:colcon.colcon_core.package_identification:_identify(src/install) by extensions ['ignore', 'ignore_ament_install']
[2.985s] Level 1:colcon.colcon_core.package_identification:_identify(src/install) by extension 'ignore'
[2.985s] Level 1:colcon.colcon_core.package_identification:_identify(src/install) ignored
[2.986s] Level 1:colcon.colcon_core.package_identification:_identify(src/log) by extensions ['ignore', 'ignore_ament_install']
[2.986s] Level 1:colcon.colcon_core.package_identification:_identify(src/log) by extension 'ignore'
[2.986s] Level 1:colcon.colcon_core.package_identification:_identify(src/log) ignored
[2.986s] Level 1:colcon.colcon_core.package_identification:_identify(src/px4_msgs) by extensions ['ignore', 'ignore_ament_install']
[2.987s] Level 1:colcon.colcon_core.package_identification:_identify(src/px4_msgs) by extension 'ignore'
[2.987s] Level 1:colcon.colcon_core.package_identification:_identify(src/px4_msgs) by extension 'ignore_ament_install'
[2.988s] Level 1:colcon.colcon_core.package_identification:_identify(src/px4_msgs) by extensions ['colcon_pkg']
[2.988s] Level 1:colcon.colcon_core.package_identification:_identify(src/px4_msgs) by extension 'colcon_pkg'
[2.988s] Level 1:colcon.colcon_core.package_identification:_identify(src/px4_msgs) by extensions ['colcon_meta']
[2.988s] Level 1:colcon.colcon_core.package_identification:_identify(src/px4_msgs) by extension 'colcon_meta'
[2.988s] Level 1:colcon.colcon_core.package_identification:_identify(src/px4_msgs) by extensions ['ros']
[2.989s] Level 1:colcon.colcon_core.package_identification:_identify(src/px4_msgs) by extension 'ros'
[2.999s] DEBUG:colcon.colcon_core.package_identification:Package 'src/px4_msgs' with type 'ros.ament_cmake' and name 'px4_msgs'
[3.000s] Level 1:colcon.colcon_core.package_identification:_identify(src/px4_ros_com) by extensions ['ignore', 'ignore_ament_install']
[3.000s] Level 1:colcon.colcon_core.package_identification:_identify(src/px4_ros_com) by extension 'ignore'
[3.000s] Level 1:colcon.colcon_core.package_identification:_identify(src/px4_ros_com) by extension 'ignore_ament_install'
[3.000s] Level 1:colcon.colcon_core.package_identification:_identify(src/px4_ros_com) by extensions ['colcon_pkg']
[3.001s] Level 1:colcon.colcon_core.package_identification:_identify(src/px4_ros_com) by extension 'colcon_pkg'
[3.001s] Level 1:colcon.colcon_core.package_identification:_identify(src/px4_ros_com) by extensions ['colcon_meta']
[3.001s] Level 1:colcon.colcon_core.package_identification:_identify(src/px4_ros_com) by extension 'colcon_meta'
[3.001s] Level 1:colcon.colcon_core.package_identification:_identify(src/px4_ros_com) by extensions ['ros']
[3.001s] Level 1:colcon.colcon_core.package_identification:_identify(src/px4_ros_com) by extension 'ros'
[3.007s] DEBUG:colcon.colcon_core.package_identification:Package 'src/px4_ros_com' with type 'ros.ament_cmake' and name 'px4_ros_com'
[3.008s] Level 1:colcon.colcon_core.package_identification:_identify(src/termal) by extensions ['ignore', 'ignore_ament_install']
[3.008s] Level 1:colcon.colcon_core.package_identification:_identify(src/termal) by extension 'ignore'
[3.008s] Level 1:colcon.colcon_core.package_identification:_identify(src/termal) by extension 'ignore_ament_install'
[3.009s] Level 1:colcon.colcon_core.package_identification:_identify(src/termal) by extensions ['colcon_pkg']
[3.009s] Level 1:colcon.colcon_core.package_identification:_identify(src/termal) by extension 'colcon_pkg'
[3.009s] Level 1:colcon.colcon_core.package_identification:_identify(src/termal) by extensions ['colcon_meta']
[3.009s] Level 1:colcon.colcon_core.package_identification:_identify(src/termal) by extension 'colcon_meta'
[3.010s] Level 1:colcon.colcon_core.package_identification:_identify(src/termal) by extensions ['ros']
[3.010s] Level 1:colcon.colcon_core.package_identification:_identify(src/termal) by extension 'ros'
[3.014s] DEBUG:colcon.colcon_core.package_identification:Package 'src/termal' with type 'ros.ament_python' and name 'termal'
[3.015s] Level 1:colcon.colcon_core.package_identification:_identify(src/yolo_den) by extensions ['ignore', 'ignore_ament_install']
[3.015s] Level 1:colcon.colcon_core.package_identification:_identify(src/yolo_den) by extension 'ignore'
[3.015s] Level 1:colcon.colcon_core.package_identification:_identify(src/yolo_den) by extension 'ignore_ament_install'
[3.016s] Level 1:colcon.colcon_core.package_identification:_identify(src/yolo_den) by extensions ['colcon_pkg']
[3.016s] Level 1:colcon.colcon_core.package_identification:_identify(src/yolo_den) by extension 'colcon_pkg'
[3.016s] Level 1:colcon.colcon_core.package_identification:_identify(src/yolo_den) by extensions ['colcon_meta']
[3.016s] Level 1:colcon.colcon_core.package_identification:_identify(src/yolo_den) by extension 'colcon_meta'
[3.016s] Level 1:colcon.colcon_core.package_identification:_identify(src/yolo_den) by extensions ['ros']
[3.016s] Level 1:colcon.colcon_core.package_identification:_identify(src/yolo_den) by extension 'ros'
[3.025s] DEBUG:colcon.colcon_core.package_identification:Package 'src/yolo_den' with type 'ros.ament_python' and name 'yolo_den'
[3.025s] Level 1:colcon.colcon_core.package_discovery:discover_packages(recursive) using defaults
[3.025s] Level 1:colcon.colcon_core.package_discovery:discover_packages(ignore) discover
[3.025s] Level 1:colcon.colcon_core.package_discovery:discover_packages(ignore) using defaults
[3.026s] Level 1:colcon.colcon_core.package_discovery:discover_packages(path) discover
[3.026s] Level 1:colcon.colcon_core.package_discovery:discover_packages(path) using defaults
[3.179s] INFO:colcon.colcon_core.package_selection:Skipping not selected package 'darknet_ros_msgs' in 'src/darknet_ros_yolov4/darknet_ros/darknet_ros_msgs'
[3.180s] INFO:colcon.colcon_core.package_selection:Skipping not selected package 'px4_msgs' in 'src/px4_msgs'
[3.180s] INFO:colcon.colcon_core.package_selection:Skipping not selected package 'termal' in 'src/termal'
[3.180s] INFO:colcon.colcon_core.package_selection:Skipping not selected package 'yolo_den' in 'src/yolo_den'
[3.180s] INFO:colcon.colcon_core.package_selection:Skipping not selected package 'darknet_ros' in 'src/darknet_ros_yolov4/darknet_ros/darknet_ros'
[3.180s] INFO:colcon.colcon_core.package_selection:Skipping not selected package 'px4_ros_com' in 'src/px4_ros_com'
[3.186s] Level 1:colcon.colcon_core.package_discovery:discover_packages(prefix_path) check parameters
[3.187s] Level 1:colcon.colcon_core.package_discovery:discover_packages(prefix_path) discover
[3.207s] DEBUG:colcon.colcon_installed_package_information.package_discovery:Found 10 installed packages in /home/jetson/ros2_ws/install
[3.218s] DEBUG:colcon.colcon_installed_package_information.package_discovery:Found 259 installed packages in /opt/ros/foxy
[3.226s] Level 1:colcon.colcon_core.package_discovery:discover_packages(prefix_path) using defaults
[3.739s] Level 5:colcon.colcon_core.verb:set package 'humancount' build argument 'cmake_args' from command line to 'None'
[3.740s] Level 5:colcon.colcon_core.verb:set package 'humancount' build argument 'cmake_target' from command line to 'None'
[3.740s] Level 5:colcon.colcon_core.verb:set package 'humancount' build argument 'cmake_target_skip_unavailable' from command line to 'False'
[3.740s] Level 5:colcon.colcon_core.verb:set package 'humancount' build argument 'cmake_clean_cache' from command line to 'False'
[3.740s] Level 5:colcon.colcon_core.verb:set package 'humancount' build argument 'cmake_clean_first' from command line to 'False'
[3.740s] Level 5:colcon.colcon_core.verb:set package 'humancount' build argument 'cmake_force_configure' from command line to 'False'
[3.741s] Level 5:colcon.colcon_core.verb:set package 'humancount' build argument 'ament_cmake_args' from command line to 'None'
[3.741s] Level 5:colcon.colcon_core.verb:set package 'humancount' build argument 'catkin_cmake_args' from command line to 'None'
[3.741s] Level 5:colcon.colcon_core.verb:set package 'humancount' build argument 'catkin_skip_building_tests' from command line to 'False'
[3.741s] DEBUG:colcon.colcon_core.verb:Building package 'humancount' with the following arguments: {'ament_cmake_args': None, 'build_base': '/home/jetson/ros2_ws/build/humancount', 'catkin_cmake_args': None, 'catkin_skip_building_tests': False, 'cmake_args': None, 'cmake_clean_cache': False, 'cmake_clean_first': False, 'cmake_force_configure': False, 'cmake_target': None, 'cmake_target_skip_unavailable': False, 'install_base': '/home/jetson/ros2_ws/install/humancount', 'merge_install': False, 'path': '/home/jetson/ros2_ws/src/humancount', 'symlink_install': True, 'test_result_base': None}
[3.746s] INFO:colcon.colcon_core.executor:Executing jobs using 'parallel' executor
[3.773s] DEBUG:colcon.colcon_parallel_executor.executor.parallel:run_until_complete
[3.774s] INFO:colcon.colcon_ros.task.ament_python.build:Building ROS package in '/home/jetson/ros2_ws/src/humancount' with build type 'ament_python'
[3.774s] Level 1:colcon.colcon_core.shell:create_environment_hook('humancount', 'ament_prefix_path')
[3.818s] INFO:colcon.colcon_core.plugin_system:Skipping extension 'colcon_core.shell.bat': Not used on non-Windows systems
[3.819s] INFO:colcon.colcon_core.shell:Creating environment hook '/home/jetson/ros2_ws/install/humancount/share/humancount/hook/ament_prefix_path.ps1'
[3.823s] INFO:colcon.colcon_core.shell:Creating environment descriptor '/home/jetson/ros2_ws/install/humancount/share/humancount/hook/ament_prefix_path.dsv'
[3.831s] INFO:colcon.colcon_core.shell:Creating environment hook '/home/jetson/ros2_ws/install/humancount/share/humancount/hook/ament_prefix_path.sh'
[3.844s] INFO:colcon.colcon_core.shell:Skip shell extension 'powershell' for command environment: Not usable outside of PowerShell
[3.845s] DEBUG:colcon.colcon_core.shell:Skip shell extension 'dsv' for command environment
[8.231s] INFO:colcon.colcon_core.task.python.build:Building Python package in '/home/jetson/ros2_ws/src/humancount'
[8.243s] INFO:colcon.colcon_core.shell:Skip shell extension 'powershell' for command environment: Not usable outside of PowerShell
[8.243s] DEBUG:colcon.colcon_core.shell:Skip shell extension 'dsv' for command environment
[14.205s] DEBUG:colcon.colcon_core.event_handler.log_command:Invoking command in '/home/jetson/ros2_ws/build/humancount': CMAKE_PREFIX_PATH=/home/jetson/ros2_ws/install/darknet_ros_msgs:/home/jetson/ros2_ws/install/px4_ros_com:/home/jetson/ros2_ws/install/px4_msgs:/home/jetson/ros2_ws/install/darknet_ros LD_LIBRARY_PATH=/home/jetson/ros2_ws/install/darknet_ros_msgs/lib:/home/jetson/ros2_ws/install/px4_ros_com/lib:/home/jetson/ros2_ws/install/px4_msgs/lib:/home/jetson/ros2_ws/install/darknet_ros/lib:/opt/ros/foxy/opt/yaml_cpp_vendor/lib:/opt/ros/foxy/opt/rviz_ogre_vendor/lib:/opt/ros/foxy/lib/aarch64-linux-gnu:/opt/ros/foxy/lib PYTHONPATH=/home/jetson/ros2_ws/install/humancount/lib/python3.8/site-packages:/home/jetson/ros2_ws/install/darknet_ros_msgs/lib/python3.8/site-packages:/home/jetson/ros2_ws/install/yolo_den/lib/python3.8/site-packages:/home/jetson/ros2_ws/install/termal/lib/python3.8/site-packages:/home/jetson/ros2_ws/install/px4_msgs/lib/python3.8/site-packages:/home/jetson/ros2_ws/build/humcount:/home/jetson/ros2_ws/install/humcount/lib/python3.8/site-packages:/home/jetson/ros2_ws/build/humancount:/home/jetson/ros2_ws/install/humancount/lib/python3.8/site-packages:/home/jetson/ros2_ws/build/count:/home/jetson/ros2_ws/install/count/lib/python3.8/site-packages:/home/jetson/ros2_ws/install/cvdeneme/lib/python3.8/site-packages:/opt/ros/foxy/lib/python3.8/site-packages /usr/bin/python3 setup.py develop --prefix /home/jetson/ros2_ws/install/humancount --editable --build-directory /home/jetson/ros2_ws/build/humancount/build --no-deps install_data --install-dir /home/jetson/ros2_ws/install/humancount
[25.587s] Level 1:colcon.colcon_core.shell:create_environment_hook('humancount', 'pythonpath_develop')
[25.597s] INFO:colcon.colcon_core.shell:Creating environment hook '/home/jetson/ros2_ws/build/humancount/share/humancount/hook/pythonpath_develop.ps1'
[25.598s] DEBUG:colcon.colcon_core.event_handler.log_command:Invoked command in '/home/jetson/ros2_ws/build/humancount' returned '0': CMAKE_PREFIX_PATH=/home/jetson/ros2_ws/install/darknet_ros_msgs:/home/jetson/ros2_ws/install/px4_ros_com:/home/jetson/ros2_ws/install/px4_msgs:/home/jetson/ros2_ws/install/darknet_ros LD_LIBRARY_PATH=/home/jetson/ros2_ws/install/darknet_ros_msgs/lib:/home/jetson/ros2_ws/install/px4_ros_com/lib:/home/jetson/ros2_ws/install/px4_msgs/lib:/home/jetson/ros2_ws/install/darknet_ros/lib:/opt/ros/foxy/opt/yaml_cpp_vendor/lib:/opt/ros/foxy/opt/rviz_ogre_vendor/lib:/opt/ros/foxy/lib/aarch64-linux-gnu:/opt/ros/foxy/lib PYTHONPATH=/home/jetson/ros2_ws/install/humancount/lib/python3.8/site-packages:/home/jetson/ros2_ws/install/darknet_ros_msgs/lib/python3.8/site-packages:/home/jetson/ros2_ws/install/yolo_den/lib/python3.8/site-packages:/home/jetson/ros2_ws/install/termal/lib/python3.8/site-packages:/home/jetson/ros2_ws/install/px4_msgs/lib/python3.8/site-packages:/home/jetson/ros2_ws/build/humcount:/home/jetson/ros2_ws/install/humcount/lib/python3.8/site-packages:/home/jetson/ros2_ws/build/humancount:/home/jetson/ros2_ws/install/humancount/lib/python3.8/site-packages:/home/jetson/ros2_ws/build/count:/home/jetson/ros2_ws/install/count/lib/python3.8/site-packages:/home/jetson/ros2_ws/install/cvdeneme/lib/python3.8/site-packages:/opt/ros/foxy/lib/python3.8/site-packages /usr/bin/python3 setup.py develop --prefix /home/jetson/ros2_ws/install/humancount --editable --build-directory /home/jetson/ros2_ws/build/humancount/build --no-deps install_data --install-dir /home/jetson/ros2_ws/install/humancount
[25.600s] INFO:colcon.colcon_core.shell:Creating environment descriptor '/home/jetson/ros2_ws/build/humancount/share/humancount/hook/pythonpath_develop.dsv'
[25.602s] INFO:colcon.colcon_core.shell:Creating environment hook '/home/jetson/ros2_ws/build/humancount/share/humancount/hook/pythonpath_develop.sh'
[25.635s] Level 1:colcon.colcon_core.environment:checking '/home/jetson/ros2_ws/install/humancount' for CMake module files
[25.638s] Level 1:colcon.colcon_core.environment:checking '/home/jetson/ros2_ws/install/humancount' for CMake config files
[25.640s] Level 1:colcon.colcon_core.environment:checking '/home/jetson/ros2_ws/install/humancount/lib'
[25.641s] Level 1:colcon.colcon_core.environment:checking '/home/jetson/ros2_ws/install/humancount/bin'
[25.641s] Level 1:colcon.colcon_core.environment:checking '/home/jetson/ros2_ws/install/humancount/lib/pkgconfig/humancount.pc'
[25.642s] Level 1:colcon.colcon_core.environment:checking '/home/jetson/ros2_ws/install/humancount/lib/python3.8/site-packages'
[25.642s] Level 1:colcon.colcon_core.shell:create_environment_hook('humancount', 'pythonpath')
[25.651s] INFO:colcon.colcon_core.shell:Creating environment hook '/home/jetson/ros2_ws/install/humancount/share/humancount/hook/pythonpath.ps1'
[25.653s] INFO:colcon.colcon_core.shell:Creating environment descriptor '/home/jetson/ros2_ws/install/humancount/share/humancount/hook/pythonpath.dsv'
[25.655s] INFO:colcon.colcon_core.shell:Creating environment hook '/home/jetson/ros2_ws/install/humancount/share/humancount/hook/pythonpath.sh'
[25.656s] Level 1:colcon.colcon_core.environment:checking '/home/jetson/ros2_ws/install/humancount/bin'
[25.657s] Level 1:colcon.colcon_core.environment:create_environment_scripts_only(humancount)
[25.667s] INFO:colcon.colcon_core.shell:Creating package script '/home/jetson/ros2_ws/install/humancount/share/humancount/package.ps1'
[25.671s] INFO:colcon.colcon_core.shell:Creating package descriptor '/home/jetson/ros2_ws/install/humancount/share/humancount/package.dsv'
[25.675s] INFO:colcon.colcon_core.shell:Creating package script '/home/jetson/ros2_ws/install/humancount/share/humancount/package.sh'
[25.680s] INFO:colcon.colcon_core.shell:Creating package script '/home/jetson/ros2_ws/install/humancount/share/humancount/package.bash'
[25.685s] INFO:colcon.colcon_core.shell:Creating package script '/home/jetson/ros2_ws/install/humancount/share/humancount/package.zsh'
[25.689s] Level 1:colcon.colcon_core.environment:create_file_with_runtime_dependencies(/home/jetson/ros2_ws/install/humancount/share/colcon-core/packages/humancount)
[25.691s] DEBUG:colcon.colcon_parallel_executor.executor.parallel:closing loop
[25.692s] DEBUG:colcon.colcon_parallel_executor.executor.parallel:loop closed
[25.692s] DEBUG:colcon.colcon_parallel_executor.executor.parallel:run_until_complete finished with '0'
[25.693s] DEBUG:colcon.colcon_core.event_reactor:joining thread
[25.741s] INFO:colcon.colcon_core.plugin_system:Skipping extension 'colcon_notification.desktop_notification.terminal_notifier': Not used on non-Darwin systems
[25.742s] INFO:colcon.colcon_core.plugin_system:Skipping extension 'colcon_notification.desktop_notification.win32': Not used on non-Windows systems
[25.742s] INFO:colcon.colcon_notification.desktop_notification:Sending desktop notification using 'notify2'
[25.798s] DEBUG:colcon.colcon_core.event_reactor:joined thread
[25.808s] INFO:colcon.colcon_core.shell:Creating prefix script '/home/jetson/ros2_ws/install/local_setup.ps1'
[25.816s] INFO:colcon.colcon_core.shell:Creating prefix util module '/home/jetson/ros2_ws/install/_local_setup_util_ps1.py'
[25.823s] INFO:colcon.colcon_core.shell:Creating prefix chain script '/home/jetson/ros2_ws/install/setup.ps1'
[25.833s] INFO:colcon.colcon_core.shell:Creating prefix script '/home/jetson/ros2_ws/install/local_setup.sh'
[25.841s] INFO:colcon.colcon_core.shell:Creating prefix util module '/home/jetson/ros2_ws/install/_local_setup_util_sh.py'
[25.843s] INFO:colcon.colcon_core.shell:Creating prefix chain script '/home/jetson/ros2_ws/install/setup.sh'
[25.853s] INFO:colcon.colcon_core.shell:Creating prefix script '/home/jetson/ros2_ws/install/local_setup.bash'
[25.856s] INFO:colcon.colcon_core.shell:Creating prefix chain script '/home/jetson/ros2_ws/install/setup.bash'
[25.866s] INFO:colcon.colcon_core.shell:Creating prefix script '/home/jetson/ros2_ws/install/local_setup.zsh'
[25.868s] INFO:colcon.colcon_core.shell:Creating prefix chain script '/home/jetson/ros2_ws/install/setup.zsh'
