make[2]: Warning: File 'libpx4_msgs__rosidl_typesupport_fastrtps_cpp.so' has modification time 8887711 s in the future
make[2]: warning:  Clock skew detected.  Your build may be incomplete.
make[2]: Warning: File 'libpx4_msgs__rosidl_typesupport_fastrtps_c.so' has modification time 8887714 s in the future
make[2]: warning:  Clock skew detected.  Your build may be incomplete.
make[2]: Warning: File '/home/jetson/ros2_ws/src/px4_msgs/msg/ActionRequest.msg' has modification time 6293552 s in the future
make[2]: warning:  Clock skew detected.  Your build may be incomplete.
make[2]: Warning: File 'CMakeFiles/px4_msgs__python.dir/depend.make' has modification time 8887716 s in the future
make[2]: warning:  Clock skew detected.  Your build may be incomplete.
make[2]: Warning: File 'CMakeFiles/px4_msgs__python.dir/depend.make' has modification time 8887715 s in the future
make[2]: warning:  Clock skew detected.  Your build may be incomplete.
make[2]: Warning: File 'CMakeFiles/px4_msgs__rosidl_typesupport_fastrtps_c__pyext.dir/depend.make' has modification time 8887868 s in the future
make[2]: Warning: File 'CMakeFiles/px4_msgs__rosidl_typesupport_c__pyext.dir/depend.make' has modification time 8887850 s in the future
make[2]: Warning: File 'CMakeFiles/px4_msgs__rosidl_typesupport_introspection_c__pyext.dir/depend.make' has modification time 8887868 s in the future
make[2]: warning:  Clock skew detected.  Your build may be incomplete.
make[2]: warning:  Clock skew detected.  Your build may be incomplete.
make[2]: warning:  Clock skew detected.  Your build may be incomplete.
make[2]: Warning: File 'CMakeFiles/px4_msgs__rosidl_typesupport_c__pyext.dir/depend.make' has modification time 8887850 s in the future
make[2]: warning:  Clock skew detected.  Your build may be incomplete.
make[2]: Warning: File 'CMakeFiles/px4_msgs__rosidl_typesupport_fastrtps_c__pyext.dir/depend.make' has modification time 8887868 s in the future
make[2]: Warning: File 'CMakeFiles/px4_msgs__rosidl_typesupport_introspection_c__pyext.dir/depend.make' has modification time 8887868 s in the future
make[2]: warning:  Clock skew detected.  Your build may be incomplete.
make[2]: warning:  Clock skew detected.  Your build may be incomplete.
