-- Darknet path dir = /home/jetson/ros2_ws/src/darknet_ros_yolov4/darknet_ros/darknet
-- CUDA Version: 
-- CUDA Libararies: /usr/local/cuda/lib64/libcudart_static.a;Threads::Threads;dl;/usr/lib/aarch64-linux-gnu/librt.so
-- cuDNN Version: 
-- cuDNN Libararies: /usr/lib/aarch64-linux-gnu/libcudnn.so
--  GPU (FP16): 
-- Your setup does not support half precision (it requires CUDA_ARCHITECTURES >= 70)
-- Searching for X11...
--  X11_INCLUDE_DIR: /usr/include
--  X11_LIBRARIES: /usr/lib/aarch64-linux-gnu/libSM.so/usr/lib/aarch64-linux-gnu/libICE.so/usr/lib/aarch64-linux-gnu/libX11.so/usr/lib/aarch64-linux-gnu/libXext.so
-- Found ament_cmake: 0.9.9 (/opt/ros/foxy/share/ament_cmake/cmake)
-- Using PYTHON_EXECUTABLE: /usr/bin/python3
-- Override CMake install command with custom implementation using symlinks instead of copying resources
-- Found rclcpp: 2.4.1 (/opt/ros/foxy/share/rclcpp/cmake)
-- Using all available rosidl_typesupport_c: rosidl_typesupport_fastrtps_c;rosidl_typesupport_introspection_c
-- Found rosidl_adapter: 1.2.1 (/opt/ros/foxy/share/rosidl_adapter/cmake)
-- Using all available rosidl_typesupport_cpp: rosidl_typesupport_fastrtps_cpp;rosidl_typesupport_introspection_cpp
-- Found rmw_implementation_cmake: 1.0.3 (/opt/ros/foxy/share/rmw_implementation_cmake/cmake)
-- Using RMW implementation 'rmw_fastrtps_cpp' as default
-- Found rclpy: 1.0.8 (/opt/ros/foxy/share/rclpy/cmake)
-- Found rclcpp_action: 2.4.1 (/opt/ros/foxy/share/rclcpp_action/cmake)
-- Found image_transport: 2.3.0 (/opt/ros/foxy/share/image_transport/cmake)
-- Found cv_bridge: 2.2.1 (/opt/ros/foxy/share/cv_bridge/cmake)
-- Found darknet_ros_msgs: 1.1.5 (/home/jetson/ros2_ws/install/darknet_ros_msgs/share/darknet_ros_msgs/cmake)
-- Checking and downloading yolov4-tiny.weights if needed ...
-- Done.
-- Checking and downloading yolov4-csp.weights if needed ...
-- Done.
-- Configuring done
-- Generating done
-- Build files have been written to: /home/jetson/ros2_ws/build/darknet_ros
-- Darknet path dir = /home/jetson/ros2_ws/src/darknet_ros_yolov4/darknet_ros/darknet
-- CUDA Version: 
-- CUDA Libararies: /usr/local/cuda/lib64/libcudart_static.a;Threads::Threads;dl;/usr/lib/aarch64-linux-gnu/librt.so
-- cuDNN Version: 
-- cuDNN Libararies: /usr/lib/aarch64-linux-gnu/libcudnn.so
--  GPU (FP16): 
-- Your setup does not support half precision (it requires CUDA_ARCHITECTURES >= 70)
-- Searching for X11...
--  X11_INCLUDE_DIR: /usr/include
--  X11_LIBRARIES: /usr/lib/aarch64-linux-gnu/libSM.so/usr/lib/aarch64-linux-gnu/libICE.so/usr/lib/aarch64-linux-gnu/libX11.so/usr/lib/aarch64-linux-gnu/libXext.so
-- Found ament_cmake: 0.9.9 (/opt/ros/foxy/share/ament_cmake/cmake)
-- Using PYTHON_EXECUTABLE: /usr/bin/python3
-- Override CMake install command with custom implementation using symlinks instead of copying resources
-- Found rclcpp: 2.4.1 (/opt/ros/foxy/share/rclcpp/cmake)
-- Using all available rosidl_typesupport_c: rosidl_typesupport_fastrtps_c;rosidl_typesupport_introspection_c
-- Found rosidl_adapter: 1.2.1 (/opt/ros/foxy/share/rosidl_adapter/cmake)
-- Using all available rosidl_typesupport_cpp: rosidl_typesupport_fastrtps_cpp;rosidl_typesupport_introspection_cpp
-- Found rmw_implementation_cmake: 1.0.3 (/opt/ros/foxy/share/rmw_implementation_cmake/cmake)
-- Using RMW implementation 'rmw_fastrtps_cpp' as default
-- Found rclpy: 1.0.8 (/opt/ros/foxy/share/rclpy/cmake)
-- Found rclcpp_action: 2.4.1 (/opt/ros/foxy/share/rclcpp_action/cmake)
-- Found image_transport: 2.3.0 (/opt/ros/foxy/share/image_transport/cmake)
-- Found cv_bridge: 2.2.1 (/opt/ros/foxy/share/cv_bridge/cmake)
-- Found darknet_ros_msgs: 1.1.5 (/home/jetson/ros2_ws/install/darknet_ros_msgs/share/darknet_ros_msgs/cmake)
-- Checking and downloading yolov4-tiny.weights if needed ...
-- Done.
-- Checking and downloading yolov4-csp.weights if needed ...
-- Done.
-- Configuring done
-- Generating done
-- Build files have been written to: /home/jetson/ros2_ws/build/darknet_ros
make[2]: Warning: File 'CMakeFiles/darknet_ros_lib.dir/depend.make' has modification time 8889910 s in the future
make[2]: warning:  Clock skew detected.  Your build may be incomplete.
make[2]: Warning: File 'CMakeFiles/darknet_ros_lib.dir/depend.make' has modification time 8889910 s in the future
make[2]: warning:  Clock skew detected.  Your build may be incomplete.
[ 97%] Built target darknet_ros_lib
make[2]: Warning: File 'CMakeFiles/darknet_ros.dir/depend.make' has modification time 8890064 s in the future
make[2]: warning:  Clock skew detected.  Your build may be incomplete.
make[2]: Warning: File 'CMakeFiles/darknet_ros.dir/depend.make' has modification time 8890064 s in the future
make[2]: warning:  Clock skew detected.  Your build may be incomplete.
[100%] Built target darknet_ros
-- Install configuration: "RELWITHDEBINFO"
-- Execute custom install script
-- Up-to-date symlink: /home/jetson/ros2_ws/install/darknet_ros/lib/libdarknet_ros_lib.a
-- Up-to-date symlink: /home/jetson/ros2_ws/install/darknet_ros/lib/darknet_ros/darknet_ros
-- Up-to-date symlink: /home/jetson/ros2_ws/install/darknet_ros/share/darknet_ros/yolo_network_config//cfg/yolov2-tiny.cfg
-- Up-to-date symlink: /home/jetson/ros2_ws/install/darknet_ros/share/darknet_ros/yolo_network_config//cfg/yolov3.cfg
-- Up-to-date symlink: /home/jetson/ros2_ws/install/darknet_ros/share/darknet_ros/yolo_network_config//cfg/yolov4-csp.cfg
-- Up-to-date symlink: /home/jetson/ros2_ws/install/darknet_ros/share/darknet_ros/yolo_network_config//cfg/yolov4-tiny-ex.cfg
-- Up-to-date symlink: /home/jetson/ros2_ws/install/darknet_ros/share/darknet_ros/yolo_network_config//cfg/yolov4-tiny.cfg
-- Up-to-date symlink: /home/jetson/ros2_ws/install/darknet_ros/share/darknet_ros/yolo_network_config//cfg/yolov4-tinyehe.cfg
-- Up-to-date symlink: /home/jetson/ros2_ws/install/darknet_ros/share/darknet_ros/yolo_network_config//cfg/yolov4-tinyexx.cfg
-- Up-to-date symlink: /home/jetson/ros2_ws/install/darknet_ros/share/darknet_ros/yolo_network_config//cfg/yolov4.cfg
-- Up-to-date symlink: /home/jetson/ros2_ws/install/darknet_ros/share/darknet_ros/yolo_network_config//weights/.gitignore
-- Up-to-date symlink: /home/jetson/ros2_ws/install/darknet_ros/share/darknet_ros/yolo_network_config//weights/how_to_download_weights.txt
-- Up-to-date symlink: /home/jetson/ros2_ws/install/darknet_ros/share/darknet_ros/yolo_network_config//weights/yolov4-csp.weights
-- Up-to-date symlink: /home/jetson/ros2_ws/install/darknet_ros/share/darknet_ros/yolo_network_config//weights/yolov4-tiny-ex.weights
-- Up-to-date symlink: /home/jetson/ros2_ws/install/darknet_ros/share/darknet_ros/yolo_network_config//weights/yolov4-tiny.exxweights
-- Up-to-date symlink: /home/jetson/ros2_ws/install/darknet_ros/share/darknet_ros/yolo_network_config//weights/yolov4-tiny.weights
-- Up-to-date symlink: /home/jetson/ros2_ws/install/darknet_ros/share/darknet_ros/yolo_network_config//weights/yolov4-tinyehe.weights
CMake Warning (dev) at ament_cmake_symlink_install/ament_cmake_symlink_install.cmake:62 (file):
  Policy CMP0009 is not set: FILE GLOB_RECURSE calls should not follow
  symlinks by default.  Run "cmake --help-policy CMP0009" for policy details.
  Use the cmake_policy command to set the policy and suppress this warning.
Call Stack (most recent call first):
  ament_cmake_symlink_install/ament_cmake_symlink_install.cmake:320 (ament_cmake_symlink_install_directory)
  cmake_install.cmake:46 (include)
This warning is for project developers.  Use -Wno-dev to suppress it.

-- Up-to-date symlink: /home/jetson/ros2_ws/install/darknet_ros/share/darknet_ros//launch/__pycache__/yolov4-tiny.launch.cpython-38.pyc
-- Up-to-date symlink: /home/jetson/ros2_ws/install/darknet_ros/share/darknet_ros//launch/build/.built_by
-- Up-to-date symlink: /home/jetson/ros2_ws/install/darknet_ros/share/darknet_ros//launch/build/COLCON_IGNORE
-- Up-to-date symlink: /home/jetson/ros2_ws/install/darknet_ros/share/darknet_ros//launch/darknet_ros.launch.py
-- Up-to-date symlink: /home/jetson/ros2_ws/install/darknet_ros/share/darknet_ros//launch/install/.colcon_install_layout
-- Up-to-date symlink: /home/jetson/ros2_ws/install/darknet_ros/share/darknet_ros//launch/install/COLCON_IGNORE
-- Up-to-date symlink: /home/jetson/ros2_ws/install/darknet_ros/share/darknet_ros//launch/install/_local_setup_util_ps1.py
-- Up-to-date symlink: /home/jetson/ros2_ws/install/darknet_ros/share/darknet_ros//launch/install/_local_setup_util_sh.py
-- Up-to-date symlink: /home/jetson/ros2_ws/install/darknet_ros/share/darknet_ros//launch/install/local_setup.bash
-- Up-to-date symlink: /home/jetson/ros2_ws/install/darknet_ros/share/darknet_ros//launch/install/local_setup.ps1
-- Up-to-date symlink: /home/jetson/ros2_ws/install/darknet_ros/share/darknet_ros//launch/install/local_setup.sh
-- Up-to-date symlink: /home/jetson/ros2_ws/install/darknet_ros/share/darknet_ros//launch/install/local_setup.zsh
-- Up-to-date symlink: /home/jetson/ros2_ws/install/darknet_ros/share/darknet_ros//launch/install/setup.bash
-- Up-to-date symlink: /home/jetson/ros2_ws/install/darknet_ros/share/darknet_ros//launch/install/setup.ps1
-- Up-to-date symlink: /home/jetson/ros2_ws/install/darknet_ros/share/darknet_ros//launch/install/setup.sh
-- Up-to-date symlink: /home/jetson/ros2_ws/install/darknet_ros/share/darknet_ros//launch/install/setup.zsh
-- Up-to-date symlink: /home/jetson/ros2_ws/install/darknet_ros/share/darknet_ros//launch/log/COLCON_IGNORE
-- Up-to-date symlink: /home/jetson/ros2_ws/install/darknet_ros/share/darknet_ros//launch/log/build_2022-06-14_21-13-13/events.log
-- Up-to-date symlink: /home/jetson/ros2_ws/install/darknet_ros/share/darknet_ros//launch/log/build_2022-06-14_21-13-13/logger_all.log
-- Up-to-date symlink: /home/jetson/ros2_ws/install/darknet_ros/share/darknet_ros//launch/log/build_2022-06-14_21-13-27/events.log
-- Up-to-date symlink: /home/jetson/ros2_ws/install/darknet_ros/share/darknet_ros//launch/log/build_2022-06-14_21-13-27/logger_all.log
-- Up-to-date symlink: /home/jetson/ros2_ws/install/darknet_ros/share/darknet_ros//launch/log/latest/events.log
-- Up-to-date symlink: /home/jetson/ros2_ws/install/darknet_ros/share/darknet_ros//launch/log/latest/logger_all.log
-- Up-to-date symlink: /home/jetson/ros2_ws/install/darknet_ros/share/darknet_ros//launch/log/latest_build/events.log
-- Up-to-date symlink: /home/jetson/ros2_ws/install/darknet_ros/share/darknet_ros//launch/log/latest_build/logger_all.log
-- Up-to-date symlink: /home/jetson/ros2_ws/install/darknet_ros/share/darknet_ros//launch/yolov4-csp.launch.py
-- Up-to-date symlink: /home/jetson/ros2_ws/install/darknet_ros/share/darknet_ros//launch/yolov4-tiny.launch.py
-- Up-to-date symlink: /home/jetson/ros2_ws/install/darknet_ros/share/darknet_ros//config/ros.yaml
-- Up-to-date symlink: /home/jetson/ros2_ws/install/darknet_ros/share/darknet_ros//config/yolov2-tiny.yaml
-- Up-to-date symlink: /home/jetson/ros2_ws/install/darknet_ros/share/darknet_ros//config/yolov3.yaml
-- Up-to-date symlink: /home/jetson/ros2_ws/install/darknet_ros/share/darknet_ros//config/yolov4-csp.yaml
-- Up-to-date symlink: /home/jetson/ros2_ws/install/darknet_ros/share/darknet_ros//config/yolov4-tiny.yaml
-- Up-to-date symlink: /home/jetson/ros2_ws/install/darknet_ros/share/darknet_ros//config/yolov4.yaml
-- Up-to-date symlink: /home/jetson/ros2_ws/install/darknet_ros/share/darknet_ros/environment/library_path.sh
-- Up-to-date symlink: /home/jetson/ros2_ws/install/darknet_ros/share/darknet_ros/environment/library_path.dsv
-- Up-to-date symlink: /home/jetson/ros2_ws/install/darknet_ros/share/ament_index/resource_index/package_run_dependencies/darknet_ros
-- Up-to-date symlink: /home/jetson/ros2_ws/install/darknet_ros/share/ament_index/resource_index/parent_prefix_path/darknet_ros
-- Up-to-date symlink: /home/jetson/ros2_ws/install/darknet_ros/share/darknet_ros/environment/ament_prefix_path.sh
-- Up-to-date symlink: /home/jetson/ros2_ws/install/darknet_ros/share/darknet_ros/environment/ament_prefix_path.dsv
-- Up-to-date symlink: /home/jetson/ros2_ws/install/darknet_ros/share/darknet_ros/environment/path.sh
-- Up-to-date symlink: /home/jetson/ros2_ws/install/darknet_ros/share/darknet_ros/environment/path.dsv
-- Up-to-date symlink: /home/jetson/ros2_ws/install/darknet_ros/share/darknet_ros/local_setup.bash
-- Up-to-date symlink: /home/jetson/ros2_ws/install/darknet_ros/share/darknet_ros/local_setup.sh
-- Up-to-date symlink: /home/jetson/ros2_ws/install/darknet_ros/share/darknet_ros/local_setup.zsh
-- Up-to-date symlink: /home/jetson/ros2_ws/install/darknet_ros/share/darknet_ros/local_setup.dsv
-- Symlinking: /home/jetson/ros2_ws/install/darknet_ros/share/darknet_ros/package.dsv
-- Up-to-date symlink: /home/jetson/ros2_ws/install/darknet_ros/share/ament_index/resource_index/packages/darknet_ros
-- Up-to-date symlink: /home/jetson/ros2_ws/install/darknet_ros/share/darknet_ros/cmake/ament_cmake_export_include_directories-extras.cmake
-- Up-to-date symlink: /home/jetson/ros2_ws/install/darknet_ros/share/darknet_ros/cmake/ament_cmake_export_libraries-extras.cmake
-- Up-to-date symlink: /home/jetson/ros2_ws/install/darknet_ros/share/darknet_ros/cmake/ament_cmake_export_dependencies-extras.cmake
-- Up-to-date symlink: /home/jetson/ros2_ws/install/darknet_ros/share/darknet_ros/cmake/darknet_rosConfig.cmake
-- Up-to-date symlink: /home/jetson/ros2_ws/install/darknet_ros/share/darknet_ros/cmake/darknet_rosConfig-version.cmake
-- Up-to-date symlink: /home/jetson/ros2_ws/install/darknet_ros/share/darknet_ros/package.xml
-- Up-to-date: /home/jetson/ros2_ws/install/darknet_ros/include/
-- Up-to-date: /home/jetson/ros2_ws/install/darknet_ros/include//darknet_ros
