make[2]: Warning: File 'libdarknet_ros_msgs__rosidl_typesupport_fastrtps_cpp.so' has modification time 8891392 s in the future
make[2]: warning:  Clock skew detected.  Your build may be incomplete.
make[2]: Warning: File 'CMakeFiles/darknet_ros_msgs__rosidl_typesupport_fastrtps_c.dir/depend.make' has modification time 0.19 s in the future
make[2]: warning:  Clock skew detected.  Your build may be incomplete.
make[2]: Warning: File 'CMakeFiles/darknet_ros_msgs__rosidl_typesupport_fastrtps_c.dir/depend.make' has modification time 0.16 s in the future
make[2]: warning:  Clock skew detected.  Your build may be incomplete.
make[2]: Warning: File '/home/jetson/ros2_ws/src/darknet_ros_yolov4/darknet_ros/darknet_ros_msgs/msg/BoundingBox.msg' has modification time 1829845 s in the future
make[2]: warning:  Clock skew detected.  Your build may be incomplete.
make[2]: Warning: File 'rosidl_generator_py/darknet_ros_msgs/_darknet_ros_msgs_s.ep.rosidl_typesupport_fastrtps_c.c' has modification time 7.9 s in the future
make[2]: warning:  Clock skew detected.  Your build may be incomplete.
make[2]: Warning: File 'CMakeFiles/darknet_ros_msgs__python.dir/depend.make' has modification time 8891393 s in the future
make[2]: warning:  Clock skew detected.  Your build may be incomplete.
make[2]: Warning: File 'CMakeFiles/darknet_ros_msgs__python.dir/depend.make' has modification time 8891393 s in the future
make[2]: warning:  Clock skew detected.  Your build may be incomplete.
make[2]: Warning: File 'CMakeFiles/darknet_ros_msgs__rosidl_typesupport_c__pyext.dir/depend.make' has modification time 8891396 s in the future
make[2]: Warning: File 'CMakeFiles/darknet_ros_msgs__rosidl_typesupport_introspection_c__pyext.dir/depend.make' has modification time 8891396 s in the future
make[2]: Warning: File 'CMakeFiles/darknet_ros_msgs__rosidl_typesupport_fastrtps_c__pyext.dir/depend.make' has modification time 8891396 s in the future
make[2]: warning:  Clock skew detected.  Your build may be incomplete.
make[2]: Warning: File 'CMakeFiles/darknet_ros_msgs__rosidl_typesupport_c__pyext.dir/depend.make' has modification time 8891396 s in the future
make[2]: warning:  Clock skew detected.  Your build may be incomplete.
make[2]: warning:  Clock skew detected.  Your build may be incomplete.
make[2]: warning:  Clock skew detected.  Your build may be incomplete.
make[2]: Warning: File 'CMakeFiles/darknet_ros_msgs__rosidl_typesupport_introspection_c__pyext.dir/depend.make' has modification time 8891396 s in the future
make[2]: Warning: File 'CMakeFiles/darknet_ros_msgs__rosidl_typesupport_fastrtps_c__pyext.dir/depend.make' has modification time 8891396 s in the future
make[2]: warning:  Clock skew detected.  Your build may be incomplete.
make[2]: warning:  Clock skew detected.  Your build may be incomplete.
