[15.780s] Invoking command in '/home/jetson/ros2_ws/build/yolo_den': PYTHONPATH=/home/jetson/ros2_ws/install/yolo_den/lib/python3.8/site-packages:${PYTHONPATH} /usr/bin/python3 setup.py develop --prefix /home/jetson/ros2_ws/install/yolo_den --editable --build-directory /home/jetson/ros2_ws/build/yolo_den/build --no-deps install_data --install-dir /home/jetson/ros2_ws/install/yolo_den
[17.351s] /usr/local/lib/python3.8/dist-packages/setuptools/dist.py:772: UserWarning: Usage of dash-separated 'script-dir' will not be supported in future versions. Please use the underscore name 'script_dir' instead
[17.352s]   warnings.warn(
[17.353s] /usr/local/lib/python3.8/dist-packages/setuptools/dist.py:772: UserWarning: Usage of dash-separated 'install-scripts' will not be supported in future versions. Please use the underscore name 'install_scripts' instead
[17.354s]   warnings.warn(
[21.022s] running develop
[21.023s] /usr/local/lib/python3.8/dist-packages/setuptools/command/easy_install.py:144: EasyInstallDeprecationWarning: easy_install command is deprecated. Use build and pip and other standards-based tools.
[21.023s]   warnings.warn(
[21.854s] /usr/local/lib/python3.8/dist-packages/setuptools/command/install.py:34: SetuptoolsDeprecationWarning: setup.py install is deprecated. Use build and pip and other standards-based tools.
[21.855s]   warnings.warn(
[23.509s] /usr/local/lib/python3.8/dist-packages/pkg_resources/__init__.py:123: PkgResourcesDeprecationWarning: 0.1.36ubuntu1 is an invalid version and will not be supported in a future release
[23.509s]   warnings.warn(
[23.510s] /usr/local/lib/python3.8/dist-packages/pkg_resources/__init__.py:123: PkgResourcesDeprecationWarning: 0.23ubuntu1 is an invalid version and will not be supported in a future release
[23.511s]   warnings.warn(
[24.052s] running egg_info
[24.432s] writing yolo_den.egg-info/PKG-INFO
[24.747s] writing dependency_links to yolo_den.egg-info/dependency_links.txt
[25.801s] writing entry points to yolo_den.egg-info/entry_points.txt
[26.504s] writing requirements to yolo_den.egg-info/requires.txt
[26.864s] writing top-level names to yolo_den.egg-info/top_level.txt
[27.399s] reading manifest file 'yolo_den.egg-info/SOURCES.txt'
[27.404s] writing manifest file 'yolo_den.egg-info/SOURCES.txt'
[28.080s] running build_ext
[28.081s] Creating /home/jetson/ros2_ws/install/yolo_den/lib/python3.8/site-packages/yolo-den.egg-link (link to .)
[28.084s] Installing ysub2 script to /home/jetson/ros2_ws/install/yolo_den/lib/yolo_den
[28.086s] 
[28.087s] Installed /home/jetson/ros2_ws/build/yolo_den
[28.088s] running install_data
[28.372s] Invoked command in '/home/jetson/ros2_ws/build/yolo_den' returned '0': PYTHONPATH=/home/jetson/ros2_ws/install/yolo_den/lib/python3.8/site-packages:${PYTHONPATH} /usr/bin/python3 setup.py develop --prefix /home/jetson/ros2_ws/install/yolo_den --editable --build-directory /home/jetson/ros2_ws/build/yolo_den/build --no-deps install_data --install-dir /home/jetson/ros2_ws/install/yolo_den
