[12.272s] Invoking command in '/home/jetson/ros2_ws/build/humancount': AMENT_PREFIX_PATH=/home/jetson/ros2_ws/install/darknet_ros_msgs:${AMENT_PREFIX_PATH} CMAKE_PREFIX_PATH=/home/jetson/ros2_ws/install/darknet_ros_msgs LD_LIBRARY_PATH=/home/jetson/ros2_ws/install/darknet_ros_msgs/lib:${LD_LIBRARY_PATH} PYTHONPATH=/home/jetson/ros2_ws/install/humancount/lib/python3.8/site-packages:/home/jetson/ros2_ws/install/darknet_ros_msgs/lib/python3.8/site-packages:${PYTHONPATH} /usr/bin/python3 setup.py develop --prefix /home/jetson/ros2_ws/install/humancount --editable --build-directory /home/jetson/ros2_ws/build/humancount/build --no-deps install_data --install-dir /home/jetson/ros2_ws/install/humancount
[13.708s] /usr/local/lib/python3.8/dist-packages/setuptools/dist.py:772: UserWarning: Usage of dash-separated 'script-dir' will not be supported in future versions. Please use the underscore name 'script_dir' instead
[13.709s]   warnings.warn(
[13.710s] /usr/local/lib/python3.8/dist-packages/setuptools/dist.py:772: UserWarning: Usage of dash-separated 'install-scripts' will not be supported in future versions. Please use the underscore name 'install_scripts' instead
[13.710s]   warnings.warn(
[17.157s] running develop
[17.157s] /usr/local/lib/python3.8/dist-packages/setuptools/command/easy_install.py:144: EasyInstallDeprecationWarning: easy_install command is deprecated. Use build and pip and other standards-based tools.
[17.158s]   warnings.warn(
[17.953s] /usr/local/lib/python3.8/dist-packages/setuptools/command/install.py:34: SetuptoolsDeprecationWarning: setup.py install is deprecated. Use build and pip and other standards-based tools.
[17.953s]   warnings.warn(
[19.493s] /usr/local/lib/python3.8/dist-packages/pkg_resources/__init__.py:123: PkgResourcesDeprecationWarning: 0.1.36ubuntu1 is an invalid version and will not be supported in a future release
[19.494s]   warnings.warn(
[19.495s] /usr/local/lib/python3.8/dist-packages/pkg_resources/__init__.py:123: PkgResourcesDeprecationWarning: 0.23ubuntu1 is an invalid version and will not be supported in a future release
[19.495s]   warnings.warn(
[20.023s] running egg_info
[20.407s] writing humancount.egg-info/PKG-INFO
[20.723s] writing dependency_links to humancount.egg-info/dependency_links.txt
[21.750s] writing entry points to humancount.egg-info/entry_points.txt
[22.354s] writing requirements to humancount.egg-info/requires.txt
[22.663s] writing top-level names to humancount.egg-info/top_level.txt
[23.122s] reading manifest file 'humancount.egg-info/SOURCES.txt'
[23.126s] writing manifest file 'humancount.egg-info/SOURCES.txt'
[23.729s] running build_ext
[23.729s] Creating /home/jetson/ros2_ws/install/humancount/lib/python3.8/site-packages/humancount.egg-link (link to .)
[23.733s] Installing hum script to /home/jetson/ros2_ws/install/humancount/lib/humancount
[23.733s] 
[23.734s] Installed /home/jetson/ros2_ws/build/humancount
[23.734s] running install_data
[23.991s] Invoked command in '/home/jetson/ros2_ws/build/humancount' returned '0': AMENT_PREFIX_PATH=/home/jetson/ros2_ws/install/darknet_ros_msgs:${AMENT_PREFIX_PATH} CMAKE_PREFIX_PATH=/home/jetson/ros2_ws/install/darknet_ros_msgs LD_LIBRARY_PATH=/home/jetson/ros2_ws/install/darknet_ros_msgs/lib:${LD_LIBRARY_PATH} PYTHONPATH=/home/jetson/ros2_ws/install/humancount/lib/python3.8/site-packages:/home/jetson/ros2_ws/install/darknet_ros_msgs/lib/python3.8/site-packages:${PYTHONPATH} /usr/bin/python3 setup.py develop --prefix /home/jetson/ros2_ws/install/humancount --editable --build-directory /home/jetson/ros2_ws/build/humancount/build --no-deps install_data --install-dir /home/jetson/ros2_ws/install/humancount
