[0.090s] Invoking command in '/home/jetson/ros2_ws/build/darknet_ros': CMAKE_PREFIX_PATH=/home/jetson/ros2_ws/install/darknet_ros_msgs:/home/jetson/ros2_ws/install/px4_ros_com:/home/jetson/ros2_ws/install/px4_msgs:/home/jetson/ros2_ws/install/darknet_ros:/home/jetson/ros2_ws/install/yolo_den:/home/jetson/ros2_ws/install/termal:/home/jetson/ros2_ws/install/count:/home/jetson/ros2_ws/install/cvdeneme:/opt/ros/foxy LD_LIBRARY_PATH=/home/jetson/ros2_ws/install/darknet_ros_msgs/lib:/home/jetson/ros2_ws/install/px4_ros_com/lib:/home/jetson/ros2_ws/install/px4_msgs/lib:/home/jetson/ros2_ws/install/darknet_ros/lib:/opt/ros/foxy/opt/yaml_cpp_vendor/lib:/opt/ros/foxy/opt/rviz_ogre_vendor/lib:/opt/ros/foxy/lib/aarch64-linux-gnu:/opt/ros/foxy/lib PYTHONPATH=/home/jetson/ros2_ws/install/darknet_ros_msgs/lib/python3.8/site-packages:/home/jetson/ros2_ws/install/yolo_den/lib/python3.8/site-packages:/home/jetson/ros2_ws/install/termal/lib/python3.8/site-packages:/home/jetson/ros2_ws/install/px4_msgs/lib/python3.8/site-packages:/home/jetson/ros2_ws/build/count:/home/jetson/ros2_ws/install/count/lib/python3.8/site-packages:/home/jetson/ros2_ws/install/cvdeneme/lib/python3.8/site-packages:/opt/ros/foxy/lib/python3.8/site-packages /usr/local/bin/cmake --build /home/jetson/ros2_ws/build/darknet_ros -- -j4 -l4
[0.137s] make: Warning: File 'Makefile' has modification time 27733 s in the future
[0.224s] -- Darknet path dir = /home/jetson/ros2_ws/src/darknet_ros_yolov4/darknet_ros/darknet
[0.345s] -- CUDA Version: 
[0.345s] -- CUDA Libararies: /usr/local/cuda/lib64/libcudart_static.a;Threads::Threads;dl;/usr/lib/aarch64-linux-gnu/librt.so
[0.351s] -- cuDNN Version: 
[0.352s] -- cuDNN Libararies: /usr/lib/aarch64-linux-gnu/libcudnn.so
[0.416s] --  GPU (FP16): 
[0.416s] -- Your setup does not support half precision (it requires CUDA_ARCHITECTURES >= 70)
[0.417s] -- Searching for X11...
[0.548s] --  X11_INCLUDE_DIR: /usr/include
[0.549s] --  X11_LIBRARIES: /usr/lib/aarch64-linux-gnu/libSM.so/usr/lib/aarch64-linux-gnu/libICE.so/usr/lib/aarch64-linux-gnu/libX11.so/usr/lib/aarch64-linux-gnu/libXext.so
[0.655s] -- Found ament_cmake: 0.9.9 (/opt/ros/foxy/share/ament_cmake/cmake)
[0.774s] -- Using PYTHON_EXECUTABLE: /usr/bin/python3
[2.129s] -- Override CMake install command with custom implementation using symlinks instead of copying resources
[2.200s] -- Found rclcpp: 2.4.1 (/opt/ros/foxy/share/rclcpp/cmake)
[2.367s] -- Using all available rosidl_typesupport_c: rosidl_typesupport_fastrtps_c;rosidl_typesupport_introspection_c
[2.383s] -- Found rosidl_adapter: 1.2.1 (/opt/ros/foxy/share/rosidl_adapter/cmake)
[2.998s] -- Using all available rosidl_typesupport_cpp: rosidl_typesupport_fastrtps_cpp;rosidl_typesupport_introspection_cpp
[3.283s] -- Found rmw_implementation_cmake: 1.0.3 (/opt/ros/foxy/share/rmw_implementation_cmake/cmake)
[3.297s] -- Using RMW implementation 'rmw_fastrtps_cpp' as default
[4.082s] -- Found rclpy: 1.0.8 (/opt/ros/foxy/share/rclpy/cmake)
[4.085s] -- Found rclcpp_action: 2.4.1 (/opt/ros/foxy/share/rclcpp_action/cmake)
[4.454s] -- Found image_transport: 2.3.0 (/opt/ros/foxy/share/image_transport/cmake)
[5.258s] -- Found cv_bridge: 2.2.1 (/opt/ros/foxy/share/cv_bridge/cmake)
[5.285s] -- Found darknet_ros_msgs: 1.1.5 (/home/jetson/ros2_ws/install/darknet_ros_msgs/share/darknet_ros_msgs/cmake)
[6.693s] -- Checking and downloading yolov4-tiny.weights if needed ...
[6.693s] -- Done.
[6.694s] -- Checking and downloading yolov4-csp.weights if needed ...
[6.694s] -- Done.
[7.068s] -- Configuring done
[7.651s] -- Generating done
[7.660s] -- Build files have been written to: /home/jetson/ros2_ws/build/darknet_ros
[7.815s] make[2]: Warning: File 'CMakeFiles/darknet_ros_lib.dir/depend.make' has modification time 8892170 s in the future
[7.901s] make[2]: warning:  Clock skew detected.  Your build may be incomplete.
[8.011s] make[2]: Warning: File 'CMakeFiles/darknet_ros_lib.dir/depend.make' has modification time 8892170 s in the future
[8.025s] make[2]: warning:  Clock skew detected.  Your build may be incomplete.
[8.044s] [ 97%] Built target darknet_ros_lib
[8.068s] make[2]: Warning: File 'CMakeFiles/darknet_ros.dir/depend.make' has modification time 8892325 s in the future
[8.092s] make[2]: warning:  Clock skew detected.  Your build may be incomplete.
[8.107s] make[2]: Warning: File 'CMakeFiles/darknet_ros.dir/depend.make' has modification time 8892325 s in the future
[8.111s] make[2]: warning:  Clock skew detected.  Your build may be incomplete.
[8.121s] [100%] Built target darknet_ros
[8.136s] make: warning:  Clock skew detected.  Your build may be incomplete.
[8.147s] Invoked command in '/home/jetson/ros2_ws/build/darknet_ros' returned '0': CMAKE_PREFIX_PATH=/home/jetson/ros2_ws/install/darknet_ros_msgs:/home/jetson/ros2_ws/install/px4_ros_com:/home/jetson/ros2_ws/install/px4_msgs:/home/jetson/ros2_ws/install/darknet_ros:/home/jetson/ros2_ws/install/yolo_den:/home/jetson/ros2_ws/install/termal:/home/jetson/ros2_ws/install/count:/home/jetson/ros2_ws/install/cvdeneme:/opt/ros/foxy LD_LIBRARY_PATH=/home/jetson/ros2_ws/install/darknet_ros_msgs/lib:/home/jetson/ros2_ws/install/px4_ros_com/lib:/home/jetson/ros2_ws/install/px4_msgs/lib:/home/jetson/ros2_ws/install/darknet_ros/lib:/opt/ros/foxy/opt/yaml_cpp_vendor/lib:/opt/ros/foxy/opt/rviz_ogre_vendor/lib:/opt/ros/foxy/lib/aarch64-linux-gnu:/opt/ros/foxy/lib PYTHONPATH=/home/jetson/ros2_ws/install/darknet_ros_msgs/lib/python3.8/site-packages:/home/jetson/ros2_ws/install/yolo_den/lib/python3.8/site-packages:/home/jetson/ros2_ws/install/termal/lib/python3.8/site-packages:/home/jetson/ros2_ws/install/px4_msgs/lib/python3.8/site-packages:/home/jetson/ros2_ws/build/count:/home/jetson/ros2_ws/install/count/lib/python3.8/site-packages:/home/jetson/ros2_ws/install/cvdeneme/lib/python3.8/site-packages:/opt/ros/foxy/lib/python3.8/site-packages /usr/local/bin/cmake --build /home/jetson/ros2_ws/build/darknet_ros -- -j4 -l4
[8.877s] Invoking command in '/home/jetson/ros2_ws/build/darknet_ros': CMAKE_PREFIX_PATH=/home/jetson/ros2_ws/install/darknet_ros_msgs:/home/jetson/ros2_ws/install/px4_ros_com:/home/jetson/ros2_ws/install/px4_msgs:/home/jetson/ros2_ws/install/darknet_ros:/home/jetson/ros2_ws/install/yolo_den:/home/jetson/ros2_ws/install/termal:/home/jetson/ros2_ws/install/count:/home/jetson/ros2_ws/install/cvdeneme:/opt/ros/foxy LD_LIBRARY_PATH=/home/jetson/ros2_ws/install/darknet_ros_msgs/lib:/home/jetson/ros2_ws/install/px4_ros_com/lib:/home/jetson/ros2_ws/install/px4_msgs/lib:/home/jetson/ros2_ws/install/darknet_ros/lib:/opt/ros/foxy/opt/yaml_cpp_vendor/lib:/opt/ros/foxy/opt/rviz_ogre_vendor/lib:/opt/ros/foxy/lib/aarch64-linux-gnu:/opt/ros/foxy/lib PYTHONPATH=/home/jetson/ros2_ws/install/darknet_ros_msgs/lib/python3.8/site-packages:/home/jetson/ros2_ws/install/yolo_den/lib/python3.8/site-packages:/home/jetson/ros2_ws/install/termal/lib/python3.8/site-packages:/home/jetson/ros2_ws/install/px4_msgs/lib/python3.8/site-packages:/home/jetson/ros2_ws/build/count:/home/jetson/ros2_ws/install/count/lib/python3.8/site-packages:/home/jetson/ros2_ws/install/cvdeneme/lib/python3.8/site-packages:/opt/ros/foxy/lib/python3.8/site-packages /usr/local/bin/cmake --install /home/jetson/ros2_ws/build/darknet_ros
[8.902s] -- Install configuration: "RELWITHDEBINFO"
[8.904s] -- Execute custom install script
[8.906s] -- Up-to-date symlink: /home/jetson/ros2_ws/install/darknet_ros/lib/libdarknet_ros_lib.a
[8.908s] -- Up-to-date symlink: /home/jetson/ros2_ws/install/darknet_ros/lib/darknet_ros/darknet_ros
[8.912s] -- Up-to-date symlink: /home/jetson/ros2_ws/install/darknet_ros/share/darknet_ros/yolo_network_config//cfg/yolov2-tiny.cfg
[8.913s] -- Up-to-date symlink: /home/jetson/ros2_ws/install/darknet_ros/share/darknet_ros/yolo_network_config//cfg/yolov3.cfg
[8.914s] -- Up-to-date symlink: /home/jetson/ros2_ws/install/darknet_ros/share/darknet_ros/yolo_network_config//cfg/yolov4-csp.cfg
[8.916s] -- Up-to-date symlink: /home/jetson/ros2_ws/install/darknet_ros/share/darknet_ros/yolo_network_config//cfg/yolov4-tiny-ex.cfg
[8.917s] -- Up-to-date symlink: /home/jetson/ros2_ws/install/darknet_ros/share/darknet_ros/yolo_network_config//cfg/yolov4-tiny.cfg
[8.919s] -- Up-to-date symlink: /home/jetson/ros2_ws/install/darknet_ros/share/darknet_ros/yolo_network_config//cfg/yolov4-tinyehe.cfg
[8.920s] -- Up-to-date symlink: /home/jetson/ros2_ws/install/darknet_ros/share/darknet_ros/yolo_network_config//cfg/yolov4-tinyexx.cfg
[8.921s] -- Up-to-date symlink: /home/jetson/ros2_ws/install/darknet_ros/share/darknet_ros/yolo_network_config//cfg/yolov4.cfg
[8.924s] -- Up-to-date symlink: /home/jetson/ros2_ws/install/darknet_ros/share/darknet_ros/yolo_network_config//weights/.gitignore
[8.926s] -- Up-to-date symlink: /home/jetson/ros2_ws/install/darknet_ros/share/darknet_ros/yolo_network_config//weights/how_to_download_weights.txt
[8.927s] -- Up-to-date symlink: /home/jetson/ros2_ws/install/darknet_ros/share/darknet_ros/yolo_network_config//weights/yolov4-csp.weights
[8.929s] -- Up-to-date symlink: /home/jetson/ros2_ws/install/darknet_ros/share/darknet_ros/yolo_network_config//weights/yolov4-tiny-ex.weights
[8.930s] -- Up-to-date symlink: /home/jetson/ros2_ws/install/darknet_ros/share/darknet_ros/yolo_network_config//weights/yolov4-tiny.exxweights
[8.931s] -- Up-to-date symlink: /home/jetson/ros2_ws/install/darknet_ros/share/darknet_ros/yolo_network_config//weights/yolov4-tiny.weights
[8.932s] -- Up-to-date symlink: /home/jetson/ros2_ws/install/darknet_ros/share/darknet_ros/yolo_network_config//weights/yolov4-tinyehe.weights
[8.942s] CMake Warning (dev) at ament_cmake_symlink_install/ament_cmake_symlink_install.cmake:62 (file):
[8.942s]   Policy CMP0009 is not set: FILE GLOB_RECURSE calls should not follow
[8.943s]   symlinks by default.  Run "cmake --help-policy CMP0009" for policy details.
[8.943s]   Use the cmake_policy command to set the policy and suppress this warning.
[8.944s] Call Stack (most recent call first):
[8.945s]   ament_cmake_symlink_install/ament_cmake_symlink_install.cmake:320 (ament_cmake_symlink_install_directory)
[8.945s]   cmake_install.cmake:46 (include)
[8.945s] This warning is for project developers.  Use -Wno-dev to suppress it.
[8.946s] 
[8.947s] -- Up-to-date symlink: /home/jetson/ros2_ws/install/darknet_ros/share/darknet_ros//launch/__pycache__/yolov4-tiny.launch.cpython-38.pyc
[8.948s] -- Up-to-date symlink: /home/jetson/ros2_ws/install/darknet_ros/share/darknet_ros//launch/build/.built_by
[8.950s] -- Up-to-date symlink: /home/jetson/ros2_ws/install/darknet_ros/share/darknet_ros//launch/build/COLCON_IGNORE
[8.951s] -- Up-to-date symlink: /home/jetson/ros2_ws/install/darknet_ros/share/darknet_ros//launch/darknet_ros.launch.py
[8.953s] -- Up-to-date symlink: /home/jetson/ros2_ws/install/darknet_ros/share/darknet_ros//launch/install/.colcon_install_layout
[8.954s] -- Up-to-date symlink: /home/jetson/ros2_ws/install/darknet_ros/share/darknet_ros//launch/install/COLCON_IGNORE
[8.956s] -- Up-to-date symlink: /home/jetson/ros2_ws/install/darknet_ros/share/darknet_ros//launch/install/_local_setup_util_ps1.py
[8.958s] -- Up-to-date symlink: /home/jetson/ros2_ws/install/darknet_ros/share/darknet_ros//launch/install/_local_setup_util_sh.py
[8.959s] -- Up-to-date symlink: /home/jetson/ros2_ws/install/darknet_ros/share/darknet_ros//launch/install/local_setup.bash
[8.960s] -- Up-to-date symlink: /home/jetson/ros2_ws/install/darknet_ros/share/darknet_ros//launch/install/local_setup.ps1
[8.962s] -- Up-to-date symlink: /home/jetson/ros2_ws/install/darknet_ros/share/darknet_ros//launch/install/local_setup.sh
[8.963s] -- Up-to-date symlink: /home/jetson/ros2_ws/install/darknet_ros/share/darknet_ros//launch/install/local_setup.zsh
[8.965s] -- Up-to-date symlink: /home/jetson/ros2_ws/install/darknet_ros/share/darknet_ros//launch/install/setup.bash
[8.967s] -- Up-to-date symlink: /home/jetson/ros2_ws/install/darknet_ros/share/darknet_ros//launch/install/setup.ps1
[8.968s] -- Up-to-date symlink: /home/jetson/ros2_ws/install/darknet_ros/share/darknet_ros//launch/install/setup.sh
[8.970s] -- Up-to-date symlink: /home/jetson/ros2_ws/install/darknet_ros/share/darknet_ros//launch/install/setup.zsh
[8.972s] -- Up-to-date symlink: /home/jetson/ros2_ws/install/darknet_ros/share/darknet_ros//launch/log/COLCON_IGNORE
[8.974s] -- Up-to-date symlink: /home/jetson/ros2_ws/install/darknet_ros/share/darknet_ros//launch/log/build_2022-06-14_21-13-13/events.log
[8.976s] -- Up-to-date symlink: /home/jetson/ros2_ws/install/darknet_ros/share/darknet_ros//launch/log/build_2022-06-14_21-13-13/logger_all.log
[8.977s] -- Up-to-date symlink: /home/jetson/ros2_ws/install/darknet_ros/share/darknet_ros//launch/log/build_2022-06-14_21-13-27/events.log
[8.980s] -- Up-to-date symlink: /home/jetson/ros2_ws/install/darknet_ros/share/darknet_ros//launch/log/build_2022-06-14_21-13-27/logger_all.log
[8.981s] -- Up-to-date symlink: /home/jetson/ros2_ws/install/darknet_ros/share/darknet_ros//launch/log/latest/events.log
[8.987s] -- Up-to-date symlink: /home/jetson/ros2_ws/install/darknet_ros/share/darknet_ros//launch/log/latest/logger_all.log
[8.989s] -- Up-to-date symlink: /home/jetson/ros2_ws/install/darknet_ros/share/darknet_ros//launch/log/latest_build/events.log
[8.989s] -- Up-to-date symlink: /home/jetson/ros2_ws/install/darknet_ros/share/darknet_ros//launch/log/latest_build/logger_all.log
[8.991s] -- Up-to-date symlink: /home/jetson/ros2_ws/install/darknet_ros/share/darknet_ros//launch/yolov4-csp.launch.py
[8.992s] -- Up-to-date symlink: /home/jetson/ros2_ws/install/darknet_ros/share/darknet_ros//launch/yolov4-tiny.launch.py
[8.994s] -- Up-to-date symlink: /home/jetson/ros2_ws/install/darknet_ros/share/darknet_ros//config/ros.yaml
[8.996s] -- Up-to-date symlink: /home/jetson/ros2_ws/install/darknet_ros/share/darknet_ros//config/yolov2-tiny.yaml
[8.997s] -- Up-to-date symlink: /home/jetson/ros2_ws/install/darknet_ros/share/darknet_ros//config/yolov3.yaml
[8.998s] -- Up-to-date symlink: /home/jetson/ros2_ws/install/darknet_ros/share/darknet_ros//config/yolov4-csp.yaml
[9.000s] -- Up-to-date symlink: /home/jetson/ros2_ws/install/darknet_ros/share/darknet_ros//config/yolov4-tiny.yaml
[9.001s] -- Up-to-date symlink: /home/jetson/ros2_ws/install/darknet_ros/share/darknet_ros//config/yolov4.yaml
[9.003s] -- Up-to-date symlink: /home/jetson/ros2_ws/install/darknet_ros/share/darknet_ros/environment/library_path.sh
[9.004s] -- Up-to-date symlink: /home/jetson/ros2_ws/install/darknet_ros/share/darknet_ros/environment/library_path.dsv
[9.005s] -- Up-to-date symlink: /home/jetson/ros2_ws/install/darknet_ros/share/ament_index/resource_index/package_run_dependencies/darknet_ros
[9.008s] -- Up-to-date symlink: /home/jetson/ros2_ws/install/darknet_ros/share/ament_index/resource_index/parent_prefix_path/darknet_ros
[9.010s] -- Up-to-date symlink: /home/jetson/ros2_ws/install/darknet_ros/share/darknet_ros/environment/ament_prefix_path.sh
[9.011s] -- Up-to-date symlink: /home/jetson/ros2_ws/install/darknet_ros/share/darknet_ros/environment/ament_prefix_path.dsv
[9.013s] -- Up-to-date symlink: /home/jetson/ros2_ws/install/darknet_ros/share/darknet_ros/environment/path.sh
[9.014s] -- Up-to-date symlink: /home/jetson/ros2_ws/install/darknet_ros/share/darknet_ros/environment/path.dsv
[9.017s] -- Up-to-date symlink: /home/jetson/ros2_ws/install/darknet_ros/share/darknet_ros/local_setup.bash
[9.018s] -- Up-to-date symlink: /home/jetson/ros2_ws/install/darknet_ros/share/darknet_ros/local_setup.sh
[9.020s] -- Up-to-date symlink: /home/jetson/ros2_ws/install/darknet_ros/share/darknet_ros/local_setup.zsh
[9.021s] -- Up-to-date symlink: /home/jetson/ros2_ws/install/darknet_ros/share/darknet_ros/local_setup.dsv
[9.023s] -- Symlinking: /home/jetson/ros2_ws/install/darknet_ros/share/darknet_ros/package.dsv
[9.036s] -- Up-to-date symlink: /home/jetson/ros2_ws/install/darknet_ros/share/ament_index/resource_index/packages/darknet_ros
[9.038s] -- Up-to-date symlink: /home/jetson/ros2_ws/install/darknet_ros/share/darknet_ros/cmake/ament_cmake_export_include_directories-extras.cmake
[9.041s] -- Up-to-date symlink: /home/jetson/ros2_ws/install/darknet_ros/share/darknet_ros/cmake/ament_cmake_export_libraries-extras.cmake
[9.042s] -- Up-to-date symlink: /home/jetson/ros2_ws/install/darknet_ros/share/darknet_ros/cmake/ament_cmake_export_dependencies-extras.cmake
[9.044s] -- Up-to-date symlink: /home/jetson/ros2_ws/install/darknet_ros/share/darknet_ros/cmake/darknet_rosConfig.cmake
[9.045s] -- Up-to-date symlink: /home/jetson/ros2_ws/install/darknet_ros/share/darknet_ros/cmake/darknet_rosConfig-version.cmake
[9.047s] -- Up-to-date symlink: /home/jetson/ros2_ws/install/darknet_ros/share/darknet_ros/package.xml
[9.048s] -- Up-to-date: /home/jetson/ros2_ws/install/darknet_ros/include/
[9.049s] -- Up-to-date: /home/jetson/ros2_ws/install/darknet_ros/include//darknet_ros
[9.073s] Invoked command in '/home/jetson/ros2_ws/build/darknet_ros' returned '0': CMAKE_PREFIX_PATH=/home/jetson/ros2_ws/install/darknet_ros_msgs:/home/jetson/ros2_ws/install/px4_ros_com:/home/jetson/ros2_ws/install/px4_msgs:/home/jetson/ros2_ws/install/darknet_ros:/home/jetson/ros2_ws/install/yolo_den:/home/jetson/ros2_ws/install/termal:/home/jetson/ros2_ws/install/count:/home/jetson/ros2_ws/install/cvdeneme:/opt/ros/foxy LD_LIBRARY_PATH=/home/jetson/ros2_ws/install/darknet_ros_msgs/lib:/home/jetson/ros2_ws/install/px4_ros_com/lib:/home/jetson/ros2_ws/install/px4_msgs/lib:/home/jetson/ros2_ws/install/darknet_ros/lib:/opt/ros/foxy/opt/yaml_cpp_vendor/lib:/opt/ros/foxy/opt/rviz_ogre_vendor/lib:/opt/ros/foxy/lib/aarch64-linux-gnu:/opt/ros/foxy/lib PYTHONPATH=/home/jetson/ros2_ws/install/darknet_ros_msgs/lib/python3.8/site-packages:/home/jetson/ros2_ws/install/yolo_den/lib/python3.8/site-packages:/home/jetson/ros2_ws/install/termal/lib/python3.8/site-packages:/home/jetson/ros2_ws/install/px4_msgs/lib/python3.8/site-packages:/home/jetson/ros2_ws/build/count:/home/jetson/ros2_ws/install/count/lib/python3.8/site-packages:/home/jetson/ros2_ws/install/cvdeneme/lib/python3.8/site-packages:/opt/ros/foxy/lib/python3.8/site-packages /usr/local/bin/cmake --install /home/jetson/ros2_ws/build/darknet_ros
