[11.622s] Invoking command in '/home/jetson/ros2_ws/build/count': AMENT_PREFIX_PATH=/home/jetson/ros2_ws/install/darknet_ros_msgs:${AMENT_PREFIX_PATH} CMAKE_PREFIX_PATH=/home/jetson/ros2_ws/install/darknet_ros_msgs LD_LIBRARY_PATH=/home/jetson/ros2_ws/install/darknet_ros_msgs/lib:${LD_LIBRARY_PATH} PYTHONPATH=/home/jetson/ros2_ws/install/count/lib/python3.8/site-packages:/home/jetson/ros2_ws/install/darknet_ros_msgs/lib/python3.8/site-packages:${PYTHONPATH} /usr/bin/python3 setup.py develop --prefix /home/jetson/ros2_ws/install/count --editable --build-directory /home/jetson/ros2_ws/build/count/build --no-deps install_data --install-dir /home/jetson/ros2_ws/install/count
[16.905s] running develop
[16.906s] /usr/local/lib/python3.8/dist-packages/setuptools/command/easy_install.py:144: EasyInstallDeprecationWarning: easy_install command is deprecated. Use build and pip and other standards-based tools.
[16.908s]   warnings.warn(
[17.778s] /usr/local/lib/python3.8/dist-packages/setuptools/command/install.py:34: SetuptoolsDeprecationWarning: setup.py install is deprecated. Use build and pip and other standards-based tools.
[17.779s]   warnings.warn(
[19.534s] /usr/local/lib/python3.8/dist-packages/pkg_resources/__init__.py:123: PkgResourcesDeprecationWarning: 0.1.36ubuntu1 is an invalid version and will not be supported in a future release
[19.535s]   warnings.warn(
[19.537s] /usr/local/lib/python3.8/dist-packages/pkg_resources/__init__.py:123: PkgResourcesDeprecationWarning: 0.23ubuntu1 is an invalid version and will not be supported in a future release
[19.537s]   warnings.warn(
[20.115s] running egg_info
[20.549s] writing count.egg-info/PKG-INFO
[20.877s] writing dependency_links to count.egg-info/dependency_links.txt
[21.890s] writing entry points to count.egg-info/entry_points.txt
[22.535s] writing requirements to count.egg-info/requires.txt
[22.855s] writing top-level names to count.egg-info/top_level.txt
[23.327s] reading manifest file 'count.egg-info/SOURCES.txt'
[23.332s] writing manifest file 'count.egg-info/SOURCES.txt'
[23.888s] running build_ext
[23.889s] Creating /home/jetson/ros2_ws/install/count/lib/python3.8/site-packages/count.egg-link (link to .)
[23.891s] Installing cou script to /home/jetson/ros2_ws/install/count/lib/count
[23.893s] 
[23.893s] Installed /home/jetson/ros2_ws/build/count
[23.893s] running install_data
[24.143s] Invoked command in '/home/jetson/ros2_ws/build/count' returned '0': AMENT_PREFIX_PATH=/home/jetson/ros2_ws/install/darknet_ros_msgs:${AMENT_PREFIX_PATH} CMAKE_PREFIX_PATH=/home/jetson/ros2_ws/install/darknet_ros_msgs LD_LIBRARY_PATH=/home/jetson/ros2_ws/install/darknet_ros_msgs/lib:${LD_LIBRARY_PATH} PYTHONPATH=/home/jetson/ros2_ws/install/count/lib/python3.8/site-packages:/home/jetson/ros2_ws/install/darknet_ros_msgs/lib/python3.8/site-packages:${PYTHONPATH} /usr/bin/python3 setup.py develop --prefix /home/jetson/ros2_ws/install/count --editable --build-directory /home/jetson/ros2_ws/build/count/build --no-deps install_data --install-dir /home/jetson/ros2_ws/install/count
