running develop
running egg_info
creating cvdeneme.egg-info
writing cvdeneme.egg-info/PKG-INFO
writing dependency_links to cvdeneme.egg-info/dependency_links.txt
writing entry points to cvdeneme.egg-info/entry_points.txt
writing requirements to cvdeneme.egg-info/requires.txt
writing top-level names to cvdeneme.egg-info/top_level.txt
writing manifest file 'cvdeneme.egg-info/SOURCES.txt'
reading manifest file 'cvdeneme.egg-info/SOURCES.txt'
writing manifest file 'cvdeneme.egg-info/SOURCES.txt'
running build_ext
Creating /home/jetson/ros2_ws/install/cvdeneme/lib/python3.8/site-packages/cvdeneme.egg-link (link to .)
Installing cvdnm2 script to /home/jetson/ros2_ws/install/cvdeneme/lib/cvdeneme

Installed /home/jetson/ros2_ws/build/cvdeneme
running install_data
creating /home/jetson/ros2_ws/install/cvdeneme/share/ament_index
creating /home/jetson/ros2_ws/install/cvdeneme/share/ament_index/resource_index
creating /home/jetson/ros2_ws/install/cvdeneme/share/ament_index/resource_index/packages
copying resource/cvdeneme -> /home/jetson/ros2_ws/install/cvdeneme/share/ament_index/resource_index/packages
copying package.xml -> /home/jetson/ros2_ws/install/cvdeneme/share/cvdeneme
