[15.953s] Invoking command in '/home/jetson/ros2_ws/build/cvdeneme': PYTHONPATH=/home/jetson/ros2_ws/install/cvdeneme/lib/python3.8/site-packages:${PYTHONPATH} /usr/bin/python3 setup.py develop --prefix /home/jetson/ros2_ws/install/cvdeneme --editable --build-directory /home/jetson/ros2_ws/build/cvdeneme/build --no-deps install_data --install-dir /home/jetson/ros2_ws/install/cvdeneme
[21.087s] running develop
[21.131s] /usr/local/lib/python3.8/dist-packages/setuptools/command/easy_install.py:144: EasyInstallDeprecationWarning: easy_install command is deprecated. Use build and pip and other standards-based tools.
[21.132s]   warnings.warn(
[21.973s] /usr/local/lib/python3.8/dist-packages/setuptools/command/install.py:34: SetuptoolsDeprecationWarning: setup.py install is deprecated. Use build and pip and other standards-based tools.
[21.973s]   warnings.warn(
[23.900s] /usr/local/lib/python3.8/dist-packages/pkg_resources/__init__.py:123: PkgResourcesDeprecationWarning: 0.1.36ubuntu1 is an invalid version and will not be supported in a future release
[23.900s]   warnings.warn(
[23.902s] /usr/local/lib/python3.8/dist-packages/pkg_resources/__init__.py:123: PkgResourcesDeprecationWarning: 0.23ubuntu1 is an invalid version and will not be supported in a future release
[23.903s]   warnings.warn(
[24.480s] running egg_info
[24.480s] creating cvdeneme.egg-info
[24.956s] writing cvdeneme.egg-info/PKG-INFO
[25.300s] writing dependency_links to cvdeneme.egg-info/dependency_links.txt
[26.513s] writing entry points to cvdeneme.egg-info/entry_points.txt
[27.277s] writing requirements to cvdeneme.egg-info/requires.txt
[27.644s] writing top-level names to cvdeneme.egg-info/top_level.txt
[27.663s] writing manifest file 'cvdeneme.egg-info/SOURCES.txt'
[28.500s] reading manifest file 'cvdeneme.egg-info/SOURCES.txt'
[28.503s] writing manifest file 'cvdeneme.egg-info/SOURCES.txt'
[29.586s] running build_ext
[29.586s] Creating /home/jetson/ros2_ws/install/cvdeneme/lib/python3.8/site-packages/cvdeneme.egg-link (link to .)
[29.601s] Installing cvdnm2 script to /home/jetson/ros2_ws/install/cvdeneme/lib/cvdeneme
[29.603s] 
[29.603s] Installed /home/jetson/ros2_ws/build/cvdeneme
[29.604s] running install_data
[29.604s] creating /home/jetson/ros2_ws/install/cvdeneme/share/ament_index
[29.605s] creating /home/jetson/ros2_ws/install/cvdeneme/share/ament_index/resource_index
[29.605s] creating /home/jetson/ros2_ws/install/cvdeneme/share/ament_index/resource_index/packages
[29.606s] copying resource/cvdeneme -> /home/jetson/ros2_ws/install/cvdeneme/share/ament_index/resource_index/packages
[29.607s] copying package.xml -> /home/jetson/ros2_ws/install/cvdeneme/share/cvdeneme
[30.170s] Invoked command in '/home/jetson/ros2_ws/build/cvdeneme' returned '0': PYTHONPATH=/home/jetson/ros2_ws/install/cvdeneme/lib/python3.8/site-packages:${PYTHONPATH} /usr/bin/python3 setup.py develop --prefix /home/jetson/ros2_ws/install/cvdeneme --editable --build-directory /home/jetson/ros2_ws/build/cvdeneme/build --no-deps install_data --install-dir /home/jetson/ros2_ws/install/cvdeneme
