[15.443s] Invoking command in '/home/jetson/ros2_ws/build/yolo_den': PYTHONPATH=/home/jetson/ros2_ws/install/yolo_den/lib/python3.8/site-packages:${PYTHONPATH} /usr/bin/python3 setup.py develop --prefix /home/jetson/ros2_ws/install/yolo_den --editable --build-directory /home/jetson/ros2_ws/build/yolo_den/build --no-deps install_data --install-dir /home/jetson/ros2_ws/install/yolo_den
[17.024s] /usr/local/lib/python3.8/dist-packages/setuptools/dist.py:772: UserWarning: Usage of dash-separated 'script-dir' will not be supported in future versions. Please use the underscore name 'script_dir' instead
[17.024s]   warnings.warn(
[17.026s] /usr/local/lib/python3.8/dist-packages/setuptools/dist.py:772: UserWarning: Usage of dash-separated 'install-scripts' will not be supported in future versions. Please use the underscore name 'install_scripts' instead
[17.027s]   warnings.warn(
[20.760s] running develop
[20.761s] /usr/local/lib/python3.8/dist-packages/setuptools/command/easy_install.py:144: EasyInstallDeprecationWarning: easy_install command is deprecated. Use build and pip and other standards-based tools.
[20.762s]   warnings.warn(
[21.623s] /usr/local/lib/python3.8/dist-packages/setuptools/command/install.py:34: SetuptoolsDeprecationWarning: setup.py install is deprecated. Use build and pip and other standards-based tools.
[21.624s]   warnings.warn(
[23.423s] /usr/local/lib/python3.8/dist-packages/pkg_resources/__init__.py:123: PkgResourcesDeprecationWarning: 0.1.36ubuntu1 is an invalid version and will not be supported in a future release
[23.423s]   warnings.warn(
[23.424s] /usr/local/lib/python3.8/dist-packages/pkg_resources/__init__.py:123: PkgResourcesDeprecationWarning: 0.23ubuntu1 is an invalid version and will not be supported in a future release
[23.424s]   warnings.warn(
[24.028s] running egg_info
[24.465s] writing yolo_den.egg-info/PKG-INFO
[24.823s] writing dependency_links to yolo_den.egg-info/dependency_links.txt
[26.021s] writing entry points to yolo_den.egg-info/entry_points.txt
[26.752s] writing requirements to yolo_den.egg-info/requires.txt
[27.124s] writing top-level names to yolo_den.egg-info/top_level.txt
[27.680s] reading manifest file 'yolo_den.egg-info/SOURCES.txt'
[27.683s] writing manifest file 'yolo_den.egg-info/SOURCES.txt'
[28.384s] running build_ext
[28.385s] Creating /home/jetson/ros2_ws/install/yolo_den/lib/python3.8/site-packages/yolo-den.egg-link (link to .)
[28.388s] Installing ysub2 script to /home/jetson/ros2_ws/install/yolo_den/lib/yolo_den
[28.389s] 
[28.390s] Installed /home/jetson/ros2_ws/build/yolo_den
[28.391s] running install_data
[28.668s] Invoked command in '/home/jetson/ros2_ws/build/yolo_den' returned '0': PYTHONPATH=/home/jetson/ros2_ws/install/yolo_den/lib/python3.8/site-packages:${PYTHONPATH} /usr/bin/python3 setup.py develop --prefix /home/jetson/ros2_ws/install/yolo_den --editable --build-directory /home/jetson/ros2_ws/build/yolo_den/build --no-deps install_data --install-dir /home/jetson/ros2_ws/install/yolo_den
