[2.244s] DEBUG:colcon:Command line arguments: ['/usr/bin/colcon', 'build', '--packages-select', 'counter', '--symlink-install']
[2.245s] DEBUG:colcon:Parsed command line arguments: Namespace(allow_overriding=[], ament_cmake_args=None, base_paths=['.'], build_base='build', catkin_cmake_args=None, catkin_skip_building_tests=False, cmake_args=None, cmake_clean_cache=False, cmake_clean_first=False, cmake_force_configure=False, cmake_target=None, cmake_target_skip_unavailable=False, continue_on_error=False, event_handlers=None, executor='parallel', ignore_user_meta=False, install_base='install', log_base=None, log_level=None, main=<bound method BuildVerb.main of <colcon_core.verb.build.BuildVerb object at 0x7f85e37ee0>>, merge_install=False, metas=['./colcon.meta'], packages_above=None, packages_above_and_dependencies=None, packages_above_depth=None, packages_end=None, packages_ignore=None, packages_ignore_regex=None, packages_select=['counter'], packages_select_build_failed=False, packages_select_by_dep=None, packages_select_regex=None, packages_select_test_failures=False, packages_skip=None, packages_skip_build_finished=False, packages_skip_by_dep=None, packages_skip_regex=None, packages_skip_test_passed=False, packages_skip_up_to=None, packages_start=None, packages_up_to=None, packages_up_to_regex=None, parallel_workers=4, paths=None, symlink_install=True, test_result_base=None, verb_extension=<colcon_core.verb.build.BuildVerb object at 0x7f85e37ee0>, verb_name='build', verb_parser=<colcon_defaults.argument_parser.defaults.DefaultArgumentsDecorator object at 0x7f85cb6d00>)
[2.578s] Level 1:colcon.colcon_core.package_discovery:discover_packages(colcon_meta) check parameters
[2.579s] Level 1:colcon.colcon_core.package_discovery:discover_packages(recursive) check parameters
[2.579s] Level 1:colcon.colcon_core.package_discovery:discover_packages(ignore) check parameters
[2.579s] Level 1:colcon.colcon_core.package_discovery:discover_packages(path) check parameters
[2.580s] Level 1:colcon.colcon_core.package_discovery:discover_packages(colcon_meta) discover
[2.580s] Level 1:colcon.colcon_core.package_discovery:discover_packages(recursive) discover
[2.580s] INFO:colcon.colcon_core.package_discovery:Crawling recursively for packages in '/home/jetson/ros2_ws'
[2.581s] Level 1:colcon.colcon_core.package_identification:_identify(.) by extensions ['ignore', 'ignore_ament_install']
[2.581s] Level 1:colcon.colcon_core.package_identification:_identify(.) by extension 'ignore'
[2.582s] Level 1:colcon.colcon_core.package_identification:_identify(.) by extension 'ignore_ament_install'
[2.582s] Level 1:colcon.colcon_core.package_identification:_identify(.) by extensions ['colcon_pkg']
[2.582s] Level 1:colcon.colcon_core.package_identification:_identify(.) by extension 'colcon_pkg'
[2.583s] Level 1:colcon.colcon_core.package_identification:_identify(.) by extensions ['colcon_meta']
[2.583s] Level 1:colcon.colcon_core.package_identification:_identify(.) by extension 'colcon_meta'
[2.583s] Level 1:colcon.colcon_core.package_identification:_identify(.) by extensions ['ros']
[2.583s] Level 1:colcon.colcon_core.package_identification:_identify(.) by extension 'ros'
[2.661s] Level 1:colcon.colcon_core.package_identification:_identify(.) by extensions ['cmake', 'python']
[2.661s] Level 1:colcon.colcon_core.package_identification:_identify(.) by extension 'cmake'
[2.661s] Level 1:colcon.colcon_core.package_identification:_identify(.) by extension 'python'
[2.662s] Level 1:colcon.colcon_core.package_identification:_identify(.) by extensions ['python_setup_py']
[2.662s] Level 1:colcon.colcon_core.package_identification:_identify(.) by extension 'python_setup_py'
[2.662s] Level 1:colcon.colcon_core.package_identification:_identify(build) by extensions ['ignore', 'ignore_ament_install']
[2.663s] Level 1:colcon.colcon_core.package_identification:_identify(build) by extension 'ignore'
[2.663s] Level 1:colcon.colcon_core.package_identification:_identify(build) ignored
[2.664s] Level 1:colcon.colcon_core.package_identification:_identify(install) by extensions ['ignore', 'ignore_ament_install']
[2.664s] Level 1:colcon.colcon_core.package_identification:_identify(install) by extension 'ignore'
[2.665s] Level 1:colcon.colcon_core.package_identification:_identify(install) ignored
[2.665s] Level 1:colcon.colcon_core.package_identification:_identify(log) by extensions ['ignore', 'ignore_ament_install']
[2.666s] Level 1:colcon.colcon_core.package_identification:_identify(log) by extension 'ignore'
[2.666s] Level 1:colcon.colcon_core.package_identification:_identify(log) ignored
[2.667s] Level 1:colcon.colcon_core.package_identification:_identify(src) by extensions ['ignore', 'ignore_ament_install']
[2.667s] Level 1:colcon.colcon_core.package_identification:_identify(src) by extension 'ignore'
[2.668s] Level 1:colcon.colcon_core.package_identification:_identify(src) by extension 'ignore_ament_install'
[2.668s] Level 1:colcon.colcon_core.package_identification:_identify(src) by extensions ['colcon_pkg']
[2.668s] Level 1:colcon.colcon_core.package_identification:_identify(src) by extension 'colcon_pkg'
[2.668s] Level 1:colcon.colcon_core.package_identification:_identify(src) by extensions ['colcon_meta']
[2.668s] Level 1:colcon.colcon_core.package_identification:_identify(src) by extension 'colcon_meta'
[2.669s] Level 1:colcon.colcon_core.package_identification:_identify(src) by extensions ['ros']
[2.669s] Level 1:colcon.colcon_core.package_identification:_identify(src) by extension 'ros'
[2.669s] Level 1:colcon.colcon_core.package_identification:_identify(src) by extensions ['cmake', 'python']
[2.669s] Level 1:colcon.colcon_core.package_identification:_identify(src) by extension 'cmake'
[2.670s] Level 1:colcon.colcon_core.package_identification:_identify(src) by extension 'python'
[2.670s] Level 1:colcon.colcon_core.package_identification:_identify(src) by extensions ['python_setup_py']
[2.670s] Level 1:colcon.colcon_core.package_identification:_identify(src) by extension 'python_setup_py'
[2.670s] Level 1:colcon.colcon_core.package_identification:_identify(src/build) by extensions ['ignore', 'ignore_ament_install']
[2.671s] Level 1:colcon.colcon_core.package_identification:_identify(src/build) by extension 'ignore'
[2.671s] Level 1:colcon.colcon_core.package_identification:_identify(src/build) ignored
[2.671s] Level 1:colcon.colcon_core.package_identification:_identify(src/count) by extensions ['ignore', 'ignore_ament_install']
[2.672s] Level 1:colcon.colcon_core.package_identification:_identify(src/count) by extension 'ignore'
[2.672s] Level 1:colcon.colcon_core.package_identification:_identify(src/count) by extension 'ignore_ament_install'
[2.672s] Level 1:colcon.colcon_core.package_identification:_identify(src/count) by extensions ['colcon_pkg']
[2.672s] Level 1:colcon.colcon_core.package_identification:_identify(src/count) by extension 'colcon_pkg'
[2.672s] Level 1:colcon.colcon_core.package_identification:_identify(src/count) by extensions ['colcon_meta']
[2.673s] Level 1:colcon.colcon_core.package_identification:_identify(src/count) by extension 'colcon_meta'
[2.673s] Level 1:colcon.colcon_core.package_identification:_identify(src/count) by extensions ['ros']
[2.673s] Level 1:colcon.colcon_core.package_identification:_identify(src/count) by extension 'ros'
[2.687s] DEBUG:colcon.colcon_core.package_identification:Package 'src/count' with type 'ros.ament_python' and name 'count'
[2.687s] Level 1:colcon.colcon_core.package_identification:_identify(src/cvdeneme) by extensions ['ignore', 'ignore_ament_install']
[2.688s] Level 1:colcon.colcon_core.package_identification:_identify(src/cvdeneme) by extension 'ignore'
[2.689s] Level 1:colcon.colcon_core.package_identification:_identify(src/cvdeneme) by extension 'ignore_ament_install'
[2.689s] Level 1:colcon.colcon_core.package_identification:_identify(src/cvdeneme) by extensions ['colcon_pkg']
[2.690s] Level 1:colcon.colcon_core.package_identification:_identify(src/cvdeneme) by extension 'colcon_pkg'
[2.690s] Level 1:colcon.colcon_core.package_identification:_identify(src/cvdeneme) by extensions ['colcon_meta']
[2.691s] Level 1:colcon.colcon_core.package_identification:_identify(src/cvdeneme) by extension 'colcon_meta'
[2.691s] Level 1:colcon.colcon_core.package_identification:_identify(src/cvdeneme) by extensions ['ros']
[2.691s] Level 1:colcon.colcon_core.package_identification:_identify(src/cvdeneme) by extension 'ros'
[2.698s] DEBUG:colcon.colcon_core.package_identification:Package 'src/cvdeneme' with type 'ros.ament_python' and name 'cvdeneme'
[2.699s] Level 1:colcon.colcon_core.package_identification:_identify(src/darknet_ros_yolov4) by extensions ['ignore', 'ignore_ament_install']
[2.699s] Level 1:colcon.colcon_core.package_identification:_identify(src/darknet_ros_yolov4) by extension 'ignore'
[2.700s] Level 1:colcon.colcon_core.package_identification:_identify(src/darknet_ros_yolov4) by extension 'ignore_ament_install'
[2.700s] Level 1:colcon.colcon_core.package_identification:_identify(src/darknet_ros_yolov4) by extensions ['colcon_pkg']
[2.700s] Level 1:colcon.colcon_core.package_identification:_identify(src/darknet_ros_yolov4) by extension 'colcon_pkg'
[2.701s] Level 1:colcon.colcon_core.package_identification:_identify(src/darknet_ros_yolov4) by extensions ['colcon_meta']
[2.701s] Level 1:colcon.colcon_core.package_identification:_identify(src/darknet_ros_yolov4) by extension 'colcon_meta'
[2.701s] Level 1:colcon.colcon_core.package_identification:_identify(src/darknet_ros_yolov4) by extensions ['ros']
[2.702s] Level 1:colcon.colcon_core.package_identification:_identify(src/darknet_ros_yolov4) by extension 'ros'
[2.702s] Level 1:colcon.colcon_core.package_identification:_identify(src/darknet_ros_yolov4) by extensions ['cmake', 'python']
[2.703s] Level 1:colcon.colcon_core.package_identification:_identify(src/darknet_ros_yolov4) by extension 'cmake'
[2.703s] Level 1:colcon.colcon_core.package_identification:_identify(src/darknet_ros_yolov4) by extension 'python'
[2.703s] Level 1:colcon.colcon_core.package_identification:_identify(src/darknet_ros_yolov4) by extensions ['python_setup_py']
[2.704s] Level 1:colcon.colcon_core.package_identification:_identify(src/darknet_ros_yolov4) by extension 'python_setup_py'
[2.705s] Level 1:colcon.colcon_core.package_identification:_identify(src/darknet_ros_yolov4/darknet_ros) by extensions ['ignore', 'ignore_ament_install']
[2.705s] Level 1:colcon.colcon_core.package_identification:_identify(src/darknet_ros_yolov4/darknet_ros) by extension 'ignore'
[2.706s] Level 1:colcon.colcon_core.package_identification:_identify(src/darknet_ros_yolov4/darknet_ros) by extension 'ignore_ament_install'
[2.706s] Level 1:colcon.colcon_core.package_identification:_identify(src/darknet_ros_yolov4/darknet_ros) by extensions ['colcon_pkg']
[2.707s] Level 1:colcon.colcon_core.package_identification:_identify(src/darknet_ros_yolov4/darknet_ros) by extension 'colcon_pkg'
[2.707s] Level 1:colcon.colcon_core.package_identification:_identify(src/darknet_ros_yolov4/darknet_ros) by extensions ['colcon_meta']
[2.708s] Level 1:colcon.colcon_core.package_identification:_identify(src/darknet_ros_yolov4/darknet_ros) by extension 'colcon_meta'
[2.708s] Level 1:colcon.colcon_core.package_identification:_identify(src/darknet_ros_yolov4/darknet_ros) by extensions ['ros']
[2.709s] Level 1:colcon.colcon_core.package_identification:_identify(src/darknet_ros_yolov4/darknet_ros) by extension 'ros'
[2.709s] Level 1:colcon.colcon_core.package_identification:_identify(src/darknet_ros_yolov4/darknet_ros) by extensions ['cmake', 'python']
[2.710s] Level 1:colcon.colcon_core.package_identification:_identify(src/darknet_ros_yolov4/darknet_ros) by extension 'cmake'
[2.710s] Level 1:colcon.colcon_core.package_identification:_identify(src/darknet_ros_yolov4/darknet_ros) by extension 'python'
[2.710s] Level 1:colcon.colcon_core.package_identification:_identify(src/darknet_ros_yolov4/darknet_ros) by extensions ['python_setup_py']
[2.710s] Level 1:colcon.colcon_core.package_identification:_identify(src/darknet_ros_yolov4/darknet_ros) by extension 'python_setup_py'
[2.711s] Level 1:colcon.colcon_core.package_identification:_identify(src/darknet_ros_yolov4/darknet_ros/darknet) by extensions ['ignore', 'ignore_ament_install']
[2.712s] Level 1:colcon.colcon_core.package_identification:_identify(src/darknet_ros_yolov4/darknet_ros/darknet) by extension 'ignore'
[2.713s] Level 1:colcon.colcon_core.package_identification:_identify(src/darknet_ros_yolov4/darknet_ros/darknet) by extension 'ignore_ament_install'
[2.713s] Level 1:colcon.colcon_core.package_identification:_identify(src/darknet_ros_yolov4/darknet_ros/darknet) by extensions ['colcon_pkg']
[2.714s] Level 1:colcon.colcon_core.package_identification:_identify(src/darknet_ros_yolov4/darknet_ros/darknet) by extension 'colcon_pkg'
[2.714s] Level 1:colcon.colcon_core.package_identification:_identify(src/darknet_ros_yolov4/darknet_ros/darknet) by extensions ['colcon_meta']
[2.714s] Level 1:colcon.colcon_core.package_identification:_identify(src/darknet_ros_yolov4/darknet_ros/darknet) by extension 'colcon_meta'
[2.715s] Level 1:colcon.colcon_core.package_identification:_identify(src/darknet_ros_yolov4/darknet_ros/darknet) by extensions ['ros']
[2.715s] Level 1:colcon.colcon_core.package_identification:_identify(src/darknet_ros_yolov4/darknet_ros/darknet) by extension 'ros'
[2.716s] Level 1:colcon.colcon_core.package_identification:_identify(src/darknet_ros_yolov4/darknet_ros/darknet) by extensions ['cmake', 'python']
[2.716s] Level 1:colcon.colcon_core.package_identification:_identify(src/darknet_ros_yolov4/darknet_ros/darknet) by extension 'cmake'
[2.716s] Level 1:colcon.colcon_core.package_identification:_identify(src/darknet_ros_yolov4/darknet_ros/darknet) by extension 'python'
[2.716s] Level 1:colcon.colcon_core.package_identification:_identify(src/darknet_ros_yolov4/darknet_ros/darknet) by extensions ['python_setup_py']
[2.716s] Level 1:colcon.colcon_core.package_identification:_identify(src/darknet_ros_yolov4/darknet_ros/darknet) by extension 'python_setup_py'
[2.717s] Level 1:colcon.colcon_core.package_identification:_identify(src/darknet_ros_yolov4/darknet_ros/darknet/3rdparty) by extensions ['ignore', 'ignore_ament_install']
[2.718s] Level 1:colcon.colcon_core.package_identification:_identify(src/darknet_ros_yolov4/darknet_ros/darknet/3rdparty) by extension 'ignore'
[2.718s] Level 1:colcon.colcon_core.package_identification:_identify(src/darknet_ros_yolov4/darknet_ros/darknet/3rdparty) by extension 'ignore_ament_install'
[2.719s] Level 1:colcon.colcon_core.package_identification:_identify(src/darknet_ros_yolov4/darknet_ros/darknet/3rdparty) by extensions ['colcon_pkg']
[2.719s] Level 1:colcon.colcon_core.package_identification:_identify(src/darknet_ros_yolov4/darknet_ros/darknet/3rdparty) by extension 'colcon_pkg'
[2.719s] Level 1:colcon.colcon_core.package_identification:_identify(src/darknet_ros_yolov4/darknet_ros/darknet/3rdparty) by extensions ['colcon_meta']
[2.720s] Level 1:colcon.colcon_core.package_identification:_identify(src/darknet_ros_yolov4/darknet_ros/darknet/3rdparty) by extension 'colcon_meta'
[2.720s] Level 1:colcon.colcon_core.package_identification:_identify(src/darknet_ros_yolov4/darknet_ros/darknet/3rdparty) by extensions ['ros']
[2.721s] Level 1:colcon.colcon_core.package_identification:_identify(src/darknet_ros_yolov4/darknet_ros/darknet/3rdparty) by extension 'ros'
[2.722s] Level 1:colcon.colcon_core.package_identification:_identify(src/darknet_ros_yolov4/darknet_ros/darknet/3rdparty) by extensions ['cmake', 'python']
[2.722s] Level 1:colcon.colcon_core.package_identification:_identify(src/darknet_ros_yolov4/darknet_ros/darknet/3rdparty) by extension 'cmake'
[2.722s] Level 1:colcon.colcon_core.package_identification:_identify(src/darknet_ros_yolov4/darknet_ros/darknet/3rdparty) by extension 'python'
[2.723s] Level 1:colcon.colcon_core.package_identification:_identify(src/darknet_ros_yolov4/darknet_ros/darknet/3rdparty) by extensions ['python_setup_py']
[2.723s] Level 1:colcon.colcon_core.package_identification:_identify(src/darknet_ros_yolov4/darknet_ros/darknet/3rdparty) by extension 'python_setup_py'
[2.723s] Level 1:colcon.colcon_core.package_identification:_identify(src/darknet_ros_yolov4/darknet_ros/darknet/3rdparty/pthreads) by extensions ['ignore', 'ignore_ament_install']
[2.724s] Level 1:colcon.colcon_core.package_identification:_identify(src/darknet_ros_yolov4/darknet_ros/darknet/3rdparty/pthreads) by extension 'ignore'
[2.724s] Level 1:colcon.colcon_core.package_identification:_identify(src/darknet_ros_yolov4/darknet_ros/darknet/3rdparty/pthreads) by extension 'ignore_ament_install'
[2.725s] Level 1:colcon.colcon_core.package_identification:_identify(src/darknet_ros_yolov4/darknet_ros/darknet/3rdparty/pthreads) by extensions ['colcon_pkg']
[2.725s] Level 1:colcon.colcon_core.package_identification:_identify(src/darknet_ros_yolov4/darknet_ros/darknet/3rdparty/pthreads) by extension 'colcon_pkg'
[2.725s] Level 1:colcon.colcon_core.package_identification:_identify(src/darknet_ros_yolov4/darknet_ros/darknet/3rdparty/pthreads) by extensions ['colcon_meta']
[2.725s] Level 1:colcon.colcon_core.package_identification:_identify(src/darknet_ros_yolov4/darknet_ros/darknet/3rdparty/pthreads) by extension 'colcon_meta'
[2.726s] Level 1:colcon.colcon_core.package_identification:_identify(src/darknet_ros_yolov4/darknet_ros/darknet/3rdparty/pthreads) by extensions ['ros']
[2.726s] Level 1:colcon.colcon_core.package_identification:_identify(src/darknet_ros_yolov4/darknet_ros/darknet/3rdparty/pthreads) by extension 'ros'
[2.726s] Level 1:colcon.colcon_core.package_identification:_identify(src/darknet_ros_yolov4/darknet_ros/darknet/3rdparty/pthreads) by extensions ['cmake', 'python']
[2.726s] Level 1:colcon.colcon_core.package_identification:_identify(src/darknet_ros_yolov4/darknet_ros/darknet/3rdparty/pthreads) by extension 'cmake'
[2.726s] Level 1:colcon.colcon_core.package_identification:_identify(src/darknet_ros_yolov4/darknet_ros/darknet/3rdparty/pthreads) by extension 'python'
[2.727s] Level 1:colcon.colcon_core.package_identification:_identify(src/darknet_ros_yolov4/darknet_ros/darknet/3rdparty/pthreads) by extensions ['python_setup_py']
[2.727s] Level 1:colcon.colcon_core.package_identification:_identify(src/darknet_ros_yolov4/darknet_ros/darknet/3rdparty/pthreads) by extension 'python_setup_py'
[2.727s] Level 1:colcon.colcon_core.package_identification:_identify(src/darknet_ros_yolov4/darknet_ros/darknet/3rdparty/pthreads/bin) by extensions ['ignore', 'ignore_ament_install']
[2.728s] Level 1:colcon.colcon_core.package_identification:_identify(src/darknet_ros_yolov4/darknet_ros/darknet/3rdparty/pthreads/bin) by extension 'ignore'
[2.728s] Level 1:colcon.colcon_core.package_identification:_identify(src/darknet_ros_yolov4/darknet_ros/darknet/3rdparty/pthreads/bin) by extension 'ignore_ament_install'
[2.728s] Level 1:colcon.colcon_core.package_identification:_identify(src/darknet_ros_yolov4/darknet_ros/darknet/3rdparty/pthreads/bin) by extensions ['colcon_pkg']
[2.728s] Level 1:colcon.colcon_core.package_identification:_identify(src/darknet_ros_yolov4/darknet_ros/darknet/3rdparty/pthreads/bin) by extension 'colcon_pkg'
[2.729s] Level 1:colcon.colcon_core.package_identification:_identify(src/darknet_ros_yolov4/darknet_ros/darknet/3rdparty/pthreads/bin) by extensions ['colcon_meta']
[2.729s] Level 1:colcon.colcon_core.package_identification:_identify(src/darknet_ros_yolov4/darknet_ros/darknet/3rdparty/pthreads/bin) by extension 'colcon_meta'
[2.729s] Level 1:colcon.colcon_core.package_identification:_identify(src/darknet_ros_yolov4/darknet_ros/darknet/3rdparty/pthreads/bin) by extensions ['ros']
[2.729s] Level 1:colcon.colcon_core.package_identification:_identify(src/darknet_ros_yolov4/darknet_ros/darknet/3rdparty/pthreads/bin) by extension 'ros'
[2.730s] Level 1:colcon.colcon_core.package_identification:_identify(src/darknet_ros_yolov4/darknet_ros/darknet/3rdparty/pthreads/bin) by extensions ['cmake', 'python']
[2.730s] Level 1:colcon.colcon_core.package_identification:_identify(src/darknet_ros_yolov4/darknet_ros/darknet/3rdparty/pthreads/bin) by extension 'cmake'
[2.730s] Level 1:colcon.colcon_core.package_identification:_identify(src/darknet_ros_yolov4/darknet_ros/darknet/3rdparty/pthreads/bin) by extension 'python'
[2.730s] Level 1:colcon.colcon_core.package_identification:_identify(src/darknet_ros_yolov4/darknet_ros/darknet/3rdparty/pthreads/bin) by extensions ['python_setup_py']
[2.730s] Level 1:colcon.colcon_core.package_identification:_identify(src/darknet_ros_yolov4/darknet_ros/darknet/3rdparty/pthreads/bin) by extension 'python_setup_py'
[2.731s] Level 1:colcon.colcon_core.package_identification:_identify(src/darknet_ros_yolov4/darknet_ros/darknet/3rdparty/pthreads/include) by extensions ['ignore', 'ignore_ament_install']
[2.731s] Level 1:colcon.colcon_core.package_identification:_identify(src/darknet_ros_yolov4/darknet_ros/darknet/3rdparty/pthreads/include) by extension 'ignore'
[2.732s] Level 1:colcon.colcon_core.package_identification:_identify(src/darknet_ros_yolov4/darknet_ros/darknet/3rdparty/pthreads/include) by extension 'ignore_ament_install'
[2.732s] Level 1:colcon.colcon_core.package_identification:_identify(src/darknet_ros_yolov4/darknet_ros/darknet/3rdparty/pthreads/include) by extensions ['colcon_pkg']
[2.732s] Level 1:colcon.colcon_core.package_identification:_identify(src/darknet_ros_yolov4/darknet_ros/darknet/3rdparty/pthreads/include) by extension 'colcon_pkg'
[2.732s] Level 1:colcon.colcon_core.package_identification:_identify(src/darknet_ros_yolov4/darknet_ros/darknet/3rdparty/pthreads/include) by extensions ['colcon_meta']
[2.732s] Level 1:colcon.colcon_core.package_identification:_identify(src/darknet_ros_yolov4/darknet_ros/darknet/3rdparty/pthreads/include) by extension 'colcon_meta'
[2.733s] Level 1:colcon.colcon_core.package_identification:_identify(src/darknet_ros_yolov4/darknet_ros/darknet/3rdparty/pthreads/include) by extensions ['ros']
[2.733s] Level 1:colcon.colcon_core.package_identification:_identify(src/darknet_ros_yolov4/darknet_ros/darknet/3rdparty/pthreads/include) by extension 'ros'
[2.733s] Level 1:colcon.colcon_core.package_identification:_identify(src/darknet_ros_yolov4/darknet_ros/darknet/3rdparty/pthreads/include) by extensions ['cmake', 'python']
[2.733s] Level 1:colcon.colcon_core.package_identification:_identify(src/darknet_ros_yolov4/darknet_ros/darknet/3rdparty/pthreads/include) by extension 'cmake'
[2.734s] Level 1:colcon.colcon_core.package_identification:_identify(src/darknet_ros_yolov4/darknet_ros/darknet/3rdparty/pthreads/include) by extension 'python'
[2.734s] Level 1:colcon.colcon_core.package_identification:_identify(src/darknet_ros_yolov4/darknet_ros/darknet/3rdparty/pthreads/include) by extensions ['python_setup_py']
[2.734s] Level 1:colcon.colcon_core.package_identification:_identify(src/darknet_ros_yolov4/darknet_ros/darknet/3rdparty/pthreads/include) by extension 'python_setup_py'
[2.734s] Level 1:colcon.colcon_core.package_identification:_identify(src/darknet_ros_yolov4/darknet_ros/darknet/3rdparty/pthreads/lib) by extensions ['ignore', 'ignore_ament_install']
[2.735s] Level 1:colcon.colcon_core.package_identification:_identify(src/darknet_ros_yolov4/darknet_ros/darknet/3rdparty/pthreads/lib) by extension 'ignore'
[2.735s] Level 1:colcon.colcon_core.package_identification:_identify(src/darknet_ros_yolov4/darknet_ros/darknet/3rdparty/pthreads/lib) by extension 'ignore_ament_install'
[2.735s] Level 1:colcon.colcon_core.package_identification:_identify(src/darknet_ros_yolov4/darknet_ros/darknet/3rdparty/pthreads/lib) by extensions ['colcon_pkg']
[2.735s] Level 1:colcon.colcon_core.package_identification:_identify(src/darknet_ros_yolov4/darknet_ros/darknet/3rdparty/pthreads/lib) by extension 'colcon_pkg'
[2.736s] Level 1:colcon.colcon_core.package_identification:_identify(src/darknet_ros_yolov4/darknet_ros/darknet/3rdparty/pthreads/lib) by extensions ['colcon_meta']
[2.736s] Level 1:colcon.colcon_core.package_identification:_identify(src/darknet_ros_yolov4/darknet_ros/darknet/3rdparty/pthreads/lib) by extension 'colcon_meta'
[2.736s] Level 1:colcon.colcon_core.package_identification:_identify(src/darknet_ros_yolov4/darknet_ros/darknet/3rdparty/pthreads/lib) by extensions ['ros']
[2.736s] Level 1:colcon.colcon_core.package_identification:_identify(src/darknet_ros_yolov4/darknet_ros/darknet/3rdparty/pthreads/lib) by extension 'ros'
[2.737s] Level 1:colcon.colcon_core.package_identification:_identify(src/darknet_ros_yolov4/darknet_ros/darknet/3rdparty/pthreads/lib) by extensions ['cmake', 'python']
[2.737s] Level 1:colcon.colcon_core.package_identification:_identify(src/darknet_ros_yolov4/darknet_ros/darknet/3rdparty/pthreads/lib) by extension 'cmake'
[2.737s] Level 1:colcon.colcon_core.package_identification:_identify(src/darknet_ros_yolov4/darknet_ros/darknet/3rdparty/pthreads/lib) by extension 'python'
[2.737s] Level 1:colcon.colcon_core.package_identification:_identify(src/darknet_ros_yolov4/darknet_ros/darknet/3rdparty/pthreads/lib) by extensions ['python_setup_py']
[2.737s] Level 1:colcon.colcon_core.package_identification:_identify(src/darknet_ros_yolov4/darknet_ros/darknet/3rdparty/pthreads/lib) by extension 'python_setup_py'
[2.738s] Level 1:colcon.colcon_core.package_identification:_identify(src/darknet_ros_yolov4/darknet_ros/darknet/3rdparty/stb) by extensions ['ignore', 'ignore_ament_install']
[2.738s] Level 1:colcon.colcon_core.package_identification:_identify(src/darknet_ros_yolov4/darknet_ros/darknet/3rdparty/stb) by extension 'ignore'
[2.738s] Level 1:colcon.colcon_core.package_identification:_identify(src/darknet_ros_yolov4/darknet_ros/darknet/3rdparty/stb) by extension 'ignore_ament_install'
[2.739s] Level 1:colcon.colcon_core.package_identification:_identify(src/darknet_ros_yolov4/darknet_ros/darknet/3rdparty/stb) by extensions ['colcon_pkg']
[2.739s] Level 1:colcon.colcon_core.package_identification:_identify(src/darknet_ros_yolov4/darknet_ros/darknet/3rdparty/stb) by extension 'colcon_pkg'
[2.739s] Level 1:colcon.colcon_core.package_identification:_identify(src/darknet_ros_yolov4/darknet_ros/darknet/3rdparty/stb) by extensions ['colcon_meta']
[2.739s] Level 1:colcon.colcon_core.package_identification:_identify(src/darknet_ros_yolov4/darknet_ros/darknet/3rdparty/stb) by extension 'colcon_meta'
[2.739s] Level 1:colcon.colcon_core.package_identification:_identify(src/darknet_ros_yolov4/darknet_ros/darknet/3rdparty/stb) by extensions ['ros']
[2.740s] Level 1:colcon.colcon_core.package_identification:_identify(src/darknet_ros_yolov4/darknet_ros/darknet/3rdparty/stb) by extension 'ros'
[2.740s] Level 1:colcon.colcon_core.package_identification:_identify(src/darknet_ros_yolov4/darknet_ros/darknet/3rdparty/stb) by extensions ['cmake', 'python']
[2.740s] Level 1:colcon.colcon_core.package_identification:_identify(src/darknet_ros_yolov4/darknet_ros/darknet/3rdparty/stb) by extension 'cmake'
[2.740s] Level 1:colcon.colcon_core.package_identification:_identify(src/darknet_ros_yolov4/darknet_ros/darknet/3rdparty/stb) by extension 'python'
[2.741s] Level 1:colcon.colcon_core.package_identification:_identify(src/darknet_ros_yolov4/darknet_ros/darknet/3rdparty/stb) by extensions ['python_setup_py']
[2.741s] Level 1:colcon.colcon_core.package_identification:_identify(src/darknet_ros_yolov4/darknet_ros/darknet/3rdparty/stb) by extension 'python_setup_py'
[2.741s] Level 1:colcon.colcon_core.package_identification:_identify(src/darknet_ros_yolov4/darknet_ros/darknet/3rdparty/stb/include) by extensions ['ignore', 'ignore_ament_install']
[2.742s] Level 1:colcon.colcon_core.package_identification:_identify(src/darknet_ros_yolov4/darknet_ros/darknet/3rdparty/stb/include) by extension 'ignore'
[2.742s] Level 1:colcon.colcon_core.package_identification:_identify(src/darknet_ros_yolov4/darknet_ros/darknet/3rdparty/stb/include) by extension 'ignore_ament_install'
[2.742s] Level 1:colcon.colcon_core.package_identification:_identify(src/darknet_ros_yolov4/darknet_ros/darknet/3rdparty/stb/include) by extensions ['colcon_pkg']
[2.743s] Level 1:colcon.colcon_core.package_identification:_identify(src/darknet_ros_yolov4/darknet_ros/darknet/3rdparty/stb/include) by extension 'colcon_pkg'
[2.743s] Level 1:colcon.colcon_core.package_identification:_identify(src/darknet_ros_yolov4/darknet_ros/darknet/3rdparty/stb/include) by extensions ['colcon_meta']
[2.743s] Level 1:colcon.colcon_core.package_identification:_identify(src/darknet_ros_yolov4/darknet_ros/darknet/3rdparty/stb/include) by extension 'colcon_meta'
[2.743s] Level 1:colcon.colcon_core.package_identification:_identify(src/darknet_ros_yolov4/darknet_ros/darknet/3rdparty/stb/include) by extensions ['ros']
[2.743s] Level 1:colcon.colcon_core.package_identification:_identify(src/darknet_ros_yolov4/darknet_ros/darknet/3rdparty/stb/include) by extension 'ros'
[2.744s] Level 1:colcon.colcon_core.package_identification:_identify(src/darknet_ros_yolov4/darknet_ros/darknet/3rdparty/stb/include) by extensions ['cmake', 'python']
[2.744s] Level 1:colcon.colcon_core.package_identification:_identify(src/darknet_ros_yolov4/darknet_ros/darknet/3rdparty/stb/include) by extension 'cmake'
[2.744s] Level 1:colcon.colcon_core.package_identification:_identify(src/darknet_ros_yolov4/darknet_ros/darknet/3rdparty/stb/include) by extension 'python'
[2.744s] Level 1:colcon.colcon_core.package_identification:_identify(src/darknet_ros_yolov4/darknet_ros/darknet/3rdparty/stb/include) by extensions ['python_setup_py']
[2.744s] Level 1:colcon.colcon_core.package_identification:_identify(src/darknet_ros_yolov4/darknet_ros/darknet/3rdparty/stb/include) by extension 'python_setup_py'
[2.745s] Level 1:colcon.colcon_core.package_identification:_identify(src/darknet_ros_yolov4/darknet_ros/darknet/build) by extensions ['ignore', 'ignore_ament_install']
[2.745s] Level 1:colcon.colcon_core.package_identification:_identify(src/darknet_ros_yolov4/darknet_ros/darknet/build) by extension 'ignore'
[2.746s] Level 1:colcon.colcon_core.package_identification:_identify(src/darknet_ros_yolov4/darknet_ros/darknet/build) by extension 'ignore_ament_install'
[2.746s] Level 1:colcon.colcon_core.package_identification:_identify(src/darknet_ros_yolov4/darknet_ros/darknet/build) by extensions ['colcon_pkg']
[2.746s] Level 1:colcon.colcon_core.package_identification:_identify(src/darknet_ros_yolov4/darknet_ros/darknet/build) by extension 'colcon_pkg'
[2.746s] Level 1:colcon.colcon_core.package_identification:_identify(src/darknet_ros_yolov4/darknet_ros/darknet/build) by extensions ['colcon_meta']
[2.746s] Level 1:colcon.colcon_core.package_identification:_identify(src/darknet_ros_yolov4/darknet_ros/darknet/build) by extension 'colcon_meta'
[2.747s] Level 1:colcon.colcon_core.package_identification:_identify(src/darknet_ros_yolov4/darknet_ros/darknet/build) by extensions ['ros']
[2.747s] Level 1:colcon.colcon_core.package_identification:_identify(src/darknet_ros_yolov4/darknet_ros/darknet/build) by extension 'ros'
[2.747s] Level 1:colcon.colcon_core.package_identification:_identify(src/darknet_ros_yolov4/darknet_ros/darknet/build) by extensions ['cmake', 'python']
[2.747s] Level 1:colcon.colcon_core.package_identification:_identify(src/darknet_ros_yolov4/darknet_ros/darknet/build) by extension 'cmake'
[2.748s] Level 1:colcon.colcon_core.package_identification:_identify(src/darknet_ros_yolov4/darknet_ros/darknet/build) by extension 'python'
[2.748s] Level 1:colcon.colcon_core.package_identification:_identify(src/darknet_ros_yolov4/darknet_ros/darknet/build) by extensions ['python_setup_py']
[2.748s] Level 1:colcon.colcon_core.package_identification:_identify(src/darknet_ros_yolov4/darknet_ros/darknet/build) by extension 'python_setup_py'
[2.749s] Level 1:colcon.colcon_core.package_identification:_identify(src/darknet_ros_yolov4/darknet_ros/darknet/build/darknet) by extensions ['ignore', 'ignore_ament_install']
[2.749s] Level 1:colcon.colcon_core.package_identification:_identify(src/darknet_ros_yolov4/darknet_ros/darknet/build/darknet) by extension 'ignore'
[2.750s] Level 1:colcon.colcon_core.package_identification:_identify(src/darknet_ros_yolov4/darknet_ros/darknet/build/darknet) by extension 'ignore_ament_install'
[2.750s] Level 1:colcon.colcon_core.package_identification:_identify(src/darknet_ros_yolov4/darknet_ros/darknet/build/darknet) by extensions ['colcon_pkg']
[2.750s] Level 1:colcon.colcon_core.package_identification:_identify(src/darknet_ros_yolov4/darknet_ros/darknet/build/darknet) by extension 'colcon_pkg'
[2.750s] Level 1:colcon.colcon_core.package_identification:_identify(src/darknet_ros_yolov4/darknet_ros/darknet/build/darknet) by extensions ['colcon_meta']
[2.751s] Level 1:colcon.colcon_core.package_identification:_identify(src/darknet_ros_yolov4/darknet_ros/darknet/build/darknet) by extension 'colcon_meta'
[2.752s] Level 1:colcon.colcon_core.package_identification:_identify(src/darknet_ros_yolov4/darknet_ros/darknet/build/darknet) by extensions ['ros']
[2.752s] Level 1:colcon.colcon_core.package_identification:_identify(src/darknet_ros_yolov4/darknet_ros/darknet/build/darknet) by extension 'ros'
[2.752s] Level 1:colcon.colcon_core.package_identification:_identify(src/darknet_ros_yolov4/darknet_ros/darknet/build/darknet) by extensions ['cmake', 'python']
[2.753s] Level 1:colcon.colcon_core.package_identification:_identify(src/darknet_ros_yolov4/darknet_ros/darknet/build/darknet) by extension 'cmake'
[2.753s] Level 1:colcon.colcon_core.package_identification:_identify(src/darknet_ros_yolov4/darknet_ros/darknet/build/darknet) by extension 'python'
[2.754s] Level 1:colcon.colcon_core.package_identification:_identify(src/darknet_ros_yolov4/darknet_ros/darknet/build/darknet) by extensions ['python_setup_py']
[2.754s] Level 1:colcon.colcon_core.package_identification:_identify(src/darknet_ros_yolov4/darknet_ros/darknet/build/darknet) by extension 'python_setup_py'
[2.755s] Level 1:colcon.colcon_core.package_identification:_identify(src/darknet_ros_yolov4/darknet_ros/darknet/build/darknet/x64) by extensions ['ignore', 'ignore_ament_install']
[2.756s] Level 1:colcon.colcon_core.package_identification:_identify(src/darknet_ros_yolov4/darknet_ros/darknet/build/darknet/x64) by extension 'ignore'
[2.756s] Level 1:colcon.colcon_core.package_identification:_identify(src/darknet_ros_yolov4/darknet_ros/darknet/build/darknet/x64) by extension 'ignore_ament_install'
[2.757s] Level 1:colcon.colcon_core.package_identification:_identify(src/darknet_ros_yolov4/darknet_ros/darknet/build/darknet/x64) by extensions ['colcon_pkg']
[2.757s] Level 1:colcon.colcon_core.package_identification:_identify(src/darknet_ros_yolov4/darknet_ros/darknet/build/darknet/x64) by extension 'colcon_pkg'
[2.757s] Level 1:colcon.colcon_core.package_identification:_identify(src/darknet_ros_yolov4/darknet_ros/darknet/build/darknet/x64) by extensions ['colcon_meta']
[2.757s] Level 1:colcon.colcon_core.package_identification:_identify(src/darknet_ros_yolov4/darknet_ros/darknet/build/darknet/x64) by extension 'colcon_meta'
[2.758s] Level 1:colcon.colcon_core.package_identification:_identify(src/darknet_ros_yolov4/darknet_ros/darknet/build/darknet/x64) by extensions ['ros']
[2.758s] Level 1:colcon.colcon_core.package_identification:_identify(src/darknet_ros_yolov4/darknet_ros/darknet/build/darknet/x64) by extension 'ros'
[2.758s] Level 1:colcon.colcon_core.package_identification:_identify(src/darknet_ros_yolov4/darknet_ros/darknet/build/darknet/x64) by extensions ['cmake', 'python']
[2.759s] Level 1:colcon.colcon_core.package_identification:_identify(src/darknet_ros_yolov4/darknet_ros/darknet/build/darknet/x64) by extension 'cmake'
[2.759s] Level 1:colcon.colcon_core.package_identification:_identify(src/darknet_ros_yolov4/darknet_ros/darknet/build/darknet/x64) by extension 'python'
[2.759s] Level 1:colcon.colcon_core.package_identification:_identify(src/darknet_ros_yolov4/darknet_ros/darknet/build/darknet/x64) by extensions ['python_setup_py']
[2.759s] Level 1:colcon.colcon_core.package_identification:_identify(src/darknet_ros_yolov4/darknet_ros/darknet/build/darknet/x64) by extension 'python_setup_py'
[2.760s] Level 1:colcon.colcon_core.package_identification:_identify(src/darknet_ros_yolov4/darknet_ros/darknet/build/darknet/x64/backup) by extensions ['ignore', 'ignore_ament_install']
[2.760s] Level 1:colcon.colcon_core.package_identification:_identify(src/darknet_ros_yolov4/darknet_ros/darknet/build/darknet/x64/backup) by extension 'ignore'
[2.761s] Level 1:colcon.colcon_core.package_identification:_identify(src/darknet_ros_yolov4/darknet_ros/darknet/build/darknet/x64/backup) by extension 'ignore_ament_install'
[2.761s] Level 1:colcon.colcon_core.package_identification:_identify(src/darknet_ros_yolov4/darknet_ros/darknet/build/darknet/x64/backup) by extensions ['colcon_pkg']
[2.761s] Level 1:colcon.colcon_core.package_identification:_identify(src/darknet_ros_yolov4/darknet_ros/darknet/build/darknet/x64/backup) by extension 'colcon_pkg'
[2.761s] Level 1:colcon.colcon_core.package_identification:_identify(src/darknet_ros_yolov4/darknet_ros/darknet/build/darknet/x64/backup) by extensions ['colcon_meta']
[2.762s] Level 1:colcon.colcon_core.package_identification:_identify(src/darknet_ros_yolov4/darknet_ros/darknet/build/darknet/x64/backup) by extension 'colcon_meta'
[2.762s] Level 1:colcon.colcon_core.package_identification:_identify(src/darknet_ros_yolov4/darknet_ros/darknet/build/darknet/x64/backup) by extensions ['ros']
[2.762s] Level 1:colcon.colcon_core.package_identification:_identify(src/darknet_ros_yolov4/darknet_ros/darknet/build/darknet/x64/backup) by extension 'ros'
[2.762s] Level 1:colcon.colcon_core.package_identification:_identify(src/darknet_ros_yolov4/darknet_ros/darknet/build/darknet/x64/backup) by extensions ['cmake', 'python']
[2.763s] Level 1:colcon.colcon_core.package_identification:_identify(src/darknet_ros_yolov4/darknet_ros/darknet/build/darknet/x64/backup) by extension 'cmake'
[2.763s] Level 1:colcon.colcon_core.package_identification:_identify(src/darknet_ros_yolov4/darknet_ros/darknet/build/darknet/x64/backup) by extension 'python'
[2.763s] Level 1:colcon.colcon_core.package_identification:_identify(src/darknet_ros_yolov4/darknet_ros/darknet/build/darknet/x64/backup) by extensions ['python_setup_py']
[2.763s] Level 1:colcon.colcon_core.package_identification:_identify(src/darknet_ros_yolov4/darknet_ros/darknet/build/darknet/x64/backup) by extension 'python_setup_py'
[2.764s] Level 1:colcon.colcon_core.package_identification:_identify(src/darknet_ros_yolov4/darknet_ros/darknet/build/darknet/x64/cfg) by extensions ['ignore', 'ignore_ament_install']
[2.765s] Level 1:colcon.colcon_core.package_identification:_identify(src/darknet_ros_yolov4/darknet_ros/darknet/build/darknet/x64/cfg) by extension 'ignore'
[2.765s] Level 1:colcon.colcon_core.package_identification:_identify(src/darknet_ros_yolov4/darknet_ros/darknet/build/darknet/x64/cfg) by extension 'ignore_ament_install'
[2.765s] Level 1:colcon.colcon_core.package_identification:_identify(src/darknet_ros_yolov4/darknet_ros/darknet/build/darknet/x64/cfg) by extensions ['colcon_pkg']
[2.765s] Level 1:colcon.colcon_core.package_identification:_identify(src/darknet_ros_yolov4/darknet_ros/darknet/build/darknet/x64/cfg) by extension 'colcon_pkg'
[2.765s] Level 1:colcon.colcon_core.package_identification:_identify(src/darknet_ros_yolov4/darknet_ros/darknet/build/darknet/x64/cfg) by extensions ['colcon_meta']
[2.765s] Level 1:colcon.colcon_core.package_identification:_identify(src/darknet_ros_yolov4/darknet_ros/darknet/build/darknet/x64/cfg) by extension 'colcon_meta'
[2.766s] Level 1:colcon.colcon_core.package_identification:_identify(src/darknet_ros_yolov4/darknet_ros/darknet/build/darknet/x64/cfg) by extensions ['ros']
[2.766s] Level 1:colcon.colcon_core.package_identification:_identify(src/darknet_ros_yolov4/darknet_ros/darknet/build/darknet/x64/cfg) by extension 'ros'
[2.766s] Level 1:colcon.colcon_core.package_identification:_identify(src/darknet_ros_yolov4/darknet_ros/darknet/build/darknet/x64/cfg) by extensions ['cmake', 'python']
[2.766s] Level 1:colcon.colcon_core.package_identification:_identify(src/darknet_ros_yolov4/darknet_ros/darknet/build/darknet/x64/cfg) by extension 'cmake'
[2.767s] Level 1:colcon.colcon_core.package_identification:_identify(src/darknet_ros_yolov4/darknet_ros/darknet/build/darknet/x64/cfg) by extension 'python'
[2.767s] Level 1:colcon.colcon_core.package_identification:_identify(src/darknet_ros_yolov4/darknet_ros/darknet/build/darknet/x64/cfg) by extensions ['python_setup_py']
[2.767s] Level 1:colcon.colcon_core.package_identification:_identify(src/darknet_ros_yolov4/darknet_ros/darknet/build/darknet/x64/cfg) by extension 'python_setup_py'
[2.768s] Level 1:colcon.colcon_core.package_identification:_identify(src/darknet_ros_yolov4/darknet_ros/darknet/build/darknet/x64/data) by extensions ['ignore', 'ignore_ament_install']
[2.768s] Level 1:colcon.colcon_core.package_identification:_identify(src/darknet_ros_yolov4/darknet_ros/darknet/build/darknet/x64/data) by extension 'ignore'
[2.768s] Level 1:colcon.colcon_core.package_identification:_identify(src/darknet_ros_yolov4/darknet_ros/darknet/build/darknet/x64/data) by extension 'ignore_ament_install'
[2.768s] Level 1:colcon.colcon_core.package_identification:_identify(src/darknet_ros_yolov4/darknet_ros/darknet/build/darknet/x64/data) by extensions ['colcon_pkg']
[2.769s] Level 1:colcon.colcon_core.package_identification:_identify(src/darknet_ros_yolov4/darknet_ros/darknet/build/darknet/x64/data) by extension 'colcon_pkg'
[2.769s] Level 1:colcon.colcon_core.package_identification:_identify(src/darknet_ros_yolov4/darknet_ros/darknet/build/darknet/x64/data) by extensions ['colcon_meta']
[2.769s] Level 1:colcon.colcon_core.package_identification:_identify(src/darknet_ros_yolov4/darknet_ros/darknet/build/darknet/x64/data) by extension 'colcon_meta'
[2.769s] Level 1:colcon.colcon_core.package_identification:_identify(src/darknet_ros_yolov4/darknet_ros/darknet/build/darknet/x64/data) by extensions ['ros']
[2.769s] Level 1:colcon.colcon_core.package_identification:_identify(src/darknet_ros_yolov4/darknet_ros/darknet/build/darknet/x64/data) by extension 'ros'
[2.770s] Level 1:colcon.colcon_core.package_identification:_identify(src/darknet_ros_yolov4/darknet_ros/darknet/build/darknet/x64/data) by extensions ['cmake', 'python']
[2.770s] Level 1:colcon.colcon_core.package_identification:_identify(src/darknet_ros_yolov4/darknet_ros/darknet/build/darknet/x64/data) by extension 'cmake'
[2.770s] Level 1:colcon.colcon_core.package_identification:_identify(src/darknet_ros_yolov4/darknet_ros/darknet/build/darknet/x64/data) by extension 'python'
[2.770s] Level 1:colcon.colcon_core.package_identification:_identify(src/darknet_ros_yolov4/darknet_ros/darknet/build/darknet/x64/data) by extensions ['python_setup_py']
[2.770s] Level 1:colcon.colcon_core.package_identification:_identify(src/darknet_ros_yolov4/darknet_ros/darknet/build/darknet/x64/data) by extension 'python_setup_py'
[2.775s] Level 1:colcon.colcon_core.package_identification:_identify(src/darknet_ros_yolov4/darknet_ros/darknet/build/darknet/x64/data/labels) by extensions ['ignore', 'ignore_ament_install']
[2.776s] Level 1:colcon.colcon_core.package_identification:_identify(src/darknet_ros_yolov4/darknet_ros/darknet/build/darknet/x64/data/labels) by extension 'ignore'
[2.776s] Level 1:colcon.colcon_core.package_identification:_identify(src/darknet_ros_yolov4/darknet_ros/darknet/build/darknet/x64/data/labels) by extension 'ignore_ament_install'
[2.776s] Level 1:colcon.colcon_core.package_identification:_identify(src/darknet_ros_yolov4/darknet_ros/darknet/build/darknet/x64/data/labels) by extensions ['colcon_pkg']
[2.776s] Level 1:colcon.colcon_core.package_identification:_identify(src/darknet_ros_yolov4/darknet_ros/darknet/build/darknet/x64/data/labels) by extension 'colcon_pkg'
[2.777s] Level 1:colcon.colcon_core.package_identification:_identify(src/darknet_ros_yolov4/darknet_ros/darknet/build/darknet/x64/data/labels) by extensions ['colcon_meta']
[2.777s] Level 1:colcon.colcon_core.package_identification:_identify(src/darknet_ros_yolov4/darknet_ros/darknet/build/darknet/x64/data/labels) by extension 'colcon_meta'
[2.777s] Level 1:colcon.colcon_core.package_identification:_identify(src/darknet_ros_yolov4/darknet_ros/darknet/build/darknet/x64/data/labels) by extensions ['ros']
[2.777s] Level 1:colcon.colcon_core.package_identification:_identify(src/darknet_ros_yolov4/darknet_ros/darknet/build/darknet/x64/data/labels) by extension 'ros'
[2.778s] Level 1:colcon.colcon_core.package_identification:_identify(src/darknet_ros_yolov4/darknet_ros/darknet/build/darknet/x64/data/labels) by extensions ['cmake', 'python']
[2.778s] Level 1:colcon.colcon_core.package_identification:_identify(src/darknet_ros_yolov4/darknet_ros/darknet/build/darknet/x64/data/labels) by extension 'cmake'
[2.778s] Level 1:colcon.colcon_core.package_identification:_identify(src/darknet_ros_yolov4/darknet_ros/darknet/build/darknet/x64/data/labels) by extension 'python'
[2.778s] Level 1:colcon.colcon_core.package_identification:_identify(src/darknet_ros_yolov4/darknet_ros/darknet/build/darknet/x64/data/labels) by extensions ['python_setup_py']
[2.778s] Level 1:colcon.colcon_core.package_identification:_identify(src/darknet_ros_yolov4/darknet_ros/darknet/build/darknet/x64/data/labels) by extension 'python_setup_py'
[2.779s] Level 1:colcon.colcon_core.package_identification:_identify(src/darknet_ros_yolov4/darknet_ros/darknet/build/darknet/x64/data/voc) by extensions ['ignore', 'ignore_ament_install']
[2.779s] Level 1:colcon.colcon_core.package_identification:_identify(src/darknet_ros_yolov4/darknet_ros/darknet/build/darknet/x64/data/voc) by extension 'ignore'
[2.780s] Level 1:colcon.colcon_core.package_identification:_identify(src/darknet_ros_yolov4/darknet_ros/darknet/build/darknet/x64/data/voc) by extension 'ignore_ament_install'
[2.780s] Level 1:colcon.colcon_core.package_identification:_identify(src/darknet_ros_yolov4/darknet_ros/darknet/build/darknet/x64/data/voc) by extensions ['colcon_pkg']
[2.780s] Level 1:colcon.colcon_core.package_identification:_identify(src/darknet_ros_yolov4/darknet_ros/darknet/build/darknet/x64/data/voc) by extension 'colcon_pkg'
[2.780s] Level 1:colcon.colcon_core.package_identification:_identify(src/darknet_ros_yolov4/darknet_ros/darknet/build/darknet/x64/data/voc) by extensions ['colcon_meta']
[2.780s] Level 1:colcon.colcon_core.package_identification:_identify(src/darknet_ros_yolov4/darknet_ros/darknet/build/darknet/x64/data/voc) by extension 'colcon_meta'
[2.781s] Level 1:colcon.colcon_core.package_identification:_identify(src/darknet_ros_yolov4/darknet_ros/darknet/build/darknet/x64/data/voc) by extensions ['ros']
[2.781s] Level 1:colcon.colcon_core.package_identification:_identify(src/darknet_ros_yolov4/darknet_ros/darknet/build/darknet/x64/data/voc) by extension 'ros'
[2.781s] Level 1:colcon.colcon_core.package_identification:_identify(src/darknet_ros_yolov4/darknet_ros/darknet/build/darknet/x64/data/voc) by extensions ['cmake', 'python']
[2.781s] Level 1:colcon.colcon_core.package_identification:_identify(src/darknet_ros_yolov4/darknet_ros/darknet/build/darknet/x64/data/voc) by extension 'cmake'
[2.782s] Level 1:colcon.colcon_core.package_identification:_identify(src/darknet_ros_yolov4/darknet_ros/darknet/build/darknet/x64/data/voc) by extension 'python'
[2.782s] Level 1:colcon.colcon_core.package_identification:_identify(src/darknet_ros_yolov4/darknet_ros/darknet/build/darknet/x64/data/voc) by extensions ['python_setup_py']
[2.782s] Level 1:colcon.colcon_core.package_identification:_identify(src/darknet_ros_yolov4/darknet_ros/darknet/build/darknet/x64/data/voc) by extension 'python_setup_py'
[2.782s] Level 1:colcon.colcon_core.package_identification:_identify(src/darknet_ros_yolov4/darknet_ros/darknet/build/darknet/x64/results) by extensions ['ignore', 'ignore_ament_install']
[2.783s] Level 1:colcon.colcon_core.package_identification:_identify(src/darknet_ros_yolov4/darknet_ros/darknet/build/darknet/x64/results) by extension 'ignore'
[2.783s] Level 1:colcon.colcon_core.package_identification:_identify(src/darknet_ros_yolov4/darknet_ros/darknet/build/darknet/x64/results) by extension 'ignore_ament_install'
[2.783s] Level 1:colcon.colcon_core.package_identification:_identify(src/darknet_ros_yolov4/darknet_ros/darknet/build/darknet/x64/results) by extensions ['colcon_pkg']
[2.783s] Level 1:colcon.colcon_core.package_identification:_identify(src/darknet_ros_yolov4/darknet_ros/darknet/build/darknet/x64/results) by extension 'colcon_pkg'
[2.784s] Level 1:colcon.colcon_core.package_identification:_identify(src/darknet_ros_yolov4/darknet_ros/darknet/build/darknet/x64/results) by extensions ['colcon_meta']
[2.784s] Level 1:colcon.colcon_core.package_identification:_identify(src/darknet_ros_yolov4/darknet_ros/darknet/build/darknet/x64/results) by extension 'colcon_meta'
[2.784s] Level 1:colcon.colcon_core.package_identification:_identify(src/darknet_ros_yolov4/darknet_ros/darknet/build/darknet/x64/results) by extensions ['ros']
[2.784s] Level 1:colcon.colcon_core.package_identification:_identify(src/darknet_ros_yolov4/darknet_ros/darknet/build/darknet/x64/results) by extension 'ros'
[2.785s] Level 1:colcon.colcon_core.package_identification:_identify(src/darknet_ros_yolov4/darknet_ros/darknet/build/darknet/x64/results) by extensions ['cmake', 'python']
[2.785s] Level 1:colcon.colcon_core.package_identification:_identify(src/darknet_ros_yolov4/darknet_ros/darknet/build/darknet/x64/results) by extension 'cmake'
[2.785s] Level 1:colcon.colcon_core.package_identification:_identify(src/darknet_ros_yolov4/darknet_ros/darknet/build/darknet/x64/results) by extension 'python'
[2.786s] Level 1:colcon.colcon_core.package_identification:_identify(src/darknet_ros_yolov4/darknet_ros/darknet/build/darknet/x64/results) by extensions ['python_setup_py']
[2.786s] Level 1:colcon.colcon_core.package_identification:_identify(src/darknet_ros_yolov4/darknet_ros/darknet/build/darknet/x64/results) by extension 'python_setup_py'
[2.787s] Level 1:colcon.colcon_core.package_identification:_identify(src/darknet_ros_yolov4/darknet_ros/darknet/cfg) by extensions ['ignore', 'ignore_ament_install']
[2.788s] Level 1:colcon.colcon_core.package_identification:_identify(src/darknet_ros_yolov4/darknet_ros/darknet/cfg) by extension 'ignore'
[2.788s] Level 1:colcon.colcon_core.package_identification:_identify(src/darknet_ros_yolov4/darknet_ros/darknet/cfg) by extension 'ignore_ament_install'
[2.788s] Level 1:colcon.colcon_core.package_identification:_identify(src/darknet_ros_yolov4/darknet_ros/darknet/cfg) by extensions ['colcon_pkg']
[2.789s] Level 1:colcon.colcon_core.package_identification:_identify(src/darknet_ros_yolov4/darknet_ros/darknet/cfg) by extension 'colcon_pkg'
[2.789s] Level 1:colcon.colcon_core.package_identification:_identify(src/darknet_ros_yolov4/darknet_ros/darknet/cfg) by extensions ['colcon_meta']
[2.789s] Level 1:colcon.colcon_core.package_identification:_identify(src/darknet_ros_yolov4/darknet_ros/darknet/cfg) by extension 'colcon_meta'
[2.790s] Level 1:colcon.colcon_core.package_identification:_identify(src/darknet_ros_yolov4/darknet_ros/darknet/cfg) by extensions ['ros']
[2.790s] Level 1:colcon.colcon_core.package_identification:_identify(src/darknet_ros_yolov4/darknet_ros/darknet/cfg) by extension 'ros'
[2.790s] Level 1:colcon.colcon_core.package_identification:_identify(src/darknet_ros_yolov4/darknet_ros/darknet/cfg) by extensions ['cmake', 'python']
[2.790s] Level 1:colcon.colcon_core.package_identification:_identify(src/darknet_ros_yolov4/darknet_ros/darknet/cfg) by extension 'cmake'
[2.791s] Level 1:colcon.colcon_core.package_identification:_identify(src/darknet_ros_yolov4/darknet_ros/darknet/cfg) by extension 'python'
[2.791s] Level 1:colcon.colcon_core.package_identification:_identify(src/darknet_ros_yolov4/darknet_ros/darknet/cfg) by extensions ['python_setup_py']
[2.791s] Level 1:colcon.colcon_core.package_identification:_identify(src/darknet_ros_yolov4/darknet_ros/darknet/cfg) by extension 'python_setup_py'
[2.792s] Level 1:colcon.colcon_core.package_identification:_identify(src/darknet_ros_yolov4/darknet_ros/darknet/cfg/yolov1) by extensions ['ignore', 'ignore_ament_install']
[2.792s] Level 1:colcon.colcon_core.package_identification:_identify(src/darknet_ros_yolov4/darknet_ros/darknet/cfg/yolov1) by extension 'ignore'
[2.793s] Level 1:colcon.colcon_core.package_identification:_identify(src/darknet_ros_yolov4/darknet_ros/darknet/cfg/yolov1) by extension 'ignore_ament_install'
[2.793s] Level 1:colcon.colcon_core.package_identification:_identify(src/darknet_ros_yolov4/darknet_ros/darknet/cfg/yolov1) by extensions ['colcon_pkg']
[2.794s] Level 1:colcon.colcon_core.package_identification:_identify(src/darknet_ros_yolov4/darknet_ros/darknet/cfg/yolov1) by extension 'colcon_pkg'
[2.794s] Level 1:colcon.colcon_core.package_identification:_identify(src/darknet_ros_yolov4/darknet_ros/darknet/cfg/yolov1) by extensions ['colcon_meta']
[2.795s] Level 1:colcon.colcon_core.package_identification:_identify(src/darknet_ros_yolov4/darknet_ros/darknet/cfg/yolov1) by extension 'colcon_meta'
[2.795s] Level 1:colcon.colcon_core.package_identification:_identify(src/darknet_ros_yolov4/darknet_ros/darknet/cfg/yolov1) by extensions ['ros']
[2.796s] Level 1:colcon.colcon_core.package_identification:_identify(src/darknet_ros_yolov4/darknet_ros/darknet/cfg/yolov1) by extension 'ros'
[2.796s] Level 1:colcon.colcon_core.package_identification:_identify(src/darknet_ros_yolov4/darknet_ros/darknet/cfg/yolov1) by extensions ['cmake', 'python']
[2.797s] Level 1:colcon.colcon_core.package_identification:_identify(src/darknet_ros_yolov4/darknet_ros/darknet/cfg/yolov1) by extension 'cmake'
[2.797s] Level 1:colcon.colcon_core.package_identification:_identify(src/darknet_ros_yolov4/darknet_ros/darknet/cfg/yolov1) by extension 'python'
[2.798s] Level 1:colcon.colcon_core.package_identification:_identify(src/darknet_ros_yolov4/darknet_ros/darknet/cfg/yolov1) by extensions ['python_setup_py']
[2.798s] Level 1:colcon.colcon_core.package_identification:_identify(src/darknet_ros_yolov4/darknet_ros/darknet/cfg/yolov1) by extension 'python_setup_py'
[2.799s] Level 1:colcon.colcon_core.package_identification:_identify(src/darknet_ros_yolov4/darknet_ros/darknet/cmake) by extensions ['ignore', 'ignore_ament_install']
[2.799s] Level 1:colcon.colcon_core.package_identification:_identify(src/darknet_ros_yolov4/darknet_ros/darknet/cmake) by extension 'ignore'
[2.800s] Level 1:colcon.colcon_core.package_identification:_identify(src/darknet_ros_yolov4/darknet_ros/darknet/cmake) by extension 'ignore_ament_install'
[2.800s] Level 1:colcon.colcon_core.package_identification:_identify(src/darknet_ros_yolov4/darknet_ros/darknet/cmake) by extensions ['colcon_pkg']
[2.800s] Level 1:colcon.colcon_core.package_identification:_identify(src/darknet_ros_yolov4/darknet_ros/darknet/cmake) by extension 'colcon_pkg'
[2.801s] Level 1:colcon.colcon_core.package_identification:_identify(src/darknet_ros_yolov4/darknet_ros/darknet/cmake) by extensions ['colcon_meta']
[2.801s] Level 1:colcon.colcon_core.package_identification:_identify(src/darknet_ros_yolov4/darknet_ros/darknet/cmake) by extension 'colcon_meta'
[2.802s] Level 1:colcon.colcon_core.package_identification:_identify(src/darknet_ros_yolov4/darknet_ros/darknet/cmake) by extensions ['ros']
[2.802s] Level 1:colcon.colcon_core.package_identification:_identify(src/darknet_ros_yolov4/darknet_ros/darknet/cmake) by extension 'ros'
[2.802s] Level 1:colcon.colcon_core.package_identification:_identify(src/darknet_ros_yolov4/darknet_ros/darknet/cmake) by extensions ['cmake', 'python']
[2.803s] Level 1:colcon.colcon_core.package_identification:_identify(src/darknet_ros_yolov4/darknet_ros/darknet/cmake) by extension 'cmake'
[2.803s] Level 1:colcon.colcon_core.package_identification:_identify(src/darknet_ros_yolov4/darknet_ros/darknet/cmake) by extension 'python'
[2.803s] Level 1:colcon.colcon_core.package_identification:_identify(src/darknet_ros_yolov4/darknet_ros/darknet/cmake) by extensions ['python_setup_py']
[2.803s] Level 1:colcon.colcon_core.package_identification:_identify(src/darknet_ros_yolov4/darknet_ros/darknet/cmake) by extension 'python_setup_py'
[2.804s] Level 1:colcon.colcon_core.package_identification:_identify(src/darknet_ros_yolov4/darknet_ros/darknet/cmake/Modules) by extensions ['ignore', 'ignore_ament_install']
[2.805s] Level 1:colcon.colcon_core.package_identification:_identify(src/darknet_ros_yolov4/darknet_ros/darknet/cmake/Modules) by extension 'ignore'
[2.806s] Level 1:colcon.colcon_core.package_identification:_identify(src/darknet_ros_yolov4/darknet_ros/darknet/cmake/Modules) by extension 'ignore_ament_install'
[2.806s] Level 1:colcon.colcon_core.package_identification:_identify(src/darknet_ros_yolov4/darknet_ros/darknet/cmake/Modules) by extensions ['colcon_pkg']
[2.807s] Level 1:colcon.colcon_core.package_identification:_identify(src/darknet_ros_yolov4/darknet_ros/darknet/cmake/Modules) by extension 'colcon_pkg'
[2.807s] Level 1:colcon.colcon_core.package_identification:_identify(src/darknet_ros_yolov4/darknet_ros/darknet/cmake/Modules) by extensions ['colcon_meta']
[2.807s] Level 1:colcon.colcon_core.package_identification:_identify(src/darknet_ros_yolov4/darknet_ros/darknet/cmake/Modules) by extension 'colcon_meta'
[2.808s] Level 1:colcon.colcon_core.package_identification:_identify(src/darknet_ros_yolov4/darknet_ros/darknet/cmake/Modules) by extensions ['ros']
[2.808s] Level 1:colcon.colcon_core.package_identification:_identify(src/darknet_ros_yolov4/darknet_ros/darknet/cmake/Modules) by extension 'ros'
[2.809s] Level 1:colcon.colcon_core.package_identification:_identify(src/darknet_ros_yolov4/darknet_ros/darknet/cmake/Modules) by extensions ['cmake', 'python']
[2.809s] Level 1:colcon.colcon_core.package_identification:_identify(src/darknet_ros_yolov4/darknet_ros/darknet/cmake/Modules) by extension 'cmake'
[2.809s] Level 1:colcon.colcon_core.package_identification:_identify(src/darknet_ros_yolov4/darknet_ros/darknet/cmake/Modules) by extension 'python'
[2.809s] Level 1:colcon.colcon_core.package_identification:_identify(src/darknet_ros_yolov4/darknet_ros/darknet/cmake/Modules) by extensions ['python_setup_py']
[2.810s] Level 1:colcon.colcon_core.package_identification:_identify(src/darknet_ros_yolov4/darknet_ros/darknet/cmake/Modules) by extension 'python_setup_py'
[2.811s] Level 1:colcon.colcon_core.package_identification:_identify(src/darknet_ros_yolov4/darknet_ros/darknet/data) by extensions ['ignore', 'ignore_ament_install']
[2.811s] Level 1:colcon.colcon_core.package_identification:_identify(src/darknet_ros_yolov4/darknet_ros/darknet/data) by extension 'ignore'
[2.812s] Level 1:colcon.colcon_core.package_identification:_identify(src/darknet_ros_yolov4/darknet_ros/darknet/data) by extension 'ignore_ament_install'
[2.812s] Level 1:colcon.colcon_core.package_identification:_identify(src/darknet_ros_yolov4/darknet_ros/darknet/data) by extensions ['colcon_pkg']
[2.812s] Level 1:colcon.colcon_core.package_identification:_identify(src/darknet_ros_yolov4/darknet_ros/darknet/data) by extension 'colcon_pkg'
[2.813s] Level 1:colcon.colcon_core.package_identification:_identify(src/darknet_ros_yolov4/darknet_ros/darknet/data) by extensions ['colcon_meta']
[2.813s] Level 1:colcon.colcon_core.package_identification:_identify(src/darknet_ros_yolov4/darknet_ros/darknet/data) by extension 'colcon_meta'
[2.813s] Level 1:colcon.colcon_core.package_identification:_identify(src/darknet_ros_yolov4/darknet_ros/darknet/data) by extensions ['ros']
[2.814s] Level 1:colcon.colcon_core.package_identification:_identify(src/darknet_ros_yolov4/darknet_ros/darknet/data) by extension 'ros'
[2.815s] Level 1:colcon.colcon_core.package_identification:_identify(src/darknet_ros_yolov4/darknet_ros/darknet/data) by extensions ['cmake', 'python']
[2.815s] Level 1:colcon.colcon_core.package_identification:_identify(src/darknet_ros_yolov4/darknet_ros/darknet/data) by extension 'cmake'
[2.816s] Level 1:colcon.colcon_core.package_identification:_identify(src/darknet_ros_yolov4/darknet_ros/darknet/data) by extension 'python'
[2.816s] Level 1:colcon.colcon_core.package_identification:_identify(src/darknet_ros_yolov4/darknet_ros/darknet/data) by extensions ['python_setup_py']
[2.817s] Level 1:colcon.colcon_core.package_identification:_identify(src/darknet_ros_yolov4/darknet_ros/darknet/data) by extension 'python_setup_py'
[2.822s] Level 1:colcon.colcon_core.package_identification:_identify(src/darknet_ros_yolov4/darknet_ros/darknet/data/labels) by extensions ['ignore', 'ignore_ament_install']
[2.823s] Level 1:colcon.colcon_core.package_identification:_identify(src/darknet_ros_yolov4/darknet_ros/darknet/data/labels) by extension 'ignore'
[2.823s] Level 1:colcon.colcon_core.package_identification:_identify(src/darknet_ros_yolov4/darknet_ros/darknet/data/labels) by extension 'ignore_ament_install'
[2.824s] Level 1:colcon.colcon_core.package_identification:_identify(src/darknet_ros_yolov4/darknet_ros/darknet/data/labels) by extensions ['colcon_pkg']
[2.824s] Level 1:colcon.colcon_core.package_identification:_identify(src/darknet_ros_yolov4/darknet_ros/darknet/data/labels) by extension 'colcon_pkg'
[2.824s] Level 1:colcon.colcon_core.package_identification:_identify(src/darknet_ros_yolov4/darknet_ros/darknet/data/labels) by extensions ['colcon_meta']
[2.824s] Level 1:colcon.colcon_core.package_identification:_identify(src/darknet_ros_yolov4/darknet_ros/darknet/data/labels) by extension 'colcon_meta'
[2.825s] Level 1:colcon.colcon_core.package_identification:_identify(src/darknet_ros_yolov4/darknet_ros/darknet/data/labels) by extensions ['ros']
[2.825s] Level 1:colcon.colcon_core.package_identification:_identify(src/darknet_ros_yolov4/darknet_ros/darknet/data/labels) by extension 'ros'
[2.825s] Level 1:colcon.colcon_core.package_identification:_identify(src/darknet_ros_yolov4/darknet_ros/darknet/data/labels) by extensions ['cmake', 'python']
[2.826s] Level 1:colcon.colcon_core.package_identification:_identify(src/darknet_ros_yolov4/darknet_ros/darknet/data/labels) by extension 'cmake'
[2.826s] Level 1:colcon.colcon_core.package_identification:_identify(src/darknet_ros_yolov4/darknet_ros/darknet/data/labels) by extension 'python'
[2.826s] Level 1:colcon.colcon_core.package_identification:_identify(src/darknet_ros_yolov4/darknet_ros/darknet/data/labels) by extensions ['python_setup_py']
[2.826s] Level 1:colcon.colcon_core.package_identification:_identify(src/darknet_ros_yolov4/darknet_ros/darknet/data/labels) by extension 'python_setup_py'
[2.827s] Level 1:colcon.colcon_core.package_identification:_identify(src/darknet_ros_yolov4/darknet_ros/darknet/include) by extensions ['ignore', 'ignore_ament_install']
[2.827s] Level 1:colcon.colcon_core.package_identification:_identify(src/darknet_ros_yolov4/darknet_ros/darknet/include) by extension 'ignore'
[2.827s] Level 1:colcon.colcon_core.package_identification:_identify(src/darknet_ros_yolov4/darknet_ros/darknet/include) by extension 'ignore_ament_install'
[2.828s] Level 1:colcon.colcon_core.package_identification:_identify(src/darknet_ros_yolov4/darknet_ros/darknet/include) by extensions ['colcon_pkg']
[2.828s] Level 1:colcon.colcon_core.package_identification:_identify(src/darknet_ros_yolov4/darknet_ros/darknet/include) by extension 'colcon_pkg'
[2.828s] Level 1:colcon.colcon_core.package_identification:_identify(src/darknet_ros_yolov4/darknet_ros/darknet/include) by extensions ['colcon_meta']
[2.828s] Level 1:colcon.colcon_core.package_identification:_identify(src/darknet_ros_yolov4/darknet_ros/darknet/include) by extension 'colcon_meta'
[2.828s] Level 1:colcon.colcon_core.package_identification:_identify(src/darknet_ros_yolov4/darknet_ros/darknet/include) by extensions ['ros']
[2.829s] Level 1:colcon.colcon_core.package_identification:_identify(src/darknet_ros_yolov4/darknet_ros/darknet/include) by extension 'ros'
[2.829s] Level 1:colcon.colcon_core.package_identification:_identify(src/darknet_ros_yolov4/darknet_ros/darknet/include) by extensions ['cmake', 'python']
[2.829s] Level 1:colcon.colcon_core.package_identification:_identify(src/darknet_ros_yolov4/darknet_ros/darknet/include) by extension 'cmake'
[2.829s] Level 1:colcon.colcon_core.package_identification:_identify(src/darknet_ros_yolov4/darknet_ros/darknet/include) by extension 'python'
[2.829s] Level 1:colcon.colcon_core.package_identification:_identify(src/darknet_ros_yolov4/darknet_ros/darknet/include) by extensions ['python_setup_py']
[2.830s] Level 1:colcon.colcon_core.package_identification:_identify(src/darknet_ros_yolov4/darknet_ros/darknet/include) by extension 'python_setup_py'
[2.830s] Level 1:colcon.colcon_core.package_identification:_identify(src/darknet_ros_yolov4/darknet_ros/darknet/results) by extensions ['ignore', 'ignore_ament_install']
[2.830s] Level 1:colcon.colcon_core.package_identification:_identify(src/darknet_ros_yolov4/darknet_ros/darknet/results) by extension 'ignore'
[2.831s] Level 1:colcon.colcon_core.package_identification:_identify(src/darknet_ros_yolov4/darknet_ros/darknet/results) by extension 'ignore_ament_install'
[2.831s] Level 1:colcon.colcon_core.package_identification:_identify(src/darknet_ros_yolov4/darknet_ros/darknet/results) by extensions ['colcon_pkg']
[2.831s] Level 1:colcon.colcon_core.package_identification:_identify(src/darknet_ros_yolov4/darknet_ros/darknet/results) by extension 'colcon_pkg'
[2.831s] Level 1:colcon.colcon_core.package_identification:_identify(src/darknet_ros_yolov4/darknet_ros/darknet/results) by extensions ['colcon_meta']
[2.831s] Level 1:colcon.colcon_core.package_identification:_identify(src/darknet_ros_yolov4/darknet_ros/darknet/results) by extension 'colcon_meta'
[2.832s] Level 1:colcon.colcon_core.package_identification:_identify(src/darknet_ros_yolov4/darknet_ros/darknet/results) by extensions ['ros']
[2.832s] Level 1:colcon.colcon_core.package_identification:_identify(src/darknet_ros_yolov4/darknet_ros/darknet/results) by extension 'ros'
[2.832s] Level 1:colcon.colcon_core.package_identification:_identify(src/darknet_ros_yolov4/darknet_ros/darknet/results) by extensions ['cmake', 'python']
[2.832s] Level 1:colcon.colcon_core.package_identification:_identify(src/darknet_ros_yolov4/darknet_ros/darknet/results) by extension 'cmake'
[2.832s] Level 1:colcon.colcon_core.package_identification:_identify(src/darknet_ros_yolov4/darknet_ros/darknet/results) by extension 'python'
[2.833s] Level 1:colcon.colcon_core.package_identification:_identify(src/darknet_ros_yolov4/darknet_ros/darknet/results) by extensions ['python_setup_py']
[2.833s] Level 1:colcon.colcon_core.package_identification:_identify(src/darknet_ros_yolov4/darknet_ros/darknet/results) by extension 'python_setup_py'
[2.833s] Level 1:colcon.colcon_core.package_identification:_identify(src/darknet_ros_yolov4/darknet_ros/darknet/scripts) by extensions ['ignore', 'ignore_ament_install']
[2.834s] Level 1:colcon.colcon_core.package_identification:_identify(src/darknet_ros_yolov4/darknet_ros/darknet/scripts) by extension 'ignore'
[2.834s] Level 1:colcon.colcon_core.package_identification:_identify(src/darknet_ros_yolov4/darknet_ros/darknet/scripts) by extension 'ignore_ament_install'
[2.834s] Level 1:colcon.colcon_core.package_identification:_identify(src/darknet_ros_yolov4/darknet_ros/darknet/scripts) by extensions ['colcon_pkg']
[2.834s] Level 1:colcon.colcon_core.package_identification:_identify(src/darknet_ros_yolov4/darknet_ros/darknet/scripts) by extension 'colcon_pkg'
[2.835s] Level 1:colcon.colcon_core.package_identification:_identify(src/darknet_ros_yolov4/darknet_ros/darknet/scripts) by extensions ['colcon_meta']
[2.835s] Level 1:colcon.colcon_core.package_identification:_identify(src/darknet_ros_yolov4/darknet_ros/darknet/scripts) by extension 'colcon_meta'
[2.835s] Level 1:colcon.colcon_core.package_identification:_identify(src/darknet_ros_yolov4/darknet_ros/darknet/scripts) by extensions ['ros']
[2.835s] Level 1:colcon.colcon_core.package_identification:_identify(src/darknet_ros_yolov4/darknet_ros/darknet/scripts) by extension 'ros'
[2.835s] Level 1:colcon.colcon_core.package_identification:_identify(src/darknet_ros_yolov4/darknet_ros/darknet/scripts) by extensions ['cmake', 'python']
[2.836s] Level 1:colcon.colcon_core.package_identification:_identify(src/darknet_ros_yolov4/darknet_ros/darknet/scripts) by extension 'cmake'
[2.836s] Level 1:colcon.colcon_core.package_identification:_identify(src/darknet_ros_yolov4/darknet_ros/darknet/scripts) by extension 'python'
[2.836s] Level 1:colcon.colcon_core.package_identification:_identify(src/darknet_ros_yolov4/darknet_ros/darknet/scripts) by extensions ['python_setup_py']
[2.836s] Level 1:colcon.colcon_core.package_identification:_identify(src/darknet_ros_yolov4/darknet_ros/darknet/scripts) by extension 'python_setup_py'
[2.837s] Level 1:colcon.colcon_core.package_identification:_identify(src/darknet_ros_yolov4/darknet_ros/darknet/scripts/log_parser) by extensions ['ignore', 'ignore_ament_install']
[2.837s] Level 1:colcon.colcon_core.package_identification:_identify(src/darknet_ros_yolov4/darknet_ros/darknet/scripts/log_parser) by extension 'ignore'
[2.837s] Level 1:colcon.colcon_core.package_identification:_identify(src/darknet_ros_yolov4/darknet_ros/darknet/scripts/log_parser) by extension 'ignore_ament_install'
[2.838s] Level 1:colcon.colcon_core.package_identification:_identify(src/darknet_ros_yolov4/darknet_ros/darknet/scripts/log_parser) by extensions ['colcon_pkg']
[2.838s] Level 1:colcon.colcon_core.package_identification:_identify(src/darknet_ros_yolov4/darknet_ros/darknet/scripts/log_parser) by extension 'colcon_pkg'
[2.838s] Level 1:colcon.colcon_core.package_identification:_identify(src/darknet_ros_yolov4/darknet_ros/darknet/scripts/log_parser) by extensions ['colcon_meta']
[2.838s] Level 1:colcon.colcon_core.package_identification:_identify(src/darknet_ros_yolov4/darknet_ros/darknet/scripts/log_parser) by extension 'colcon_meta'
[2.838s] Level 1:colcon.colcon_core.package_identification:_identify(src/darknet_ros_yolov4/darknet_ros/darknet/scripts/log_parser) by extensions ['ros']
[2.838s] Level 1:colcon.colcon_core.package_identification:_identify(src/darknet_ros_yolov4/darknet_ros/darknet/scripts/log_parser) by extension 'ros'
[2.839s] Level 1:colcon.colcon_core.package_identification:_identify(src/darknet_ros_yolov4/darknet_ros/darknet/scripts/log_parser) by extensions ['cmake', 'python']
[2.839s] Level 1:colcon.colcon_core.package_identification:_identify(src/darknet_ros_yolov4/darknet_ros/darknet/scripts/log_parser) by extension 'cmake'
[2.839s] Level 1:colcon.colcon_core.package_identification:_identify(src/darknet_ros_yolov4/darknet_ros/darknet/scripts/log_parser) by extension 'python'
[2.839s] Level 1:colcon.colcon_core.package_identification:_identify(src/darknet_ros_yolov4/darknet_ros/darknet/scripts/log_parser) by extensions ['python_setup_py']
[2.840s] Level 1:colcon.colcon_core.package_identification:_identify(src/darknet_ros_yolov4/darknet_ros/darknet/scripts/log_parser) by extension 'python_setup_py'
[2.840s] Level 1:colcon.colcon_core.package_identification:_identify(src/darknet_ros_yolov4/darknet_ros/darknet/scripts/windows) by extensions ['ignore', 'ignore_ament_install']
[2.840s] Level 1:colcon.colcon_core.package_identification:_identify(src/darknet_ros_yolov4/darknet_ros/darknet/scripts/windows) by extension 'ignore'
[2.841s] Level 1:colcon.colcon_core.package_identification:_identify(src/darknet_ros_yolov4/darknet_ros/darknet/scripts/windows) by extension 'ignore_ament_install'
[2.841s] Level 1:colcon.colcon_core.package_identification:_identify(src/darknet_ros_yolov4/darknet_ros/darknet/scripts/windows) by extensions ['colcon_pkg']
[2.841s] Level 1:colcon.colcon_core.package_identification:_identify(src/darknet_ros_yolov4/darknet_ros/darknet/scripts/windows) by extension 'colcon_pkg'
[2.841s] Level 1:colcon.colcon_core.package_identification:_identify(src/darknet_ros_yolov4/darknet_ros/darknet/scripts/windows) by extensions ['colcon_meta']
[2.841s] Level 1:colcon.colcon_core.package_identification:_identify(src/darknet_ros_yolov4/darknet_ros/darknet/scripts/windows) by extension 'colcon_meta'
[2.842s] Level 1:colcon.colcon_core.package_identification:_identify(src/darknet_ros_yolov4/darknet_ros/darknet/scripts/windows) by extensions ['ros']
[2.842s] Level 1:colcon.colcon_core.package_identification:_identify(src/darknet_ros_yolov4/darknet_ros/darknet/scripts/windows) by extension 'ros'
[2.842s] Level 1:colcon.colcon_core.package_identification:_identify(src/darknet_ros_yolov4/darknet_ros/darknet/scripts/windows) by extensions ['cmake', 'python']
[2.842s] Level 1:colcon.colcon_core.package_identification:_identify(src/darknet_ros_yolov4/darknet_ros/darknet/scripts/windows) by extension 'cmake'
[2.843s] Level 1:colcon.colcon_core.package_identification:_identify(src/darknet_ros_yolov4/darknet_ros/darknet/scripts/windows) by extension 'python'
[2.843s] Level 1:colcon.colcon_core.package_identification:_identify(src/darknet_ros_yolov4/darknet_ros/darknet/scripts/windows) by extensions ['python_setup_py']
[2.843s] Level 1:colcon.colcon_core.package_identification:_identify(src/darknet_ros_yolov4/darknet_ros/darknet/scripts/windows) by extension 'python_setup_py'
[2.844s] Level 1:colcon.colcon_core.package_identification:_identify(src/darknet_ros_yolov4/darknet_ros/darknet/src) by extensions ['ignore', 'ignore_ament_install']
[2.844s] Level 1:colcon.colcon_core.package_identification:_identify(src/darknet_ros_yolov4/darknet_ros/darknet/src) by extension 'ignore'
[2.845s] Level 1:colcon.colcon_core.package_identification:_identify(src/darknet_ros_yolov4/darknet_ros/darknet/src) by extension 'ignore_ament_install'
[2.845s] Level 1:colcon.colcon_core.package_identification:_identify(src/darknet_ros_yolov4/darknet_ros/darknet/src) by extensions ['colcon_pkg']
[2.845s] Level 1:colcon.colcon_core.package_identification:_identify(src/darknet_ros_yolov4/darknet_ros/darknet/src) by extension 'colcon_pkg'
[2.845s] Level 1:colcon.colcon_core.package_identification:_identify(src/darknet_ros_yolov4/darknet_ros/darknet/src) by extensions ['colcon_meta']
[2.846s] Level 1:colcon.colcon_core.package_identification:_identify(src/darknet_ros_yolov4/darknet_ros/darknet/src) by extension 'colcon_meta'
[2.846s] Level 1:colcon.colcon_core.package_identification:_identify(src/darknet_ros_yolov4/darknet_ros/darknet/src) by extensions ['ros']
[2.846s] Level 1:colcon.colcon_core.package_identification:_identify(src/darknet_ros_yolov4/darknet_ros/darknet/src) by extension 'ros'
[2.846s] Level 1:colcon.colcon_core.package_identification:_identify(src/darknet_ros_yolov4/darknet_ros/darknet/src) by extensions ['cmake', 'python']
[2.846s] Level 1:colcon.colcon_core.package_identification:_identify(src/darknet_ros_yolov4/darknet_ros/darknet/src) by extension 'cmake'
[2.847s] Level 1:colcon.colcon_core.package_identification:_identify(src/darknet_ros_yolov4/darknet_ros/darknet/src) by extension 'python'
[2.847s] Level 1:colcon.colcon_core.package_identification:_identify(src/darknet_ros_yolov4/darknet_ros/darknet/src) by extensions ['python_setup_py']
[2.847s] Level 1:colcon.colcon_core.package_identification:_identify(src/darknet_ros_yolov4/darknet_ros/darknet/src) by extension 'python_setup_py'
[2.848s] Level 1:colcon.colcon_core.package_identification:_identify(src/darknet_ros_yolov4/darknet_ros/darknet_ros) by extensions ['ignore', 'ignore_ament_install']
[2.848s] Level 1:colcon.colcon_core.package_identification:_identify(src/darknet_ros_yolov4/darknet_ros/darknet_ros) by extension 'ignore'
[2.849s] Level 1:colcon.colcon_core.package_identification:_identify(src/darknet_ros_yolov4/darknet_ros/darknet_ros) by extension 'ignore_ament_install'
[2.849s] Level 1:colcon.colcon_core.package_identification:_identify(src/darknet_ros_yolov4/darknet_ros/darknet_ros) by extensions ['colcon_pkg']
[2.849s] Level 1:colcon.colcon_core.package_identification:_identify(src/darknet_ros_yolov4/darknet_ros/darknet_ros) by extension 'colcon_pkg'
[2.849s] Level 1:colcon.colcon_core.package_identification:_identify(src/darknet_ros_yolov4/darknet_ros/darknet_ros) by extensions ['colcon_meta']
[2.850s] Level 1:colcon.colcon_core.package_identification:_identify(src/darknet_ros_yolov4/darknet_ros/darknet_ros) by extension 'colcon_meta'
[2.850s] Level 1:colcon.colcon_core.package_identification:_identify(src/darknet_ros_yolov4/darknet_ros/darknet_ros) by extensions ['ros']
[2.850s] Level 1:colcon.colcon_core.package_identification:_identify(src/darknet_ros_yolov4/darknet_ros/darknet_ros) by extension 'ros'
[2.858s] DEBUG:colcon.colcon_core.package_identification:Package 'src/darknet_ros_yolov4/darknet_ros/darknet_ros' with type 'ros.ament_cmake' and name 'darknet_ros'
[2.858s] Level 1:colcon.colcon_core.package_identification:_identify(src/darknet_ros_yolov4/darknet_ros/darknet_ros_msgs) by extensions ['ignore', 'ignore_ament_install']
[2.859s] Level 1:colcon.colcon_core.package_identification:_identify(src/darknet_ros_yolov4/darknet_ros/darknet_ros_msgs) by extension 'ignore'
[2.859s] Level 1:colcon.colcon_core.package_identification:_identify(src/darknet_ros_yolov4/darknet_ros/darknet_ros_msgs) by extension 'ignore_ament_install'
[2.859s] Level 1:colcon.colcon_core.package_identification:_identify(src/darknet_ros_yolov4/darknet_ros/darknet_ros_msgs) by extensions ['colcon_pkg']
[2.859s] Level 1:colcon.colcon_core.package_identification:_identify(src/darknet_ros_yolov4/darknet_ros/darknet_ros_msgs) by extension 'colcon_pkg'
[2.860s] Level 1:colcon.colcon_core.package_identification:_identify(src/darknet_ros_yolov4/darknet_ros/darknet_ros_msgs) by extensions ['colcon_meta']
[2.860s] Level 1:colcon.colcon_core.package_identification:_identify(src/darknet_ros_yolov4/darknet_ros/darknet_ros_msgs) by extension 'colcon_meta'
[2.860s] Level 1:colcon.colcon_core.package_identification:_identify(src/darknet_ros_yolov4/darknet_ros/darknet_ros_msgs) by extensions ['ros']
[2.860s] Level 1:colcon.colcon_core.package_identification:_identify(src/darknet_ros_yolov4/darknet_ros/darknet_ros_msgs) by extension 'ros'
[2.865s] DEBUG:colcon.colcon_core.package_identification:Package 'src/darknet_ros_yolov4/darknet_ros/darknet_ros_msgs' with type 'ros.ament_cmake' and name 'darknet_ros_msgs'
[2.866s] Level 1:colcon.colcon_core.package_identification:_identify(src/darknet_ros_yolov4/pictures) by extensions ['ignore', 'ignore_ament_install']
[2.866s] Level 1:colcon.colcon_core.package_identification:_identify(src/darknet_ros_yolov4/pictures) by extension 'ignore'
[2.866s] Level 1:colcon.colcon_core.package_identification:_identify(src/darknet_ros_yolov4/pictures) by extension 'ignore_ament_install'
[2.866s] Level 1:colcon.colcon_core.package_identification:_identify(src/darknet_ros_yolov4/pictures) by extensions ['colcon_pkg']
[2.867s] Level 1:colcon.colcon_core.package_identification:_identify(src/darknet_ros_yolov4/pictures) by extension 'colcon_pkg'
[2.867s] Level 1:colcon.colcon_core.package_identification:_identify(src/darknet_ros_yolov4/pictures) by extensions ['colcon_meta']
[2.867s] Level 1:colcon.colcon_core.package_identification:_identify(src/darknet_ros_yolov4/pictures) by extension 'colcon_meta'
[2.867s] Level 1:colcon.colcon_core.package_identification:_identify(src/darknet_ros_yolov4/pictures) by extensions ['ros']
[2.867s] Level 1:colcon.colcon_core.package_identification:_identify(src/darknet_ros_yolov4/pictures) by extension 'ros'
[2.868s] Level 1:colcon.colcon_core.package_identification:_identify(src/darknet_ros_yolov4/pictures) by extensions ['cmake', 'python']
[2.868s] Level 1:colcon.colcon_core.package_identification:_identify(src/darknet_ros_yolov4/pictures) by extension 'cmake'
[2.868s] Level 1:colcon.colcon_core.package_identification:_identify(src/darknet_ros_yolov4/pictures) by extension 'python'
[2.868s] Level 1:colcon.colcon_core.package_identification:_identify(src/darknet_ros_yolov4/pictures) by extensions ['python_setup_py']
[2.868s] Level 1:colcon.colcon_core.package_identification:_identify(src/darknet_ros_yolov4/pictures) by extension 'python_setup_py'
[2.869s] Level 1:colcon.colcon_core.package_identification:_identify(src/install) by extensions ['ignore', 'ignore_ament_install']
[2.869s] Level 1:colcon.colcon_core.package_identification:_identify(src/install) by extension 'ignore'
[2.869s] Level 1:colcon.colcon_core.package_identification:_identify(src/install) ignored
[2.870s] Level 1:colcon.colcon_core.package_identification:_identify(src/log) by extensions ['ignore', 'ignore_ament_install']
[2.870s] Level 1:colcon.colcon_core.package_identification:_identify(src/log) by extension 'ignore'
[2.870s] Level 1:colcon.colcon_core.package_identification:_identify(src/log) ignored
[2.871s] Level 1:colcon.colcon_core.package_identification:_identify(src/px4_msgs) by extensions ['ignore', 'ignore_ament_install']
[2.871s] Level 1:colcon.colcon_core.package_identification:_identify(src/px4_msgs) by extension 'ignore'
[2.871s] Level 1:colcon.colcon_core.package_identification:_identify(src/px4_msgs) by extension 'ignore_ament_install'
[2.871s] Level 1:colcon.colcon_core.package_identification:_identify(src/px4_msgs) by extensions ['colcon_pkg']
[2.872s] Level 1:colcon.colcon_core.package_identification:_identify(src/px4_msgs) by extension 'colcon_pkg'
[2.872s] Level 1:colcon.colcon_core.package_identification:_identify(src/px4_msgs) by extensions ['colcon_meta']
[2.872s] Level 1:colcon.colcon_core.package_identification:_identify(src/px4_msgs) by extension 'colcon_meta'
[2.872s] Level 1:colcon.colcon_core.package_identification:_identify(src/px4_msgs) by extensions ['ros']
[2.872s] Level 1:colcon.colcon_core.package_identification:_identify(src/px4_msgs) by extension 'ros'
[2.875s] DEBUG:colcon.colcon_core.package_identification:Package 'src/px4_msgs' with type 'ros.ament_cmake' and name 'px4_msgs'
[2.876s] Level 1:colcon.colcon_core.package_identification:_identify(src/px4_ros_com) by extensions ['ignore', 'ignore_ament_install']
[2.876s] Level 1:colcon.colcon_core.package_identification:_identify(src/px4_ros_com) by extension 'ignore'
[2.876s] Level 1:colcon.colcon_core.package_identification:_identify(src/px4_ros_com) by extension 'ignore_ament_install'
[2.877s] Level 1:colcon.colcon_core.package_identification:_identify(src/px4_ros_com) by extensions ['colcon_pkg']
[2.877s] Level 1:colcon.colcon_core.package_identification:_identify(src/px4_ros_com) by extension 'colcon_pkg'
[2.877s] Level 1:colcon.colcon_core.package_identification:_identify(src/px4_ros_com) by extensions ['colcon_meta']
[2.877s] Level 1:colcon.colcon_core.package_identification:_identify(src/px4_ros_com) by extension 'colcon_meta'
[2.877s] Level 1:colcon.colcon_core.package_identification:_identify(src/px4_ros_com) by extensions ['ros']
[2.877s] Level 1:colcon.colcon_core.package_identification:_identify(src/px4_ros_com) by extension 'ros'
[2.883s] DEBUG:colcon.colcon_core.package_identification:Package 'src/px4_ros_com' with type 'ros.ament_cmake' and name 'px4_ros_com'
[2.884s] Level 1:colcon.colcon_core.package_identification:_identify(src/termal) by extensions ['ignore', 'ignore_ament_install']
[2.884s] Level 1:colcon.colcon_core.package_identification:_identify(src/termal) by extension 'ignore'
[2.884s] Level 1:colcon.colcon_core.package_identification:_identify(src/termal) by extension 'ignore_ament_install'
[2.885s] Level 1:colcon.colcon_core.package_identification:_identify(src/termal) by extensions ['colcon_pkg']
[2.885s] Level 1:colcon.colcon_core.package_identification:_identify(src/termal) by extension 'colcon_pkg'
[2.885s] Level 1:colcon.colcon_core.package_identification:_identify(src/termal) by extensions ['colcon_meta']
[2.885s] Level 1:colcon.colcon_core.package_identification:_identify(src/termal) by extension 'colcon_meta'
[2.885s] Level 1:colcon.colcon_core.package_identification:_identify(src/termal) by extensions ['ros']
[2.886s] Level 1:colcon.colcon_core.package_identification:_identify(src/termal) by extension 'ros'
[2.891s] DEBUG:colcon.colcon_core.package_identification:Package 'src/termal' with type 'ros.ament_python' and name 'termal'
[2.892s] Level 1:colcon.colcon_core.package_identification:_identify(src/yolo_den) by extensions ['ignore', 'ignore_ament_install']
[2.893s] Level 1:colcon.colcon_core.package_identification:_identify(src/yolo_den) by extension 'ignore'
[2.894s] Level 1:colcon.colcon_core.package_identification:_identify(src/yolo_den) by extension 'ignore_ament_install'
[2.894s] Level 1:colcon.colcon_core.package_identification:_identify(src/yolo_den) by extensions ['colcon_pkg']
[2.894s] Level 1:colcon.colcon_core.package_identification:_identify(src/yolo_den) by extension 'colcon_pkg'
[2.895s] Level 1:colcon.colcon_core.package_identification:_identify(src/yolo_den) by extensions ['colcon_meta']
[2.895s] Level 1:colcon.colcon_core.package_identification:_identify(src/yolo_den) by extension 'colcon_meta'
[2.895s] Level 1:colcon.colcon_core.package_identification:_identify(src/yolo_den) by extensions ['ros']
[2.896s] Level 1:colcon.colcon_core.package_identification:_identify(src/yolo_den) by extension 'ros'
[2.901s] DEBUG:colcon.colcon_core.package_identification:Package 'src/yolo_den' with type 'ros.ament_python' and name 'yolo_den'
[2.901s] Level 1:colcon.colcon_core.package_discovery:discover_packages(recursive) using defaults
[2.902s] Level 1:colcon.colcon_core.package_discovery:discover_packages(ignore) discover
[2.902s] Level 1:colcon.colcon_core.package_discovery:discover_packages(ignore) using defaults
[2.902s] Level 1:colcon.colcon_core.package_discovery:discover_packages(path) discover
[2.902s] Level 1:colcon.colcon_core.package_discovery:discover_packages(path) using defaults
[2.913s] WARNING:colcon.colcon_core.package_selection:ignoring unknown package 'counter' in --packages-select
[3.041s] INFO:colcon.colcon_core.package_selection:Skipping not selected package 'cvdeneme' in 'src/cvdeneme'
[3.041s] INFO:colcon.colcon_core.package_selection:Skipping not selected package 'darknet_ros_msgs' in 'src/darknet_ros_yolov4/darknet_ros/darknet_ros_msgs'
[3.041s] INFO:colcon.colcon_core.package_selection:Skipping not selected package 'px4_msgs' in 'src/px4_msgs'
[3.041s] INFO:colcon.colcon_core.package_selection:Skipping not selected package 'termal' in 'src/termal'
[3.042s] INFO:colcon.colcon_core.package_selection:Skipping not selected package 'yolo_den' in 'src/yolo_den'
[3.042s] INFO:colcon.colcon_core.package_selection:Skipping not selected package 'count' in 'src/count'
[3.042s] INFO:colcon.colcon_core.package_selection:Skipping not selected package 'darknet_ros' in 'src/darknet_ros_yolov4/darknet_ros/darknet_ros'
[3.042s] INFO:colcon.colcon_core.package_selection:Skipping not selected package 'px4_ros_com' in 'src/px4_ros_com'
[3.046s] Level 1:colcon.colcon_core.package_discovery:discover_packages(prefix_path) check parameters
[3.046s] Level 1:colcon.colcon_core.package_discovery:discover_packages(prefix_path) discover
[3.065s] DEBUG:colcon.colcon_installed_package_information.package_discovery:Found 8 installed packages in /home/jetson/ros2_ws/install
[3.076s] DEBUG:colcon.colcon_installed_package_information.package_discovery:Found 259 installed packages in /opt/ros/foxy
[3.084s] Level 1:colcon.colcon_core.package_discovery:discover_packages(prefix_path) using defaults
[3.514s] INFO:colcon.colcon_core.executor:Executing jobs using 'parallel' executor
[3.548s] DEBUG:colcon.colcon_parallel_executor.executor.parallel:run_until_complete
[3.550s] DEBUG:colcon.colcon_parallel_executor.executor.parallel:closing loop
[3.551s] DEBUG:colcon.colcon_parallel_executor.executor.parallel:loop closed
[3.552s] DEBUG:colcon.colcon_parallel_executor.executor.parallel:run_until_complete finished with '0'
[3.552s] DEBUG:colcon.colcon_core.event_reactor:joining thread
[3.589s] INFO:colcon.colcon_core.plugin_system:Skipping extension 'colcon_notification.desktop_notification.terminal_notifier': Not used on non-Darwin systems
[3.589s] INFO:colcon.colcon_core.plugin_system:Skipping extension 'colcon_notification.desktop_notification.win32': Not used on non-Windows systems
[3.590s] INFO:colcon.colcon_notification.desktop_notification:Sending desktop notification using 'notify2'
[3.682s] DEBUG:colcon.colcon_core.event_reactor:joined thread
[3.714s] INFO:colcon.colcon_core.plugin_system:Skipping extension 'colcon_core.shell.bat': Not used on non-Windows systems
[3.715s] INFO:colcon.colcon_core.shell:Creating prefix script '/home/jetson/ros2_ws/install/local_setup.ps1'
[3.721s] INFO:colcon.colcon_core.shell:Creating prefix util module '/home/jetson/ros2_ws/install/_local_setup_util_ps1.py'
[3.729s] INFO:colcon.colcon_core.shell:Creating prefix chain script '/home/jetson/ros2_ws/install/setup.ps1'
[3.741s] INFO:colcon.colcon_core.shell:Creating prefix script '/home/jetson/ros2_ws/install/local_setup.sh'
[3.744s] INFO:colcon.colcon_core.shell:Creating prefix util module '/home/jetson/ros2_ws/install/_local_setup_util_sh.py'
[3.748s] INFO:colcon.colcon_core.shell:Creating prefix chain script '/home/jetson/ros2_ws/install/setup.sh'
[3.762s] INFO:colcon.colcon_core.shell:Creating prefix script '/home/jetson/ros2_ws/install/local_setup.bash'
[3.765s] INFO:colcon.colcon_core.shell:Creating prefix chain script '/home/jetson/ros2_ws/install/setup.bash'
[3.778s] INFO:colcon.colcon_core.shell:Creating prefix script '/home/jetson/ros2_ws/install/local_setup.zsh'
[3.780s] INFO:colcon.colcon_core.shell:Creating prefix chain script '/home/jetson/ros2_ws/install/setup.zsh'
