[0.071s] Invoking command in '/home/jetson/ros2_ws/build/px4_ros_com': CMAKE_PREFIX_PATH=/home/jetson/ros2_ws/install/px4_msgs:/home/jetson/ros2_ws/install/px4_ros_com:/home/jetson/ros2_ws/install/darknet_ros:/home/jetson/ros2_ws/install/darknet_ros_msgs:/home/jetson/ros2_ws/install/yolo_den:/home/jetson/ros2_ws/install/termal:/home/jetson/ros2_ws/install/humcount:/home/jetson/ros2_ws/install/humancount:/home/jetson/ros2_ws/install/count:/home/jetson/ros2_ws/install/cvdeneme:/opt/ros/foxy LD_LIBRARY_PATH=/home/jetson/ros2_ws/install/px4_msgs/lib:/home/jetson/ros2_ws/install/px4_ros_com/lib:/home/jetson/ros2_ws/install/darknet_ros/lib:/home/jetson/ros2_ws/install/darknet_ros_msgs/lib:/opt/ros/foxy/opt/yaml_cpp_vendor/lib:/opt/ros/foxy/opt/rviz_ogre_vendor/lib:/opt/ros/foxy/lib/aarch64-linux-gnu:/opt/ros/foxy/lib PYTHONPATH=/home/jetson/ros2_ws/install/px4_msgs/lib/python3.8/site-packages:/home/jetson/ros2_ws/build/yolo_den:/home/jetson/ros2_ws/install/yolo_den/lib/python3.8/site-packages:/home/jetson/ros2_ws/build/termal:/home/jetson/ros2_ws/install/termal/lib/python3.8/site-packages:/home/jetson/ros2_ws/build/humcount:/home/jetson/ros2_ws/install/humcount/lib/python3.8/site-packages:/home/jetson/ros2_ws/build/humancount:/home/jetson/ros2_ws/install/humancount/lib/python3.8/site-packages:/home/jetson/ros2_ws/build/count:/home/jetson/ros2_ws/install/count/lib/python3.8/site-packages:/home/jetson/ros2_ws/install/darknet_ros_msgs/lib/python3.8/site-packages:/home/jetson/ros2_ws/install/cvdeneme/lib/python3.8/site-packages:/opt/ros/foxy/lib/python3.8/site-packages /usr/local/bin/cmake --build /home/jetson/ros2_ws/build/px4_ros_com -- -j4 -l4
[0.160s] [35m[1mScanning dependencies of target offboard_control[0m
[0.184s] [  2%] Built target frame_transforms
[0.210s] [  4%] Built target setpoint
[0.234s] [  7%] [32mBuilding CXX object CMakeFiles/offboard_control.dir/src/examples/offboard/offboard_control.cpp.o[0m
[0.234s] [  7%] Built target vehicle_gps_position_listener
[0.257s] [  8%] Built target debug_vect_advertiser
[0.287s] [ 10%] Built target sensor_combined_listener
[0.351s] [ 99%] Built target micrortps_agent
[15.919s] [01m[K/home/jetson/ros2_ws/src/px4_ros_com/src/examples/offboard/offboard_control.cpp:[m[K In lambda function:
[15.937s] [01m[K/home/jetson/ros2_ws/src/px4_ros_com/src/examples/offboard/offboard_control.cpp:131:17:[m[K [01;35m[Kwarning: [m[Kignoring return value of ‘[01m[Kint system(const char*)[m[K’, declared with attribute warn_unused_result [[01;35m[K-Wunused-result[m[K]
[15.937s]       [01;35m[Kstd::system("gnome-terminal -- bash -c 'python3 ~/ros2_ws/servo.py'")[m[K;
[15.938s]       [01;35m[K~~~~~~~~~~~^~~~~~~~~~~~~~~~~~~~~~~~~~~~~~~~~~~~~~~~~~~~~~~~~~~~~~~~~~[m[K
[15.938s] [01m[K/home/jetson/ros2_ws/src/px4_ros_com/src/examples/offboard/offboard_control.cpp:[m[K In lambda function:
[15.938s] [01m[K/home/jetson/ros2_ws/src/px4_ros_com/src/examples/offboard/offboard_control.cpp:54:16:[m[K [01;35m[Kwarning: [m[Kignoring return value of ‘[01m[Kint system(const char*)[m[K’, declared with attribute warn_unused_result [[01;35m[K-Wunused-result[m[K]
[15.939s]      [01;35m[Kstd::system("gnome-terminal -- bash -c 'source ~/px4_ros_com_ros2/install/setup.bash && ros2 launch px4_ros_com sensor_combined_listener.launch.py'")[m[K;
[15.939s]      [01;35m[K~~~~~~~~~~~^~~~~~~~~~~~~~~~~~~~~~~~~~~~~~~~~~~~~~~~~~~~~~~~~~~~~~~~~~~~~~~~~~~~~~~~~~~~~~~~~~~~~~~~~~~~~~~~~~~~~~~~~~~~~~~~~~~~~~~~~~~~~~~~~~~~~~~~~~[m[K
[60.276s] [100%] [32m[1mLinking CXX executable offboard_control[0m
[61.451s] [100%] Built target offboard_control
[61.471s] Invoked command in '/home/jetson/ros2_ws/build/px4_ros_com' returned '0': CMAKE_PREFIX_PATH=/home/jetson/ros2_ws/install/px4_msgs:/home/jetson/ros2_ws/install/px4_ros_com:/home/jetson/ros2_ws/install/darknet_ros:/home/jetson/ros2_ws/install/darknet_ros_msgs:/home/jetson/ros2_ws/install/yolo_den:/home/jetson/ros2_ws/install/termal:/home/jetson/ros2_ws/install/humcount:/home/jetson/ros2_ws/install/humancount:/home/jetson/ros2_ws/install/count:/home/jetson/ros2_ws/install/cvdeneme:/opt/ros/foxy LD_LIBRARY_PATH=/home/jetson/ros2_ws/install/px4_msgs/lib:/home/jetson/ros2_ws/install/px4_ros_com/lib:/home/jetson/ros2_ws/install/darknet_ros/lib:/home/jetson/ros2_ws/install/darknet_ros_msgs/lib:/opt/ros/foxy/opt/yaml_cpp_vendor/lib:/opt/ros/foxy/opt/rviz_ogre_vendor/lib:/opt/ros/foxy/lib/aarch64-linux-gnu:/opt/ros/foxy/lib PYTHONPATH=/home/jetson/ros2_ws/install/px4_msgs/lib/python3.8/site-packages:/home/jetson/ros2_ws/build/yolo_den:/home/jetson/ros2_ws/install/yolo_den/lib/python3.8/site-packages:/home/jetson/ros2_ws/build/termal:/home/jetson/ros2_ws/install/termal/lib/python3.8/site-packages:/home/jetson/ros2_ws/build/humcount:/home/jetson/ros2_ws/install/humcount/lib/python3.8/site-packages:/home/jetson/ros2_ws/build/humancount:/home/jetson/ros2_ws/install/humancount/lib/python3.8/site-packages:/home/jetson/ros2_ws/build/count:/home/jetson/ros2_ws/install/count/lib/python3.8/site-packages:/home/jetson/ros2_ws/install/darknet_ros_msgs/lib/python3.8/site-packages:/home/jetson/ros2_ws/install/cvdeneme/lib/python3.8/site-packages:/opt/ros/foxy/lib/python3.8/site-packages /usr/local/bin/cmake --build /home/jetson/ros2_ws/build/px4_ros_com -- -j4 -l4
[62.302s] Invoking command in '/home/jetson/ros2_ws/build/px4_ros_com': CMAKE_PREFIX_PATH=/home/jetson/ros2_ws/install/px4_msgs:/home/jetson/ros2_ws/install/px4_ros_com:/home/jetson/ros2_ws/install/darknet_ros:/home/jetson/ros2_ws/install/darknet_ros_msgs:/home/jetson/ros2_ws/install/yolo_den:/home/jetson/ros2_ws/install/termal:/home/jetson/ros2_ws/install/humcount:/home/jetson/ros2_ws/install/humancount:/home/jetson/ros2_ws/install/count:/home/jetson/ros2_ws/install/cvdeneme:/opt/ros/foxy LD_LIBRARY_PATH=/home/jetson/ros2_ws/install/px4_msgs/lib:/home/jetson/ros2_ws/install/px4_ros_com/lib:/home/jetson/ros2_ws/install/darknet_ros/lib:/home/jetson/ros2_ws/install/darknet_ros_msgs/lib:/opt/ros/foxy/opt/yaml_cpp_vendor/lib:/opt/ros/foxy/opt/rviz_ogre_vendor/lib:/opt/ros/foxy/lib/aarch64-linux-gnu:/opt/ros/foxy/lib PYTHONPATH=/home/jetson/ros2_ws/install/px4_msgs/lib/python3.8/site-packages:/home/jetson/ros2_ws/build/yolo_den:/home/jetson/ros2_ws/install/yolo_den/lib/python3.8/site-packages:/home/jetson/ros2_ws/build/termal:/home/jetson/ros2_ws/install/termal/lib/python3.8/site-packages:/home/jetson/ros2_ws/build/humcount:/home/jetson/ros2_ws/install/humcount/lib/python3.8/site-packages:/home/jetson/ros2_ws/build/humancount:/home/jetson/ros2_ws/install/humancount/lib/python3.8/site-packages:/home/jetson/ros2_ws/build/count:/home/jetson/ros2_ws/install/count/lib/python3.8/site-packages:/home/jetson/ros2_ws/install/darknet_ros_msgs/lib/python3.8/site-packages:/home/jetson/ros2_ws/install/cvdeneme/lib/python3.8/site-packages:/opt/ros/foxy/lib/python3.8/site-packages /usr/local/bin/cmake --install /home/jetson/ros2_ws/build/px4_ros_com
[62.315s] -- Install configuration: "RELWITHDEBINFO"
[62.317s] -- Execute custom install script
[62.318s] -- Up-to-date symlink: /home/jetson/ros2_ws/install/px4_ros_com/lib/px4_ros_com/sensor_combined_listener
[62.322s] -- Up-to-date symlink: /home/jetson/ros2_ws/install/px4_ros_com/lib/px4_ros_com/vehicle_gps_position_listener
[62.323s] -- Up-to-date symlink: /home/jetson/ros2_ws/install/px4_ros_com/lib/px4_ros_com/debug_vect_advertiser
[62.326s] -- Up-to-date symlink: /home/jetson/ros2_ws/install/px4_ros_com/lib/px4_ros_com/offboard_control
[62.327s] -- Up-to-date symlink: /home/jetson/ros2_ws/install/px4_ros_com/lib/px4_ros_com/setpoint
[62.328s] -- Up-to-date symlink: /home/jetson/ros2_ws/install/px4_ros_com/share/px4_ros_com/environment/library_path.sh
[62.329s] -- Up-to-date symlink: /home/jetson/ros2_ws/install/px4_ros_com/share/px4_ros_com/environment/library_path.dsv
[62.331s] -- Up-to-date symlink: /home/jetson/ros2_ws/install/px4_ros_com/include/px4_ros_com/frame_transforms.h
[62.332s] -- Up-to-date symlink: /home/jetson/ros2_ws/install/px4_ros_com/share/px4_ros_com/cmake/EnableC++XX.cmake
[62.333s] -- Up-to-date symlink: /home/jetson/ros2_ws/install/px4_ros_com/share/px4_ros_com/cmake/EnableSanitizers.cmake
[62.334s] -- Up-to-date symlink: /home/jetson/ros2_ws/install/px4_ros_com/share/px4_ros_com/cmake/GenerateMicroRTPSAgent.cmake
[62.335s] -- Up-to-date symlink: /home/jetson/ros2_ws/install/px4_ros_com/share/px4_ros_com/launch/sensor_combined_listener.launch.py
[62.337s] -- Up-to-date symlink: /home/jetson/ros2_ws/install/px4_ros_com/share/px4_ros_com/test/__init__.py
[62.338s] -- Up-to-date symlink: /home/jetson/ros2_ws/install/px4_ros_com/share/px4_ros_com/test/pipeline_io_test.py
[62.338s] -- Up-to-date symlink: /home/jetson/ros2_ws/install/px4_ros_com/share/px4_ros_com/test/test_input.py
[62.339s] -- Up-to-date symlink: /home/jetson/ros2_ws/install/px4_ros_com/share/px4_ros_com/test/test_output.py
[62.340s] -- Up-to-date symlink: /home/jetson/ros2_ws/install/px4_ros_com/share/ament_index/resource_index/package_run_dependencies/px4_ros_com
[62.341s] -- Up-to-date symlink: /home/jetson/ros2_ws/install/px4_ros_com/share/ament_index/resource_index/parent_prefix_path/px4_ros_com
[62.342s] -- Up-to-date symlink: /home/jetson/ros2_ws/install/px4_ros_com/share/px4_ros_com/environment/ament_prefix_path.sh
[62.343s] -- Up-to-date symlink: /home/jetson/ros2_ws/install/px4_ros_com/share/px4_ros_com/environment/ament_prefix_path.dsv
[62.344s] -- Up-to-date symlink: /home/jetson/ros2_ws/install/px4_ros_com/share/px4_ros_com/environment/path.sh
[62.345s] -- Up-to-date symlink: /home/jetson/ros2_ws/install/px4_ros_com/share/px4_ros_com/environment/path.dsv
[62.346s] -- Up-to-date symlink: /home/jetson/ros2_ws/install/px4_ros_com/share/px4_ros_com/local_setup.bash
[62.347s] -- Up-to-date symlink: /home/jetson/ros2_ws/install/px4_ros_com/share/px4_ros_com/local_setup.sh
[62.348s] -- Up-to-date symlink: /home/jetson/ros2_ws/install/px4_ros_com/share/px4_ros_com/local_setup.zsh
[62.348s] -- Up-to-date symlink: /home/jetson/ros2_ws/install/px4_ros_com/share/px4_ros_com/local_setup.dsv
[62.349s] -- Symlinking: /home/jetson/ros2_ws/install/px4_ros_com/share/px4_ros_com/package.dsv
[62.361s] -- Up-to-date symlink: /home/jetson/ros2_ws/install/px4_ros_com/share/ament_index/resource_index/packages/px4_ros_com
[62.362s] -- Up-to-date symlink: /home/jetson/ros2_ws/install/px4_ros_com/share/px4_ros_com/cmake/ament_cmake_export_dependencies-extras.cmake
[62.363s] -- Up-to-date symlink: /home/jetson/ros2_ws/install/px4_ros_com/share/px4_ros_com/cmake/ament_cmake_export_targets-extras.cmake
[62.364s] -- Up-to-date symlink: /home/jetson/ros2_ws/install/px4_ros_com/share/px4_ros_com/cmake/ament_cmake_export_include_directories-extras.cmake
[62.365s] -- Up-to-date symlink: /home/jetson/ros2_ws/install/px4_ros_com/share/px4_ros_com/cmake/ament_cmake_export_libraries-extras.cmake
[62.366s] -- Up-to-date symlink: /home/jetson/ros2_ws/install/px4_ros_com/share/px4_ros_com/cmake/px4_ros_comConfig.cmake
[62.366s] -- Up-to-date symlink: /home/jetson/ros2_ws/install/px4_ros_com/share/px4_ros_com/cmake/px4_ros_comConfig-version.cmake
[62.367s] -- Up-to-date symlink: /home/jetson/ros2_ws/install/px4_ros_com/share/px4_ros_com/package.xml
[62.368s] -- Up-to-date: /home/jetson/ros2_ws/install/px4_ros_com/lib/libframe_transforms.so
[62.370s] -- Up-to-date: /home/jetson/ros2_ws/install/px4_ros_com/bin/micrortps_agent
[62.371s] -- Up-to-date: /home/jetson/ros2_ws/install/px4_ros_com/share/px4_ros_com/cmake/export_frame_transformsExport.cmake
[62.371s] -- Up-to-date: /home/jetson/ros2_ws/install/px4_ros_com/share/px4_ros_com/cmake/export_frame_transformsExport-relwithdebinfo.cmake
[62.386s] Invoked command in '/home/jetson/ros2_ws/build/px4_ros_com' returned '0': CMAKE_PREFIX_PATH=/home/jetson/ros2_ws/install/px4_msgs:/home/jetson/ros2_ws/install/px4_ros_com:/home/jetson/ros2_ws/install/darknet_ros:/home/jetson/ros2_ws/install/darknet_ros_msgs:/home/jetson/ros2_ws/install/yolo_den:/home/jetson/ros2_ws/install/termal:/home/jetson/ros2_ws/install/humcount:/home/jetson/ros2_ws/install/humancount:/home/jetson/ros2_ws/install/count:/home/jetson/ros2_ws/install/cvdeneme:/opt/ros/foxy LD_LIBRARY_PATH=/home/jetson/ros2_ws/install/px4_msgs/lib:/home/jetson/ros2_ws/install/px4_ros_com/lib:/home/jetson/ros2_ws/install/darknet_ros/lib:/home/jetson/ros2_ws/install/darknet_ros_msgs/lib:/opt/ros/foxy/opt/yaml_cpp_vendor/lib:/opt/ros/foxy/opt/rviz_ogre_vendor/lib:/opt/ros/foxy/lib/aarch64-linux-gnu:/opt/ros/foxy/lib PYTHONPATH=/home/jetson/ros2_ws/install/px4_msgs/lib/python3.8/site-packages:/home/jetson/ros2_ws/build/yolo_den:/home/jetson/ros2_ws/install/yolo_den/lib/python3.8/site-packages:/home/jetson/ros2_ws/build/termal:/home/jetson/ros2_ws/install/termal/lib/python3.8/site-packages:/home/jetson/ros2_ws/build/humcount:/home/jetson/ros2_ws/install/humcount/lib/python3.8/site-packages:/home/jetson/ros2_ws/build/humancount:/home/jetson/ros2_ws/install/humancount/lib/python3.8/site-packages:/home/jetson/ros2_ws/build/count:/home/jetson/ros2_ws/install/count/lib/python3.8/site-packages:/home/jetson/ros2_ws/install/darknet_ros_msgs/lib/python3.8/site-packages:/home/jetson/ros2_ws/install/cvdeneme/lib/python3.8/site-packages:/opt/ros/foxy/lib/python3.8/site-packages /usr/local/bin/cmake --install /home/jetson/ros2_ws/build/px4_ros_com
