running develop
running egg_info
creating humancount_1.egg-info
writing humancount_1.egg-info/PKG-INFO
writing dependency_links to humancount_1.egg-info/dependency_links.txt
writing entry points to humancount_1.egg-info/entry_points.txt
writing requirements to humancount_1.egg-info/requires.txt
writing top-level names to humancount_1.egg-info/top_level.txt
writing manifest file 'humancount_1.egg-info/SOURCES.txt'
reading manifest file 'humancount_1.egg-info/SOURCES.txt'
writing manifest file 'humancount_1.egg-info/SOURCES.txt'
running build_ext
Creating /home/jetson/ros2_ws/src/install/humancount_1/lib/python3.8/site-packages/humancount-1.egg-link (link to .)
Installing humcount script to /home/jetson/ros2_ws/src/install/humancount_1/lib/humancount_1

Installed /home/jetson/ros2_ws/src/build/humancount_1
running install_data
creating /home/jetson/ros2_ws/src/install/humancount_1/share/ament_index
creating /home/jetson/ros2_ws/src/install/humancount_1/share/ament_index/resource_index
creating /home/jetson/ros2_ws/src/install/humancount_1/share/ament_index/resource_index/packages
copying resource/humancount_1 -> /home/jetson/ros2_ws/src/install/humancount_1/share/ament_index/resource_index/packages
copying package.xml -> /home/jetson/ros2_ws/src/install/humancount_1/share/humancount_1
