[9.224s] Invoking command in '/home/jetson/ros2_ws/src/build/humancount_1': AMENT_PREFIX_PATH=/home/jetson/ros2_ws/src/install/darknet_ros_msgs:${AMENT_PREFIX_PATH} CMAKE_PREFIX_PATH=/home/jetson/ros2_ws/src/install/darknet_ros_msgs:${CMAKE_PREFIX_PATH} LD_LIBRARY_PATH=/home/jetson/ros2_ws/src/install/darknet_ros_msgs/lib:${LD_LIBRARY_PATH} PYTHONPATH=/home/jetson/ros2_ws/src/install/humancount_1/lib/python3.8/site-packages:/home/jetson/ros2_ws/src/install/darknet_ros_msgs/lib/python3.8/site-packages:${PYTHONPATH} /usr/bin/python3 setup.py develop --prefix /home/jetson/ros2_ws/src/install/humancount_1 --editable --build-directory /home/jetson/ros2_ws/src/build/humancount_1/build --no-deps install_data --install-dir /home/jetson/ros2_ws/src/install/humancount_1
[10.551s] /usr/local/lib/python3.8/dist-packages/setuptools/dist.py:772: UserWarning: Usage of dash-separated 'script-dir' will not be supported in future versions. Please use the underscore name 'script_dir' instead
[10.551s]   warnings.warn(
[10.553s] /usr/local/lib/python3.8/dist-packages/setuptools/dist.py:772: UserWarning: Usage of dash-separated 'install-scripts' will not be supported in future versions. Please use the underscore name 'install_scripts' instead
[10.553s]   warnings.warn(
[13.441s] running develop
[13.442s] /usr/local/lib/python3.8/dist-packages/setuptools/command/easy_install.py:144: EasyInstallDeprecationWarning: easy_install command is deprecated. Use build and pip and other standards-based tools.
[13.442s]   warnings.warn(
[14.108s] /usr/local/lib/python3.8/dist-packages/setuptools/command/install.py:34: SetuptoolsDeprecationWarning: setup.py install is deprecated. Use build and pip and other standards-based tools.
[14.109s]   warnings.warn(
[15.465s] /usr/local/lib/python3.8/dist-packages/pkg_resources/__init__.py:123: PkgResourcesDeprecationWarning: 0.1.36ubuntu1 is an invalid version and will not be supported in a future release
[15.466s]   warnings.warn(
[15.466s] /usr/local/lib/python3.8/dist-packages/pkg_resources/__init__.py:123: PkgResourcesDeprecationWarning: 0.23ubuntu1 is an invalid version and will not be supported in a future release
[15.466s]   warnings.warn(
[15.949s] running egg_info
[16.278s] writing humancount_1.egg-info/PKG-INFO
[16.550s] writing dependency_links to humancount_1.egg-info/dependency_links.txt
[17.363s] writing entry points to humancount_1.egg-info/entry_points.txt
[17.906s] writing requirements to humancount_1.egg-info/requires.txt
[18.178s] writing top-level names to humancount_1.egg-info/top_level.txt
[18.583s] reading manifest file 'humancount_1.egg-info/SOURCES.txt'
[18.587s] writing manifest file 'humancount_1.egg-info/SOURCES.txt'
[19.169s] running build_ext
[19.170s] Creating /home/jetson/ros2_ws/src/install/humancount_1/lib/python3.8/site-packages/humancount-1.egg-link (link to .)
[19.171s] Installing humcount script to /home/jetson/ros2_ws/src/install/humancount_1/lib/humancount_1
[19.172s] 
[19.173s] Installed /home/jetson/ros2_ws/src/build/humancount_1
[19.173s] running install_data
[19.415s] Invoked command in '/home/jetson/ros2_ws/src/build/humancount_1' returned '0': AMENT_PREFIX_PATH=/home/jetson/ros2_ws/src/install/darknet_ros_msgs:${AMENT_PREFIX_PATH} CMAKE_PREFIX_PATH=/home/jetson/ros2_ws/src/install/darknet_ros_msgs:${CMAKE_PREFIX_PATH} LD_LIBRARY_PATH=/home/jetson/ros2_ws/src/install/darknet_ros_msgs/lib:${LD_LIBRARY_PATH} PYTHONPATH=/home/jetson/ros2_ws/src/install/humancount_1/lib/python3.8/site-packages:/home/jetson/ros2_ws/src/install/darknet_ros_msgs/lib/python3.8/site-packages:${PYTHONPATH} /usr/bin/python3 setup.py develop --prefix /home/jetson/ros2_ws/src/install/humancount_1 --editable --build-directory /home/jetson/ros2_ws/src/build/humancount_1/build --no-deps install_data --install-dir /home/jetson/ros2_ws/src/install/humancount_1
