[36.702s] Invoking command in '/home/jetson/ros2_ws/build/yolo_den': PYTHONPATH=/home/jetson/ros2_ws/install/yolo_den/lib/python3.8/site-packages:${PYTHONPATH} /usr/bin/python3 setup.py develop --prefix /home/jetson/ros2_ws/install/yolo_den --editable --build-directory /home/jetson/ros2_ws/build/yolo_den/build --no-deps install_data --install-dir /home/jetson/ros2_ws/install/yolo_den
[39.188s] /usr/local/lib/python3.8/dist-packages/setuptools/dist.py:772: UserWarning: Usage of dash-separated 'script-dir' will not be supported in future versions. Please use the underscore name 'script_dir' instead
[39.188s]   warnings.warn(
[39.190s] /usr/local/lib/python3.8/dist-packages/setuptools/dist.py:772: UserWarning: Usage of dash-separated 'install-scripts' will not be supported in future versions. Please use the underscore name 'install_scripts' instead
[39.191s]   warnings.warn(
[44.163s] running develop
[44.165s] /usr/local/lib/python3.8/dist-packages/setuptools/command/easy_install.py:144: EasyInstallDeprecationWarning: easy_install command is deprecated. Use build and pip and other standards-based tools.
[44.165s]   warnings.warn(
[45.242s] /usr/local/lib/python3.8/dist-packages/setuptools/command/install.py:34: SetuptoolsDeprecationWarning: setup.py install is deprecated. Use build and pip and other standards-based tools.
[45.244s]   warnings.warn(
[47.668s] /usr/local/lib/python3.8/dist-packages/pkg_resources/__init__.py:123: PkgResourcesDeprecationWarning: 0.1.36ubuntu1 is an invalid version and will not be supported in a future release
[47.668s]   warnings.warn(
[47.670s] /usr/local/lib/python3.8/dist-packages/pkg_resources/__init__.py:123: PkgResourcesDeprecationWarning: 0.23ubuntu1 is an invalid version and will not be supported in a future release
[47.671s]   warnings.warn(
[48.322s] running egg_info
[48.796s] writing yolo_den.egg-info/PKG-INFO
[49.561s] writing dependency_links to yolo_den.egg-info/dependency_links.txt
[51.915s] writing entry points to yolo_den.egg-info/entry_points.txt
[53.071s] writing requirements to yolo_den.egg-info/requires.txt
[53.661s] writing top-level names to yolo_den.egg-info/top_level.txt
[54.672s] reading manifest file 'yolo_den.egg-info/SOURCES.txt'
[54.678s] writing manifest file 'yolo_den.egg-info/SOURCES.txt'
[55.632s] running build_ext
[55.633s] Creating /home/jetson/ros2_ws/install/yolo_den/lib/python3.8/site-packages/yolo-den.egg-link (link to .)
[55.634s] Installing ysub2 script to /home/jetson/ros2_ws/install/yolo_den/lib/yolo_den
[55.634s] 
[55.635s] Installed /home/jetson/ros2_ws/build/yolo_den
[55.636s] running install_data
[56.135s] Invoked command in '/home/jetson/ros2_ws/build/yolo_den' returned '0': PYTHONPATH=/home/jetson/ros2_ws/install/yolo_den/lib/python3.8/site-packages:${PYTHONPATH} /usr/bin/python3 setup.py develop --prefix /home/jetson/ros2_ws/install/yolo_den --editable --build-directory /home/jetson/ros2_ws/build/yolo_den/build --no-deps install_data --install-dir /home/jetson/ros2_ws/install/yolo_den
