[10.465s] Invoking command in '/home/jetson/ros2_ws/build/count': AMENT_PREFIX_PATH=/home/jetson/ros2_ws/install/darknet_ros_msgs:${AMENT_PREFIX_PATH} CMAKE_PREFIX_PATH=/home/jetson/ros2_ws/install/darknet_ros_msgs LD_LIBRARY_PATH=/home/jetson/ros2_ws/install/darknet_ros_msgs/lib:${LD_LIBRARY_PATH} PYTHONPATH=/home/jetson/ros2_ws/install/count/lib/python3.8/site-packages:/home/jetson/ros2_ws/install/darknet_ros_msgs/lib/python3.8/site-packages:${PYTHONPATH} /usr/bin/python3 setup.py develop --prefix /home/jetson/ros2_ws/install/count --editable --build-directory /home/jetson/ros2_ws/build/count/build --no-deps install_data --install-dir /home/jetson/ros2_ws/install/count
[15.360s] running develop
[15.361s] /usr/local/lib/python3.8/dist-packages/setuptools/command/easy_install.py:144: EasyInstallDeprecationWarning: easy_install command is deprecated. Use build and pip and other standards-based tools.
[15.361s]   warnings.warn(
[16.143s] /usr/local/lib/python3.8/dist-packages/setuptools/command/install.py:34: SetuptoolsDeprecationWarning: setup.py install is deprecated. Use build and pip and other standards-based tools.
[16.144s]   warnings.warn(
[17.749s] /usr/local/lib/python3.8/dist-packages/pkg_resources/__init__.py:123: PkgResourcesDeprecationWarning: 0.1.36ubuntu1 is an invalid version and will not be supported in a future release
[17.749s]   warnings.warn(
[17.750s] /usr/local/lib/python3.8/dist-packages/pkg_resources/__init__.py:123: PkgResourcesDeprecationWarning: 0.23ubuntu1 is an invalid version and will not be supported in a future release
[17.750s]   warnings.warn(
[18.326s] running egg_info
[18.326s] creating count.egg-info
[18.723s] writing count.egg-info/PKG-INFO
[19.067s] writing dependency_links to count.egg-info/dependency_links.txt
[20.117s] writing entry points to count.egg-info/entry_points.txt
[20.784s] writing requirements to count.egg-info/requires.txt
[21.119s] writing top-level names to count.egg-info/top_level.txt
[21.129s] writing manifest file 'count.egg-info/SOURCES.txt'
[21.625s] reading manifest file 'count.egg-info/SOURCES.txt'
[21.628s] writing manifest file 'count.egg-info/SOURCES.txt'
[22.258s] running build_ext
[22.258s] Creating /home/jetson/ros2_ws/install/count/lib/python3.8/site-packages/count.egg-link (link to .)
[22.261s] Installing cou script to /home/jetson/ros2_ws/install/count/lib/count
[22.262s] 
[22.263s] Installed /home/jetson/ros2_ws/build/count
[22.263s] running install_data
[22.264s] creating /home/jetson/ros2_ws/install/count/share/ament_index
[22.264s] creating /home/jetson/ros2_ws/install/count/share/ament_index/resource_index
[22.265s] creating /home/jetson/ros2_ws/install/count/share/ament_index/resource_index/packages
[22.265s] copying resource/count -> /home/jetson/ros2_ws/install/count/share/ament_index/resource_index/packages
[22.266s] copying package.xml -> /home/jetson/ros2_ws/install/count/share/count
[22.536s] Invoked command in '/home/jetson/ros2_ws/build/count' returned '0': AMENT_PREFIX_PATH=/home/jetson/ros2_ws/install/darknet_ros_msgs:${AMENT_PREFIX_PATH} CMAKE_PREFIX_PATH=/home/jetson/ros2_ws/install/darknet_ros_msgs LD_LIBRARY_PATH=/home/jetson/ros2_ws/install/darknet_ros_msgs/lib:${LD_LIBRARY_PATH} PYTHONPATH=/home/jetson/ros2_ws/install/count/lib/python3.8/site-packages:/home/jetson/ros2_ws/install/darknet_ros_msgs/lib/python3.8/site-packages:${PYTHONPATH} /usr/bin/python3 setup.py develop --prefix /home/jetson/ros2_ws/install/count --editable --build-directory /home/jetson/ros2_ws/build/count/build --no-deps install_data --install-dir /home/jetson/ros2_ws/install/count
