[0.046s] Invoking command in '/home/jetson/ros2_ws/build/px4_ros_com': AMENT_PREFIX_PATH=/home/jetson/ros2_ws/install/px4_msgs:${AMENT_PREFIX_PATH} CMAKE_PREFIX_PATH=/home/jetson/ros2_ws/install/px4_msgs:/opt/ros/foxy LD_LIBRARY_PATH=/home/jetson/ros2_ws/install/px4_msgs/lib:${LD_LIBRARY_PATH} PYTHONPATH=/home/jetson/ros2_ws/install/px4_msgs/lib/python3.8/site-packages:${PYTHONPATH} /usr/local/bin/cmake --build /home/jetson/ros2_ws/build/px4_ros_com -- -j4 -l4
[0.117s] -- Using C++17 compiler
[0.118s] -- Found ament_cmake: 0.9.9 (/opt/ros/foxy/share/ament_cmake/cmake)
[0.208s] -- Using PYTHON_EXECUTABLE: /usr/bin/python3
[1.225s] -- Override CMake install command with custom implementation using symlinks instead of copying resources
[1.251s] -- Found builtin_interfaces: 1.0.0 (/opt/ros/foxy/share/builtin_interfaces/cmake)
[1.345s] -- Using all available rosidl_typesupport_c: rosidl_typesupport_fastrtps_c;rosidl_typesupport_introspection_c
[1.359s] -- Found rosidl_adapter: 1.2.1 (/opt/ros/foxy/share/rosidl_adapter/cmake)
[1.882s] -- Using all available rosidl_typesupport_cpp: rosidl_typesupport_fastrtps_cpp;rosidl_typesupport_introspection_cpp
[2.068s] -- Found rclcpp: 2.4.1 (/opt/ros/foxy/share/rclcpp/cmake)
[2.204s] -- Found rmw_implementation_cmake: 1.0.3 (/opt/ros/foxy/share/rmw_implementation_cmake/cmake)
[2.210s] -- Using RMW implementation 'rmw_fastrtps_cpp' as default
[2.806s] -- Found rmw_fastrtps_cpp: 1.3.0 (/opt/ros/foxy/share/rmw_fastrtps_cpp/cmake)
[3.286s] -- Found px4_msgs: 2.0.1 (/home/jetson/ros2_ws/install/px4_msgs/share/px4_msgs/cmake)
[3.352s] -- Found sensor_msgs: 2.0.5 (/opt/ros/foxy/share/sensor_msgs/cmake)
[3.945s] -- Found eigen3_cmake_module: 0.1.1 (/opt/ros/foxy/share/eigen3_cmake_module/cmake)
[3.971s] -- fastrtpsgen found in /usr/local/bin
[4.150s] openjdk version "11.0.15" 2022-04-19
[4.151s] OpenJDK Runtime Environment (build 11.0.15+10-Ubuntu-0ubuntu0.20.04.1)
[4.152s] OpenJDK 64-Bit Server VM (build 11.0.15+10-Ubuntu-0ubuntu0.20.04.1, mixed mode)
[4.290s] -- fastrtpsgen version 1.0.4
[4.290s] -- px4_msgs message dir under /home/jetson/ros2_ws/install/px4_msgs/share/px4_msgs/msg
[4.291s] -- IDL definitions under /home/jetson/ros2_ws/install/px4_msgs/share/px4_msgs/msg
[4.291s] -- Retrieving list of msgs to send...
[4.519s] -- List of msgs to send: DebugArray, DebugKeyValue, DebugValue, DebugVect, OffboardControlMode, OnboardComputerStatus, PositionSetpoint, PositionSetpointTriplet, SensorOpticalFlow, TelemetryStatus, Timesync, TrajectoryBezier, TrajectorySetpoint, VehicleCommand, VehicleLocalPositionSetpoint, VehicleTrajectoryBezier, VehicleTrajectoryWaypoint, VehicleMocapOdometry, VehicleVisualOdometry
[4.519s] -- Retrieving list of msgs to receive...
[4.747s] -- List of msgs to receive: CollisionConstraints, SensorCombined, Timesync, TimesyncStatus, TrajectoryWaypoint, VehicleControlMode, VehicleLocalPosition, VehicleOdometry, VehicleStatus
[5.093s] -- Configuring done
[5.573s] -- Generating done
[5.581s] -- Build files have been written to: /home/jetson/ros2_ws/build/px4_ros_com
[5.633s] make[2]: Warning: File 'CMakeFiles/setpoint.dir/depend.make' has modification time 8992668 s in the future
[5.634s] make[2]: Warning: File 'CMakeFiles/frame_transforms.dir/depend.make' has modification time 8887889 s in the future
[5.649s] make[2]: warning:  Clock skew detected.  Your build may be incomplete.
[5.650s] make[2]: warning:  Clock skew detected.  Your build may be incomplete.
[5.657s] [35m[1mScanning dependencies of target offboard_control[0m
[5.661s] make[2]: Warning: File 'CMakeFiles/setpoint.dir/depend.make' has modification time 8992668 s in the future
[5.666s] make[2]: warning:  Clock skew detected.  Your build may be incomplete.
[5.667s] make[2]: Warning: File 'CMakeFiles/frame_transforms.dir/depend.make' has modification time 8887889 s in the future
[5.670s] make[2]: warning:  Clock skew detected.  Your build may be incomplete.
[5.680s] [  4%] Built target frame_transforms
[5.682s] [  4%] Built target setpoint
[5.690s] make[2]: Warning: File 'CMakeFiles/vehicle_gps_position_listener.dir/depend.make' has modification time 8887993 s in the future
[5.691s] make[2]: Warning: File 'CMakeFiles/debug_vect_advertiser.dir/depend.make' has modification time 8887993 s in the future
[5.706s] make[2]: warning:  Clock skew detected.  Your build may be incomplete.
[5.707s] make[2]: warning:  Clock skew detected.  Your build may be incomplete.
[5.712s] make[2]: Warning: File 'CMakeFiles/micrortps_agent.dir/depend.make' has modification time 8887936 s in the future
[5.715s] make[2]: Warning: File 'CMakeFiles/vehicle_gps_position_listener.dir/depend.make' has modification time 8887993 s in the future
[5.715s] make[2]: Warning: File 'CMakeFiles/debug_vect_advertiser.dir/depend.make' has modification time 8887993 s in the future
[5.718s] make[2]: warning:  Clock skew detected.  Your build may be incomplete.
[5.718s] make[2]: warning:  Clock skew detected.  Your build may be incomplete.
[5.729s] [  7%] Built target debug_vect_advertiser
[5.729s] [  7%] Built target vehicle_gps_position_listener
[5.737s] make[2]: Warning: File 'CMakeFiles/sensor_combined_listener.dir/depend.make' has modification time 8888023 s in the future
[5.744s] make[2]: warning:  Clock skew detected.  Your build may be incomplete.
[5.753s] make[2]: warning:  Clock skew detected.  Your build may be incomplete.
[5.760s] make[2]: Warning: File 'CMakeFiles/sensor_combined_listener.dir/depend.make' has modification time 8888023 s in the future
[5.763s] make[2]: warning:  Clock skew detected.  Your build may be incomplete.
[5.773s] [  9%] Built target sensor_combined_listener
[5.818s] make[2]: Warning: File 'CMakeFiles/micrortps_agent.dir/depend.make' has modification time 8887936 s in the future
[5.824s] make[2]: warning:  Clock skew detected.  Your build may be incomplete.
[5.840s] [ 98%] Built target micrortps_agent
[7.136s] make[2]: Warning: File 'offboard_control' has modification time 8992730 s in the future
[7.151s] [ 99%] [32mBuilding CXX object CMakeFiles/offboard_control.dir/src/examples/offboard/offboard_control.cpp.o[0m
[21.692s] [01m[K/home/jetson/ros2_ws/src/px4_ros_com/src/examples/offboard/offboard_control.cpp:[m[K In lambda function:
[21.692s] [01m[K/home/jetson/ros2_ws/src/px4_ros_com/src/examples/offboard/offboard_control.cpp:131:17:[m[K [01;35m[Kwarning: [m[Kignoring return value of ‘[01m[Kint system(const char*)[m[K’, declared with attribute warn_unused_result [[01;35m[K-Wunused-result[m[K]
[21.693s]       [01;35m[Kstd::system("gnome-terminal -- bash -c 'python3 ~/ros2_ws/servo.py'")[m[K;
[21.693s]       [01;35m[K~~~~~~~~~~~^~~~~~~~~~~~~~~~~~~~~~~~~~~~~~~~~~~~~~~~~~~~~~~~~~~~~~~~~~[m[K
[21.694s] [01m[K/home/jetson/ros2_ws/src/px4_ros_com/src/examples/offboard/offboard_control.cpp:[m[K In lambda function:
[21.694s] [01m[K/home/jetson/ros2_ws/src/px4_ros_com/src/examples/offboard/offboard_control.cpp:54:16:[m[K [01;35m[Kwarning: [m[Kignoring return value of ‘[01m[Kint system(const char*)[m[K’, declared with attribute warn_unused_result [[01;35m[K-Wunused-result[m[K]
[21.695s]      [01;35m[Kstd::system("gnome-terminal -- bash -c 'source ~/px4_ros_com_ros2/install/setup.bash && ros2 launch px4_ros_com sensor_combined_listener.launch.py'")[m[K;
[21.695s]      [01;35m[K~~~~~~~~~~~^~~~~~~~~~~~~~~~~~~~~~~~~~~~~~~~~~~~~~~~~~~~~~~~~~~~~~~~~~~~~~~~~~~~~~~~~~~~~~~~~~~~~~~~~~~~~~~~~~~~~~~~~~~~~~~~~~~~~~~~~~~~~~~~~~~~~~~~~~[m[K
[64.858s] make[2]: warning:  Clock skew detected.  Your build may be incomplete.
[64.869s] [100%] Built target offboard_control
[64.891s] Invoked command in '/home/jetson/ros2_ws/build/px4_ros_com' returned '0': AMENT_PREFIX_PATH=/home/jetson/ros2_ws/install/px4_msgs:${AMENT_PREFIX_PATH} CMAKE_PREFIX_PATH=/home/jetson/ros2_ws/install/px4_msgs:/opt/ros/foxy LD_LIBRARY_PATH=/home/jetson/ros2_ws/install/px4_msgs/lib:${LD_LIBRARY_PATH} PYTHONPATH=/home/jetson/ros2_ws/install/px4_msgs/lib/python3.8/site-packages:${PYTHONPATH} /usr/local/bin/cmake --build /home/jetson/ros2_ws/build/px4_ros_com -- -j4 -l4
[65.648s] Invoking command in '/home/jetson/ros2_ws/build/px4_ros_com': AMENT_PREFIX_PATH=/home/jetson/ros2_ws/install/px4_msgs:${AMENT_PREFIX_PATH} CMAKE_PREFIX_PATH=/home/jetson/ros2_ws/install/px4_msgs:/opt/ros/foxy LD_LIBRARY_PATH=/home/jetson/ros2_ws/install/px4_msgs/lib:${LD_LIBRARY_PATH} PYTHONPATH=/home/jetson/ros2_ws/install/px4_msgs/lib/python3.8/site-packages:${PYTHONPATH} /usr/local/bin/cmake --install /home/jetson/ros2_ws/build/px4_ros_com
[65.659s] -- Install configuration: "RELWITHDEBINFO"
[65.661s] -- Execute custom install script
[65.662s] -- Up-to-date symlink: /home/jetson/ros2_ws/install/px4_ros_com/lib/px4_ros_com/sensor_combined_listener
[65.664s] -- Up-to-date symlink: /home/jetson/ros2_ws/install/px4_ros_com/lib/px4_ros_com/vehicle_gps_position_listener
[65.665s] -- Up-to-date symlink: /home/jetson/ros2_ws/install/px4_ros_com/lib/px4_ros_com/debug_vect_advertiser
[65.666s] -- Up-to-date symlink: /home/jetson/ros2_ws/install/px4_ros_com/lib/px4_ros_com/offboard_control
[65.668s] -- Up-to-date symlink: /home/jetson/ros2_ws/install/px4_ros_com/lib/px4_ros_com/setpoint
[65.669s] -- Up-to-date symlink: /home/jetson/ros2_ws/install/px4_ros_com/share/px4_ros_com/environment/library_path.sh
[65.670s] -- Up-to-date symlink: /home/jetson/ros2_ws/install/px4_ros_com/share/px4_ros_com/environment/library_path.dsv
[65.672s] -- Up-to-date symlink: /home/jetson/ros2_ws/install/px4_ros_com/include/px4_ros_com/frame_transforms.h
[65.673s] -- Up-to-date symlink: /home/jetson/ros2_ws/install/px4_ros_com/share/px4_ros_com/cmake/EnableC++XX.cmake
[65.674s] -- Up-to-date symlink: /home/jetson/ros2_ws/install/px4_ros_com/share/px4_ros_com/cmake/EnableSanitizers.cmake
[65.674s] -- Up-to-date symlink: /home/jetson/ros2_ws/install/px4_ros_com/share/px4_ros_com/cmake/GenerateMicroRTPSAgent.cmake
[65.676s] -- Up-to-date symlink: /home/jetson/ros2_ws/install/px4_ros_com/share/px4_ros_com/launch/sensor_combined_listener.launch.py
[65.678s] -- Up-to-date symlink: /home/jetson/ros2_ws/install/px4_ros_com/share/px4_ros_com/test/__init__.py
[65.678s] -- Up-to-date symlink: /home/jetson/ros2_ws/install/px4_ros_com/share/px4_ros_com/test/pipeline_io_test.py
[65.679s] -- Up-to-date symlink: /home/jetson/ros2_ws/install/px4_ros_com/share/px4_ros_com/test/test_input.py
[65.680s] -- Up-to-date symlink: /home/jetson/ros2_ws/install/px4_ros_com/share/px4_ros_com/test/test_output.py
[65.681s] -- Up-to-date symlink: /home/jetson/ros2_ws/install/px4_ros_com/share/ament_index/resource_index/package_run_dependencies/px4_ros_com
[65.682s] -- Up-to-date symlink: /home/jetson/ros2_ws/install/px4_ros_com/share/ament_index/resource_index/parent_prefix_path/px4_ros_com
[65.683s] -- Up-to-date symlink: /home/jetson/ros2_ws/install/px4_ros_com/share/px4_ros_com/environment/ament_prefix_path.sh
[65.684s] -- Up-to-date symlink: /home/jetson/ros2_ws/install/px4_ros_com/share/px4_ros_com/environment/ament_prefix_path.dsv
[65.685s] -- Up-to-date symlink: /home/jetson/ros2_ws/install/px4_ros_com/share/px4_ros_com/environment/path.sh
[65.686s] -- Up-to-date symlink: /home/jetson/ros2_ws/install/px4_ros_com/share/px4_ros_com/environment/path.dsv
[65.687s] -- Up-to-date symlink: /home/jetson/ros2_ws/install/px4_ros_com/share/px4_ros_com/local_setup.bash
[65.688s] -- Up-to-date symlink: /home/jetson/ros2_ws/install/px4_ros_com/share/px4_ros_com/local_setup.sh
[65.689s] -- Up-to-date symlink: /home/jetson/ros2_ws/install/px4_ros_com/share/px4_ros_com/local_setup.zsh
[65.690s] -- Up-to-date symlink: /home/jetson/ros2_ws/install/px4_ros_com/share/px4_ros_com/local_setup.dsv
[65.691s] -- Symlinking: /home/jetson/ros2_ws/install/px4_ros_com/share/px4_ros_com/package.dsv
[65.702s] -- Up-to-date symlink: /home/jetson/ros2_ws/install/px4_ros_com/share/ament_index/resource_index/packages/px4_ros_com
[65.702s] -- Up-to-date symlink: /home/jetson/ros2_ws/install/px4_ros_com/share/px4_ros_com/cmake/ament_cmake_export_dependencies-extras.cmake
[65.704s] -- Up-to-date symlink: /home/jetson/ros2_ws/install/px4_ros_com/share/px4_ros_com/cmake/ament_cmake_export_targets-extras.cmake
[65.704s] -- Up-to-date symlink: /home/jetson/ros2_ws/install/px4_ros_com/share/px4_ros_com/cmake/ament_cmake_export_include_directories-extras.cmake
[65.705s] -- Up-to-date symlink: /home/jetson/ros2_ws/install/px4_ros_com/share/px4_ros_com/cmake/ament_cmake_export_libraries-extras.cmake
[65.706s] -- Up-to-date symlink: /home/jetson/ros2_ws/install/px4_ros_com/share/px4_ros_com/cmake/px4_ros_comConfig.cmake
[65.707s] -- Up-to-date symlink: /home/jetson/ros2_ws/install/px4_ros_com/share/px4_ros_com/cmake/px4_ros_comConfig-version.cmake
[65.708s] -- Up-to-date symlink: /home/jetson/ros2_ws/install/px4_ros_com/share/px4_ros_com/package.xml
[65.709s] -- Up-to-date: /home/jetson/ros2_ws/install/px4_ros_com/lib/libframe_transforms.so
[65.710s] -- Up-to-date: /home/jetson/ros2_ws/install/px4_ros_com/bin/micrortps_agent
[65.712s] -- Up-to-date: /home/jetson/ros2_ws/install/px4_ros_com/share/px4_ros_com/cmake/export_frame_transformsExport.cmake
[65.712s] -- Installing: /home/jetson/ros2_ws/install/px4_ros_com/share/px4_ros_com/cmake/export_frame_transformsExport-relwithdebinfo.cmake
[65.724s] Invoked command in '/home/jetson/ros2_ws/build/px4_ros_com' returned '0': AMENT_PREFIX_PATH=/home/jetson/ros2_ws/install/px4_msgs:${AMENT_PREFIX_PATH} CMAKE_PREFIX_PATH=/home/jetson/ros2_ws/install/px4_msgs:/opt/ros/foxy LD_LIBRARY_PATH=/home/jetson/ros2_ws/install/px4_msgs/lib:${LD_LIBRARY_PATH} PYTHONPATH=/home/jetson/ros2_ws/install/px4_msgs/lib/python3.8/site-packages:${PYTHONPATH} /usr/local/bin/cmake --install /home/jetson/ros2_ws/build/px4_ros_com
