make: Warning: File 'Makefile' has modification time 135 s in the future
make[2]: Warning: File 'CMakeFiles/px4_msgs__cpp.dir/build.make' has modification time 304 s in the future
make[2]: warning:  Clock skew detected.  Your build may be incomplete.
make[2]: Warning: File 'CMakeFiles/px4_msgs__cpp.dir/build.make' has modification time 304 s in the future
make[2]: warning:  Clock skew detected.  Your build may be incomplete.
make[2]: Warning: File 'CMakeFiles/px4_msgs__rosidl_generator_c.dir/flags.make' has modification time 302 s in the future
make[2]: warning:  Clock skew detected.  Your build may be incomplete.
make[2]: Warning: File 'CMakeFiles/px4_msgs__rosidl_generator_c.dir/flags.make' has modification time 302 s in the future
make[2]: warning:  Clock skew detected.  Your build may be incomplete.
make[2]: Warning: File 'CMakeFiles/px4_msgs__rosidl_typesupport_cpp.dir/flags.make' has modification time 303 s in the future
make[2]: warning:  Clock skew detected.  Your build may be incomplete.
make[2]: Warning: File 'CMakeFiles/px4_msgs__rosidl_typesupport_cpp.dir/flags.make' has modification time 303 s in the future
make[2]: warning:  Clock skew detected.  Your build may be incomplete.
make[2]: Warning: File 'CMakeFiles/px4_msgs__rosidl_typesupport_introspection_c.dir/flags.make' has modification time 303 s in the future
make[2]: warning:  Clock skew detected.  Your build may be incomplete.
make[2]: Warning: File 'CMakeFiles/px4_msgs__rosidl_typesupport_introspection_c.dir/flags.make' has modification time 302 s in the future
make[2]: warning:  Clock skew detected.  Your build may be incomplete.
make[2]: Warning: File 'CMakeFiles/px4_msgs__rosidl_typesupport_c.dir/flags.make' has modification time 302 s in the future
make[2]: warning:  Clock skew detected.  Your build may be incomplete.
make[2]: Warning: File 'CMakeFiles/px4_msgs__rosidl_typesupport_c.dir/flags.make' has modification time 302 s in the future
make[2]: warning:  Clock skew detected.  Your build may be incomplete.
make[2]: Warning: File 'CMakeFiles/px4_msgs__rosidl_typesupport_fastrtps_cpp.dir/flags.make' has modification time 302 s in the future
make[2]: warning:  Clock skew detected.  Your build may be incomplete.
make[2]: Warning: File 'CMakeFiles/px4_msgs__rosidl_typesupport_fastrtps_cpp.dir/flags.make' has modification time 301 s in the future
make[2]: warning:  Clock skew detected.  Your build may be incomplete.
make[2]: Warning: File 'CMakeFiles/px4_msgs__rosidl_typesupport_introspection_cpp.dir/flags.make' has modification time 302 s in the future
make[2]: warning:  Clock skew detected.  Your build may be incomplete.
make[2]: Warning: File 'CMakeFiles/px4_msgs__rosidl_typesupport_introspection_cpp.dir/flags.make' has modification time 302 s in the future
make[2]: warning:  Clock skew detected.  Your build may be incomplete.
make[2]: Warning: File 'CMakeFiles/px4_msgs__rosidl_typesupport_fastrtps_c.dir/flags.make' has modification time 299 s in the future
make[2]: warning:  Clock skew detected.  Your build may be incomplete.
make[2]: Warning: File 'CMakeFiles/px4_msgs__rosidl_typesupport_fastrtps_c.dir/flags.make' has modification time 299 s in the future
make[2]: warning:  Clock skew detected.  Your build may be incomplete.
make[2]: Warning: File 'CMakeFiles/px4_msgs.dir/build.make' has modification time 299 s in the future
make[2]: warning:  Clock skew detected.  Your build may be incomplete.
make[2]: Warning: File 'CMakeFiles/px4_msgs.dir/build.make' has modification time 299 s in the future
make[2]: warning:  Clock skew detected.  Your build may be incomplete.
make[2]: Warning: File 'px4_msgs__py/CMakeFiles/px4_msgs__py.dir/build.make' has modification time 303 s in the future
make[2]: warning:  Clock skew detected.  Your build may be incomplete.
make[2]: Warning: File 'px4_msgs__py/CMakeFiles/px4_msgs__py.dir/build.make' has modification time 303 s in the future
make[2]: warning:  Clock skew detected.  Your build may be incomplete.
make[2]: Warning: File 'CMakeFiles/px4_msgs__python.dir/flags.make' has modification time 300 s in the future
make[2]: warning:  Clock skew detected.  Your build may be incomplete.
make[2]: Warning: File 'CMakeFiles/px4_msgs__python.dir/flags.make' has modification time 299 s in the future
make[2]: warning:  Clock skew detected.  Your build may be incomplete.
make[2]: Warning: File 'CMakeFiles/px4_msgs__rosidl_typesupport_c__pyext.dir/flags.make' has modification time 298 s in the future
make[2]: warning:  Clock skew detected.  Your build may be incomplete.
make[2]: Warning: File 'CMakeFiles/px4_msgs__rosidl_typesupport_c__pyext.dir/flags.make' has modification time 298 s in the future
make[2]: warning:  Clock skew detected.  Your build may be incomplete.
make[2]: Warning: File 'CMakeFiles/px4_msgs__rosidl_typesupport_fastrtps_c__pyext.dir/flags.make' has modification time 298 s in the future
make[2]: warning:  Clock skew detected.  Your build may be incomplete.
make[2]: Warning: File 'CMakeFiles/px4_msgs__rosidl_typesupport_fastrtps_c__pyext.dir/flags.make' has modification time 298 s in the future
make[2]: warning:  Clock skew detected.  Your build may be incomplete.
make[2]: Warning: File 'CMakeFiles/px4_msgs__rosidl_typesupport_introspection_c__pyext.dir/flags.make' has modification time 298 s in the future
make[2]: warning:  Clock skew detected.  Your build may be incomplete.
make[2]: Warning: File 'CMakeFiles/px4_msgs__rosidl_typesupport_introspection_c__pyext.dir/flags.make' has modification time 298 s in the future
make[2]: warning:  Clock skew detected.  Your build may be incomplete.
make: warning:  Clock skew detected.  Your build may be incomplete.
