[9.999s] Invoking command in '/home/jetson/ros2_ws/build/humancount': CMAKE_PREFIX_PATH=/home/jetson/ros2_ws/install/darknet_ros_msgs:/home/jetson/ros2_ws/install/px4_ros_com:/home/jetson/ros2_ws/install/px4_msgs:/home/jetson/ros2_ws/install/darknet_ros LD_LIBRARY_PATH=/home/jetson/ros2_ws/install/darknet_ros_msgs/lib:/home/jetson/ros2_ws/install/px4_ros_com/lib:/home/jetson/ros2_ws/install/px4_msgs/lib:/home/jetson/ros2_ws/install/darknet_ros/lib:/opt/ros/foxy/opt/yaml_cpp_vendor/lib:/opt/ros/foxy/opt/rviz_ogre_vendor/lib:/opt/ros/foxy/lib/aarch64-linux-gnu:/opt/ros/foxy/lib PYTHONPATH=/home/jetson/ros2_ws/install/humancount/lib/python3.8/site-packages:/home/jetson/ros2_ws/install/darknet_ros_msgs/lib/python3.8/site-packages:/home/jetson/ros2_ws/install/yolo_den/lib/python3.8/site-packages:/home/jetson/ros2_ws/install/termal/lib/python3.8/site-packages:/home/jetson/ros2_ws/install/px4_msgs/lib/python3.8/site-packages:/home/jetson/ros2_ws/build/humcount:/home/jetson/ros2_ws/install/humcount/lib/python3.8/site-packages:/home/jetson/ros2_ws/build/humancount:/home/jetson/ros2_ws/install/humancount/lib/python3.8/site-packages:/home/jetson/ros2_ws/build/count:/home/jetson/ros2_ws/install/count/lib/python3.8/site-packages:/home/jetson/ros2_ws/install/cvdeneme/lib/python3.8/site-packages:/opt/ros/foxy/lib/python3.8/site-packages /usr/bin/python3 setup.py develop --prefix /home/jetson/ros2_ws/install/humancount --editable --build-directory /home/jetson/ros2_ws/build/humancount/build --no-deps install_data --install-dir /home/jetson/ros2_ws/install/humancount
[11.390s] /usr/local/lib/python3.8/dist-packages/setuptools/dist.py:772: UserWarning: Usage of dash-separated 'script-dir' will not be supported in future versions. Please use the underscore name 'script_dir' instead
[11.390s]   warnings.warn(
[11.392s] /usr/local/lib/python3.8/dist-packages/setuptools/dist.py:772: UserWarning: Usage of dash-separated 'install-scripts' will not be supported in future versions. Please use the underscore name 'install_scripts' instead
[11.393s]   warnings.warn(
[14.435s] running develop
[14.436s] /usr/local/lib/python3.8/dist-packages/setuptools/command/easy_install.py:144: EasyInstallDeprecationWarning: easy_install command is deprecated. Use build and pip and other standards-based tools.
[14.437s]   warnings.warn(
[15.146s] /usr/local/lib/python3.8/dist-packages/setuptools/command/install.py:34: SetuptoolsDeprecationWarning: setup.py install is deprecated. Use build and pip and other standards-based tools.
[15.147s]   warnings.warn(
[16.580s] /usr/local/lib/python3.8/dist-packages/pkg_resources/__init__.py:123: PkgResourcesDeprecationWarning: 0.1.36ubuntu1 is an invalid version and will not be supported in a future release
[16.581s]   warnings.warn(
[16.581s] /usr/local/lib/python3.8/dist-packages/pkg_resources/__init__.py:123: PkgResourcesDeprecationWarning: 0.23ubuntu1 is an invalid version and will not be supported in a future release
[16.582s]   warnings.warn(
[17.123s] running egg_info
[17.484s] writing humancount.egg-info/PKG-INFO
[17.779s] writing dependency_links to humancount.egg-info/dependency_links.txt
[18.679s] writing entry points to humancount.egg-info/entry_points.txt
[19.278s] writing requirements to humancount.egg-info/requires.txt
[19.579s] writing top-level names to humancount.egg-info/top_level.txt
[20.041s] reading manifest file 'humancount.egg-info/SOURCES.txt'
[20.048s] writing manifest file 'humancount.egg-info/SOURCES.txt'
[20.653s] running build_ext
[20.654s] Creating /home/jetson/ros2_ws/install/humancount/lib/python3.8/site-packages/humancount.egg-link (link to .)
[20.656s] Installing hum script to /home/jetson/ros2_ws/install/humancount/lib/humancount
[20.658s] 
[20.659s] Installed /home/jetson/ros2_ws/build/humancount
[20.659s] running install_data
[20.905s] Invoked command in '/home/jetson/ros2_ws/build/humancount' returned '0': CMAKE_PREFIX_PATH=/home/jetson/ros2_ws/install/darknet_ros_msgs:/home/jetson/ros2_ws/install/px4_ros_com:/home/jetson/ros2_ws/install/px4_msgs:/home/jetson/ros2_ws/install/darknet_ros LD_LIBRARY_PATH=/home/jetson/ros2_ws/install/darknet_ros_msgs/lib:/home/jetson/ros2_ws/install/px4_ros_com/lib:/home/jetson/ros2_ws/install/px4_msgs/lib:/home/jetson/ros2_ws/install/darknet_ros/lib:/opt/ros/foxy/opt/yaml_cpp_vendor/lib:/opt/ros/foxy/opt/rviz_ogre_vendor/lib:/opt/ros/foxy/lib/aarch64-linux-gnu:/opt/ros/foxy/lib PYTHONPATH=/home/jetson/ros2_ws/install/humancount/lib/python3.8/site-packages:/home/jetson/ros2_ws/install/darknet_ros_msgs/lib/python3.8/site-packages:/home/jetson/ros2_ws/install/yolo_den/lib/python3.8/site-packages:/home/jetson/ros2_ws/install/termal/lib/python3.8/site-packages:/home/jetson/ros2_ws/install/px4_msgs/lib/python3.8/site-packages:/home/jetson/ros2_ws/build/humcount:/home/jetson/ros2_ws/install/humcount/lib/python3.8/site-packages:/home/jetson/ros2_ws/build/humancount:/home/jetson/ros2_ws/install/humancount/lib/python3.8/site-packages:/home/jetson/ros2_ws/build/count:/home/jetson/ros2_ws/install/count/lib/python3.8/site-packages:/home/jetson/ros2_ws/install/cvdeneme/lib/python3.8/site-packages:/opt/ros/foxy/lib/python3.8/site-packages /usr/bin/python3 setup.py develop --prefix /home/jetson/ros2_ws/install/humancount --editable --build-directory /home/jetson/ros2_ws/build/humancount/build --no-deps install_data --install-dir /home/jetson/ros2_ws/install/humancount
