[15.396s] Invoking command in '/home/jetson/ros2_ws/build/termal': PYTHONPATH=/home/jetson/ros2_ws/install/termal/lib/python3.8/site-packages:${PYTHONPATH} /usr/bin/python3 setup.py develop --prefix /home/jetson/ros2_ws/install/termal --editable --build-directory /home/jetson/ros2_ws/build/termal/build --no-deps install_data --install-dir /home/jetson/ros2_ws/install/termal
[16.910s] /usr/local/lib/python3.8/dist-packages/setuptools/dist.py:772: UserWarning: Usage of dash-separated 'script-dir' will not be supported in future versions. Please use the underscore name 'script_dir' instead
[16.911s]   warnings.warn(
[16.913s] /usr/local/lib/python3.8/dist-packages/setuptools/dist.py:772: UserWarning: Usage of dash-separated 'install-scripts' will not be supported in future versions. Please use the underscore name 'install_scripts' instead
[16.914s]   warnings.warn(
[20.579s] running develop
[20.580s] /usr/local/lib/python3.8/dist-packages/setuptools/command/easy_install.py:144: EasyInstallDeprecationWarning: easy_install command is deprecated. Use build and pip and other standards-based tools.
[20.580s]   warnings.warn(
[21.434s] /usr/local/lib/python3.8/dist-packages/setuptools/command/install.py:34: SetuptoolsDeprecationWarning: setup.py install is deprecated. Use build and pip and other standards-based tools.
[21.434s]   warnings.warn(
[23.193s] /usr/local/lib/python3.8/dist-packages/pkg_resources/__init__.py:123: PkgResourcesDeprecationWarning: 0.1.36ubuntu1 is an invalid version and will not be supported in a future release
[23.194s]   warnings.warn(
[23.194s] /usr/local/lib/python3.8/dist-packages/pkg_resources/__init__.py:123: PkgResourcesDeprecationWarning: 0.23ubuntu1 is an invalid version and will not be supported in a future release
[23.195s]   warnings.warn(
[23.806s] running egg_info
[24.230s] writing termal.egg-info/PKG-INFO
[24.578s] writing dependency_links to termal.egg-info/dependency_links.txt
[25.722s] writing entry points to termal.egg-info/entry_points.txt
[26.452s] writing requirements to termal.egg-info/requires.txt
[26.820s] writing top-level names to termal.egg-info/top_level.txt
[27.349s] reading manifest file 'termal.egg-info/SOURCES.txt'
[27.353s] writing manifest file 'termal.egg-info/SOURCES.txt'
[28.012s] running build_ext
[28.013s] Creating /home/jetson/ros2_ws/install/termal/lib/python3.8/site-packages/termal.egg-link (link to .)
[28.018s] Installing ter script to /home/jetson/ros2_ws/install/termal/lib/termal
[28.019s] 
[28.020s] Installed /home/jetson/ros2_ws/build/termal
[28.021s] running install_data
[28.297s] Invoked command in '/home/jetson/ros2_ws/build/termal' returned '0': PYTHONPATH=/home/jetson/ros2_ws/install/termal/lib/python3.8/site-packages:${PYTHONPATH} /usr/bin/python3 setup.py develop --prefix /home/jetson/ros2_ws/install/termal --editable --build-directory /home/jetson/ros2_ws/build/termal/build --no-deps install_data --install-dir /home/jetson/ros2_ws/install/termal
