[0.199s] Invoking command in '/home/jetson/ros2_ws/build/darknet_ros_msgs': CMAKE_PREFIX_PATH=/opt/ros/foxy /usr/local/bin/cmake --build /home/jetson/ros2_ws/build/darknet_ros_msgs -- -j4 -l4
[9.594s] make[2]: Warning: File 'rosidl_generator_cpp/darknet_ros_msgs/msg/bounding_box.hpp' has modification time 675 s in the future
[9.595s] make[2]: warning:  Clock skew detected.  Your build may be incomplete.
[9.596s] make[2]: Warning: File 'CMakeFiles/darknet_ros_msgs__rosidl_generator_c.dir/depend.make' has modification time 679 s in the future
[9.597s] make[2]: warning:  Clock skew detected.  Your build may be incomplete.
[9.598s] make[2]: Warning: File 'CMakeFiles/darknet_ros_msgs__rosidl_generator_c.dir/depend.make' has modification time 679 s in the future
[9.600s] make[2]: warning:  Clock skew detected.  Your build may be incomplete.
[9.601s] make[2]: Warning: File 'CMakeFiles/darknet_ros_msgs__rosidl_typesupport_cpp.dir/depend.make' has modification time 683 s in the future
[9.606s] make[2]: warning:  Clock skew detected.  Your build may be incomplete.
[9.607s] make[2]: Warning: File 'CMakeFiles/darknet_ros_msgs__rosidl_typesupport_cpp.dir/depend.make' has modification time 683 s in the future
[9.607s] make[2]: warning:  Clock skew detected.  Your build may be incomplete.
[9.608s] make[2]: Warning: File 'CMakeFiles/darknet_ros_msgs__rosidl_typesupport_introspection_c.dir/depend.make' has modification time 685 s in the future
[9.608s] make[2]: warning:  Clock skew detected.  Your build may be incomplete.
[9.609s] make[2]: Warning: File 'CMakeFiles/darknet_ros_msgs__rosidl_typesupport_introspection_c.dir/depend.make' has modification time 685 s in the future
[9.614s] make[2]: warning:  Clock skew detected.  Your build may be incomplete.
[9.615s] make[2]: Warning: File 'CMakeFiles/darknet_ros_msgs__rosidl_typesupport_c.dir/depend.make' has modification time 690 s in the future
[9.618s] make[2]: warning:  Clock skew detected.  Your build may be incomplete.
[9.622s] make[2]: Warning: File 'CMakeFiles/darknet_ros_msgs__rosidl_typesupport_c.dir/depend.make' has modification time 690 s in the future
[9.624s] make[2]: warning:  Clock skew detected.  Your build may be incomplete.
[9.624s] make[2]: Warning: File 'CMakeFiles/darknet_ros_msgs__rosidl_typesupport_fastrtps_cpp.dir/depend.make' has modification time 684 s in the future
[9.625s] make[2]: warning:  Clock skew detected.  Your build may be incomplete.
[9.625s] make[2]: Warning: File 'CMakeFiles/darknet_ros_msgs__rosidl_typesupport_fastrtps_cpp.dir/depend.make' has modification time 684 s in the future
[9.625s] make[2]: warning:  Clock skew detected.  Your build may be incomplete.
[9.626s] make[2]: Warning: File 'CMakeFiles/darknet_ros_msgs__rosidl_typesupport_introspection_cpp.dir/depend.make' has modification time 683 s in the future
[9.626s] make[2]: warning:  Clock skew detected.  Your build may be incomplete.
[9.627s] make[2]: Warning: File 'CMakeFiles/darknet_ros_msgs__rosidl_typesupport_introspection_cpp.dir/depend.make' has modification time 683 s in the future
[9.627s] make[2]: warning:  Clock skew detected.  Your build may be incomplete.
[9.628s] make[2]: Warning: File 'CMakeFiles/darknet_ros_msgs__rosidl_typesupport_fastrtps_c.dir/depend.make' has modification time 696 s in the future
[9.628s] make[2]: warning:  Clock skew detected.  Your build may be incomplete.
[9.629s] make[2]: Warning: File 'CMakeFiles/darknet_ros_msgs__rosidl_typesupport_fastrtps_c.dir/depend.make' has modification time 696 s in the future
[9.629s] make[2]: warning:  Clock skew detected.  Your build may be incomplete.
[9.630s] make[2]: Warning: File '/home/jetson/ros2_ws/src/darknet_ros_yolov4/darknet_ros/darknet_ros_msgs/msg/BoundingBox.msg' has modification time 1830541 s in the future
[9.630s] make[2]: warning:  Clock skew detected.  Your build may be incomplete.
[9.631s] make[2]: Warning: File 'rosidl_generator_py/darknet_ros_msgs/_darknet_ros_msgs_s.ep.rosidl_typesupport_fastrtps_c.c' has modification time 703 s in the future
[9.632s] make[2]: warning:  Clock skew detected.  Your build may be incomplete.
[9.636s] make[2]: Warning: File 'CMakeFiles/darknet_ros_msgs__python.dir/depend.make' has modification time 8892089 s in the future
[9.644s] make[2]: warning:  Clock skew detected.  Your build may be incomplete.
[9.646s] make[2]: Warning: File 'CMakeFiles/darknet_ros_msgs__python.dir/depend.make' has modification time 8892089 s in the future
[9.646s] make[2]: warning:  Clock skew detected.  Your build may be incomplete.
[9.647s] make[2]: Warning: File 'CMakeFiles/darknet_ros_msgs__rosidl_typesupport_c__pyext.dir/depend.make' has modification time 8892091 s in the future
[9.647s] make[2]: warning:  Clock skew detected.  Your build may be incomplete.
[9.648s] make[2]: Warning: File 'CMakeFiles/darknet_ros_msgs__rosidl_typesupport_c__pyext.dir/depend.make' has modification time 8892091 s in the future
[9.648s] make[2]: warning:  Clock skew detected.  Your build may be incomplete.
[9.649s] make[2]: Warning: File 'CMakeFiles/darknet_ros_msgs__rosidl_typesupport_fastrtps_c__pyext.dir/depend.make' has modification time 8892092 s in the future
[9.649s] make[2]: warning:  Clock skew detected.  Your build may be incomplete.
[9.649s] make[2]: Warning: File 'CMakeFiles/darknet_ros_msgs__rosidl_typesupport_fastrtps_c__pyext.dir/depend.make' has modification time 8892091 s in the future
[9.650s] make[2]: warning:  Clock skew detected.  Your build may be incomplete.
[9.650s] make[2]: Warning: File 'CMakeFiles/darknet_ros_msgs__rosidl_typesupport_introspection_c__pyext.dir/depend.make' has modification time 8892091 s in the future
[9.651s] make[2]: warning:  Clock skew detected.  Your build may be incomplete.
[9.651s] make[2]: Warning: File 'CMakeFiles/darknet_ros_msgs__rosidl_typesupport_introspection_c__pyext.dir/depend.make' has modification time 8892091 s in the future
[9.652s] make[2]: warning:  Clock skew detected.  Your build may be incomplete.
[9.652s] -- Found ament_cmake: 0.9.9 (/opt/ros/foxy/share/ament_cmake/cmake)
[9.653s] -- Found PythonInterp: /usr/bin/python3 (found suitable version "3.8.10", minimum required is "3") 
[9.653s] -- Using PYTHON_EXECUTABLE: /usr/bin/python3
[9.654s] -- Override CMake install command with custom implementation using symlinks instead of copying resources
[9.655s] -- Found action_msgs: 1.0.0 (/opt/ros/foxy/share/action_msgs/cmake)
[9.656s] -- Using all available rosidl_typesupport_c: rosidl_typesupport_fastrtps_c;rosidl_typesupport_introspection_c
[9.656s] -- Found rosidl_adapter: 1.2.1 (/opt/ros/foxy/share/rosidl_adapter/cmake)
[9.657s] -- Using all available rosidl_typesupport_cpp: rosidl_typesupport_fastrtps_cpp;rosidl_typesupport_introspection_cpp
[9.657s] -- Found geometry_msgs: 2.0.5 (/opt/ros/foxy/share/geometry_msgs/cmake)
[9.657s] -- Found rosidl_default_generators: 1.0.1 (/opt/ros/foxy/share/rosidl_default_generators/cmake)
[9.658s] -- Found sensor_msgs: 2.0.5 (/opt/ros/foxy/share/sensor_msgs/cmake)
[9.658s] -- Found PythonInterp: /usr/bin/python3 (found version "3.8.10") 
[9.659s] -- Found ament_cmake_ros: 0.9.2 (/opt/ros/foxy/share/ament_cmake_ros/cmake)
[9.659s] -- Using all available rosidl_typesupport_c: rosidl_typesupport_fastrtps_c;rosidl_typesupport_introspection_c
[9.660s] -- Using all available rosidl_typesupport_cpp: rosidl_typesupport_fastrtps_cpp;rosidl_typesupport_introspection_cpp
[9.660s] -- Found PythonInterp: /usr/bin/python3 (found suitable version "3.8.10", minimum required is "3.5") 
[9.660s] -- Found python_cmake_module: 0.8.1 (/opt/ros/foxy/share/python_cmake_module/cmake)
[9.661s] -- Using PYTHON_EXECUTABLE: /usr/bin/python3
[9.661s] -- Using PYTHON_INCLUDE_DIRS: /usr/include/python3.8
[9.662s] -- Using PYTHON_LIBRARIES: /usr/lib/aarch64-linux-gnu/libpython3.8.so
[9.662s] -- Configuring done
[9.662s] -- Generating done
[9.663s] -- Build files have been written to: /home/jetson/ros2_ws/build/darknet_ros_msgs
[9.663s] [  1%] Built target darknet_ros_msgs__cpp
[9.664s] [ 12%] Built target darknet_ros_msgs__rosidl_generator_c
[9.664s] [ 23%] Built target darknet_ros_msgs__rosidl_typesupport_cpp
[9.665s] [ 34%] Built target darknet_ros_msgs__rosidl_typesupport_introspection_c
[9.665s] [ 45%] Built target darknet_ros_msgs__rosidl_typesupport_c
[9.669s] [ 56%] Built target darknet_ros_msgs__rosidl_typesupport_fastrtps_cpp
[9.670s] [ 67%] Built target darknet_ros_msgs__rosidl_typesupport_introspection_cpp
[9.671s] [ 78%] Built target darknet_ros_msgs__rosidl_typesupport_fastrtps_c
[9.671s] [ 78%] Built target darknet_ros_msgs
[9.672s] [ 80%] Built target darknet_ros_msgs__py
[9.672s] [ 89%] Built target darknet_ros_msgs__python
[9.672s] [ 92%] Built target darknet_ros_msgs__rosidl_typesupport_c__pyext
[9.673s] [ 96%] Built target darknet_ros_msgs__rosidl_typesupport_fastrtps_c__pyext
[9.673s] [100%] Built target darknet_ros_msgs__rosidl_typesupport_introspection_c__pyext
[9.681s] Invoked command in '/home/jetson/ros2_ws/build/darknet_ros_msgs' returned '0': CMAKE_PREFIX_PATH=/opt/ros/foxy /usr/local/bin/cmake --build /home/jetson/ros2_ws/build/darknet_ros_msgs -- -j4 -l4
[10.070s] Invoking command in '/home/jetson/ros2_ws/build/darknet_ros_msgs': CMAKE_PREFIX_PATH=/opt/ros/foxy /usr/local/bin/cmake --install /home/jetson/ros2_ws/build/darknet_ros_msgs
[10.093s] -- Install configuration: "RELWITHDEBINFO"
[10.097s] -- Execute custom install script
[10.099s] -- Up-to-date symlink: /home/jetson/ros2_ws/install/darknet_ros_msgs/share/ament_index/resource_index/rosidl_interfaces/darknet_ros_msgs
[10.103s] -- Up-to-date symlink: /home/jetson/ros2_ws/install/darknet_ros_msgs/include/darknet_ros_msgs/action/check_for_objects.h
[10.105s] -- Up-to-date symlink: /home/jetson/ros2_ws/install/darknet_ros_msgs/include/darknet_ros_msgs/action/detail/check_for_objects__functions.h
[10.107s] -- Up-to-date symlink: /home/jetson/ros2_ws/install/darknet_ros_msgs/include/darknet_ros_msgs/action/detail/check_for_objects__struct.h
[10.109s] -- Up-to-date symlink: /home/jetson/ros2_ws/install/darknet_ros_msgs/include/darknet_ros_msgs/action/detail/check_for_objects__type_support.h
[10.111s] -- Up-to-date symlink: /home/jetson/ros2_ws/install/darknet_ros_msgs/include/darknet_ros_msgs/msg/bounding_box.h
[10.112s] -- Up-to-date symlink: /home/jetson/ros2_ws/install/darknet_ros_msgs/include/darknet_ros_msgs/msg/bounding_boxes.h
[10.114s] -- Up-to-date symlink: /home/jetson/ros2_ws/install/darknet_ros_msgs/include/darknet_ros_msgs/msg/detail/bounding_box__functions.h
[10.116s] -- Up-to-date symlink: /home/jetson/ros2_ws/install/darknet_ros_msgs/include/darknet_ros_msgs/msg/detail/bounding_box__struct.h
[10.118s] -- Up-to-date symlink: /home/jetson/ros2_ws/install/darknet_ros_msgs/include/darknet_ros_msgs/msg/detail/bounding_box__type_support.h
[10.120s] -- Up-to-date symlink: /home/jetson/ros2_ws/install/darknet_ros_msgs/include/darknet_ros_msgs/msg/detail/bounding_boxes__functions.h
[10.121s] -- Up-to-date symlink: /home/jetson/ros2_ws/install/darknet_ros_msgs/include/darknet_ros_msgs/msg/detail/bounding_boxes__struct.h
[10.123s] -- Up-to-date symlink: /home/jetson/ros2_ws/install/darknet_ros_msgs/include/darknet_ros_msgs/msg/detail/bounding_boxes__type_support.h
[10.125s] -- Up-to-date symlink: /home/jetson/ros2_ws/install/darknet_ros_msgs/include/darknet_ros_msgs/msg/detail/object_count__functions.h
[10.127s] -- Up-to-date symlink: /home/jetson/ros2_ws/install/darknet_ros_msgs/include/darknet_ros_msgs/msg/detail/object_count__struct.h
[10.128s] -- Up-to-date symlink: /home/jetson/ros2_ws/install/darknet_ros_msgs/include/darknet_ros_msgs/msg/detail/object_count__type_support.h
[10.130s] -- Up-to-date symlink: /home/jetson/ros2_ws/install/darknet_ros_msgs/include/darknet_ros_msgs/msg/object_count.h
[10.131s] -- Up-to-date symlink: /home/jetson/ros2_ws/install/darknet_ros_msgs/include/darknet_ros_msgs/msg/rosidl_generator_c__visibility_control.h
[10.133s] -- Up-to-date symlink: /home/jetson/ros2_ws/install/darknet_ros_msgs/share/darknet_ros_msgs/environment/library_path.sh
[10.135s] -- Up-to-date symlink: /home/jetson/ros2_ws/install/darknet_ros_msgs/share/darknet_ros_msgs/environment/library_path.dsv
[10.140s] -- Up-to-date symlink: /home/jetson/ros2_ws/install/darknet_ros_msgs/include/darknet_ros_msgs/action/detail/check_for_objects__rosidl_typesupport_fastrtps_c.h
[10.142s] -- Up-to-date symlink: /home/jetson/ros2_ws/install/darknet_ros_msgs/include/darknet_ros_msgs/msg/detail/bounding_box__rosidl_typesupport_fastrtps_c.h
[10.144s] -- Up-to-date symlink: /home/jetson/ros2_ws/install/darknet_ros_msgs/include/darknet_ros_msgs/msg/detail/bounding_boxes__rosidl_typesupport_fastrtps_c.h
[10.146s] -- Up-to-date symlink: /home/jetson/ros2_ws/install/darknet_ros_msgs/include/darknet_ros_msgs/msg/detail/object_count__rosidl_typesupport_fastrtps_c.h
[10.147s] -- Up-to-date symlink: /home/jetson/ros2_ws/install/darknet_ros_msgs/include/darknet_ros_msgs/msg/rosidl_typesupport_fastrtps_c__visibility_control.h
[10.150s] -- Up-to-date symlink: /home/jetson/ros2_ws/install/darknet_ros_msgs/lib/libdarknet_ros_msgs__rosidl_typesupport_fastrtps_c.so
[10.155s] -- Up-to-date symlink: /home/jetson/ros2_ws/install/darknet_ros_msgs/include/darknet_ros_msgs/action/detail/check_for_objects__rosidl_typesupport_fastrtps_cpp.hpp
[10.157s] -- Up-to-date symlink: /home/jetson/ros2_ws/install/darknet_ros_msgs/include/darknet_ros_msgs/msg/detail/bounding_box__rosidl_typesupport_fastrtps_cpp.hpp
[10.158s] -- Up-to-date symlink: /home/jetson/ros2_ws/install/darknet_ros_msgs/include/darknet_ros_msgs/msg/detail/bounding_boxes__rosidl_typesupport_fastrtps_cpp.hpp
[10.160s] -- Up-to-date symlink: /home/jetson/ros2_ws/install/darknet_ros_msgs/include/darknet_ros_msgs/msg/detail/object_count__rosidl_typesupport_fastrtps_cpp.hpp
[10.162s] -- Up-to-date symlink: /home/jetson/ros2_ws/install/darknet_ros_msgs/include/darknet_ros_msgs/msg/rosidl_typesupport_fastrtps_cpp__visibility_control.h
[10.165s] -- Up-to-date symlink: /home/jetson/ros2_ws/install/darknet_ros_msgs/lib/libdarknet_ros_msgs__rosidl_typesupport_fastrtps_cpp.so
[10.169s] -- Up-to-date symlink: /home/jetson/ros2_ws/install/darknet_ros_msgs/include/darknet_ros_msgs/action/detail/check_for_objects__rosidl_typesupport_introspection_c.h
[10.170s] -- Up-to-date symlink: /home/jetson/ros2_ws/install/darknet_ros_msgs/include/darknet_ros_msgs/msg/detail/bounding_box__rosidl_typesupport_introspection_c.h
[10.172s] -- Up-to-date symlink: /home/jetson/ros2_ws/install/darknet_ros_msgs/include/darknet_ros_msgs/msg/detail/bounding_boxes__rosidl_typesupport_introspection_c.h
[10.174s] -- Up-to-date symlink: /home/jetson/ros2_ws/install/darknet_ros_msgs/include/darknet_ros_msgs/msg/detail/object_count__rosidl_typesupport_introspection_c.h
[10.175s] -- Up-to-date symlink: /home/jetson/ros2_ws/install/darknet_ros_msgs/include/darknet_ros_msgs/msg/rosidl_typesupport_introspection_c__visibility_control.h
[10.180s] -- Up-to-date symlink: /home/jetson/ros2_ws/install/darknet_ros_msgs/include/darknet_ros_msgs/action/check_for_objects.hpp
[10.181s] -- Up-to-date symlink: /home/jetson/ros2_ws/install/darknet_ros_msgs/include/darknet_ros_msgs/action/detail/check_for_objects__builder.hpp
[10.183s] -- Up-to-date symlink: /home/jetson/ros2_ws/install/darknet_ros_msgs/include/darknet_ros_msgs/action/detail/check_for_objects__struct.hpp
[10.185s] -- Up-to-date symlink: /home/jetson/ros2_ws/install/darknet_ros_msgs/include/darknet_ros_msgs/action/detail/check_for_objects__traits.hpp
[10.186s] -- Up-to-date symlink: /home/jetson/ros2_ws/install/darknet_ros_msgs/include/darknet_ros_msgs/msg/bounding_box.hpp
[10.188s] -- Up-to-date symlink: /home/jetson/ros2_ws/install/darknet_ros_msgs/include/darknet_ros_msgs/msg/bounding_boxes.hpp
[10.189s] -- Up-to-date symlink: /home/jetson/ros2_ws/install/darknet_ros_msgs/include/darknet_ros_msgs/msg/detail/bounding_box__builder.hpp
[10.191s] -- Up-to-date symlink: /home/jetson/ros2_ws/install/darknet_ros_msgs/include/darknet_ros_msgs/msg/detail/bounding_box__struct.hpp
[10.192s] -- Up-to-date symlink: /home/jetson/ros2_ws/install/darknet_ros_msgs/include/darknet_ros_msgs/msg/detail/bounding_box__traits.hpp
[10.194s] -- Up-to-date symlink: /home/jetson/ros2_ws/install/darknet_ros_msgs/include/darknet_ros_msgs/msg/detail/bounding_boxes__builder.hpp
[10.196s] -- Up-to-date symlink: /home/jetson/ros2_ws/install/darknet_ros_msgs/include/darknet_ros_msgs/msg/detail/bounding_boxes__struct.hpp
[10.197s] -- Up-to-date symlink: /home/jetson/ros2_ws/install/darknet_ros_msgs/include/darknet_ros_msgs/msg/detail/bounding_boxes__traits.hpp
[10.199s] -- Up-to-date symlink: /home/jetson/ros2_ws/install/darknet_ros_msgs/include/darknet_ros_msgs/msg/detail/object_count__builder.hpp
[10.201s] -- Up-to-date symlink: /home/jetson/ros2_ws/install/darknet_ros_msgs/include/darknet_ros_msgs/msg/detail/object_count__struct.hpp
[10.203s] -- Up-to-date symlink: /home/jetson/ros2_ws/install/darknet_ros_msgs/include/darknet_ros_msgs/msg/detail/object_count__traits.hpp
[10.204s] -- Up-to-date symlink: /home/jetson/ros2_ws/install/darknet_ros_msgs/include/darknet_ros_msgs/msg/object_count.hpp
[10.207s] -- Up-to-date symlink: /home/jetson/ros2_ws/install/darknet_ros_msgs/include/darknet_ros_msgs/action/detail/check_for_objects__rosidl_typesupport_introspection_cpp.hpp
[10.209s] -- Up-to-date symlink: /home/jetson/ros2_ws/install/darknet_ros_msgs/include/darknet_ros_msgs/msg/detail/bounding_box__rosidl_typesupport_introspection_cpp.hpp
[10.210s] -- Up-to-date symlink: /home/jetson/ros2_ws/install/darknet_ros_msgs/include/darknet_ros_msgs/msg/detail/bounding_boxes__rosidl_typesupport_introspection_cpp.hpp
[10.212s] -- Up-to-date symlink: /home/jetson/ros2_ws/install/darknet_ros_msgs/include/darknet_ros_msgs/msg/detail/object_count__rosidl_typesupport_introspection_cpp.hpp
[10.214s] -- Up-to-date symlink: /home/jetson/ros2_ws/install/darknet_ros_msgs/share/darknet_ros_msgs/environment/pythonpath.sh
[10.216s] -- Up-to-date symlink: /home/jetson/ros2_ws/install/darknet_ros_msgs/share/darknet_ros_msgs/environment/pythonpath.dsv
[10.218s] -- Up-to-date symlink: /home/jetson/ros2_ws/install/darknet_ros_msgs/lib/python3.8/site-packages/darknet_ros_msgs/__init__.py
[10.221s] -- Up-to-date symlink: /home/jetson/ros2_ws/install/darknet_ros_msgs/lib/python3.8/site-packages/darknet_ros_msgs/msg/__init__.py
[10.222s] -- Up-to-date symlink: /home/jetson/ros2_ws/install/darknet_ros_msgs/lib/python3.8/site-packages/darknet_ros_msgs/msg/_bounding_box.py
[10.223s] -- Up-to-date symlink: /home/jetson/ros2_ws/install/darknet_ros_msgs/lib/python3.8/site-packages/darknet_ros_msgs/msg/_bounding_boxes.py
[10.225s] -- Up-to-date symlink: /home/jetson/ros2_ws/install/darknet_ros_msgs/lib/python3.8/site-packages/darknet_ros_msgs/msg/_object_count.py
[10.228s] -- Up-to-date symlink: /home/jetson/ros2_ws/install/darknet_ros_msgs/lib/python3.8/site-packages/darknet_ros_msgs/action/__init__.py
[10.229s] -- Up-to-date symlink: /home/jetson/ros2_ws/install/darknet_ros_msgs/lib/python3.8/site-packages/darknet_ros_msgs/action/_check_for_objects.py
[10.232s] -- Up-to-date symlink: /home/jetson/ros2_ws/install/darknet_ros_msgs/lib/python3.8/site-packages/darknet_ros_msgs/darknet_ros_msgs_s__rosidl_typesupport_fastrtps_c.cpython-38-aarch64-linux-gnu.so
[10.234s] -- Up-to-date symlink: /home/jetson/ros2_ws/install/darknet_ros_msgs/lib/python3.8/site-packages/darknet_ros_msgs/darknet_ros_msgs_s__rosidl_typesupport_introspection_c.cpython-38-aarch64-linux-gnu.so
[10.237s] -- Up-to-date symlink: /home/jetson/ros2_ws/install/darknet_ros_msgs/lib/python3.8/site-packages/darknet_ros_msgs/darknet_ros_msgs_s__rosidl_typesupport_c.cpython-38-aarch64-linux-gnu.so
[10.239s] -- Up-to-date symlink: /home/jetson/ros2_ws/install/darknet_ros_msgs/lib/libdarknet_ros_msgs__python.so
[10.242s] -- Up-to-date symlink: /home/jetson/ros2_ws/install/darknet_ros_msgs/share/darknet_ros_msgs/msg/BoundingBox.idl
[10.244s] -- Up-to-date symlink: /home/jetson/ros2_ws/install/darknet_ros_msgs/share/darknet_ros_msgs/msg/BoundingBoxes.idl
[10.246s] -- Up-to-date symlink: /home/jetson/ros2_ws/install/darknet_ros_msgs/share/darknet_ros_msgs/msg/ObjectCount.idl
[10.249s] -- Up-to-date symlink: /home/jetson/ros2_ws/install/darknet_ros_msgs/share/darknet_ros_msgs/action/CheckForObjects.idl
[10.251s] -- Up-to-date symlink: /home/jetson/ros2_ws/install/darknet_ros_msgs/share/darknet_ros_msgs/msg/BoundingBox.msg
[10.253s] -- Up-to-date symlink: /home/jetson/ros2_ws/install/darknet_ros_msgs/share/darknet_ros_msgs/msg/BoundingBoxes.msg
[10.255s] -- Up-to-date symlink: /home/jetson/ros2_ws/install/darknet_ros_msgs/share/darknet_ros_msgs/msg/ObjectCount.msg
[10.257s] -- Up-to-date symlink: /home/jetson/ros2_ws/install/darknet_ros_msgs/share/darknet_ros_msgs/action/CheckForObjects.action
[10.259s] -- Up-to-date symlink: /home/jetson/ros2_ws/install/darknet_ros_msgs/share/ament_index/resource_index/package_run_dependencies/darknet_ros_msgs
[10.260s] -- Up-to-date symlink: /home/jetson/ros2_ws/install/darknet_ros_msgs/share/ament_index/resource_index/parent_prefix_path/darknet_ros_msgs
[10.262s] -- Up-to-date symlink: /home/jetson/ros2_ws/install/darknet_ros_msgs/share/darknet_ros_msgs/environment/ament_prefix_path.sh
[10.264s] -- Up-to-date symlink: /home/jetson/ros2_ws/install/darknet_ros_msgs/share/darknet_ros_msgs/environment/ament_prefix_path.dsv
[10.266s] -- Up-to-date symlink: /home/jetson/ros2_ws/install/darknet_ros_msgs/share/darknet_ros_msgs/environment/path.sh
[10.269s] -- Up-to-date symlink: /home/jetson/ros2_ws/install/darknet_ros_msgs/share/darknet_ros_msgs/environment/path.dsv
[10.271s] -- Up-to-date symlink: /home/jetson/ros2_ws/install/darknet_ros_msgs/share/darknet_ros_msgs/local_setup.bash
[10.272s] -- Up-to-date symlink: /home/jetson/ros2_ws/install/darknet_ros_msgs/share/darknet_ros_msgs/local_setup.sh
[10.274s] -- Up-to-date symlink: /home/jetson/ros2_ws/install/darknet_ros_msgs/share/darknet_ros_msgs/local_setup.zsh
[10.276s] -- Up-to-date symlink: /home/jetson/ros2_ws/install/darknet_ros_msgs/share/darknet_ros_msgs/local_setup.dsv
[10.279s] -- Symlinking: /home/jetson/ros2_ws/install/darknet_ros_msgs/share/darknet_ros_msgs/package.dsv
[10.291s] -- Up-to-date symlink: /home/jetson/ros2_ws/install/darknet_ros_msgs/share/ament_index/resource_index/packages/darknet_ros_msgs
[10.292s] -- Up-to-date symlink: /home/jetson/ros2_ws/install/darknet_ros_msgs/share/darknet_ros_msgs/cmake/rosidl_cmake-extras.cmake
[10.293s] -- Up-to-date symlink: /home/jetson/ros2_ws/install/darknet_ros_msgs/share/darknet_ros_msgs/cmake/ament_cmake_export_dependencies-extras.cmake
[10.294s] -- Up-to-date symlink: /home/jetson/ros2_ws/install/darknet_ros_msgs/share/darknet_ros_msgs/cmake/ament_cmake_export_libraries-extras.cmake
[10.296s] -- Up-to-date symlink: /home/jetson/ros2_ws/install/darknet_ros_msgs/share/darknet_ros_msgs/cmake/ament_cmake_export_targets-extras.cmake
[10.297s] -- Up-to-date symlink: /home/jetson/ros2_ws/install/darknet_ros_msgs/share/darknet_ros_msgs/cmake/ament_cmake_export_include_directories-extras.cmake
[10.298s] -- Up-to-date symlink: /home/jetson/ros2_ws/install/darknet_ros_msgs/share/darknet_ros_msgs/cmake/rosidl_cmake_export_typesupport_libraries-extras.cmake
[10.299s] -- Up-to-date symlink: /home/jetson/ros2_ws/install/darknet_ros_msgs/share/darknet_ros_msgs/cmake/rosidl_cmake_export_typesupport_targets-extras.cmake
[10.300s] -- Up-to-date symlink: /home/jetson/ros2_ws/install/darknet_ros_msgs/share/darknet_ros_msgs/cmake/darknet_ros_msgsConfig.cmake
[10.301s] -- Up-to-date symlink: /home/jetson/ros2_ws/install/darknet_ros_msgs/share/darknet_ros_msgs/cmake/darknet_ros_msgsConfig-version.cmake
[10.302s] -- Up-to-date symlink: /home/jetson/ros2_ws/install/darknet_ros_msgs/share/darknet_ros_msgs/package.xml
[10.304s] -- Up-to-date: /home/jetson/ros2_ws/install/darknet_ros_msgs/lib/libdarknet_ros_msgs__rosidl_generator_c.so
[10.306s] -- Up-to-date: /home/jetson/ros2_ws/install/darknet_ros_msgs/lib/libdarknet_ros_msgs__rosidl_typesupport_introspection_c.so
[10.309s] -- Up-to-date: /home/jetson/ros2_ws/install/darknet_ros_msgs/lib/libdarknet_ros_msgs__rosidl_typesupport_c.so
[10.311s] -- Up-to-date: /home/jetson/ros2_ws/install/darknet_ros_msgs/lib/libdarknet_ros_msgs__rosidl_typesupport_introspection_cpp.so
[10.313s] -- Up-to-date: /home/jetson/ros2_ws/install/darknet_ros_msgs/lib/libdarknet_ros_msgs__rosidl_typesupport_cpp.so
[10.449s] Compiling '/home/jetson/ros2_ws/install/darknet_ros_msgs/lib/python3.8/site-packages/darknet_ros_msgs/__init__.py'...
[10.475s] -- Up-to-date: /home/jetson/ros2_ws/install/darknet_ros_msgs/share/darknet_ros_msgs/cmake/darknet_ros_msgs__rosidl_generator_cExport.cmake
[10.476s] -- Installing: /home/jetson/ros2_ws/install/darknet_ros_msgs/share/darknet_ros_msgs/cmake/darknet_ros_msgs__rosidl_generator_cExport-relwithdebinfo.cmake
[10.479s] -- Up-to-date: /home/jetson/ros2_ws/install/darknet_ros_msgs/share/darknet_ros_msgs/cmake/darknet_ros_msgs__rosidl_typesupport_introspection_cExport.cmake
[10.480s] -- Installing: /home/jetson/ros2_ws/install/darknet_ros_msgs/share/darknet_ros_msgs/cmake/darknet_ros_msgs__rosidl_typesupport_introspection_cExport-relwithdebinfo.cmake
[10.480s] -- Up-to-date: /home/jetson/ros2_ws/install/darknet_ros_msgs/share/darknet_ros_msgs/cmake/darknet_ros_msgs__rosidl_typesupport_cExport.cmake
[10.481s] -- Installing: /home/jetson/ros2_ws/install/darknet_ros_msgs/share/darknet_ros_msgs/cmake/darknet_ros_msgs__rosidl_typesupport_cExport-relwithdebinfo.cmake
[10.482s] -- Up-to-date: /home/jetson/ros2_ws/install/darknet_ros_msgs/share/darknet_ros_msgs/cmake/darknet_ros_msgs__rosidl_generator_cppExport.cmake
[10.483s] -- Up-to-date: /home/jetson/ros2_ws/install/darknet_ros_msgs/share/darknet_ros_msgs/cmake/darknet_ros_msgs__rosidl_typesupport_introspection_cppExport.cmake
[10.484s] -- Installing: /home/jetson/ros2_ws/install/darknet_ros_msgs/share/darknet_ros_msgs/cmake/darknet_ros_msgs__rosidl_typesupport_introspection_cppExport-relwithdebinfo.cmake
[10.485s] -- Up-to-date: /home/jetson/ros2_ws/install/darknet_ros_msgs/share/darknet_ros_msgs/cmake/darknet_ros_msgs__rosidl_typesupport_cppExport.cmake
[10.485s] -- Installing: /home/jetson/ros2_ws/install/darknet_ros_msgs/share/darknet_ros_msgs/cmake/darknet_ros_msgs__rosidl_typesupport_cppExport-relwithdebinfo.cmake
[10.502s] Invoked command in '/home/jetson/ros2_ws/build/darknet_ros_msgs' returned '0': CMAKE_PREFIX_PATH=/opt/ros/foxy /usr/local/bin/cmake --install /home/jetson/ros2_ws/build/darknet_ros_msgs
