[17.434s] Invoking command in '/home/jetson/ros2_ws/build/yolo_den': PYTHONPATH=/home/jetson/ros2_ws/install/yolo_den/lib/python3.8/site-packages:${PYTHONPATH} /usr/bin/python3 setup.py develop --prefix /home/jetson/ros2_ws/install/yolo_den --editable --build-directory /home/jetson/ros2_ws/build/yolo_den/build --no-deps install_data --install-dir /home/jetson/ros2_ws/install/yolo_den
[18.963s] /usr/local/lib/python3.8/dist-packages/setuptools/dist.py:772: UserWarning: Usage of dash-separated 'script-dir' will not be supported in future versions. Please use the underscore name 'script_dir' instead
[18.964s]   warnings.warn(
[18.966s] /usr/local/lib/python3.8/dist-packages/setuptools/dist.py:772: UserWarning: Usage of dash-separated 'install-scripts' will not be supported in future versions. Please use the underscore name 'install_scripts' instead
[18.967s]   warnings.warn(
[22.348s] running develop
[22.355s] /usr/local/lib/python3.8/dist-packages/setuptools/command/easy_install.py:144: EasyInstallDeprecationWarning: easy_install command is deprecated. Use build and pip and other standards-based tools.
[22.356s]   warnings.warn(
[23.243s] /usr/local/lib/python3.8/dist-packages/setuptools/command/install.py:34: SetuptoolsDeprecationWarning: setup.py install is deprecated. Use build and pip and other standards-based tools.
[23.244s]   warnings.warn(
[25.030s] /usr/local/lib/python3.8/dist-packages/pkg_resources/__init__.py:123: PkgResourcesDeprecationWarning: 0.1.36ubuntu1 is an invalid version and will not be supported in a future release
[25.031s]   warnings.warn(
[25.033s] /usr/local/lib/python3.8/dist-packages/pkg_resources/__init__.py:123: PkgResourcesDeprecationWarning: 0.23ubuntu1 is an invalid version and will not be supported in a future release
[25.034s]   warnings.warn(
[25.694s] running egg_info
[26.131s] writing yolo_den.egg-info/PKG-INFO
[26.659s] writing dependency_links to yolo_den.egg-info/dependency_links.txt
[27.900s] writing entry points to yolo_den.egg-info/entry_points.txt
[28.602s] writing requirements to yolo_den.egg-info/requires.txt
[28.945s] writing top-level names to yolo_den.egg-info/top_level.txt
[29.499s] reading manifest file 'yolo_den.egg-info/SOURCES.txt'
[29.505s] writing manifest file 'yolo_den.egg-info/SOURCES.txt'
[30.216s] running build_ext
[30.217s] Creating /home/jetson/ros2_ws/install/yolo_den/lib/python3.8/site-packages/yolo-den.egg-link (link to .)
[30.220s] Installing ysub2 script to /home/jetson/ros2_ws/install/yolo_den/lib/yolo_den
[30.222s] 
[30.223s] Installed /home/jetson/ros2_ws/build/yolo_den
[30.224s] running install_data
[30.499s] Invoked command in '/home/jetson/ros2_ws/build/yolo_den' returned '0': PYTHONPATH=/home/jetson/ros2_ws/install/yolo_den/lib/python3.8/site-packages:${PYTHONPATH} /usr/bin/python3 setup.py develop --prefix /home/jetson/ros2_ws/install/yolo_den --editable --build-directory /home/jetson/ros2_ws/build/yolo_den/build --no-deps install_data --install-dir /home/jetson/ros2_ws/install/yolo_den
