[16.463s] Invoking command in '/home/jetson/ros2_ws/build/yolo_den': PYTHONPATH=/home/jetson/ros2_ws/install/yolo_den/lib/python3.8/site-packages:${PYTHONPATH} /usr/bin/python3 setup.py develop --prefix /home/jetson/ros2_ws/install/yolo_den --editable --build-directory /home/jetson/ros2_ws/build/yolo_den/build --no-deps install_data --install-dir /home/jetson/ros2_ws/install/yolo_den
[18.201s] /usr/local/lib/python3.8/dist-packages/setuptools/dist.py:772: UserWarning: Usage of dash-separated 'script-dir' will not be supported in future versions. Please use the underscore name 'script_dir' instead
[18.201s]   warnings.warn(
[18.204s] /usr/local/lib/python3.8/dist-packages/setuptools/dist.py:772: UserWarning: Usage of dash-separated 'install-scripts' will not be supported in future versions. Please use the underscore name 'install_scripts' instead
[18.204s]   warnings.warn(
[22.254s] running develop
[22.255s] /usr/local/lib/python3.8/dist-packages/setuptools/command/easy_install.py:144: EasyInstallDeprecationWarning: easy_install command is deprecated. Use build and pip and other standards-based tools.
[22.256s]   warnings.warn(
[23.310s] /usr/local/lib/python3.8/dist-packages/setuptools/command/install.py:34: SetuptoolsDeprecationWarning: setup.py install is deprecated. Use build and pip and other standards-based tools.
[23.313s]   warnings.warn(
[25.333s] /usr/local/lib/python3.8/dist-packages/pkg_resources/__init__.py:123: PkgResourcesDeprecationWarning: 0.1.36ubuntu1 is an invalid version and will not be supported in a future release
[25.334s]   warnings.warn(
[25.334s] /usr/local/lib/python3.8/dist-packages/pkg_resources/__init__.py:123: PkgResourcesDeprecationWarning: 0.23ubuntu1 is an invalid version and will not be supported in a future release
[25.335s]   warnings.warn(
[26.055s] running egg_info
[26.518s] writing yolo_den.egg-info/PKG-INFO
[26.899s] writing dependency_links to yolo_den.egg-info/dependency_links.txt
[28.108s] writing entry points to yolo_den.egg-info/entry_points.txt
[28.895s] writing requirements to yolo_den.egg-info/requires.txt
[29.269s] writing top-level names to yolo_den.egg-info/top_level.txt
[29.829s] reading manifest file 'yolo_den.egg-info/SOURCES.txt'
[29.832s] writing manifest file 'yolo_den.egg-info/SOURCES.txt'
[30.548s] running build_ext
[30.548s] Creating /home/jetson/ros2_ws/install/yolo_den/lib/python3.8/site-packages/yolo-den.egg-link (link to .)
[30.551s] Installing ysub2 script to /home/jetson/ros2_ws/install/yolo_den/lib/yolo_den
[30.553s] 
[30.553s] Installed /home/jetson/ros2_ws/build/yolo_den
[30.554s] running install_data
[30.822s] Invoked command in '/home/jetson/ros2_ws/build/yolo_den' returned '0': PYTHONPATH=/home/jetson/ros2_ws/install/yolo_den/lib/python3.8/site-packages:${PYTHONPATH} /usr/bin/python3 setup.py develop --prefix /home/jetson/ros2_ws/install/yolo_den --editable --build-directory /home/jetson/ros2_ws/build/yolo_den/build --no-deps install_data --install-dir /home/jetson/ros2_ws/install/yolo_den
