[15.991s] Invoking command in '/home/jetson/ros2_ws/build/yolo_den': PYTHONPATH=/home/jetson/ros2_ws/install/yolo_den/lib/python3.8/site-packages:${PYTHONPATH} /usr/bin/python3 setup.py develop --prefix /home/jetson/ros2_ws/install/yolo_den --editable --build-directory /home/jetson/ros2_ws/build/yolo_den/build --no-deps install_data --install-dir /home/jetson/ros2_ws/install/yolo_den
[17.497s] /usr/local/lib/python3.8/dist-packages/setuptools/dist.py:772: UserWarning: Usage of dash-separated 'script-dir' will not be supported in future versions. Please use the underscore name 'script_dir' instead
[17.497s]   warnings.warn(
[17.500s] /usr/local/lib/python3.8/dist-packages/setuptools/dist.py:772: UserWarning: Usage of dash-separated 'install-scripts' will not be supported in future versions. Please use the underscore name 'install_scripts' instead
[17.501s]   warnings.warn(
[21.220s] running develop
[21.221s] /usr/local/lib/python3.8/dist-packages/setuptools/command/easy_install.py:144: EasyInstallDeprecationWarning: easy_install command is deprecated. Use build and pip and other standards-based tools.
[21.222s]   warnings.warn(
[22.071s] /usr/local/lib/python3.8/dist-packages/setuptools/command/install.py:34: SetuptoolsDeprecationWarning: setup.py install is deprecated. Use build and pip and other standards-based tools.
[22.072s]   warnings.warn(
[23.728s] /usr/local/lib/python3.8/dist-packages/pkg_resources/__init__.py:123: PkgResourcesDeprecationWarning: 0.1.36ubuntu1 is an invalid version and will not be supported in a future release
[23.729s]   warnings.warn(
[23.729s] /usr/local/lib/python3.8/dist-packages/pkg_resources/__init__.py:123: PkgResourcesDeprecationWarning: 0.23ubuntu1 is an invalid version and will not be supported in a future release
[23.730s]   warnings.warn(
[24.273s] running egg_info
[24.684s] writing yolo_den.egg-info/PKG-INFO
[25.001s] writing dependency_links to yolo_den.egg-info/dependency_links.txt
[26.067s] writing entry points to yolo_den.egg-info/entry_points.txt
[26.912s] writing requirements to yolo_den.egg-info/requires.txt
[27.286s] writing top-level names to yolo_den.egg-info/top_level.txt
[27.803s] reading manifest file 'yolo_den.egg-info/SOURCES.txt'
[27.807s] writing manifest file 'yolo_den.egg-info/SOURCES.txt'
[28.549s] running build_ext
[28.550s] Creating /home/jetson/ros2_ws/install/yolo_den/lib/python3.8/site-packages/yolo-den.egg-link (link to .)
[28.553s] Installing ysub2 script to /home/jetson/ros2_ws/install/yolo_den/lib/yolo_den
[28.561s] 
[28.562s] Installed /home/jetson/ros2_ws/build/yolo_den
[28.568s] running install_data
[28.820s] Invoked command in '/home/jetson/ros2_ws/build/yolo_den' returned '0': PYTHONPATH=/home/jetson/ros2_ws/install/yolo_den/lib/python3.8/site-packages:${PYTHONPATH} /usr/bin/python3 setup.py develop --prefix /home/jetson/ros2_ws/install/yolo_den --editable --build-directory /home/jetson/ros2_ws/build/yolo_den/build --no-deps install_data --install-dir /home/jetson/ros2_ws/install/yolo_den
