[18.663s] Invoking command in '/home/jetson/ros2_ws/build/yolo_den': PYTHONPATH=/home/jetson/ros2_ws/install/yolo_den/lib/python3.8/site-packages:${PYTHONPATH} /usr/bin/python3 setup.py develop --prefix /home/jetson/ros2_ws/install/yolo_den --editable --build-directory /home/jetson/ros2_ws/build/yolo_den/build --no-deps install_data --install-dir /home/jetson/ros2_ws/install/yolo_den
[20.847s] /usr/local/lib/python3.8/dist-packages/setuptools/dist.py:772: UserWarning: Usage of dash-separated 'script-dir' will not be supported in future versions. Please use the underscore name 'script_dir' instead
[20.847s]   warnings.warn(
[20.851s] /usr/local/lib/python3.8/dist-packages/setuptools/dist.py:772: UserWarning: Usage of dash-separated 'install-scripts' will not be supported in future versions. Please use the underscore name 'install_scripts' instead
[20.852s]   warnings.warn(
[25.265s] running develop
[25.266s] /usr/local/lib/python3.8/dist-packages/setuptools/command/easy_install.py:144: EasyInstallDeprecationWarning: easy_install command is deprecated. Use build and pip and other standards-based tools.
[25.267s]   warnings.warn(
[26.251s] /usr/local/lib/python3.8/dist-packages/setuptools/command/install.py:34: SetuptoolsDeprecationWarning: setup.py install is deprecated. Use build and pip and other standards-based tools.
[26.251s]   warnings.warn(
[28.626s] /usr/local/lib/python3.8/dist-packages/pkg_resources/__init__.py:123: PkgResourcesDeprecationWarning: 0.1.36ubuntu1 is an invalid version and will not be supported in a future release
[28.627s]   warnings.warn(
[28.628s] /usr/local/lib/python3.8/dist-packages/pkg_resources/__init__.py:123: PkgResourcesDeprecationWarning: 0.23ubuntu1 is an invalid version and will not be supported in a future release
[28.628s]   warnings.warn(
[29.370s] running egg_info
[29.890s] writing yolo_den.egg-info/PKG-INFO
[30.492s] writing dependency_links to yolo_den.egg-info/dependency_links.txt
[31.676s] writing entry points to yolo_den.egg-info/entry_points.txt
[32.570s] writing requirements to yolo_den.egg-info/requires.txt
[32.960s] writing top-level names to yolo_den.egg-info/top_level.txt
[33.655s] reading manifest file 'yolo_den.egg-info/SOURCES.txt'
[33.670s] writing manifest file 'yolo_den.egg-info/SOURCES.txt'
[34.537s] running build_ext
[34.537s] Creating /home/jetson/ros2_ws/install/yolo_den/lib/python3.8/site-packages/yolo-den.egg-link (link to .)
[34.542s] Installing ysub2 script to /home/jetson/ros2_ws/install/yolo_den/lib/yolo_den
[34.544s] 
[34.544s] Installed /home/jetson/ros2_ws/build/yolo_den
[34.545s] running install_data
[35.013s] Invoked command in '/home/jetson/ros2_ws/build/yolo_den' returned '0': PYTHONPATH=/home/jetson/ros2_ws/install/yolo_den/lib/python3.8/site-packages:${PYTHONPATH} /usr/bin/python3 setup.py develop --prefix /home/jetson/ros2_ws/install/yolo_den --editable --build-directory /home/jetson/ros2_ws/build/yolo_den/build --no-deps install_data --install-dir /home/jetson/ros2_ws/install/yolo_den
