[2.037s] DEBUG:colcon:Command line arguments: ['/usr/bin/colcon', 'build', '--packages-select', 'humancount', 'smylink']
[2.037s] DEBUG:colcon:Parsed command line arguments: Namespace(allow_overriding=[], ament_cmake_args=None, base_paths=['.'], build_base='build', catkin_cmake_args=None, catkin_skip_building_tests=False, cmake_args=None, cmake_clean_cache=False, cmake_clean_first=False, cmake_force_configure=False, cmake_target=None, cmake_target_skip_unavailable=False, continue_on_error=False, event_handlers=None, executor='parallel', ignore_user_meta=False, install_base='install', log_base=None, log_level=None, main=<bound method BuildVerb.main of <colcon_core.verb.build.BuildVerb object at 0x7f8fa48a30>>, merge_install=False, metas=['./colcon.meta'], packages_above=None, packages_above_and_dependencies=None, packages_above_depth=None, packages_end=None, packages_ignore=None, packages_ignore_regex=None, packages_select=['humancount', 'smylink'], packages_select_build_failed=False, packages_select_by_dep=None, packages_select_regex=None, packages_select_test_failures=False, packages_skip=None, packages_skip_build_finished=False, packages_skip_by_dep=None, packages_skip_regex=None, packages_skip_test_passed=False, packages_skip_up_to=None, packages_start=None, packages_up_to=None, packages_up_to_regex=None, parallel_workers=4, paths=None, symlink_install=False, test_result_base=None, verb_extension=<colcon_core.verb.build.BuildVerb object at 0x7f8fa48a30>, verb_name='build', verb_parser=<colcon_defaults.argument_parser.defaults.DefaultArgumentsDecorator object at 0x7f8f8ed0a0>)
[2.443s] Level 1:colcon.colcon_core.package_discovery:discover_packages(colcon_meta) check parameters
[2.443s] Level 1:colcon.colcon_core.package_discovery:discover_packages(recursive) check parameters
[2.444s] Level 1:colcon.colcon_core.package_discovery:discover_packages(ignore) check parameters
[2.444s] Level 1:colcon.colcon_core.package_discovery:discover_packages(path) check parameters
[2.444s] Level 1:colcon.colcon_core.package_discovery:discover_packages(colcon_meta) discover
[2.444s] Level 1:colcon.colcon_core.package_discovery:discover_packages(recursive) discover
[2.444s] INFO:colcon.colcon_core.package_discovery:Crawling recursively for packages in '/home/jetson/ros2_ws/src'
[2.445s] Level 1:colcon.colcon_core.package_identification:_identify(.) by extensions ['ignore', 'ignore_ament_install']
[2.445s] Level 1:colcon.colcon_core.package_identification:_identify(.) by extension 'ignore'
[2.445s] Level 1:colcon.colcon_core.package_identification:_identify(.) by extension 'ignore_ament_install'
[2.446s] Level 1:colcon.colcon_core.package_identification:_identify(.) by extensions ['colcon_pkg']
[2.446s] Level 1:colcon.colcon_core.package_identification:_identify(.) by extension 'colcon_pkg'
[2.446s] Level 1:colcon.colcon_core.package_identification:_identify(.) by extensions ['colcon_meta']
[2.446s] Level 1:colcon.colcon_core.package_identification:_identify(.) by extension 'colcon_meta'
[2.446s] Level 1:colcon.colcon_core.package_identification:_identify(.) by extensions ['ros']
[2.446s] Level 1:colcon.colcon_core.package_identification:_identify(.) by extension 'ros'
[2.528s] Level 1:colcon.colcon_core.package_identification:_identify(.) by extensions ['cmake', 'python']
[2.528s] Level 1:colcon.colcon_core.package_identification:_identify(.) by extension 'cmake'
[2.528s] Level 1:colcon.colcon_core.package_identification:_identify(.) by extension 'python'
[2.529s] Level 1:colcon.colcon_core.package_identification:_identify(.) by extensions ['python_setup_py']
[2.529s] Level 1:colcon.colcon_core.package_identification:_identify(.) by extension 'python_setup_py'
[2.529s] Level 1:colcon.colcon_core.package_identification:_identify(build) by extensions ['ignore', 'ignore_ament_install']
[2.530s] Level 1:colcon.colcon_core.package_identification:_identify(build) by extension 'ignore'
[2.530s] Level 1:colcon.colcon_core.package_identification:_identify(build) ignored
[2.530s] Level 1:colcon.colcon_core.package_identification:_identify(cvdeneme) by extensions ['ignore', 'ignore_ament_install']
[2.531s] Level 1:colcon.colcon_core.package_identification:_identify(cvdeneme) by extension 'ignore'
[2.531s] Level 1:colcon.colcon_core.package_identification:_identify(cvdeneme) by extension 'ignore_ament_install'
[2.531s] Level 1:colcon.colcon_core.package_identification:_identify(cvdeneme) by extensions ['colcon_pkg']
[2.531s] Level 1:colcon.colcon_core.package_identification:_identify(cvdeneme) by extension 'colcon_pkg'
[2.532s] Level 1:colcon.colcon_core.package_identification:_identify(cvdeneme) by extensions ['colcon_meta']
[2.532s] Level 1:colcon.colcon_core.package_identification:_identify(cvdeneme) by extension 'colcon_meta'
[2.532s] Level 1:colcon.colcon_core.package_identification:_identify(cvdeneme) by extensions ['ros']
[2.532s] Level 1:colcon.colcon_core.package_identification:_identify(cvdeneme) by extension 'ros'
[2.552s] DEBUG:colcon.colcon_core.package_identification:Package 'cvdeneme' with type 'ros.ament_python' and name 'cvdeneme'
[2.552s] Level 1:colcon.colcon_core.package_identification:_identify(darknet_ros_yolov4) by extensions ['ignore', 'ignore_ament_install']
[2.553s] Level 1:colcon.colcon_core.package_identification:_identify(darknet_ros_yolov4) by extension 'ignore'
[2.553s] Level 1:colcon.colcon_core.package_identification:_identify(darknet_ros_yolov4) by extension 'ignore_ament_install'
[2.553s] Level 1:colcon.colcon_core.package_identification:_identify(darknet_ros_yolov4) by extensions ['colcon_pkg']
[2.554s] Level 1:colcon.colcon_core.package_identification:_identify(darknet_ros_yolov4) by extension 'colcon_pkg'
[2.554s] Level 1:colcon.colcon_core.package_identification:_identify(darknet_ros_yolov4) by extensions ['colcon_meta']
[2.554s] Level 1:colcon.colcon_core.package_identification:_identify(darknet_ros_yolov4) by extension 'colcon_meta'
[2.554s] Level 1:colcon.colcon_core.package_identification:_identify(darknet_ros_yolov4) by extensions ['ros']
[2.555s] Level 1:colcon.colcon_core.package_identification:_identify(darknet_ros_yolov4) by extension 'ros'
[2.555s] Level 1:colcon.colcon_core.package_identification:_identify(darknet_ros_yolov4) by extensions ['cmake', 'python']
[2.555s] Level 1:colcon.colcon_core.package_identification:_identify(darknet_ros_yolov4) by extension 'cmake'
[2.555s] Level 1:colcon.colcon_core.package_identification:_identify(darknet_ros_yolov4) by extension 'python'
[2.556s] Level 1:colcon.colcon_core.package_identification:_identify(darknet_ros_yolov4) by extensions ['python_setup_py']
[2.556s] Level 1:colcon.colcon_core.package_identification:_identify(darknet_ros_yolov4) by extension 'python_setup_py'
[2.556s] Level 1:colcon.colcon_core.package_identification:_identify(darknet_ros_yolov4/darknet_ros) by extensions ['ignore', 'ignore_ament_install']
[2.557s] Level 1:colcon.colcon_core.package_identification:_identify(darknet_ros_yolov4/darknet_ros) by extension 'ignore'
[2.557s] Level 1:colcon.colcon_core.package_identification:_identify(darknet_ros_yolov4/darknet_ros) by extension 'ignore_ament_install'
[2.557s] Level 1:colcon.colcon_core.package_identification:_identify(darknet_ros_yolov4/darknet_ros) by extensions ['colcon_pkg']
[2.557s] Level 1:colcon.colcon_core.package_identification:_identify(darknet_ros_yolov4/darknet_ros) by extension 'colcon_pkg'
[2.557s] Level 1:colcon.colcon_core.package_identification:_identify(darknet_ros_yolov4/darknet_ros) by extensions ['colcon_meta']
[2.558s] Level 1:colcon.colcon_core.package_identification:_identify(darknet_ros_yolov4/darknet_ros) by extension 'colcon_meta'
[2.558s] Level 1:colcon.colcon_core.package_identification:_identify(darknet_ros_yolov4/darknet_ros) by extensions ['ros']
[2.558s] Level 1:colcon.colcon_core.package_identification:_identify(darknet_ros_yolov4/darknet_ros) by extension 'ros'
[2.558s] Level 1:colcon.colcon_core.package_identification:_identify(darknet_ros_yolov4/darknet_ros) by extensions ['cmake', 'python']
[2.558s] Level 1:colcon.colcon_core.package_identification:_identify(darknet_ros_yolov4/darknet_ros) by extension 'cmake'
[2.559s] Level 1:colcon.colcon_core.package_identification:_identify(darknet_ros_yolov4/darknet_ros) by extension 'python'
[2.559s] Level 1:colcon.colcon_core.package_identification:_identify(darknet_ros_yolov4/darknet_ros) by extensions ['python_setup_py']
[2.559s] Level 1:colcon.colcon_core.package_identification:_identify(darknet_ros_yolov4/darknet_ros) by extension 'python_setup_py'
[2.560s] Level 1:colcon.colcon_core.package_identification:_identify(darknet_ros_yolov4/darknet_ros/darknet) by extensions ['ignore', 'ignore_ament_install']
[2.560s] Level 1:colcon.colcon_core.package_identification:_identify(darknet_ros_yolov4/darknet_ros/darknet) by extension 'ignore'
[2.560s] Level 1:colcon.colcon_core.package_identification:_identify(darknet_ros_yolov4/darknet_ros/darknet) by extension 'ignore_ament_install'
[2.560s] Level 1:colcon.colcon_core.package_identification:_identify(darknet_ros_yolov4/darknet_ros/darknet) by extensions ['colcon_pkg']
[2.561s] Level 1:colcon.colcon_core.package_identification:_identify(darknet_ros_yolov4/darknet_ros/darknet) by extension 'colcon_pkg'
[2.561s] Level 1:colcon.colcon_core.package_identification:_identify(darknet_ros_yolov4/darknet_ros/darknet) by extensions ['colcon_meta']
[2.561s] Level 1:colcon.colcon_core.package_identification:_identify(darknet_ros_yolov4/darknet_ros/darknet) by extension 'colcon_meta'
[2.561s] Level 1:colcon.colcon_core.package_identification:_identify(darknet_ros_yolov4/darknet_ros/darknet) by extensions ['ros']
[2.561s] Level 1:colcon.colcon_core.package_identification:_identify(darknet_ros_yolov4/darknet_ros/darknet) by extension 'ros'
[2.562s] Level 1:colcon.colcon_core.package_identification:_identify(darknet_ros_yolov4/darknet_ros/darknet) by extensions ['cmake', 'python']
[2.562s] Level 1:colcon.colcon_core.package_identification:_identify(darknet_ros_yolov4/darknet_ros/darknet) by extension 'cmake'
[2.562s] Level 1:colcon.colcon_core.package_identification:_identify(darknet_ros_yolov4/darknet_ros/darknet) by extension 'python'
[2.562s] Level 1:colcon.colcon_core.package_identification:_identify(darknet_ros_yolov4/darknet_ros/darknet) by extensions ['python_setup_py']
[2.562s] Level 1:colcon.colcon_core.package_identification:_identify(darknet_ros_yolov4/darknet_ros/darknet) by extension 'python_setup_py'
[2.563s] Level 1:colcon.colcon_core.package_identification:_identify(darknet_ros_yolov4/darknet_ros/darknet/3rdparty) by extensions ['ignore', 'ignore_ament_install']
[2.563s] Level 1:colcon.colcon_core.package_identification:_identify(darknet_ros_yolov4/darknet_ros/darknet/3rdparty) by extension 'ignore'
[2.563s] Level 1:colcon.colcon_core.package_identification:_identify(darknet_ros_yolov4/darknet_ros/darknet/3rdparty) by extension 'ignore_ament_install'
[2.563s] Level 1:colcon.colcon_core.package_identification:_identify(darknet_ros_yolov4/darknet_ros/darknet/3rdparty) by extensions ['colcon_pkg']
[2.564s] Level 1:colcon.colcon_core.package_identification:_identify(darknet_ros_yolov4/darknet_ros/darknet/3rdparty) by extension 'colcon_pkg'
[2.564s] Level 1:colcon.colcon_core.package_identification:_identify(darknet_ros_yolov4/darknet_ros/darknet/3rdparty) by extensions ['colcon_meta']
[2.564s] Level 1:colcon.colcon_core.package_identification:_identify(darknet_ros_yolov4/darknet_ros/darknet/3rdparty) by extension 'colcon_meta'
[2.564s] Level 1:colcon.colcon_core.package_identification:_identify(darknet_ros_yolov4/darknet_ros/darknet/3rdparty) by extensions ['ros']
[2.564s] Level 1:colcon.colcon_core.package_identification:_identify(darknet_ros_yolov4/darknet_ros/darknet/3rdparty) by extension 'ros'
[2.565s] Level 1:colcon.colcon_core.package_identification:_identify(darknet_ros_yolov4/darknet_ros/darknet/3rdparty) by extensions ['cmake', 'python']
[2.565s] Level 1:colcon.colcon_core.package_identification:_identify(darknet_ros_yolov4/darknet_ros/darknet/3rdparty) by extension 'cmake'
[2.565s] Level 1:colcon.colcon_core.package_identification:_identify(darknet_ros_yolov4/darknet_ros/darknet/3rdparty) by extension 'python'
[2.565s] Level 1:colcon.colcon_core.package_identification:_identify(darknet_ros_yolov4/darknet_ros/darknet/3rdparty) by extensions ['python_setup_py']
[2.565s] Level 1:colcon.colcon_core.package_identification:_identify(darknet_ros_yolov4/darknet_ros/darknet/3rdparty) by extension 'python_setup_py'
[2.566s] Level 1:colcon.colcon_core.package_identification:_identify(darknet_ros_yolov4/darknet_ros/darknet/3rdparty/pthreads) by extensions ['ignore', 'ignore_ament_install']
[2.566s] Level 1:colcon.colcon_core.package_identification:_identify(darknet_ros_yolov4/darknet_ros/darknet/3rdparty/pthreads) by extension 'ignore'
[2.566s] Level 1:colcon.colcon_core.package_identification:_identify(darknet_ros_yolov4/darknet_ros/darknet/3rdparty/pthreads) by extension 'ignore_ament_install'
[2.567s] Level 1:colcon.colcon_core.package_identification:_identify(darknet_ros_yolov4/darknet_ros/darknet/3rdparty/pthreads) by extensions ['colcon_pkg']
[2.567s] Level 1:colcon.colcon_core.package_identification:_identify(darknet_ros_yolov4/darknet_ros/darknet/3rdparty/pthreads) by extension 'colcon_pkg'
[2.567s] Level 1:colcon.colcon_core.package_identification:_identify(darknet_ros_yolov4/darknet_ros/darknet/3rdparty/pthreads) by extensions ['colcon_meta']
[2.567s] Level 1:colcon.colcon_core.package_identification:_identify(darknet_ros_yolov4/darknet_ros/darknet/3rdparty/pthreads) by extension 'colcon_meta'
[2.567s] Level 1:colcon.colcon_core.package_identification:_identify(darknet_ros_yolov4/darknet_ros/darknet/3rdparty/pthreads) by extensions ['ros']
[2.568s] Level 1:colcon.colcon_core.package_identification:_identify(darknet_ros_yolov4/darknet_ros/darknet/3rdparty/pthreads) by extension 'ros'
[2.568s] Level 1:colcon.colcon_core.package_identification:_identify(darknet_ros_yolov4/darknet_ros/darknet/3rdparty/pthreads) by extensions ['cmake', 'python']
[2.568s] Level 1:colcon.colcon_core.package_identification:_identify(darknet_ros_yolov4/darknet_ros/darknet/3rdparty/pthreads) by extension 'cmake'
[2.568s] Level 1:colcon.colcon_core.package_identification:_identify(darknet_ros_yolov4/darknet_ros/darknet/3rdparty/pthreads) by extension 'python'
[2.568s] Level 1:colcon.colcon_core.package_identification:_identify(darknet_ros_yolov4/darknet_ros/darknet/3rdparty/pthreads) by extensions ['python_setup_py']
[2.569s] Level 1:colcon.colcon_core.package_identification:_identify(darknet_ros_yolov4/darknet_ros/darknet/3rdparty/pthreads) by extension 'python_setup_py'
[2.569s] Level 1:colcon.colcon_core.package_identification:_identify(darknet_ros_yolov4/darknet_ros/darknet/3rdparty/pthreads/bin) by extensions ['ignore', 'ignore_ament_install']
[2.569s] Level 1:colcon.colcon_core.package_identification:_identify(darknet_ros_yolov4/darknet_ros/darknet/3rdparty/pthreads/bin) by extension 'ignore'
[2.570s] Level 1:colcon.colcon_core.package_identification:_identify(darknet_ros_yolov4/darknet_ros/darknet/3rdparty/pthreads/bin) by extension 'ignore_ament_install'
[2.570s] Level 1:colcon.colcon_core.package_identification:_identify(darknet_ros_yolov4/darknet_ros/darknet/3rdparty/pthreads/bin) by extensions ['colcon_pkg']
[2.570s] Level 1:colcon.colcon_core.package_identification:_identify(darknet_ros_yolov4/darknet_ros/darknet/3rdparty/pthreads/bin) by extension 'colcon_pkg'
[2.570s] Level 1:colcon.colcon_core.package_identification:_identify(darknet_ros_yolov4/darknet_ros/darknet/3rdparty/pthreads/bin) by extensions ['colcon_meta']
[2.570s] Level 1:colcon.colcon_core.package_identification:_identify(darknet_ros_yolov4/darknet_ros/darknet/3rdparty/pthreads/bin) by extension 'colcon_meta'
[2.571s] Level 1:colcon.colcon_core.package_identification:_identify(darknet_ros_yolov4/darknet_ros/darknet/3rdparty/pthreads/bin) by extensions ['ros']
[2.571s] Level 1:colcon.colcon_core.package_identification:_identify(darknet_ros_yolov4/darknet_ros/darknet/3rdparty/pthreads/bin) by extension 'ros'
[2.571s] Level 1:colcon.colcon_core.package_identification:_identify(darknet_ros_yolov4/darknet_ros/darknet/3rdparty/pthreads/bin) by extensions ['cmake', 'python']
[2.571s] Level 1:colcon.colcon_core.package_identification:_identify(darknet_ros_yolov4/darknet_ros/darknet/3rdparty/pthreads/bin) by extension 'cmake'
[2.572s] Level 1:colcon.colcon_core.package_identification:_identify(darknet_ros_yolov4/darknet_ros/darknet/3rdparty/pthreads/bin) by extension 'python'
[2.572s] Level 1:colcon.colcon_core.package_identification:_identify(darknet_ros_yolov4/darknet_ros/darknet/3rdparty/pthreads/bin) by extensions ['python_setup_py']
[2.572s] Level 1:colcon.colcon_core.package_identification:_identify(darknet_ros_yolov4/darknet_ros/darknet/3rdparty/pthreads/bin) by extension 'python_setup_py'
[2.573s] Level 1:colcon.colcon_core.package_identification:_identify(darknet_ros_yolov4/darknet_ros/darknet/3rdparty/pthreads/include) by extensions ['ignore', 'ignore_ament_install']
[2.573s] Level 1:colcon.colcon_core.package_identification:_identify(darknet_ros_yolov4/darknet_ros/darknet/3rdparty/pthreads/include) by extension 'ignore'
[2.573s] Level 1:colcon.colcon_core.package_identification:_identify(darknet_ros_yolov4/darknet_ros/darknet/3rdparty/pthreads/include) by extension 'ignore_ament_install'
[2.573s] Level 1:colcon.colcon_core.package_identification:_identify(darknet_ros_yolov4/darknet_ros/darknet/3rdparty/pthreads/include) by extensions ['colcon_pkg']
[2.574s] Level 1:colcon.colcon_core.package_identification:_identify(darknet_ros_yolov4/darknet_ros/darknet/3rdparty/pthreads/include) by extension 'colcon_pkg'
[2.574s] Level 1:colcon.colcon_core.package_identification:_identify(darknet_ros_yolov4/darknet_ros/darknet/3rdparty/pthreads/include) by extensions ['colcon_meta']
[2.574s] Level 1:colcon.colcon_core.package_identification:_identify(darknet_ros_yolov4/darknet_ros/darknet/3rdparty/pthreads/include) by extension 'colcon_meta'
[2.574s] Level 1:colcon.colcon_core.package_identification:_identify(darknet_ros_yolov4/darknet_ros/darknet/3rdparty/pthreads/include) by extensions ['ros']
[2.574s] Level 1:colcon.colcon_core.package_identification:_identify(darknet_ros_yolov4/darknet_ros/darknet/3rdparty/pthreads/include) by extension 'ros'
[2.575s] Level 1:colcon.colcon_core.package_identification:_identify(darknet_ros_yolov4/darknet_ros/darknet/3rdparty/pthreads/include) by extensions ['cmake', 'python']
[2.575s] Level 1:colcon.colcon_core.package_identification:_identify(darknet_ros_yolov4/darknet_ros/darknet/3rdparty/pthreads/include) by extension 'cmake'
[2.575s] Level 1:colcon.colcon_core.package_identification:_identify(darknet_ros_yolov4/darknet_ros/darknet/3rdparty/pthreads/include) by extension 'python'
[2.575s] Level 1:colcon.colcon_core.package_identification:_identify(darknet_ros_yolov4/darknet_ros/darknet/3rdparty/pthreads/include) by extensions ['python_setup_py']
[2.575s] Level 1:colcon.colcon_core.package_identification:_identify(darknet_ros_yolov4/darknet_ros/darknet/3rdparty/pthreads/include) by extension 'python_setup_py'
[2.576s] Level 1:colcon.colcon_core.package_identification:_identify(darknet_ros_yolov4/darknet_ros/darknet/3rdparty/pthreads/lib) by extensions ['ignore', 'ignore_ament_install']
[2.576s] Level 1:colcon.colcon_core.package_identification:_identify(darknet_ros_yolov4/darknet_ros/darknet/3rdparty/pthreads/lib) by extension 'ignore'
[2.576s] Level 1:colcon.colcon_core.package_identification:_identify(darknet_ros_yolov4/darknet_ros/darknet/3rdparty/pthreads/lib) by extension 'ignore_ament_install'
[2.577s] Level 1:colcon.colcon_core.package_identification:_identify(darknet_ros_yolov4/darknet_ros/darknet/3rdparty/pthreads/lib) by extensions ['colcon_pkg']
[2.577s] Level 1:colcon.colcon_core.package_identification:_identify(darknet_ros_yolov4/darknet_ros/darknet/3rdparty/pthreads/lib) by extension 'colcon_pkg'
[2.577s] Level 1:colcon.colcon_core.package_identification:_identify(darknet_ros_yolov4/darknet_ros/darknet/3rdparty/pthreads/lib) by extensions ['colcon_meta']
[2.577s] Level 1:colcon.colcon_core.package_identification:_identify(darknet_ros_yolov4/darknet_ros/darknet/3rdparty/pthreads/lib) by extension 'colcon_meta'
[2.577s] Level 1:colcon.colcon_core.package_identification:_identify(darknet_ros_yolov4/darknet_ros/darknet/3rdparty/pthreads/lib) by extensions ['ros']
[2.577s] Level 1:colcon.colcon_core.package_identification:_identify(darknet_ros_yolov4/darknet_ros/darknet/3rdparty/pthreads/lib) by extension 'ros'
[2.578s] Level 1:colcon.colcon_core.package_identification:_identify(darknet_ros_yolov4/darknet_ros/darknet/3rdparty/pthreads/lib) by extensions ['cmake', 'python']
[2.578s] Level 1:colcon.colcon_core.package_identification:_identify(darknet_ros_yolov4/darknet_ros/darknet/3rdparty/pthreads/lib) by extension 'cmake'
[2.578s] Level 1:colcon.colcon_core.package_identification:_identify(darknet_ros_yolov4/darknet_ros/darknet/3rdparty/pthreads/lib) by extension 'python'
[2.578s] Level 1:colcon.colcon_core.package_identification:_identify(darknet_ros_yolov4/darknet_ros/darknet/3rdparty/pthreads/lib) by extensions ['python_setup_py']
[2.578s] Level 1:colcon.colcon_core.package_identification:_identify(darknet_ros_yolov4/darknet_ros/darknet/3rdparty/pthreads/lib) by extension 'python_setup_py'
[2.579s] Level 1:colcon.colcon_core.package_identification:_identify(darknet_ros_yolov4/darknet_ros/darknet/3rdparty/stb) by extensions ['ignore', 'ignore_ament_install']
[2.579s] Level 1:colcon.colcon_core.package_identification:_identify(darknet_ros_yolov4/darknet_ros/darknet/3rdparty/stb) by extension 'ignore'
[2.579s] Level 1:colcon.colcon_core.package_identification:_identify(darknet_ros_yolov4/darknet_ros/darknet/3rdparty/stb) by extension 'ignore_ament_install'
[2.580s] Level 1:colcon.colcon_core.package_identification:_identify(darknet_ros_yolov4/darknet_ros/darknet/3rdparty/stb) by extensions ['colcon_pkg']
[2.580s] Level 1:colcon.colcon_core.package_identification:_identify(darknet_ros_yolov4/darknet_ros/darknet/3rdparty/stb) by extension 'colcon_pkg'
[2.580s] Level 1:colcon.colcon_core.package_identification:_identify(darknet_ros_yolov4/darknet_ros/darknet/3rdparty/stb) by extensions ['colcon_meta']
[2.580s] Level 1:colcon.colcon_core.package_identification:_identify(darknet_ros_yolov4/darknet_ros/darknet/3rdparty/stb) by extension 'colcon_meta'
[2.580s] Level 1:colcon.colcon_core.package_identification:_identify(darknet_ros_yolov4/darknet_ros/darknet/3rdparty/stb) by extensions ['ros']
[2.581s] Level 1:colcon.colcon_core.package_identification:_identify(darknet_ros_yolov4/darknet_ros/darknet/3rdparty/stb) by extension 'ros'
[2.581s] Level 1:colcon.colcon_core.package_identification:_identify(darknet_ros_yolov4/darknet_ros/darknet/3rdparty/stb) by extensions ['cmake', 'python']
[2.581s] Level 1:colcon.colcon_core.package_identification:_identify(darknet_ros_yolov4/darknet_ros/darknet/3rdparty/stb) by extension 'cmake'
[2.581s] Level 1:colcon.colcon_core.package_identification:_identify(darknet_ros_yolov4/darknet_ros/darknet/3rdparty/stb) by extension 'python'
[2.582s] Level 1:colcon.colcon_core.package_identification:_identify(darknet_ros_yolov4/darknet_ros/darknet/3rdparty/stb) by extensions ['python_setup_py']
[2.582s] Level 1:colcon.colcon_core.package_identification:_identify(darknet_ros_yolov4/darknet_ros/darknet/3rdparty/stb) by extension 'python_setup_py'
[2.582s] Level 1:colcon.colcon_core.package_identification:_identify(darknet_ros_yolov4/darknet_ros/darknet/3rdparty/stb/include) by extensions ['ignore', 'ignore_ament_install']
[2.582s] Level 1:colcon.colcon_core.package_identification:_identify(darknet_ros_yolov4/darknet_ros/darknet/3rdparty/stb/include) by extension 'ignore'
[2.583s] Level 1:colcon.colcon_core.package_identification:_identify(darknet_ros_yolov4/darknet_ros/darknet/3rdparty/stb/include) by extension 'ignore_ament_install'
[2.583s] Level 1:colcon.colcon_core.package_identification:_identify(darknet_ros_yolov4/darknet_ros/darknet/3rdparty/stb/include) by extensions ['colcon_pkg']
[2.583s] Level 1:colcon.colcon_core.package_identification:_identify(darknet_ros_yolov4/darknet_ros/darknet/3rdparty/stb/include) by extension 'colcon_pkg'
[2.583s] Level 1:colcon.colcon_core.package_identification:_identify(darknet_ros_yolov4/darknet_ros/darknet/3rdparty/stb/include) by extensions ['colcon_meta']
[2.583s] Level 1:colcon.colcon_core.package_identification:_identify(darknet_ros_yolov4/darknet_ros/darknet/3rdparty/stb/include) by extension 'colcon_meta'
[2.584s] Level 1:colcon.colcon_core.package_identification:_identify(darknet_ros_yolov4/darknet_ros/darknet/3rdparty/stb/include) by extensions ['ros']
[2.584s] Level 1:colcon.colcon_core.package_identification:_identify(darknet_ros_yolov4/darknet_ros/darknet/3rdparty/stb/include) by extension 'ros'
[2.584s] Level 1:colcon.colcon_core.package_identification:_identify(darknet_ros_yolov4/darknet_ros/darknet/3rdparty/stb/include) by extensions ['cmake', 'python']
[2.584s] Level 1:colcon.colcon_core.package_identification:_identify(darknet_ros_yolov4/darknet_ros/darknet/3rdparty/stb/include) by extension 'cmake'
[2.585s] Level 1:colcon.colcon_core.package_identification:_identify(darknet_ros_yolov4/darknet_ros/darknet/3rdparty/stb/include) by extension 'python'
[2.585s] Level 1:colcon.colcon_core.package_identification:_identify(darknet_ros_yolov4/darknet_ros/darknet/3rdparty/stb/include) by extensions ['python_setup_py']
[2.585s] Level 1:colcon.colcon_core.package_identification:_identify(darknet_ros_yolov4/darknet_ros/darknet/3rdparty/stb/include) by extension 'python_setup_py'
[2.585s] Level 1:colcon.colcon_core.package_identification:_identify(darknet_ros_yolov4/darknet_ros/darknet/build) by extensions ['ignore', 'ignore_ament_install']
[2.586s] Level 1:colcon.colcon_core.package_identification:_identify(darknet_ros_yolov4/darknet_ros/darknet/build) by extension 'ignore'
[2.586s] Level 1:colcon.colcon_core.package_identification:_identify(darknet_ros_yolov4/darknet_ros/darknet/build) by extension 'ignore_ament_install'
[2.586s] Level 1:colcon.colcon_core.package_identification:_identify(darknet_ros_yolov4/darknet_ros/darknet/build) by extensions ['colcon_pkg']
[2.586s] Level 1:colcon.colcon_core.package_identification:_identify(darknet_ros_yolov4/darknet_ros/darknet/build) by extension 'colcon_pkg'
[2.586s] Level 1:colcon.colcon_core.package_identification:_identify(darknet_ros_yolov4/darknet_ros/darknet/build) by extensions ['colcon_meta']
[2.586s] Level 1:colcon.colcon_core.package_identification:_identify(darknet_ros_yolov4/darknet_ros/darknet/build) by extension 'colcon_meta'
[2.587s] Level 1:colcon.colcon_core.package_identification:_identify(darknet_ros_yolov4/darknet_ros/darknet/build) by extensions ['ros']
[2.587s] Level 1:colcon.colcon_core.package_identification:_identify(darknet_ros_yolov4/darknet_ros/darknet/build) by extension 'ros'
[2.587s] Level 1:colcon.colcon_core.package_identification:_identify(darknet_ros_yolov4/darknet_ros/darknet/build) by extensions ['cmake', 'python']
[2.587s] Level 1:colcon.colcon_core.package_identification:_identify(darknet_ros_yolov4/darknet_ros/darknet/build) by extension 'cmake'
[2.588s] Level 1:colcon.colcon_core.package_identification:_identify(darknet_ros_yolov4/darknet_ros/darknet/build) by extension 'python'
[2.588s] Level 1:colcon.colcon_core.package_identification:_identify(darknet_ros_yolov4/darknet_ros/darknet/build) by extensions ['python_setup_py']
[2.588s] Level 1:colcon.colcon_core.package_identification:_identify(darknet_ros_yolov4/darknet_ros/darknet/build) by extension 'python_setup_py'
[2.588s] Level 1:colcon.colcon_core.package_identification:_identify(darknet_ros_yolov4/darknet_ros/darknet/build/darknet) by extensions ['ignore', 'ignore_ament_install']
[2.589s] Level 1:colcon.colcon_core.package_identification:_identify(darknet_ros_yolov4/darknet_ros/darknet/build/darknet) by extension 'ignore'
[2.589s] Level 1:colcon.colcon_core.package_identification:_identify(darknet_ros_yolov4/darknet_ros/darknet/build/darknet) by extension 'ignore_ament_install'
[2.589s] Level 1:colcon.colcon_core.package_identification:_identify(darknet_ros_yolov4/darknet_ros/darknet/build/darknet) by extensions ['colcon_pkg']
[2.589s] Level 1:colcon.colcon_core.package_identification:_identify(darknet_ros_yolov4/darknet_ros/darknet/build/darknet) by extension 'colcon_pkg'
[2.590s] Level 1:colcon.colcon_core.package_identification:_identify(darknet_ros_yolov4/darknet_ros/darknet/build/darknet) by extensions ['colcon_meta']
[2.590s] Level 1:colcon.colcon_core.package_identification:_identify(darknet_ros_yolov4/darknet_ros/darknet/build/darknet) by extension 'colcon_meta'
[2.590s] Level 1:colcon.colcon_core.package_identification:_identify(darknet_ros_yolov4/darknet_ros/darknet/build/darknet) by extensions ['ros']
[2.590s] Level 1:colcon.colcon_core.package_identification:_identify(darknet_ros_yolov4/darknet_ros/darknet/build/darknet) by extension 'ros'
[2.590s] Level 1:colcon.colcon_core.package_identification:_identify(darknet_ros_yolov4/darknet_ros/darknet/build/darknet) by extensions ['cmake', 'python']
[2.591s] Level 1:colcon.colcon_core.package_identification:_identify(darknet_ros_yolov4/darknet_ros/darknet/build/darknet) by extension 'cmake'
[2.591s] Level 1:colcon.colcon_core.package_identification:_identify(darknet_ros_yolov4/darknet_ros/darknet/build/darknet) by extension 'python'
[2.591s] Level 1:colcon.colcon_core.package_identification:_identify(darknet_ros_yolov4/darknet_ros/darknet/build/darknet) by extensions ['python_setup_py']
[2.591s] Level 1:colcon.colcon_core.package_identification:_identify(darknet_ros_yolov4/darknet_ros/darknet/build/darknet) by extension 'python_setup_py'
[2.592s] Level 1:colcon.colcon_core.package_identification:_identify(darknet_ros_yolov4/darknet_ros/darknet/build/darknet/x64) by extensions ['ignore', 'ignore_ament_install']
[2.592s] Level 1:colcon.colcon_core.package_identification:_identify(darknet_ros_yolov4/darknet_ros/darknet/build/darknet/x64) by extension 'ignore'
[2.592s] Level 1:colcon.colcon_core.package_identification:_identify(darknet_ros_yolov4/darknet_ros/darknet/build/darknet/x64) by extension 'ignore_ament_install'
[2.593s] Level 1:colcon.colcon_core.package_identification:_identify(darknet_ros_yolov4/darknet_ros/darknet/build/darknet/x64) by extensions ['colcon_pkg']
[2.593s] Level 1:colcon.colcon_core.package_identification:_identify(darknet_ros_yolov4/darknet_ros/darknet/build/darknet/x64) by extension 'colcon_pkg'
[2.593s] Level 1:colcon.colcon_core.package_identification:_identify(darknet_ros_yolov4/darknet_ros/darknet/build/darknet/x64) by extensions ['colcon_meta']
[2.593s] Level 1:colcon.colcon_core.package_identification:_identify(darknet_ros_yolov4/darknet_ros/darknet/build/darknet/x64) by extension 'colcon_meta'
[2.593s] Level 1:colcon.colcon_core.package_identification:_identify(darknet_ros_yolov4/darknet_ros/darknet/build/darknet/x64) by extensions ['ros']
[2.594s] Level 1:colcon.colcon_core.package_identification:_identify(darknet_ros_yolov4/darknet_ros/darknet/build/darknet/x64) by extension 'ros'
[2.594s] Level 1:colcon.colcon_core.package_identification:_identify(darknet_ros_yolov4/darknet_ros/darknet/build/darknet/x64) by extensions ['cmake', 'python']
[2.594s] Level 1:colcon.colcon_core.package_identification:_identify(darknet_ros_yolov4/darknet_ros/darknet/build/darknet/x64) by extension 'cmake'
[2.594s] Level 1:colcon.colcon_core.package_identification:_identify(darknet_ros_yolov4/darknet_ros/darknet/build/darknet/x64) by extension 'python'
[2.594s] Level 1:colcon.colcon_core.package_identification:_identify(darknet_ros_yolov4/darknet_ros/darknet/build/darknet/x64) by extensions ['python_setup_py']
[2.595s] Level 1:colcon.colcon_core.package_identification:_identify(darknet_ros_yolov4/darknet_ros/darknet/build/darknet/x64) by extension 'python_setup_py'
[2.595s] Level 1:colcon.colcon_core.package_identification:_identify(darknet_ros_yolov4/darknet_ros/darknet/build/darknet/x64/backup) by extensions ['ignore', 'ignore_ament_install']
[2.595s] Level 1:colcon.colcon_core.package_identification:_identify(darknet_ros_yolov4/darknet_ros/darknet/build/darknet/x64/backup) by extension 'ignore'
[2.596s] Level 1:colcon.colcon_core.package_identification:_identify(darknet_ros_yolov4/darknet_ros/darknet/build/darknet/x64/backup) by extension 'ignore_ament_install'
[2.596s] Level 1:colcon.colcon_core.package_identification:_identify(darknet_ros_yolov4/darknet_ros/darknet/build/darknet/x64/backup) by extensions ['colcon_pkg']
[2.596s] Level 1:colcon.colcon_core.package_identification:_identify(darknet_ros_yolov4/darknet_ros/darknet/build/darknet/x64/backup) by extension 'colcon_pkg'
[2.596s] Level 1:colcon.colcon_core.package_identification:_identify(darknet_ros_yolov4/darknet_ros/darknet/build/darknet/x64/backup) by extensions ['colcon_meta']
[2.596s] Level 1:colcon.colcon_core.package_identification:_identify(darknet_ros_yolov4/darknet_ros/darknet/build/darknet/x64/backup) by extension 'colcon_meta'
[2.597s] Level 1:colcon.colcon_core.package_identification:_identify(darknet_ros_yolov4/darknet_ros/darknet/build/darknet/x64/backup) by extensions ['ros']
[2.597s] Level 1:colcon.colcon_core.package_identification:_identify(darknet_ros_yolov4/darknet_ros/darknet/build/darknet/x64/backup) by extension 'ros'
[2.597s] Level 1:colcon.colcon_core.package_identification:_identify(darknet_ros_yolov4/darknet_ros/darknet/build/darknet/x64/backup) by extensions ['cmake', 'python']
[2.597s] Level 1:colcon.colcon_core.package_identification:_identify(darknet_ros_yolov4/darknet_ros/darknet/build/darknet/x64/backup) by extension 'cmake'
[2.597s] Level 1:colcon.colcon_core.package_identification:_identify(darknet_ros_yolov4/darknet_ros/darknet/build/darknet/x64/backup) by extension 'python'
[2.598s] Level 1:colcon.colcon_core.package_identification:_identify(darknet_ros_yolov4/darknet_ros/darknet/build/darknet/x64/backup) by extensions ['python_setup_py']
[2.598s] Level 1:colcon.colcon_core.package_identification:_identify(darknet_ros_yolov4/darknet_ros/darknet/build/darknet/x64/backup) by extension 'python_setup_py'
[2.599s] Level 1:colcon.colcon_core.package_identification:_identify(darknet_ros_yolov4/darknet_ros/darknet/build/darknet/x64/cfg) by extensions ['ignore', 'ignore_ament_install']
[2.599s] Level 1:colcon.colcon_core.package_identification:_identify(darknet_ros_yolov4/darknet_ros/darknet/build/darknet/x64/cfg) by extension 'ignore'
[2.599s] Level 1:colcon.colcon_core.package_identification:_identify(darknet_ros_yolov4/darknet_ros/darknet/build/darknet/x64/cfg) by extension 'ignore_ament_install'
[2.600s] Level 1:colcon.colcon_core.package_identification:_identify(darknet_ros_yolov4/darknet_ros/darknet/build/darknet/x64/cfg) by extensions ['colcon_pkg']
[2.600s] Level 1:colcon.colcon_core.package_identification:_identify(darknet_ros_yolov4/darknet_ros/darknet/build/darknet/x64/cfg) by extension 'colcon_pkg'
[2.600s] Level 1:colcon.colcon_core.package_identification:_identify(darknet_ros_yolov4/darknet_ros/darknet/build/darknet/x64/cfg) by extensions ['colcon_meta']
[2.600s] Level 1:colcon.colcon_core.package_identification:_identify(darknet_ros_yolov4/darknet_ros/darknet/build/darknet/x64/cfg) by extension 'colcon_meta'
[2.600s] Level 1:colcon.colcon_core.package_identification:_identify(darknet_ros_yolov4/darknet_ros/darknet/build/darknet/x64/cfg) by extensions ['ros']
[2.601s] Level 1:colcon.colcon_core.package_identification:_identify(darknet_ros_yolov4/darknet_ros/darknet/build/darknet/x64/cfg) by extension 'ros'
[2.601s] Level 1:colcon.colcon_core.package_identification:_identify(darknet_ros_yolov4/darknet_ros/darknet/build/darknet/x64/cfg) by extensions ['cmake', 'python']
[2.601s] Level 1:colcon.colcon_core.package_identification:_identify(darknet_ros_yolov4/darknet_ros/darknet/build/darknet/x64/cfg) by extension 'cmake'
[2.601s] Level 1:colcon.colcon_core.package_identification:_identify(darknet_ros_yolov4/darknet_ros/darknet/build/darknet/x64/cfg) by extension 'python'
[2.602s] Level 1:colcon.colcon_core.package_identification:_identify(darknet_ros_yolov4/darknet_ros/darknet/build/darknet/x64/cfg) by extensions ['python_setup_py']
[2.602s] Level 1:colcon.colcon_core.package_identification:_identify(darknet_ros_yolov4/darknet_ros/darknet/build/darknet/x64/cfg) by extension 'python_setup_py'
[2.602s] Level 1:colcon.colcon_core.package_identification:_identify(darknet_ros_yolov4/darknet_ros/darknet/build/darknet/x64/data) by extensions ['ignore', 'ignore_ament_install']
[2.603s] Level 1:colcon.colcon_core.package_identification:_identify(darknet_ros_yolov4/darknet_ros/darknet/build/darknet/x64/data) by extension 'ignore'
[2.603s] Level 1:colcon.colcon_core.package_identification:_identify(darknet_ros_yolov4/darknet_ros/darknet/build/darknet/x64/data) by extension 'ignore_ament_install'
[2.603s] Level 1:colcon.colcon_core.package_identification:_identify(darknet_ros_yolov4/darknet_ros/darknet/build/darknet/x64/data) by extensions ['colcon_pkg']
[2.603s] Level 1:colcon.colcon_core.package_identification:_identify(darknet_ros_yolov4/darknet_ros/darknet/build/darknet/x64/data) by extension 'colcon_pkg'
[2.604s] Level 1:colcon.colcon_core.package_identification:_identify(darknet_ros_yolov4/darknet_ros/darknet/build/darknet/x64/data) by extensions ['colcon_meta']
[2.604s] Level 1:colcon.colcon_core.package_identification:_identify(darknet_ros_yolov4/darknet_ros/darknet/build/darknet/x64/data) by extension 'colcon_meta'
[2.604s] Level 1:colcon.colcon_core.package_identification:_identify(darknet_ros_yolov4/darknet_ros/darknet/build/darknet/x64/data) by extensions ['ros']
[2.604s] Level 1:colcon.colcon_core.package_identification:_identify(darknet_ros_yolov4/darknet_ros/darknet/build/darknet/x64/data) by extension 'ros'
[2.605s] Level 1:colcon.colcon_core.package_identification:_identify(darknet_ros_yolov4/darknet_ros/darknet/build/darknet/x64/data) by extensions ['cmake', 'python']
[2.605s] Level 1:colcon.colcon_core.package_identification:_identify(darknet_ros_yolov4/darknet_ros/darknet/build/darknet/x64/data) by extension 'cmake'
[2.605s] Level 1:colcon.colcon_core.package_identification:_identify(darknet_ros_yolov4/darknet_ros/darknet/build/darknet/x64/data) by extension 'python'
[2.605s] Level 1:colcon.colcon_core.package_identification:_identify(darknet_ros_yolov4/darknet_ros/darknet/build/darknet/x64/data) by extensions ['python_setup_py']
[2.605s] Level 1:colcon.colcon_core.package_identification:_identify(darknet_ros_yolov4/darknet_ros/darknet/build/darknet/x64/data) by extension 'python_setup_py'
[2.610s] Level 1:colcon.colcon_core.package_identification:_identify(darknet_ros_yolov4/darknet_ros/darknet/build/darknet/x64/data/labels) by extensions ['ignore', 'ignore_ament_install']
[2.610s] Level 1:colcon.colcon_core.package_identification:_identify(darknet_ros_yolov4/darknet_ros/darknet/build/darknet/x64/data/labels) by extension 'ignore'
[2.611s] Level 1:colcon.colcon_core.package_identification:_identify(darknet_ros_yolov4/darknet_ros/darknet/build/darknet/x64/data/labels) by extension 'ignore_ament_install'
[2.611s] Level 1:colcon.colcon_core.package_identification:_identify(darknet_ros_yolov4/darknet_ros/darknet/build/darknet/x64/data/labels) by extensions ['colcon_pkg']
[2.611s] Level 1:colcon.colcon_core.package_identification:_identify(darknet_ros_yolov4/darknet_ros/darknet/build/darknet/x64/data/labels) by extension 'colcon_pkg'
[2.611s] Level 1:colcon.colcon_core.package_identification:_identify(darknet_ros_yolov4/darknet_ros/darknet/build/darknet/x64/data/labels) by extensions ['colcon_meta']
[2.611s] Level 1:colcon.colcon_core.package_identification:_identify(darknet_ros_yolov4/darknet_ros/darknet/build/darknet/x64/data/labels) by extension 'colcon_meta'
[2.612s] Level 1:colcon.colcon_core.package_identification:_identify(darknet_ros_yolov4/darknet_ros/darknet/build/darknet/x64/data/labels) by extensions ['ros']
[2.612s] Level 1:colcon.colcon_core.package_identification:_identify(darknet_ros_yolov4/darknet_ros/darknet/build/darknet/x64/data/labels) by extension 'ros'
[2.612s] Level 1:colcon.colcon_core.package_identification:_identify(darknet_ros_yolov4/darknet_ros/darknet/build/darknet/x64/data/labels) by extensions ['cmake', 'python']
[2.612s] Level 1:colcon.colcon_core.package_identification:_identify(darknet_ros_yolov4/darknet_ros/darknet/build/darknet/x64/data/labels) by extension 'cmake'
[2.613s] Level 1:colcon.colcon_core.package_identification:_identify(darknet_ros_yolov4/darknet_ros/darknet/build/darknet/x64/data/labels) by extension 'python'
[2.613s] Level 1:colcon.colcon_core.package_identification:_identify(darknet_ros_yolov4/darknet_ros/darknet/build/darknet/x64/data/labels) by extensions ['python_setup_py']
[2.613s] Level 1:colcon.colcon_core.package_identification:_identify(darknet_ros_yolov4/darknet_ros/darknet/build/darknet/x64/data/labels) by extension 'python_setup_py'
[2.613s] Level 1:colcon.colcon_core.package_identification:_identify(darknet_ros_yolov4/darknet_ros/darknet/build/darknet/x64/data/voc) by extensions ['ignore', 'ignore_ament_install']
[2.614s] Level 1:colcon.colcon_core.package_identification:_identify(darknet_ros_yolov4/darknet_ros/darknet/build/darknet/x64/data/voc) by extension 'ignore'
[2.614s] Level 1:colcon.colcon_core.package_identification:_identify(darknet_ros_yolov4/darknet_ros/darknet/build/darknet/x64/data/voc) by extension 'ignore_ament_install'
[2.614s] Level 1:colcon.colcon_core.package_identification:_identify(darknet_ros_yolov4/darknet_ros/darknet/build/darknet/x64/data/voc) by extensions ['colcon_pkg']
[2.614s] Level 1:colcon.colcon_core.package_identification:_identify(darknet_ros_yolov4/darknet_ros/darknet/build/darknet/x64/data/voc) by extension 'colcon_pkg'
[2.615s] Level 1:colcon.colcon_core.package_identification:_identify(darknet_ros_yolov4/darknet_ros/darknet/build/darknet/x64/data/voc) by extensions ['colcon_meta']
[2.615s] Level 1:colcon.colcon_core.package_identification:_identify(darknet_ros_yolov4/darknet_ros/darknet/build/darknet/x64/data/voc) by extension 'colcon_meta'
[2.615s] Level 1:colcon.colcon_core.package_identification:_identify(darknet_ros_yolov4/darknet_ros/darknet/build/darknet/x64/data/voc) by extensions ['ros']
[2.615s] Level 1:colcon.colcon_core.package_identification:_identify(darknet_ros_yolov4/darknet_ros/darknet/build/darknet/x64/data/voc) by extension 'ros'
[2.616s] Level 1:colcon.colcon_core.package_identification:_identify(darknet_ros_yolov4/darknet_ros/darknet/build/darknet/x64/data/voc) by extensions ['cmake', 'python']
[2.616s] Level 1:colcon.colcon_core.package_identification:_identify(darknet_ros_yolov4/darknet_ros/darknet/build/darknet/x64/data/voc) by extension 'cmake'
[2.616s] Level 1:colcon.colcon_core.package_identification:_identify(darknet_ros_yolov4/darknet_ros/darknet/build/darknet/x64/data/voc) by extension 'python'
[2.616s] Level 1:colcon.colcon_core.package_identification:_identify(darknet_ros_yolov4/darknet_ros/darknet/build/darknet/x64/data/voc) by extensions ['python_setup_py']
[2.616s] Level 1:colcon.colcon_core.package_identification:_identify(darknet_ros_yolov4/darknet_ros/darknet/build/darknet/x64/data/voc) by extension 'python_setup_py'
[2.617s] Level 1:colcon.colcon_core.package_identification:_identify(darknet_ros_yolov4/darknet_ros/darknet/build/darknet/x64/results) by extensions ['ignore', 'ignore_ament_install']
[2.617s] Level 1:colcon.colcon_core.package_identification:_identify(darknet_ros_yolov4/darknet_ros/darknet/build/darknet/x64/results) by extension 'ignore'
[2.617s] Level 1:colcon.colcon_core.package_identification:_identify(darknet_ros_yolov4/darknet_ros/darknet/build/darknet/x64/results) by extension 'ignore_ament_install'
[2.618s] Level 1:colcon.colcon_core.package_identification:_identify(darknet_ros_yolov4/darknet_ros/darknet/build/darknet/x64/results) by extensions ['colcon_pkg']
[2.618s] Level 1:colcon.colcon_core.package_identification:_identify(darknet_ros_yolov4/darknet_ros/darknet/build/darknet/x64/results) by extension 'colcon_pkg'
[2.618s] Level 1:colcon.colcon_core.package_identification:_identify(darknet_ros_yolov4/darknet_ros/darknet/build/darknet/x64/results) by extensions ['colcon_meta']
[2.618s] Level 1:colcon.colcon_core.package_identification:_identify(darknet_ros_yolov4/darknet_ros/darknet/build/darknet/x64/results) by extension 'colcon_meta'
[2.618s] Level 1:colcon.colcon_core.package_identification:_identify(darknet_ros_yolov4/darknet_ros/darknet/build/darknet/x64/results) by extensions ['ros']
[2.619s] Level 1:colcon.colcon_core.package_identification:_identify(darknet_ros_yolov4/darknet_ros/darknet/build/darknet/x64/results) by extension 'ros'
[2.619s] Level 1:colcon.colcon_core.package_identification:_identify(darknet_ros_yolov4/darknet_ros/darknet/build/darknet/x64/results) by extensions ['cmake', 'python']
[2.619s] Level 1:colcon.colcon_core.package_identification:_identify(darknet_ros_yolov4/darknet_ros/darknet/build/darknet/x64/results) by extension 'cmake'
[2.619s] Level 1:colcon.colcon_core.package_identification:_identify(darknet_ros_yolov4/darknet_ros/darknet/build/darknet/x64/results) by extension 'python'
[2.619s] Level 1:colcon.colcon_core.package_identification:_identify(darknet_ros_yolov4/darknet_ros/darknet/build/darknet/x64/results) by extensions ['python_setup_py']
[2.620s] Level 1:colcon.colcon_core.package_identification:_identify(darknet_ros_yolov4/darknet_ros/darknet/build/darknet/x64/results) by extension 'python_setup_py'
[2.621s] Level 1:colcon.colcon_core.package_identification:_identify(darknet_ros_yolov4/darknet_ros/darknet/cfg) by extensions ['ignore', 'ignore_ament_install']
[2.621s] Level 1:colcon.colcon_core.package_identification:_identify(darknet_ros_yolov4/darknet_ros/darknet/cfg) by extension 'ignore'
[2.621s] Level 1:colcon.colcon_core.package_identification:_identify(darknet_ros_yolov4/darknet_ros/darknet/cfg) by extension 'ignore_ament_install'
[2.621s] Level 1:colcon.colcon_core.package_identification:_identify(darknet_ros_yolov4/darknet_ros/darknet/cfg) by extensions ['colcon_pkg']
[2.622s] Level 1:colcon.colcon_core.package_identification:_identify(darknet_ros_yolov4/darknet_ros/darknet/cfg) by extension 'colcon_pkg'
[2.622s] Level 1:colcon.colcon_core.package_identification:_identify(darknet_ros_yolov4/darknet_ros/darknet/cfg) by extensions ['colcon_meta']
[2.622s] Level 1:colcon.colcon_core.package_identification:_identify(darknet_ros_yolov4/darknet_ros/darknet/cfg) by extension 'colcon_meta'
[2.622s] Level 1:colcon.colcon_core.package_identification:_identify(darknet_ros_yolov4/darknet_ros/darknet/cfg) by extensions ['ros']
[2.622s] Level 1:colcon.colcon_core.package_identification:_identify(darknet_ros_yolov4/darknet_ros/darknet/cfg) by extension 'ros'
[2.623s] Level 1:colcon.colcon_core.package_identification:_identify(darknet_ros_yolov4/darknet_ros/darknet/cfg) by extensions ['cmake', 'python']
[2.623s] Level 1:colcon.colcon_core.package_identification:_identify(darknet_ros_yolov4/darknet_ros/darknet/cfg) by extension 'cmake'
[2.623s] Level 1:colcon.colcon_core.package_identification:_identify(darknet_ros_yolov4/darknet_ros/darknet/cfg) by extension 'python'
[2.623s] Level 1:colcon.colcon_core.package_identification:_identify(darknet_ros_yolov4/darknet_ros/darknet/cfg) by extensions ['python_setup_py']
[2.623s] Level 1:colcon.colcon_core.package_identification:_identify(darknet_ros_yolov4/darknet_ros/darknet/cfg) by extension 'python_setup_py'
[2.624s] Level 1:colcon.colcon_core.package_identification:_identify(darknet_ros_yolov4/darknet_ros/darknet/cfg/yolov1) by extensions ['ignore', 'ignore_ament_install']
[2.624s] Level 1:colcon.colcon_core.package_identification:_identify(darknet_ros_yolov4/darknet_ros/darknet/cfg/yolov1) by extension 'ignore'
[2.625s] Level 1:colcon.colcon_core.package_identification:_identify(darknet_ros_yolov4/darknet_ros/darknet/cfg/yolov1) by extension 'ignore_ament_install'
[2.625s] Level 1:colcon.colcon_core.package_identification:_identify(darknet_ros_yolov4/darknet_ros/darknet/cfg/yolov1) by extensions ['colcon_pkg']
[2.625s] Level 1:colcon.colcon_core.package_identification:_identify(darknet_ros_yolov4/darknet_ros/darknet/cfg/yolov1) by extension 'colcon_pkg'
[2.625s] Level 1:colcon.colcon_core.package_identification:_identify(darknet_ros_yolov4/darknet_ros/darknet/cfg/yolov1) by extensions ['colcon_meta']
[2.625s] Level 1:colcon.colcon_core.package_identification:_identify(darknet_ros_yolov4/darknet_ros/darknet/cfg/yolov1) by extension 'colcon_meta'
[2.626s] Level 1:colcon.colcon_core.package_identification:_identify(darknet_ros_yolov4/darknet_ros/darknet/cfg/yolov1) by extensions ['ros']
[2.626s] Level 1:colcon.colcon_core.package_identification:_identify(darknet_ros_yolov4/darknet_ros/darknet/cfg/yolov1) by extension 'ros'
[2.626s] Level 1:colcon.colcon_core.package_identification:_identify(darknet_ros_yolov4/darknet_ros/darknet/cfg/yolov1) by extensions ['cmake', 'python']
[2.626s] Level 1:colcon.colcon_core.package_identification:_identify(darknet_ros_yolov4/darknet_ros/darknet/cfg/yolov1) by extension 'cmake'
[2.626s] Level 1:colcon.colcon_core.package_identification:_identify(darknet_ros_yolov4/darknet_ros/darknet/cfg/yolov1) by extension 'python'
[2.627s] Level 1:colcon.colcon_core.package_identification:_identify(darknet_ros_yolov4/darknet_ros/darknet/cfg/yolov1) by extensions ['python_setup_py']
[2.627s] Level 1:colcon.colcon_core.package_identification:_identify(darknet_ros_yolov4/darknet_ros/darknet/cfg/yolov1) by extension 'python_setup_py'
[2.627s] Level 1:colcon.colcon_core.package_identification:_identify(darknet_ros_yolov4/darknet_ros/darknet/cmake) by extensions ['ignore', 'ignore_ament_install']
[2.627s] Level 1:colcon.colcon_core.package_identification:_identify(darknet_ros_yolov4/darknet_ros/darknet/cmake) by extension 'ignore'
[2.628s] Level 1:colcon.colcon_core.package_identification:_identify(darknet_ros_yolov4/darknet_ros/darknet/cmake) by extension 'ignore_ament_install'
[2.628s] Level 1:colcon.colcon_core.package_identification:_identify(darknet_ros_yolov4/darknet_ros/darknet/cmake) by extensions ['colcon_pkg']
[2.628s] Level 1:colcon.colcon_core.package_identification:_identify(darknet_ros_yolov4/darknet_ros/darknet/cmake) by extension 'colcon_pkg'
[2.628s] Level 1:colcon.colcon_core.package_identification:_identify(darknet_ros_yolov4/darknet_ros/darknet/cmake) by extensions ['colcon_meta']
[2.628s] Level 1:colcon.colcon_core.package_identification:_identify(darknet_ros_yolov4/darknet_ros/darknet/cmake) by extension 'colcon_meta'
[2.629s] Level 1:colcon.colcon_core.package_identification:_identify(darknet_ros_yolov4/darknet_ros/darknet/cmake) by extensions ['ros']
[2.629s] Level 1:colcon.colcon_core.package_identification:_identify(darknet_ros_yolov4/darknet_ros/darknet/cmake) by extension 'ros'
[2.629s] Level 1:colcon.colcon_core.package_identification:_identify(darknet_ros_yolov4/darknet_ros/darknet/cmake) by extensions ['cmake', 'python']
[2.629s] Level 1:colcon.colcon_core.package_identification:_identify(darknet_ros_yolov4/darknet_ros/darknet/cmake) by extension 'cmake'
[2.629s] Level 1:colcon.colcon_core.package_identification:_identify(darknet_ros_yolov4/darknet_ros/darknet/cmake) by extension 'python'
[2.630s] Level 1:colcon.colcon_core.package_identification:_identify(darknet_ros_yolov4/darknet_ros/darknet/cmake) by extensions ['python_setup_py']
[2.630s] Level 1:colcon.colcon_core.package_identification:_identify(darknet_ros_yolov4/darknet_ros/darknet/cmake) by extension 'python_setup_py'
[2.630s] Level 1:colcon.colcon_core.package_identification:_identify(darknet_ros_yolov4/darknet_ros/darknet/cmake/Modules) by extensions ['ignore', 'ignore_ament_install']
[2.631s] Level 1:colcon.colcon_core.package_identification:_identify(darknet_ros_yolov4/darknet_ros/darknet/cmake/Modules) by extension 'ignore'
[2.631s] Level 1:colcon.colcon_core.package_identification:_identify(darknet_ros_yolov4/darknet_ros/darknet/cmake/Modules) by extension 'ignore_ament_install'
[2.631s] Level 1:colcon.colcon_core.package_identification:_identify(darknet_ros_yolov4/darknet_ros/darknet/cmake/Modules) by extensions ['colcon_pkg']
[2.631s] Level 1:colcon.colcon_core.package_identification:_identify(darknet_ros_yolov4/darknet_ros/darknet/cmake/Modules) by extension 'colcon_pkg'
[2.631s] Level 1:colcon.colcon_core.package_identification:_identify(darknet_ros_yolov4/darknet_ros/darknet/cmake/Modules) by extensions ['colcon_meta']
[2.632s] Level 1:colcon.colcon_core.package_identification:_identify(darknet_ros_yolov4/darknet_ros/darknet/cmake/Modules) by extension 'colcon_meta'
[2.632s] Level 1:colcon.colcon_core.package_identification:_identify(darknet_ros_yolov4/darknet_ros/darknet/cmake/Modules) by extensions ['ros']
[2.632s] Level 1:colcon.colcon_core.package_identification:_identify(darknet_ros_yolov4/darknet_ros/darknet/cmake/Modules) by extension 'ros'
[2.632s] Level 1:colcon.colcon_core.package_identification:_identify(darknet_ros_yolov4/darknet_ros/darknet/cmake/Modules) by extensions ['cmake', 'python']
[2.632s] Level 1:colcon.colcon_core.package_identification:_identify(darknet_ros_yolov4/darknet_ros/darknet/cmake/Modules) by extension 'cmake'
[2.633s] Level 1:colcon.colcon_core.package_identification:_identify(darknet_ros_yolov4/darknet_ros/darknet/cmake/Modules) by extension 'python'
[2.633s] Level 1:colcon.colcon_core.package_identification:_identify(darknet_ros_yolov4/darknet_ros/darknet/cmake/Modules) by extensions ['python_setup_py']
[2.633s] Level 1:colcon.colcon_core.package_identification:_identify(darknet_ros_yolov4/darknet_ros/darknet/cmake/Modules) by extension 'python_setup_py'
[2.633s] Level 1:colcon.colcon_core.package_identification:_identify(darknet_ros_yolov4/darknet_ros/darknet/data) by extensions ['ignore', 'ignore_ament_install']
[2.634s] Level 1:colcon.colcon_core.package_identification:_identify(darknet_ros_yolov4/darknet_ros/darknet/data) by extension 'ignore'
[2.634s] Level 1:colcon.colcon_core.package_identification:_identify(darknet_ros_yolov4/darknet_ros/darknet/data) by extension 'ignore_ament_install'
[2.635s] Level 1:colcon.colcon_core.package_identification:_identify(darknet_ros_yolov4/darknet_ros/darknet/data) by extensions ['colcon_pkg']
[2.635s] Level 1:colcon.colcon_core.package_identification:_identify(darknet_ros_yolov4/darknet_ros/darknet/data) by extension 'colcon_pkg'
[2.635s] Level 1:colcon.colcon_core.package_identification:_identify(darknet_ros_yolov4/darknet_ros/darknet/data) by extensions ['colcon_meta']
[2.635s] Level 1:colcon.colcon_core.package_identification:_identify(darknet_ros_yolov4/darknet_ros/darknet/data) by extension 'colcon_meta'
[2.636s] Level 1:colcon.colcon_core.package_identification:_identify(darknet_ros_yolov4/darknet_ros/darknet/data) by extensions ['ros']
[2.636s] Level 1:colcon.colcon_core.package_identification:_identify(darknet_ros_yolov4/darknet_ros/darknet/data) by extension 'ros'
[2.636s] Level 1:colcon.colcon_core.package_identification:_identify(darknet_ros_yolov4/darknet_ros/darknet/data) by extensions ['cmake', 'python']
[2.636s] Level 1:colcon.colcon_core.package_identification:_identify(darknet_ros_yolov4/darknet_ros/darknet/data) by extension 'cmake'
[2.637s] Level 1:colcon.colcon_core.package_identification:_identify(darknet_ros_yolov4/darknet_ros/darknet/data) by extension 'python'
[2.637s] Level 1:colcon.colcon_core.package_identification:_identify(darknet_ros_yolov4/darknet_ros/darknet/data) by extensions ['python_setup_py']
[2.637s] Level 1:colcon.colcon_core.package_identification:_identify(darknet_ros_yolov4/darknet_ros/darknet/data) by extension 'python_setup_py'
[2.641s] Level 1:colcon.colcon_core.package_identification:_identify(darknet_ros_yolov4/darknet_ros/darknet/data/labels) by extensions ['ignore', 'ignore_ament_install']
[2.642s] Level 1:colcon.colcon_core.package_identification:_identify(darknet_ros_yolov4/darknet_ros/darknet/data/labels) by extension 'ignore'
[2.642s] Level 1:colcon.colcon_core.package_identification:_identify(darknet_ros_yolov4/darknet_ros/darknet/data/labels) by extension 'ignore_ament_install'
[2.642s] Level 1:colcon.colcon_core.package_identification:_identify(darknet_ros_yolov4/darknet_ros/darknet/data/labels) by extensions ['colcon_pkg']
[2.642s] Level 1:colcon.colcon_core.package_identification:_identify(darknet_ros_yolov4/darknet_ros/darknet/data/labels) by extension 'colcon_pkg'
[2.643s] Level 1:colcon.colcon_core.package_identification:_identify(darknet_ros_yolov4/darknet_ros/darknet/data/labels) by extensions ['colcon_meta']
[2.643s] Level 1:colcon.colcon_core.package_identification:_identify(darknet_ros_yolov4/darknet_ros/darknet/data/labels) by extension 'colcon_meta'
[2.643s] Level 1:colcon.colcon_core.package_identification:_identify(darknet_ros_yolov4/darknet_ros/darknet/data/labels) by extensions ['ros']
[2.643s] Level 1:colcon.colcon_core.package_identification:_identify(darknet_ros_yolov4/darknet_ros/darknet/data/labels) by extension 'ros'
[2.644s] Level 1:colcon.colcon_core.package_identification:_identify(darknet_ros_yolov4/darknet_ros/darknet/data/labels) by extensions ['cmake', 'python']
[2.644s] Level 1:colcon.colcon_core.package_identification:_identify(darknet_ros_yolov4/darknet_ros/darknet/data/labels) by extension 'cmake'
[2.644s] Level 1:colcon.colcon_core.package_identification:_identify(darknet_ros_yolov4/darknet_ros/darknet/data/labels) by extension 'python'
[2.644s] Level 1:colcon.colcon_core.package_identification:_identify(darknet_ros_yolov4/darknet_ros/darknet/data/labels) by extensions ['python_setup_py']
[2.644s] Level 1:colcon.colcon_core.package_identification:_identify(darknet_ros_yolov4/darknet_ros/darknet/data/labels) by extension 'python_setup_py'
[2.645s] Level 1:colcon.colcon_core.package_identification:_identify(darknet_ros_yolov4/darknet_ros/darknet/include) by extensions ['ignore', 'ignore_ament_install']
[2.645s] Level 1:colcon.colcon_core.package_identification:_identify(darknet_ros_yolov4/darknet_ros/darknet/include) by extension 'ignore'
[2.645s] Level 1:colcon.colcon_core.package_identification:_identify(darknet_ros_yolov4/darknet_ros/darknet/include) by extension 'ignore_ament_install'
[2.646s] Level 1:colcon.colcon_core.package_identification:_identify(darknet_ros_yolov4/darknet_ros/darknet/include) by extensions ['colcon_pkg']
[2.646s] Level 1:colcon.colcon_core.package_identification:_identify(darknet_ros_yolov4/darknet_ros/darknet/include) by extension 'colcon_pkg'
[2.646s] Level 1:colcon.colcon_core.package_identification:_identify(darknet_ros_yolov4/darknet_ros/darknet/include) by extensions ['colcon_meta']
[2.646s] Level 1:colcon.colcon_core.package_identification:_identify(darknet_ros_yolov4/darknet_ros/darknet/include) by extension 'colcon_meta'
[2.646s] Level 1:colcon.colcon_core.package_identification:_identify(darknet_ros_yolov4/darknet_ros/darknet/include) by extensions ['ros']
[2.646s] Level 1:colcon.colcon_core.package_identification:_identify(darknet_ros_yolov4/darknet_ros/darknet/include) by extension 'ros'
[2.647s] Level 1:colcon.colcon_core.package_identification:_identify(darknet_ros_yolov4/darknet_ros/darknet/include) by extensions ['cmake', 'python']
[2.647s] Level 1:colcon.colcon_core.package_identification:_identify(darknet_ros_yolov4/darknet_ros/darknet/include) by extension 'cmake'
[2.647s] Level 1:colcon.colcon_core.package_identification:_identify(darknet_ros_yolov4/darknet_ros/darknet/include) by extension 'python'
[2.647s] Level 1:colcon.colcon_core.package_identification:_identify(darknet_ros_yolov4/darknet_ros/darknet/include) by extensions ['python_setup_py']
[2.647s] Level 1:colcon.colcon_core.package_identification:_identify(darknet_ros_yolov4/darknet_ros/darknet/include) by extension 'python_setup_py'
[2.648s] Level 1:colcon.colcon_core.package_identification:_identify(darknet_ros_yolov4/darknet_ros/darknet/results) by extensions ['ignore', 'ignore_ament_install']
[2.648s] Level 1:colcon.colcon_core.package_identification:_identify(darknet_ros_yolov4/darknet_ros/darknet/results) by extension 'ignore'
[2.648s] Level 1:colcon.colcon_core.package_identification:_identify(darknet_ros_yolov4/darknet_ros/darknet/results) by extension 'ignore_ament_install'
[2.649s] Level 1:colcon.colcon_core.package_identification:_identify(darknet_ros_yolov4/darknet_ros/darknet/results) by extensions ['colcon_pkg']
[2.649s] Level 1:colcon.colcon_core.package_identification:_identify(darknet_ros_yolov4/darknet_ros/darknet/results) by extension 'colcon_pkg'
[2.649s] Level 1:colcon.colcon_core.package_identification:_identify(darknet_ros_yolov4/darknet_ros/darknet/results) by extensions ['colcon_meta']
[2.649s] Level 1:colcon.colcon_core.package_identification:_identify(darknet_ros_yolov4/darknet_ros/darknet/results) by extension 'colcon_meta'
[2.649s] Level 1:colcon.colcon_core.package_identification:_identify(darknet_ros_yolov4/darknet_ros/darknet/results) by extensions ['ros']
[2.650s] Level 1:colcon.colcon_core.package_identification:_identify(darknet_ros_yolov4/darknet_ros/darknet/results) by extension 'ros'
[2.650s] Level 1:colcon.colcon_core.package_identification:_identify(darknet_ros_yolov4/darknet_ros/darknet/results) by extensions ['cmake', 'python']
[2.650s] Level 1:colcon.colcon_core.package_identification:_identify(darknet_ros_yolov4/darknet_ros/darknet/results) by extension 'cmake'
[2.650s] Level 1:colcon.colcon_core.package_identification:_identify(darknet_ros_yolov4/darknet_ros/darknet/results) by extension 'python'
[2.650s] Level 1:colcon.colcon_core.package_identification:_identify(darknet_ros_yolov4/darknet_ros/darknet/results) by extensions ['python_setup_py']
[2.651s] Level 1:colcon.colcon_core.package_identification:_identify(darknet_ros_yolov4/darknet_ros/darknet/results) by extension 'python_setup_py'
[2.651s] Level 1:colcon.colcon_core.package_identification:_identify(darknet_ros_yolov4/darknet_ros/darknet/scripts) by extensions ['ignore', 'ignore_ament_install']
[2.652s] Level 1:colcon.colcon_core.package_identification:_identify(darknet_ros_yolov4/darknet_ros/darknet/scripts) by extension 'ignore'
[2.652s] Level 1:colcon.colcon_core.package_identification:_identify(darknet_ros_yolov4/darknet_ros/darknet/scripts) by extension 'ignore_ament_install'
[2.652s] Level 1:colcon.colcon_core.package_identification:_identify(darknet_ros_yolov4/darknet_ros/darknet/scripts) by extensions ['colcon_pkg']
[2.652s] Level 1:colcon.colcon_core.package_identification:_identify(darknet_ros_yolov4/darknet_ros/darknet/scripts) by extension 'colcon_pkg'
[2.652s] Level 1:colcon.colcon_core.package_identification:_identify(darknet_ros_yolov4/darknet_ros/darknet/scripts) by extensions ['colcon_meta']
[2.653s] Level 1:colcon.colcon_core.package_identification:_identify(darknet_ros_yolov4/darknet_ros/darknet/scripts) by extension 'colcon_meta'
[2.653s] Level 1:colcon.colcon_core.package_identification:_identify(darknet_ros_yolov4/darknet_ros/darknet/scripts) by extensions ['ros']
[2.653s] Level 1:colcon.colcon_core.package_identification:_identify(darknet_ros_yolov4/darknet_ros/darknet/scripts) by extension 'ros'
[2.653s] Level 1:colcon.colcon_core.package_identification:_identify(darknet_ros_yolov4/darknet_ros/darknet/scripts) by extensions ['cmake', 'python']
[2.653s] Level 1:colcon.colcon_core.package_identification:_identify(darknet_ros_yolov4/darknet_ros/darknet/scripts) by extension 'cmake'
[2.654s] Level 1:colcon.colcon_core.package_identification:_identify(darknet_ros_yolov4/darknet_ros/darknet/scripts) by extension 'python'
[2.654s] Level 1:colcon.colcon_core.package_identification:_identify(darknet_ros_yolov4/darknet_ros/darknet/scripts) by extensions ['python_setup_py']
[2.654s] Level 1:colcon.colcon_core.package_identification:_identify(darknet_ros_yolov4/darknet_ros/darknet/scripts) by extension 'python_setup_py'
[2.654s] Level 1:colcon.colcon_core.package_identification:_identify(darknet_ros_yolov4/darknet_ros/darknet/scripts/log_parser) by extensions ['ignore', 'ignore_ament_install']
[2.655s] Level 1:colcon.colcon_core.package_identification:_identify(darknet_ros_yolov4/darknet_ros/darknet/scripts/log_parser) by extension 'ignore'
[2.655s] Level 1:colcon.colcon_core.package_identification:_identify(darknet_ros_yolov4/darknet_ros/darknet/scripts/log_parser) by extension 'ignore_ament_install'
[2.655s] Level 1:colcon.colcon_core.package_identification:_identify(darknet_ros_yolov4/darknet_ros/darknet/scripts/log_parser) by extensions ['colcon_pkg']
[2.655s] Level 1:colcon.colcon_core.package_identification:_identify(darknet_ros_yolov4/darknet_ros/darknet/scripts/log_parser) by extension 'colcon_pkg'
[2.656s] Level 1:colcon.colcon_core.package_identification:_identify(darknet_ros_yolov4/darknet_ros/darknet/scripts/log_parser) by extensions ['colcon_meta']
[2.656s] Level 1:colcon.colcon_core.package_identification:_identify(darknet_ros_yolov4/darknet_ros/darknet/scripts/log_parser) by extension 'colcon_meta'
[2.656s] Level 1:colcon.colcon_core.package_identification:_identify(darknet_ros_yolov4/darknet_ros/darknet/scripts/log_parser) by extensions ['ros']
[2.656s] Level 1:colcon.colcon_core.package_identification:_identify(darknet_ros_yolov4/darknet_ros/darknet/scripts/log_parser) by extension 'ros'
[2.657s] Level 1:colcon.colcon_core.package_identification:_identify(darknet_ros_yolov4/darknet_ros/darknet/scripts/log_parser) by extensions ['cmake', 'python']
[2.657s] Level 1:colcon.colcon_core.package_identification:_identify(darknet_ros_yolov4/darknet_ros/darknet/scripts/log_parser) by extension 'cmake'
[2.657s] Level 1:colcon.colcon_core.package_identification:_identify(darknet_ros_yolov4/darknet_ros/darknet/scripts/log_parser) by extension 'python'
[2.657s] Level 1:colcon.colcon_core.package_identification:_identify(darknet_ros_yolov4/darknet_ros/darknet/scripts/log_parser) by extensions ['python_setup_py']
[2.657s] Level 1:colcon.colcon_core.package_identification:_identify(darknet_ros_yolov4/darknet_ros/darknet/scripts/log_parser) by extension 'python_setup_py'
[2.658s] Level 1:colcon.colcon_core.package_identification:_identify(darknet_ros_yolov4/darknet_ros/darknet/scripts/windows) by extensions ['ignore', 'ignore_ament_install']
[2.658s] Level 1:colcon.colcon_core.package_identification:_identify(darknet_ros_yolov4/darknet_ros/darknet/scripts/windows) by extension 'ignore'
[2.658s] Level 1:colcon.colcon_core.package_identification:_identify(darknet_ros_yolov4/darknet_ros/darknet/scripts/windows) by extension 'ignore_ament_install'
[2.659s] Level 1:colcon.colcon_core.package_identification:_identify(darknet_ros_yolov4/darknet_ros/darknet/scripts/windows) by extensions ['colcon_pkg']
[2.659s] Level 1:colcon.colcon_core.package_identification:_identify(darknet_ros_yolov4/darknet_ros/darknet/scripts/windows) by extension 'colcon_pkg'
[2.659s] Level 1:colcon.colcon_core.package_identification:_identify(darknet_ros_yolov4/darknet_ros/darknet/scripts/windows) by extensions ['colcon_meta']
[2.659s] Level 1:colcon.colcon_core.package_identification:_identify(darknet_ros_yolov4/darknet_ros/darknet/scripts/windows) by extension 'colcon_meta'
[2.659s] Level 1:colcon.colcon_core.package_identification:_identify(darknet_ros_yolov4/darknet_ros/darknet/scripts/windows) by extensions ['ros']
[2.659s] Level 1:colcon.colcon_core.package_identification:_identify(darknet_ros_yolov4/darknet_ros/darknet/scripts/windows) by extension 'ros'
[2.660s] Level 1:colcon.colcon_core.package_identification:_identify(darknet_ros_yolov4/darknet_ros/darknet/scripts/windows) by extensions ['cmake', 'python']
[2.660s] Level 1:colcon.colcon_core.package_identification:_identify(darknet_ros_yolov4/darknet_ros/darknet/scripts/windows) by extension 'cmake'
[2.660s] Level 1:colcon.colcon_core.package_identification:_identify(darknet_ros_yolov4/darknet_ros/darknet/scripts/windows) by extension 'python'
[2.660s] Level 1:colcon.colcon_core.package_identification:_identify(darknet_ros_yolov4/darknet_ros/darknet/scripts/windows) by extensions ['python_setup_py']
[2.660s] Level 1:colcon.colcon_core.package_identification:_identify(darknet_ros_yolov4/darknet_ros/darknet/scripts/windows) by extension 'python_setup_py'
[2.662s] Level 1:colcon.colcon_core.package_identification:_identify(darknet_ros_yolov4/darknet_ros/darknet/src) by extensions ['ignore', 'ignore_ament_install']
[2.662s] Level 1:colcon.colcon_core.package_identification:_identify(darknet_ros_yolov4/darknet_ros/darknet/src) by extension 'ignore'
[2.662s] Level 1:colcon.colcon_core.package_identification:_identify(darknet_ros_yolov4/darknet_ros/darknet/src) by extension 'ignore_ament_install'
[2.662s] Level 1:colcon.colcon_core.package_identification:_identify(darknet_ros_yolov4/darknet_ros/darknet/src) by extensions ['colcon_pkg']
[2.663s] Level 1:colcon.colcon_core.package_identification:_identify(darknet_ros_yolov4/darknet_ros/darknet/src) by extension 'colcon_pkg'
[2.663s] Level 1:colcon.colcon_core.package_identification:_identify(darknet_ros_yolov4/darknet_ros/darknet/src) by extensions ['colcon_meta']
[2.663s] Level 1:colcon.colcon_core.package_identification:_identify(darknet_ros_yolov4/darknet_ros/darknet/src) by extension 'colcon_meta'
[2.663s] Level 1:colcon.colcon_core.package_identification:_identify(darknet_ros_yolov4/darknet_ros/darknet/src) by extensions ['ros']
[2.663s] Level 1:colcon.colcon_core.package_identification:_identify(darknet_ros_yolov4/darknet_ros/darknet/src) by extension 'ros'
[2.664s] Level 1:colcon.colcon_core.package_identification:_identify(darknet_ros_yolov4/darknet_ros/darknet/src) by extensions ['cmake', 'python']
[2.664s] Level 1:colcon.colcon_core.package_identification:_identify(darknet_ros_yolov4/darknet_ros/darknet/src) by extension 'cmake'
[2.664s] Level 1:colcon.colcon_core.package_identification:_identify(darknet_ros_yolov4/darknet_ros/darknet/src) by extension 'python'
[2.664s] Level 1:colcon.colcon_core.package_identification:_identify(darknet_ros_yolov4/darknet_ros/darknet/src) by extensions ['python_setup_py']
[2.664s] Level 1:colcon.colcon_core.package_identification:_identify(darknet_ros_yolov4/darknet_ros/darknet/src) by extension 'python_setup_py'
[2.665s] Level 1:colcon.colcon_core.package_identification:_identify(darknet_ros_yolov4/darknet_ros/darknet_ros) by extensions ['ignore', 'ignore_ament_install']
[2.665s] Level 1:colcon.colcon_core.package_identification:_identify(darknet_ros_yolov4/darknet_ros/darknet_ros) by extension 'ignore'
[2.665s] Level 1:colcon.colcon_core.package_identification:_identify(darknet_ros_yolov4/darknet_ros/darknet_ros) by extension 'ignore_ament_install'
[2.666s] Level 1:colcon.colcon_core.package_identification:_identify(darknet_ros_yolov4/darknet_ros/darknet_ros) by extensions ['colcon_pkg']
[2.666s] Level 1:colcon.colcon_core.package_identification:_identify(darknet_ros_yolov4/darknet_ros/darknet_ros) by extension 'colcon_pkg'
[2.666s] Level 1:colcon.colcon_core.package_identification:_identify(darknet_ros_yolov4/darknet_ros/darknet_ros) by extensions ['colcon_meta']
[2.666s] Level 1:colcon.colcon_core.package_identification:_identify(darknet_ros_yolov4/darknet_ros/darknet_ros) by extension 'colcon_meta'
[2.666s] Level 1:colcon.colcon_core.package_identification:_identify(darknet_ros_yolov4/darknet_ros/darknet_ros) by extensions ['ros']
[2.666s] Level 1:colcon.colcon_core.package_identification:_identify(darknet_ros_yolov4/darknet_ros/darknet_ros) by extension 'ros'
[2.676s] DEBUG:colcon.colcon_core.package_identification:Package 'darknet_ros_yolov4/darknet_ros/darknet_ros' with type 'ros.ament_cmake' and name 'darknet_ros'
[2.677s] Level 1:colcon.colcon_core.package_identification:_identify(darknet_ros_yolov4/darknet_ros/darknet_ros_msgs) by extensions ['ignore', 'ignore_ament_install']
[2.677s] Level 1:colcon.colcon_core.package_identification:_identify(darknet_ros_yolov4/darknet_ros/darknet_ros_msgs) by extension 'ignore'
[2.677s] Level 1:colcon.colcon_core.package_identification:_identify(darknet_ros_yolov4/darknet_ros/darknet_ros_msgs) by extension 'ignore_ament_install'
[2.678s] Level 1:colcon.colcon_core.package_identification:_identify(darknet_ros_yolov4/darknet_ros/darknet_ros_msgs) by extensions ['colcon_pkg']
[2.678s] Level 1:colcon.colcon_core.package_identification:_identify(darknet_ros_yolov4/darknet_ros/darknet_ros_msgs) by extension 'colcon_pkg'
[2.678s] Level 1:colcon.colcon_core.package_identification:_identify(darknet_ros_yolov4/darknet_ros/darknet_ros_msgs) by extensions ['colcon_meta']
[2.678s] Level 1:colcon.colcon_core.package_identification:_identify(darknet_ros_yolov4/darknet_ros/darknet_ros_msgs) by extension 'colcon_meta'
[2.678s] Level 1:colcon.colcon_core.package_identification:_identify(darknet_ros_yolov4/darknet_ros/darknet_ros_msgs) by extensions ['ros']
[2.679s] Level 1:colcon.colcon_core.package_identification:_identify(darknet_ros_yolov4/darknet_ros/darknet_ros_msgs) by extension 'ros'
[2.686s] DEBUG:colcon.colcon_core.package_identification:Package 'darknet_ros_yolov4/darknet_ros/darknet_ros_msgs' with type 'ros.ament_cmake' and name 'darknet_ros_msgs'
[2.686s] Level 1:colcon.colcon_core.package_identification:_identify(darknet_ros_yolov4/pictures) by extensions ['ignore', 'ignore_ament_install']
[2.687s] Level 1:colcon.colcon_core.package_identification:_identify(darknet_ros_yolov4/pictures) by extension 'ignore'
[2.687s] Level 1:colcon.colcon_core.package_identification:_identify(darknet_ros_yolov4/pictures) by extension 'ignore_ament_install'
[2.687s] Level 1:colcon.colcon_core.package_identification:_identify(darknet_ros_yolov4/pictures) by extensions ['colcon_pkg']
[2.688s] Level 1:colcon.colcon_core.package_identification:_identify(darknet_ros_yolov4/pictures) by extension 'colcon_pkg'
[2.688s] Level 1:colcon.colcon_core.package_identification:_identify(darknet_ros_yolov4/pictures) by extensions ['colcon_meta']
[2.688s] Level 1:colcon.colcon_core.package_identification:_identify(darknet_ros_yolov4/pictures) by extension 'colcon_meta'
[2.688s] Level 1:colcon.colcon_core.package_identification:_identify(darknet_ros_yolov4/pictures) by extensions ['ros']
[2.688s] Level 1:colcon.colcon_core.package_identification:_identify(darknet_ros_yolov4/pictures) by extension 'ros'
[2.689s] Level 1:colcon.colcon_core.package_identification:_identify(darknet_ros_yolov4/pictures) by extensions ['cmake', 'python']
[2.689s] Level 1:colcon.colcon_core.package_identification:_identify(darknet_ros_yolov4/pictures) by extension 'cmake'
[2.689s] Level 1:colcon.colcon_core.package_identification:_identify(darknet_ros_yolov4/pictures) by extension 'python'
[2.689s] Level 1:colcon.colcon_core.package_identification:_identify(darknet_ros_yolov4/pictures) by extensions ['python_setup_py']
[2.689s] Level 1:colcon.colcon_core.package_identification:_identify(darknet_ros_yolov4/pictures) by extension 'python_setup_py'
[2.690s] Level 1:colcon.colcon_core.package_identification:_identify(humancount) by extensions ['ignore', 'ignore_ament_install']
[2.690s] Level 1:colcon.colcon_core.package_identification:_identify(humancount) by extension 'ignore'
[2.690s] Level 1:colcon.colcon_core.package_identification:_identify(humancount) by extension 'ignore_ament_install'
[2.691s] Level 1:colcon.colcon_core.package_identification:_identify(humancount) by extensions ['colcon_pkg']
[2.691s] Level 1:colcon.colcon_core.package_identification:_identify(humancount) by extension 'colcon_pkg'
[2.691s] Level 1:colcon.colcon_core.package_identification:_identify(humancount) by extensions ['colcon_meta']
[2.691s] Level 1:colcon.colcon_core.package_identification:_identify(humancount) by extension 'colcon_meta'
[2.691s] Level 1:colcon.colcon_core.package_identification:_identify(humancount) by extensions ['ros']
[2.691s] Level 1:colcon.colcon_core.package_identification:_identify(humancount) by extension 'ros'
[2.702s] DEBUG:colcon.colcon_core.package_identification:Package 'humancount' with type 'ros.ament_python' and name 'humancount'
[2.703s] Level 1:colcon.colcon_core.package_identification:_identify(install) by extensions ['ignore', 'ignore_ament_install']
[2.703s] Level 1:colcon.colcon_core.package_identification:_identify(install) by extension 'ignore'
[2.704s] Level 1:colcon.colcon_core.package_identification:_identify(install) ignored
[2.705s] Level 1:colcon.colcon_core.package_identification:_identify(log) by extensions ['ignore', 'ignore_ament_install']
[2.705s] Level 1:colcon.colcon_core.package_identification:_identify(log) by extension 'ignore'
[2.705s] Level 1:colcon.colcon_core.package_identification:_identify(log) ignored
[2.706s] Level 1:colcon.colcon_core.package_identification:_identify(px4_msgs) by extensions ['ignore', 'ignore_ament_install']
[2.706s] Level 1:colcon.colcon_core.package_identification:_identify(px4_msgs) by extension 'ignore'
[2.707s] Level 1:colcon.colcon_core.package_identification:_identify(px4_msgs) by extension 'ignore_ament_install'
[2.707s] Level 1:colcon.colcon_core.package_identification:_identify(px4_msgs) by extensions ['colcon_pkg']
[2.707s] Level 1:colcon.colcon_core.package_identification:_identify(px4_msgs) by extension 'colcon_pkg'
[2.707s] Level 1:colcon.colcon_core.package_identification:_identify(px4_msgs) by extensions ['colcon_meta']
[2.707s] Level 1:colcon.colcon_core.package_identification:_identify(px4_msgs) by extension 'colcon_meta'
[2.708s] Level 1:colcon.colcon_core.package_identification:_identify(px4_msgs) by extensions ['ros']
[2.708s] Level 1:colcon.colcon_core.package_identification:_identify(px4_msgs) by extension 'ros'
[2.714s] DEBUG:colcon.colcon_core.package_identification:Package 'px4_msgs' with type 'ros.ament_cmake' and name 'px4_msgs'
[2.715s] Level 1:colcon.colcon_core.package_identification:_identify(px4_ros_com) by extensions ['ignore', 'ignore_ament_install']
[2.715s] Level 1:colcon.colcon_core.package_identification:_identify(px4_ros_com) by extension 'ignore'
[2.715s] Level 1:colcon.colcon_core.package_identification:_identify(px4_ros_com) by extension 'ignore_ament_install'
[2.716s] Level 1:colcon.colcon_core.package_identification:_identify(px4_ros_com) by extensions ['colcon_pkg']
[2.716s] Level 1:colcon.colcon_core.package_identification:_identify(px4_ros_com) by extension 'colcon_pkg'
[2.716s] Level 1:colcon.colcon_core.package_identification:_identify(px4_ros_com) by extensions ['colcon_meta']
[2.716s] Level 1:colcon.colcon_core.package_identification:_identify(px4_ros_com) by extension 'colcon_meta'
[2.717s] Level 1:colcon.colcon_core.package_identification:_identify(px4_ros_com) by extensions ['ros']
[2.717s] Level 1:colcon.colcon_core.package_identification:_identify(px4_ros_com) by extension 'ros'
[2.723s] DEBUG:colcon.colcon_core.package_identification:Package 'px4_ros_com' with type 'ros.ament_cmake' and name 'px4_ros_com'
[2.724s] Level 1:colcon.colcon_core.package_identification:_identify(termal) by extensions ['ignore', 'ignore_ament_install']
[2.725s] Level 1:colcon.colcon_core.package_identification:_identify(termal) by extension 'ignore'
[2.725s] Level 1:colcon.colcon_core.package_identification:_identify(termal) by extension 'ignore_ament_install'
[2.725s] Level 1:colcon.colcon_core.package_identification:_identify(termal) by extensions ['colcon_pkg']
[2.725s] Level 1:colcon.colcon_core.package_identification:_identify(termal) by extension 'colcon_pkg'
[2.725s] Level 1:colcon.colcon_core.package_identification:_identify(termal) by extensions ['colcon_meta']
[2.726s] Level 1:colcon.colcon_core.package_identification:_identify(termal) by extension 'colcon_meta'
[2.726s] Level 1:colcon.colcon_core.package_identification:_identify(termal) by extensions ['ros']
[2.726s] Level 1:colcon.colcon_core.package_identification:_identify(termal) by extension 'ros'
[2.734s] DEBUG:colcon.colcon_core.package_identification:Package 'termal' with type 'ros.ament_python' and name 'termal'
[2.734s] Level 1:colcon.colcon_core.package_identification:_identify(yolo_den) by extensions ['ignore', 'ignore_ament_install']
[2.735s] Level 1:colcon.colcon_core.package_identification:_identify(yolo_den) by extension 'ignore'
[2.735s] Level 1:colcon.colcon_core.package_identification:_identify(yolo_den) by extension 'ignore_ament_install'
[2.735s] Level 1:colcon.colcon_core.package_identification:_identify(yolo_den) by extensions ['colcon_pkg']
[2.735s] Level 1:colcon.colcon_core.package_identification:_identify(yolo_den) by extension 'colcon_pkg'
[2.736s] Level 1:colcon.colcon_core.package_identification:_identify(yolo_den) by extensions ['colcon_meta']
[2.736s] Level 1:colcon.colcon_core.package_identification:_identify(yolo_den) by extension 'colcon_meta'
[2.736s] Level 1:colcon.colcon_core.package_identification:_identify(yolo_den) by extensions ['ros']
[2.736s] Level 1:colcon.colcon_core.package_identification:_identify(yolo_den) by extension 'ros'
[2.743s] DEBUG:colcon.colcon_core.package_identification:Package 'yolo_den' with type 'ros.ament_python' and name 'yolo_den'
[2.744s] Level 1:colcon.colcon_core.package_discovery:discover_packages(recursive) using defaults
[2.744s] Level 1:colcon.colcon_core.package_discovery:discover_packages(ignore) discover
[2.744s] Level 1:colcon.colcon_core.package_discovery:discover_packages(ignore) using defaults
[2.744s] Level 1:colcon.colcon_core.package_discovery:discover_packages(path) discover
[2.744s] Level 1:colcon.colcon_core.package_discovery:discover_packages(path) using defaults
[2.752s] WARNING:colcon.colcon_core.package_selection:ignoring unknown package 'smylink' in --packages-select
[2.905s] INFO:colcon.colcon_core.package_selection:Skipping not selected package 'cvdeneme' in 'cvdeneme'
[2.905s] INFO:colcon.colcon_core.package_selection:Skipping not selected package 'darknet_ros_msgs' in 'darknet_ros_yolov4/darknet_ros/darknet_ros_msgs'
[2.905s] INFO:colcon.colcon_core.package_selection:Skipping not selected package 'px4_msgs' in 'px4_msgs'
[2.905s] INFO:colcon.colcon_core.package_selection:Skipping not selected package 'termal' in 'termal'
[2.906s] INFO:colcon.colcon_core.package_selection:Skipping not selected package 'yolo_den' in 'yolo_den'
[2.906s] INFO:colcon.colcon_core.package_selection:Skipping not selected package 'darknet_ros' in 'darknet_ros_yolov4/darknet_ros/darknet_ros'
[2.906s] INFO:colcon.colcon_core.package_selection:Skipping not selected package 'px4_ros_com' in 'px4_ros_com'
[2.914s] Level 1:colcon.colcon_core.package_discovery:discover_packages(prefix_path) check parameters
[2.914s] Level 1:colcon.colcon_core.package_discovery:discover_packages(prefix_path) discover
[2.936s] DEBUG:colcon.colcon_installed_package_information.package_discovery:Found 10 installed packages in /home/jetson/ros2_ws/install
[2.947s] DEBUG:colcon.colcon_installed_package_information.package_discovery:Found 259 installed packages in /opt/ros/foxy
[2.955s] Level 1:colcon.colcon_core.package_discovery:discover_packages(prefix_path) using defaults
[3.491s] Level 5:colcon.colcon_core.verb:set package 'humancount' build argument 'cmake_args' from command line to 'None'
[3.492s] Level 5:colcon.colcon_core.verb:set package 'humancount' build argument 'cmake_target' from command line to 'None'
[3.492s] Level 5:colcon.colcon_core.verb:set package 'humancount' build argument 'cmake_target_skip_unavailable' from command line to 'False'
[3.492s] Level 5:colcon.colcon_core.verb:set package 'humancount' build argument 'cmake_clean_cache' from command line to 'False'
[3.492s] Level 5:colcon.colcon_core.verb:set package 'humancount' build argument 'cmake_clean_first' from command line to 'False'
[3.492s] Level 5:colcon.colcon_core.verb:set package 'humancount' build argument 'cmake_force_configure' from command line to 'False'
[3.492s] Level 5:colcon.colcon_core.verb:set package 'humancount' build argument 'ament_cmake_args' from command line to 'None'
[3.492s] Level 5:colcon.colcon_core.verb:set package 'humancount' build argument 'catkin_cmake_args' from command line to 'None'
[3.493s] Level 5:colcon.colcon_core.verb:set package 'humancount' build argument 'catkin_skip_building_tests' from command line to 'False'
[3.493s] DEBUG:colcon.colcon_core.verb:Building package 'humancount' with the following arguments: {'ament_cmake_args': None, 'build_base': '/home/jetson/ros2_ws/src/build/humancount', 'catkin_cmake_args': None, 'catkin_skip_building_tests': False, 'cmake_args': None, 'cmake_clean_cache': False, 'cmake_clean_first': False, 'cmake_force_configure': False, 'cmake_target': None, 'cmake_target_skip_unavailable': False, 'install_base': '/home/jetson/ros2_ws/src/install/humancount', 'merge_install': False, 'path': '/home/jetson/ros2_ws/src/humancount', 'symlink_install': False, 'test_result_base': None}
[3.497s] INFO:colcon.colcon_core.executor:Executing jobs using 'parallel' executor
[3.524s] DEBUG:colcon.colcon_parallel_executor.executor.parallel:run_until_complete
[3.525s] INFO:colcon.colcon_ros.task.ament_python.build:Building ROS package in '/home/jetson/ros2_ws/src/humancount' with build type 'ament_python'
[3.525s] Level 1:colcon.colcon_core.shell:create_environment_hook('humancount', 'ament_prefix_path')
[3.565s] INFO:colcon.colcon_core.plugin_system:Skipping extension 'colcon_core.shell.bat': Not used on non-Windows systems
[3.567s] INFO:colcon.colcon_core.shell:Creating environment hook '/home/jetson/ros2_ws/src/install/humancount/share/humancount/hook/ament_prefix_path.ps1'
[3.570s] INFO:colcon.colcon_core.shell:Creating environment descriptor '/home/jetson/ros2_ws/src/install/humancount/share/humancount/hook/ament_prefix_path.dsv'
[3.574s] INFO:colcon.colcon_core.shell:Creating environment hook '/home/jetson/ros2_ws/src/install/humancount/share/humancount/hook/ament_prefix_path.sh'
[3.587s] INFO:colcon.colcon_core.shell:Skip shell extension 'powershell' for command environment: Not usable outside of PowerShell
[3.588s] DEBUG:colcon.colcon_core.shell:Skip shell extension 'dsv' for command environment
[8.235s] INFO:colcon.colcon_core.task.python.build:Building Python package in '/home/jetson/ros2_ws/src/humancount'
[8.245s] INFO:colcon.colcon_core.shell:Skip shell extension 'powershell' for command environment: Not usable outside of PowerShell
[8.245s] DEBUG:colcon.colcon_core.shell:Skip shell extension 'dsv' for command environment
[14.291s] DEBUG:colcon.colcon_core.event_handler.log_command:Invoking command in '/home/jetson/ros2_ws/src/build/humancount': AMENT_PREFIX_PATH=/home/jetson/ros2_ws/src/install/darknet_ros_msgs:${AMENT_PREFIX_PATH} CMAKE_PREFIX_PATH=/home/jetson/ros2_ws/src/install/darknet_ros_msgs:${CMAKE_PREFIX_PATH} LD_LIBRARY_PATH=/home/jetson/ros2_ws/src/install/darknet_ros_msgs/lib:${LD_LIBRARY_PATH} PYTHONPATH=/home/jetson/ros2_ws/src/install/humancount/lib/python3.8/site-packages:/home/jetson/ros2_ws/src/install/darknet_ros_msgs/lib/python3.8/site-packages:${PYTHONPATH} /usr/bin/python3 setup.py develop --prefix /home/jetson/ros2_ws/src/install/humancount --uninstall --editable --build-directory /home/jetson/ros2_ws/src/build/humancount/build
[22.149s] DEBUG:colcon.colcon_core.event_handler.log_command:Invoked command in '/home/jetson/ros2_ws/src/build/humancount' returned '0': AMENT_PREFIX_PATH=/home/jetson/ros2_ws/src/install/darknet_ros_msgs:${AMENT_PREFIX_PATH} CMAKE_PREFIX_PATH=/home/jetson/ros2_ws/src/install/darknet_ros_msgs:${CMAKE_PREFIX_PATH} LD_LIBRARY_PATH=/home/jetson/ros2_ws/src/install/darknet_ros_msgs/lib:${LD_LIBRARY_PATH} PYTHONPATH=/home/jetson/ros2_ws/src/install/humancount/lib/python3.8/site-packages:/home/jetson/ros2_ws/src/install/darknet_ros_msgs/lib/python3.8/site-packages:${PYTHONPATH} /usr/bin/python3 setup.py develop --prefix /home/jetson/ros2_ws/src/install/humancount --uninstall --editable --build-directory /home/jetson/ros2_ws/src/build/humancount/build
[22.162s] DEBUG:colcon.colcon_core.event_handler.log_command:Invoking command in '/home/jetson/ros2_ws/src/humancount': AMENT_PREFIX_PATH=/home/jetson/ros2_ws/src/install/darknet_ros_msgs:${AMENT_PREFIX_PATH} CMAKE_PREFIX_PATH=/home/jetson/ros2_ws/src/install/darknet_ros_msgs:${CMAKE_PREFIX_PATH} LD_LIBRARY_PATH=/home/jetson/ros2_ws/src/install/darknet_ros_msgs/lib:${LD_LIBRARY_PATH} PYTHONPATH=/home/jetson/ros2_ws/src/install/humancount/lib/python3.8/site-packages:/home/jetson/ros2_ws/src/install/darknet_ros_msgs/lib/python3.8/site-packages:${PYTHONPATH} /usr/bin/python3 setup.py egg_info --egg-base ../build/humancount build --build-base /home/jetson/ros2_ws/src/build/humancount/build install --prefix /home/jetson/ros2_ws/src/install/humancount --record /home/jetson/ros2_ws/src/build/humancount/install.log --single-version-externally-managed
[32.168s] DEBUG:colcon.colcon_core.event_handler.log_command:Invoked command in '/home/jetson/ros2_ws/src/humancount' returned '0': AMENT_PREFIX_PATH=/home/jetson/ros2_ws/src/install/darknet_ros_msgs:${AMENT_PREFIX_PATH} CMAKE_PREFIX_PATH=/home/jetson/ros2_ws/src/install/darknet_ros_msgs:${CMAKE_PREFIX_PATH} LD_LIBRARY_PATH=/home/jetson/ros2_ws/src/install/darknet_ros_msgs/lib:${LD_LIBRARY_PATH} PYTHONPATH=/home/jetson/ros2_ws/src/install/humancount/lib/python3.8/site-packages:/home/jetson/ros2_ws/src/install/darknet_ros_msgs/lib/python3.8/site-packages:${PYTHONPATH} /usr/bin/python3 setup.py egg_info --egg-base ../build/humancount build --build-base /home/jetson/ros2_ws/src/build/humancount/build install --prefix /home/jetson/ros2_ws/src/install/humancount --record /home/jetson/ros2_ws/src/build/humancount/install.log --single-version-externally-managed
[32.203s] Level 1:colcon.colcon_core.environment:checking '/home/jetson/ros2_ws/src/install/humancount' for CMake module files
[32.206s] Level 1:colcon.colcon_core.environment:checking '/home/jetson/ros2_ws/src/install/humancount' for CMake config files
[32.210s] Level 1:colcon.colcon_core.environment:checking '/home/jetson/ros2_ws/src/install/humancount/lib'
[32.211s] Level 1:colcon.colcon_core.environment:checking '/home/jetson/ros2_ws/src/install/humancount/bin'
[32.211s] Level 1:colcon.colcon_core.environment:checking '/home/jetson/ros2_ws/src/install/humancount/lib/pkgconfig/humancount.pc'
[32.212s] Level 1:colcon.colcon_core.environment:checking '/home/jetson/ros2_ws/src/install/humancount/lib/python3.8/site-packages'
[32.213s] Level 1:colcon.colcon_core.shell:create_environment_hook('humancount', 'pythonpath')
[32.223s] INFO:colcon.colcon_core.shell:Creating environment hook '/home/jetson/ros2_ws/src/install/humancount/share/humancount/hook/pythonpath.ps1'
[32.225s] INFO:colcon.colcon_core.shell:Creating environment descriptor '/home/jetson/ros2_ws/src/install/humancount/share/humancount/hook/pythonpath.dsv'
[32.226s] INFO:colcon.colcon_core.shell:Creating environment hook '/home/jetson/ros2_ws/src/install/humancount/share/humancount/hook/pythonpath.sh'
[32.228s] Level 1:colcon.colcon_core.environment:checking '/home/jetson/ros2_ws/src/install/humancount/bin'
[32.229s] Level 1:colcon.colcon_core.environment:create_environment_scripts_only(humancount)
[32.238s] INFO:colcon.colcon_core.shell:Creating package script '/home/jetson/ros2_ws/src/install/humancount/share/humancount/package.ps1'
[32.245s] INFO:colcon.colcon_core.shell:Creating package descriptor '/home/jetson/ros2_ws/src/install/humancount/share/humancount/package.dsv'
[32.248s] INFO:colcon.colcon_core.shell:Creating package script '/home/jetson/ros2_ws/src/install/humancount/share/humancount/package.sh'
[32.252s] INFO:colcon.colcon_core.shell:Creating package script '/home/jetson/ros2_ws/src/install/humancount/share/humancount/package.bash'
[32.256s] INFO:colcon.colcon_core.shell:Creating package script '/home/jetson/ros2_ws/src/install/humancount/share/humancount/package.zsh'
[32.260s] Level 1:colcon.colcon_core.environment:create_file_with_runtime_dependencies(/home/jetson/ros2_ws/src/install/humancount/share/colcon-core/packages/humancount)
[32.261s] DEBUG:colcon.colcon_parallel_executor.executor.parallel:closing loop
[32.262s] DEBUG:colcon.colcon_parallel_executor.executor.parallel:loop closed
[32.263s] DEBUG:colcon.colcon_parallel_executor.executor.parallel:run_until_complete finished with '0'
[32.263s] DEBUG:colcon.colcon_core.event_reactor:joining thread
[32.307s] INFO:colcon.colcon_core.plugin_system:Skipping extension 'colcon_notification.desktop_notification.terminal_notifier': Not used on non-Darwin systems
[32.307s] INFO:colcon.colcon_core.plugin_system:Skipping extension 'colcon_notification.desktop_notification.win32': Not used on non-Windows systems
[32.308s] INFO:colcon.colcon_notification.desktop_notification:Sending desktop notification using 'notify2'
[32.372s] DEBUG:colcon.colcon_core.event_reactor:joined thread
[32.385s] INFO:colcon.colcon_core.shell:Creating prefix script '/home/jetson/ros2_ws/src/install/local_setup.ps1'
[32.394s] INFO:colcon.colcon_core.shell:Creating prefix util module '/home/jetson/ros2_ws/src/install/_local_setup_util_ps1.py'
[32.401s] INFO:colcon.colcon_core.shell:Creating prefix chain script '/home/jetson/ros2_ws/src/install/setup.ps1'
[32.412s] INFO:colcon.colcon_core.shell:Creating prefix script '/home/jetson/ros2_ws/src/install/local_setup.sh'
[32.416s] INFO:colcon.colcon_core.shell:Creating prefix util module '/home/jetson/ros2_ws/src/install/_local_setup_util_sh.py'
[32.418s] INFO:colcon.colcon_core.shell:Creating prefix chain script '/home/jetson/ros2_ws/src/install/setup.sh'
[32.429s] INFO:colcon.colcon_core.shell:Creating prefix script '/home/jetson/ros2_ws/src/install/local_setup.bash'
[32.432s] INFO:colcon.colcon_core.shell:Creating prefix chain script '/home/jetson/ros2_ws/src/install/setup.bash'
[32.442s] INFO:colcon.colcon_core.shell:Creating prefix script '/home/jetson/ros2_ws/src/install/local_setup.zsh'
[32.445s] INFO:colcon.colcon_core.shell:Creating prefix chain script '/home/jetson/ros2_ws/src/install/setup.zsh'
