[8.773s] Invoking command in '/home/jetson/ros2_ws/build/humancount': AMENT_PREFIX_PATH=/home/jetson/ros2_ws/install/darknet_ros_msgs CMAKE_PREFIX_PATH=/home/jetson/ros2_ws/install/darknet_ros_msgs LD_LIBRARY_PATH=/home/jetson/ros2_ws/install/darknet_ros_msgs/lib PYTHONPATH=/home/jetson/ros2_ws/install/humancount/lib/python3.8/site-packages:/home/jetson/ros2_ws/install/darknet_ros_msgs/lib/python3.8/site-packages /usr/bin/python3 setup.py develop --prefix /home/jetson/ros2_ws/install/humancount --editable --build-directory /home/jetson/ros2_ws/build/humancount/build --no-deps install_data --install-dir /home/jetson/ros2_ws/install/humancount
[9.917s] /usr/local/lib/python3.8/dist-packages/setuptools/dist.py:772: UserWarning: Usage of dash-separated 'script-dir' will not be supported in future versions. Please use the underscore name 'script_dir' instead
[9.918s]   warnings.warn(
[9.920s] /usr/local/lib/python3.8/dist-packages/setuptools/dist.py:772: UserWarning: Usage of dash-separated 'install-scripts' will not be supported in future versions. Please use the underscore name 'install_scripts' instead
[9.920s]   warnings.warn(
[12.668s] running develop
[12.675s] /usr/local/lib/python3.8/dist-packages/setuptools/command/easy_install.py:144: EasyInstallDeprecationWarning: easy_install command is deprecated. Use build and pip and other standards-based tools.
[12.676s]   warnings.warn(
[13.311s] /usr/local/lib/python3.8/dist-packages/setuptools/command/install.py:34: SetuptoolsDeprecationWarning: setup.py install is deprecated. Use build and pip and other standards-based tools.
[13.311s]   warnings.warn(
[14.547s] /usr/local/lib/python3.8/dist-packages/pkg_resources/__init__.py:123: PkgResourcesDeprecationWarning: 0.1.36ubuntu1 is an invalid version and will not be supported in a future release
[14.547s]   warnings.warn(
[14.548s] /usr/local/lib/python3.8/dist-packages/pkg_resources/__init__.py:123: PkgResourcesDeprecationWarning: 0.23ubuntu1 is an invalid version and will not be supported in a future release
[14.548s]   warnings.warn(
[14.917s] running egg_info
[15.228s] writing humancount.egg-info/PKG-INFO
[15.499s] writing dependency_links to humancount.egg-info/dependency_links.txt
[16.314s] writing entry points to humancount.egg-info/entry_points.txt
[16.852s] writing requirements to humancount.egg-info/requires.txt
[17.119s] writing top-level names to humancount.egg-info/top_level.txt
[17.505s] reading manifest file 'humancount.egg-info/SOURCES.txt'
[17.513s] writing manifest file 'humancount.egg-info/SOURCES.txt'
[18.022s] running build_ext
[18.022s] Creating /home/jetson/ros2_ws/install/humancount/lib/python3.8/site-packages/humancount.egg-link (link to .)
[18.025s] Installing hum script to /home/jetson/ros2_ws/install/humancount/lib/humancount
[18.026s] 
[18.026s] Installed /home/jetson/ros2_ws/build/humancount
[18.027s] running install_data
[18.264s] Invoked command in '/home/jetson/ros2_ws/build/humancount' returned '0': AMENT_PREFIX_PATH=/home/jetson/ros2_ws/install/darknet_ros_msgs CMAKE_PREFIX_PATH=/home/jetson/ros2_ws/install/darknet_ros_msgs LD_LIBRARY_PATH=/home/jetson/ros2_ws/install/darknet_ros_msgs/lib PYTHONPATH=/home/jetson/ros2_ws/install/humancount/lib/python3.8/site-packages:/home/jetson/ros2_ws/install/darknet_ros_msgs/lib/python3.8/site-packages /usr/bin/python3 setup.py develop --prefix /home/jetson/ros2_ws/install/humancount --editable --build-directory /home/jetson/ros2_ws/build/humancount/build --no-deps install_data --install-dir /home/jetson/ros2_ws/install/humancount
