[0.000000] (-) TimerEvent: {}
[0.000742] (-) JobUnselected: {'identifier': 'darknet_ros'}
[0.001316] (-) JobUnselected: {'identifier': 'darknet_ros_msgs'}
[0.001611] (-) JobUnselected: {'identifier': 'px4_msgs'}
[0.002567] (-) JobUnselected: {'identifier': 'px4_ros_com'}
[0.003135] (-) JobUnselected: {'identifier': 'termal'}
[0.006404] (-) JobUnselected: {'identifier': 'yolo_den'}
[0.006888] (humancount) JobQueued: {'identifier': 'humancount', 'dependencies': OrderedDict([('darknet_ros_msgs', '/home/jetson/ros2_ws/install/darknet_ros_msgs')])}
[0.009116] (humancount) JobStarted: {'identifier': 'humancount'}
[0.099094] (-) TimerEvent: {}
[0.200728] (-) TimerEvent: {}
[0.301586] (-) TimerEvent: {}
[0.402206] (-) TimerEvent: {}
[0.502871] (-) TimerEvent: {}
[0.603572] (-) TimerEvent: {}
[0.704245] (-) TimerEvent: {}
[0.805171] (-) TimerEvent: {}
[0.905803] (-) TimerEvent: {}
[1.006418] (-) TimerEvent: {}
[1.107009] (-) TimerEvent: {}
[1.207728] (-) TimerEvent: {}
[1.308368] (-) TimerEvent: {}
[1.408950] (-) TimerEvent: {}
[1.509778] (-) TimerEvent: {}
[1.610433] (-) TimerEvent: {}
[1.711161] (-) TimerEvent: {}
[1.811815] (-) TimerEvent: {}
[1.912498] (-) TimerEvent: {}
[2.013120] (-) TimerEvent: {}
[2.113730] (-) TimerEvent: {}
[2.214669] (-) TimerEvent: {}
[2.316412] (-) TimerEvent: {}
[2.417046] (-) TimerEvent: {}
[2.517644] (-) TimerEvent: {}
[2.618276] (-) TimerEvent: {}
[2.719158] (-) TimerEvent: {}
[2.819768] (-) TimerEvent: {}
[2.920391] (-) TimerEvent: {}
[3.021084] (-) TimerEvent: {}
[3.121666] (-) TimerEvent: {}
[3.222289] (-) TimerEvent: {}
[3.322905] (-) TimerEvent: {}
[3.423490] (-) TimerEvent: {}
[3.524171] (-) TimerEvent: {}
[3.624918] (-) TimerEvent: {}
[3.731101] (-) TimerEvent: {}
[3.831701] (-) TimerEvent: {}
[3.932590] (-) TimerEvent: {}
[4.033545] (-) TimerEvent: {}
[4.110611] (humancount) JobEnded: {'identifier': 'humancount', 'rc': 0}
[4.115446] (-) EventReactorShutdown: {}
