[9.551s] Invoking command in '/home/jetson/ros2_ws/build/termal': PYTHONPATH=/home/jetson/ros2_ws/install/termal/lib/python3.8/site-packages:${PYTHONPATH} /usr/bin/python3 setup.py develop --prefix /home/jetson/ros2_ws/install/termal --editable --build-directory /home/jetson/ros2_ws/build/termal/build --no-deps install_data --install-dir /home/jetson/ros2_ws/install/termal
[10.909s] /usr/local/lib/python3.8/dist-packages/setuptools/dist.py:772: UserWarning: Usage of dash-separated 'script-dir' will not be supported in future versions. Please use the underscore name 'script_dir' instead
[10.910s]   warnings.warn(
[10.912s] /usr/local/lib/python3.8/dist-packages/setuptools/dist.py:772: UserWarning: Usage of dash-separated 'install-scripts' will not be supported in future versions. Please use the underscore name 'install_scripts' instead
[10.912s]   warnings.warn(
[13.812s] running develop
[13.818s] /usr/local/lib/python3.8/dist-packages/setuptools/command/easy_install.py:144: EasyInstallDeprecationWarning: easy_install command is deprecated. Use build and pip and other standards-based tools.
[13.819s]   warnings.warn(
[14.486s] /usr/local/lib/python3.8/dist-packages/setuptools/command/install.py:34: SetuptoolsDeprecationWarning: setup.py install is deprecated. Use build and pip and other standards-based tools.
[14.486s]   warnings.warn(
[15.846s] /usr/local/lib/python3.8/dist-packages/pkg_resources/__init__.py:123: PkgResourcesDeprecationWarning: 0.1.36ubuntu1 is an invalid version and will not be supported in a future release
[15.846s]   warnings.warn(
[15.847s] /usr/local/lib/python3.8/dist-packages/pkg_resources/__init__.py:123: PkgResourcesDeprecationWarning: 0.23ubuntu1 is an invalid version and will not be supported in a future release
[15.847s]   warnings.warn(
[16.321s] running egg_info
[16.322s] creating termal.egg-info
[16.648s] writing termal.egg-info/PKG-INFO
[16.916s] writing dependency_links to termal.egg-info/dependency_links.txt
[17.719s] writing entry points to termal.egg-info/entry_points.txt
[18.265s] writing requirements to termal.egg-info/requires.txt
[18.533s] writing top-level names to termal.egg-info/top_level.txt
[18.550s] writing manifest file 'termal.egg-info/SOURCES.txt'
[18.951s] reading manifest file 'termal.egg-info/SOURCES.txt'
[18.954s] writing manifest file 'termal.egg-info/SOURCES.txt'
[19.542s] running build_ext
[19.542s] Creating /home/jetson/ros2_ws/install/termal/lib/python3.8/site-packages/termal.egg-link (link to .)
[19.545s] Installing ter script to /home/jetson/ros2_ws/install/termal/lib/termal
[19.546s] 
[19.546s] Installed /home/jetson/ros2_ws/build/termal
[19.547s] running install_data
[19.547s] creating /home/jetson/ros2_ws/install/termal/share/ament_index
[19.548s] creating /home/jetson/ros2_ws/install/termal/share/ament_index/resource_index
[19.548s] creating /home/jetson/ros2_ws/install/termal/share/ament_index/resource_index/packages
[19.549s] copying resource/termal -> /home/jetson/ros2_ws/install/termal/share/ament_index/resource_index/packages
[19.549s] copying package.xml -> /home/jetson/ros2_ws/install/termal/share/termal
[19.788s] Invoked command in '/home/jetson/ros2_ws/build/termal' returned '0': PYTHONPATH=/home/jetson/ros2_ws/install/termal/lib/python3.8/site-packages:${PYTHONPATH} /usr/bin/python3 setup.py develop --prefix /home/jetson/ros2_ws/install/termal --editable --build-directory /home/jetson/ros2_ws/build/termal/build --no-deps install_data --install-dir /home/jetson/ros2_ws/install/termal
