[8.813s] Invoking command in '/home/jetson/ros2_ws/build/humancount': AMENT_PREFIX_PATH=/home/jetson/ros2_ws/install/darknet_ros_msgs CMAKE_PREFIX_PATH=/home/jetson/ros2_ws/install/darknet_ros_msgs LD_LIBRARY_PATH=/home/jetson/ros2_ws/install/darknet_ros_msgs/lib PYTHONPATH=/home/jetson/ros2_ws/install/humancount/lib/python3.8/site-packages:/home/jetson/ros2_ws/install/darknet_ros_msgs/lib/python3.8/site-packages /usr/bin/python3 setup.py develop --prefix /home/jetson/ros2_ws/install/humancount --editable --build-directory /home/jetson/ros2_ws/build/humancount/build --no-deps install_data --install-dir /home/jetson/ros2_ws/install/humancount
[9.986s] /usr/local/lib/python3.8/dist-packages/setuptools/dist.py:772: UserWarning: Usage of dash-separated 'script-dir' will not be supported in future versions. Please use the underscore name 'script_dir' instead
[9.987s]   warnings.warn(
[9.989s] /usr/local/lib/python3.8/dist-packages/setuptools/dist.py:772: UserWarning: Usage of dash-separated 'install-scripts' will not be supported in future versions. Please use the underscore name 'install_scripts' instead
[9.989s]   warnings.warn(
[12.866s] running develop
[12.872s] /usr/local/lib/python3.8/dist-packages/setuptools/command/easy_install.py:144: EasyInstallDeprecationWarning: easy_install command is deprecated. Use build and pip and other standards-based tools.
[12.873s]   warnings.warn(
[13.532s] /usr/local/lib/python3.8/dist-packages/setuptools/command/install.py:34: SetuptoolsDeprecationWarning: setup.py install is deprecated. Use build and pip and other standards-based tools.
[13.532s]   warnings.warn(
[14.871s] /usr/local/lib/python3.8/dist-packages/pkg_resources/__init__.py:123: PkgResourcesDeprecationWarning: 0.1.36ubuntu1 is an invalid version and will not be supported in a future release
[14.872s]   warnings.warn(
[14.872s] /usr/local/lib/python3.8/dist-packages/pkg_resources/__init__.py:123: PkgResourcesDeprecationWarning: 0.23ubuntu1 is an invalid version and will not be supported in a future release
[14.873s]   warnings.warn(
[15.270s] running egg_info
[15.593s] writing humancount.egg-info/PKG-INFO
[15.894s] writing dependency_links to humancount.egg-info/dependency_links.txt
[16.791s] writing entry points to humancount.egg-info/entry_points.txt
[17.388s] writing requirements to humancount.egg-info/requires.txt
[17.686s] writing top-level names to humancount.egg-info/top_level.txt
[18.093s] reading manifest file 'humancount.egg-info/SOURCES.txt'
[18.099s] writing manifest file 'humancount.egg-info/SOURCES.txt'
[18.625s] running build_ext
[18.625s] Creating /home/jetson/ros2_ws/install/humancount/lib/python3.8/site-packages/humancount.egg-link (link to .)
[18.627s] Installing hum script to /home/jetson/ros2_ws/install/humancount/lib/humancount
[18.628s] 
[18.629s] Installed /home/jetson/ros2_ws/build/humancount
[18.629s] running install_data
[18.871s] Invoked command in '/home/jetson/ros2_ws/build/humancount' returned '0': AMENT_PREFIX_PATH=/home/jetson/ros2_ws/install/darknet_ros_msgs CMAKE_PREFIX_PATH=/home/jetson/ros2_ws/install/darknet_ros_msgs LD_LIBRARY_PATH=/home/jetson/ros2_ws/install/darknet_ros_msgs/lib PYTHONPATH=/home/jetson/ros2_ws/install/humancount/lib/python3.8/site-packages:/home/jetson/ros2_ws/install/darknet_ros_msgs/lib/python3.8/site-packages /usr/bin/python3 setup.py develop --prefix /home/jetson/ros2_ws/install/humancount --editable --build-directory /home/jetson/ros2_ws/build/humancount/build --no-deps install_data --install-dir /home/jetson/ros2_ws/install/humancount
