[18.038s] Invoking command in '/home/jetson/ros2_ws/build/yolo_den': PYTHONPATH=/home/jetson/ros2_ws/install/yolo_den/lib/python3.8/site-packages:${PYTHONPATH} /usr/bin/python3 setup.py develop --prefix /home/jetson/ros2_ws/install/yolo_den --editable --build-directory /home/jetson/ros2_ws/build/yolo_den/build --no-deps install_data --install-dir /home/jetson/ros2_ws/install/yolo_den
[19.872s] /usr/local/lib/python3.8/dist-packages/setuptools/dist.py:772: UserWarning: Usage of dash-separated 'script-dir' will not be supported in future versions. Please use the underscore name 'script_dir' instead
[19.872s]   warnings.warn(
[19.874s] /usr/local/lib/python3.8/dist-packages/setuptools/dist.py:772: UserWarning: Usage of dash-separated 'install-scripts' will not be supported in future versions. Please use the underscore name 'install_scripts' instead
[19.875s]   warnings.warn(
[23.717s] running develop
[23.718s] /usr/local/lib/python3.8/dist-packages/setuptools/command/easy_install.py:144: EasyInstallDeprecationWarning: easy_install command is deprecated. Use build and pip and other standards-based tools.
[23.719s]   warnings.warn(
[24.641s] /usr/local/lib/python3.8/dist-packages/setuptools/command/install.py:34: SetuptoolsDeprecationWarning: setup.py install is deprecated. Use build and pip and other standards-based tools.
[24.642s]   warnings.warn(
[26.480s] /usr/local/lib/python3.8/dist-packages/pkg_resources/__init__.py:123: PkgResourcesDeprecationWarning: 0.1.36ubuntu1 is an invalid version and will not be supported in a future release
[26.481s]   warnings.warn(
[26.481s] /usr/local/lib/python3.8/dist-packages/pkg_resources/__init__.py:123: PkgResourcesDeprecationWarning: 0.23ubuntu1 is an invalid version and will not be supported in a future release
[26.482s]   warnings.warn(
[27.127s] running egg_info
[27.578s] writing yolo_den.egg-info/PKG-INFO
[27.948s] writing dependency_links to yolo_den.egg-info/dependency_links.txt
[29.373s] writing entry points to yolo_den.egg-info/entry_points.txt
[30.181s] writing requirements to yolo_den.egg-info/requires.txt
[30.579s] writing top-level names to yolo_den.egg-info/top_level.txt
[31.161s] reading manifest file 'yolo_den.egg-info/SOURCES.txt'
[31.166s] writing manifest file 'yolo_den.egg-info/SOURCES.txt'
[31.936s] running build_ext
[31.936s] Creating /home/jetson/ros2_ws/install/yolo_den/lib/python3.8/site-packages/yolo-den.egg-link (link to .)
[31.941s] Installing ysub2 script to /home/jetson/ros2_ws/install/yolo_den/lib/yolo_den
[31.942s] 
[31.942s] Installed /home/jetson/ros2_ws/build/yolo_den
[31.943s] running install_data
[32.232s] Invoked command in '/home/jetson/ros2_ws/build/yolo_den' returned '0': PYTHONPATH=/home/jetson/ros2_ws/install/yolo_den/lib/python3.8/site-packages:${PYTHONPATH} /usr/bin/python3 setup.py develop --prefix /home/jetson/ros2_ws/install/yolo_den --editable --build-directory /home/jetson/ros2_ws/build/yolo_den/build --no-deps install_data --install-dir /home/jetson/ros2_ws/install/yolo_den
