[0.210s] Invoking command in '/home/jetson/ros2_ws/build/darknet_ros_msgs': CMAKE_PREFIX_PATH=/opt/ros/foxy /usr/local/bin/cmake --build /home/jetson/ros2_ws/build/darknet_ros_msgs -- -j4 -l4
[9.509s] -- Found ament_cmake: 0.9.9 (/opt/ros/foxy/share/ament_cmake/cmake)
[9.510s] -- Found PythonInterp: /usr/bin/python3 (found suitable version "3.8.10", minimum required is "3") 
[9.511s] -- Using PYTHON_EXECUTABLE: /usr/bin/python3
[9.513s] -- Override CMake install command with custom implementation using symlinks instead of copying resources
[9.513s] -- Found action_msgs: 1.0.0 (/opt/ros/foxy/share/action_msgs/cmake)
[9.518s] -- Using all available rosidl_typesupport_c: rosidl_typesupport_fastrtps_c;rosidl_typesupport_introspection_c
[9.521s] -- Found rosidl_adapter: 1.2.1 (/opt/ros/foxy/share/rosidl_adapter/cmake)
[9.521s] -- Using all available rosidl_typesupport_cpp: rosidl_typesupport_fastrtps_cpp;rosidl_typesupport_introspection_cpp
[9.522s] -- Found geometry_msgs: 2.0.5 (/opt/ros/foxy/share/geometry_msgs/cmake)
[9.522s] -- Found rosidl_default_generators: 1.0.1 (/opt/ros/foxy/share/rosidl_default_generators/cmake)
[9.525s] -- Found sensor_msgs: 2.0.5 (/opt/ros/foxy/share/sensor_msgs/cmake)
[9.529s] -- Found PythonInterp: /usr/bin/python3 (found version "3.8.10") 
[9.532s] -- Found ament_cmake_ros: 0.9.2 (/opt/ros/foxy/share/ament_cmake_ros/cmake)
[9.537s] -- Using all available rosidl_typesupport_c: rosidl_typesupport_fastrtps_c;rosidl_typesupport_introspection_c
[9.539s] -- Using all available rosidl_typesupport_cpp: rosidl_typesupport_fastrtps_cpp;rosidl_typesupport_introspection_cpp
[9.539s] -- Found PythonInterp: /usr/bin/python3 (found suitable version "3.8.10", minimum required is "3.5") 
[9.540s] -- Found python_cmake_module: 0.8.1 (/opt/ros/foxy/share/python_cmake_module/cmake)
[9.540s] -- Using PYTHON_EXECUTABLE: /usr/bin/python3
[9.541s] -- Using PYTHON_INCLUDE_DIRS: /usr/include/python3.8
[9.541s] -- Using PYTHON_LIBRARIES: /usr/lib/aarch64-linux-gnu/libpython3.8.so
[9.542s] -- Configuring done
[9.542s] -- Generating done
[9.543s] -- Build files have been written to: /home/jetson/ros2_ws/build/darknet_ros_msgs
[9.543s] [  1%] Built target darknet_ros_msgs__cpp
[9.544s] [ 12%] Built target darknet_ros_msgs__rosidl_generator_c
[9.545s] [ 23%] Built target darknet_ros_msgs__rosidl_typesupport_fastrtps_cpp
[9.545s] [ 34%] Built target darknet_ros_msgs__rosidl_typesupport_introspection_cpp
[9.546s] [ 45%] Built target darknet_ros_msgs__rosidl_typesupport_c
[9.546s] [ 56%] Built target darknet_ros_msgs__rosidl_typesupport_cpp
[9.546s] [ 67%] Built target darknet_ros_msgs__rosidl_typesupport_introspection_c
[9.547s] [ 78%] Built target darknet_ros_msgs__rosidl_typesupport_fastrtps_c
[9.547s] [ 78%] Built target darknet_ros_msgs
[9.548s] [ 80%] Built target darknet_ros_msgs__py
[9.550s] [ 89%] Built target darknet_ros_msgs__python
[9.550s] [ 92%] Built target darknet_ros_msgs__rosidl_typesupport_c__pyext
[9.551s] [ 96%] Built target darknet_ros_msgs__rosidl_typesupport_introspection_c__pyext
[9.552s] [100%] Built target darknet_ros_msgs__rosidl_typesupport_fastrtps_c__pyext
[9.556s] make[2]: Warning: File 'libdarknet_ros_msgs__rosidl_typesupport_fastrtps_cpp.so' has modification time 8881906 s in the future
[9.563s] make[2]: warning:  Clock skew detected.  Your build may be incomplete.
[9.565s] make[2]: Warning: File 'libdarknet_ros_msgs__rosidl_typesupport_fastrtps_c.so' has modification time 8881906 s in the future
[9.565s] make[2]: warning:  Clock skew detected.  Your build may be incomplete.
[9.566s] make[2]: Warning: File '/home/jetson/ros2_ws/src/darknet_ros_yolov4/darknet_ros/darknet_ros_msgs/msg/BoundingBox.msg' has modification time 1820358 s in the future
[9.566s] make[2]: warning:  Clock skew detected.  Your build may be incomplete.
[9.567s] make[2]: Warning: File 'CMakeFiles/darknet_ros_msgs__python.dir/depend.make' has modification time 8881906 s in the future
[9.567s] make[2]: warning:  Clock skew detected.  Your build may be incomplete.
[9.567s] make[2]: Warning: File 'CMakeFiles/darknet_ros_msgs__python.dir/depend.make' has modification time 8881906 s in the future
[9.568s] make[2]: warning:  Clock skew detected.  Your build may be incomplete.
[9.568s] make[2]: Warning: File 'CMakeFiles/darknet_ros_msgs__rosidl_typesupport_c__pyext.dir/depend.make' has modification time 8881909 s in the future
[9.569s] make[2]: Warning: File 'CMakeFiles/darknet_ros_msgs__rosidl_typesupport_fastrtps_c__pyext.dir/depend.make' has modification time 8881909 s in the future
[9.569s] make[2]: Warning: File 'CMakeFiles/darknet_ros_msgs__rosidl_typesupport_introspection_c__pyext.dir/depend.make' has modification time 8881909 s in the future
[9.569s] make[2]: warning:  Clock skew detected.  Your build may be incomplete.
[9.570s] make[2]: Warning: File 'CMakeFiles/darknet_ros_msgs__rosidl_typesupport_c__pyext.dir/depend.make' has modification time 8881909 s in the future
[9.570s] make[2]: warning:  Clock skew detected.  Your build may be incomplete.
[9.571s] make[2]: warning:  Clock skew detected.  Your build may be incomplete.
[9.571s] make[2]: warning:  Clock skew detected.  Your build may be incomplete.
[9.571s] make[2]: Warning: File 'CMakeFiles/darknet_ros_msgs__rosidl_typesupport_introspection_c__pyext.dir/depend.make' has modification time 8881909 s in the future
[9.572s] make[2]: Warning: File 'CMakeFiles/darknet_ros_msgs__rosidl_typesupport_fastrtps_c__pyext.dir/depend.make' has modification time 8881909 s in the future
[9.572s] make[2]: warning:  Clock skew detected.  Your build may be incomplete.
[9.573s] make[2]: warning:  Clock skew detected.  Your build may be incomplete.
[9.582s] Invoked command in '/home/jetson/ros2_ws/build/darknet_ros_msgs' returned '0': CMAKE_PREFIX_PATH=/opt/ros/foxy /usr/local/bin/cmake --build /home/jetson/ros2_ws/build/darknet_ros_msgs -- -j4 -l4
[10.131s] Invoking command in '/home/jetson/ros2_ws/build/darknet_ros_msgs': CMAKE_PREFIX_PATH=/opt/ros/foxy /usr/local/bin/cmake --install /home/jetson/ros2_ws/build/darknet_ros_msgs
[10.159s] -- Install configuration: "RELWITHDEBINFO"
[10.163s] -- Execute custom install script
[10.166s] -- Up-to-date symlink: /home/jetson/ros2_ws/install/darknet_ros_msgs/share/ament_index/resource_index/rosidl_interfaces/darknet_ros_msgs
[10.175s] -- Up-to-date symlink: /home/jetson/ros2_ws/install/darknet_ros_msgs/include/darknet_ros_msgs/action/check_for_objects.h
[10.177s] -- Up-to-date symlink: /home/jetson/ros2_ws/install/darknet_ros_msgs/include/darknet_ros_msgs/action/detail/check_for_objects__functions.h
[10.178s] -- Up-to-date symlink: /home/jetson/ros2_ws/install/darknet_ros_msgs/include/darknet_ros_msgs/action/detail/check_for_objects__struct.h
[10.179s] -- Up-to-date symlink: /home/jetson/ros2_ws/install/darknet_ros_msgs/include/darknet_ros_msgs/action/detail/check_for_objects__type_support.h
[10.180s] -- Up-to-date symlink: /home/jetson/ros2_ws/install/darknet_ros_msgs/include/darknet_ros_msgs/msg/bounding_box.h
[10.182s] -- Up-to-date symlink: /home/jetson/ros2_ws/install/darknet_ros_msgs/include/darknet_ros_msgs/msg/bounding_boxes.h
[10.184s] -- Up-to-date symlink: /home/jetson/ros2_ws/install/darknet_ros_msgs/include/darknet_ros_msgs/msg/detail/bounding_box__functions.h
[10.186s] -- Up-to-date symlink: /home/jetson/ros2_ws/install/darknet_ros_msgs/include/darknet_ros_msgs/msg/detail/bounding_box__struct.h
[10.188s] -- Up-to-date symlink: /home/jetson/ros2_ws/install/darknet_ros_msgs/include/darknet_ros_msgs/msg/detail/bounding_box__type_support.h
[10.190s] -- Up-to-date symlink: /home/jetson/ros2_ws/install/darknet_ros_msgs/include/darknet_ros_msgs/msg/detail/bounding_boxes__functions.h
[10.191s] -- Up-to-date symlink: /home/jetson/ros2_ws/install/darknet_ros_msgs/include/darknet_ros_msgs/msg/detail/bounding_boxes__struct.h
[10.193s] -- Up-to-date symlink: /home/jetson/ros2_ws/install/darknet_ros_msgs/include/darknet_ros_msgs/msg/detail/bounding_boxes__type_support.h
[10.195s] -- Up-to-date symlink: /home/jetson/ros2_ws/install/darknet_ros_msgs/include/darknet_ros_msgs/msg/detail/object_count__functions.h
[10.196s] -- Up-to-date symlink: /home/jetson/ros2_ws/install/darknet_ros_msgs/include/darknet_ros_msgs/msg/detail/object_count__struct.h
[10.197s] -- Up-to-date symlink: /home/jetson/ros2_ws/install/darknet_ros_msgs/include/darknet_ros_msgs/msg/detail/object_count__type_support.h
[10.198s] -- Up-to-date symlink: /home/jetson/ros2_ws/install/darknet_ros_msgs/include/darknet_ros_msgs/msg/object_count.h
[10.199s] -- Up-to-date symlink: /home/jetson/ros2_ws/install/darknet_ros_msgs/include/darknet_ros_msgs/msg/rosidl_generator_c__visibility_control.h
[10.205s] -- Up-to-date symlink: /home/jetson/ros2_ws/install/darknet_ros_msgs/share/darknet_ros_msgs/environment/library_path.sh
[10.206s] -- Up-to-date symlink: /home/jetson/ros2_ws/install/darknet_ros_msgs/share/darknet_ros_msgs/environment/library_path.dsv
[10.209s] -- Up-to-date symlink: /home/jetson/ros2_ws/install/darknet_ros_msgs/include/darknet_ros_msgs/action/detail/check_for_objects__rosidl_typesupport_fastrtps_c.h
[10.210s] -- Up-to-date symlink: /home/jetson/ros2_ws/install/darknet_ros_msgs/include/darknet_ros_msgs/msg/detail/bounding_box__rosidl_typesupport_fastrtps_c.h
[10.211s] -- Up-to-date symlink: /home/jetson/ros2_ws/install/darknet_ros_msgs/include/darknet_ros_msgs/msg/detail/bounding_boxes__rosidl_typesupport_fastrtps_c.h
[10.212s] -- Up-to-date symlink: /home/jetson/ros2_ws/install/darknet_ros_msgs/include/darknet_ros_msgs/msg/detail/object_count__rosidl_typesupport_fastrtps_c.h
[10.216s] -- Up-to-date symlink: /home/jetson/ros2_ws/install/darknet_ros_msgs/include/darknet_ros_msgs/msg/rosidl_typesupport_fastrtps_c__visibility_control.h
[10.218s] -- Up-to-date symlink: /home/jetson/ros2_ws/install/darknet_ros_msgs/lib/libdarknet_ros_msgs__rosidl_typesupport_fastrtps_c.so
[10.225s] -- Up-to-date symlink: /home/jetson/ros2_ws/install/darknet_ros_msgs/include/darknet_ros_msgs/action/detail/check_for_objects__rosidl_typesupport_fastrtps_cpp.hpp
[10.226s] -- Up-to-date symlink: /home/jetson/ros2_ws/install/darknet_ros_msgs/include/darknet_ros_msgs/msg/detail/bounding_box__rosidl_typesupport_fastrtps_cpp.hpp
[10.228s] -- Up-to-date symlink: /home/jetson/ros2_ws/install/darknet_ros_msgs/include/darknet_ros_msgs/msg/detail/bounding_boxes__rosidl_typesupport_fastrtps_cpp.hpp
[10.230s] -- Up-to-date symlink: /home/jetson/ros2_ws/install/darknet_ros_msgs/include/darknet_ros_msgs/msg/detail/object_count__rosidl_typesupport_fastrtps_cpp.hpp
[10.230s] -- Up-to-date symlink: /home/jetson/ros2_ws/install/darknet_ros_msgs/include/darknet_ros_msgs/msg/rosidl_typesupport_fastrtps_cpp__visibility_control.h
[10.231s] -- Up-to-date symlink: /home/jetson/ros2_ws/install/darknet_ros_msgs/lib/libdarknet_ros_msgs__rosidl_typesupport_fastrtps_cpp.so
[10.233s] -- Up-to-date symlink: /home/jetson/ros2_ws/install/darknet_ros_msgs/include/darknet_ros_msgs/action/detail/check_for_objects__rosidl_typesupport_introspection_c.h
[10.234s] -- Up-to-date symlink: /home/jetson/ros2_ws/install/darknet_ros_msgs/include/darknet_ros_msgs/msg/detail/bounding_box__rosidl_typesupport_introspection_c.h
[10.236s] -- Up-to-date symlink: /home/jetson/ros2_ws/install/darknet_ros_msgs/include/darknet_ros_msgs/msg/detail/bounding_boxes__rosidl_typesupport_introspection_c.h
[10.237s] -- Up-to-date symlink: /home/jetson/ros2_ws/install/darknet_ros_msgs/include/darknet_ros_msgs/msg/detail/object_count__rosidl_typesupport_introspection_c.h
[10.237s] -- Up-to-date symlink: /home/jetson/ros2_ws/install/darknet_ros_msgs/include/darknet_ros_msgs/msg/rosidl_typesupport_introspection_c__visibility_control.h
[10.239s] -- Up-to-date symlink: /home/jetson/ros2_ws/install/darknet_ros_msgs/include/darknet_ros_msgs/action/check_for_objects.hpp
[10.241s] -- Up-to-date symlink: /home/jetson/ros2_ws/install/darknet_ros_msgs/include/darknet_ros_msgs/action/detail/check_for_objects__builder.hpp
[10.242s] -- Up-to-date symlink: /home/jetson/ros2_ws/install/darknet_ros_msgs/include/darknet_ros_msgs/action/detail/check_for_objects__struct.hpp
[10.243s] -- Up-to-date symlink: /home/jetson/ros2_ws/install/darknet_ros_msgs/include/darknet_ros_msgs/action/detail/check_for_objects__traits.hpp
[10.244s] -- Up-to-date symlink: /home/jetson/ros2_ws/install/darknet_ros_msgs/include/darknet_ros_msgs/msg/bounding_box.hpp
[10.244s] -- Up-to-date symlink: /home/jetson/ros2_ws/install/darknet_ros_msgs/include/darknet_ros_msgs/msg/bounding_boxes.hpp
[10.246s] -- Up-to-date symlink: /home/jetson/ros2_ws/install/darknet_ros_msgs/include/darknet_ros_msgs/msg/detail/bounding_box__builder.hpp
[10.246s] -- Up-to-date symlink: /home/jetson/ros2_ws/install/darknet_ros_msgs/include/darknet_ros_msgs/msg/detail/bounding_box__struct.hpp
[10.247s] -- Up-to-date symlink: /home/jetson/ros2_ws/install/darknet_ros_msgs/include/darknet_ros_msgs/msg/detail/bounding_box__traits.hpp
[10.247s] -- Up-to-date symlink: /home/jetson/ros2_ws/install/darknet_ros_msgs/include/darknet_ros_msgs/msg/detail/bounding_boxes__builder.hpp
[10.248s] -- Up-to-date symlink: /home/jetson/ros2_ws/install/darknet_ros_msgs/include/darknet_ros_msgs/msg/detail/bounding_boxes__struct.hpp
[10.252s] -- Up-to-date symlink: /home/jetson/ros2_ws/install/darknet_ros_msgs/include/darknet_ros_msgs/msg/detail/bounding_boxes__traits.hpp
[10.253s] -- Up-to-date symlink: /home/jetson/ros2_ws/install/darknet_ros_msgs/include/darknet_ros_msgs/msg/detail/object_count__builder.hpp
[10.254s] -- Up-to-date symlink: /home/jetson/ros2_ws/install/darknet_ros_msgs/include/darknet_ros_msgs/msg/detail/object_count__struct.hpp
[10.255s] -- Up-to-date symlink: /home/jetson/ros2_ws/install/darknet_ros_msgs/include/darknet_ros_msgs/msg/detail/object_count__traits.hpp
[10.255s] -- Up-to-date symlink: /home/jetson/ros2_ws/install/darknet_ros_msgs/include/darknet_ros_msgs/msg/object_count.hpp
[10.264s] -- Up-to-date symlink: /home/jetson/ros2_ws/install/darknet_ros_msgs/include/darknet_ros_msgs/action/detail/check_for_objects__rosidl_typesupport_introspection_cpp.hpp
[10.265s] -- Up-to-date symlink: /home/jetson/ros2_ws/install/darknet_ros_msgs/include/darknet_ros_msgs/msg/detail/bounding_box__rosidl_typesupport_introspection_cpp.hpp
[10.266s] -- Up-to-date symlink: /home/jetson/ros2_ws/install/darknet_ros_msgs/include/darknet_ros_msgs/msg/detail/bounding_boxes__rosidl_typesupport_introspection_cpp.hpp
[10.267s] -- Up-to-date symlink: /home/jetson/ros2_ws/install/darknet_ros_msgs/include/darknet_ros_msgs/msg/detail/object_count__rosidl_typesupport_introspection_cpp.hpp
[10.268s] -- Up-to-date symlink: /home/jetson/ros2_ws/install/darknet_ros_msgs/share/darknet_ros_msgs/environment/pythonpath.sh
[10.269s] -- Up-to-date symlink: /home/jetson/ros2_ws/install/darknet_ros_msgs/share/darknet_ros_msgs/environment/pythonpath.dsv
[10.270s] -- Up-to-date symlink: /home/jetson/ros2_ws/install/darknet_ros_msgs/lib/python3.8/site-packages/darknet_ros_msgs/__init__.py
[10.273s] -- Up-to-date symlink: /home/jetson/ros2_ws/install/darknet_ros_msgs/lib/python3.8/site-packages/darknet_ros_msgs/msg/__init__.py
[10.277s] -- Up-to-date symlink: /home/jetson/ros2_ws/install/darknet_ros_msgs/lib/python3.8/site-packages/darknet_ros_msgs/msg/_bounding_box.py
[10.277s] -- Up-to-date symlink: /home/jetson/ros2_ws/install/darknet_ros_msgs/lib/python3.8/site-packages/darknet_ros_msgs/msg/_bounding_boxes.py
[10.279s] -- Up-to-date symlink: /home/jetson/ros2_ws/install/darknet_ros_msgs/lib/python3.8/site-packages/darknet_ros_msgs/msg/_object_count.py
[10.281s] -- Up-to-date symlink: /home/jetson/ros2_ws/install/darknet_ros_msgs/lib/python3.8/site-packages/darknet_ros_msgs/action/__init__.py
[10.282s] -- Up-to-date symlink: /home/jetson/ros2_ws/install/darknet_ros_msgs/lib/python3.8/site-packages/darknet_ros_msgs/action/_check_for_objects.py
[10.284s] -- Up-to-date symlink: /home/jetson/ros2_ws/install/darknet_ros_msgs/lib/python3.8/site-packages/darknet_ros_msgs/darknet_ros_msgs_s__rosidl_typesupport_fastrtps_c.cpython-38-aarch64-linux-gnu.so
[10.288s] -- Up-to-date symlink: /home/jetson/ros2_ws/install/darknet_ros_msgs/lib/python3.8/site-packages/darknet_ros_msgs/darknet_ros_msgs_s__rosidl_typesupport_introspection_c.cpython-38-aarch64-linux-gnu.so
[10.291s] -- Up-to-date symlink: /home/jetson/ros2_ws/install/darknet_ros_msgs/lib/python3.8/site-packages/darknet_ros_msgs/darknet_ros_msgs_s__rosidl_typesupport_c.cpython-38-aarch64-linux-gnu.so
[10.294s] -- Up-to-date symlink: /home/jetson/ros2_ws/install/darknet_ros_msgs/lib/libdarknet_ros_msgs__python.so
[10.295s] -- Up-to-date symlink: /home/jetson/ros2_ws/install/darknet_ros_msgs/share/darknet_ros_msgs/msg/BoundingBox.idl
[10.295s] -- Up-to-date symlink: /home/jetson/ros2_ws/install/darknet_ros_msgs/share/darknet_ros_msgs/msg/BoundingBoxes.idl
[10.296s] -- Up-to-date symlink: /home/jetson/ros2_ws/install/darknet_ros_msgs/share/darknet_ros_msgs/msg/ObjectCount.idl
[10.297s] -- Up-to-date symlink: /home/jetson/ros2_ws/install/darknet_ros_msgs/share/darknet_ros_msgs/action/CheckForObjects.idl
[10.297s] -- Up-to-date symlink: /home/jetson/ros2_ws/install/darknet_ros_msgs/share/darknet_ros_msgs/msg/BoundingBox.msg
[10.300s] -- Up-to-date symlink: /home/jetson/ros2_ws/install/darknet_ros_msgs/share/darknet_ros_msgs/msg/BoundingBoxes.msg
[10.301s] -- Up-to-date symlink: /home/jetson/ros2_ws/install/darknet_ros_msgs/share/darknet_ros_msgs/msg/ObjectCount.msg
[10.302s] -- Up-to-date symlink: /home/jetson/ros2_ws/install/darknet_ros_msgs/share/darknet_ros_msgs/action/CheckForObjects.action
[10.307s] -- Up-to-date symlink: /home/jetson/ros2_ws/install/darknet_ros_msgs/share/ament_index/resource_index/package_run_dependencies/darknet_ros_msgs
[10.308s] -- Up-to-date symlink: /home/jetson/ros2_ws/install/darknet_ros_msgs/share/ament_index/resource_index/parent_prefix_path/darknet_ros_msgs
[10.308s] -- Up-to-date symlink: /home/jetson/ros2_ws/install/darknet_ros_msgs/share/darknet_ros_msgs/environment/ament_prefix_path.sh
[10.314s] -- Up-to-date symlink: /home/jetson/ros2_ws/install/darknet_ros_msgs/share/darknet_ros_msgs/environment/ament_prefix_path.dsv
[10.314s] -- Up-to-date symlink: /home/jetson/ros2_ws/install/darknet_ros_msgs/share/darknet_ros_msgs/environment/path.sh
[10.315s] -- Up-to-date symlink: /home/jetson/ros2_ws/install/darknet_ros_msgs/share/darknet_ros_msgs/environment/path.dsv
[10.316s] -- Up-to-date symlink: /home/jetson/ros2_ws/install/darknet_ros_msgs/share/darknet_ros_msgs/local_setup.bash
[10.319s] -- Up-to-date symlink: /home/jetson/ros2_ws/install/darknet_ros_msgs/share/darknet_ros_msgs/local_setup.sh
[10.321s] -- Up-to-date symlink: /home/jetson/ros2_ws/install/darknet_ros_msgs/share/darknet_ros_msgs/local_setup.zsh
[10.323s] -- Up-to-date symlink: /home/jetson/ros2_ws/install/darknet_ros_msgs/share/darknet_ros_msgs/local_setup.dsv
[10.326s] -- Symlinking: /home/jetson/ros2_ws/install/darknet_ros_msgs/share/darknet_ros_msgs/package.dsv
[10.340s] -- Up-to-date symlink: /home/jetson/ros2_ws/install/darknet_ros_msgs/share/ament_index/resource_index/packages/darknet_ros_msgs
[10.344s] -- Up-to-date symlink: /home/jetson/ros2_ws/install/darknet_ros_msgs/share/darknet_ros_msgs/cmake/rosidl_cmake-extras.cmake
[10.345s] -- Up-to-date symlink: /home/jetson/ros2_ws/install/darknet_ros_msgs/share/darknet_ros_msgs/cmake/ament_cmake_export_dependencies-extras.cmake
[10.346s] -- Up-to-date symlink: /home/jetson/ros2_ws/install/darknet_ros_msgs/share/darknet_ros_msgs/cmake/ament_cmake_export_libraries-extras.cmake
[10.347s] -- Up-to-date symlink: /home/jetson/ros2_ws/install/darknet_ros_msgs/share/darknet_ros_msgs/cmake/ament_cmake_export_targets-extras.cmake
[10.349s] -- Up-to-date symlink: /home/jetson/ros2_ws/install/darknet_ros_msgs/share/darknet_ros_msgs/cmake/ament_cmake_export_include_directories-extras.cmake
[10.351s] -- Up-to-date symlink: /home/jetson/ros2_ws/install/darknet_ros_msgs/share/darknet_ros_msgs/cmake/rosidl_cmake_export_typesupport_libraries-extras.cmake
[10.353s] -- Up-to-date symlink: /home/jetson/ros2_ws/install/darknet_ros_msgs/share/darknet_ros_msgs/cmake/rosidl_cmake_export_typesupport_targets-extras.cmake
[10.355s] -- Up-to-date symlink: /home/jetson/ros2_ws/install/darknet_ros_msgs/share/darknet_ros_msgs/cmake/darknet_ros_msgsConfig.cmake
[10.357s] -- Up-to-date symlink: /home/jetson/ros2_ws/install/darknet_ros_msgs/share/darknet_ros_msgs/cmake/darknet_ros_msgsConfig-version.cmake
[10.359s] -- Up-to-date symlink: /home/jetson/ros2_ws/install/darknet_ros_msgs/share/darknet_ros_msgs/package.xml
[10.362s] -- Up-to-date: /home/jetson/ros2_ws/install/darknet_ros_msgs/lib/libdarknet_ros_msgs__rosidl_generator_c.so
[10.364s] -- Up-to-date: /home/jetson/ros2_ws/install/darknet_ros_msgs/lib/libdarknet_ros_msgs__rosidl_typesupport_introspection_c.so
[10.367s] -- Up-to-date: /home/jetson/ros2_ws/install/darknet_ros_msgs/lib/libdarknet_ros_msgs__rosidl_typesupport_c.so
[10.370s] -- Up-to-date: /home/jetson/ros2_ws/install/darknet_ros_msgs/lib/libdarknet_ros_msgs__rosidl_typesupport_introspection_cpp.so
[10.372s] -- Up-to-date: /home/jetson/ros2_ws/install/darknet_ros_msgs/lib/libdarknet_ros_msgs__rosidl_typesupport_cpp.so
[10.510s] Compiling '/home/jetson/ros2_ws/install/darknet_ros_msgs/lib/python3.8/site-packages/darknet_ros_msgs/__init__.py'...
[10.539s] -- Up-to-date: /home/jetson/ros2_ws/install/darknet_ros_msgs/share/darknet_ros_msgs/cmake/darknet_ros_msgs__rosidl_generator_cExport.cmake
[10.541s] -- Installing: /home/jetson/ros2_ws/install/darknet_ros_msgs/share/darknet_ros_msgs/cmake/darknet_ros_msgs__rosidl_generator_cExport-relwithdebinfo.cmake
[10.543s] -- Up-to-date: /home/jetson/ros2_ws/install/darknet_ros_msgs/share/darknet_ros_msgs/cmake/darknet_ros_msgs__rosidl_typesupport_introspection_cExport.cmake
[10.544s] -- Installing: /home/jetson/ros2_ws/install/darknet_ros_msgs/share/darknet_ros_msgs/cmake/darknet_ros_msgs__rosidl_typesupport_introspection_cExport-relwithdebinfo.cmake
[10.547s] -- Up-to-date: /home/jetson/ros2_ws/install/darknet_ros_msgs/share/darknet_ros_msgs/cmake/darknet_ros_msgs__rosidl_typesupport_cExport.cmake
[10.547s] -- Installing: /home/jetson/ros2_ws/install/darknet_ros_msgs/share/darknet_ros_msgs/cmake/darknet_ros_msgs__rosidl_typesupport_cExport-relwithdebinfo.cmake
[10.549s] -- Up-to-date: /home/jetson/ros2_ws/install/darknet_ros_msgs/share/darknet_ros_msgs/cmake/darknet_ros_msgs__rosidl_generator_cppExport.cmake
[10.551s] -- Up-to-date: /home/jetson/ros2_ws/install/darknet_ros_msgs/share/darknet_ros_msgs/cmake/darknet_ros_msgs__rosidl_typesupport_introspection_cppExport.cmake
[10.551s] -- Installing: /home/jetson/ros2_ws/install/darknet_ros_msgs/share/darknet_ros_msgs/cmake/darknet_ros_msgs__rosidl_typesupport_introspection_cppExport-relwithdebinfo.cmake
[10.555s] -- Up-to-date: /home/jetson/ros2_ws/install/darknet_ros_msgs/share/darknet_ros_msgs/cmake/darknet_ros_msgs__rosidl_typesupport_cppExport.cmake
[10.556s] -- Installing: /home/jetson/ros2_ws/install/darknet_ros_msgs/share/darknet_ros_msgs/cmake/darknet_ros_msgs__rosidl_typesupport_cppExport-relwithdebinfo.cmake
[10.573s] Invoked command in '/home/jetson/ros2_ws/build/darknet_ros_msgs' returned '0': CMAKE_PREFIX_PATH=/opt/ros/foxy /usr/local/bin/cmake --install /home/jetson/ros2_ws/build/darknet_ros_msgs
