running develop
/usr/local/lib/python3.8/dist-packages/setuptools/command/easy_install.py:144: EasyInstallDeprecationWarning: easy_install command is deprecated. Use build and pip and other standards-based tools.
  warnings.warn(
/usr/local/lib/python3.8/dist-packages/setuptools/command/install.py:34: SetuptoolsDeprecationWarning: setup.py install is deprecated. Use build and pip and other standards-based tools.
  warnings.warn(
/usr/local/lib/python3.8/dist-packages/pkg_resources/__init__.py:123: PkgResourcesDeprecationWarning: 0.1.36ubuntu1 is an invalid version and will not be supported in a future release
  warnings.warn(
/usr/local/lib/python3.8/dist-packages/pkg_resources/__init__.py:123: PkgResourcesDeprecationWarning: 0.23ubuntu1 is an invalid version and will not be supported in a future release
  warnings.warn(
Removing /home/jetson/ros2_ws/install/cvdeneme/lib/python3.8/site-packages/cvdeneme.egg-link (link to .)
running egg_info
writing ../../build/cvdeneme/cvdeneme.egg-info/PKG-INFO
writing dependency_links to ../../build/cvdeneme/cvdeneme.egg-info/dependency_links.txt
writing entry points to ../../build/cvdeneme/cvdeneme.egg-info/entry_points.txt
writing requirements to ../../build/cvdeneme/cvdeneme.egg-info/requires.txt
writing top-level names to ../../build/cvdeneme/cvdeneme.egg-info/top_level.txt
reading manifest file '../../build/cvdeneme/cvdeneme.egg-info/SOURCES.txt'
writing manifest file '../../build/cvdeneme/cvdeneme.egg-info/SOURCES.txt'
running build
running build_py
creating /home/jetson/ros2_ws/build/cvdeneme/build
creating /home/jetson/ros2_ws/build/cvdeneme/build/lib
creating /home/jetson/ros2_ws/build/cvdeneme/build/lib/cvdeneme
copying cvdeneme/humancount.py -> /home/jetson/ros2_ws/build/cvdeneme/build/lib/cvdeneme
copying cvdeneme/__init__.py -> /home/jetson/ros2_ws/build/cvdeneme/build/lib/cvdeneme
running install
/usr/local/lib/python3.8/dist-packages/setuptools/command/install.py:34: SetuptoolsDeprecationWarning: setup.py install is deprecated. Use build and pip and other standards-based tools.
  warnings.warn(
running install_lib
creating /home/jetson/ros2_ws/install/cvdeneme/lib/python3.8/site-packages/cvdeneme
copying /home/jetson/ros2_ws/build/cvdeneme/build/lib/cvdeneme/humancount.py -> /home/jetson/ros2_ws/install/cvdeneme/lib/python3.8/site-packages/cvdeneme
copying /home/jetson/ros2_ws/build/cvdeneme/build/lib/cvdeneme/__init__.py -> /home/jetson/ros2_ws/install/cvdeneme/lib/python3.8/site-packages/cvdeneme
byte-compiling /home/jetson/ros2_ws/install/cvdeneme/lib/python3.8/site-packages/cvdeneme/humancount.py to humancount.cpython-38.pyc
byte-compiling /home/jetson/ros2_ws/install/cvdeneme/lib/python3.8/site-packages/cvdeneme/__init__.py to __init__.cpython-38.pyc
running install_data
running install_egg_info
Copying ../../build/cvdeneme/cvdeneme.egg-info to /home/jetson/ros2_ws/install/cvdeneme/lib/python3.8/site-packages/cvdeneme-0.0.0-py3.8.egg-info
running install_scripts
Installing cvdnm2 script to /home/jetson/ros2_ws/install/cvdeneme/lib/cvdeneme
writing list of installed files to '/home/jetson/ros2_ws/build/cvdeneme/install.log'
