[17.355s] Invoking command in '/home/jetson/ros2_ws/build/count': CMAKE_PREFIX_PATH=/home/jetson/ros2_ws/install/darknet_ros_msgs:/home/jetson/ros2_ws/install/px4_ros_com:/home/jetson/ros2_ws/install/px4_msgs:/home/jetson/ros2_ws/install/darknet_ros LD_LIBRARY_PATH=/home/jetson/ros2_ws/install/darknet_ros_msgs/lib:/home/jetson/ros2_ws/install/px4_ros_com/lib:/home/jetson/ros2_ws/install/px4_msgs/lib:/home/jetson/ros2_ws/install/darknet_ros/lib:/opt/ros/foxy/opt/yaml_cpp_vendor/lib:/opt/ros/foxy/opt/rviz_ogre_vendor/lib:/opt/ros/foxy/lib/aarch64-linux-gnu:/opt/ros/foxy/lib PYTHONPATH=/home/jetson/ros2_ws/install/count/lib/python3.8/site-packages:/home/jetson/ros2_ws/install/darknet_ros_msgs/lib/python3.8/site-packages:/home/jetson/ros2_ws/build/yolo_den:/home/jetson/ros2_ws/install/yolo_den/lib/python3.8/site-packages:/home/jetson/ros2_ws/install/px4_msgs/lib/python3.8/site-packages:/home/jetson/ros2_ws/build/count:/home/jetson/ros2_ws/install/count/lib/python3.8/site-packages:/home/jetson/ros2_ws/build/cvdeneme:/home/jetson/ros2_ws/install/cvdeneme/lib/python3.8/site-packages:/opt/ros/foxy/lib/python3.8/site-packages /usr/bin/python3 setup.py develop --prefix /home/jetson/ros2_ws/install/count --uninstall --editable --build-directory /home/jetson/ros2_ws/build/count/build
[23.689s] running develop
[23.691s] /usr/local/lib/python3.8/dist-packages/setuptools/command/easy_install.py:144: EasyInstallDeprecationWarning: easy_install command is deprecated. Use build and pip and other standards-based tools.
[23.691s]   warnings.warn(
[24.831s] /usr/local/lib/python3.8/dist-packages/setuptools/command/install.py:34: SetuptoolsDeprecationWarning: setup.py install is deprecated. Use build and pip and other standards-based tools.
[24.832s]   warnings.warn(
[26.904s] /usr/local/lib/python3.8/dist-packages/pkg_resources/__init__.py:123: PkgResourcesDeprecationWarning: 0.1.36ubuntu1 is an invalid version and will not be supported in a future release
[26.905s]   warnings.warn(
[26.905s] /usr/local/lib/python3.8/dist-packages/pkg_resources/__init__.py:123: PkgResourcesDeprecationWarning: 0.23ubuntu1 is an invalid version and will not be supported in a future release
[26.906s]   warnings.warn(
[27.652s] Removing /home/jetson/ros2_ws/install/count/lib/python3.8/site-packages/count.egg-link (link to .)
[27.921s] Invoked command in '/home/jetson/ros2_ws/build/count' returned '0': CMAKE_PREFIX_PATH=/home/jetson/ros2_ws/install/darknet_ros_msgs:/home/jetson/ros2_ws/install/px4_ros_com:/home/jetson/ros2_ws/install/px4_msgs:/home/jetson/ros2_ws/install/darknet_ros LD_LIBRARY_PATH=/home/jetson/ros2_ws/install/darknet_ros_msgs/lib:/home/jetson/ros2_ws/install/px4_ros_com/lib:/home/jetson/ros2_ws/install/px4_msgs/lib:/home/jetson/ros2_ws/install/darknet_ros/lib:/opt/ros/foxy/opt/yaml_cpp_vendor/lib:/opt/ros/foxy/opt/rviz_ogre_vendor/lib:/opt/ros/foxy/lib/aarch64-linux-gnu:/opt/ros/foxy/lib PYTHONPATH=/home/jetson/ros2_ws/install/count/lib/python3.8/site-packages:/home/jetson/ros2_ws/install/darknet_ros_msgs/lib/python3.8/site-packages:/home/jetson/ros2_ws/build/yolo_den:/home/jetson/ros2_ws/install/yolo_den/lib/python3.8/site-packages:/home/jetson/ros2_ws/install/px4_msgs/lib/python3.8/site-packages:/home/jetson/ros2_ws/build/count:/home/jetson/ros2_ws/install/count/lib/python3.8/site-packages:/home/jetson/ros2_ws/build/cvdeneme:/home/jetson/ros2_ws/install/cvdeneme/lib/python3.8/site-packages:/opt/ros/foxy/lib/python3.8/site-packages /usr/bin/python3 setup.py develop --prefix /home/jetson/ros2_ws/install/count --uninstall --editable --build-directory /home/jetson/ros2_ws/build/count/build
[27.931s] Invoking command in '/home/jetson/ros2_ws/src/count': CMAKE_PREFIX_PATH=/home/jetson/ros2_ws/install/darknet_ros_msgs:/home/jetson/ros2_ws/install/px4_ros_com:/home/jetson/ros2_ws/install/px4_msgs:/home/jetson/ros2_ws/install/darknet_ros LD_LIBRARY_PATH=/home/jetson/ros2_ws/install/darknet_ros_msgs/lib:/home/jetson/ros2_ws/install/px4_ros_com/lib:/home/jetson/ros2_ws/install/px4_msgs/lib:/home/jetson/ros2_ws/install/darknet_ros/lib:/opt/ros/foxy/opt/yaml_cpp_vendor/lib:/opt/ros/foxy/opt/rviz_ogre_vendor/lib:/opt/ros/foxy/lib/aarch64-linux-gnu:/opt/ros/foxy/lib PYTHONPATH=/home/jetson/ros2_ws/install/count/lib/python3.8/site-packages:/home/jetson/ros2_ws/install/darknet_ros_msgs/lib/python3.8/site-packages:/home/jetson/ros2_ws/build/yolo_den:/home/jetson/ros2_ws/install/yolo_den/lib/python3.8/site-packages:/home/jetson/ros2_ws/install/px4_msgs/lib/python3.8/site-packages:/home/jetson/ros2_ws/build/count:/home/jetson/ros2_ws/install/count/lib/python3.8/site-packages:/home/jetson/ros2_ws/build/cvdeneme:/home/jetson/ros2_ws/install/cvdeneme/lib/python3.8/site-packages:/opt/ros/foxy/lib/python3.8/site-packages /usr/bin/python3 setup.py egg_info --egg-base ../../build/count build --build-base /home/jetson/ros2_ws/build/count/build install --prefix /home/jetson/ros2_ws/install/count --record /home/jetson/ros2_ws/build/count/install.log --single-version-externally-managed
[35.436s] running egg_info
[36.017s] writing ../../build/count/count.egg-info/PKG-INFO
[36.448s] writing dependency_links to ../../build/count/count.egg-info/dependency_links.txt
[37.760s] writing entry points to ../../build/count/count.egg-info/entry_points.txt
[38.675s] writing requirements to ../../build/count/count.egg-info/requires.txt
[39.112s] writing top-level names to ../../build/count/count.egg-info/top_level.txt
[39.839s] reading manifest file '../../build/count/count.egg-info/SOURCES.txt'
[39.848s] writing manifest file '../../build/count/count.egg-info/SOURCES.txt'
[39.850s] running build
[39.850s] running build_py
[39.851s] creating /home/jetson/ros2_ws/build/count/build
[39.852s] creating /home/jetson/ros2_ws/build/count/build/lib
[39.854s] creating /home/jetson/ros2_ws/build/count/build/lib/count
[39.855s] copying count/counter.py -> /home/jetson/ros2_ws/build/count/build/lib/count
[39.855s] copying count/__init__.py -> /home/jetson/ros2_ws/build/count/build/lib/count
[39.858s] running install
[39.860s] /usr/local/lib/python3.8/dist-packages/setuptools/command/install.py:34: SetuptoolsDeprecationWarning: setup.py install is deprecated. Use build and pip and other standards-based tools.
[39.860s]   warnings.warn(
[39.892s] running install_lib
[40.451s] creating /home/jetson/ros2_ws/install/count/lib/python3.8/site-packages/count
[40.451s] copying /home/jetson/ros2_ws/build/count/build/lib/count/counter.py -> /home/jetson/ros2_ws/install/count/lib/python3.8/site-packages/count
[40.452s] copying /home/jetson/ros2_ws/build/count/build/lib/count/__init__.py -> /home/jetson/ros2_ws/install/count/lib/python3.8/site-packages/count
[40.454s] byte-compiling /home/jetson/ros2_ws/install/count/lib/python3.8/site-packages/count/counter.py to counter.cpython-38.pyc
[40.458s] byte-compiling /home/jetson/ros2_ws/install/count/lib/python3.8/site-packages/count/__init__.py to __init__.cpython-38.pyc
[40.459s] running install_data
[40.563s] running install_egg_info
[41.110s] Copying ../../build/count/count.egg-info to /home/jetson/ros2_ws/install/count/lib/python3.8/site-packages/count-0.0.0-py3.8.egg-info
[41.119s] running install_scripts
[42.032s] Installing cou script to /home/jetson/ros2_ws/install/count/lib/count
[42.035s] writing list of installed files to '/home/jetson/ros2_ws/build/count/install.log'
[42.296s] Invoked command in '/home/jetson/ros2_ws/src/count' returned '0': CMAKE_PREFIX_PATH=/home/jetson/ros2_ws/install/darknet_ros_msgs:/home/jetson/ros2_ws/install/px4_ros_com:/home/jetson/ros2_ws/install/px4_msgs:/home/jetson/ros2_ws/install/darknet_ros LD_LIBRARY_PATH=/home/jetson/ros2_ws/install/darknet_ros_msgs/lib:/home/jetson/ros2_ws/install/px4_ros_com/lib:/home/jetson/ros2_ws/install/px4_msgs/lib:/home/jetson/ros2_ws/install/darknet_ros/lib:/opt/ros/foxy/opt/yaml_cpp_vendor/lib:/opt/ros/foxy/opt/rviz_ogre_vendor/lib:/opt/ros/foxy/lib/aarch64-linux-gnu:/opt/ros/foxy/lib PYTHONPATH=/home/jetson/ros2_ws/install/count/lib/python3.8/site-packages:/home/jetson/ros2_ws/install/darknet_ros_msgs/lib/python3.8/site-packages:/home/jetson/ros2_ws/build/yolo_den:/home/jetson/ros2_ws/install/yolo_den/lib/python3.8/site-packages:/home/jetson/ros2_ws/install/px4_msgs/lib/python3.8/site-packages:/home/jetson/ros2_ws/build/count:/home/jetson/ros2_ws/install/count/lib/python3.8/site-packages:/home/jetson/ros2_ws/build/cvdeneme:/home/jetson/ros2_ws/install/cvdeneme/lib/python3.8/site-packages:/opt/ros/foxy/lib/python3.8/site-packages /usr/bin/python3 setup.py egg_info --egg-base ../../build/count build --build-base /home/jetson/ros2_ws/build/count/build install --prefix /home/jetson/ros2_ws/install/count --record /home/jetson/ros2_ws/build/count/install.log --single-version-externally-managed
