[11.831s] Invoking command in '/home/jetson/ros2_ws/build/count': AMENT_PREFIX_PATH=/home/jetson/ros2_ws/install/darknet_ros_msgs:${AMENT_PREFIX_PATH} CMAKE_PREFIX_PATH=/home/jetson/ros2_ws/install/darknet_ros_msgs LD_LIBRARY_PATH=/home/jetson/ros2_ws/install/darknet_ros_msgs/lib:${LD_LIBRARY_PATH} PYTHONPATH=/home/jetson/ros2_ws/install/count/lib/python3.8/site-packages:/home/jetson/ros2_ws/install/darknet_ros_msgs/lib/python3.8/site-packages:${PYTHONPATH} /usr/bin/python3 setup.py develop --prefix /home/jetson/ros2_ws/install/count --editable --build-directory /home/jetson/ros2_ws/build/count/build --no-deps install_data --install-dir /home/jetson/ros2_ws/install/count
[17.226s] running develop
[17.228s] /usr/local/lib/python3.8/dist-packages/setuptools/command/easy_install.py:144: EasyInstallDeprecationWarning: easy_install command is deprecated. Use build and pip and other standards-based tools.
[17.228s]   warnings.warn(
[18.011s] /usr/local/lib/python3.8/dist-packages/setuptools/command/install.py:34: SetuptoolsDeprecationWarning: setup.py install is deprecated. Use build and pip and other standards-based tools.
[18.012s]   warnings.warn(
[20.172s] /usr/local/lib/python3.8/dist-packages/pkg_resources/__init__.py:123: PkgResourcesDeprecationWarning: 0.1.36ubuntu1 is an invalid version and will not be supported in a future release
[20.173s]   warnings.warn(
[20.174s] /usr/local/lib/python3.8/dist-packages/pkg_resources/__init__.py:123: PkgResourcesDeprecationWarning: 0.23ubuntu1 is an invalid version and will not be supported in a future release
[20.174s]   warnings.warn(
[20.867s] running egg_info
[21.376s] writing count.egg-info/PKG-INFO
[22.010s] writing dependency_links to count.egg-info/dependency_links.txt
[24.561s] writing entry points to count.egg-info/entry_points.txt
[26.376s] writing requirements to count.egg-info/requires.txt
[27.241s] writing top-level names to count.egg-info/top_level.txt
[28.605s] reading manifest file 'count.egg-info/SOURCES.txt'
[28.614s] writing manifest file 'count.egg-info/SOURCES.txt'
[30.610s] running build_ext
[30.611s] Creating /home/jetson/ros2_ws/install/count/lib/python3.8/site-packages/count.egg-link (link to .)
[30.615s] Installing cou script to /home/jetson/ros2_ws/install/count/lib/count
[30.616s] 
[30.616s] Installed /home/jetson/ros2_ws/build/count
[30.617s] running install_data
[31.291s] Invoked command in '/home/jetson/ros2_ws/build/count' returned '0': AMENT_PREFIX_PATH=/home/jetson/ros2_ws/install/darknet_ros_msgs:${AMENT_PREFIX_PATH} CMAKE_PREFIX_PATH=/home/jetson/ros2_ws/install/darknet_ros_msgs LD_LIBRARY_PATH=/home/jetson/ros2_ws/install/darknet_ros_msgs/lib:${LD_LIBRARY_PATH} PYTHONPATH=/home/jetson/ros2_ws/install/count/lib/python3.8/site-packages:/home/jetson/ros2_ws/install/darknet_ros_msgs/lib/python3.8/site-packages:${PYTHONPATH} /usr/bin/python3 setup.py develop --prefix /home/jetson/ros2_ws/install/count --editable --build-directory /home/jetson/ros2_ws/build/count/build --no-deps install_data --install-dir /home/jetson/ros2_ws/install/count
