[15.260s] Invoking command in '/home/jetson/ros2_ws/build/yolo_den': PYTHONPATH=/home/jetson/ros2_ws/install/yolo_den/lib/python3.8/site-packages:${PYTHONPATH} /usr/bin/python3 setup.py develop --prefix /home/jetson/ros2_ws/install/yolo_den --editable --build-directory /home/jetson/ros2_ws/build/yolo_den/build --no-deps install_data --install-dir /home/jetson/ros2_ws/install/yolo_den
[16.782s] /usr/local/lib/python3.8/dist-packages/setuptools/dist.py:772: UserWarning: Usage of dash-separated 'script-dir' will not be supported in future versions. Please use the underscore name 'script_dir' instead
[16.783s]   warnings.warn(
[16.785s] /usr/local/lib/python3.8/dist-packages/setuptools/dist.py:772: UserWarning: Usage of dash-separated 'install-scripts' will not be supported in future versions. Please use the underscore name 'install_scripts' instead
[16.785s]   warnings.warn(
[20.512s] running develop
[20.520s] /usr/local/lib/python3.8/dist-packages/setuptools/command/easy_install.py:144: EasyInstallDeprecationWarning: easy_install command is deprecated. Use build and pip and other standards-based tools.
[20.520s]   warnings.warn(
[21.386s] /usr/local/lib/python3.8/dist-packages/setuptools/command/install.py:34: SetuptoolsDeprecationWarning: setup.py install is deprecated. Use build and pip and other standards-based tools.
[21.387s]   warnings.warn(
[23.132s] /usr/local/lib/python3.8/dist-packages/pkg_resources/__init__.py:123: PkgResourcesDeprecationWarning: 0.1.36ubuntu1 is an invalid version and will not be supported in a future release
[23.132s]   warnings.warn(
[23.133s] /usr/local/lib/python3.8/dist-packages/pkg_resources/__init__.py:123: PkgResourcesDeprecationWarning: 0.23ubuntu1 is an invalid version and will not be supported in a future release
[23.134s]   warnings.warn(
[23.725s] running egg_info
[24.148s] writing yolo_den.egg-info/PKG-INFO
[24.506s] writing dependency_links to yolo_den.egg-info/dependency_links.txt
[25.694s] writing entry points to yolo_den.egg-info/entry_points.txt
[26.454s] writing requirements to yolo_den.egg-info/requires.txt
[26.841s] writing top-level names to yolo_den.egg-info/top_level.txt
[27.437s] reading manifest file 'yolo_den.egg-info/SOURCES.txt'
[27.445s] writing manifest file 'yolo_den.egg-info/SOURCES.txt'
[28.106s] running build_ext
[28.107s] Creating /home/jetson/ros2_ws/install/yolo_den/lib/python3.8/site-packages/yolo-den.egg-link (link to .)
[28.111s] Installing ysub2 script to /home/jetson/ros2_ws/install/yolo_den/lib/yolo_den
[28.112s] 
[28.113s] Installed /home/jetson/ros2_ws/build/yolo_den
[28.113s] running install_data
[28.377s] Invoked command in '/home/jetson/ros2_ws/build/yolo_den' returned '0': PYTHONPATH=/home/jetson/ros2_ws/install/yolo_den/lib/python3.8/site-packages:${PYTHONPATH} /usr/bin/python3 setup.py develop --prefix /home/jetson/ros2_ws/install/yolo_den --editable --build-directory /home/jetson/ros2_ws/build/yolo_den/build --no-deps install_data --install-dir /home/jetson/ros2_ws/install/yolo_den
