/usr/local/lib/python3.8/dist-packages/setuptools/dist.py:772: UserWarning: Usage of dash-separated 'script-dir' will not be supported in future versions. Please use the underscore name 'script_dir' instead
  warnings.warn(
/usr/local/lib/python3.8/dist-packages/setuptools/dist.py:772: UserWarning: Usage of dash-separated 'install-scripts' will not be supported in future versions. Please use the underscore name 'install_scripts' instead
  warnings.warn(
running egg_info
creating ../build/humancount/humancount.egg-info
writing ../build/humancount/humancount.egg-info/PKG-INFO
writing dependency_links to ../build/humancount/humancount.egg-info/dependency_links.txt
writing requirements to ../build/humancount/humancount.egg-info/requires.txt
writing top-level names to ../build/humancount/humancount.egg-info/top_level.txt
writing manifest file '../build/humancount/humancount.egg-info/SOURCES.txt'
reading manifest file '../build/humancount/humancount.egg-info/SOURCES.txt'
writing manifest file '../build/humancount/humancount.egg-info/SOURCES.txt'
running build
running build_py
creating /home/jetson/ros2_ws/build/humancount/build
creating /home/jetson/ros2_ws/build/humancount/build/lib
creating /home/jetson/ros2_ws/build/humancount/build/lib/humancount
copying humancount/__init__.py -> /home/jetson/ros2_ws/build/humancount/build/lib/humancount
running install
/usr/local/lib/python3.8/dist-packages/setuptools/command/install.py:34: SetuptoolsDeprecationWarning: setup.py install is deprecated. Use build and pip and other standards-based tools.
  warnings.warn(
running install_lib
creating /home/jetson/ros2_ws/install/humancount/lib/python3.8/site-packages/humancount
copying /home/jetson/ros2_ws/build/humancount/build/lib/humancount/__init__.py -> /home/jetson/ros2_ws/install/humancount/lib/python3.8/site-packages/humancount
byte-compiling /home/jetson/ros2_ws/install/humancount/lib/python3.8/site-packages/humancount/__init__.py to __init__.cpython-38.pyc
running install_data
creating /home/jetson/ros2_ws/install/humancount/share/ament_index
creating /home/jetson/ros2_ws/install/humancount/share/ament_index/resource_index
creating /home/jetson/ros2_ws/install/humancount/share/ament_index/resource_index/packages
copying resource/humancount -> /home/jetson/ros2_ws/install/humancount/share/ament_index/resource_index/packages
copying package.xml -> /home/jetson/ros2_ws/install/humancount/share/humancount
running install_egg_info
Copying ../build/humancount/humancount.egg-info to /home/jetson/ros2_ws/install/humancount/lib/python3.8/site-packages/humancount-0.0.0-py3.8.egg-info
running install_scripts
writing list of installed files to '/home/jetson/ros2_ws/build/humancount/install.log'
