[14.050s] Invoking command in '/home/jetson/ros2_ws/src/build/humancount': AMENT_PREFIX_PATH=/home/jetson/ros2_ws/src/install/darknet_ros_msgs:${AMENT_PREFIX_PATH} CMAKE_PREFIX_PATH=/home/jetson/ros2_ws/src/install/darknet_ros_msgs:${CMAKE_PREFIX_PATH} LD_LIBRARY_PATH=/home/jetson/ros2_ws/src/install/darknet_ros_msgs/lib:${LD_LIBRARY_PATH} PYTHONPATH=/home/jetson/ros2_ws/src/install/humancount/lib/python3.8/site-packages:/home/jetson/ros2_ws/src/install/darknet_ros_msgs/lib/python3.8/site-packages:${PYTHONPATH} /usr/bin/python3 setup.py develop --prefix /home/jetson/ros2_ws/src/install/humancount --uninstall --editable --build-directory /home/jetson/ros2_ws/src/build/humancount/build
[16.174s] /usr/local/lib/python3.8/dist-packages/setuptools/dist.py:772: UserWarning: Usage of dash-separated 'script-dir' will not be supported in future versions. Please use the underscore name 'script_dir' instead
[16.174s]   warnings.warn(
[16.177s] /usr/local/lib/python3.8/dist-packages/setuptools/dist.py:772: UserWarning: Usage of dash-separated 'install-scripts' will not be supported in future versions. Please use the underscore name 'install_scripts' instead
[16.178s]   warnings.warn(
[20.463s] running develop
[20.466s] /usr/local/lib/python3.8/dist-packages/setuptools/command/easy_install.py:144: EasyInstallDeprecationWarning: easy_install command is deprecated. Use build and pip and other standards-based tools.
[20.466s]   warnings.warn(
[21.535s] /usr/local/lib/python3.8/dist-packages/setuptools/command/install.py:34: SetuptoolsDeprecationWarning: setup.py install is deprecated. Use build and pip and other standards-based tools.
[21.535s]   warnings.warn(
[23.569s] /usr/local/lib/python3.8/dist-packages/pkg_resources/__init__.py:123: PkgResourcesDeprecationWarning: 0.1.36ubuntu1 is an invalid version and will not be supported in a future release
[23.570s]   warnings.warn(
[23.571s] /usr/local/lib/python3.8/dist-packages/pkg_resources/__init__.py:123: PkgResourcesDeprecationWarning: 0.23ubuntu1 is an invalid version and will not be supported in a future release
[23.572s]   warnings.warn(
[24.615s] Invoked command in '/home/jetson/ros2_ws/src/build/humancount' returned '0': AMENT_PREFIX_PATH=/home/jetson/ros2_ws/src/install/darknet_ros_msgs:${AMENT_PREFIX_PATH} CMAKE_PREFIX_PATH=/home/jetson/ros2_ws/src/install/darknet_ros_msgs:${CMAKE_PREFIX_PATH} LD_LIBRARY_PATH=/home/jetson/ros2_ws/src/install/darknet_ros_msgs/lib:${LD_LIBRARY_PATH} PYTHONPATH=/home/jetson/ros2_ws/src/install/humancount/lib/python3.8/site-packages:/home/jetson/ros2_ws/src/install/darknet_ros_msgs/lib/python3.8/site-packages:${PYTHONPATH} /usr/bin/python3 setup.py develop --prefix /home/jetson/ros2_ws/src/install/humancount --uninstall --editable --build-directory /home/jetson/ros2_ws/src/build/humancount/build
[24.620s] Invoking command in '/home/jetson/ros2_ws/src/humancount': AMENT_PREFIX_PATH=/home/jetson/ros2_ws/src/install/darknet_ros_msgs:${AMENT_PREFIX_PATH} CMAKE_PREFIX_PATH=/home/jetson/ros2_ws/src/install/darknet_ros_msgs:${CMAKE_PREFIX_PATH} LD_LIBRARY_PATH=/home/jetson/ros2_ws/src/install/darknet_ros_msgs/lib:${LD_LIBRARY_PATH} PYTHONPATH=/home/jetson/ros2_ws/src/install/humancount/lib/python3.8/site-packages:/home/jetson/ros2_ws/src/install/darknet_ros_msgs/lib/python3.8/site-packages:${PYTHONPATH} /usr/bin/python3 setup.py egg_info --egg-base ../build/humancount build --build-base /home/jetson/ros2_ws/src/build/humancount/build install --prefix /home/jetson/ros2_ws/src/install/humancount --record /home/jetson/ros2_ws/src/build/humancount/install.log --single-version-externally-managed
[26.663s] /usr/local/lib/python3.8/dist-packages/setuptools/dist.py:772: UserWarning: Usage of dash-separated 'script-dir' will not be supported in future versions. Please use the underscore name 'script_dir' instead
[26.664s]   warnings.warn(
[26.669s] /usr/local/lib/python3.8/dist-packages/setuptools/dist.py:772: UserWarning: Usage of dash-separated 'install-scripts' will not be supported in future versions. Please use the underscore name 'install_scripts' instead
[26.670s]   warnings.warn(
[31.980s] running egg_info
[32.520s] writing ../build/humancount/humancount.egg-info/PKG-INFO
[32.935s] writing dependency_links to ../build/humancount/humancount.egg-info/dependency_links.txt
[34.219s] writing entry points to ../build/humancount/humancount.egg-info/entry_points.txt
[35.068s] writing requirements to ../build/humancount/humancount.egg-info/requires.txt
[35.483s] writing top-level names to ../build/humancount/humancount.egg-info/top_level.txt
[36.244s] reading manifest file '../build/humancount/humancount.egg-info/SOURCES.txt'
[36.248s] writing manifest file '../build/humancount/humancount.egg-info/SOURCES.txt'
[36.249s] running build
[36.250s] running build_py
[36.250s] running install
[36.253s] /usr/local/lib/python3.8/dist-packages/setuptools/command/install.py:34: SetuptoolsDeprecationWarning: setup.py install is deprecated. Use build and pip and other standards-based tools.
[36.255s]   warnings.warn(
[36.289s] running install_lib
[36.812s] byte-compiling /home/jetson/ros2_ws/src/install/humancount/lib/python3.8/site-packages/humancount/hum.py to hum.cpython-38.pyc
[36.816s] byte-compiling /home/jetson/ros2_ws/src/install/humancount/lib/python3.8/site-packages/humancount/__init__.py to __init__.cpython-38.pyc
[36.816s] running install_data
[36.935s] running install_egg_info
[37.475s] removing '/home/jetson/ros2_ws/src/install/humancount/lib/python3.8/site-packages/humancount-0.0.0-py3.8.egg-info' (and everything under it)
[37.476s] Copying ../build/humancount/humancount.egg-info to /home/jetson/ros2_ws/src/install/humancount/lib/python3.8/site-packages/humancount-0.0.0-py3.8.egg-info
[37.482s] running install_scripts
[38.404s] Installing hum script to /home/jetson/ros2_ws/src/install/humancount/lib/humancount
[38.406s] writing list of installed files to '/home/jetson/ros2_ws/src/build/humancount/install.log'
[38.695s] Invoked command in '/home/jetson/ros2_ws/src/humancount' returned '0': AMENT_PREFIX_PATH=/home/jetson/ros2_ws/src/install/darknet_ros_msgs:${AMENT_PREFIX_PATH} CMAKE_PREFIX_PATH=/home/jetson/ros2_ws/src/install/darknet_ros_msgs:${CMAKE_PREFIX_PATH} LD_LIBRARY_PATH=/home/jetson/ros2_ws/src/install/darknet_ros_msgs/lib:${LD_LIBRARY_PATH} PYTHONPATH=/home/jetson/ros2_ws/src/install/humancount/lib/python3.8/site-packages:/home/jetson/ros2_ws/src/install/darknet_ros_msgs/lib/python3.8/site-packages:${PYTHONPATH} /usr/bin/python3 setup.py egg_info --egg-base ../build/humancount build --build-base /home/jetson/ros2_ws/src/build/humancount/build install --prefix /home/jetson/ros2_ws/src/install/humancount --record /home/jetson/ros2_ws/src/build/humancount/install.log --single-version-externally-managed
