openjdk version "11.0.15" 2022-04-19
OpenJDK Runtime Environment (build 11.0.15+10-Ubuntu-0ubuntu0.20.04.1)
OpenJDK 64-Bit Server VM (build 11.0.15+10-Ubuntu-0ubuntu0.20.04.1, mixed mode)
openjdk version "11.0.15" 2022-04-19
OpenJDK Runtime Environment (build 11.0.15+10-Ubuntu-0ubuntu0.20.04.1)
OpenJDK 64-Bit Server VM (build 11.0.15+10-Ubuntu-0ubuntu0.20.04.1, mixed mode)
make[2]: Warning: File '/usr/local/bin' has modification time 5640320 s in the future
make[2]: Warning: File '/home/jetson/ros2_ws/src/px4_ros_com/src/examples/offboard/setpoint.cpp' has modification time 6302227 s in the future
make[2]: Warning: File '/home/jetson/ros2_ws/src/px4_ros_com/src/examples/offboard/offboard_control.cpp' has modification time 6295503 s in the future
make[2]: Warning: File '/home/jetson/ros2_ws/src/px4_ros_com/src/lib/frame_transforms.cpp' has modification time 6295503 s in the future
[01m[K/home/jetson/ros2_ws/src/px4_ros_com/src/examples/offboard/setpoint.cpp:[m[K In lambda function:
[01m[K/home/jetson/ros2_ws/src/px4_ros_com/src/examples/offboard/setpoint.cpp:73:22:[m[K [01;35m[Kwarning: [m[Kcomparison of integer expressions of different signedness: ‘[01m[Kint[m[K’ and ‘[01m[Kstd::vector<std::vector<float> >::size_type[m[K’ {aka ‘[01m[Klong unsigned int[m[K’} [[01;35m[K-Wsign-compare[m[K]
    if ([01;35m[KwaypointIndex >= waypoints.size()[m[K)
        [01;35m[K~~~~~~~~~~~~~~^~~~~~~~~~~~~~~~~~~[m[K
make[2]: warning:  Clock skew detected.  Your build may be incomplete.
make[2]: Warning: File '/usr/local/bin' has modification time 5640278 s in the future
make[2]: warning:  Clock skew detected.  Your build may be incomplete.
make[2]: warning:  Clock skew detected.  Your build may be incomplete.
make[2]: Warning: File '/home/jetson/ros2_ws/src/px4_ros_com/src/examples/listeners/vehicle_gps_position_listener.cpp' has modification time 6295409 s in the future
make[2]: Warning: File '/home/jetson/ros2_ws/src/px4_ros_com/src/examples/advertisers/debug_vect_advertiser.cpp' has modification time 6295407 s in the future
make[2]: warning:  Clock skew detected.  Your build may be incomplete.
make[2]: warning:  Clock skew detected.  Your build may be incomplete.
make[2]: Warning: File '/home/jetson/ros2_ws/src/px4_ros_com/src/examples/listeners/sensor_combined_listener.cpp' has modification time 6295361 s in the future
make[2]: warning:  Clock skew detected.  Your build may be incomplete.
make[2]: warning:  Clock skew detected.  Your build may be incomplete.
make[2]: warning:  Clock skew detected.  Your build may be incomplete.
