[3.136s] DEBUG:colcon:Command line arguments: ['/usr/bin/colcon', 'build', '--packages-select', 'humancount', '--symlink-install']
[3.136s] DEBUG:colcon:Parsed command line arguments: Namespace(allow_overriding=[], ament_cmake_args=None, base_paths=['.'], build_base='build', catkin_cmake_args=None, catkin_skip_building_tests=False, cmake_args=None, cmake_clean_cache=False, cmake_clean_first=False, cmake_force_configure=False, cmake_target=None, cmake_target_skip_unavailable=False, continue_on_error=False, event_handlers=None, executor='parallel', ignore_user_meta=False, install_base='install', log_base=None, log_level=None, main=<bound method BuildVerb.main of <colcon_core.verb.build.BuildVerb object at 0x7f81b60c40>>, merge_install=False, metas=['./colcon.meta'], packages_above=None, packages_above_and_dependencies=None, packages_above_depth=None, packages_end=None, packages_ignore=None, packages_ignore_regex=None, packages_select=['humancount'], packages_select_build_failed=False, packages_select_by_dep=None, packages_select_regex=None, packages_select_test_failures=False, packages_skip=None, packages_skip_build_finished=False, packages_skip_by_dep=None, packages_skip_regex=None, packages_skip_test_passed=False, packages_skip_up_to=None, packages_start=None, packages_up_to=None, packages_up_to_regex=None, parallel_workers=4, paths=None, symlink_install=True, test_result_base=None, verb_extension=<colcon_core.verb.build.BuildVerb object at 0x7f81b60c40>, verb_name='build', verb_parser=<colcon_defaults.argument_parser.defaults.DefaultArgumentsDecorator object at 0x7f819e31f0>)
[3.660s] Level 1:colcon.colcon_core.package_discovery:discover_packages(colcon_meta) check parameters
[3.661s] Level 1:colcon.colcon_core.package_discovery:discover_packages(recursive) check parameters
[3.661s] Level 1:colcon.colcon_core.package_discovery:discover_packages(ignore) check parameters
[3.661s] Level 1:colcon.colcon_core.package_discovery:discover_packages(path) check parameters
[3.661s] Level 1:colcon.colcon_core.package_discovery:discover_packages(colcon_meta) discover
[3.662s] Level 1:colcon.colcon_core.package_discovery:discover_packages(recursive) discover
[3.662s] INFO:colcon.colcon_core.package_discovery:Crawling recursively for packages in '/home/jetson/ros2_ws'
[3.662s] Level 1:colcon.colcon_core.package_identification:_identify(.) by extensions ['ignore', 'ignore_ament_install']
[3.663s] Level 1:colcon.colcon_core.package_identification:_identify(.) by extension 'ignore'
[3.663s] Level 1:colcon.colcon_core.package_identification:_identify(.) by extension 'ignore_ament_install'
[3.663s] Level 1:colcon.colcon_core.package_identification:_identify(.) by extensions ['colcon_pkg']
[3.663s] Level 1:colcon.colcon_core.package_identification:_identify(.) by extension 'colcon_pkg'
[3.664s] Level 1:colcon.colcon_core.package_identification:_identify(.) by extensions ['colcon_meta']
[3.664s] Level 1:colcon.colcon_core.package_identification:_identify(.) by extension 'colcon_meta'
[3.664s] Level 1:colcon.colcon_core.package_identification:_identify(.) by extensions ['ros']
[3.664s] Level 1:colcon.colcon_core.package_identification:_identify(.) by extension 'ros'
[3.763s] Level 1:colcon.colcon_core.package_identification:_identify(.) by extensions ['cmake', 'python']
[3.763s] Level 1:colcon.colcon_core.package_identification:_identify(.) by extension 'cmake'
[3.763s] Level 1:colcon.colcon_core.package_identification:_identify(.) by extension 'python'
[3.764s] Level 1:colcon.colcon_core.package_identification:_identify(.) by extensions ['python_setup_py']
[3.764s] Level 1:colcon.colcon_core.package_identification:_identify(.) by extension 'python_setup_py'
[3.765s] Level 1:colcon.colcon_core.package_identification:_identify(build) by extensions ['ignore', 'ignore_ament_install']
[3.765s] Level 1:colcon.colcon_core.package_identification:_identify(build) by extension 'ignore'
[3.765s] Level 1:colcon.colcon_core.package_identification:_identify(build) ignored
[3.766s] Level 1:colcon.colcon_core.package_identification:_identify(install) by extensions ['ignore', 'ignore_ament_install']
[3.767s] Level 1:colcon.colcon_core.package_identification:_identify(install) by extension 'ignore'
[3.767s] Level 1:colcon.colcon_core.package_identification:_identify(install) ignored
[3.768s] Level 1:colcon.colcon_core.package_identification:_identify(log) by extensions ['ignore', 'ignore_ament_install']
[3.768s] Level 1:colcon.colcon_core.package_identification:_identify(log) by extension 'ignore'
[3.768s] Level 1:colcon.colcon_core.package_identification:_identify(log) ignored
[3.768s] Level 1:colcon.colcon_core.package_identification:_identify(src) by extensions ['ignore', 'ignore_ament_install']
[3.769s] Level 1:colcon.colcon_core.package_identification:_identify(src) by extension 'ignore'
[3.769s] Level 1:colcon.colcon_core.package_identification:_identify(src) by extension 'ignore_ament_install'
[3.769s] Level 1:colcon.colcon_core.package_identification:_identify(src) by extensions ['colcon_pkg']
[3.769s] Level 1:colcon.colcon_core.package_identification:_identify(src) by extension 'colcon_pkg'
[3.770s] Level 1:colcon.colcon_core.package_identification:_identify(src) by extensions ['colcon_meta']
[3.770s] Level 1:colcon.colcon_core.package_identification:_identify(src) by extension 'colcon_meta'
[3.770s] Level 1:colcon.colcon_core.package_identification:_identify(src) by extensions ['ros']
[3.770s] Level 1:colcon.colcon_core.package_identification:_identify(src) by extension 'ros'
[3.771s] Level 1:colcon.colcon_core.package_identification:_identify(src) by extensions ['cmake', 'python']
[3.771s] Level 1:colcon.colcon_core.package_identification:_identify(src) by extension 'cmake'
[3.771s] Level 1:colcon.colcon_core.package_identification:_identify(src) by extension 'python'
[3.771s] Level 1:colcon.colcon_core.package_identification:_identify(src) by extensions ['python_setup_py']
[3.771s] Level 1:colcon.colcon_core.package_identification:_identify(src) by extension 'python_setup_py'
[3.772s] Level 1:colcon.colcon_core.package_identification:_identify(src/build) by extensions ['ignore', 'ignore_ament_install']
[3.772s] Level 1:colcon.colcon_core.package_identification:_identify(src/build) by extension 'ignore'
[3.772s] Level 1:colcon.colcon_core.package_identification:_identify(src/build) ignored
[3.773s] Level 1:colcon.colcon_core.package_identification:_identify(src/darknet_ros_yolov4) by extensions ['ignore', 'ignore_ament_install']
[3.773s] Level 1:colcon.colcon_core.package_identification:_identify(src/darknet_ros_yolov4) by extension 'ignore'
[3.774s] Level 1:colcon.colcon_core.package_identification:_identify(src/darknet_ros_yolov4) by extension 'ignore_ament_install'
[3.774s] Level 1:colcon.colcon_core.package_identification:_identify(src/darknet_ros_yolov4) by extensions ['colcon_pkg']
[3.775s] Level 1:colcon.colcon_core.package_identification:_identify(src/darknet_ros_yolov4) by extension 'colcon_pkg'
[3.776s] Level 1:colcon.colcon_core.package_identification:_identify(src/darknet_ros_yolov4) by extensions ['colcon_meta']
[3.776s] Level 1:colcon.colcon_core.package_identification:_identify(src/darknet_ros_yolov4) by extension 'colcon_meta'
[3.776s] Level 1:colcon.colcon_core.package_identification:_identify(src/darknet_ros_yolov4) by extensions ['ros']
[3.777s] Level 1:colcon.colcon_core.package_identification:_identify(src/darknet_ros_yolov4) by extension 'ros'
[3.777s] Level 1:colcon.colcon_core.package_identification:_identify(src/darknet_ros_yolov4) by extensions ['cmake', 'python']
[3.778s] Level 1:colcon.colcon_core.package_identification:_identify(src/darknet_ros_yolov4) by extension 'cmake'
[3.778s] Level 1:colcon.colcon_core.package_identification:_identify(src/darknet_ros_yolov4) by extension 'python'
[3.778s] Level 1:colcon.colcon_core.package_identification:_identify(src/darknet_ros_yolov4) by extensions ['python_setup_py']
[3.779s] Level 1:colcon.colcon_core.package_identification:_identify(src/darknet_ros_yolov4) by extension 'python_setup_py'
[3.779s] Level 1:colcon.colcon_core.package_identification:_identify(src/darknet_ros_yolov4/darknet_ros) by extensions ['ignore', 'ignore_ament_install']
[3.780s] Level 1:colcon.colcon_core.package_identification:_identify(src/darknet_ros_yolov4/darknet_ros) by extension 'ignore'
[3.780s] Level 1:colcon.colcon_core.package_identification:_identify(src/darknet_ros_yolov4/darknet_ros) by extension 'ignore_ament_install'
[3.781s] Level 1:colcon.colcon_core.package_identification:_identify(src/darknet_ros_yolov4/darknet_ros) by extensions ['colcon_pkg']
[3.781s] Level 1:colcon.colcon_core.package_identification:_identify(src/darknet_ros_yolov4/darknet_ros) by extension 'colcon_pkg'
[3.781s] Level 1:colcon.colcon_core.package_identification:_identify(src/darknet_ros_yolov4/darknet_ros) by extensions ['colcon_meta']
[3.782s] Level 1:colcon.colcon_core.package_identification:_identify(src/darknet_ros_yolov4/darknet_ros) by extension 'colcon_meta'
[3.782s] Level 1:colcon.colcon_core.package_identification:_identify(src/darknet_ros_yolov4/darknet_ros) by extensions ['ros']
[3.782s] Level 1:colcon.colcon_core.package_identification:_identify(src/darknet_ros_yolov4/darknet_ros) by extension 'ros'
[3.783s] Level 1:colcon.colcon_core.package_identification:_identify(src/darknet_ros_yolov4/darknet_ros) by extensions ['cmake', 'python']
[3.783s] Level 1:colcon.colcon_core.package_identification:_identify(src/darknet_ros_yolov4/darknet_ros) by extension 'cmake'
[3.783s] Level 1:colcon.colcon_core.package_identification:_identify(src/darknet_ros_yolov4/darknet_ros) by extension 'python'
[3.784s] Level 1:colcon.colcon_core.package_identification:_identify(src/darknet_ros_yolov4/darknet_ros) by extensions ['python_setup_py']
[3.784s] Level 1:colcon.colcon_core.package_identification:_identify(src/darknet_ros_yolov4/darknet_ros) by extension 'python_setup_py'
[3.785s] Level 1:colcon.colcon_core.package_identification:_identify(src/darknet_ros_yolov4/darknet_ros/darknet) by extensions ['ignore', 'ignore_ament_install']
[3.785s] Level 1:colcon.colcon_core.package_identification:_identify(src/darknet_ros_yolov4/darknet_ros/darknet) by extension 'ignore'
[3.786s] Level 1:colcon.colcon_core.package_identification:_identify(src/darknet_ros_yolov4/darknet_ros/darknet) by extension 'ignore_ament_install'
[3.786s] Level 1:colcon.colcon_core.package_identification:_identify(src/darknet_ros_yolov4/darknet_ros/darknet) by extensions ['colcon_pkg']
[3.787s] Level 1:colcon.colcon_core.package_identification:_identify(src/darknet_ros_yolov4/darknet_ros/darknet) by extension 'colcon_pkg'
[3.787s] Level 1:colcon.colcon_core.package_identification:_identify(src/darknet_ros_yolov4/darknet_ros/darknet) by extensions ['colcon_meta']
[3.787s] Level 1:colcon.colcon_core.package_identification:_identify(src/darknet_ros_yolov4/darknet_ros/darknet) by extension 'colcon_meta'
[3.788s] Level 1:colcon.colcon_core.package_identification:_identify(src/darknet_ros_yolov4/darknet_ros/darknet) by extensions ['ros']
[3.788s] Level 1:colcon.colcon_core.package_identification:_identify(src/darknet_ros_yolov4/darknet_ros/darknet) by extension 'ros'
[3.788s] Level 1:colcon.colcon_core.package_identification:_identify(src/darknet_ros_yolov4/darknet_ros/darknet) by extensions ['cmake', 'python']
[3.789s] Level 1:colcon.colcon_core.package_identification:_identify(src/darknet_ros_yolov4/darknet_ros/darknet) by extension 'cmake'
[3.789s] Level 1:colcon.colcon_core.package_identification:_identify(src/darknet_ros_yolov4/darknet_ros/darknet) by extension 'python'
[3.789s] Level 1:colcon.colcon_core.package_identification:_identify(src/darknet_ros_yolov4/darknet_ros/darknet) by extensions ['python_setup_py']
[3.790s] Level 1:colcon.colcon_core.package_identification:_identify(src/darknet_ros_yolov4/darknet_ros/darknet) by extension 'python_setup_py'
[3.795s] Level 1:colcon.colcon_core.package_identification:_identify(src/darknet_ros_yolov4/darknet_ros/darknet/3rdparty) by extensions ['ignore', 'ignore_ament_install']
[3.796s] Level 1:colcon.colcon_core.package_identification:_identify(src/darknet_ros_yolov4/darknet_ros/darknet/3rdparty) by extension 'ignore'
[3.796s] Level 1:colcon.colcon_core.package_identification:_identify(src/darknet_ros_yolov4/darknet_ros/darknet/3rdparty) by extension 'ignore_ament_install'
[3.797s] Level 1:colcon.colcon_core.package_identification:_identify(src/darknet_ros_yolov4/darknet_ros/darknet/3rdparty) by extensions ['colcon_pkg']
[3.797s] Level 1:colcon.colcon_core.package_identification:_identify(src/darknet_ros_yolov4/darknet_ros/darknet/3rdparty) by extension 'colcon_pkg'
[3.798s] Level 1:colcon.colcon_core.package_identification:_identify(src/darknet_ros_yolov4/darknet_ros/darknet/3rdparty) by extensions ['colcon_meta']
[3.798s] Level 1:colcon.colcon_core.package_identification:_identify(src/darknet_ros_yolov4/darknet_ros/darknet/3rdparty) by extension 'colcon_meta'
[3.799s] Level 1:colcon.colcon_core.package_identification:_identify(src/darknet_ros_yolov4/darknet_ros/darknet/3rdparty) by extensions ['ros']
[3.799s] Level 1:colcon.colcon_core.package_identification:_identify(src/darknet_ros_yolov4/darknet_ros/darknet/3rdparty) by extension 'ros'
[3.799s] Level 1:colcon.colcon_core.package_identification:_identify(src/darknet_ros_yolov4/darknet_ros/darknet/3rdparty) by extensions ['cmake', 'python']
[3.800s] Level 1:colcon.colcon_core.package_identification:_identify(src/darknet_ros_yolov4/darknet_ros/darknet/3rdparty) by extension 'cmake'
[3.800s] Level 1:colcon.colcon_core.package_identification:_identify(src/darknet_ros_yolov4/darknet_ros/darknet/3rdparty) by extension 'python'
[3.800s] Level 1:colcon.colcon_core.package_identification:_identify(src/darknet_ros_yolov4/darknet_ros/darknet/3rdparty) by extensions ['python_setup_py']
[3.800s] Level 1:colcon.colcon_core.package_identification:_identify(src/darknet_ros_yolov4/darknet_ros/darknet/3rdparty) by extension 'python_setup_py'
[3.802s] Level 1:colcon.colcon_core.package_identification:_identify(src/darknet_ros_yolov4/darknet_ros/darknet/3rdparty/pthreads) by extensions ['ignore', 'ignore_ament_install']
[3.803s] Level 1:colcon.colcon_core.package_identification:_identify(src/darknet_ros_yolov4/darknet_ros/darknet/3rdparty/pthreads) by extension 'ignore'
[3.804s] Level 1:colcon.colcon_core.package_identification:_identify(src/darknet_ros_yolov4/darknet_ros/darknet/3rdparty/pthreads) by extension 'ignore_ament_install'
[3.804s] Level 1:colcon.colcon_core.package_identification:_identify(src/darknet_ros_yolov4/darknet_ros/darknet/3rdparty/pthreads) by extensions ['colcon_pkg']
[3.804s] Level 1:colcon.colcon_core.package_identification:_identify(src/darknet_ros_yolov4/darknet_ros/darknet/3rdparty/pthreads) by extension 'colcon_pkg'
[3.805s] Level 1:colcon.colcon_core.package_identification:_identify(src/darknet_ros_yolov4/darknet_ros/darknet/3rdparty/pthreads) by extensions ['colcon_meta']
[3.805s] Level 1:colcon.colcon_core.package_identification:_identify(src/darknet_ros_yolov4/darknet_ros/darknet/3rdparty/pthreads) by extension 'colcon_meta'
[3.805s] Level 1:colcon.colcon_core.package_identification:_identify(src/darknet_ros_yolov4/darknet_ros/darknet/3rdparty/pthreads) by extensions ['ros']
[3.806s] Level 1:colcon.colcon_core.package_identification:_identify(src/darknet_ros_yolov4/darknet_ros/darknet/3rdparty/pthreads) by extension 'ros'
[3.806s] Level 1:colcon.colcon_core.package_identification:_identify(src/darknet_ros_yolov4/darknet_ros/darknet/3rdparty/pthreads) by extensions ['cmake', 'python']
[3.807s] Level 1:colcon.colcon_core.package_identification:_identify(src/darknet_ros_yolov4/darknet_ros/darknet/3rdparty/pthreads) by extension 'cmake'
[3.807s] Level 1:colcon.colcon_core.package_identification:_identify(src/darknet_ros_yolov4/darknet_ros/darknet/3rdparty/pthreads) by extension 'python'
[3.807s] Level 1:colcon.colcon_core.package_identification:_identify(src/darknet_ros_yolov4/darknet_ros/darknet/3rdparty/pthreads) by extensions ['python_setup_py']
[3.808s] Level 1:colcon.colcon_core.package_identification:_identify(src/darknet_ros_yolov4/darknet_ros/darknet/3rdparty/pthreads) by extension 'python_setup_py'
[3.811s] Level 1:colcon.colcon_core.package_identification:_identify(src/darknet_ros_yolov4/darknet_ros/darknet/3rdparty/pthreads/bin) by extensions ['ignore', 'ignore_ament_install']
[3.812s] Level 1:colcon.colcon_core.package_identification:_identify(src/darknet_ros_yolov4/darknet_ros/darknet/3rdparty/pthreads/bin) by extension 'ignore'
[3.813s] Level 1:colcon.colcon_core.package_identification:_identify(src/darknet_ros_yolov4/darknet_ros/darknet/3rdparty/pthreads/bin) by extension 'ignore_ament_install'
[3.813s] Level 1:colcon.colcon_core.package_identification:_identify(src/darknet_ros_yolov4/darknet_ros/darknet/3rdparty/pthreads/bin) by extensions ['colcon_pkg']
[3.814s] Level 1:colcon.colcon_core.package_identification:_identify(src/darknet_ros_yolov4/darknet_ros/darknet/3rdparty/pthreads/bin) by extension 'colcon_pkg'
[3.814s] Level 1:colcon.colcon_core.package_identification:_identify(src/darknet_ros_yolov4/darknet_ros/darknet/3rdparty/pthreads/bin) by extensions ['colcon_meta']
[3.814s] Level 1:colcon.colcon_core.package_identification:_identify(src/darknet_ros_yolov4/darknet_ros/darknet/3rdparty/pthreads/bin) by extension 'colcon_meta'
[3.815s] Level 1:colcon.colcon_core.package_identification:_identify(src/darknet_ros_yolov4/darknet_ros/darknet/3rdparty/pthreads/bin) by extensions ['ros']
[3.815s] Level 1:colcon.colcon_core.package_identification:_identify(src/darknet_ros_yolov4/darknet_ros/darknet/3rdparty/pthreads/bin) by extension 'ros'
[3.816s] Level 1:colcon.colcon_core.package_identification:_identify(src/darknet_ros_yolov4/darknet_ros/darknet/3rdparty/pthreads/bin) by extensions ['cmake', 'python']
[3.816s] Level 1:colcon.colcon_core.package_identification:_identify(src/darknet_ros_yolov4/darknet_ros/darknet/3rdparty/pthreads/bin) by extension 'cmake'
[3.816s] Level 1:colcon.colcon_core.package_identification:_identify(src/darknet_ros_yolov4/darknet_ros/darknet/3rdparty/pthreads/bin) by extension 'python'
[3.817s] Level 1:colcon.colcon_core.package_identification:_identify(src/darknet_ros_yolov4/darknet_ros/darknet/3rdparty/pthreads/bin) by extensions ['python_setup_py']
[3.817s] Level 1:colcon.colcon_core.package_identification:_identify(src/darknet_ros_yolov4/darknet_ros/darknet/3rdparty/pthreads/bin) by extension 'python_setup_py'
[3.818s] Level 1:colcon.colcon_core.package_identification:_identify(src/darknet_ros_yolov4/darknet_ros/darknet/3rdparty/pthreads/include) by extensions ['ignore', 'ignore_ament_install']
[3.819s] Level 1:colcon.colcon_core.package_identification:_identify(src/darknet_ros_yolov4/darknet_ros/darknet/3rdparty/pthreads/include) by extension 'ignore'
[3.819s] Level 1:colcon.colcon_core.package_identification:_identify(src/darknet_ros_yolov4/darknet_ros/darknet/3rdparty/pthreads/include) by extension 'ignore_ament_install'
[3.819s] Level 1:colcon.colcon_core.package_identification:_identify(src/darknet_ros_yolov4/darknet_ros/darknet/3rdparty/pthreads/include) by extensions ['colcon_pkg']
[3.819s] Level 1:colcon.colcon_core.package_identification:_identify(src/darknet_ros_yolov4/darknet_ros/darknet/3rdparty/pthreads/include) by extension 'colcon_pkg'
[3.820s] Level 1:colcon.colcon_core.package_identification:_identify(src/darknet_ros_yolov4/darknet_ros/darknet/3rdparty/pthreads/include) by extensions ['colcon_meta']
[3.820s] Level 1:colcon.colcon_core.package_identification:_identify(src/darknet_ros_yolov4/darknet_ros/darknet/3rdparty/pthreads/include) by extension 'colcon_meta'
[3.820s] Level 1:colcon.colcon_core.package_identification:_identify(src/darknet_ros_yolov4/darknet_ros/darknet/3rdparty/pthreads/include) by extensions ['ros']
[3.820s] Level 1:colcon.colcon_core.package_identification:_identify(src/darknet_ros_yolov4/darknet_ros/darknet/3rdparty/pthreads/include) by extension 'ros'
[3.821s] Level 1:colcon.colcon_core.package_identification:_identify(src/darknet_ros_yolov4/darknet_ros/darknet/3rdparty/pthreads/include) by extensions ['cmake', 'python']
[3.821s] Level 1:colcon.colcon_core.package_identification:_identify(src/darknet_ros_yolov4/darknet_ros/darknet/3rdparty/pthreads/include) by extension 'cmake'
[3.821s] Level 1:colcon.colcon_core.package_identification:_identify(src/darknet_ros_yolov4/darknet_ros/darknet/3rdparty/pthreads/include) by extension 'python'
[3.822s] Level 1:colcon.colcon_core.package_identification:_identify(src/darknet_ros_yolov4/darknet_ros/darknet/3rdparty/pthreads/include) by extensions ['python_setup_py']
[3.822s] Level 1:colcon.colcon_core.package_identification:_identify(src/darknet_ros_yolov4/darknet_ros/darknet/3rdparty/pthreads/include) by extension 'python_setup_py'
[3.823s] Level 1:colcon.colcon_core.package_identification:_identify(src/darknet_ros_yolov4/darknet_ros/darknet/3rdparty/pthreads/lib) by extensions ['ignore', 'ignore_ament_install']
[3.824s] Level 1:colcon.colcon_core.package_identification:_identify(src/darknet_ros_yolov4/darknet_ros/darknet/3rdparty/pthreads/lib) by extension 'ignore'
[3.825s] Level 1:colcon.colcon_core.package_identification:_identify(src/darknet_ros_yolov4/darknet_ros/darknet/3rdparty/pthreads/lib) by extension 'ignore_ament_install'
[3.826s] Level 1:colcon.colcon_core.package_identification:_identify(src/darknet_ros_yolov4/darknet_ros/darknet/3rdparty/pthreads/lib) by extensions ['colcon_pkg']
[3.826s] Level 1:colcon.colcon_core.package_identification:_identify(src/darknet_ros_yolov4/darknet_ros/darknet/3rdparty/pthreads/lib) by extension 'colcon_pkg'
[3.826s] Level 1:colcon.colcon_core.package_identification:_identify(src/darknet_ros_yolov4/darknet_ros/darknet/3rdparty/pthreads/lib) by extensions ['colcon_meta']
[3.827s] Level 1:colcon.colcon_core.package_identification:_identify(src/darknet_ros_yolov4/darknet_ros/darknet/3rdparty/pthreads/lib) by extension 'colcon_meta'
[3.827s] Level 1:colcon.colcon_core.package_identification:_identify(src/darknet_ros_yolov4/darknet_ros/darknet/3rdparty/pthreads/lib) by extensions ['ros']
[3.828s] Level 1:colcon.colcon_core.package_identification:_identify(src/darknet_ros_yolov4/darknet_ros/darknet/3rdparty/pthreads/lib) by extension 'ros'
[3.829s] Level 1:colcon.colcon_core.package_identification:_identify(src/darknet_ros_yolov4/darknet_ros/darknet/3rdparty/pthreads/lib) by extensions ['cmake', 'python']
[3.829s] Level 1:colcon.colcon_core.package_identification:_identify(src/darknet_ros_yolov4/darknet_ros/darknet/3rdparty/pthreads/lib) by extension 'cmake'
[3.830s] Level 1:colcon.colcon_core.package_identification:_identify(src/darknet_ros_yolov4/darknet_ros/darknet/3rdparty/pthreads/lib) by extension 'python'
[3.830s] Level 1:colcon.colcon_core.package_identification:_identify(src/darknet_ros_yolov4/darknet_ros/darknet/3rdparty/pthreads/lib) by extensions ['python_setup_py']
[3.830s] Level 1:colcon.colcon_core.package_identification:_identify(src/darknet_ros_yolov4/darknet_ros/darknet/3rdparty/pthreads/lib) by extension 'python_setup_py'
[3.834s] Level 1:colcon.colcon_core.package_identification:_identify(src/darknet_ros_yolov4/darknet_ros/darknet/3rdparty/stb) by extensions ['ignore', 'ignore_ament_install']
[3.834s] Level 1:colcon.colcon_core.package_identification:_identify(src/darknet_ros_yolov4/darknet_ros/darknet/3rdparty/stb) by extension 'ignore'
[3.835s] Level 1:colcon.colcon_core.package_identification:_identify(src/darknet_ros_yolov4/darknet_ros/darknet/3rdparty/stb) by extension 'ignore_ament_install'
[3.835s] Level 1:colcon.colcon_core.package_identification:_identify(src/darknet_ros_yolov4/darknet_ros/darknet/3rdparty/stb) by extensions ['colcon_pkg']
[3.835s] Level 1:colcon.colcon_core.package_identification:_identify(src/darknet_ros_yolov4/darknet_ros/darknet/3rdparty/stb) by extension 'colcon_pkg'
[3.835s] Level 1:colcon.colcon_core.package_identification:_identify(src/darknet_ros_yolov4/darknet_ros/darknet/3rdparty/stb) by extensions ['colcon_meta']
[3.835s] Level 1:colcon.colcon_core.package_identification:_identify(src/darknet_ros_yolov4/darknet_ros/darknet/3rdparty/stb) by extension 'colcon_meta'
[3.836s] Level 1:colcon.colcon_core.package_identification:_identify(src/darknet_ros_yolov4/darknet_ros/darknet/3rdparty/stb) by extensions ['ros']
[3.836s] Level 1:colcon.colcon_core.package_identification:_identify(src/darknet_ros_yolov4/darknet_ros/darknet/3rdparty/stb) by extension 'ros'
[3.836s] Level 1:colcon.colcon_core.package_identification:_identify(src/darknet_ros_yolov4/darknet_ros/darknet/3rdparty/stb) by extensions ['cmake', 'python']
[3.836s] Level 1:colcon.colcon_core.package_identification:_identify(src/darknet_ros_yolov4/darknet_ros/darknet/3rdparty/stb) by extension 'cmake'
[3.837s] Level 1:colcon.colcon_core.package_identification:_identify(src/darknet_ros_yolov4/darknet_ros/darknet/3rdparty/stb) by extension 'python'
[3.837s] Level 1:colcon.colcon_core.package_identification:_identify(src/darknet_ros_yolov4/darknet_ros/darknet/3rdparty/stb) by extensions ['python_setup_py']
[3.837s] Level 1:colcon.colcon_core.package_identification:_identify(src/darknet_ros_yolov4/darknet_ros/darknet/3rdparty/stb) by extension 'python_setup_py'
[3.838s] Level 1:colcon.colcon_core.package_identification:_identify(src/darknet_ros_yolov4/darknet_ros/darknet/3rdparty/stb/include) by extensions ['ignore', 'ignore_ament_install']
[3.839s] Level 1:colcon.colcon_core.package_identification:_identify(src/darknet_ros_yolov4/darknet_ros/darknet/3rdparty/stb/include) by extension 'ignore'
[3.839s] Level 1:colcon.colcon_core.package_identification:_identify(src/darknet_ros_yolov4/darknet_ros/darknet/3rdparty/stb/include) by extension 'ignore_ament_install'
[3.839s] Level 1:colcon.colcon_core.package_identification:_identify(src/darknet_ros_yolov4/darknet_ros/darknet/3rdparty/stb/include) by extensions ['colcon_pkg']
[3.839s] Level 1:colcon.colcon_core.package_identification:_identify(src/darknet_ros_yolov4/darknet_ros/darknet/3rdparty/stb/include) by extension 'colcon_pkg'
[3.840s] Level 1:colcon.colcon_core.package_identification:_identify(src/darknet_ros_yolov4/darknet_ros/darknet/3rdparty/stb/include) by extensions ['colcon_meta']
[3.840s] Level 1:colcon.colcon_core.package_identification:_identify(src/darknet_ros_yolov4/darknet_ros/darknet/3rdparty/stb/include) by extension 'colcon_meta'
[3.840s] Level 1:colcon.colcon_core.package_identification:_identify(src/darknet_ros_yolov4/darknet_ros/darknet/3rdparty/stb/include) by extensions ['ros']
[3.841s] Level 1:colcon.colcon_core.package_identification:_identify(src/darknet_ros_yolov4/darknet_ros/darknet/3rdparty/stb/include) by extension 'ros'
[3.841s] Level 1:colcon.colcon_core.package_identification:_identify(src/darknet_ros_yolov4/darknet_ros/darknet/3rdparty/stb/include) by extensions ['cmake', 'python']
[3.842s] Level 1:colcon.colcon_core.package_identification:_identify(src/darknet_ros_yolov4/darknet_ros/darknet/3rdparty/stb/include) by extension 'cmake'
[3.842s] Level 1:colcon.colcon_core.package_identification:_identify(src/darknet_ros_yolov4/darknet_ros/darknet/3rdparty/stb/include) by extension 'python'
[3.842s] Level 1:colcon.colcon_core.package_identification:_identify(src/darknet_ros_yolov4/darknet_ros/darknet/3rdparty/stb/include) by extensions ['python_setup_py']
[3.843s] Level 1:colcon.colcon_core.package_identification:_identify(src/darknet_ros_yolov4/darknet_ros/darknet/3rdparty/stb/include) by extension 'python_setup_py'
[3.843s] Level 1:colcon.colcon_core.package_identification:_identify(src/darknet_ros_yolov4/darknet_ros/darknet/build) by extensions ['ignore', 'ignore_ament_install']
[3.844s] Level 1:colcon.colcon_core.package_identification:_identify(src/darknet_ros_yolov4/darknet_ros/darknet/build) by extension 'ignore'
[3.844s] Level 1:colcon.colcon_core.package_identification:_identify(src/darknet_ros_yolov4/darknet_ros/darknet/build) by extension 'ignore_ament_install'
[3.844s] Level 1:colcon.colcon_core.package_identification:_identify(src/darknet_ros_yolov4/darknet_ros/darknet/build) by extensions ['colcon_pkg']
[3.844s] Level 1:colcon.colcon_core.package_identification:_identify(src/darknet_ros_yolov4/darknet_ros/darknet/build) by extension 'colcon_pkg'
[3.844s] Level 1:colcon.colcon_core.package_identification:_identify(src/darknet_ros_yolov4/darknet_ros/darknet/build) by extensions ['colcon_meta']
[3.845s] Level 1:colcon.colcon_core.package_identification:_identify(src/darknet_ros_yolov4/darknet_ros/darknet/build) by extension 'colcon_meta'
[3.845s] Level 1:colcon.colcon_core.package_identification:_identify(src/darknet_ros_yolov4/darknet_ros/darknet/build) by extensions ['ros']
[3.845s] Level 1:colcon.colcon_core.package_identification:_identify(src/darknet_ros_yolov4/darknet_ros/darknet/build) by extension 'ros'
[3.845s] Level 1:colcon.colcon_core.package_identification:_identify(src/darknet_ros_yolov4/darknet_ros/darknet/build) by extensions ['cmake', 'python']
[3.846s] Level 1:colcon.colcon_core.package_identification:_identify(src/darknet_ros_yolov4/darknet_ros/darknet/build) by extension 'cmake'
[3.846s] Level 1:colcon.colcon_core.package_identification:_identify(src/darknet_ros_yolov4/darknet_ros/darknet/build) by extension 'python'
[3.846s] Level 1:colcon.colcon_core.package_identification:_identify(src/darknet_ros_yolov4/darknet_ros/darknet/build) by extensions ['python_setup_py']
[3.846s] Level 1:colcon.colcon_core.package_identification:_identify(src/darknet_ros_yolov4/darknet_ros/darknet/build) by extension 'python_setup_py'
[3.847s] Level 1:colcon.colcon_core.package_identification:_identify(src/darknet_ros_yolov4/darknet_ros/darknet/build/darknet) by extensions ['ignore', 'ignore_ament_install']
[3.847s] Level 1:colcon.colcon_core.package_identification:_identify(src/darknet_ros_yolov4/darknet_ros/darknet/build/darknet) by extension 'ignore'
[3.847s] Level 1:colcon.colcon_core.package_identification:_identify(src/darknet_ros_yolov4/darknet_ros/darknet/build/darknet) by extension 'ignore_ament_install'
[3.847s] Level 1:colcon.colcon_core.package_identification:_identify(src/darknet_ros_yolov4/darknet_ros/darknet/build/darknet) by extensions ['colcon_pkg']
[3.848s] Level 1:colcon.colcon_core.package_identification:_identify(src/darknet_ros_yolov4/darknet_ros/darknet/build/darknet) by extension 'colcon_pkg'
[3.848s] Level 1:colcon.colcon_core.package_identification:_identify(src/darknet_ros_yolov4/darknet_ros/darknet/build/darknet) by extensions ['colcon_meta']
[3.848s] Level 1:colcon.colcon_core.package_identification:_identify(src/darknet_ros_yolov4/darknet_ros/darknet/build/darknet) by extension 'colcon_meta'
[3.848s] Level 1:colcon.colcon_core.package_identification:_identify(src/darknet_ros_yolov4/darknet_ros/darknet/build/darknet) by extensions ['ros']
[3.848s] Level 1:colcon.colcon_core.package_identification:_identify(src/darknet_ros_yolov4/darknet_ros/darknet/build/darknet) by extension 'ros'
[3.849s] Level 1:colcon.colcon_core.package_identification:_identify(src/darknet_ros_yolov4/darknet_ros/darknet/build/darknet) by extensions ['cmake', 'python']
[3.849s] Level 1:colcon.colcon_core.package_identification:_identify(src/darknet_ros_yolov4/darknet_ros/darknet/build/darknet) by extension 'cmake'
[3.849s] Level 1:colcon.colcon_core.package_identification:_identify(src/darknet_ros_yolov4/darknet_ros/darknet/build/darknet) by extension 'python'
[3.849s] Level 1:colcon.colcon_core.package_identification:_identify(src/darknet_ros_yolov4/darknet_ros/darknet/build/darknet) by extensions ['python_setup_py']
[3.849s] Level 1:colcon.colcon_core.package_identification:_identify(src/darknet_ros_yolov4/darknet_ros/darknet/build/darknet) by extension 'python_setup_py'
[3.850s] Level 1:colcon.colcon_core.package_identification:_identify(src/darknet_ros_yolov4/darknet_ros/darknet/build/darknet/x64) by extensions ['ignore', 'ignore_ament_install']
[3.851s] Level 1:colcon.colcon_core.package_identification:_identify(src/darknet_ros_yolov4/darknet_ros/darknet/build/darknet/x64) by extension 'ignore'
[3.851s] Level 1:colcon.colcon_core.package_identification:_identify(src/darknet_ros_yolov4/darknet_ros/darknet/build/darknet/x64) by extension 'ignore_ament_install'
[3.851s] Level 1:colcon.colcon_core.package_identification:_identify(src/darknet_ros_yolov4/darknet_ros/darknet/build/darknet/x64) by extensions ['colcon_pkg']
[3.851s] Level 1:colcon.colcon_core.package_identification:_identify(src/darknet_ros_yolov4/darknet_ros/darknet/build/darknet/x64) by extension 'colcon_pkg'
[3.852s] Level 1:colcon.colcon_core.package_identification:_identify(src/darknet_ros_yolov4/darknet_ros/darknet/build/darknet/x64) by extensions ['colcon_meta']
[3.852s] Level 1:colcon.colcon_core.package_identification:_identify(src/darknet_ros_yolov4/darknet_ros/darknet/build/darknet/x64) by extension 'colcon_meta'
[3.852s] Level 1:colcon.colcon_core.package_identification:_identify(src/darknet_ros_yolov4/darknet_ros/darknet/build/darknet/x64) by extensions ['ros']
[3.852s] Level 1:colcon.colcon_core.package_identification:_identify(src/darknet_ros_yolov4/darknet_ros/darknet/build/darknet/x64) by extension 'ros'
[3.853s] Level 1:colcon.colcon_core.package_identification:_identify(src/darknet_ros_yolov4/darknet_ros/darknet/build/darknet/x64) by extensions ['cmake', 'python']
[3.853s] Level 1:colcon.colcon_core.package_identification:_identify(src/darknet_ros_yolov4/darknet_ros/darknet/build/darknet/x64) by extension 'cmake'
[3.853s] Level 1:colcon.colcon_core.package_identification:_identify(src/darknet_ros_yolov4/darknet_ros/darknet/build/darknet/x64) by extension 'python'
[3.853s] Level 1:colcon.colcon_core.package_identification:_identify(src/darknet_ros_yolov4/darknet_ros/darknet/build/darknet/x64) by extensions ['python_setup_py']
[3.853s] Level 1:colcon.colcon_core.package_identification:_identify(src/darknet_ros_yolov4/darknet_ros/darknet/build/darknet/x64) by extension 'python_setup_py'
[3.857s] Level 1:colcon.colcon_core.package_identification:_identify(src/darknet_ros_yolov4/darknet_ros/darknet/build/darknet/x64/backup) by extensions ['ignore', 'ignore_ament_install']
[3.858s] Level 1:colcon.colcon_core.package_identification:_identify(src/darknet_ros_yolov4/darknet_ros/darknet/build/darknet/x64/backup) by extension 'ignore'
[3.858s] Level 1:colcon.colcon_core.package_identification:_identify(src/darknet_ros_yolov4/darknet_ros/darknet/build/darknet/x64/backup) by extension 'ignore_ament_install'
[3.858s] Level 1:colcon.colcon_core.package_identification:_identify(src/darknet_ros_yolov4/darknet_ros/darknet/build/darknet/x64/backup) by extensions ['colcon_pkg']
[3.859s] Level 1:colcon.colcon_core.package_identification:_identify(src/darknet_ros_yolov4/darknet_ros/darknet/build/darknet/x64/backup) by extension 'colcon_pkg'
[3.859s] Level 1:colcon.colcon_core.package_identification:_identify(src/darknet_ros_yolov4/darknet_ros/darknet/build/darknet/x64/backup) by extensions ['colcon_meta']
[3.859s] Level 1:colcon.colcon_core.package_identification:_identify(src/darknet_ros_yolov4/darknet_ros/darknet/build/darknet/x64/backup) by extension 'colcon_meta'
[3.859s] Level 1:colcon.colcon_core.package_identification:_identify(src/darknet_ros_yolov4/darknet_ros/darknet/build/darknet/x64/backup) by extensions ['ros']
[3.860s] Level 1:colcon.colcon_core.package_identification:_identify(src/darknet_ros_yolov4/darknet_ros/darknet/build/darknet/x64/backup) by extension 'ros'
[3.860s] Level 1:colcon.colcon_core.package_identification:_identify(src/darknet_ros_yolov4/darknet_ros/darknet/build/darknet/x64/backup) by extensions ['cmake', 'python']
[3.860s] Level 1:colcon.colcon_core.package_identification:_identify(src/darknet_ros_yolov4/darknet_ros/darknet/build/darknet/x64/backup) by extension 'cmake'
[3.860s] Level 1:colcon.colcon_core.package_identification:_identify(src/darknet_ros_yolov4/darknet_ros/darknet/build/darknet/x64/backup) by extension 'python'
[3.861s] Level 1:colcon.colcon_core.package_identification:_identify(src/darknet_ros_yolov4/darknet_ros/darknet/build/darknet/x64/backup) by extensions ['python_setup_py']
[3.861s] Level 1:colcon.colcon_core.package_identification:_identify(src/darknet_ros_yolov4/darknet_ros/darknet/build/darknet/x64/backup) by extension 'python_setup_py'
[3.862s] Level 1:colcon.colcon_core.package_identification:_identify(src/darknet_ros_yolov4/darknet_ros/darknet/build/darknet/x64/cfg) by extensions ['ignore', 'ignore_ament_install']
[3.862s] Level 1:colcon.colcon_core.package_identification:_identify(src/darknet_ros_yolov4/darknet_ros/darknet/build/darknet/x64/cfg) by extension 'ignore'
[3.863s] Level 1:colcon.colcon_core.package_identification:_identify(src/darknet_ros_yolov4/darknet_ros/darknet/build/darknet/x64/cfg) by extension 'ignore_ament_install'
[3.863s] Level 1:colcon.colcon_core.package_identification:_identify(src/darknet_ros_yolov4/darknet_ros/darknet/build/darknet/x64/cfg) by extensions ['colcon_pkg']
[3.863s] Level 1:colcon.colcon_core.package_identification:_identify(src/darknet_ros_yolov4/darknet_ros/darknet/build/darknet/x64/cfg) by extension 'colcon_pkg'
[3.863s] Level 1:colcon.colcon_core.package_identification:_identify(src/darknet_ros_yolov4/darknet_ros/darknet/build/darknet/x64/cfg) by extensions ['colcon_meta']
[3.863s] Level 1:colcon.colcon_core.package_identification:_identify(src/darknet_ros_yolov4/darknet_ros/darknet/build/darknet/x64/cfg) by extension 'colcon_meta'
[3.864s] Level 1:colcon.colcon_core.package_identification:_identify(src/darknet_ros_yolov4/darknet_ros/darknet/build/darknet/x64/cfg) by extensions ['ros']
[3.864s] Level 1:colcon.colcon_core.package_identification:_identify(src/darknet_ros_yolov4/darknet_ros/darknet/build/darknet/x64/cfg) by extension 'ros'
[3.864s] Level 1:colcon.colcon_core.package_identification:_identify(src/darknet_ros_yolov4/darknet_ros/darknet/build/darknet/x64/cfg) by extensions ['cmake', 'python']
[3.864s] Level 1:colcon.colcon_core.package_identification:_identify(src/darknet_ros_yolov4/darknet_ros/darknet/build/darknet/x64/cfg) by extension 'cmake'
[3.865s] Level 1:colcon.colcon_core.package_identification:_identify(src/darknet_ros_yolov4/darknet_ros/darknet/build/darknet/x64/cfg) by extension 'python'
[3.865s] Level 1:colcon.colcon_core.package_identification:_identify(src/darknet_ros_yolov4/darknet_ros/darknet/build/darknet/x64/cfg) by extensions ['python_setup_py']
[3.865s] Level 1:colcon.colcon_core.package_identification:_identify(src/darknet_ros_yolov4/darknet_ros/darknet/build/darknet/x64/cfg) by extension 'python_setup_py'
[3.866s] Level 1:colcon.colcon_core.package_identification:_identify(src/darknet_ros_yolov4/darknet_ros/darknet/build/darknet/x64/data) by extensions ['ignore', 'ignore_ament_install']
[3.866s] Level 1:colcon.colcon_core.package_identification:_identify(src/darknet_ros_yolov4/darknet_ros/darknet/build/darknet/x64/data) by extension 'ignore'
[3.866s] Level 1:colcon.colcon_core.package_identification:_identify(src/darknet_ros_yolov4/darknet_ros/darknet/build/darknet/x64/data) by extension 'ignore_ament_install'
[3.866s] Level 1:colcon.colcon_core.package_identification:_identify(src/darknet_ros_yolov4/darknet_ros/darknet/build/darknet/x64/data) by extensions ['colcon_pkg']
[3.867s] Level 1:colcon.colcon_core.package_identification:_identify(src/darknet_ros_yolov4/darknet_ros/darknet/build/darknet/x64/data) by extension 'colcon_pkg'
[3.867s] Level 1:colcon.colcon_core.package_identification:_identify(src/darknet_ros_yolov4/darknet_ros/darknet/build/darknet/x64/data) by extensions ['colcon_meta']
[3.867s] Level 1:colcon.colcon_core.package_identification:_identify(src/darknet_ros_yolov4/darknet_ros/darknet/build/darknet/x64/data) by extension 'colcon_meta'
[3.867s] Level 1:colcon.colcon_core.package_identification:_identify(src/darknet_ros_yolov4/darknet_ros/darknet/build/darknet/x64/data) by extensions ['ros']
[3.868s] Level 1:colcon.colcon_core.package_identification:_identify(src/darknet_ros_yolov4/darknet_ros/darknet/build/darknet/x64/data) by extension 'ros'
[3.868s] Level 1:colcon.colcon_core.package_identification:_identify(src/darknet_ros_yolov4/darknet_ros/darknet/build/darknet/x64/data) by extensions ['cmake', 'python']
[3.868s] Level 1:colcon.colcon_core.package_identification:_identify(src/darknet_ros_yolov4/darknet_ros/darknet/build/darknet/x64/data) by extension 'cmake'
[3.869s] Level 1:colcon.colcon_core.package_identification:_identify(src/darknet_ros_yolov4/darknet_ros/darknet/build/darknet/x64/data) by extension 'python'
[3.869s] Level 1:colcon.colcon_core.package_identification:_identify(src/darknet_ros_yolov4/darknet_ros/darknet/build/darknet/x64/data) by extensions ['python_setup_py']
[3.869s] Level 1:colcon.colcon_core.package_identification:_identify(src/darknet_ros_yolov4/darknet_ros/darknet/build/darknet/x64/data) by extension 'python_setup_py'
[3.879s] Level 1:colcon.colcon_core.package_identification:_identify(src/darknet_ros_yolov4/darknet_ros/darknet/build/darknet/x64/data/labels) by extensions ['ignore', 'ignore_ament_install']
[3.880s] Level 1:colcon.colcon_core.package_identification:_identify(src/darknet_ros_yolov4/darknet_ros/darknet/build/darknet/x64/data/labels) by extension 'ignore'
[3.881s] Level 1:colcon.colcon_core.package_identification:_identify(src/darknet_ros_yolov4/darknet_ros/darknet/build/darknet/x64/data/labels) by extension 'ignore_ament_install'
[3.881s] Level 1:colcon.colcon_core.package_identification:_identify(src/darknet_ros_yolov4/darknet_ros/darknet/build/darknet/x64/data/labels) by extensions ['colcon_pkg']
[3.881s] Level 1:colcon.colcon_core.package_identification:_identify(src/darknet_ros_yolov4/darknet_ros/darknet/build/darknet/x64/data/labels) by extension 'colcon_pkg'
[3.882s] Level 1:colcon.colcon_core.package_identification:_identify(src/darknet_ros_yolov4/darknet_ros/darknet/build/darknet/x64/data/labels) by extensions ['colcon_meta']
[3.882s] Level 1:colcon.colcon_core.package_identification:_identify(src/darknet_ros_yolov4/darknet_ros/darknet/build/darknet/x64/data/labels) by extension 'colcon_meta'
[3.883s] Level 1:colcon.colcon_core.package_identification:_identify(src/darknet_ros_yolov4/darknet_ros/darknet/build/darknet/x64/data/labels) by extensions ['ros']
[3.884s] Level 1:colcon.colcon_core.package_identification:_identify(src/darknet_ros_yolov4/darknet_ros/darknet/build/darknet/x64/data/labels) by extension 'ros'
[3.885s] Level 1:colcon.colcon_core.package_identification:_identify(src/darknet_ros_yolov4/darknet_ros/darknet/build/darknet/x64/data/labels) by extensions ['cmake', 'python']
[3.885s] Level 1:colcon.colcon_core.package_identification:_identify(src/darknet_ros_yolov4/darknet_ros/darknet/build/darknet/x64/data/labels) by extension 'cmake'
[3.885s] Level 1:colcon.colcon_core.package_identification:_identify(src/darknet_ros_yolov4/darknet_ros/darknet/build/darknet/x64/data/labels) by extension 'python'
[3.886s] Level 1:colcon.colcon_core.package_identification:_identify(src/darknet_ros_yolov4/darknet_ros/darknet/build/darknet/x64/data/labels) by extensions ['python_setup_py']
[3.886s] Level 1:colcon.colcon_core.package_identification:_identify(src/darknet_ros_yolov4/darknet_ros/darknet/build/darknet/x64/data/labels) by extension 'python_setup_py'
[3.895s] Level 1:colcon.colcon_core.package_identification:_identify(src/darknet_ros_yolov4/darknet_ros/darknet/build/darknet/x64/data/voc) by extensions ['ignore', 'ignore_ament_install']
[3.896s] Level 1:colcon.colcon_core.package_identification:_identify(src/darknet_ros_yolov4/darknet_ros/darknet/build/darknet/x64/data/voc) by extension 'ignore'
[3.897s] Level 1:colcon.colcon_core.package_identification:_identify(src/darknet_ros_yolov4/darknet_ros/darknet/build/darknet/x64/data/voc) by extension 'ignore_ament_install'
[3.898s] Level 1:colcon.colcon_core.package_identification:_identify(src/darknet_ros_yolov4/darknet_ros/darknet/build/darknet/x64/data/voc) by extensions ['colcon_pkg']
[3.898s] Level 1:colcon.colcon_core.package_identification:_identify(src/darknet_ros_yolov4/darknet_ros/darknet/build/darknet/x64/data/voc) by extension 'colcon_pkg'
[3.899s] Level 1:colcon.colcon_core.package_identification:_identify(src/darknet_ros_yolov4/darknet_ros/darknet/build/darknet/x64/data/voc) by extensions ['colcon_meta']
[3.899s] Level 1:colcon.colcon_core.package_identification:_identify(src/darknet_ros_yolov4/darknet_ros/darknet/build/darknet/x64/data/voc) by extension 'colcon_meta'
[3.900s] Level 1:colcon.colcon_core.package_identification:_identify(src/darknet_ros_yolov4/darknet_ros/darknet/build/darknet/x64/data/voc) by extensions ['ros']
[3.900s] Level 1:colcon.colcon_core.package_identification:_identify(src/darknet_ros_yolov4/darknet_ros/darknet/build/darknet/x64/data/voc) by extension 'ros'
[3.901s] Level 1:colcon.colcon_core.package_identification:_identify(src/darknet_ros_yolov4/darknet_ros/darknet/build/darknet/x64/data/voc) by extensions ['cmake', 'python']
[3.901s] Level 1:colcon.colcon_core.package_identification:_identify(src/darknet_ros_yolov4/darknet_ros/darknet/build/darknet/x64/data/voc) by extension 'cmake'
[3.901s] Level 1:colcon.colcon_core.package_identification:_identify(src/darknet_ros_yolov4/darknet_ros/darknet/build/darknet/x64/data/voc) by extension 'python'
[3.902s] Level 1:colcon.colcon_core.package_identification:_identify(src/darknet_ros_yolov4/darknet_ros/darknet/build/darknet/x64/data/voc) by extensions ['python_setup_py']
[3.902s] Level 1:colcon.colcon_core.package_identification:_identify(src/darknet_ros_yolov4/darknet_ros/darknet/build/darknet/x64/data/voc) by extension 'python_setup_py'
[3.905s] Level 1:colcon.colcon_core.package_identification:_identify(src/darknet_ros_yolov4/darknet_ros/darknet/build/darknet/x64/results) by extensions ['ignore', 'ignore_ament_install']
[3.906s] Level 1:colcon.colcon_core.package_identification:_identify(src/darknet_ros_yolov4/darknet_ros/darknet/build/darknet/x64/results) by extension 'ignore'
[3.906s] Level 1:colcon.colcon_core.package_identification:_identify(src/darknet_ros_yolov4/darknet_ros/darknet/build/darknet/x64/results) by extension 'ignore_ament_install'
[3.906s] Level 1:colcon.colcon_core.package_identification:_identify(src/darknet_ros_yolov4/darknet_ros/darknet/build/darknet/x64/results) by extensions ['colcon_pkg']
[3.906s] Level 1:colcon.colcon_core.package_identification:_identify(src/darknet_ros_yolov4/darknet_ros/darknet/build/darknet/x64/results) by extension 'colcon_pkg'
[3.907s] Level 1:colcon.colcon_core.package_identification:_identify(src/darknet_ros_yolov4/darknet_ros/darknet/build/darknet/x64/results) by extensions ['colcon_meta']
[3.907s] Level 1:colcon.colcon_core.package_identification:_identify(src/darknet_ros_yolov4/darknet_ros/darknet/build/darknet/x64/results) by extension 'colcon_meta'
[3.907s] Level 1:colcon.colcon_core.package_identification:_identify(src/darknet_ros_yolov4/darknet_ros/darknet/build/darknet/x64/results) by extensions ['ros']
[3.907s] Level 1:colcon.colcon_core.package_identification:_identify(src/darknet_ros_yolov4/darknet_ros/darknet/build/darknet/x64/results) by extension 'ros'
[3.908s] Level 1:colcon.colcon_core.package_identification:_identify(src/darknet_ros_yolov4/darknet_ros/darknet/build/darknet/x64/results) by extensions ['cmake', 'python']
[3.908s] Level 1:colcon.colcon_core.package_identification:_identify(src/darknet_ros_yolov4/darknet_ros/darknet/build/darknet/x64/results) by extension 'cmake'
[3.908s] Level 1:colcon.colcon_core.package_identification:_identify(src/darknet_ros_yolov4/darknet_ros/darknet/build/darknet/x64/results) by extension 'python'
[3.908s] Level 1:colcon.colcon_core.package_identification:_identify(src/darknet_ros_yolov4/darknet_ros/darknet/build/darknet/x64/results) by extensions ['python_setup_py']
[3.909s] Level 1:colcon.colcon_core.package_identification:_identify(src/darknet_ros_yolov4/darknet_ros/darknet/build/darknet/x64/results) by extension 'python_setup_py'
[3.910s] Level 1:colcon.colcon_core.package_identification:_identify(src/darknet_ros_yolov4/darknet_ros/darknet/cfg) by extensions ['ignore', 'ignore_ament_install']
[3.910s] Level 1:colcon.colcon_core.package_identification:_identify(src/darknet_ros_yolov4/darknet_ros/darknet/cfg) by extension 'ignore'
[3.911s] Level 1:colcon.colcon_core.package_identification:_identify(src/darknet_ros_yolov4/darknet_ros/darknet/cfg) by extension 'ignore_ament_install'
[3.911s] Level 1:colcon.colcon_core.package_identification:_identify(src/darknet_ros_yolov4/darknet_ros/darknet/cfg) by extensions ['colcon_pkg']
[3.911s] Level 1:colcon.colcon_core.package_identification:_identify(src/darknet_ros_yolov4/darknet_ros/darknet/cfg) by extension 'colcon_pkg'
[3.911s] Level 1:colcon.colcon_core.package_identification:_identify(src/darknet_ros_yolov4/darknet_ros/darknet/cfg) by extensions ['colcon_meta']
[3.911s] Level 1:colcon.colcon_core.package_identification:_identify(src/darknet_ros_yolov4/darknet_ros/darknet/cfg) by extension 'colcon_meta'
[3.912s] Level 1:colcon.colcon_core.package_identification:_identify(src/darknet_ros_yolov4/darknet_ros/darknet/cfg) by extensions ['ros']
[3.912s] Level 1:colcon.colcon_core.package_identification:_identify(src/darknet_ros_yolov4/darknet_ros/darknet/cfg) by extension 'ros'
[3.912s] Level 1:colcon.colcon_core.package_identification:_identify(src/darknet_ros_yolov4/darknet_ros/darknet/cfg) by extensions ['cmake', 'python']
[3.912s] Level 1:colcon.colcon_core.package_identification:_identify(src/darknet_ros_yolov4/darknet_ros/darknet/cfg) by extension 'cmake'
[3.913s] Level 1:colcon.colcon_core.package_identification:_identify(src/darknet_ros_yolov4/darknet_ros/darknet/cfg) by extension 'python'
[3.913s] Level 1:colcon.colcon_core.package_identification:_identify(src/darknet_ros_yolov4/darknet_ros/darknet/cfg) by extensions ['python_setup_py']
[3.913s] Level 1:colcon.colcon_core.package_identification:_identify(src/darknet_ros_yolov4/darknet_ros/darknet/cfg) by extension 'python_setup_py'
[3.916s] Level 1:colcon.colcon_core.package_identification:_identify(src/darknet_ros_yolov4/darknet_ros/darknet/cfg/yolov1) by extensions ['ignore', 'ignore_ament_install']
[3.916s] Level 1:colcon.colcon_core.package_identification:_identify(src/darknet_ros_yolov4/darknet_ros/darknet/cfg/yolov1) by extension 'ignore'
[3.917s] Level 1:colcon.colcon_core.package_identification:_identify(src/darknet_ros_yolov4/darknet_ros/darknet/cfg/yolov1) by extension 'ignore_ament_install'
[3.917s] Level 1:colcon.colcon_core.package_identification:_identify(src/darknet_ros_yolov4/darknet_ros/darknet/cfg/yolov1) by extensions ['colcon_pkg']
[3.917s] Level 1:colcon.colcon_core.package_identification:_identify(src/darknet_ros_yolov4/darknet_ros/darknet/cfg/yolov1) by extension 'colcon_pkg'
[3.917s] Level 1:colcon.colcon_core.package_identification:_identify(src/darknet_ros_yolov4/darknet_ros/darknet/cfg/yolov1) by extensions ['colcon_meta']
[3.917s] Level 1:colcon.colcon_core.package_identification:_identify(src/darknet_ros_yolov4/darknet_ros/darknet/cfg/yolov1) by extension 'colcon_meta'
[3.918s] Level 1:colcon.colcon_core.package_identification:_identify(src/darknet_ros_yolov4/darknet_ros/darknet/cfg/yolov1) by extensions ['ros']
[3.918s] Level 1:colcon.colcon_core.package_identification:_identify(src/darknet_ros_yolov4/darknet_ros/darknet/cfg/yolov1) by extension 'ros'
[3.918s] Level 1:colcon.colcon_core.package_identification:_identify(src/darknet_ros_yolov4/darknet_ros/darknet/cfg/yolov1) by extensions ['cmake', 'python']
[3.919s] Level 1:colcon.colcon_core.package_identification:_identify(src/darknet_ros_yolov4/darknet_ros/darknet/cfg/yolov1) by extension 'cmake'
[3.919s] Level 1:colcon.colcon_core.package_identification:_identify(src/darknet_ros_yolov4/darknet_ros/darknet/cfg/yolov1) by extension 'python'
[3.919s] Level 1:colcon.colcon_core.package_identification:_identify(src/darknet_ros_yolov4/darknet_ros/darknet/cfg/yolov1) by extensions ['python_setup_py']
[3.919s] Level 1:colcon.colcon_core.package_identification:_identify(src/darknet_ros_yolov4/darknet_ros/darknet/cfg/yolov1) by extension 'python_setup_py'
[3.920s] Level 1:colcon.colcon_core.package_identification:_identify(src/darknet_ros_yolov4/darknet_ros/darknet/cmake) by extensions ['ignore', 'ignore_ament_install']
[3.921s] Level 1:colcon.colcon_core.package_identification:_identify(src/darknet_ros_yolov4/darknet_ros/darknet/cmake) by extension 'ignore'
[3.921s] Level 1:colcon.colcon_core.package_identification:_identify(src/darknet_ros_yolov4/darknet_ros/darknet/cmake) by extension 'ignore_ament_install'
[3.921s] Level 1:colcon.colcon_core.package_identification:_identify(src/darknet_ros_yolov4/darknet_ros/darknet/cmake) by extensions ['colcon_pkg']
[3.921s] Level 1:colcon.colcon_core.package_identification:_identify(src/darknet_ros_yolov4/darknet_ros/darknet/cmake) by extension 'colcon_pkg'
[3.922s] Level 1:colcon.colcon_core.package_identification:_identify(src/darknet_ros_yolov4/darknet_ros/darknet/cmake) by extensions ['colcon_meta']
[3.922s] Level 1:colcon.colcon_core.package_identification:_identify(src/darknet_ros_yolov4/darknet_ros/darknet/cmake) by extension 'colcon_meta'
[3.923s] Level 1:colcon.colcon_core.package_identification:_identify(src/darknet_ros_yolov4/darknet_ros/darknet/cmake) by extensions ['ros']
[3.923s] Level 1:colcon.colcon_core.package_identification:_identify(src/darknet_ros_yolov4/darknet_ros/darknet/cmake) by extension 'ros'
[3.923s] Level 1:colcon.colcon_core.package_identification:_identify(src/darknet_ros_yolov4/darknet_ros/darknet/cmake) by extensions ['cmake', 'python']
[3.924s] Level 1:colcon.colcon_core.package_identification:_identify(src/darknet_ros_yolov4/darknet_ros/darknet/cmake) by extension 'cmake'
[3.924s] Level 1:colcon.colcon_core.package_identification:_identify(src/darknet_ros_yolov4/darknet_ros/darknet/cmake) by extension 'python'
[3.925s] Level 1:colcon.colcon_core.package_identification:_identify(src/darknet_ros_yolov4/darknet_ros/darknet/cmake) by extensions ['python_setup_py']
[3.925s] Level 1:colcon.colcon_core.package_identification:_identify(src/darknet_ros_yolov4/darknet_ros/darknet/cmake) by extension 'python_setup_py'
[3.927s] Level 1:colcon.colcon_core.package_identification:_identify(src/darknet_ros_yolov4/darknet_ros/darknet/cmake/Modules) by extensions ['ignore', 'ignore_ament_install']
[3.928s] Level 1:colcon.colcon_core.package_identification:_identify(src/darknet_ros_yolov4/darknet_ros/darknet/cmake/Modules) by extension 'ignore'
[3.929s] Level 1:colcon.colcon_core.package_identification:_identify(src/darknet_ros_yolov4/darknet_ros/darknet/cmake/Modules) by extension 'ignore_ament_install'
[3.929s] Level 1:colcon.colcon_core.package_identification:_identify(src/darknet_ros_yolov4/darknet_ros/darknet/cmake/Modules) by extensions ['colcon_pkg']
[3.930s] Level 1:colcon.colcon_core.package_identification:_identify(src/darknet_ros_yolov4/darknet_ros/darknet/cmake/Modules) by extension 'colcon_pkg'
[3.930s] Level 1:colcon.colcon_core.package_identification:_identify(src/darknet_ros_yolov4/darknet_ros/darknet/cmake/Modules) by extensions ['colcon_meta']
[3.930s] Level 1:colcon.colcon_core.package_identification:_identify(src/darknet_ros_yolov4/darknet_ros/darknet/cmake/Modules) by extension 'colcon_meta'
[3.931s] Level 1:colcon.colcon_core.package_identification:_identify(src/darknet_ros_yolov4/darknet_ros/darknet/cmake/Modules) by extensions ['ros']
[3.931s] Level 1:colcon.colcon_core.package_identification:_identify(src/darknet_ros_yolov4/darknet_ros/darknet/cmake/Modules) by extension 'ros'
[3.932s] Level 1:colcon.colcon_core.package_identification:_identify(src/darknet_ros_yolov4/darknet_ros/darknet/cmake/Modules) by extensions ['cmake', 'python']
[3.932s] Level 1:colcon.colcon_core.package_identification:_identify(src/darknet_ros_yolov4/darknet_ros/darknet/cmake/Modules) by extension 'cmake'
[3.932s] Level 1:colcon.colcon_core.package_identification:_identify(src/darknet_ros_yolov4/darknet_ros/darknet/cmake/Modules) by extension 'python'
[3.932s] Level 1:colcon.colcon_core.package_identification:_identify(src/darknet_ros_yolov4/darknet_ros/darknet/cmake/Modules) by extensions ['python_setup_py']
[3.933s] Level 1:colcon.colcon_core.package_identification:_identify(src/darknet_ros_yolov4/darknet_ros/darknet/cmake/Modules) by extension 'python_setup_py'
[3.933s] Level 1:colcon.colcon_core.package_identification:_identify(src/darknet_ros_yolov4/darknet_ros/darknet/data) by extensions ['ignore', 'ignore_ament_install']
[3.934s] Level 1:colcon.colcon_core.package_identification:_identify(src/darknet_ros_yolov4/darknet_ros/darknet/data) by extension 'ignore'
[3.934s] Level 1:colcon.colcon_core.package_identification:_identify(src/darknet_ros_yolov4/darknet_ros/darknet/data) by extension 'ignore_ament_install'
[3.935s] Level 1:colcon.colcon_core.package_identification:_identify(src/darknet_ros_yolov4/darknet_ros/darknet/data) by extensions ['colcon_pkg']
[3.935s] Level 1:colcon.colcon_core.package_identification:_identify(src/darknet_ros_yolov4/darknet_ros/darknet/data) by extension 'colcon_pkg'
[3.935s] Level 1:colcon.colcon_core.package_identification:_identify(src/darknet_ros_yolov4/darknet_ros/darknet/data) by extensions ['colcon_meta']
[3.935s] Level 1:colcon.colcon_core.package_identification:_identify(src/darknet_ros_yolov4/darknet_ros/darknet/data) by extension 'colcon_meta'
[3.935s] Level 1:colcon.colcon_core.package_identification:_identify(src/darknet_ros_yolov4/darknet_ros/darknet/data) by extensions ['ros']
[3.936s] Level 1:colcon.colcon_core.package_identification:_identify(src/darknet_ros_yolov4/darknet_ros/darknet/data) by extension 'ros'
[3.936s] Level 1:colcon.colcon_core.package_identification:_identify(src/darknet_ros_yolov4/darknet_ros/darknet/data) by extensions ['cmake', 'python']
[3.936s] Level 1:colcon.colcon_core.package_identification:_identify(src/darknet_ros_yolov4/darknet_ros/darknet/data) by extension 'cmake'
[3.936s] Level 1:colcon.colcon_core.package_identification:_identify(src/darknet_ros_yolov4/darknet_ros/darknet/data) by extension 'python'
[3.937s] Level 1:colcon.colcon_core.package_identification:_identify(src/darknet_ros_yolov4/darknet_ros/darknet/data) by extensions ['python_setup_py']
[3.937s] Level 1:colcon.colcon_core.package_identification:_identify(src/darknet_ros_yolov4/darknet_ros/darknet/data) by extension 'python_setup_py'
[3.942s] Level 1:colcon.colcon_core.package_identification:_identify(src/darknet_ros_yolov4/darknet_ros/darknet/data/labels) by extensions ['ignore', 'ignore_ament_install']
[3.942s] Level 1:colcon.colcon_core.package_identification:_identify(src/darknet_ros_yolov4/darknet_ros/darknet/data/labels) by extension 'ignore'
[3.942s] Level 1:colcon.colcon_core.package_identification:_identify(src/darknet_ros_yolov4/darknet_ros/darknet/data/labels) by extension 'ignore_ament_install'
[3.943s] Level 1:colcon.colcon_core.package_identification:_identify(src/darknet_ros_yolov4/darknet_ros/darknet/data/labels) by extensions ['colcon_pkg']
[3.943s] Level 1:colcon.colcon_core.package_identification:_identify(src/darknet_ros_yolov4/darknet_ros/darknet/data/labels) by extension 'colcon_pkg'
[3.943s] Level 1:colcon.colcon_core.package_identification:_identify(src/darknet_ros_yolov4/darknet_ros/darknet/data/labels) by extensions ['colcon_meta']
[3.943s] Level 1:colcon.colcon_core.package_identification:_identify(src/darknet_ros_yolov4/darknet_ros/darknet/data/labels) by extension 'colcon_meta'
[3.943s] Level 1:colcon.colcon_core.package_identification:_identify(src/darknet_ros_yolov4/darknet_ros/darknet/data/labels) by extensions ['ros']
[3.944s] Level 1:colcon.colcon_core.package_identification:_identify(src/darknet_ros_yolov4/darknet_ros/darknet/data/labels) by extension 'ros'
[3.944s] Level 1:colcon.colcon_core.package_identification:_identify(src/darknet_ros_yolov4/darknet_ros/darknet/data/labels) by extensions ['cmake', 'python']
[3.944s] Level 1:colcon.colcon_core.package_identification:_identify(src/darknet_ros_yolov4/darknet_ros/darknet/data/labels) by extension 'cmake'
[3.944s] Level 1:colcon.colcon_core.package_identification:_identify(src/darknet_ros_yolov4/darknet_ros/darknet/data/labels) by extension 'python'
[3.945s] Level 1:colcon.colcon_core.package_identification:_identify(src/darknet_ros_yolov4/darknet_ros/darknet/data/labels) by extensions ['python_setup_py']
[3.945s] Level 1:colcon.colcon_core.package_identification:_identify(src/darknet_ros_yolov4/darknet_ros/darknet/data/labels) by extension 'python_setup_py'
[3.945s] Level 1:colcon.colcon_core.package_identification:_identify(src/darknet_ros_yolov4/darknet_ros/darknet/include) by extensions ['ignore', 'ignore_ament_install']
[3.946s] Level 1:colcon.colcon_core.package_identification:_identify(src/darknet_ros_yolov4/darknet_ros/darknet/include) by extension 'ignore'
[3.946s] Level 1:colcon.colcon_core.package_identification:_identify(src/darknet_ros_yolov4/darknet_ros/darknet/include) by extension 'ignore_ament_install'
[3.946s] Level 1:colcon.colcon_core.package_identification:_identify(src/darknet_ros_yolov4/darknet_ros/darknet/include) by extensions ['colcon_pkg']
[3.946s] Level 1:colcon.colcon_core.package_identification:_identify(src/darknet_ros_yolov4/darknet_ros/darknet/include) by extension 'colcon_pkg'
[3.947s] Level 1:colcon.colcon_core.package_identification:_identify(src/darknet_ros_yolov4/darknet_ros/darknet/include) by extensions ['colcon_meta']
[3.947s] Level 1:colcon.colcon_core.package_identification:_identify(src/darknet_ros_yolov4/darknet_ros/darknet/include) by extension 'colcon_meta'
[3.947s] Level 1:colcon.colcon_core.package_identification:_identify(src/darknet_ros_yolov4/darknet_ros/darknet/include) by extensions ['ros']
[3.947s] Level 1:colcon.colcon_core.package_identification:_identify(src/darknet_ros_yolov4/darknet_ros/darknet/include) by extension 'ros'
[3.947s] Level 1:colcon.colcon_core.package_identification:_identify(src/darknet_ros_yolov4/darknet_ros/darknet/include) by extensions ['cmake', 'python']
[3.948s] Level 1:colcon.colcon_core.package_identification:_identify(src/darknet_ros_yolov4/darknet_ros/darknet/include) by extension 'cmake'
[3.948s] Level 1:colcon.colcon_core.package_identification:_identify(src/darknet_ros_yolov4/darknet_ros/darknet/include) by extension 'python'
[3.948s] Level 1:colcon.colcon_core.package_identification:_identify(src/darknet_ros_yolov4/darknet_ros/darknet/include) by extensions ['python_setup_py']
[3.948s] Level 1:colcon.colcon_core.package_identification:_identify(src/darknet_ros_yolov4/darknet_ros/darknet/include) by extension 'python_setup_py'
[3.952s] Level 1:colcon.colcon_core.package_identification:_identify(src/darknet_ros_yolov4/darknet_ros/darknet/results) by extensions ['ignore', 'ignore_ament_install']
[3.953s] Level 1:colcon.colcon_core.package_identification:_identify(src/darknet_ros_yolov4/darknet_ros/darknet/results) by extension 'ignore'
[3.953s] Level 1:colcon.colcon_core.package_identification:_identify(src/darknet_ros_yolov4/darknet_ros/darknet/results) by extension 'ignore_ament_install'
[3.953s] Level 1:colcon.colcon_core.package_identification:_identify(src/darknet_ros_yolov4/darknet_ros/darknet/results) by extensions ['colcon_pkg']
[3.953s] Level 1:colcon.colcon_core.package_identification:_identify(src/darknet_ros_yolov4/darknet_ros/darknet/results) by extension 'colcon_pkg'
[3.954s] Level 1:colcon.colcon_core.package_identification:_identify(src/darknet_ros_yolov4/darknet_ros/darknet/results) by extensions ['colcon_meta']
[3.954s] Level 1:colcon.colcon_core.package_identification:_identify(src/darknet_ros_yolov4/darknet_ros/darknet/results) by extension 'colcon_meta'
[3.954s] Level 1:colcon.colcon_core.package_identification:_identify(src/darknet_ros_yolov4/darknet_ros/darknet/results) by extensions ['ros']
[3.954s] Level 1:colcon.colcon_core.package_identification:_identify(src/darknet_ros_yolov4/darknet_ros/darknet/results) by extension 'ros'
[3.955s] Level 1:colcon.colcon_core.package_identification:_identify(src/darknet_ros_yolov4/darknet_ros/darknet/results) by extensions ['cmake', 'python']
[3.955s] Level 1:colcon.colcon_core.package_identification:_identify(src/darknet_ros_yolov4/darknet_ros/darknet/results) by extension 'cmake'
[3.955s] Level 1:colcon.colcon_core.package_identification:_identify(src/darknet_ros_yolov4/darknet_ros/darknet/results) by extension 'python'
[3.955s] Level 1:colcon.colcon_core.package_identification:_identify(src/darknet_ros_yolov4/darknet_ros/darknet/results) by extensions ['python_setup_py']
[3.956s] Level 1:colcon.colcon_core.package_identification:_identify(src/darknet_ros_yolov4/darknet_ros/darknet/results) by extension 'python_setup_py'
[3.957s] Level 1:colcon.colcon_core.package_identification:_identify(src/darknet_ros_yolov4/darknet_ros/darknet/scripts) by extensions ['ignore', 'ignore_ament_install']
[3.957s] Level 1:colcon.colcon_core.package_identification:_identify(src/darknet_ros_yolov4/darknet_ros/darknet/scripts) by extension 'ignore'
[3.958s] Level 1:colcon.colcon_core.package_identification:_identify(src/darknet_ros_yolov4/darknet_ros/darknet/scripts) by extension 'ignore_ament_install'
[3.958s] Level 1:colcon.colcon_core.package_identification:_identify(src/darknet_ros_yolov4/darknet_ros/darknet/scripts) by extensions ['colcon_pkg']
[3.958s] Level 1:colcon.colcon_core.package_identification:_identify(src/darknet_ros_yolov4/darknet_ros/darknet/scripts) by extension 'colcon_pkg'
[3.959s] Level 1:colcon.colcon_core.package_identification:_identify(src/darknet_ros_yolov4/darknet_ros/darknet/scripts) by extensions ['colcon_meta']
[3.959s] Level 1:colcon.colcon_core.package_identification:_identify(src/darknet_ros_yolov4/darknet_ros/darknet/scripts) by extension 'colcon_meta'
[3.960s] Level 1:colcon.colcon_core.package_identification:_identify(src/darknet_ros_yolov4/darknet_ros/darknet/scripts) by extensions ['ros']
[3.960s] Level 1:colcon.colcon_core.package_identification:_identify(src/darknet_ros_yolov4/darknet_ros/darknet/scripts) by extension 'ros'
[3.960s] Level 1:colcon.colcon_core.package_identification:_identify(src/darknet_ros_yolov4/darknet_ros/darknet/scripts) by extensions ['cmake', 'python']
[3.961s] Level 1:colcon.colcon_core.package_identification:_identify(src/darknet_ros_yolov4/darknet_ros/darknet/scripts) by extension 'cmake'
[3.961s] Level 1:colcon.colcon_core.package_identification:_identify(src/darknet_ros_yolov4/darknet_ros/darknet/scripts) by extension 'python'
[3.961s] Level 1:colcon.colcon_core.package_identification:_identify(src/darknet_ros_yolov4/darknet_ros/darknet/scripts) by extensions ['python_setup_py']
[3.961s] Level 1:colcon.colcon_core.package_identification:_identify(src/darknet_ros_yolov4/darknet_ros/darknet/scripts) by extension 'python_setup_py'
[3.962s] Level 1:colcon.colcon_core.package_identification:_identify(src/darknet_ros_yolov4/darknet_ros/darknet/scripts/log_parser) by extensions ['ignore', 'ignore_ament_install']
[3.963s] Level 1:colcon.colcon_core.package_identification:_identify(src/darknet_ros_yolov4/darknet_ros/darknet/scripts/log_parser) by extension 'ignore'
[3.963s] Level 1:colcon.colcon_core.package_identification:_identify(src/darknet_ros_yolov4/darknet_ros/darknet/scripts/log_parser) by extension 'ignore_ament_install'
[3.963s] Level 1:colcon.colcon_core.package_identification:_identify(src/darknet_ros_yolov4/darknet_ros/darknet/scripts/log_parser) by extensions ['colcon_pkg']
[3.964s] Level 1:colcon.colcon_core.package_identification:_identify(src/darknet_ros_yolov4/darknet_ros/darknet/scripts/log_parser) by extension 'colcon_pkg'
[3.964s] Level 1:colcon.colcon_core.package_identification:_identify(src/darknet_ros_yolov4/darknet_ros/darknet/scripts/log_parser) by extensions ['colcon_meta']
[3.964s] Level 1:colcon.colcon_core.package_identification:_identify(src/darknet_ros_yolov4/darknet_ros/darknet/scripts/log_parser) by extension 'colcon_meta'
[3.964s] Level 1:colcon.colcon_core.package_identification:_identify(src/darknet_ros_yolov4/darknet_ros/darknet/scripts/log_parser) by extensions ['ros']
[3.964s] Level 1:colcon.colcon_core.package_identification:_identify(src/darknet_ros_yolov4/darknet_ros/darknet/scripts/log_parser) by extension 'ros'
[3.965s] Level 1:colcon.colcon_core.package_identification:_identify(src/darknet_ros_yolov4/darknet_ros/darknet/scripts/log_parser) by extensions ['cmake', 'python']
[3.965s] Level 1:colcon.colcon_core.package_identification:_identify(src/darknet_ros_yolov4/darknet_ros/darknet/scripts/log_parser) by extension 'cmake'
[3.965s] Level 1:colcon.colcon_core.package_identification:_identify(src/darknet_ros_yolov4/darknet_ros/darknet/scripts/log_parser) by extension 'python'
[3.965s] Level 1:colcon.colcon_core.package_identification:_identify(src/darknet_ros_yolov4/darknet_ros/darknet/scripts/log_parser) by extensions ['python_setup_py']
[3.965s] Level 1:colcon.colcon_core.package_identification:_identify(src/darknet_ros_yolov4/darknet_ros/darknet/scripts/log_parser) by extension 'python_setup_py'
[3.966s] Level 1:colcon.colcon_core.package_identification:_identify(src/darknet_ros_yolov4/darknet_ros/darknet/scripts/windows) by extensions ['ignore', 'ignore_ament_install']
[3.967s] Level 1:colcon.colcon_core.package_identification:_identify(src/darknet_ros_yolov4/darknet_ros/darknet/scripts/windows) by extension 'ignore'
[3.967s] Level 1:colcon.colcon_core.package_identification:_identify(src/darknet_ros_yolov4/darknet_ros/darknet/scripts/windows) by extension 'ignore_ament_install'
[3.967s] Level 1:colcon.colcon_core.package_identification:_identify(src/darknet_ros_yolov4/darknet_ros/darknet/scripts/windows) by extensions ['colcon_pkg']
[3.968s] Level 1:colcon.colcon_core.package_identification:_identify(src/darknet_ros_yolov4/darknet_ros/darknet/scripts/windows) by extension 'colcon_pkg'
[3.968s] Level 1:colcon.colcon_core.package_identification:_identify(src/darknet_ros_yolov4/darknet_ros/darknet/scripts/windows) by extensions ['colcon_meta']
[3.968s] Level 1:colcon.colcon_core.package_identification:_identify(src/darknet_ros_yolov4/darknet_ros/darknet/scripts/windows) by extension 'colcon_meta'
[3.968s] Level 1:colcon.colcon_core.package_identification:_identify(src/darknet_ros_yolov4/darknet_ros/darknet/scripts/windows) by extensions ['ros']
[3.968s] Level 1:colcon.colcon_core.package_identification:_identify(src/darknet_ros_yolov4/darknet_ros/darknet/scripts/windows) by extension 'ros'
[3.969s] Level 1:colcon.colcon_core.package_identification:_identify(src/darknet_ros_yolov4/darknet_ros/darknet/scripts/windows) by extensions ['cmake', 'python']
[3.969s] Level 1:colcon.colcon_core.package_identification:_identify(src/darknet_ros_yolov4/darknet_ros/darknet/scripts/windows) by extension 'cmake'
[3.969s] Level 1:colcon.colcon_core.package_identification:_identify(src/darknet_ros_yolov4/darknet_ros/darknet/scripts/windows) by extension 'python'
[3.969s] Level 1:colcon.colcon_core.package_identification:_identify(src/darknet_ros_yolov4/darknet_ros/darknet/scripts/windows) by extensions ['python_setup_py']
[3.969s] Level 1:colcon.colcon_core.package_identification:_identify(src/darknet_ros_yolov4/darknet_ros/darknet/scripts/windows) by extension 'python_setup_py'
[3.971s] Level 1:colcon.colcon_core.package_identification:_identify(src/darknet_ros_yolov4/darknet_ros/darknet/src) by extensions ['ignore', 'ignore_ament_install']
[3.971s] Level 1:colcon.colcon_core.package_identification:_identify(src/darknet_ros_yolov4/darknet_ros/darknet/src) by extension 'ignore'
[3.971s] Level 1:colcon.colcon_core.package_identification:_identify(src/darknet_ros_yolov4/darknet_ros/darknet/src) by extension 'ignore_ament_install'
[3.972s] Level 1:colcon.colcon_core.package_identification:_identify(src/darknet_ros_yolov4/darknet_ros/darknet/src) by extensions ['colcon_pkg']
[3.972s] Level 1:colcon.colcon_core.package_identification:_identify(src/darknet_ros_yolov4/darknet_ros/darknet/src) by extension 'colcon_pkg'
[3.972s] Level 1:colcon.colcon_core.package_identification:_identify(src/darknet_ros_yolov4/darknet_ros/darknet/src) by extensions ['colcon_meta']
[3.972s] Level 1:colcon.colcon_core.package_identification:_identify(src/darknet_ros_yolov4/darknet_ros/darknet/src) by extension 'colcon_meta'
[3.972s] Level 1:colcon.colcon_core.package_identification:_identify(src/darknet_ros_yolov4/darknet_ros/darknet/src) by extensions ['ros']
[3.972s] Level 1:colcon.colcon_core.package_identification:_identify(src/darknet_ros_yolov4/darknet_ros/darknet/src) by extension 'ros'
[3.973s] Level 1:colcon.colcon_core.package_identification:_identify(src/darknet_ros_yolov4/darknet_ros/darknet/src) by extensions ['cmake', 'python']
[3.973s] Level 1:colcon.colcon_core.package_identification:_identify(src/darknet_ros_yolov4/darknet_ros/darknet/src) by extension 'cmake'
[3.973s] Level 1:colcon.colcon_core.package_identification:_identify(src/darknet_ros_yolov4/darknet_ros/darknet/src) by extension 'python'
[3.973s] Level 1:colcon.colcon_core.package_identification:_identify(src/darknet_ros_yolov4/darknet_ros/darknet/src) by extensions ['python_setup_py']
[3.974s] Level 1:colcon.colcon_core.package_identification:_identify(src/darknet_ros_yolov4/darknet_ros/darknet/src) by extension 'python_setup_py'
[3.974s] Level 1:colcon.colcon_core.package_identification:_identify(src/darknet_ros_yolov4/darknet_ros/darknet_ros) by extensions ['ignore', 'ignore_ament_install']
[3.975s] Level 1:colcon.colcon_core.package_identification:_identify(src/darknet_ros_yolov4/darknet_ros/darknet_ros) by extension 'ignore'
[3.975s] Level 1:colcon.colcon_core.package_identification:_identify(src/darknet_ros_yolov4/darknet_ros/darknet_ros) by extension 'ignore_ament_install'
[3.976s] Level 1:colcon.colcon_core.package_identification:_identify(src/darknet_ros_yolov4/darknet_ros/darknet_ros) by extensions ['colcon_pkg']
[3.976s] Level 1:colcon.colcon_core.package_identification:_identify(src/darknet_ros_yolov4/darknet_ros/darknet_ros) by extension 'colcon_pkg'
[3.976s] Level 1:colcon.colcon_core.package_identification:_identify(src/darknet_ros_yolov4/darknet_ros/darknet_ros) by extensions ['colcon_meta']
[3.977s] Level 1:colcon.colcon_core.package_identification:_identify(src/darknet_ros_yolov4/darknet_ros/darknet_ros) by extension 'colcon_meta'
[3.977s] Level 1:colcon.colcon_core.package_identification:_identify(src/darknet_ros_yolov4/darknet_ros/darknet_ros) by extensions ['ros']
[3.977s] Level 1:colcon.colcon_core.package_identification:_identify(src/darknet_ros_yolov4/darknet_ros/darknet_ros) by extension 'ros'
[4.010s] DEBUG:colcon.colcon_core.package_identification:Package 'src/darknet_ros_yolov4/darknet_ros/darknet_ros' with type 'ros.ament_cmake' and name 'darknet_ros'
[4.011s] Level 1:colcon.colcon_core.package_identification:_identify(src/darknet_ros_yolov4/darknet_ros/darknet_ros_msgs) by extensions ['ignore', 'ignore_ament_install']
[4.011s] Level 1:colcon.colcon_core.package_identification:_identify(src/darknet_ros_yolov4/darknet_ros/darknet_ros_msgs) by extension 'ignore'
[4.011s] Level 1:colcon.colcon_core.package_identification:_identify(src/darknet_ros_yolov4/darknet_ros/darknet_ros_msgs) by extension 'ignore_ament_install'
[4.012s] Level 1:colcon.colcon_core.package_identification:_identify(src/darknet_ros_yolov4/darknet_ros/darknet_ros_msgs) by extensions ['colcon_pkg']
[4.012s] Level 1:colcon.colcon_core.package_identification:_identify(src/darknet_ros_yolov4/darknet_ros/darknet_ros_msgs) by extension 'colcon_pkg'
[4.012s] Level 1:colcon.colcon_core.package_identification:_identify(src/darknet_ros_yolov4/darknet_ros/darknet_ros_msgs) by extensions ['colcon_meta']
[4.012s] Level 1:colcon.colcon_core.package_identification:_identify(src/darknet_ros_yolov4/darknet_ros/darknet_ros_msgs) by extension 'colcon_meta'
[4.013s] Level 1:colcon.colcon_core.package_identification:_identify(src/darknet_ros_yolov4/darknet_ros/darknet_ros_msgs) by extensions ['ros']
[4.013s] Level 1:colcon.colcon_core.package_identification:_identify(src/darknet_ros_yolov4/darknet_ros/darknet_ros_msgs) by extension 'ros'
[4.021s] DEBUG:colcon.colcon_core.package_identification:Package 'src/darknet_ros_yolov4/darknet_ros/darknet_ros_msgs' with type 'ros.ament_cmake' and name 'darknet_ros_msgs'
[4.021s] Level 1:colcon.colcon_core.package_identification:_identify(src/darknet_ros_yolov4/pictures) by extensions ['ignore', 'ignore_ament_install']
[4.022s] Level 1:colcon.colcon_core.package_identification:_identify(src/darknet_ros_yolov4/pictures) by extension 'ignore'
[4.022s] Level 1:colcon.colcon_core.package_identification:_identify(src/darknet_ros_yolov4/pictures) by extension 'ignore_ament_install'
[4.023s] Level 1:colcon.colcon_core.package_identification:_identify(src/darknet_ros_yolov4/pictures) by extensions ['colcon_pkg']
[4.023s] Level 1:colcon.colcon_core.package_identification:_identify(src/darknet_ros_yolov4/pictures) by extension 'colcon_pkg'
[4.023s] Level 1:colcon.colcon_core.package_identification:_identify(src/darknet_ros_yolov4/pictures) by extensions ['colcon_meta']
[4.023s] Level 1:colcon.colcon_core.package_identification:_identify(src/darknet_ros_yolov4/pictures) by extension 'colcon_meta'
[4.024s] Level 1:colcon.colcon_core.package_identification:_identify(src/darknet_ros_yolov4/pictures) by extensions ['ros']
[4.024s] Level 1:colcon.colcon_core.package_identification:_identify(src/darknet_ros_yolov4/pictures) by extension 'ros'
[4.025s] Level 1:colcon.colcon_core.package_identification:_identify(src/darknet_ros_yolov4/pictures) by extensions ['cmake', 'python']
[4.025s] Level 1:colcon.colcon_core.package_identification:_identify(src/darknet_ros_yolov4/pictures) by extension 'cmake'
[4.025s] Level 1:colcon.colcon_core.package_identification:_identify(src/darknet_ros_yolov4/pictures) by extension 'python'
[4.026s] Level 1:colcon.colcon_core.package_identification:_identify(src/darknet_ros_yolov4/pictures) by extensions ['python_setup_py']
[4.026s] Level 1:colcon.colcon_core.package_identification:_identify(src/darknet_ros_yolov4/pictures) by extension 'python_setup_py'
[4.027s] Level 1:colcon.colcon_core.package_identification:_identify(src/humancount) by extensions ['ignore', 'ignore_ament_install']
[4.028s] Level 1:colcon.colcon_core.package_identification:_identify(src/humancount) by extension 'ignore'
[4.028s] Level 1:colcon.colcon_core.package_identification:_identify(src/humancount) by extension 'ignore_ament_install'
[4.029s] Level 1:colcon.colcon_core.package_identification:_identify(src/humancount) by extensions ['colcon_pkg']
[4.029s] Level 1:colcon.colcon_core.package_identification:_identify(src/humancount) by extension 'colcon_pkg'
[4.029s] Level 1:colcon.colcon_core.package_identification:_identify(src/humancount) by extensions ['colcon_meta']
[4.030s] Level 1:colcon.colcon_core.package_identification:_identify(src/humancount) by extension 'colcon_meta'
[4.030s] Level 1:colcon.colcon_core.package_identification:_identify(src/humancount) by extensions ['ros']
[4.030s] Level 1:colcon.colcon_core.package_identification:_identify(src/humancount) by extension 'ros'
[4.038s] DEBUG:colcon.colcon_core.package_identification:Package 'src/humancount' with type 'ros.ament_python' and name 'humancount'
[4.039s] Level 1:colcon.colcon_core.package_identification:_identify(src/install) by extensions ['ignore', 'ignore_ament_install']
[4.040s] Level 1:colcon.colcon_core.package_identification:_identify(src/install) by extension 'ignore'
[4.040s] Level 1:colcon.colcon_core.package_identification:_identify(src/install) ignored
[4.041s] Level 1:colcon.colcon_core.package_identification:_identify(src/log) by extensions ['ignore', 'ignore_ament_install']
[4.041s] Level 1:colcon.colcon_core.package_identification:_identify(src/log) by extension 'ignore'
[4.041s] Level 1:colcon.colcon_core.package_identification:_identify(src/log) ignored
[4.042s] Level 1:colcon.colcon_core.package_identification:_identify(src/px4_msgs) by extensions ['ignore', 'ignore_ament_install']
[4.042s] Level 1:colcon.colcon_core.package_identification:_identify(src/px4_msgs) by extension 'ignore'
[4.042s] Level 1:colcon.colcon_core.package_identification:_identify(src/px4_msgs) by extension 'ignore_ament_install'
[4.043s] Level 1:colcon.colcon_core.package_identification:_identify(src/px4_msgs) by extensions ['colcon_pkg']
[4.043s] Level 1:colcon.colcon_core.package_identification:_identify(src/px4_msgs) by extension 'colcon_pkg'
[4.043s] Level 1:colcon.colcon_core.package_identification:_identify(src/px4_msgs) by extensions ['colcon_meta']
[4.043s] Level 1:colcon.colcon_core.package_identification:_identify(src/px4_msgs) by extension 'colcon_meta'
[4.043s] Level 1:colcon.colcon_core.package_identification:_identify(src/px4_msgs) by extensions ['ros']
[4.043s] Level 1:colcon.colcon_core.package_identification:_identify(src/px4_msgs) by extension 'ros'
[4.049s] DEBUG:colcon.colcon_core.package_identification:Package 'src/px4_msgs' with type 'ros.ament_cmake' and name 'px4_msgs'
[4.050s] Level 1:colcon.colcon_core.package_identification:_identify(src/px4_ros_com) by extensions ['ignore', 'ignore_ament_install']
[4.050s] Level 1:colcon.colcon_core.package_identification:_identify(src/px4_ros_com) by extension 'ignore'
[4.051s] Level 1:colcon.colcon_core.package_identification:_identify(src/px4_ros_com) by extension 'ignore_ament_install'
[4.051s] Level 1:colcon.colcon_core.package_identification:_identify(src/px4_ros_com) by extensions ['colcon_pkg']
[4.051s] Level 1:colcon.colcon_core.package_identification:_identify(src/px4_ros_com) by extension 'colcon_pkg'
[4.051s] Level 1:colcon.colcon_core.package_identification:_identify(src/px4_ros_com) by extensions ['colcon_meta']
[4.051s] Level 1:colcon.colcon_core.package_identification:_identify(src/px4_ros_com) by extension 'colcon_meta'
[4.052s] Level 1:colcon.colcon_core.package_identification:_identify(src/px4_ros_com) by extensions ['ros']
[4.052s] Level 1:colcon.colcon_core.package_identification:_identify(src/px4_ros_com) by extension 'ros'
[4.059s] DEBUG:colcon.colcon_core.package_identification:Package 'src/px4_ros_com' with type 'ros.ament_cmake' and name 'px4_ros_com'
[4.063s] Level 1:colcon.colcon_core.package_identification:_identify(src/termal) by extensions ['ignore', 'ignore_ament_install']
[4.063s] Level 1:colcon.colcon_core.package_identification:_identify(src/termal) by extension 'ignore'
[4.063s] Level 1:colcon.colcon_core.package_identification:_identify(src/termal) by extension 'ignore_ament_install'
[4.064s] Level 1:colcon.colcon_core.package_identification:_identify(src/termal) by extensions ['colcon_pkg']
[4.064s] Level 1:colcon.colcon_core.package_identification:_identify(src/termal) by extension 'colcon_pkg'
[4.064s] Level 1:colcon.colcon_core.package_identification:_identify(src/termal) by extensions ['colcon_meta']
[4.064s] Level 1:colcon.colcon_core.package_identification:_identify(src/termal) by extension 'colcon_meta'
[4.064s] Level 1:colcon.colcon_core.package_identification:_identify(src/termal) by extensions ['ros']
[4.065s] Level 1:colcon.colcon_core.package_identification:_identify(src/termal) by extension 'ros'
[4.070s] DEBUG:colcon.colcon_core.package_identification:Package 'src/termal' with type 'ros.ament_python' and name 'termal'
[4.070s] Level 1:colcon.colcon_core.package_identification:_identify(src/yolo_den) by extensions ['ignore', 'ignore_ament_install']
[4.071s] Level 1:colcon.colcon_core.package_identification:_identify(src/yolo_den) by extension 'ignore'
[4.071s] Level 1:colcon.colcon_core.package_identification:_identify(src/yolo_den) by extension 'ignore_ament_install'
[4.071s] Level 1:colcon.colcon_core.package_identification:_identify(src/yolo_den) by extensions ['colcon_pkg']
[4.071s] Level 1:colcon.colcon_core.package_identification:_identify(src/yolo_den) by extension 'colcon_pkg'
[4.071s] Level 1:colcon.colcon_core.package_identification:_identify(src/yolo_den) by extensions ['colcon_meta']
[4.072s] Level 1:colcon.colcon_core.package_identification:_identify(src/yolo_den) by extension 'colcon_meta'
[4.072s] Level 1:colcon.colcon_core.package_identification:_identify(src/yolo_den) by extensions ['ros']
[4.072s] Level 1:colcon.colcon_core.package_identification:_identify(src/yolo_den) by extension 'ros'
[4.077s] DEBUG:colcon.colcon_core.package_identification:Package 'src/yolo_den' with type 'ros.ament_python' and name 'yolo_den'
[4.077s] Level 1:colcon.colcon_core.package_discovery:discover_packages(recursive) using defaults
[4.077s] Level 1:colcon.colcon_core.package_discovery:discover_packages(ignore) discover
[4.077s] Level 1:colcon.colcon_core.package_discovery:discover_packages(ignore) using defaults
[4.077s] Level 1:colcon.colcon_core.package_discovery:discover_packages(path) discover
[4.078s] Level 1:colcon.colcon_core.package_discovery:discover_packages(path) using defaults
[4.278s] INFO:colcon.colcon_core.package_selection:Skipping not selected package 'darknet_ros_msgs' in 'src/darknet_ros_yolov4/darknet_ros/darknet_ros_msgs'
[4.278s] INFO:colcon.colcon_core.package_selection:Skipping not selected package 'px4_msgs' in 'src/px4_msgs'
[4.278s] INFO:colcon.colcon_core.package_selection:Skipping not selected package 'termal' in 'src/termal'
[4.279s] INFO:colcon.colcon_core.package_selection:Skipping not selected package 'yolo_den' in 'src/yolo_den'
[4.279s] INFO:colcon.colcon_core.package_selection:Skipping not selected package 'darknet_ros' in 'src/darknet_ros_yolov4/darknet_ros/darknet_ros'
[4.279s] INFO:colcon.colcon_core.package_selection:Skipping not selected package 'px4_ros_com' in 'src/px4_ros_com'
[4.285s] Level 1:colcon.colcon_core.package_discovery:discover_packages(prefix_path) check parameters
[4.286s] Level 1:colcon.colcon_core.package_discovery:discover_packages(prefix_path) discover
[4.322s] DEBUG:colcon.colcon_installed_package_information.package_discovery:Found 10 installed packages in /home/jetson/ros2_ws/install
[4.335s] DEBUG:colcon.colcon_installed_package_information.package_discovery:Found 259 installed packages in /opt/ros/foxy
[4.344s] Level 1:colcon.colcon_core.package_discovery:discover_packages(prefix_path) using defaults
[5.047s] Level 5:colcon.colcon_core.verb:set package 'humancount' build argument 'cmake_args' from command line to 'None'
[5.047s] Level 5:colcon.colcon_core.verb:set package 'humancount' build argument 'cmake_target' from command line to 'None'
[5.048s] Level 5:colcon.colcon_core.verb:set package 'humancount' build argument 'cmake_target_skip_unavailable' from command line to 'False'
[5.048s] Level 5:colcon.colcon_core.verb:set package 'humancount' build argument 'cmake_clean_cache' from command line to 'False'
[5.048s] Level 5:colcon.colcon_core.verb:set package 'humancount' build argument 'cmake_clean_first' from command line to 'False'
[5.048s] Level 5:colcon.colcon_core.verb:set package 'humancount' build argument 'cmake_force_configure' from command line to 'False'
[5.048s] Level 5:colcon.colcon_core.verb:set package 'humancount' build argument 'ament_cmake_args' from command line to 'None'
[5.049s] Level 5:colcon.colcon_core.verb:set package 'humancount' build argument 'catkin_cmake_args' from command line to 'None'
[5.049s] Level 5:colcon.colcon_core.verb:set package 'humancount' build argument 'catkin_skip_building_tests' from command line to 'False'
[5.049s] DEBUG:colcon.colcon_core.verb:Building package 'humancount' with the following arguments: {'ament_cmake_args': None, 'build_base': '/home/jetson/ros2_ws/build/humancount', 'catkin_cmake_args': None, 'catkin_skip_building_tests': False, 'cmake_args': None, 'cmake_clean_cache': False, 'cmake_clean_first': False, 'cmake_force_configure': False, 'cmake_target': None, 'cmake_target_skip_unavailable': False, 'install_base': '/home/jetson/ros2_ws/install/humancount', 'merge_install': False, 'path': '/home/jetson/ros2_ws/src/humancount', 'symlink_install': True, 'test_result_base': None}
[5.055s] INFO:colcon.colcon_core.executor:Executing jobs using 'parallel' executor
[5.090s] DEBUG:colcon.colcon_parallel_executor.executor.parallel:run_until_complete
[5.091s] INFO:colcon.colcon_ros.task.ament_python.build:Building ROS package in '/home/jetson/ros2_ws/src/humancount' with build type 'ament_python'
[5.092s] Level 1:colcon.colcon_core.shell:create_environment_hook('humancount', 'ament_prefix_path')
[5.149s] INFO:colcon.colcon_core.plugin_system:Skipping extension 'colcon_core.shell.bat': Not used on non-Windows systems
[5.151s] INFO:colcon.colcon_core.shell:Creating environment hook '/home/jetson/ros2_ws/install/humancount/share/humancount/hook/ament_prefix_path.ps1'
[5.155s] INFO:colcon.colcon_core.shell:Creating environment descriptor '/home/jetson/ros2_ws/install/humancount/share/humancount/hook/ament_prefix_path.dsv'
[5.164s] INFO:colcon.colcon_core.shell:Creating environment hook '/home/jetson/ros2_ws/install/humancount/share/humancount/hook/ament_prefix_path.sh'
[5.179s] INFO:colcon.colcon_core.shell:Skip shell extension 'powershell' for command environment: Not usable outside of PowerShell
[5.179s] DEBUG:colcon.colcon_core.shell:Skip shell extension 'dsv' for command environment
[10.558s] INFO:colcon.colcon_core.task.python.build:Building Python package in '/home/jetson/ros2_ws/src/humancount'
[10.571s] INFO:colcon.colcon_core.shell:Skip shell extension 'powershell' for command environment: Not usable outside of PowerShell
[10.571s] DEBUG:colcon.colcon_core.shell:Skip shell extension 'dsv' for command environment
[18.113s] DEBUG:colcon.colcon_core.event_handler.log_command:Invoking command in '/home/jetson/ros2_ws/build/humancount': CMAKE_PREFIX_PATH=/home/jetson/ros2_ws/install/darknet_ros_msgs:/home/jetson/ros2_ws/install/px4_ros_com:/home/jetson/ros2_ws/install/px4_msgs:/home/jetson/ros2_ws/install/darknet_ros LD_LIBRARY_PATH=/home/jetson/ros2_ws/install/darknet_ros_msgs/lib:/home/jetson/ros2_ws/install/px4_ros_com/lib:/home/jetson/ros2_ws/install/px4_msgs/lib:/home/jetson/ros2_ws/install/darknet_ros/lib:/opt/ros/foxy/opt/yaml_cpp_vendor/lib:/opt/ros/foxy/opt/rviz_ogre_vendor/lib:/opt/ros/foxy/lib/aarch64-linux-gnu:/opt/ros/foxy/lib PYTHONPATH=/home/jetson/ros2_ws/install/humancount/lib/python3.8/site-packages:/home/jetson/ros2_ws/install/darknet_ros_msgs/lib/python3.8/site-packages:/home/jetson/ros2_ws/build/yolo_den:/home/jetson/ros2_ws/install/yolo_den/lib/python3.8/site-packages:/home/jetson/ros2_ws/build/termal:/home/jetson/ros2_ws/install/termal/lib/python3.8/site-packages:/home/jetson/ros2_ws/install/px4_msgs/lib/python3.8/site-packages:/home/jetson/ros2_ws/build/humcount:/home/jetson/ros2_ws/install/humcount/lib/python3.8/site-packages:/home/jetson/ros2_ws/build/humancount:/home/jetson/ros2_ws/install/humancount/lib/python3.8/site-packages:/home/jetson/ros2_ws/build/count:/home/jetson/ros2_ws/install/count/lib/python3.8/site-packages:/home/jetson/ros2_ws/install/cvdeneme/lib/python3.8/site-packages:/opt/ros/foxy/lib/python3.8/site-packages /usr/bin/python3 setup.py develop --prefix /home/jetson/ros2_ws/install/humancount --editable --build-directory /home/jetson/ros2_ws/build/humancount/build --no-deps install_data --install-dir /home/jetson/ros2_ws/install/humancount
[32.841s] Level 1:colcon.colcon_core.shell:create_environment_hook('humancount', 'pythonpath_develop')
[32.855s] INFO:colcon.colcon_core.shell:Creating environment hook '/home/jetson/ros2_ws/build/humancount/share/humancount/hook/pythonpath_develop.ps1'
[32.856s] DEBUG:colcon.colcon_core.event_handler.log_command:Invoked command in '/home/jetson/ros2_ws/build/humancount' returned '0': CMAKE_PREFIX_PATH=/home/jetson/ros2_ws/install/darknet_ros_msgs:/home/jetson/ros2_ws/install/px4_ros_com:/home/jetson/ros2_ws/install/px4_msgs:/home/jetson/ros2_ws/install/darknet_ros LD_LIBRARY_PATH=/home/jetson/ros2_ws/install/darknet_ros_msgs/lib:/home/jetson/ros2_ws/install/px4_ros_com/lib:/home/jetson/ros2_ws/install/px4_msgs/lib:/home/jetson/ros2_ws/install/darknet_ros/lib:/opt/ros/foxy/opt/yaml_cpp_vendor/lib:/opt/ros/foxy/opt/rviz_ogre_vendor/lib:/opt/ros/foxy/lib/aarch64-linux-gnu:/opt/ros/foxy/lib PYTHONPATH=/home/jetson/ros2_ws/install/humancount/lib/python3.8/site-packages:/home/jetson/ros2_ws/install/darknet_ros_msgs/lib/python3.8/site-packages:/home/jetson/ros2_ws/build/yolo_den:/home/jetson/ros2_ws/install/yolo_den/lib/python3.8/site-packages:/home/jetson/ros2_ws/build/termal:/home/jetson/ros2_ws/install/termal/lib/python3.8/site-packages:/home/jetson/ros2_ws/install/px4_msgs/lib/python3.8/site-packages:/home/jetson/ros2_ws/build/humcount:/home/jetson/ros2_ws/install/humcount/lib/python3.8/site-packages:/home/jetson/ros2_ws/build/humancount:/home/jetson/ros2_ws/install/humancount/lib/python3.8/site-packages:/home/jetson/ros2_ws/build/count:/home/jetson/ros2_ws/install/count/lib/python3.8/site-packages:/home/jetson/ros2_ws/install/cvdeneme/lib/python3.8/site-packages:/opt/ros/foxy/lib/python3.8/site-packages /usr/bin/python3 setup.py develop --prefix /home/jetson/ros2_ws/install/humancount --editable --build-directory /home/jetson/ros2_ws/build/humancount/build --no-deps install_data --install-dir /home/jetson/ros2_ws/install/humancount
[32.862s] INFO:colcon.colcon_core.shell:Creating environment descriptor '/home/jetson/ros2_ws/build/humancount/share/humancount/hook/pythonpath_develop.dsv'
[32.864s] INFO:colcon.colcon_core.shell:Creating environment hook '/home/jetson/ros2_ws/build/humancount/share/humancount/hook/pythonpath_develop.sh'
[32.916s] Level 1:colcon.colcon_core.environment:checking '/home/jetson/ros2_ws/install/humancount' for CMake module files
[32.920s] Level 1:colcon.colcon_core.environment:checking '/home/jetson/ros2_ws/install/humancount' for CMake config files
[32.925s] Level 1:colcon.colcon_core.environment:checking '/home/jetson/ros2_ws/install/humancount/lib'
[32.926s] Level 1:colcon.colcon_core.environment:checking '/home/jetson/ros2_ws/install/humancount/bin'
[32.927s] Level 1:colcon.colcon_core.environment:checking '/home/jetson/ros2_ws/install/humancount/lib/pkgconfig/humancount.pc'
[32.929s] Level 1:colcon.colcon_core.environment:checking '/home/jetson/ros2_ws/install/humancount/lib/python3.8/site-packages'
[32.929s] Level 1:colcon.colcon_core.shell:create_environment_hook('humancount', 'pythonpath')
[32.939s] INFO:colcon.colcon_core.shell:Creating environment hook '/home/jetson/ros2_ws/install/humancount/share/humancount/hook/pythonpath.ps1'
[32.940s] INFO:colcon.colcon_core.shell:Creating environment descriptor '/home/jetson/ros2_ws/install/humancount/share/humancount/hook/pythonpath.dsv'
[32.942s] INFO:colcon.colcon_core.shell:Creating environment hook '/home/jetson/ros2_ws/install/humancount/share/humancount/hook/pythonpath.sh'
[32.944s] Level 1:colcon.colcon_core.environment:checking '/home/jetson/ros2_ws/install/humancount/bin'
[32.945s] Level 1:colcon.colcon_core.environment:create_environment_scripts_only(humancount)
[32.955s] INFO:colcon.colcon_core.shell:Creating package script '/home/jetson/ros2_ws/install/humancount/share/humancount/package.ps1'
[32.964s] INFO:colcon.colcon_core.shell:Creating package descriptor '/home/jetson/ros2_ws/install/humancount/share/humancount/package.dsv'
[32.969s] INFO:colcon.colcon_core.shell:Creating package script '/home/jetson/ros2_ws/install/humancount/share/humancount/package.sh'
[32.974s] INFO:colcon.colcon_core.shell:Creating package script '/home/jetson/ros2_ws/install/humancount/share/humancount/package.bash'
[32.979s] INFO:colcon.colcon_core.shell:Creating package script '/home/jetson/ros2_ws/install/humancount/share/humancount/package.zsh'
[32.983s] Level 1:colcon.colcon_core.environment:create_file_with_runtime_dependencies(/home/jetson/ros2_ws/install/humancount/share/colcon-core/packages/humancount)
[32.984s] DEBUG:colcon.colcon_parallel_executor.executor.parallel:closing loop
[32.985s] DEBUG:colcon.colcon_parallel_executor.executor.parallel:loop closed
[32.986s] DEBUG:colcon.colcon_parallel_executor.executor.parallel:run_until_complete finished with '0'
[32.986s] DEBUG:colcon.colcon_core.event_reactor:joining thread
[33.051s] INFO:colcon.colcon_core.plugin_system:Skipping extension 'colcon_notification.desktop_notification.terminal_notifier': Not used on non-Darwin systems
[33.052s] INFO:colcon.colcon_core.plugin_system:Skipping extension 'colcon_notification.desktop_notification.win32': Not used on non-Windows systems
[33.052s] INFO:colcon.colcon_notification.desktop_notification:Sending desktop notification using 'notify2'
[33.128s] DEBUG:colcon.colcon_core.event_reactor:joined thread
[33.149s] INFO:colcon.colcon_core.shell:Creating prefix script '/home/jetson/ros2_ws/install/local_setup.ps1'
[33.162s] INFO:colcon.colcon_core.shell:Creating prefix util module '/home/jetson/ros2_ws/install/_local_setup_util_ps1.py'
[33.172s] INFO:colcon.colcon_core.shell:Creating prefix chain script '/home/jetson/ros2_ws/install/setup.ps1'
[33.182s] INFO:colcon.colcon_core.shell:Creating prefix script '/home/jetson/ros2_ws/install/local_setup.sh'
[33.191s] INFO:colcon.colcon_core.shell:Creating prefix util module '/home/jetson/ros2_ws/install/_local_setup_util_sh.py'
[33.193s] INFO:colcon.colcon_core.shell:Creating prefix chain script '/home/jetson/ros2_ws/install/setup.sh'
[33.204s] INFO:colcon.colcon_core.shell:Creating prefix script '/home/jetson/ros2_ws/install/local_setup.bash'
[33.208s] INFO:colcon.colcon_core.shell:Creating prefix chain script '/home/jetson/ros2_ws/install/setup.bash'
[33.218s] INFO:colcon.colcon_core.shell:Creating prefix script '/home/jetson/ros2_ws/install/local_setup.zsh'
[33.222s] INFO:colcon.colcon_core.shell:Creating prefix chain script '/home/jetson/ros2_ws/install/setup.zsh'
