/usr/local/lib/python3.8/dist-packages/setuptools/dist.py:772: UserWarning: Usage of dash-separated 'script-dir' will not be supported in future versions. Please use the underscore name 'script_dir' instead
  warnings.warn(
/usr/local/lib/python3.8/dist-packages/setuptools/dist.py:772: UserWarning: Usage of dash-separated 'install-scripts' will not be supported in future versions. Please use the underscore name 'install_scripts' instead
  warnings.warn(
running develop
/usr/local/lib/python3.8/dist-packages/setuptools/command/easy_install.py:144: EasyInstallDeprecationWarning: easy_install command is deprecated. Use build and pip and other standards-based tools.
  warnings.warn(
/usr/local/lib/python3.8/dist-packages/setuptools/command/install.py:34: SetuptoolsDeprecationWarning: setup.py install is deprecated. Use build and pip and other standards-based tools.
  warnings.warn(
/usr/local/lib/python3.8/dist-packages/pkg_resources/__init__.py:123: PkgResourcesDeprecationWarning: 0.1.36ubuntu1 is an invalid version and will not be supported in a future release
  warnings.warn(
/usr/local/lib/python3.8/dist-packages/pkg_resources/__init__.py:123: PkgResourcesDeprecationWarning: 0.23ubuntu1 is an invalid version and will not be supported in a future release
  warnings.warn(
running egg_info
writing humancount.egg-info/PKG-INFO
writing dependency_links to humancount.egg-info/dependency_links.txt
writing entry points to humancount.egg-info/entry_points.txt
writing requirements to humancount.egg-info/requires.txt
writing top-level names to humancount.egg-info/top_level.txt
reading manifest file 'humancount.egg-info/SOURCES.txt'
writing manifest file 'humancount.egg-info/SOURCES.txt'
running build_ext
Creating /home/jetson/ros2_ws/src/install/humancount/lib/python3.8/site-packages/humancount.egg-link (link to .)
Installing hum script to /home/jetson/ros2_ws/src/install/humancount/lib/humancount

Installed /home/jetson/ros2_ws/src/build/humancount
running install_data
