[8.890s] Invoking command in '/home/jetson/ros2_ws/src/build/humancount': AMENT_PREFIX_PATH=/home/jetson/ros2_ws/src/install/darknet_ros_msgs:${AMENT_PREFIX_PATH} CMAKE_PREFIX_PATH=/home/jetson/ros2_ws/src/install/darknet_ros_msgs:${CMAKE_PREFIX_PATH} LD_LIBRARY_PATH=/home/jetson/ros2_ws/src/install/darknet_ros_msgs/lib:${LD_LIBRARY_PATH} PYTHONPATH=/home/jetson/ros2_ws/src/install/humancount/lib/python3.8/site-packages:/home/jetson/ros2_ws/src/install/darknet_ros_msgs/lib/python3.8/site-packages:${PYTHONPATH} /usr/bin/python3 setup.py develop --prefix /home/jetson/ros2_ws/src/install/humancount --editable --build-directory /home/jetson/ros2_ws/src/build/humancount/build --no-deps install_data --install-dir /home/jetson/ros2_ws/src/install/humancount
[10.134s] /usr/local/lib/python3.8/dist-packages/setuptools/dist.py:772: UserWarning: Usage of dash-separated 'script-dir' will not be supported in future versions. Please use the underscore name 'script_dir' instead
[10.135s]   warnings.warn(
[10.136s] /usr/local/lib/python3.8/dist-packages/setuptools/dist.py:772: UserWarning: Usage of dash-separated 'install-scripts' will not be supported in future versions. Please use the underscore name 'install_scripts' instead
[10.137s]   warnings.warn(
[12.963s] running develop
[12.964s] /usr/local/lib/python3.8/dist-packages/setuptools/command/easy_install.py:144: EasyInstallDeprecationWarning: easy_install command is deprecated. Use build and pip and other standards-based tools.
[12.964s]   warnings.warn(
[13.602s] /usr/local/lib/python3.8/dist-packages/setuptools/command/install.py:34: SetuptoolsDeprecationWarning: setup.py install is deprecated. Use build and pip and other standards-based tools.
[13.603s]   warnings.warn(
[14.864s] /usr/local/lib/python3.8/dist-packages/pkg_resources/__init__.py:123: PkgResourcesDeprecationWarning: 0.1.36ubuntu1 is an invalid version and will not be supported in a future release
[14.864s]   warnings.warn(
[14.864s] /usr/local/lib/python3.8/dist-packages/pkg_resources/__init__.py:123: PkgResourcesDeprecationWarning: 0.23ubuntu1 is an invalid version and will not be supported in a future release
[14.865s]   warnings.warn(
[15.262s] running egg_info
[15.576s] writing humancount.egg-info/PKG-INFO
[15.852s] writing dependency_links to humancount.egg-info/dependency_links.txt
[16.679s] writing entry points to humancount.egg-info/entry_points.txt
[17.228s] writing requirements to humancount.egg-info/requires.txt
[17.500s] writing top-level names to humancount.egg-info/top_level.txt
[17.878s] reading manifest file 'humancount.egg-info/SOURCES.txt'
[17.884s] writing manifest file 'humancount.egg-info/SOURCES.txt'
[18.413s] running build_ext
[18.414s] Creating /home/jetson/ros2_ws/src/install/humancount/lib/python3.8/site-packages/humancount.egg-link (link to .)
[18.417s] Installing hum script to /home/jetson/ros2_ws/src/install/humancount/lib/humancount
[18.418s] 
[18.419s] Installed /home/jetson/ros2_ws/src/build/humancount
[18.419s] running install_data
[18.659s] Invoked command in '/home/jetson/ros2_ws/src/build/humancount' returned '0': AMENT_PREFIX_PATH=/home/jetson/ros2_ws/src/install/darknet_ros_msgs:${AMENT_PREFIX_PATH} CMAKE_PREFIX_PATH=/home/jetson/ros2_ws/src/install/darknet_ros_msgs:${CMAKE_PREFIX_PATH} LD_LIBRARY_PATH=/home/jetson/ros2_ws/src/install/darknet_ros_msgs/lib:${LD_LIBRARY_PATH} PYTHONPATH=/home/jetson/ros2_ws/src/install/humancount/lib/python3.8/site-packages:/home/jetson/ros2_ws/src/install/darknet_ros_msgs/lib/python3.8/site-packages:${PYTHONPATH} /usr/bin/python3 setup.py develop --prefix /home/jetson/ros2_ws/src/install/humancount --editable --build-directory /home/jetson/ros2_ws/src/build/humancount/build --no-deps install_data --install-dir /home/jetson/ros2_ws/src/install/humancount
