[12.336s] Invoking command in '/home/jetson/ros2_ws/src/count': AMENT_PREFIX_PATH=/home/jetson/ros2_ws/src/install/darknet_ros_msgs:${AMENT_PREFIX_PATH} CMAKE_PREFIX_PATH=/home/jetson/ros2_ws/src/install/darknet_ros_msgs:${CMAKE_PREFIX_PATH} LD_LIBRARY_PATH=/home/jetson/ros2_ws/src/install/darknet_ros_msgs/lib:${LD_LIBRARY_PATH} PYTHONPATH=/home/jetson/ros2_ws/src/install/count/lib/python3.8/site-packages:/home/jetson/ros2_ws/src/install/darknet_ros_msgs/lib/python3.8/site-packages:${PYTHONPATH} /usr/bin/python3 setup.py egg_info --egg-base ../build/count build --build-base /home/jetson/ros2_ws/src/build/count/build install --prefix /home/jetson/ros2_ws/src/install/count --record /home/jetson/ros2_ws/src/build/count/install.log --single-version-externally-managed
[19.020s] running egg_info
[19.459s] writing ../build/count/count.egg-info/PKG-INFO
[19.822s] writing dependency_links to ../build/count/count.egg-info/dependency_links.txt
[20.897s] writing entry points to ../build/count/count.egg-info/entry_points.txt
[21.605s] writing requirements to ../build/count/count.egg-info/requires.txt
[21.971s] writing top-level names to ../build/count/count.egg-info/top_level.txt
[22.563s] reading manifest file '../build/count/count.egg-info/SOURCES.txt'
[22.568s] writing manifest file '../build/count/count.egg-info/SOURCES.txt'
[22.569s] running build
[22.570s] running build_py
[22.570s] running install
[22.571s] /usr/local/lib/python3.8/dist-packages/setuptools/command/install.py:34: SetuptoolsDeprecationWarning: setup.py install is deprecated. Use build and pip and other standards-based tools.
[22.575s]   warnings.warn(
[22.603s] running install_lib
[23.041s] byte-compiling /home/jetson/ros2_ws/src/install/count/lib/python3.8/site-packages/count/counter.py to counter.cpython-38.pyc
[23.044s] running install_data
[23.130s] running install_egg_info
[23.569s] removing '/home/jetson/ros2_ws/src/install/count/lib/python3.8/site-packages/count-0.0.0-py3.8.egg-info' (and everything under it)
[23.570s] Copying ../build/count/count.egg-info to /home/jetson/ros2_ws/src/install/count/lib/python3.8/site-packages/count-0.0.0-py3.8.egg-info
[23.576s] running install_scripts
[24.337s] Installing cou script to /home/jetson/ros2_ws/src/install/count/lib/count
[24.338s] writing list of installed files to '/home/jetson/ros2_ws/src/build/count/install.log'
[24.589s] Invoked command in '/home/jetson/ros2_ws/src/count' returned '0': AMENT_PREFIX_PATH=/home/jetson/ros2_ws/src/install/darknet_ros_msgs:${AMENT_PREFIX_PATH} CMAKE_PREFIX_PATH=/home/jetson/ros2_ws/src/install/darknet_ros_msgs:${CMAKE_PREFIX_PATH} LD_LIBRARY_PATH=/home/jetson/ros2_ws/src/install/darknet_ros_msgs/lib:${LD_LIBRARY_PATH} PYTHONPATH=/home/jetson/ros2_ws/src/install/count/lib/python3.8/site-packages:/home/jetson/ros2_ws/src/install/darknet_ros_msgs/lib/python3.8/site-packages:${PYTHONPATH} /usr/bin/python3 setup.py egg_info --egg-base ../build/count build --build-base /home/jetson/ros2_ws/src/build/count/build install --prefix /home/jetson/ros2_ws/src/install/count --record /home/jetson/ros2_ws/src/build/count/install.log --single-version-externally-managed
