[9.067s] Invoking command in '/home/jetson/ros2_ws/build/humcount': PYTHONPATH=/home/jetson/ros2_ws/install/humcount/lib/python3.8/site-packages:${PYTHONPATH} /usr/bin/python3 setup.py develop --prefix /home/jetson/ros2_ws/install/humcount --editable --build-directory /home/jetson/ros2_ws/build/humcount/build --no-deps install_data --install-dir /home/jetson/ros2_ws/install/humcount
[10.365s] /usr/local/lib/python3.8/dist-packages/setuptools/dist.py:772: UserWarning: Usage of dash-separated 'script-dir' will not be supported in future versions. Please use the underscore name 'script_dir' instead
[10.365s]   warnings.warn(
[10.367s] /usr/local/lib/python3.8/dist-packages/setuptools/dist.py:772: UserWarning: Usage of dash-separated 'install-scripts' will not be supported in future versions. Please use the underscore name 'install_scripts' instead
[10.367s]   warnings.warn(
[13.153s] running develop
[13.154s] /usr/local/lib/python3.8/dist-packages/setuptools/command/easy_install.py:144: EasyInstallDeprecationWarning: easy_install command is deprecated. Use build and pip and other standards-based tools.
[13.155s]   warnings.warn(
[13.798s] /usr/local/lib/python3.8/dist-packages/setuptools/command/install.py:34: SetuptoolsDeprecationWarning: setup.py install is deprecated. Use build and pip and other standards-based tools.
[13.798s]   warnings.warn(
[15.095s] /usr/local/lib/python3.8/dist-packages/pkg_resources/__init__.py:123: PkgResourcesDeprecationWarning: 0.1.36ubuntu1 is an invalid version and will not be supported in a future release
[15.096s]   warnings.warn(
[15.096s] /usr/local/lib/python3.8/dist-packages/pkg_resources/__init__.py:123: PkgResourcesDeprecationWarning: 0.23ubuntu1 is an invalid version and will not be supported in a future release
[15.097s]   warnings.warn(
[15.563s] running egg_info
[15.882s] writing humcount.egg-info/PKG-INFO
[16.142s] writing dependency_links to humcount.egg-info/dependency_links.txt
[17.438s] writing requirements to humcount.egg-info/requires.txt
[17.700s] writing top-level names to humcount.egg-info/top_level.txt
[18.092s] reading manifest file 'humcount.egg-info/SOURCES.txt'
[18.096s] writing manifest file 'humcount.egg-info/SOURCES.txt'
[18.663s] running build_ext
[18.664s] Creating /home/jetson/ros2_ws/install/humcount/lib/python3.8/site-packages/humcount.egg-link (link to .)
[18.666s] 
[18.667s] Installed /home/jetson/ros2_ws/build/humcount
[18.667s] running install_data
[18.905s] Invoked command in '/home/jetson/ros2_ws/build/humcount' returned '0': PYTHONPATH=/home/jetson/ros2_ws/install/humcount/lib/python3.8/site-packages:${PYTHONPATH} /usr/bin/python3 setup.py develop --prefix /home/jetson/ros2_ws/install/humcount --editable --build-directory /home/jetson/ros2_ws/build/humcount/build --no-deps install_data --install-dir /home/jetson/ros2_ws/install/humcount
