[11.009s] Invoking command in '/home/jetson/ros2_ws/build/yolo_den': PYTHONPATH=/home/jetson/ros2_ws/install/yolo_den/lib/python3.8/site-packages:${PYTHONPATH} /usr/bin/python3 setup.py develop --prefix /home/jetson/ros2_ws/install/yolo_den --uninstall --editable --build-directory /home/jetson/ros2_ws/build/yolo_den/build
[12.569s] /usr/local/lib/python3.8/dist-packages/setuptools/dist.py:772: UserWarning: Usage of dash-separated 'script-dir' will not be supported in future versions. Please use the underscore name 'script_dir' instead
[12.569s]   warnings.warn(
[12.572s] /usr/local/lib/python3.8/dist-packages/setuptools/dist.py:772: UserWarning: Usage of dash-separated 'install-scripts' will not be supported in future versions. Please use the underscore name 'install_scripts' instead
[12.572s]   warnings.warn(
[15.993s] running develop
[15.994s] /usr/local/lib/python3.8/dist-packages/setuptools/command/easy_install.py:144: EasyInstallDeprecationWarning: easy_install command is deprecated. Use build and pip and other standards-based tools.
[15.994s]   warnings.warn(
[16.771s] /usr/local/lib/python3.8/dist-packages/setuptools/command/install.py:34: SetuptoolsDeprecationWarning: setup.py install is deprecated. Use build and pip and other standards-based tools.
[16.772s]   warnings.warn(
[18.339s] /usr/local/lib/python3.8/dist-packages/pkg_resources/__init__.py:123: PkgResourcesDeprecationWarning: 0.1.36ubuntu1 is an invalid version and will not be supported in a future release
[18.340s]   warnings.warn(
[18.340s] /usr/local/lib/python3.8/dist-packages/pkg_resources/__init__.py:123: PkgResourcesDeprecationWarning: 0.23ubuntu1 is an invalid version and will not be supported in a future release
[18.341s]   warnings.warn(
[19.119s] Invoked command in '/home/jetson/ros2_ws/build/yolo_den' returned '0': PYTHONPATH=/home/jetson/ros2_ws/install/yolo_den/lib/python3.8/site-packages:${PYTHONPATH} /usr/bin/python3 setup.py develop --prefix /home/jetson/ros2_ws/install/yolo_den --uninstall --editable --build-directory /home/jetson/ros2_ws/build/yolo_den/build
[19.128s] Invoking command in '/home/jetson/ros2_ws/src/yolo_den': PYTHONPATH=/home/jetson/ros2_ws/install/yolo_den/lib/python3.8/site-packages:${PYTHONPATH} /usr/bin/python3 setup.py egg_info --egg-base ../../build/yolo_den build --build-base /home/jetson/ros2_ws/build/yolo_den/build install --prefix /home/jetson/ros2_ws/install/yolo_den --record /home/jetson/ros2_ws/build/yolo_den/install.log --single-version-externally-managed
[20.599s] /usr/local/lib/python3.8/dist-packages/setuptools/dist.py:772: UserWarning: Usage of dash-separated 'script-dir' will not be supported in future versions. Please use the underscore name 'script_dir' instead
[20.599s]   warnings.warn(
[20.601s] /usr/local/lib/python3.8/dist-packages/setuptools/dist.py:772: UserWarning: Usage of dash-separated 'install-scripts' will not be supported in future versions. Please use the underscore name 'install_scripts' instead
[20.602s]   warnings.warn(
[24.564s] running egg_info
[24.948s] writing ../../build/yolo_den/yolo_den.egg-info/PKG-INFO
[25.264s] writing dependency_links to ../../build/yolo_den/yolo_den.egg-info/dependency_links.txt
[26.209s] writing entry points to ../../build/yolo_den/yolo_den.egg-info/entry_points.txt
[26.835s] writing requirements to ../../build/yolo_den/yolo_den.egg-info/requires.txt
[27.153s] writing top-level names to ../../build/yolo_den/yolo_den.egg-info/top_level.txt
[27.670s] reading manifest file '../../build/yolo_den/yolo_den.egg-info/SOURCES.txt'
[27.673s] writing manifest file '../../build/yolo_den/yolo_den.egg-info/SOURCES.txt'
[27.674s] running build
[27.674s] running build_py
[27.675s] running install
[27.676s] /usr/local/lib/python3.8/dist-packages/setuptools/command/install.py:34: SetuptoolsDeprecationWarning: setup.py install is deprecated. Use build and pip and other standards-based tools.
[27.676s]   warnings.warn(
[27.707s] running install_lib
[28.107s] byte-compiling /home/jetson/ros2_ws/install/yolo_den/lib/python3.8/site-packages/yolo_den/__init__.py to __init__.cpython-38.pyc
[28.125s] byte-compiling /home/jetson/ros2_ws/install/yolo_den/lib/python3.8/site-packages/yolo_den/yolo_den.py to yolo_den.cpython-38.pyc
[28.125s] running install_data
[28.174s] running install_egg_info
[28.561s] removing '/home/jetson/ros2_ws/install/yolo_den/lib/python3.8/site-packages/yolo_den-0.0.0-py3.8.egg-info' (and everything under it)
[28.562s] Copying ../../build/yolo_den/yolo_den.egg-info to /home/jetson/ros2_ws/install/yolo_den/lib/python3.8/site-packages/yolo_den-0.0.0-py3.8.egg-info
[28.566s] running install_scripts
[29.208s] Installing ysub2 script to /home/jetson/ros2_ws/install/yolo_den/lib/yolo_den
[29.209s] writing list of installed files to '/home/jetson/ros2_ws/build/yolo_den/install.log'
[29.420s] Invoked command in '/home/jetson/ros2_ws/src/yolo_den' returned '0': PYTHONPATH=/home/jetson/ros2_ws/install/yolo_den/lib/python3.8/site-packages:${PYTHONPATH} /usr/bin/python3 setup.py egg_info --egg-base ../../build/yolo_den build --build-base /home/jetson/ros2_ws/build/yolo_den/build install --prefix /home/jetson/ros2_ws/install/yolo_den --record /home/jetson/ros2_ws/build/yolo_den/install.log --single-version-externally-managed
