[25.780s] Invoking command in '/home/jetson/ros2_ws/build/yolo_den': PYTHONPATH=/home/jetson/ros2_ws/install/yolo_den/lib/python3.8/site-packages:${PYTHONPATH} /usr/bin/python3 setup.py develop --prefix /home/jetson/ros2_ws/install/yolo_den --editable --build-directory /home/jetson/ros2_ws/build/yolo_den/build --no-deps install_data --install-dir /home/jetson/ros2_ws/install/yolo_den
[27.678s] /usr/local/lib/python3.8/dist-packages/setuptools/dist.py:772: UserWarning: Usage of dash-separated 'script-dir' will not be supported in future versions. Please use the underscore name 'script_dir' instead
[27.681s]   warnings.warn(
[27.682s] /usr/local/lib/python3.8/dist-packages/setuptools/dist.py:772: UserWarning: Usage of dash-separated 'install-scripts' will not be supported in future versions. Please use the underscore name 'install_scripts' instead
[27.687s]   warnings.warn(
[32.338s] running develop
[32.347s] /usr/local/lib/python3.8/dist-packages/setuptools/command/easy_install.py:144: EasyInstallDeprecationWarning: easy_install command is deprecated. Use build and pip and other standards-based tools.
[32.349s]   warnings.warn(
[33.839s] /usr/local/lib/python3.8/dist-packages/setuptools/command/install.py:34: SetuptoolsDeprecationWarning: setup.py install is deprecated. Use build and pip and other standards-based tools.
[33.839s]   warnings.warn(
[36.372s] /usr/local/lib/python3.8/dist-packages/pkg_resources/__init__.py:123: PkgResourcesDeprecationWarning: 0.1.36ubuntu1 is an invalid version and will not be supported in a future release
[36.373s]   warnings.warn(
[36.373s] /usr/local/lib/python3.8/dist-packages/pkg_resources/__init__.py:123: PkgResourcesDeprecationWarning: 0.23ubuntu1 is an invalid version and will not be supported in a future release
[36.374s]   warnings.warn(
[37.259s] running egg_info
[37.912s] writing yolo_den.egg-info/PKG-INFO
[38.414s] writing dependency_links to yolo_den.egg-info/dependency_links.txt
[40.077s] writing entry points to yolo_den.egg-info/entry_points.txt
[41.039s] writing requirements to yolo_den.egg-info/requires.txt
[41.430s] writing top-level names to yolo_den.egg-info/top_level.txt
[42.011s] reading manifest file 'yolo_den.egg-info/SOURCES.txt'
[42.018s] writing manifest file 'yolo_den.egg-info/SOURCES.txt'
[42.866s] running build_ext
[42.866s] Creating /home/jetson/ros2_ws/install/yolo_den/lib/python3.8/site-packages/yolo-den.egg-link (link to .)
[42.869s] Installing ysub2 script to /home/jetson/ros2_ws/install/yolo_den/lib/yolo_den
[42.870s] 
[42.873s] Installed /home/jetson/ros2_ws/build/yolo_den
[42.879s] running install_data
[43.334s] Invoked command in '/home/jetson/ros2_ws/build/yolo_den' returned '0': PYTHONPATH=/home/jetson/ros2_ws/install/yolo_den/lib/python3.8/site-packages:${PYTHONPATH} /usr/bin/python3 setup.py develop --prefix /home/jetson/ros2_ws/install/yolo_den --editable --build-directory /home/jetson/ros2_ws/build/yolo_den/build --no-deps install_data --install-dir /home/jetson/ros2_ws/install/yolo_den
