make[2]: Warning: File 'CMakeFiles/darknet_ros_msgs__rosidl_generator_c.dir/depend.make' has modification time 443 s in the future
make[2]: warning:  Clock skew detected.  Your build may be incomplete.
make[2]: Warning: File 'rosidl_generator_cpp/darknet_ros_msgs/msg/bounding_box.hpp' has modification time 440 s in the future
make[2]: warning:  Clock skew detected.  Your build may be incomplete.
make[2]: Warning: File 'CMakeFiles/darknet_ros_msgs__rosidl_generator_c.dir/depend.make' has modification time 443 s in the future
make[2]: warning:  Clock skew detected.  Your build may be incomplete.
make[2]: Warning: File 'CMakeFiles/darknet_ros_msgs__rosidl_typesupport_introspection_cpp.dir/depend.make' has modification time 448 s in the future
make[2]: Warning: File 'CMakeFiles/darknet_ros_msgs__rosidl_typesupport_fastrtps_cpp.dir/depend.make' has modification time 449 s in the future
make[2]: warning:  Clock skew detected.  Your build may be incomplete.
make[2]: Warning: File 'CMakeFiles/darknet_ros_msgs__rosidl_typesupport_cpp.dir/depend.make' has modification time 447 s in the future
make[2]: warning:  Clock skew detected.  Your build may be incomplete.
make[2]: Warning: File 'CMakeFiles/darknet_ros_msgs__rosidl_typesupport_c.dir/depend.make' has modification time 454 s in the future
make[2]: Warning: File 'CMakeFiles/darknet_ros_msgs__rosidl_typesupport_introspection_cpp.dir/depend.make' has modification time 448 s in the future
make[2]: warning:  Clock skew detected.  Your build may be incomplete.
make[2]: Warning: File 'CMakeFiles/darknet_ros_msgs__rosidl_typesupport_cpp.dir/depend.make' has modification time 447 s in the future
make[2]: warning:  Clock skew detected.  Your build may be incomplete.
make[2]: warning:  Clock skew detected.  Your build may be incomplete.
make[2]: warning:  Clock skew detected.  Your build may be incomplete.
make[2]: Warning: File 'CMakeFiles/darknet_ros_msgs__rosidl_typesupport_fastrtps_cpp.dir/depend.make' has modification time 449 s in the future
make[2]: warning:  Clock skew detected.  Your build may be incomplete.
make[2]: Warning: File 'CMakeFiles/darknet_ros_msgs__rosidl_typesupport_introspection_c.dir/depend.make' has modification time 449 s in the future
make[2]: Warning: File 'CMakeFiles/darknet_ros_msgs__rosidl_typesupport_c.dir/depend.make' has modification time 454 s in the future
make[2]: warning:  Clock skew detected.  Your build may be incomplete.
make[2]: warning:  Clock skew detected.  Your build may be incomplete.
make[2]: Warning: File 'CMakeFiles/darknet_ros_msgs__rosidl_typesupport_introspection_c.dir/depend.make' has modification time 449 s in the future
make[2]: warning:  Clock skew detected.  Your build may be incomplete.
make[2]: Warning: File 'CMakeFiles/darknet_ros_msgs__rosidl_typesupport_fastrtps_c.dir/depend.make' has modification time 460 s in the future
make[2]: warning:  Clock skew detected.  Your build may be incomplete.
make[2]: Warning: File 'CMakeFiles/darknet_ros_msgs__rosidl_typesupport_fastrtps_c.dir/depend.make' has modification time 460 s in the future
make[2]: warning:  Clock skew detected.  Your build may be incomplete.
make[2]: Warning: File '/home/jetson/ros2_ws/src/darknet_ros_yolov4/darknet_ros/darknet_ros_msgs/msg/BoundingBox.msg' has modification time 1830306 s in the future
make[2]: warning:  Clock skew detected.  Your build may be incomplete.
make[2]: Warning: File 'rosidl_generator_py/darknet_ros_msgs/_darknet_ros_msgs_s.ep.rosidl_typesupport_fastrtps_c.c' has modification time 468 s in the future
make[2]: warning:  Clock skew detected.  Your build may be incomplete.
make[2]: Warning: File 'CMakeFiles/darknet_ros_msgs__python.dir/depend.make' has modification time 8891853 s in the future
make[2]: warning:  Clock skew detected.  Your build may be incomplete.
make[2]: Warning: File 'CMakeFiles/darknet_ros_msgs__python.dir/depend.make' has modification time 8891853 s in the future
make[2]: warning:  Clock skew detected.  Your build may be incomplete.
make[2]: Warning: File 'CMakeFiles/darknet_ros_msgs__rosidl_typesupport_c__pyext.dir/depend.make' has modification time 8891856 s in the future
make[2]: Warning: File 'CMakeFiles/darknet_ros_msgs__rosidl_typesupport_introspection_c__pyext.dir/depend.make' has modification time 8891856 s in the future
make[2]: warning:  Clock skew detected.  Your build may be incomplete.
make[2]: warning:  Clock skew detected.  Your build may be incomplete.
make[2]: Warning: File 'CMakeFiles/darknet_ros_msgs__rosidl_typesupport_fastrtps_c__pyext.dir/depend.make' has modification time 8891856 s in the future
make[2]: Warning: File 'CMakeFiles/darknet_ros_msgs__rosidl_typesupport_c__pyext.dir/depend.make' has modification time 8891856 s in the future
make[2]: warning:  Clock skew detected.  Your build may be incomplete.
make[2]: Warning: File 'CMakeFiles/darknet_ros_msgs__rosidl_typesupport_introspection_c__pyext.dir/depend.make' has modification time 8891856 s in the future
make[2]: warning:  Clock skew detected.  Your build may be incomplete.
make[2]: warning:  Clock skew detected.  Your build may be incomplete.
make[2]: Warning: File 'CMakeFiles/darknet_ros_msgs__rosidl_typesupport_fastrtps_c__pyext.dir/depend.make' has modification time 8891856 s in the future
make[2]: warning:  Clock skew detected.  Your build may be incomplete.
