[0.200s] Invoking command in '/home/jetson/ros2_ws/build/darknet_ros_msgs': CMAKE_PREFIX_PATH=/opt/ros/foxy /usr/local/bin/cmake --build /home/jetson/ros2_ws/build/darknet_ros_msgs -- -j4 -l4
[9.344s] make[2]: Warning: File 'CMakeFiles/darknet_ros_msgs__rosidl_generator_c.dir/depend.make' has modification time 443 s in the future
[9.345s] make[2]: warning:  Clock skew detected.  Your build may be incomplete.
[9.345s] make[2]: Warning: File 'rosidl_generator_cpp/darknet_ros_msgs/msg/bounding_box.hpp' has modification time 440 s in the future
[9.347s] make[2]: warning:  Clock skew detected.  Your build may be incomplete.
[9.348s] make[2]: Warning: File 'CMakeFiles/darknet_ros_msgs__rosidl_generator_c.dir/depend.make' has modification time 443 s in the future
[9.349s] make[2]: warning:  Clock skew detected.  Your build may be incomplete.
[9.350s] make[2]: Warning: File 'CMakeFiles/darknet_ros_msgs__rosidl_typesupport_introspection_cpp.dir/depend.make' has modification time 448 s in the future
[9.352s] make[2]: Warning: File 'CMakeFiles/darknet_ros_msgs__rosidl_typesupport_fastrtps_cpp.dir/depend.make' has modification time 449 s in the future
[9.356s] make[2]: warning:  Clock skew detected.  Your build may be incomplete.
[9.358s] make[2]: Warning: File 'CMakeFiles/darknet_ros_msgs__rosidl_typesupport_cpp.dir/depend.make' has modification time 447 s in the future
[9.358s] make[2]: warning:  Clock skew detected.  Your build may be incomplete.
[9.358s] make[2]: Warning: File 'CMakeFiles/darknet_ros_msgs__rosidl_typesupport_c.dir/depend.make' has modification time 454 s in the future
[9.359s] make[2]: Warning: File 'CMakeFiles/darknet_ros_msgs__rosidl_typesupport_introspection_cpp.dir/depend.make' has modification time 448 s in the future
[9.359s] make[2]: warning:  Clock skew detected.  Your build may be incomplete.
[9.360s] make[2]: Warning: File 'CMakeFiles/darknet_ros_msgs__rosidl_typesupport_cpp.dir/depend.make' has modification time 447 s in the future
[9.360s] make[2]: warning:  Clock skew detected.  Your build may be incomplete.
[9.361s] make[2]: warning:  Clock skew detected.  Your build may be incomplete.
[9.366s] make[2]: warning:  Clock skew detected.  Your build may be incomplete.
[9.369s] make[2]: Warning: File 'CMakeFiles/darknet_ros_msgs__rosidl_typesupport_fastrtps_cpp.dir/depend.make' has modification time 449 s in the future
[9.374s] make[2]: warning:  Clock skew detected.  Your build may be incomplete.
[9.376s] make[2]: Warning: File 'CMakeFiles/darknet_ros_msgs__rosidl_typesupport_introspection_c.dir/depend.make' has modification time 449 s in the future
[9.376s] make[2]: Warning: File 'CMakeFiles/darknet_ros_msgs__rosidl_typesupport_c.dir/depend.make' has modification time 454 s in the future
[9.377s] make[2]: warning:  Clock skew detected.  Your build may be incomplete.
[9.377s] make[2]: warning:  Clock skew detected.  Your build may be incomplete.
[9.377s] make[2]: Warning: File 'CMakeFiles/darknet_ros_msgs__rosidl_typesupport_introspection_c.dir/depend.make' has modification time 449 s in the future
[9.378s] make[2]: warning:  Clock skew detected.  Your build may be incomplete.
[9.378s] make[2]: Warning: File 'CMakeFiles/darknet_ros_msgs__rosidl_typesupport_fastrtps_c.dir/depend.make' has modification time 460 s in the future
[9.378s] make[2]: warning:  Clock skew detected.  Your build may be incomplete.
[9.379s] make[2]: Warning: File 'CMakeFiles/darknet_ros_msgs__rosidl_typesupport_fastrtps_c.dir/depend.make' has modification time 460 s in the future
[9.379s] make[2]: warning:  Clock skew detected.  Your build may be incomplete.
[9.380s] make[2]: Warning: File '/home/jetson/ros2_ws/src/darknet_ros_yolov4/darknet_ros/darknet_ros_msgs/msg/BoundingBox.msg' has modification time 1830306 s in the future
[9.380s] make[2]: warning:  Clock skew detected.  Your build may be incomplete.
[9.381s] make[2]: Warning: File 'rosidl_generator_py/darknet_ros_msgs/_darknet_ros_msgs_s.ep.rosidl_typesupport_fastrtps_c.c' has modification time 468 s in the future
[9.381s] make[2]: warning:  Clock skew detected.  Your build may be incomplete.
[9.381s] make[2]: Warning: File 'CMakeFiles/darknet_ros_msgs__python.dir/depend.make' has modification time 8891853 s in the future
[9.382s] make[2]: warning:  Clock skew detected.  Your build may be incomplete.
[9.382s] make[2]: Warning: File 'CMakeFiles/darknet_ros_msgs__python.dir/depend.make' has modification time 8891853 s in the future
[9.383s] make[2]: warning:  Clock skew detected.  Your build may be incomplete.
[9.383s] make[2]: Warning: File 'CMakeFiles/darknet_ros_msgs__rosidl_typesupport_c__pyext.dir/depend.make' has modification time 8891856 s in the future
[9.383s] make[2]: Warning: File 'CMakeFiles/darknet_ros_msgs__rosidl_typesupport_introspection_c__pyext.dir/depend.make' has modification time 8891856 s in the future
[9.385s] make[2]: warning:  Clock skew detected.  Your build may be incomplete.
[9.385s] make[2]: warning:  Clock skew detected.  Your build may be incomplete.
[9.385s] make[2]: Warning: File 'CMakeFiles/darknet_ros_msgs__rosidl_typesupport_fastrtps_c__pyext.dir/depend.make' has modification time 8891856 s in the future
[9.386s] make[2]: Warning: File 'CMakeFiles/darknet_ros_msgs__rosidl_typesupport_c__pyext.dir/depend.make' has modification time 8891856 s in the future
[9.386s] make[2]: warning:  Clock skew detected.  Your build may be incomplete.
[9.387s] make[2]: Warning: File 'CMakeFiles/darknet_ros_msgs__rosidl_typesupport_introspection_c__pyext.dir/depend.make' has modification time 8891856 s in the future
[9.391s] make[2]: warning:  Clock skew detected.  Your build may be incomplete.
[9.392s] make[2]: warning:  Clock skew detected.  Your build may be incomplete.
[9.395s] make[2]: Warning: File 'CMakeFiles/darknet_ros_msgs__rosidl_typesupport_fastrtps_c__pyext.dir/depend.make' has modification time 8891856 s in the future
[9.400s] make[2]: warning:  Clock skew detected.  Your build may be incomplete.
[9.402s] -- Found ament_cmake: 0.9.9 (/opt/ros/foxy/share/ament_cmake/cmake)
[9.402s] -- Found PythonInterp: /usr/bin/python3 (found suitable version "3.8.10", minimum required is "3") 
[9.403s] -- Using PYTHON_EXECUTABLE: /usr/bin/python3
[9.403s] -- Override CMake install command with custom implementation using symlinks instead of copying resources
[9.404s] -- Found action_msgs: 1.0.0 (/opt/ros/foxy/share/action_msgs/cmake)
[9.404s] -- Using all available rosidl_typesupport_c: rosidl_typesupport_fastrtps_c;rosidl_typesupport_introspection_c
[9.405s] -- Found rosidl_adapter: 1.2.1 (/opt/ros/foxy/share/rosidl_adapter/cmake)
[9.405s] -- Using all available rosidl_typesupport_cpp: rosidl_typesupport_fastrtps_cpp;rosidl_typesupport_introspection_cpp
[9.405s] -- Found geometry_msgs: 2.0.5 (/opt/ros/foxy/share/geometry_msgs/cmake)
[9.406s] -- Found rosidl_default_generators: 1.0.1 (/opt/ros/foxy/share/rosidl_default_generators/cmake)
[9.406s] -- Found sensor_msgs: 2.0.5 (/opt/ros/foxy/share/sensor_msgs/cmake)
[9.407s] -- Found PythonInterp: /usr/bin/python3 (found version "3.8.10") 
[9.407s] -- Found ament_cmake_ros: 0.9.2 (/opt/ros/foxy/share/ament_cmake_ros/cmake)
[9.408s] -- Using all available rosidl_typesupport_c: rosidl_typesupport_fastrtps_c;rosidl_typesupport_introspection_c
[9.408s] -- Using all available rosidl_typesupport_cpp: rosidl_typesupport_fastrtps_cpp;rosidl_typesupport_introspection_cpp
[9.410s] -- Found PythonInterp: /usr/bin/python3 (found suitable version "3.8.10", minimum required is "3.5") 
[9.410s] -- Found python_cmake_module: 0.8.1 (/opt/ros/foxy/share/python_cmake_module/cmake)
[9.411s] -- Using PYTHON_EXECUTABLE: /usr/bin/python3
[9.411s] -- Using PYTHON_INCLUDE_DIRS: /usr/include/python3.8
[9.411s] -- Using PYTHON_LIBRARIES: /usr/lib/aarch64-linux-gnu/libpython3.8.so
[9.412s] -- Configuring done
[9.412s] -- Generating done
[9.413s] -- Build files have been written to: /home/jetson/ros2_ws/build/darknet_ros_msgs
[9.413s] [  1%] Built target darknet_ros_msgs__cpp
[9.414s] [ 12%] Built target darknet_ros_msgs__rosidl_generator_c
[9.415s] [ 23%] Built target darknet_ros_msgs__rosidl_typesupport_introspection_cpp
[9.416s] [ 34%] Built target darknet_ros_msgs__rosidl_typesupport_cpp
[9.416s] [ 45%] Built target darknet_ros_msgs__rosidl_typesupport_fastrtps_cpp
[9.417s] [ 56%] Built target darknet_ros_msgs__rosidl_typesupport_c
[9.417s] [ 67%] Built target darknet_ros_msgs__rosidl_typesupport_introspection_c
[9.418s] [ 78%] Built target darknet_ros_msgs__rosidl_typesupport_fastrtps_c
[9.418s] [ 78%] Built target darknet_ros_msgs
[9.418s] [ 80%] Built target darknet_ros_msgs__py
[9.419s] [ 89%] Built target darknet_ros_msgs__python
[9.419s] [ 92%] Built target darknet_ros_msgs__rosidl_typesupport_c__pyext
[9.420s] [ 96%] Built target darknet_ros_msgs__rosidl_typesupport_introspection_c__pyext
[9.420s] [100%] Built target darknet_ros_msgs__rosidl_typesupport_fastrtps_c__pyext
[9.428s] Invoked command in '/home/jetson/ros2_ws/build/darknet_ros_msgs' returned '0': CMAKE_PREFIX_PATH=/opt/ros/foxy /usr/local/bin/cmake --build /home/jetson/ros2_ws/build/darknet_ros_msgs -- -j4 -l4
[9.822s] Invoking command in '/home/jetson/ros2_ws/build/darknet_ros_msgs': CMAKE_PREFIX_PATH=/opt/ros/foxy /usr/local/bin/cmake --install /home/jetson/ros2_ws/build/darknet_ros_msgs
[9.847s] -- Install configuration: "RELWITHDEBINFO"
[9.849s] -- Execute custom install script
[9.851s] -- Up-to-date symlink: /home/jetson/ros2_ws/install/darknet_ros_msgs/share/ament_index/resource_index/rosidl_interfaces/darknet_ros_msgs
[9.856s] -- Up-to-date symlink: /home/jetson/ros2_ws/install/darknet_ros_msgs/include/darknet_ros_msgs/action/check_for_objects.h
[9.857s] -- Up-to-date symlink: /home/jetson/ros2_ws/install/darknet_ros_msgs/include/darknet_ros_msgs/action/detail/check_for_objects__functions.h
[9.858s] -- Up-to-date symlink: /home/jetson/ros2_ws/install/darknet_ros_msgs/include/darknet_ros_msgs/action/detail/check_for_objects__struct.h
[9.863s] -- Up-to-date symlink: /home/jetson/ros2_ws/install/darknet_ros_msgs/include/darknet_ros_msgs/action/detail/check_for_objects__type_support.h
[9.864s] -- Up-to-date symlink: /home/jetson/ros2_ws/install/darknet_ros_msgs/include/darknet_ros_msgs/msg/bounding_box.h
[9.865s] -- Up-to-date symlink: /home/jetson/ros2_ws/install/darknet_ros_msgs/include/darknet_ros_msgs/msg/bounding_boxes.h
[9.865s] -- Up-to-date symlink: /home/jetson/ros2_ws/install/darknet_ros_msgs/include/darknet_ros_msgs/msg/detail/bounding_box__functions.h
[9.866s] -- Up-to-date symlink: /home/jetson/ros2_ws/install/darknet_ros_msgs/include/darknet_ros_msgs/msg/detail/bounding_box__struct.h
[9.867s] -- Up-to-date symlink: /home/jetson/ros2_ws/install/darknet_ros_msgs/include/darknet_ros_msgs/msg/detail/bounding_box__type_support.h
[9.868s] -- Up-to-date symlink: /home/jetson/ros2_ws/install/darknet_ros_msgs/include/darknet_ros_msgs/msg/detail/bounding_boxes__functions.h
[9.869s] -- Up-to-date symlink: /home/jetson/ros2_ws/install/darknet_ros_msgs/include/darknet_ros_msgs/msg/detail/bounding_boxes__struct.h
[9.870s] -- Up-to-date symlink: /home/jetson/ros2_ws/install/darknet_ros_msgs/include/darknet_ros_msgs/msg/detail/bounding_boxes__type_support.h
[9.870s] -- Up-to-date symlink: /home/jetson/ros2_ws/install/darknet_ros_msgs/include/darknet_ros_msgs/msg/detail/object_count__functions.h
[9.871s] -- Up-to-date symlink: /home/jetson/ros2_ws/install/darknet_ros_msgs/include/darknet_ros_msgs/msg/detail/object_count__struct.h
[9.872s] -- Up-to-date symlink: /home/jetson/ros2_ws/install/darknet_ros_msgs/include/darknet_ros_msgs/msg/detail/object_count__type_support.h
[9.874s] -- Up-to-date symlink: /home/jetson/ros2_ws/install/darknet_ros_msgs/include/darknet_ros_msgs/msg/object_count.h
[9.874s] -- Up-to-date symlink: /home/jetson/ros2_ws/install/darknet_ros_msgs/include/darknet_ros_msgs/msg/rosidl_generator_c__visibility_control.h
[9.876s] -- Up-to-date symlink: /home/jetson/ros2_ws/install/darknet_ros_msgs/share/darknet_ros_msgs/environment/library_path.sh
[9.879s] -- Up-to-date symlink: /home/jetson/ros2_ws/install/darknet_ros_msgs/share/darknet_ros_msgs/environment/library_path.dsv
[9.888s] -- Up-to-date symlink: /home/jetson/ros2_ws/install/darknet_ros_msgs/include/darknet_ros_msgs/action/detail/check_for_objects__rosidl_typesupport_fastrtps_c.h
[9.889s] -- Up-to-date symlink: /home/jetson/ros2_ws/install/darknet_ros_msgs/include/darknet_ros_msgs/msg/detail/bounding_box__rosidl_typesupport_fastrtps_c.h
[9.890s] -- Up-to-date symlink: /home/jetson/ros2_ws/install/darknet_ros_msgs/include/darknet_ros_msgs/msg/detail/bounding_boxes__rosidl_typesupport_fastrtps_c.h
[9.891s] -- Up-to-date symlink: /home/jetson/ros2_ws/install/darknet_ros_msgs/include/darknet_ros_msgs/msg/detail/object_count__rosidl_typesupport_fastrtps_c.h
[9.892s] -- Up-to-date symlink: /home/jetson/ros2_ws/install/darknet_ros_msgs/include/darknet_ros_msgs/msg/rosidl_typesupport_fastrtps_c__visibility_control.h
[9.893s] -- Up-to-date symlink: /home/jetson/ros2_ws/install/darknet_ros_msgs/lib/libdarknet_ros_msgs__rosidl_typesupport_fastrtps_c.so
[9.897s] -- Up-to-date symlink: /home/jetson/ros2_ws/install/darknet_ros_msgs/include/darknet_ros_msgs/action/detail/check_for_objects__rosidl_typesupport_fastrtps_cpp.hpp
[9.898s] -- Up-to-date symlink: /home/jetson/ros2_ws/install/darknet_ros_msgs/include/darknet_ros_msgs/msg/detail/bounding_box__rosidl_typesupport_fastrtps_cpp.hpp
[9.899s] -- Up-to-date symlink: /home/jetson/ros2_ws/install/darknet_ros_msgs/include/darknet_ros_msgs/msg/detail/bounding_boxes__rosidl_typesupport_fastrtps_cpp.hpp
[9.900s] -- Up-to-date symlink: /home/jetson/ros2_ws/install/darknet_ros_msgs/include/darknet_ros_msgs/msg/detail/object_count__rosidl_typesupport_fastrtps_cpp.hpp
[9.901s] -- Up-to-date symlink: /home/jetson/ros2_ws/install/darknet_ros_msgs/include/darknet_ros_msgs/msg/rosidl_typesupport_fastrtps_cpp__visibility_control.h
[9.902s] -- Up-to-date symlink: /home/jetson/ros2_ws/install/darknet_ros_msgs/lib/libdarknet_ros_msgs__rosidl_typesupport_fastrtps_cpp.so
[9.905s] -- Up-to-date symlink: /home/jetson/ros2_ws/install/darknet_ros_msgs/include/darknet_ros_msgs/action/detail/check_for_objects__rosidl_typesupport_introspection_c.h
[9.906s] -- Up-to-date symlink: /home/jetson/ros2_ws/install/darknet_ros_msgs/include/darknet_ros_msgs/msg/detail/bounding_box__rosidl_typesupport_introspection_c.h
[9.907s] -- Up-to-date symlink: /home/jetson/ros2_ws/install/darknet_ros_msgs/include/darknet_ros_msgs/msg/detail/bounding_boxes__rosidl_typesupport_introspection_c.h
[9.908s] -- Up-to-date symlink: /home/jetson/ros2_ws/install/darknet_ros_msgs/include/darknet_ros_msgs/msg/detail/object_count__rosidl_typesupport_introspection_c.h
[9.909s] -- Up-to-date symlink: /home/jetson/ros2_ws/install/darknet_ros_msgs/include/darknet_ros_msgs/msg/rosidl_typesupport_introspection_c__visibility_control.h
[9.911s] -- Up-to-date symlink: /home/jetson/ros2_ws/install/darknet_ros_msgs/include/darknet_ros_msgs/action/check_for_objects.hpp
[9.912s] -- Up-to-date symlink: /home/jetson/ros2_ws/install/darknet_ros_msgs/include/darknet_ros_msgs/action/detail/check_for_objects__builder.hpp
[9.913s] -- Up-to-date symlink: /home/jetson/ros2_ws/install/darknet_ros_msgs/include/darknet_ros_msgs/action/detail/check_for_objects__struct.hpp
[9.914s] -- Up-to-date symlink: /home/jetson/ros2_ws/install/darknet_ros_msgs/include/darknet_ros_msgs/action/detail/check_for_objects__traits.hpp
[9.915s] -- Up-to-date symlink: /home/jetson/ros2_ws/install/darknet_ros_msgs/include/darknet_ros_msgs/msg/bounding_box.hpp
[9.915s] -- Up-to-date symlink: /home/jetson/ros2_ws/install/darknet_ros_msgs/include/darknet_ros_msgs/msg/bounding_boxes.hpp
[9.916s] -- Up-to-date symlink: /home/jetson/ros2_ws/install/darknet_ros_msgs/include/darknet_ros_msgs/msg/detail/bounding_box__builder.hpp
[9.917s] -- Up-to-date symlink: /home/jetson/ros2_ws/install/darknet_ros_msgs/include/darknet_ros_msgs/msg/detail/bounding_box__struct.hpp
[9.918s] -- Up-to-date symlink: /home/jetson/ros2_ws/install/darknet_ros_msgs/include/darknet_ros_msgs/msg/detail/bounding_box__traits.hpp
[9.918s] -- Up-to-date symlink: /home/jetson/ros2_ws/install/darknet_ros_msgs/include/darknet_ros_msgs/msg/detail/bounding_boxes__builder.hpp
[9.920s] -- Up-to-date symlink: /home/jetson/ros2_ws/install/darknet_ros_msgs/include/darknet_ros_msgs/msg/detail/bounding_boxes__struct.hpp
[9.920s] -- Up-to-date symlink: /home/jetson/ros2_ws/install/darknet_ros_msgs/include/darknet_ros_msgs/msg/detail/bounding_boxes__traits.hpp
[9.921s] -- Up-to-date symlink: /home/jetson/ros2_ws/install/darknet_ros_msgs/include/darknet_ros_msgs/msg/detail/object_count__builder.hpp
[9.922s] -- Up-to-date symlink: /home/jetson/ros2_ws/install/darknet_ros_msgs/include/darknet_ros_msgs/msg/detail/object_count__struct.hpp
[9.923s] -- Up-to-date symlink: /home/jetson/ros2_ws/install/darknet_ros_msgs/include/darknet_ros_msgs/msg/detail/object_count__traits.hpp
[9.923s] -- Up-to-date symlink: /home/jetson/ros2_ws/install/darknet_ros_msgs/include/darknet_ros_msgs/msg/object_count.hpp
[9.926s] -- Up-to-date symlink: /home/jetson/ros2_ws/install/darknet_ros_msgs/include/darknet_ros_msgs/action/detail/check_for_objects__rosidl_typesupport_introspection_cpp.hpp
[9.927s] -- Up-to-date symlink: /home/jetson/ros2_ws/install/darknet_ros_msgs/include/darknet_ros_msgs/msg/detail/bounding_box__rosidl_typesupport_introspection_cpp.hpp
[9.928s] -- Up-to-date symlink: /home/jetson/ros2_ws/install/darknet_ros_msgs/include/darknet_ros_msgs/msg/detail/bounding_boxes__rosidl_typesupport_introspection_cpp.hpp
[9.929s] -- Up-to-date symlink: /home/jetson/ros2_ws/install/darknet_ros_msgs/include/darknet_ros_msgs/msg/detail/object_count__rosidl_typesupport_introspection_cpp.hpp
[9.931s] -- Up-to-date symlink: /home/jetson/ros2_ws/install/darknet_ros_msgs/share/darknet_ros_msgs/environment/pythonpath.sh
[9.932s] -- Up-to-date symlink: /home/jetson/ros2_ws/install/darknet_ros_msgs/share/darknet_ros_msgs/environment/pythonpath.dsv
[9.934s] -- Up-to-date symlink: /home/jetson/ros2_ws/install/darknet_ros_msgs/lib/python3.8/site-packages/darknet_ros_msgs/__init__.py
[9.937s] -- Up-to-date symlink: /home/jetson/ros2_ws/install/darknet_ros_msgs/lib/python3.8/site-packages/darknet_ros_msgs/msg/__init__.py
[9.938s] -- Up-to-date symlink: /home/jetson/ros2_ws/install/darknet_ros_msgs/lib/python3.8/site-packages/darknet_ros_msgs/msg/_bounding_box.py
[9.939s] -- Up-to-date symlink: /home/jetson/ros2_ws/install/darknet_ros_msgs/lib/python3.8/site-packages/darknet_ros_msgs/msg/_bounding_boxes.py
[9.940s] -- Up-to-date symlink: /home/jetson/ros2_ws/install/darknet_ros_msgs/lib/python3.8/site-packages/darknet_ros_msgs/msg/_object_count.py
[9.942s] -- Up-to-date symlink: /home/jetson/ros2_ws/install/darknet_ros_msgs/lib/python3.8/site-packages/darknet_ros_msgs/action/__init__.py
[9.943s] -- Up-to-date symlink: /home/jetson/ros2_ws/install/darknet_ros_msgs/lib/python3.8/site-packages/darknet_ros_msgs/action/_check_for_objects.py
[9.945s] -- Up-to-date symlink: /home/jetson/ros2_ws/install/darknet_ros_msgs/lib/python3.8/site-packages/darknet_ros_msgs/darknet_ros_msgs_s__rosidl_typesupport_fastrtps_c.cpython-38-aarch64-linux-gnu.so
[9.947s] -- Up-to-date symlink: /home/jetson/ros2_ws/install/darknet_ros_msgs/lib/python3.8/site-packages/darknet_ros_msgs/darknet_ros_msgs_s__rosidl_typesupport_introspection_c.cpython-38-aarch64-linux-gnu.so
[9.948s] -- Up-to-date symlink: /home/jetson/ros2_ws/install/darknet_ros_msgs/lib/python3.8/site-packages/darknet_ros_msgs/darknet_ros_msgs_s__rosidl_typesupport_c.cpython-38-aarch64-linux-gnu.so
[9.950s] -- Up-to-date symlink: /home/jetson/ros2_ws/install/darknet_ros_msgs/lib/libdarknet_ros_msgs__python.so
[9.951s] -- Up-to-date symlink: /home/jetson/ros2_ws/install/darknet_ros_msgs/share/darknet_ros_msgs/msg/BoundingBox.idl
[9.953s] -- Up-to-date symlink: /home/jetson/ros2_ws/install/darknet_ros_msgs/share/darknet_ros_msgs/msg/BoundingBoxes.idl
[9.959s] -- Up-to-date symlink: /home/jetson/ros2_ws/install/darknet_ros_msgs/share/darknet_ros_msgs/msg/ObjectCount.idl
[9.961s] -- Up-to-date symlink: /home/jetson/ros2_ws/install/darknet_ros_msgs/share/darknet_ros_msgs/action/CheckForObjects.idl
[9.962s] -- Up-to-date symlink: /home/jetson/ros2_ws/install/darknet_ros_msgs/share/darknet_ros_msgs/msg/BoundingBox.msg
[9.963s] -- Up-to-date symlink: /home/jetson/ros2_ws/install/darknet_ros_msgs/share/darknet_ros_msgs/msg/BoundingBoxes.msg
[9.965s] -- Up-to-date symlink: /home/jetson/ros2_ws/install/darknet_ros_msgs/share/darknet_ros_msgs/msg/ObjectCount.msg
[9.966s] -- Up-to-date symlink: /home/jetson/ros2_ws/install/darknet_ros_msgs/share/darknet_ros_msgs/action/CheckForObjects.action
[9.967s] -- Up-to-date symlink: /home/jetson/ros2_ws/install/darknet_ros_msgs/share/ament_index/resource_index/package_run_dependencies/darknet_ros_msgs
[9.969s] -- Up-to-date symlink: /home/jetson/ros2_ws/install/darknet_ros_msgs/share/ament_index/resource_index/parent_prefix_path/darknet_ros_msgs
[9.970s] -- Up-to-date symlink: /home/jetson/ros2_ws/install/darknet_ros_msgs/share/darknet_ros_msgs/environment/ament_prefix_path.sh
[9.971s] -- Up-to-date symlink: /home/jetson/ros2_ws/install/darknet_ros_msgs/share/darknet_ros_msgs/environment/ament_prefix_path.dsv
[9.973s] -- Up-to-date symlink: /home/jetson/ros2_ws/install/darknet_ros_msgs/share/darknet_ros_msgs/environment/path.sh
[9.974s] -- Up-to-date symlink: /home/jetson/ros2_ws/install/darknet_ros_msgs/share/darknet_ros_msgs/environment/path.dsv
[9.976s] -- Up-to-date symlink: /home/jetson/ros2_ws/install/darknet_ros_msgs/share/darknet_ros_msgs/local_setup.bash
[9.977s] -- Up-to-date symlink: /home/jetson/ros2_ws/install/darknet_ros_msgs/share/darknet_ros_msgs/local_setup.sh
[9.979s] -- Up-to-date symlink: /home/jetson/ros2_ws/install/darknet_ros_msgs/share/darknet_ros_msgs/local_setup.zsh
[9.980s] -- Up-to-date symlink: /home/jetson/ros2_ws/install/darknet_ros_msgs/share/darknet_ros_msgs/local_setup.dsv
[9.981s] -- Symlinking: /home/jetson/ros2_ws/install/darknet_ros_msgs/share/darknet_ros_msgs/package.dsv
[9.993s] -- Up-to-date symlink: /home/jetson/ros2_ws/install/darknet_ros_msgs/share/ament_index/resource_index/packages/darknet_ros_msgs
[9.994s] -- Up-to-date symlink: /home/jetson/ros2_ws/install/darknet_ros_msgs/share/darknet_ros_msgs/cmake/rosidl_cmake-extras.cmake
[9.996s] -- Up-to-date symlink: /home/jetson/ros2_ws/install/darknet_ros_msgs/share/darknet_ros_msgs/cmake/ament_cmake_export_dependencies-extras.cmake
[9.997s] -- Up-to-date symlink: /home/jetson/ros2_ws/install/darknet_ros_msgs/share/darknet_ros_msgs/cmake/ament_cmake_export_libraries-extras.cmake
[9.999s] -- Up-to-date symlink: /home/jetson/ros2_ws/install/darknet_ros_msgs/share/darknet_ros_msgs/cmake/ament_cmake_export_targets-extras.cmake
[10.000s] -- Up-to-date symlink: /home/jetson/ros2_ws/install/darknet_ros_msgs/share/darknet_ros_msgs/cmake/ament_cmake_export_include_directories-extras.cmake
[10.001s] -- Up-to-date symlink: /home/jetson/ros2_ws/install/darknet_ros_msgs/share/darknet_ros_msgs/cmake/rosidl_cmake_export_typesupport_libraries-extras.cmake
[10.002s] -- Up-to-date symlink: /home/jetson/ros2_ws/install/darknet_ros_msgs/share/darknet_ros_msgs/cmake/rosidl_cmake_export_typesupport_targets-extras.cmake
[10.003s] -- Up-to-date symlink: /home/jetson/ros2_ws/install/darknet_ros_msgs/share/darknet_ros_msgs/cmake/darknet_ros_msgsConfig.cmake
[10.004s] -- Up-to-date symlink: /home/jetson/ros2_ws/install/darknet_ros_msgs/share/darknet_ros_msgs/cmake/darknet_ros_msgsConfig-version.cmake
[10.005s] -- Up-to-date symlink: /home/jetson/ros2_ws/install/darknet_ros_msgs/share/darknet_ros_msgs/package.xml
[10.006s] -- Up-to-date: /home/jetson/ros2_ws/install/darknet_ros_msgs/lib/libdarknet_ros_msgs__rosidl_generator_c.so
[10.008s] -- Up-to-date: /home/jetson/ros2_ws/install/darknet_ros_msgs/lib/libdarknet_ros_msgs__rosidl_typesupport_introspection_c.so
[10.009s] -- Up-to-date: /home/jetson/ros2_ws/install/darknet_ros_msgs/lib/libdarknet_ros_msgs__rosidl_typesupport_c.so
[10.011s] -- Up-to-date: /home/jetson/ros2_ws/install/darknet_ros_msgs/lib/libdarknet_ros_msgs__rosidl_typesupport_introspection_cpp.so
[10.013s] -- Up-to-date: /home/jetson/ros2_ws/install/darknet_ros_msgs/lib/libdarknet_ros_msgs__rosidl_typesupport_cpp.so
[10.147s] Compiling '/home/jetson/ros2_ws/install/darknet_ros_msgs/lib/python3.8/site-packages/darknet_ros_msgs/__init__.py'...
[10.173s] -- Up-to-date: /home/jetson/ros2_ws/install/darknet_ros_msgs/share/darknet_ros_msgs/cmake/darknet_ros_msgs__rosidl_generator_cExport.cmake
[10.174s] -- Installing: /home/jetson/ros2_ws/install/darknet_ros_msgs/share/darknet_ros_msgs/cmake/darknet_ros_msgs__rosidl_generator_cExport-relwithdebinfo.cmake
[10.175s] -- Up-to-date: /home/jetson/ros2_ws/install/darknet_ros_msgs/share/darknet_ros_msgs/cmake/darknet_ros_msgs__rosidl_typesupport_introspection_cExport.cmake
[10.176s] -- Installing: /home/jetson/ros2_ws/install/darknet_ros_msgs/share/darknet_ros_msgs/cmake/darknet_ros_msgs__rosidl_typesupport_introspection_cExport-relwithdebinfo.cmake
[10.177s] -- Up-to-date: /home/jetson/ros2_ws/install/darknet_ros_msgs/share/darknet_ros_msgs/cmake/darknet_ros_msgs__rosidl_typesupport_cExport.cmake
[10.177s] -- Installing: /home/jetson/ros2_ws/install/darknet_ros_msgs/share/darknet_ros_msgs/cmake/darknet_ros_msgs__rosidl_typesupport_cExport-relwithdebinfo.cmake
[10.178s] -- Up-to-date: /home/jetson/ros2_ws/install/darknet_ros_msgs/share/darknet_ros_msgs/cmake/darknet_ros_msgs__rosidl_generator_cppExport.cmake
[10.179s] -- Up-to-date: /home/jetson/ros2_ws/install/darknet_ros_msgs/share/darknet_ros_msgs/cmake/darknet_ros_msgs__rosidl_typesupport_introspection_cppExport.cmake
[10.180s] -- Installing: /home/jetson/ros2_ws/install/darknet_ros_msgs/share/darknet_ros_msgs/cmake/darknet_ros_msgs__rosidl_typesupport_introspection_cppExport-relwithdebinfo.cmake
[10.181s] -- Up-to-date: /home/jetson/ros2_ws/install/darknet_ros_msgs/share/darknet_ros_msgs/cmake/darknet_ros_msgs__rosidl_typesupport_cppExport.cmake
[10.181s] -- Installing: /home/jetson/ros2_ws/install/darknet_ros_msgs/share/darknet_ros_msgs/cmake/darknet_ros_msgs__rosidl_typesupport_cppExport-relwithdebinfo.cmake
[10.205s] Invoked command in '/home/jetson/ros2_ws/build/darknet_ros_msgs' returned '0': CMAKE_PREFIX_PATH=/opt/ros/foxy /usr/local/bin/cmake --install /home/jetson/ros2_ws/build/darknet_ros_msgs
