running develop
Removing /home/jetson/ros2_ws/install/termal/lib/python3.8/site-packages/termal.egg-link (link to .)
running egg_info
writing ../../build/termal/termal.egg-info/PKG-INFO
writing dependency_links to ../../build/termal/termal.egg-info/dependency_links.txt
writing entry points to ../../build/termal/termal.egg-info/entry_points.txt
writing requirements to ../../build/termal/termal.egg-info/requires.txt
writing top-level names to ../../build/termal/termal.egg-info/top_level.txt
reading manifest file '../../build/termal/termal.egg-info/SOURCES.txt'
writing manifest file '../../build/termal/termal.egg-info/SOURCES.txt'
running build
running build_py
running install
running install_lib
creating /home/jetson/ros2_ws/install/termal/lib/python3.8/site-packages/termal
copying /home/jetson/ros2_ws/build/termal/build/lib/termal/__init__.py -> /home/jetson/ros2_ws/install/termal/lib/python3.8/site-packages/termal
copying /home/jetson/ros2_ws/build/termal/build/lib/termal/termalcm.py -> /home/jetson/ros2_ws/install/termal/lib/python3.8/site-packages/termal
byte-compiling /home/jetson/ros2_ws/install/termal/lib/python3.8/site-packages/termal/__init__.py to __init__.cpython-38.pyc
byte-compiling /home/jetson/ros2_ws/install/termal/lib/python3.8/site-packages/termal/termalcm.py to termalcm.cpython-38.pyc
running install_data
running install_egg_info
Copying ../../build/termal/termal.egg-info to /home/jetson/ros2_ws/install/termal/lib/python3.8/site-packages/termal-0.0.0-py3.8.egg-info
running install_scripts
Installing ter script to /home/jetson/ros2_ws/install/termal/lib/termal
writing list of installed files to '/home/jetson/ros2_ws/build/termal/install.log'
