/usr/local/lib/python3.8/dist-packages/setuptools/dist.py:772: UserWarning: Usage of dash-separated 'script-dir' will not be supported in future versions. Please use the underscore name 'script_dir' instead
  warnings.warn(
/usr/local/lib/python3.8/dist-packages/setuptools/dist.py:772: UserWarning: Usage of dash-separated 'install-scripts' will not be supported in future versions. Please use the underscore name 'install_scripts' instead
  warnings.warn(
running develop
/usr/local/lib/python3.8/dist-packages/setuptools/command/easy_install.py:144: EasyInstallDeprecationWarning: easy_install command is deprecated. Use build and pip and other standards-based tools.
  warnings.warn(
/usr/local/lib/python3.8/dist-packages/setuptools/command/install.py:34: SetuptoolsDeprecationWarning: setup.py install is deprecated. Use build and pip and other standards-based tools.
  warnings.warn(
/usr/local/lib/python3.8/dist-packages/pkg_resources/__init__.py:123: PkgResourcesDeprecationWarning: 0.1.36ubuntu1 is an invalid version and will not be supported in a future release
  warnings.warn(
/usr/local/lib/python3.8/dist-packages/pkg_resources/__init__.py:123: PkgResourcesDeprecationWarning: 0.23ubuntu1 is an invalid version and will not be supported in a future release
  warnings.warn(
Removing /home/jetson/ros2_ws/install/termal/lib/python3.8/site-packages/termal.egg-link (link to .)
/usr/local/lib/python3.8/dist-packages/setuptools/dist.py:772: UserWarning: Usage of dash-separated 'script-dir' will not be supported in future versions. Please use the underscore name 'script_dir' instead
  warnings.warn(
/usr/local/lib/python3.8/dist-packages/setuptools/dist.py:772: UserWarning: Usage of dash-separated 'install-scripts' will not be supported in future versions. Please use the underscore name 'install_scripts' instead
  warnings.warn(
running egg_info
writing ../../build/termal/termal.egg-info/PKG-INFO
writing dependency_links to ../../build/termal/termal.egg-info/dependency_links.txt
writing entry points to ../../build/termal/termal.egg-info/entry_points.txt
writing requirements to ../../build/termal/termal.egg-info/requires.txt
writing top-level names to ../../build/termal/termal.egg-info/top_level.txt
reading manifest file '../../build/termal/termal.egg-info/SOURCES.txt'
writing manifest file '../../build/termal/termal.egg-info/SOURCES.txt'
running build
running build_py
running install
/usr/local/lib/python3.8/dist-packages/setuptools/command/install.py:34: SetuptoolsDeprecationWarning: setup.py install is deprecated. Use build and pip and other standards-based tools.
  warnings.warn(
running install_lib
creating /home/jetson/ros2_ws/install/termal/lib/python3.8/site-packages/termal
copying /home/jetson/ros2_ws/build/termal/build/lib/termal/__init__.py -> /home/jetson/ros2_ws/install/termal/lib/python3.8/site-packages/termal
copying /home/jetson/ros2_ws/build/termal/build/lib/termal/termalcm.py -> /home/jetson/ros2_ws/install/termal/lib/python3.8/site-packages/termal
byte-compiling /home/jetson/ros2_ws/install/termal/lib/python3.8/site-packages/termal/__init__.py to __init__.cpython-38.pyc
byte-compiling /home/jetson/ros2_ws/install/termal/lib/python3.8/site-packages/termal/termalcm.py to termalcm.cpython-38.pyc
running install_data
running install_egg_info
Copying ../../build/termal/termal.egg-info to /home/jetson/ros2_ws/install/termal/lib/python3.8/site-packages/termal-0.0.0-py3.8.egg-info
running install_scripts
Installing ter script to /home/jetson/ros2_ws/install/termal/lib/termal
writing list of installed files to '/home/jetson/ros2_ws/build/termal/install.log'
