[36.845s] Invoking command in '/home/jetson/ros2_ws/build/termal': PYTHONPATH=/home/jetson/ros2_ws/install/termal/lib/python3.8/site-packages:${PYTHONPATH} /usr/bin/python3 setup.py develop --prefix /home/jetson/ros2_ws/install/termal --editable --build-directory /home/jetson/ros2_ws/build/termal/build --no-deps install_data --install-dir /home/jetson/ros2_ws/install/termal
[39.289s] /usr/local/lib/python3.8/dist-packages/setuptools/dist.py:772: UserWarning: Usage of dash-separated 'script-dir' will not be supported in future versions. Please use the underscore name 'script_dir' instead
[39.290s]   warnings.warn(
[39.294s] /usr/local/lib/python3.8/dist-packages/setuptools/dist.py:772: UserWarning: Usage of dash-separated 'install-scripts' will not be supported in future versions. Please use the underscore name 'install_scripts' instead
[39.294s]   warnings.warn(
[43.840s] running develop
[43.847s] /usr/local/lib/python3.8/dist-packages/setuptools/command/easy_install.py:144: EasyInstallDeprecationWarning: easy_install command is deprecated. Use build and pip and other standards-based tools.
[43.847s]   warnings.warn(
[44.983s] /usr/local/lib/python3.8/dist-packages/setuptools/command/install.py:34: SetuptoolsDeprecationWarning: setup.py install is deprecated. Use build and pip and other standards-based tools.
[44.984s]   warnings.warn(
[47.308s] /usr/local/lib/python3.8/dist-packages/pkg_resources/__init__.py:123: PkgResourcesDeprecationWarning: 0.1.36ubuntu1 is an invalid version and will not be supported in a future release
[47.309s]   warnings.warn(
[47.313s] /usr/local/lib/python3.8/dist-packages/pkg_resources/__init__.py:123: PkgResourcesDeprecationWarning: 0.23ubuntu1 is an invalid version and will not be supported in a future release
[47.313s]   warnings.warn(
[48.148s] running egg_info
[48.735s] writing termal.egg-info/PKG-INFO
[49.566s] writing dependency_links to termal.egg-info/dependency_links.txt
[52.200s] writing entry points to termal.egg-info/entry_points.txt
[53.325s] writing requirements to termal.egg-info/requires.txt
[53.803s] writing top-level names to termal.egg-info/top_level.txt
[54.648s] reading manifest file 'termal.egg-info/SOURCES.txt'
[54.658s] writing manifest file 'termal.egg-info/SOURCES.txt'
[56.317s] running build_ext
[56.317s] Creating /home/jetson/ros2_ws/install/termal/lib/python3.8/site-packages/termal.egg-link (link to .)
[56.326s] Installing ter script to /home/jetson/ros2_ws/install/termal/lib/termal
[56.327s] 
[56.328s] Installed /home/jetson/ros2_ws/build/termal
[56.329s] running install_data
[56.936s] Invoked command in '/home/jetson/ros2_ws/build/termal' returned '0': PYTHONPATH=/home/jetson/ros2_ws/install/termal/lib/python3.8/site-packages:${PYTHONPATH} /usr/bin/python3 setup.py develop --prefix /home/jetson/ros2_ws/install/termal --editable --build-directory /home/jetson/ros2_ws/build/termal/build --no-deps install_data --install-dir /home/jetson/ros2_ws/install/termal
