[16.089s] Invoking command in '/home/jetson/ros2_ws/build/termal': PYTHONPATH=/home/jetson/ros2_ws/install/termal/lib/python3.8/site-packages:${PYTHONPATH} /usr/bin/python3 setup.py develop --prefix /home/jetson/ros2_ws/install/termal --editable --build-directory /home/jetson/ros2_ws/build/termal/build --no-deps install_data --install-dir /home/jetson/ros2_ws/install/termal
[17.571s] /usr/local/lib/python3.8/dist-packages/setuptools/dist.py:772: UserWarning: Usage of dash-separated 'script-dir' will not be supported in future versions. Please use the underscore name 'script_dir' instead
[17.572s]   warnings.warn(
[17.574s] /usr/local/lib/python3.8/dist-packages/setuptools/dist.py:772: UserWarning: Usage of dash-separated 'install-scripts' will not be supported in future versions. Please use the underscore name 'install_scripts' instead
[17.575s]   warnings.warn(
[21.211s] running develop
[21.213s] /usr/local/lib/python3.8/dist-packages/setuptools/command/easy_install.py:144: EasyInstallDeprecationWarning: easy_install command is deprecated. Use build and pip and other standards-based tools.
[21.214s]   warnings.warn(
[22.053s] /usr/local/lib/python3.8/dist-packages/setuptools/command/install.py:34: SetuptoolsDeprecationWarning: setup.py install is deprecated. Use build and pip and other standards-based tools.
[22.054s]   warnings.warn(
[23.706s] /usr/local/lib/python3.8/dist-packages/pkg_resources/__init__.py:123: PkgResourcesDeprecationWarning: 0.1.36ubuntu1 is an invalid version and will not be supported in a future release
[23.707s]   warnings.warn(
[23.708s] /usr/local/lib/python3.8/dist-packages/pkg_resources/__init__.py:123: PkgResourcesDeprecationWarning: 0.23ubuntu1 is an invalid version and will not be supported in a future release
[23.708s]   warnings.warn(
[24.235s] running egg_info
[24.628s] writing termal.egg-info/PKG-INFO
[24.940s] writing dependency_links to termal.egg-info/dependency_links.txt
[25.949s] writing entry points to termal.egg-info/entry_points.txt
[26.665s] writing requirements to termal.egg-info/requires.txt
[27.049s] writing top-level names to termal.egg-info/top_level.txt
[27.565s] reading manifest file 'termal.egg-info/SOURCES.txt'
[27.570s] writing manifest file 'termal.egg-info/SOURCES.txt'
[28.246s] running build_ext
[28.247s] Creating /home/jetson/ros2_ws/install/termal/lib/python3.8/site-packages/termal.egg-link (link to .)
[28.252s] Installing ter script to /home/jetson/ros2_ws/install/termal/lib/termal
[28.254s] 
[28.254s] Installed /home/jetson/ros2_ws/build/termal
[28.256s] running install_data
[28.523s] Invoked command in '/home/jetson/ros2_ws/build/termal' returned '0': PYTHONPATH=/home/jetson/ros2_ws/install/termal/lib/python3.8/site-packages:${PYTHONPATH} /usr/bin/python3 setup.py develop --prefix /home/jetson/ros2_ws/install/termal --editable --build-directory /home/jetson/ros2_ws/build/termal/build --no-deps install_data --install-dir /home/jetson/ros2_ws/install/termal
