[17.491s] Invoking command in '/home/jetson/ros2_ws/build/termal': PYTHONPATH=/home/jetson/ros2_ws/install/termal/lib/python3.8/site-packages:${PYTHONPATH} /usr/bin/python3 setup.py develop --prefix /home/jetson/ros2_ws/install/termal --editable --build-directory /home/jetson/ros2_ws/build/termal/build --no-deps install_data --install-dir /home/jetson/ros2_ws/install/termal
[19.244s] /usr/local/lib/python3.8/dist-packages/setuptools/dist.py:772: UserWarning: Usage of dash-separated 'script-dir' will not be supported in future versions. Please use the underscore name 'script_dir' instead
[19.245s]   warnings.warn(
[19.247s] /usr/local/lib/python3.8/dist-packages/setuptools/dist.py:772: UserWarning: Usage of dash-separated 'install-scripts' will not be supported in future versions. Please use the underscore name 'install_scripts' instead
[19.248s]   warnings.warn(
[22.927s] running develop
[22.934s] /usr/local/lib/python3.8/dist-packages/setuptools/command/easy_install.py:144: EasyInstallDeprecationWarning: easy_install command is deprecated. Use build and pip and other standards-based tools.
[22.935s]   warnings.warn(
[24.028s] /usr/local/lib/python3.8/dist-packages/setuptools/command/install.py:34: SetuptoolsDeprecationWarning: setup.py install is deprecated. Use build and pip and other standards-based tools.
[24.028s]   warnings.warn(
[25.834s] /usr/local/lib/python3.8/dist-packages/pkg_resources/__init__.py:123: PkgResourcesDeprecationWarning: 0.1.36ubuntu1 is an invalid version and will not be supported in a future release
[25.834s]   warnings.warn(
[25.835s] /usr/local/lib/python3.8/dist-packages/pkg_resources/__init__.py:123: PkgResourcesDeprecationWarning: 0.23ubuntu1 is an invalid version and will not be supported in a future release
[25.835s]   warnings.warn(
[26.613s] running egg_info
[27.102s] writing termal.egg-info/PKG-INFO
[27.497s] writing dependency_links to termal.egg-info/dependency_links.txt
[28.731s] writing entry points to termal.egg-info/entry_points.txt
[29.633s] writing requirements to termal.egg-info/requires.txt
[29.989s] writing top-level names to termal.egg-info/top_level.txt
[30.556s] reading manifest file 'termal.egg-info/SOURCES.txt'
[30.562s] writing manifest file 'termal.egg-info/SOURCES.txt'
[31.515s] running build_ext
[31.516s] Creating /home/jetson/ros2_ws/install/termal/lib/python3.8/site-packages/termal.egg-link (link to .)
[31.521s] Installing ter script to /home/jetson/ros2_ws/install/termal/lib/termal
[31.524s] 
[31.524s] Installed /home/jetson/ros2_ws/build/termal
[31.526s] running install_data
[32.342s] Invoked command in '/home/jetson/ros2_ws/build/termal' returned '0': PYTHONPATH=/home/jetson/ros2_ws/install/termal/lib/python3.8/site-packages:${PYTHONPATH} /usr/bin/python3 setup.py develop --prefix /home/jetson/ros2_ws/install/termal --editable --build-directory /home/jetson/ros2_ws/build/termal/build --no-deps install_data --install-dir /home/jetson/ros2_ws/install/termal
