[21.958s] Invoking command in '/home/jetson/ros2_ws/build/yolo_den': PYTHONPATH=/home/jetson/ros2_ws/install/yolo_den/lib/python3.8/site-packages:${PYTHONPATH} /usr/bin/python3 setup.py develop --prefix /home/jetson/ros2_ws/install/yolo_den --editable --build-directory /home/jetson/ros2_ws/build/yolo_den/build --no-deps install_data --install-dir /home/jetson/ros2_ws/install/yolo_den
[23.864s] /usr/local/lib/python3.8/dist-packages/setuptools/dist.py:772: UserWarning: Usage of dash-separated 'script-dir' will not be supported in future versions. Please use the underscore name 'script_dir' instead
[23.865s]   warnings.warn(
[23.867s] /usr/local/lib/python3.8/dist-packages/setuptools/dist.py:772: UserWarning: Usage of dash-separated 'install-scripts' will not be supported in future versions. Please use the underscore name 'install_scripts' instead
[23.868s]   warnings.warn(
[28.224s] running develop
[28.226s] /usr/local/lib/python3.8/dist-packages/setuptools/command/easy_install.py:144: EasyInstallDeprecationWarning: easy_install command is deprecated. Use build and pip and other standards-based tools.
[28.226s]   warnings.warn(
[29.434s] /usr/local/lib/python3.8/dist-packages/setuptools/command/install.py:34: SetuptoolsDeprecationWarning: setup.py install is deprecated. Use build and pip and other standards-based tools.
[29.435s]   warnings.warn(
[31.455s] /usr/local/lib/python3.8/dist-packages/pkg_resources/__init__.py:123: PkgResourcesDeprecationWarning: 0.1.36ubuntu1 is an invalid version and will not be supported in a future release
[31.456s]   warnings.warn(
[31.456s] /usr/local/lib/python3.8/dist-packages/pkg_resources/__init__.py:123: PkgResourcesDeprecationWarning: 0.23ubuntu1 is an invalid version and will not be supported in a future release
[31.457s]   warnings.warn(
[32.262s] running egg_info
[32.880s] writing yolo_den.egg-info/PKG-INFO
[33.307s] writing dependency_links to yolo_den.egg-info/dependency_links.txt
[34.755s] writing entry points to yolo_den.egg-info/entry_points.txt
[35.865s] writing requirements to yolo_den.egg-info/requires.txt
[36.387s] writing top-level names to yolo_den.egg-info/top_level.txt
[37.218s] reading manifest file 'yolo_den.egg-info/SOURCES.txt'
[37.225s] writing manifest file 'yolo_den.egg-info/SOURCES.txt'
[38.326s] running build_ext
[38.327s] Creating /home/jetson/ros2_ws/install/yolo_den/lib/python3.8/site-packages/yolo-den.egg-link (link to .)
[38.328s] Installing ysub2 script to /home/jetson/ros2_ws/install/yolo_den/lib/yolo_den
[38.328s] 
[38.329s] Installed /home/jetson/ros2_ws/build/yolo_den
[38.329s] running install_data
[38.647s] Invoked command in '/home/jetson/ros2_ws/build/yolo_den' returned '0': PYTHONPATH=/home/jetson/ros2_ws/install/yolo_den/lib/python3.8/site-packages:${PYTHONPATH} /usr/bin/python3 setup.py develop --prefix /home/jetson/ros2_ws/install/yolo_den --editable --build-directory /home/jetson/ros2_ws/build/yolo_den/build --no-deps install_data --install-dir /home/jetson/ros2_ws/install/yolo_den
