[0.239s] Invoking command in '/home/jetson/ros2_ws/build/px4_ros_com': AMENT_PREFIX_PATH=/home/jetson/ros2_ws/install/px4_msgs:${AMENT_PREFIX_PATH} CMAKE_PREFIX_PATH=/home/jetson/ros2_ws/install/px4_msgs:/opt/ros/foxy LD_LIBRARY_PATH=/home/jetson/ros2_ws/install/px4_msgs/lib:${LD_LIBRARY_PATH} PYTHONPATH=/home/jetson/ros2_ws/install/px4_msgs/lib/python3.8/site-packages:${PYTHONPATH} /usr/local/bin/cmake --build /home/jetson/ros2_ws/build/px4_ros_com -- -j4 -l4
[4.180s] [  2%] Built target frame_transforms
[4.481s] [ 91%] Built target micrortps_agent
[4.563s] [ 93%] Built target vehicle_gps_position_listener
[5.038s] [ 94%] Built target debug_vect_advertiser
[5.101s] [ 96%] Built target sensor_combined_listener
[5.170s] [ 98%] Built target setpoint
[5.228s] [35m[1mScanning dependencies of target offboard_control[0m
[5.346s] [ 99%] [32mBuilding CXX object CMakeFiles/offboard_control.dir/src/examples/offboard/offboard_control.cpp.o[0m
[13.122s] [01m[K/home/jetson/ros2_ws/src/px4_ros_com/src/examples/offboard/offboard_control.cpp:213:57:[m[K [01;31m[Kerror: [m[Kredeclaration of ‘[01m[Krclcpp::Subscription<std_msgs::msg::String_<std::allocator<void> > >::SharedPtr OffboardControl::subscription_[m[K’
[13.123s]   rclcpp::Subscription<std_msgs::msg::String>::SharedPtr [01;31m[Ksubscription_[m[K; //Subs
[13.123s]                                                          [01;31m[K^~~~~~~~~~~~~[m[K
[13.123s] [01m[K/home/jetson/ros2_ws/src/px4_ros_com/src/examples/offboard/offboard_control.cpp:210:71:[m[K [01;36m[Knote: [m[Kprevious declaration ‘[01m[Krclcpp::Subscription<px4_msgs::msg::VehicleLocalPosition_<std::allocator<void> > >::SharedPtr OffboardControl::subscription_[m[K’
[13.124s]  clcpp::Subscription<px4_msgs::msg::VehicleLocalPosition>::SharedPtr [01;36m[Ksubscription_[m[K;
[13.124s]                                                                      [01;36m[K^~~~~~~~~~~~~[m[K
[13.125s] 
[13.133s] [01m[K/home/jetson/ros2_ws/src/px4_ros_com/src/examples/offboard/offboard_control.cpp:[m[K In constructor ‘[01m[KOffboardControl::OffboardControl()[m[K’:
[13.134s] [01m[K/home/jetson/ros2_ws/src/px4_ros_com/src/examples/offboard/offboard_control.cpp:38:3:[m[K [01;31m[Kerror: [m[K‘[01m[Ksubscription2[m[K’ was not declared in this scope
[13.134s]    [01;31m[Ksubscription2[m[K = this->create_subscription<std_msgs::msg::String>("center_point", 10,
[13.136s]    [01;31m[K^~~~~~~~~~~~~[m[K
[13.141s] [01m[K/home/jetson/ros2_ws/src/px4_ros_com/src/examples/offboard/offboard_control.cpp:38:3:[m[K [01;36m[Knote: [m[Ksuggested alternative: ‘[01m[Ksubscription_[m[K’
[13.141s]    [01;36m[Ksubscription2[m[K = this->create_subscription<std_msgs::msg::String>("center_point", 10,
[13.142s]    [01;36m[K^~~~~~~~~~~~~[m[K
[13.142s]    [32m[Ksubscription_[m[K
[25.682s] make[2]: *** [CMakeFiles/offboard_control.dir/build.make:82: CMakeFiles/offboard_control.dir/src/examples/offboard/offboard_control.cpp.o] Error 1
[25.683s] make[1]: *** [CMakeFiles/Makefile2:136: CMakeFiles/offboard_control.dir/all] Error 2
[25.683s] make: *** [Makefile:160: all] Error 2
[25.689s] Invoked command in '/home/jetson/ros2_ws/build/px4_ros_com' returned '2': AMENT_PREFIX_PATH=/home/jetson/ros2_ws/install/px4_msgs:${AMENT_PREFIX_PATH} CMAKE_PREFIX_PATH=/home/jetson/ros2_ws/install/px4_msgs:/opt/ros/foxy LD_LIBRARY_PATH=/home/jetson/ros2_ws/install/px4_msgs/lib:${LD_LIBRARY_PATH} PYTHONPATH=/home/jetson/ros2_ws/install/px4_msgs/lib/python3.8/site-packages:${PYTHONPATH} /usr/local/bin/cmake --build /home/jetson/ros2_ws/build/px4_ros_com -- -j4 -l4
