[1.718s] DEBUG:colcon:Command line arguments: ['/usr/bin/colcon', 'build', '--packages-select', 'humcount', '--symlink-install']
[1.718s] DEBUG:colcon:Parsed command line arguments: Namespace(allow_overriding=[], ament_cmake_args=None, base_paths=['.'], build_base='build', catkin_cmake_args=None, catkin_skip_building_tests=False, cmake_args=None, cmake_clean_cache=False, cmake_clean_first=False, cmake_force_configure=False, cmake_target=None, cmake_target_skip_unavailable=False, continue_on_error=False, event_handlers=None, executor='parallel', ignore_user_meta=False, install_base='install', log_base=None, log_level=None, main=<bound method BuildVerb.main of <colcon_core.verb.build.BuildVerb object at 0x7f78a88d60>>, merge_install=False, metas=['./colcon.meta'], packages_above=None, packages_above_and_dependencies=None, packages_above_depth=None, packages_end=None, packages_ignore=None, packages_ignore_regex=None, packages_select=['humcount'], packages_select_build_failed=False, packages_select_by_dep=None, packages_select_regex=None, packages_select_test_failures=False, packages_skip=None, packages_skip_build_finished=False, packages_skip_by_dep=None, packages_skip_regex=None, packages_skip_test_passed=False, packages_skip_up_to=None, packages_start=None, packages_up_to=None, packages_up_to_regex=None, parallel_workers=4, paths=None, symlink_install=True, test_result_base=None, verb_extension=<colcon_core.verb.build.BuildVerb object at 0x7f78a88d60>, verb_name='build', verb_parser=<colcon_defaults.argument_parser.defaults.DefaultArgumentsDecorator object at 0x7f7890bdc0>)
[1.988s] Level 1:colcon.colcon_core.package_discovery:discover_packages(colcon_meta) check parameters
[1.988s] Level 1:colcon.colcon_core.package_discovery:discover_packages(recursive) check parameters
[1.989s] Level 1:colcon.colcon_core.package_discovery:discover_packages(ignore) check parameters
[1.989s] Level 1:colcon.colcon_core.package_discovery:discover_packages(path) check parameters
[1.989s] Level 1:colcon.colcon_core.package_discovery:discover_packages(colcon_meta) discover
[1.989s] Level 1:colcon.colcon_core.package_discovery:discover_packages(recursive) discover
[1.989s] INFO:colcon.colcon_core.package_discovery:Crawling recursively for packages in '/home/jetson/ros2_ws'
[1.990s] Level 1:colcon.colcon_core.package_identification:_identify(.) by extensions ['ignore', 'ignore_ament_install']
[1.990s] Level 1:colcon.colcon_core.package_identification:_identify(.) by extension 'ignore'
[1.990s] Level 1:colcon.colcon_core.package_identification:_identify(.) by extension 'ignore_ament_install'
[1.990s] Level 1:colcon.colcon_core.package_identification:_identify(.) by extensions ['colcon_pkg']
[1.991s] Level 1:colcon.colcon_core.package_identification:_identify(.) by extension 'colcon_pkg'
[1.991s] Level 1:colcon.colcon_core.package_identification:_identify(.) by extensions ['colcon_meta']
[1.991s] Level 1:colcon.colcon_core.package_identification:_identify(.) by extension 'colcon_meta'
[1.991s] Level 1:colcon.colcon_core.package_identification:_identify(.) by extensions ['ros']
[1.991s] Level 1:colcon.colcon_core.package_identification:_identify(.) by extension 'ros'
[2.051s] Level 1:colcon.colcon_core.package_identification:_identify(.) by extensions ['cmake', 'python']
[2.052s] Level 1:colcon.colcon_core.package_identification:_identify(.) by extension 'cmake'
[2.052s] Level 1:colcon.colcon_core.package_identification:_identify(.) by extension 'python'
[2.052s] Level 1:colcon.colcon_core.package_identification:_identify(.) by extensions ['python_setup_py']
[2.052s] Level 1:colcon.colcon_core.package_identification:_identify(.) by extension 'python_setup_py'
[2.053s] Level 1:colcon.colcon_core.package_identification:_identify(build) by extensions ['ignore', 'ignore_ament_install']
[2.053s] Level 1:colcon.colcon_core.package_identification:_identify(build) by extension 'ignore'
[2.053s] Level 1:colcon.colcon_core.package_identification:_identify(build) ignored
[2.054s] Level 1:colcon.colcon_core.package_identification:_identify(install) by extensions ['ignore', 'ignore_ament_install']
[2.054s] Level 1:colcon.colcon_core.package_identification:_identify(install) by extension 'ignore'
[2.054s] Level 1:colcon.colcon_core.package_identification:_identify(install) ignored
[2.055s] Level 1:colcon.colcon_core.package_identification:_identify(log) by extensions ['ignore', 'ignore_ament_install']
[2.055s] Level 1:colcon.colcon_core.package_identification:_identify(log) by extension 'ignore'
[2.055s] Level 1:colcon.colcon_core.package_identification:_identify(log) ignored
[2.056s] Level 1:colcon.colcon_core.package_identification:_identify(src) by extensions ['ignore', 'ignore_ament_install']
[2.056s] Level 1:colcon.colcon_core.package_identification:_identify(src) by extension 'ignore'
[2.056s] Level 1:colcon.colcon_core.package_identification:_identify(src) by extension 'ignore_ament_install'
[2.057s] Level 1:colcon.colcon_core.package_identification:_identify(src) by extensions ['colcon_pkg']
[2.057s] Level 1:colcon.colcon_core.package_identification:_identify(src) by extension 'colcon_pkg'
[2.057s] Level 1:colcon.colcon_core.package_identification:_identify(src) by extensions ['colcon_meta']
[2.057s] Level 1:colcon.colcon_core.package_identification:_identify(src) by extension 'colcon_meta'
[2.057s] Level 1:colcon.colcon_core.package_identification:_identify(src) by extensions ['ros']
[2.057s] Level 1:colcon.colcon_core.package_identification:_identify(src) by extension 'ros'
[2.058s] Level 1:colcon.colcon_core.package_identification:_identify(src) by extensions ['cmake', 'python']
[2.058s] Level 1:colcon.colcon_core.package_identification:_identify(src) by extension 'cmake'
[2.058s] Level 1:colcon.colcon_core.package_identification:_identify(src) by extension 'python'
[2.058s] Level 1:colcon.colcon_core.package_identification:_identify(src) by extensions ['python_setup_py']
[2.058s] Level 1:colcon.colcon_core.package_identification:_identify(src) by extension 'python_setup_py'
[2.059s] Level 1:colcon.colcon_core.package_identification:_identify(src/build) by extensions ['ignore', 'ignore_ament_install']
[2.059s] Level 1:colcon.colcon_core.package_identification:_identify(src/build) by extension 'ignore'
[2.059s] Level 1:colcon.colcon_core.package_identification:_identify(src/build) ignored
[2.060s] Level 1:colcon.colcon_core.package_identification:_identify(src/cvdeneme) by extensions ['ignore', 'ignore_ament_install']
[2.060s] Level 1:colcon.colcon_core.package_identification:_identify(src/cvdeneme) by extension 'ignore'
[2.060s] Level 1:colcon.colcon_core.package_identification:_identify(src/cvdeneme) by extension 'ignore_ament_install'
[2.060s] Level 1:colcon.colcon_core.package_identification:_identify(src/cvdeneme) by extensions ['colcon_pkg']
[2.060s] Level 1:colcon.colcon_core.package_identification:_identify(src/cvdeneme) by extension 'colcon_pkg'
[2.061s] Level 1:colcon.colcon_core.package_identification:_identify(src/cvdeneme) by extensions ['colcon_meta']
[2.061s] Level 1:colcon.colcon_core.package_identification:_identify(src/cvdeneme) by extension 'colcon_meta'
[2.061s] Level 1:colcon.colcon_core.package_identification:_identify(src/cvdeneme) by extensions ['ros']
[2.061s] Level 1:colcon.colcon_core.package_identification:_identify(src/cvdeneme) by extension 'ros'
[2.073s] DEBUG:colcon.colcon_core.package_identification:Package 'src/cvdeneme' with type 'ros.ament_python' and name 'cvdeneme'
[2.073s] Level 1:colcon.colcon_core.package_identification:_identify(src/darknet_ros_yolov4) by extensions ['ignore', 'ignore_ament_install']
[2.074s] Level 1:colcon.colcon_core.package_identification:_identify(src/darknet_ros_yolov4) by extension 'ignore'
[2.074s] Level 1:colcon.colcon_core.package_identification:_identify(src/darknet_ros_yolov4) by extension 'ignore_ament_install'
[2.074s] Level 1:colcon.colcon_core.package_identification:_identify(src/darknet_ros_yolov4) by extensions ['colcon_pkg']
[2.074s] Level 1:colcon.colcon_core.package_identification:_identify(src/darknet_ros_yolov4) by extension 'colcon_pkg'
[2.074s] Level 1:colcon.colcon_core.package_identification:_identify(src/darknet_ros_yolov4) by extensions ['colcon_meta']
[2.074s] Level 1:colcon.colcon_core.package_identification:_identify(src/darknet_ros_yolov4) by extension 'colcon_meta'
[2.075s] Level 1:colcon.colcon_core.package_identification:_identify(src/darknet_ros_yolov4) by extensions ['ros']
[2.075s] Level 1:colcon.colcon_core.package_identification:_identify(src/darknet_ros_yolov4) by extension 'ros'
[2.075s] Level 1:colcon.colcon_core.package_identification:_identify(src/darknet_ros_yolov4) by extensions ['cmake', 'python']
[2.075s] Level 1:colcon.colcon_core.package_identification:_identify(src/darknet_ros_yolov4) by extension 'cmake'
[2.076s] Level 1:colcon.colcon_core.package_identification:_identify(src/darknet_ros_yolov4) by extension 'python'
[2.076s] Level 1:colcon.colcon_core.package_identification:_identify(src/darknet_ros_yolov4) by extensions ['python_setup_py']
[2.076s] Level 1:colcon.colcon_core.package_identification:_identify(src/darknet_ros_yolov4) by extension 'python_setup_py'
[2.076s] Level 1:colcon.colcon_core.package_identification:_identify(src/darknet_ros_yolov4/darknet_ros) by extensions ['ignore', 'ignore_ament_install']
[2.077s] Level 1:colcon.colcon_core.package_identification:_identify(src/darknet_ros_yolov4/darknet_ros) by extension 'ignore'
[2.077s] Level 1:colcon.colcon_core.package_identification:_identify(src/darknet_ros_yolov4/darknet_ros) by extension 'ignore_ament_install'
[2.077s] Level 1:colcon.colcon_core.package_identification:_identify(src/darknet_ros_yolov4/darknet_ros) by extensions ['colcon_pkg']
[2.077s] Level 1:colcon.colcon_core.package_identification:_identify(src/darknet_ros_yolov4/darknet_ros) by extension 'colcon_pkg'
[2.077s] Level 1:colcon.colcon_core.package_identification:_identify(src/darknet_ros_yolov4/darknet_ros) by extensions ['colcon_meta']
[2.078s] Level 1:colcon.colcon_core.package_identification:_identify(src/darknet_ros_yolov4/darknet_ros) by extension 'colcon_meta'
[2.078s] Level 1:colcon.colcon_core.package_identification:_identify(src/darknet_ros_yolov4/darknet_ros) by extensions ['ros']
[2.078s] Level 1:colcon.colcon_core.package_identification:_identify(src/darknet_ros_yolov4/darknet_ros) by extension 'ros'
[2.078s] Level 1:colcon.colcon_core.package_identification:_identify(src/darknet_ros_yolov4/darknet_ros) by extensions ['cmake', 'python']
[2.078s] Level 1:colcon.colcon_core.package_identification:_identify(src/darknet_ros_yolov4/darknet_ros) by extension 'cmake'
[2.079s] Level 1:colcon.colcon_core.package_identification:_identify(src/darknet_ros_yolov4/darknet_ros) by extension 'python'
[2.079s] Level 1:colcon.colcon_core.package_identification:_identify(src/darknet_ros_yolov4/darknet_ros) by extensions ['python_setup_py']
[2.079s] Level 1:colcon.colcon_core.package_identification:_identify(src/darknet_ros_yolov4/darknet_ros) by extension 'python_setup_py'
[2.079s] Level 1:colcon.colcon_core.package_identification:_identify(src/darknet_ros_yolov4/darknet_ros/darknet) by extensions ['ignore', 'ignore_ament_install']
[2.080s] Level 1:colcon.colcon_core.package_identification:_identify(src/darknet_ros_yolov4/darknet_ros/darknet) by extension 'ignore'
[2.080s] Level 1:colcon.colcon_core.package_identification:_identify(src/darknet_ros_yolov4/darknet_ros/darknet) by extension 'ignore_ament_install'
[2.080s] Level 1:colcon.colcon_core.package_identification:_identify(src/darknet_ros_yolov4/darknet_ros/darknet) by extensions ['colcon_pkg']
[2.080s] Level 1:colcon.colcon_core.package_identification:_identify(src/darknet_ros_yolov4/darknet_ros/darknet) by extension 'colcon_pkg'
[2.081s] Level 1:colcon.colcon_core.package_identification:_identify(src/darknet_ros_yolov4/darknet_ros/darknet) by extensions ['colcon_meta']
[2.081s] Level 1:colcon.colcon_core.package_identification:_identify(src/darknet_ros_yolov4/darknet_ros/darknet) by extension 'colcon_meta'
[2.081s] Level 1:colcon.colcon_core.package_identification:_identify(src/darknet_ros_yolov4/darknet_ros/darknet) by extensions ['ros']
[2.081s] Level 1:colcon.colcon_core.package_identification:_identify(src/darknet_ros_yolov4/darknet_ros/darknet) by extension 'ros'
[2.081s] Level 1:colcon.colcon_core.package_identification:_identify(src/darknet_ros_yolov4/darknet_ros/darknet) by extensions ['cmake', 'python']
[2.082s] Level 1:colcon.colcon_core.package_identification:_identify(src/darknet_ros_yolov4/darknet_ros/darknet) by extension 'cmake'
[2.082s] Level 1:colcon.colcon_core.package_identification:_identify(src/darknet_ros_yolov4/darknet_ros/darknet) by extension 'python'
[2.082s] Level 1:colcon.colcon_core.package_identification:_identify(src/darknet_ros_yolov4/darknet_ros/darknet) by extensions ['python_setup_py']
[2.082s] Level 1:colcon.colcon_core.package_identification:_identify(src/darknet_ros_yolov4/darknet_ros/darknet) by extension 'python_setup_py'
[2.082s] Level 1:colcon.colcon_core.package_identification:_identify(src/darknet_ros_yolov4/darknet_ros/darknet/3rdparty) by extensions ['ignore', 'ignore_ament_install']
[2.083s] Level 1:colcon.colcon_core.package_identification:_identify(src/darknet_ros_yolov4/darknet_ros/darknet/3rdparty) by extension 'ignore'
[2.084s] Level 1:colcon.colcon_core.package_identification:_identify(src/darknet_ros_yolov4/darknet_ros/darknet/3rdparty) by extension 'ignore_ament_install'
[2.084s] Level 1:colcon.colcon_core.package_identification:_identify(src/darknet_ros_yolov4/darknet_ros/darknet/3rdparty) by extensions ['colcon_pkg']
[2.084s] Level 1:colcon.colcon_core.package_identification:_identify(src/darknet_ros_yolov4/darknet_ros/darknet/3rdparty) by extension 'colcon_pkg'
[2.084s] Level 1:colcon.colcon_core.package_identification:_identify(src/darknet_ros_yolov4/darknet_ros/darknet/3rdparty) by extensions ['colcon_meta']
[2.084s] Level 1:colcon.colcon_core.package_identification:_identify(src/darknet_ros_yolov4/darknet_ros/darknet/3rdparty) by extension 'colcon_meta'
[2.085s] Level 1:colcon.colcon_core.package_identification:_identify(src/darknet_ros_yolov4/darknet_ros/darknet/3rdparty) by extensions ['ros']
[2.085s] Level 1:colcon.colcon_core.package_identification:_identify(src/darknet_ros_yolov4/darknet_ros/darknet/3rdparty) by extension 'ros'
[2.085s] Level 1:colcon.colcon_core.package_identification:_identify(src/darknet_ros_yolov4/darknet_ros/darknet/3rdparty) by extensions ['cmake', 'python']
[2.085s] Level 1:colcon.colcon_core.package_identification:_identify(src/darknet_ros_yolov4/darknet_ros/darknet/3rdparty) by extension 'cmake'
[2.085s] Level 1:colcon.colcon_core.package_identification:_identify(src/darknet_ros_yolov4/darknet_ros/darknet/3rdparty) by extension 'python'
[2.086s] Level 1:colcon.colcon_core.package_identification:_identify(src/darknet_ros_yolov4/darknet_ros/darknet/3rdparty) by extensions ['python_setup_py']
[2.086s] Level 1:colcon.colcon_core.package_identification:_identify(src/darknet_ros_yolov4/darknet_ros/darknet/3rdparty) by extension 'python_setup_py'
[2.086s] Level 1:colcon.colcon_core.package_identification:_identify(src/darknet_ros_yolov4/darknet_ros/darknet/3rdparty/pthreads) by extensions ['ignore', 'ignore_ament_install']
[2.087s] Level 1:colcon.colcon_core.package_identification:_identify(src/darknet_ros_yolov4/darknet_ros/darknet/3rdparty/pthreads) by extension 'ignore'
[2.087s] Level 1:colcon.colcon_core.package_identification:_identify(src/darknet_ros_yolov4/darknet_ros/darknet/3rdparty/pthreads) by extension 'ignore_ament_install'
[2.087s] Level 1:colcon.colcon_core.package_identification:_identify(src/darknet_ros_yolov4/darknet_ros/darknet/3rdparty/pthreads) by extensions ['colcon_pkg']
[2.087s] Level 1:colcon.colcon_core.package_identification:_identify(src/darknet_ros_yolov4/darknet_ros/darknet/3rdparty/pthreads) by extension 'colcon_pkg'
[2.087s] Level 1:colcon.colcon_core.package_identification:_identify(src/darknet_ros_yolov4/darknet_ros/darknet/3rdparty/pthreads) by extensions ['colcon_meta']
[2.088s] Level 1:colcon.colcon_core.package_identification:_identify(src/darknet_ros_yolov4/darknet_ros/darknet/3rdparty/pthreads) by extension 'colcon_meta'
[2.088s] Level 1:colcon.colcon_core.package_identification:_identify(src/darknet_ros_yolov4/darknet_ros/darknet/3rdparty/pthreads) by extensions ['ros']
[2.088s] Level 1:colcon.colcon_core.package_identification:_identify(src/darknet_ros_yolov4/darknet_ros/darknet/3rdparty/pthreads) by extension 'ros'
[2.088s] Level 1:colcon.colcon_core.package_identification:_identify(src/darknet_ros_yolov4/darknet_ros/darknet/3rdparty/pthreads) by extensions ['cmake', 'python']
[2.088s] Level 1:colcon.colcon_core.package_identification:_identify(src/darknet_ros_yolov4/darknet_ros/darknet/3rdparty/pthreads) by extension 'cmake'
[2.089s] Level 1:colcon.colcon_core.package_identification:_identify(src/darknet_ros_yolov4/darknet_ros/darknet/3rdparty/pthreads) by extension 'python'
[2.089s] Level 1:colcon.colcon_core.package_identification:_identify(src/darknet_ros_yolov4/darknet_ros/darknet/3rdparty/pthreads) by extensions ['python_setup_py']
[2.089s] Level 1:colcon.colcon_core.package_identification:_identify(src/darknet_ros_yolov4/darknet_ros/darknet/3rdparty/pthreads) by extension 'python_setup_py'
[2.089s] Level 1:colcon.colcon_core.package_identification:_identify(src/darknet_ros_yolov4/darknet_ros/darknet/3rdparty/pthreads/bin) by extensions ['ignore', 'ignore_ament_install']
[2.090s] Level 1:colcon.colcon_core.package_identification:_identify(src/darknet_ros_yolov4/darknet_ros/darknet/3rdparty/pthreads/bin) by extension 'ignore'
[2.090s] Level 1:colcon.colcon_core.package_identification:_identify(src/darknet_ros_yolov4/darknet_ros/darknet/3rdparty/pthreads/bin) by extension 'ignore_ament_install'
[2.090s] Level 1:colcon.colcon_core.package_identification:_identify(src/darknet_ros_yolov4/darknet_ros/darknet/3rdparty/pthreads/bin) by extensions ['colcon_pkg']
[2.090s] Level 1:colcon.colcon_core.package_identification:_identify(src/darknet_ros_yolov4/darknet_ros/darknet/3rdparty/pthreads/bin) by extension 'colcon_pkg'
[2.091s] Level 1:colcon.colcon_core.package_identification:_identify(src/darknet_ros_yolov4/darknet_ros/darknet/3rdparty/pthreads/bin) by extensions ['colcon_meta']
[2.091s] Level 1:colcon.colcon_core.package_identification:_identify(src/darknet_ros_yolov4/darknet_ros/darknet/3rdparty/pthreads/bin) by extension 'colcon_meta'
[2.091s] Level 1:colcon.colcon_core.package_identification:_identify(src/darknet_ros_yolov4/darknet_ros/darknet/3rdparty/pthreads/bin) by extensions ['ros']
[2.091s] Level 1:colcon.colcon_core.package_identification:_identify(src/darknet_ros_yolov4/darknet_ros/darknet/3rdparty/pthreads/bin) by extension 'ros'
[2.091s] Level 1:colcon.colcon_core.package_identification:_identify(src/darknet_ros_yolov4/darknet_ros/darknet/3rdparty/pthreads/bin) by extensions ['cmake', 'python']
[2.092s] Level 1:colcon.colcon_core.package_identification:_identify(src/darknet_ros_yolov4/darknet_ros/darknet/3rdparty/pthreads/bin) by extension 'cmake'
[2.092s] Level 1:colcon.colcon_core.package_identification:_identify(src/darknet_ros_yolov4/darknet_ros/darknet/3rdparty/pthreads/bin) by extension 'python'
[2.092s] Level 1:colcon.colcon_core.package_identification:_identify(src/darknet_ros_yolov4/darknet_ros/darknet/3rdparty/pthreads/bin) by extensions ['python_setup_py']
[2.092s] Level 1:colcon.colcon_core.package_identification:_identify(src/darknet_ros_yolov4/darknet_ros/darknet/3rdparty/pthreads/bin) by extension 'python_setup_py'
[2.093s] Level 1:colcon.colcon_core.package_identification:_identify(src/darknet_ros_yolov4/darknet_ros/darknet/3rdparty/pthreads/include) by extensions ['ignore', 'ignore_ament_install']
[2.093s] Level 1:colcon.colcon_core.package_identification:_identify(src/darknet_ros_yolov4/darknet_ros/darknet/3rdparty/pthreads/include) by extension 'ignore'
[2.093s] Level 1:colcon.colcon_core.package_identification:_identify(src/darknet_ros_yolov4/darknet_ros/darknet/3rdparty/pthreads/include) by extension 'ignore_ament_install'
[2.093s] Level 1:colcon.colcon_core.package_identification:_identify(src/darknet_ros_yolov4/darknet_ros/darknet/3rdparty/pthreads/include) by extensions ['colcon_pkg']
[2.093s] Level 1:colcon.colcon_core.package_identification:_identify(src/darknet_ros_yolov4/darknet_ros/darknet/3rdparty/pthreads/include) by extension 'colcon_pkg'
[2.094s] Level 1:colcon.colcon_core.package_identification:_identify(src/darknet_ros_yolov4/darknet_ros/darknet/3rdparty/pthreads/include) by extensions ['colcon_meta']
[2.094s] Level 1:colcon.colcon_core.package_identification:_identify(src/darknet_ros_yolov4/darknet_ros/darknet/3rdparty/pthreads/include) by extension 'colcon_meta'
[2.094s] Level 1:colcon.colcon_core.package_identification:_identify(src/darknet_ros_yolov4/darknet_ros/darknet/3rdparty/pthreads/include) by extensions ['ros']
[2.094s] Level 1:colcon.colcon_core.package_identification:_identify(src/darknet_ros_yolov4/darknet_ros/darknet/3rdparty/pthreads/include) by extension 'ros'
[2.095s] Level 1:colcon.colcon_core.package_identification:_identify(src/darknet_ros_yolov4/darknet_ros/darknet/3rdparty/pthreads/include) by extensions ['cmake', 'python']
[2.095s] Level 1:colcon.colcon_core.package_identification:_identify(src/darknet_ros_yolov4/darknet_ros/darknet/3rdparty/pthreads/include) by extension 'cmake'
[2.095s] Level 1:colcon.colcon_core.package_identification:_identify(src/darknet_ros_yolov4/darknet_ros/darknet/3rdparty/pthreads/include) by extension 'python'
[2.095s] Level 1:colcon.colcon_core.package_identification:_identify(src/darknet_ros_yolov4/darknet_ros/darknet/3rdparty/pthreads/include) by extensions ['python_setup_py']
[2.095s] Level 1:colcon.colcon_core.package_identification:_identify(src/darknet_ros_yolov4/darknet_ros/darknet/3rdparty/pthreads/include) by extension 'python_setup_py'
[2.096s] Level 1:colcon.colcon_core.package_identification:_identify(src/darknet_ros_yolov4/darknet_ros/darknet/3rdparty/pthreads/lib) by extensions ['ignore', 'ignore_ament_install']
[2.096s] Level 1:colcon.colcon_core.package_identification:_identify(src/darknet_ros_yolov4/darknet_ros/darknet/3rdparty/pthreads/lib) by extension 'ignore'
[2.096s] Level 1:colcon.colcon_core.package_identification:_identify(src/darknet_ros_yolov4/darknet_ros/darknet/3rdparty/pthreads/lib) by extension 'ignore_ament_install'
[2.096s] Level 1:colcon.colcon_core.package_identification:_identify(src/darknet_ros_yolov4/darknet_ros/darknet/3rdparty/pthreads/lib) by extensions ['colcon_pkg']
[2.097s] Level 1:colcon.colcon_core.package_identification:_identify(src/darknet_ros_yolov4/darknet_ros/darknet/3rdparty/pthreads/lib) by extension 'colcon_pkg'
[2.097s] Level 1:colcon.colcon_core.package_identification:_identify(src/darknet_ros_yolov4/darknet_ros/darknet/3rdparty/pthreads/lib) by extensions ['colcon_meta']
[2.097s] Level 1:colcon.colcon_core.package_identification:_identify(src/darknet_ros_yolov4/darknet_ros/darknet/3rdparty/pthreads/lib) by extension 'colcon_meta'
[2.097s] Level 1:colcon.colcon_core.package_identification:_identify(src/darknet_ros_yolov4/darknet_ros/darknet/3rdparty/pthreads/lib) by extensions ['ros']
[2.097s] Level 1:colcon.colcon_core.package_identification:_identify(src/darknet_ros_yolov4/darknet_ros/darknet/3rdparty/pthreads/lib) by extension 'ros'
[2.098s] Level 1:colcon.colcon_core.package_identification:_identify(src/darknet_ros_yolov4/darknet_ros/darknet/3rdparty/pthreads/lib) by extensions ['cmake', 'python']
[2.098s] Level 1:colcon.colcon_core.package_identification:_identify(src/darknet_ros_yolov4/darknet_ros/darknet/3rdparty/pthreads/lib) by extension 'cmake'
[2.098s] Level 1:colcon.colcon_core.package_identification:_identify(src/darknet_ros_yolov4/darknet_ros/darknet/3rdparty/pthreads/lib) by extension 'python'
[2.098s] Level 1:colcon.colcon_core.package_identification:_identify(src/darknet_ros_yolov4/darknet_ros/darknet/3rdparty/pthreads/lib) by extensions ['python_setup_py']
[2.098s] Level 1:colcon.colcon_core.package_identification:_identify(src/darknet_ros_yolov4/darknet_ros/darknet/3rdparty/pthreads/lib) by extension 'python_setup_py'
[2.099s] Level 1:colcon.colcon_core.package_identification:_identify(src/darknet_ros_yolov4/darknet_ros/darknet/3rdparty/stb) by extensions ['ignore', 'ignore_ament_install']
[2.099s] Level 1:colcon.colcon_core.package_identification:_identify(src/darknet_ros_yolov4/darknet_ros/darknet/3rdparty/stb) by extension 'ignore'
[2.099s] Level 1:colcon.colcon_core.package_identification:_identify(src/darknet_ros_yolov4/darknet_ros/darknet/3rdparty/stb) by extension 'ignore_ament_install'
[2.100s] Level 1:colcon.colcon_core.package_identification:_identify(src/darknet_ros_yolov4/darknet_ros/darknet/3rdparty/stb) by extensions ['colcon_pkg']
[2.100s] Level 1:colcon.colcon_core.package_identification:_identify(src/darknet_ros_yolov4/darknet_ros/darknet/3rdparty/stb) by extension 'colcon_pkg'
[2.100s] Level 1:colcon.colcon_core.package_identification:_identify(src/darknet_ros_yolov4/darknet_ros/darknet/3rdparty/stb) by extensions ['colcon_meta']
[2.100s] Level 1:colcon.colcon_core.package_identification:_identify(src/darknet_ros_yolov4/darknet_ros/darknet/3rdparty/stb) by extension 'colcon_meta'
[2.100s] Level 1:colcon.colcon_core.package_identification:_identify(src/darknet_ros_yolov4/darknet_ros/darknet/3rdparty/stb) by extensions ['ros']
[2.100s] Level 1:colcon.colcon_core.package_identification:_identify(src/darknet_ros_yolov4/darknet_ros/darknet/3rdparty/stb) by extension 'ros'
[2.101s] Level 1:colcon.colcon_core.package_identification:_identify(src/darknet_ros_yolov4/darknet_ros/darknet/3rdparty/stb) by extensions ['cmake', 'python']
[2.101s] Level 1:colcon.colcon_core.package_identification:_identify(src/darknet_ros_yolov4/darknet_ros/darknet/3rdparty/stb) by extension 'cmake'
[2.101s] Level 1:colcon.colcon_core.package_identification:_identify(src/darknet_ros_yolov4/darknet_ros/darknet/3rdparty/stb) by extension 'python'
[2.101s] Level 1:colcon.colcon_core.package_identification:_identify(src/darknet_ros_yolov4/darknet_ros/darknet/3rdparty/stb) by extensions ['python_setup_py']
[2.101s] Level 1:colcon.colcon_core.package_identification:_identify(src/darknet_ros_yolov4/darknet_ros/darknet/3rdparty/stb) by extension 'python_setup_py'
[2.102s] Level 1:colcon.colcon_core.package_identification:_identify(src/darknet_ros_yolov4/darknet_ros/darknet/3rdparty/stb/include) by extensions ['ignore', 'ignore_ament_install']
[2.102s] Level 1:colcon.colcon_core.package_identification:_identify(src/darknet_ros_yolov4/darknet_ros/darknet/3rdparty/stb/include) by extension 'ignore'
[2.102s] Level 1:colcon.colcon_core.package_identification:_identify(src/darknet_ros_yolov4/darknet_ros/darknet/3rdparty/stb/include) by extension 'ignore_ament_install'
[2.103s] Level 1:colcon.colcon_core.package_identification:_identify(src/darknet_ros_yolov4/darknet_ros/darknet/3rdparty/stb/include) by extensions ['colcon_pkg']
[2.103s] Level 1:colcon.colcon_core.package_identification:_identify(src/darknet_ros_yolov4/darknet_ros/darknet/3rdparty/stb/include) by extension 'colcon_pkg'
[2.103s] Level 1:colcon.colcon_core.package_identification:_identify(src/darknet_ros_yolov4/darknet_ros/darknet/3rdparty/stb/include) by extensions ['colcon_meta']
[2.103s] Level 1:colcon.colcon_core.package_identification:_identify(src/darknet_ros_yolov4/darknet_ros/darknet/3rdparty/stb/include) by extension 'colcon_meta'
[2.103s] Level 1:colcon.colcon_core.package_identification:_identify(src/darknet_ros_yolov4/darknet_ros/darknet/3rdparty/stb/include) by extensions ['ros']
[2.103s] Level 1:colcon.colcon_core.package_identification:_identify(src/darknet_ros_yolov4/darknet_ros/darknet/3rdparty/stb/include) by extension 'ros'
[2.104s] Level 1:colcon.colcon_core.package_identification:_identify(src/darknet_ros_yolov4/darknet_ros/darknet/3rdparty/stb/include) by extensions ['cmake', 'python']
[2.104s] Level 1:colcon.colcon_core.package_identification:_identify(src/darknet_ros_yolov4/darknet_ros/darknet/3rdparty/stb/include) by extension 'cmake'
[2.104s] Level 1:colcon.colcon_core.package_identification:_identify(src/darknet_ros_yolov4/darknet_ros/darknet/3rdparty/stb/include) by extension 'python'
[2.104s] Level 1:colcon.colcon_core.package_identification:_identify(src/darknet_ros_yolov4/darknet_ros/darknet/3rdparty/stb/include) by extensions ['python_setup_py']
[2.104s] Level 1:colcon.colcon_core.package_identification:_identify(src/darknet_ros_yolov4/darknet_ros/darknet/3rdparty/stb/include) by extension 'python_setup_py'
[2.105s] Level 1:colcon.colcon_core.package_identification:_identify(src/darknet_ros_yolov4/darknet_ros/darknet/build) by extensions ['ignore', 'ignore_ament_install']
[2.105s] Level 1:colcon.colcon_core.package_identification:_identify(src/darknet_ros_yolov4/darknet_ros/darknet/build) by extension 'ignore'
[2.105s] Level 1:colcon.colcon_core.package_identification:_identify(src/darknet_ros_yolov4/darknet_ros/darknet/build) by extension 'ignore_ament_install'
[2.106s] Level 1:colcon.colcon_core.package_identification:_identify(src/darknet_ros_yolov4/darknet_ros/darknet/build) by extensions ['colcon_pkg']
[2.106s] Level 1:colcon.colcon_core.package_identification:_identify(src/darknet_ros_yolov4/darknet_ros/darknet/build) by extension 'colcon_pkg'
[2.106s] Level 1:colcon.colcon_core.package_identification:_identify(src/darknet_ros_yolov4/darknet_ros/darknet/build) by extensions ['colcon_meta']
[2.106s] Level 1:colcon.colcon_core.package_identification:_identify(src/darknet_ros_yolov4/darknet_ros/darknet/build) by extension 'colcon_meta'
[2.106s] Level 1:colcon.colcon_core.package_identification:_identify(src/darknet_ros_yolov4/darknet_ros/darknet/build) by extensions ['ros']
[2.107s] Level 1:colcon.colcon_core.package_identification:_identify(src/darknet_ros_yolov4/darknet_ros/darknet/build) by extension 'ros'
[2.107s] Level 1:colcon.colcon_core.package_identification:_identify(src/darknet_ros_yolov4/darknet_ros/darknet/build) by extensions ['cmake', 'python']
[2.107s] Level 1:colcon.colcon_core.package_identification:_identify(src/darknet_ros_yolov4/darknet_ros/darknet/build) by extension 'cmake'
[2.107s] Level 1:colcon.colcon_core.package_identification:_identify(src/darknet_ros_yolov4/darknet_ros/darknet/build) by extension 'python'
[2.107s] Level 1:colcon.colcon_core.package_identification:_identify(src/darknet_ros_yolov4/darknet_ros/darknet/build) by extensions ['python_setup_py']
[2.108s] Level 1:colcon.colcon_core.package_identification:_identify(src/darknet_ros_yolov4/darknet_ros/darknet/build) by extension 'python_setup_py'
[2.108s] Level 1:colcon.colcon_core.package_identification:_identify(src/darknet_ros_yolov4/darknet_ros/darknet/build/darknet) by extensions ['ignore', 'ignore_ament_install']
[2.108s] Level 1:colcon.colcon_core.package_identification:_identify(src/darknet_ros_yolov4/darknet_ros/darknet/build/darknet) by extension 'ignore'
[2.109s] Level 1:colcon.colcon_core.package_identification:_identify(src/darknet_ros_yolov4/darknet_ros/darknet/build/darknet) by extension 'ignore_ament_install'
[2.109s] Level 1:colcon.colcon_core.package_identification:_identify(src/darknet_ros_yolov4/darknet_ros/darknet/build/darknet) by extensions ['colcon_pkg']
[2.109s] Level 1:colcon.colcon_core.package_identification:_identify(src/darknet_ros_yolov4/darknet_ros/darknet/build/darknet) by extension 'colcon_pkg'
[2.109s] Level 1:colcon.colcon_core.package_identification:_identify(src/darknet_ros_yolov4/darknet_ros/darknet/build/darknet) by extensions ['colcon_meta']
[2.109s] Level 1:colcon.colcon_core.package_identification:_identify(src/darknet_ros_yolov4/darknet_ros/darknet/build/darknet) by extension 'colcon_meta'
[2.110s] Level 1:colcon.colcon_core.package_identification:_identify(src/darknet_ros_yolov4/darknet_ros/darknet/build/darknet) by extensions ['ros']
[2.110s] Level 1:colcon.colcon_core.package_identification:_identify(src/darknet_ros_yolov4/darknet_ros/darknet/build/darknet) by extension 'ros'
[2.110s] Level 1:colcon.colcon_core.package_identification:_identify(src/darknet_ros_yolov4/darknet_ros/darknet/build/darknet) by extensions ['cmake', 'python']
[2.110s] Level 1:colcon.colcon_core.package_identification:_identify(src/darknet_ros_yolov4/darknet_ros/darknet/build/darknet) by extension 'cmake'
[2.110s] Level 1:colcon.colcon_core.package_identification:_identify(src/darknet_ros_yolov4/darknet_ros/darknet/build/darknet) by extension 'python'
[2.111s] Level 1:colcon.colcon_core.package_identification:_identify(src/darknet_ros_yolov4/darknet_ros/darknet/build/darknet) by extensions ['python_setup_py']
[2.111s] Level 1:colcon.colcon_core.package_identification:_identify(src/darknet_ros_yolov4/darknet_ros/darknet/build/darknet) by extension 'python_setup_py'
[2.112s] Level 1:colcon.colcon_core.package_identification:_identify(src/darknet_ros_yolov4/darknet_ros/darknet/build/darknet/x64) by extensions ['ignore', 'ignore_ament_install']
[2.112s] Level 1:colcon.colcon_core.package_identification:_identify(src/darknet_ros_yolov4/darknet_ros/darknet/build/darknet/x64) by extension 'ignore'
[2.112s] Level 1:colcon.colcon_core.package_identification:_identify(src/darknet_ros_yolov4/darknet_ros/darknet/build/darknet/x64) by extension 'ignore_ament_install'
[2.112s] Level 1:colcon.colcon_core.package_identification:_identify(src/darknet_ros_yolov4/darknet_ros/darknet/build/darknet/x64) by extensions ['colcon_pkg']
[2.113s] Level 1:colcon.colcon_core.package_identification:_identify(src/darknet_ros_yolov4/darknet_ros/darknet/build/darknet/x64) by extension 'colcon_pkg'
[2.113s] Level 1:colcon.colcon_core.package_identification:_identify(src/darknet_ros_yolov4/darknet_ros/darknet/build/darknet/x64) by extensions ['colcon_meta']
[2.113s] Level 1:colcon.colcon_core.package_identification:_identify(src/darknet_ros_yolov4/darknet_ros/darknet/build/darknet/x64) by extension 'colcon_meta'
[2.113s] Level 1:colcon.colcon_core.package_identification:_identify(src/darknet_ros_yolov4/darknet_ros/darknet/build/darknet/x64) by extensions ['ros']
[2.113s] Level 1:colcon.colcon_core.package_identification:_identify(src/darknet_ros_yolov4/darknet_ros/darknet/build/darknet/x64) by extension 'ros'
[2.114s] Level 1:colcon.colcon_core.package_identification:_identify(src/darknet_ros_yolov4/darknet_ros/darknet/build/darknet/x64) by extensions ['cmake', 'python']
[2.114s] Level 1:colcon.colcon_core.package_identification:_identify(src/darknet_ros_yolov4/darknet_ros/darknet/build/darknet/x64) by extension 'cmake'
[2.114s] Level 1:colcon.colcon_core.package_identification:_identify(src/darknet_ros_yolov4/darknet_ros/darknet/build/darknet/x64) by extension 'python'
[2.114s] Level 1:colcon.colcon_core.package_identification:_identify(src/darknet_ros_yolov4/darknet_ros/darknet/build/darknet/x64) by extensions ['python_setup_py']
[2.114s] Level 1:colcon.colcon_core.package_identification:_identify(src/darknet_ros_yolov4/darknet_ros/darknet/build/darknet/x64) by extension 'python_setup_py'
[2.115s] Level 1:colcon.colcon_core.package_identification:_identify(src/darknet_ros_yolov4/darknet_ros/darknet/build/darknet/x64/backup) by extensions ['ignore', 'ignore_ament_install']
[2.115s] Level 1:colcon.colcon_core.package_identification:_identify(src/darknet_ros_yolov4/darknet_ros/darknet/build/darknet/x64/backup) by extension 'ignore'
[2.115s] Level 1:colcon.colcon_core.package_identification:_identify(src/darknet_ros_yolov4/darknet_ros/darknet/build/darknet/x64/backup) by extension 'ignore_ament_install'
[2.116s] Level 1:colcon.colcon_core.package_identification:_identify(src/darknet_ros_yolov4/darknet_ros/darknet/build/darknet/x64/backup) by extensions ['colcon_pkg']
[2.116s] Level 1:colcon.colcon_core.package_identification:_identify(src/darknet_ros_yolov4/darknet_ros/darknet/build/darknet/x64/backup) by extension 'colcon_pkg'
[2.116s] Level 1:colcon.colcon_core.package_identification:_identify(src/darknet_ros_yolov4/darknet_ros/darknet/build/darknet/x64/backup) by extensions ['colcon_meta']
[2.116s] Level 1:colcon.colcon_core.package_identification:_identify(src/darknet_ros_yolov4/darknet_ros/darknet/build/darknet/x64/backup) by extension 'colcon_meta'
[2.116s] Level 1:colcon.colcon_core.package_identification:_identify(src/darknet_ros_yolov4/darknet_ros/darknet/build/darknet/x64/backup) by extensions ['ros']
[2.116s] Level 1:colcon.colcon_core.package_identification:_identify(src/darknet_ros_yolov4/darknet_ros/darknet/build/darknet/x64/backup) by extension 'ros'
[2.117s] Level 1:colcon.colcon_core.package_identification:_identify(src/darknet_ros_yolov4/darknet_ros/darknet/build/darknet/x64/backup) by extensions ['cmake', 'python']
[2.117s] Level 1:colcon.colcon_core.package_identification:_identify(src/darknet_ros_yolov4/darknet_ros/darknet/build/darknet/x64/backup) by extension 'cmake'
[2.117s] Level 1:colcon.colcon_core.package_identification:_identify(src/darknet_ros_yolov4/darknet_ros/darknet/build/darknet/x64/backup) by extension 'python'
[2.117s] Level 1:colcon.colcon_core.package_identification:_identify(src/darknet_ros_yolov4/darknet_ros/darknet/build/darknet/x64/backup) by extensions ['python_setup_py']
[2.117s] Level 1:colcon.colcon_core.package_identification:_identify(src/darknet_ros_yolov4/darknet_ros/darknet/build/darknet/x64/backup) by extension 'python_setup_py'
[2.118s] Level 1:colcon.colcon_core.package_identification:_identify(src/darknet_ros_yolov4/darknet_ros/darknet/build/darknet/x64/cfg) by extensions ['ignore', 'ignore_ament_install']
[2.119s] Level 1:colcon.colcon_core.package_identification:_identify(src/darknet_ros_yolov4/darknet_ros/darknet/build/darknet/x64/cfg) by extension 'ignore'
[2.119s] Level 1:colcon.colcon_core.package_identification:_identify(src/darknet_ros_yolov4/darknet_ros/darknet/build/darknet/x64/cfg) by extension 'ignore_ament_install'
[2.119s] Level 1:colcon.colcon_core.package_identification:_identify(src/darknet_ros_yolov4/darknet_ros/darknet/build/darknet/x64/cfg) by extensions ['colcon_pkg']
[2.119s] Level 1:colcon.colcon_core.package_identification:_identify(src/darknet_ros_yolov4/darknet_ros/darknet/build/darknet/x64/cfg) by extension 'colcon_pkg'
[2.119s] Level 1:colcon.colcon_core.package_identification:_identify(src/darknet_ros_yolov4/darknet_ros/darknet/build/darknet/x64/cfg) by extensions ['colcon_meta']
[2.120s] Level 1:colcon.colcon_core.package_identification:_identify(src/darknet_ros_yolov4/darknet_ros/darknet/build/darknet/x64/cfg) by extension 'colcon_meta'
[2.120s] Level 1:colcon.colcon_core.package_identification:_identify(src/darknet_ros_yolov4/darknet_ros/darknet/build/darknet/x64/cfg) by extensions ['ros']
[2.120s] Level 1:colcon.colcon_core.package_identification:_identify(src/darknet_ros_yolov4/darknet_ros/darknet/build/darknet/x64/cfg) by extension 'ros'
[2.120s] Level 1:colcon.colcon_core.package_identification:_identify(src/darknet_ros_yolov4/darknet_ros/darknet/build/darknet/x64/cfg) by extensions ['cmake', 'python']
[2.121s] Level 1:colcon.colcon_core.package_identification:_identify(src/darknet_ros_yolov4/darknet_ros/darknet/build/darknet/x64/cfg) by extension 'cmake'
[2.121s] Level 1:colcon.colcon_core.package_identification:_identify(src/darknet_ros_yolov4/darknet_ros/darknet/build/darknet/x64/cfg) by extension 'python'
[2.121s] Level 1:colcon.colcon_core.package_identification:_identify(src/darknet_ros_yolov4/darknet_ros/darknet/build/darknet/x64/cfg) by extensions ['python_setup_py']
[2.121s] Level 1:colcon.colcon_core.package_identification:_identify(src/darknet_ros_yolov4/darknet_ros/darknet/build/darknet/x64/cfg) by extension 'python_setup_py'
[2.122s] Level 1:colcon.colcon_core.package_identification:_identify(src/darknet_ros_yolov4/darknet_ros/darknet/build/darknet/x64/data) by extensions ['ignore', 'ignore_ament_install']
[2.122s] Level 1:colcon.colcon_core.package_identification:_identify(src/darknet_ros_yolov4/darknet_ros/darknet/build/darknet/x64/data) by extension 'ignore'
[2.122s] Level 1:colcon.colcon_core.package_identification:_identify(src/darknet_ros_yolov4/darknet_ros/darknet/build/darknet/x64/data) by extension 'ignore_ament_install'
[2.122s] Level 1:colcon.colcon_core.package_identification:_identify(src/darknet_ros_yolov4/darknet_ros/darknet/build/darknet/x64/data) by extensions ['colcon_pkg']
[2.123s] Level 1:colcon.colcon_core.package_identification:_identify(src/darknet_ros_yolov4/darknet_ros/darknet/build/darknet/x64/data) by extension 'colcon_pkg'
[2.123s] Level 1:colcon.colcon_core.package_identification:_identify(src/darknet_ros_yolov4/darknet_ros/darknet/build/darknet/x64/data) by extensions ['colcon_meta']
[2.123s] Level 1:colcon.colcon_core.package_identification:_identify(src/darknet_ros_yolov4/darknet_ros/darknet/build/darknet/x64/data) by extension 'colcon_meta'
[2.123s] Level 1:colcon.colcon_core.package_identification:_identify(src/darknet_ros_yolov4/darknet_ros/darknet/build/darknet/x64/data) by extensions ['ros']
[2.123s] Level 1:colcon.colcon_core.package_identification:_identify(src/darknet_ros_yolov4/darknet_ros/darknet/build/darknet/x64/data) by extension 'ros'
[2.124s] Level 1:colcon.colcon_core.package_identification:_identify(src/darknet_ros_yolov4/darknet_ros/darknet/build/darknet/x64/data) by extensions ['cmake', 'python']
[2.124s] Level 1:colcon.colcon_core.package_identification:_identify(src/darknet_ros_yolov4/darknet_ros/darknet/build/darknet/x64/data) by extension 'cmake'
[2.124s] Level 1:colcon.colcon_core.package_identification:_identify(src/darknet_ros_yolov4/darknet_ros/darknet/build/darknet/x64/data) by extension 'python'
[2.124s] Level 1:colcon.colcon_core.package_identification:_identify(src/darknet_ros_yolov4/darknet_ros/darknet/build/darknet/x64/data) by extensions ['python_setup_py']
[2.124s] Level 1:colcon.colcon_core.package_identification:_identify(src/darknet_ros_yolov4/darknet_ros/darknet/build/darknet/x64/data) by extension 'python_setup_py'
[2.129s] Level 1:colcon.colcon_core.package_identification:_identify(src/darknet_ros_yolov4/darknet_ros/darknet/build/darknet/x64/data/labels) by extensions ['ignore', 'ignore_ament_install']
[2.130s] Level 1:colcon.colcon_core.package_identification:_identify(src/darknet_ros_yolov4/darknet_ros/darknet/build/darknet/x64/data/labels) by extension 'ignore'
[2.130s] Level 1:colcon.colcon_core.package_identification:_identify(src/darknet_ros_yolov4/darknet_ros/darknet/build/darknet/x64/data/labels) by extension 'ignore_ament_install'
[2.130s] Level 1:colcon.colcon_core.package_identification:_identify(src/darknet_ros_yolov4/darknet_ros/darknet/build/darknet/x64/data/labels) by extensions ['colcon_pkg']
[2.130s] Level 1:colcon.colcon_core.package_identification:_identify(src/darknet_ros_yolov4/darknet_ros/darknet/build/darknet/x64/data/labels) by extension 'colcon_pkg'
[2.130s] Level 1:colcon.colcon_core.package_identification:_identify(src/darknet_ros_yolov4/darknet_ros/darknet/build/darknet/x64/data/labels) by extensions ['colcon_meta']
[2.131s] Level 1:colcon.colcon_core.package_identification:_identify(src/darknet_ros_yolov4/darknet_ros/darknet/build/darknet/x64/data/labels) by extension 'colcon_meta'
[2.131s] Level 1:colcon.colcon_core.package_identification:_identify(src/darknet_ros_yolov4/darknet_ros/darknet/build/darknet/x64/data/labels) by extensions ['ros']
[2.131s] Level 1:colcon.colcon_core.package_identification:_identify(src/darknet_ros_yolov4/darknet_ros/darknet/build/darknet/x64/data/labels) by extension 'ros'
[2.131s] Level 1:colcon.colcon_core.package_identification:_identify(src/darknet_ros_yolov4/darknet_ros/darknet/build/darknet/x64/data/labels) by extensions ['cmake', 'python']
[2.132s] Level 1:colcon.colcon_core.package_identification:_identify(src/darknet_ros_yolov4/darknet_ros/darknet/build/darknet/x64/data/labels) by extension 'cmake'
[2.132s] Level 1:colcon.colcon_core.package_identification:_identify(src/darknet_ros_yolov4/darknet_ros/darknet/build/darknet/x64/data/labels) by extension 'python'
[2.132s] Level 1:colcon.colcon_core.package_identification:_identify(src/darknet_ros_yolov4/darknet_ros/darknet/build/darknet/x64/data/labels) by extensions ['python_setup_py']
[2.132s] Level 1:colcon.colcon_core.package_identification:_identify(src/darknet_ros_yolov4/darknet_ros/darknet/build/darknet/x64/data/labels) by extension 'python_setup_py'
[2.133s] Level 1:colcon.colcon_core.package_identification:_identify(src/darknet_ros_yolov4/darknet_ros/darknet/build/darknet/x64/data/voc) by extensions ['ignore', 'ignore_ament_install']
[2.133s] Level 1:colcon.colcon_core.package_identification:_identify(src/darknet_ros_yolov4/darknet_ros/darknet/build/darknet/x64/data/voc) by extension 'ignore'
[2.133s] Level 1:colcon.colcon_core.package_identification:_identify(src/darknet_ros_yolov4/darknet_ros/darknet/build/darknet/x64/data/voc) by extension 'ignore_ament_install'
[2.134s] Level 1:colcon.colcon_core.package_identification:_identify(src/darknet_ros_yolov4/darknet_ros/darknet/build/darknet/x64/data/voc) by extensions ['colcon_pkg']
[2.134s] Level 1:colcon.colcon_core.package_identification:_identify(src/darknet_ros_yolov4/darknet_ros/darknet/build/darknet/x64/data/voc) by extension 'colcon_pkg'
[2.134s] Level 1:colcon.colcon_core.package_identification:_identify(src/darknet_ros_yolov4/darknet_ros/darknet/build/darknet/x64/data/voc) by extensions ['colcon_meta']
[2.134s] Level 1:colcon.colcon_core.package_identification:_identify(src/darknet_ros_yolov4/darknet_ros/darknet/build/darknet/x64/data/voc) by extension 'colcon_meta'
[2.134s] Level 1:colcon.colcon_core.package_identification:_identify(src/darknet_ros_yolov4/darknet_ros/darknet/build/darknet/x64/data/voc) by extensions ['ros']
[2.135s] Level 1:colcon.colcon_core.package_identification:_identify(src/darknet_ros_yolov4/darknet_ros/darknet/build/darknet/x64/data/voc) by extension 'ros'
[2.135s] Level 1:colcon.colcon_core.package_identification:_identify(src/darknet_ros_yolov4/darknet_ros/darknet/build/darknet/x64/data/voc) by extensions ['cmake', 'python']
[2.135s] Level 1:colcon.colcon_core.package_identification:_identify(src/darknet_ros_yolov4/darknet_ros/darknet/build/darknet/x64/data/voc) by extension 'cmake'
[2.136s] Level 1:colcon.colcon_core.package_identification:_identify(src/darknet_ros_yolov4/darknet_ros/darknet/build/darknet/x64/data/voc) by extension 'python'
[2.137s] Level 1:colcon.colcon_core.package_identification:_identify(src/darknet_ros_yolov4/darknet_ros/darknet/build/darknet/x64/data/voc) by extensions ['python_setup_py']
[2.137s] Level 1:colcon.colcon_core.package_identification:_identify(src/darknet_ros_yolov4/darknet_ros/darknet/build/darknet/x64/data/voc) by extension 'python_setup_py'
[2.137s] Level 1:colcon.colcon_core.package_identification:_identify(src/darknet_ros_yolov4/darknet_ros/darknet/build/darknet/x64/results) by extensions ['ignore', 'ignore_ament_install']
[2.138s] Level 1:colcon.colcon_core.package_identification:_identify(src/darknet_ros_yolov4/darknet_ros/darknet/build/darknet/x64/results) by extension 'ignore'
[2.139s] Level 1:colcon.colcon_core.package_identification:_identify(src/darknet_ros_yolov4/darknet_ros/darknet/build/darknet/x64/results) by extension 'ignore_ament_install'
[2.139s] Level 1:colcon.colcon_core.package_identification:_identify(src/darknet_ros_yolov4/darknet_ros/darknet/build/darknet/x64/results) by extensions ['colcon_pkg']
[2.139s] Level 1:colcon.colcon_core.package_identification:_identify(src/darknet_ros_yolov4/darknet_ros/darknet/build/darknet/x64/results) by extension 'colcon_pkg'
[2.139s] Level 1:colcon.colcon_core.package_identification:_identify(src/darknet_ros_yolov4/darknet_ros/darknet/build/darknet/x64/results) by extensions ['colcon_meta']
[2.139s] Level 1:colcon.colcon_core.package_identification:_identify(src/darknet_ros_yolov4/darknet_ros/darknet/build/darknet/x64/results) by extension 'colcon_meta'
[2.140s] Level 1:colcon.colcon_core.package_identification:_identify(src/darknet_ros_yolov4/darknet_ros/darknet/build/darknet/x64/results) by extensions ['ros']
[2.140s] Level 1:colcon.colcon_core.package_identification:_identify(src/darknet_ros_yolov4/darknet_ros/darknet/build/darknet/x64/results) by extension 'ros'
[2.140s] Level 1:colcon.colcon_core.package_identification:_identify(src/darknet_ros_yolov4/darknet_ros/darknet/build/darknet/x64/results) by extensions ['cmake', 'python']
[2.141s] Level 1:colcon.colcon_core.package_identification:_identify(src/darknet_ros_yolov4/darknet_ros/darknet/build/darknet/x64/results) by extension 'cmake'
[2.141s] Level 1:colcon.colcon_core.package_identification:_identify(src/darknet_ros_yolov4/darknet_ros/darknet/build/darknet/x64/results) by extension 'python'
[2.141s] Level 1:colcon.colcon_core.package_identification:_identify(src/darknet_ros_yolov4/darknet_ros/darknet/build/darknet/x64/results) by extensions ['python_setup_py']
[2.141s] Level 1:colcon.colcon_core.package_identification:_identify(src/darknet_ros_yolov4/darknet_ros/darknet/build/darknet/x64/results) by extension 'python_setup_py'
[2.142s] Level 1:colcon.colcon_core.package_identification:_identify(src/darknet_ros_yolov4/darknet_ros/darknet/cfg) by extensions ['ignore', 'ignore_ament_install']
[2.142s] Level 1:colcon.colcon_core.package_identification:_identify(src/darknet_ros_yolov4/darknet_ros/darknet/cfg) by extension 'ignore'
[2.143s] Level 1:colcon.colcon_core.package_identification:_identify(src/darknet_ros_yolov4/darknet_ros/darknet/cfg) by extension 'ignore_ament_install'
[2.143s] Level 1:colcon.colcon_core.package_identification:_identify(src/darknet_ros_yolov4/darknet_ros/darknet/cfg) by extensions ['colcon_pkg']
[2.143s] Level 1:colcon.colcon_core.package_identification:_identify(src/darknet_ros_yolov4/darknet_ros/darknet/cfg) by extension 'colcon_pkg'
[2.143s] Level 1:colcon.colcon_core.package_identification:_identify(src/darknet_ros_yolov4/darknet_ros/darknet/cfg) by extensions ['colcon_meta']
[2.143s] Level 1:colcon.colcon_core.package_identification:_identify(src/darknet_ros_yolov4/darknet_ros/darknet/cfg) by extension 'colcon_meta'
[2.144s] Level 1:colcon.colcon_core.package_identification:_identify(src/darknet_ros_yolov4/darknet_ros/darknet/cfg) by extensions ['ros']
[2.144s] Level 1:colcon.colcon_core.package_identification:_identify(src/darknet_ros_yolov4/darknet_ros/darknet/cfg) by extension 'ros'
[2.144s] Level 1:colcon.colcon_core.package_identification:_identify(src/darknet_ros_yolov4/darknet_ros/darknet/cfg) by extensions ['cmake', 'python']
[2.144s] Level 1:colcon.colcon_core.package_identification:_identify(src/darknet_ros_yolov4/darknet_ros/darknet/cfg) by extension 'cmake'
[2.144s] Level 1:colcon.colcon_core.package_identification:_identify(src/darknet_ros_yolov4/darknet_ros/darknet/cfg) by extension 'python'
[2.145s] Level 1:colcon.colcon_core.package_identification:_identify(src/darknet_ros_yolov4/darknet_ros/darknet/cfg) by extensions ['python_setup_py']
[2.145s] Level 1:colcon.colcon_core.package_identification:_identify(src/darknet_ros_yolov4/darknet_ros/darknet/cfg) by extension 'python_setup_py'
[2.145s] Level 1:colcon.colcon_core.package_identification:_identify(src/darknet_ros_yolov4/darknet_ros/darknet/cfg/yolov1) by extensions ['ignore', 'ignore_ament_install']
[2.146s] Level 1:colcon.colcon_core.package_identification:_identify(src/darknet_ros_yolov4/darknet_ros/darknet/cfg/yolov1) by extension 'ignore'
[2.146s] Level 1:colcon.colcon_core.package_identification:_identify(src/darknet_ros_yolov4/darknet_ros/darknet/cfg/yolov1) by extension 'ignore_ament_install'
[2.146s] Level 1:colcon.colcon_core.package_identification:_identify(src/darknet_ros_yolov4/darknet_ros/darknet/cfg/yolov1) by extensions ['colcon_pkg']
[2.146s] Level 1:colcon.colcon_core.package_identification:_identify(src/darknet_ros_yolov4/darknet_ros/darknet/cfg/yolov1) by extension 'colcon_pkg'
[2.146s] Level 1:colcon.colcon_core.package_identification:_identify(src/darknet_ros_yolov4/darknet_ros/darknet/cfg/yolov1) by extensions ['colcon_meta']
[2.146s] Level 1:colcon.colcon_core.package_identification:_identify(src/darknet_ros_yolov4/darknet_ros/darknet/cfg/yolov1) by extension 'colcon_meta'
[2.147s] Level 1:colcon.colcon_core.package_identification:_identify(src/darknet_ros_yolov4/darknet_ros/darknet/cfg/yolov1) by extensions ['ros']
[2.147s] Level 1:colcon.colcon_core.package_identification:_identify(src/darknet_ros_yolov4/darknet_ros/darknet/cfg/yolov1) by extension 'ros'
[2.147s] Level 1:colcon.colcon_core.package_identification:_identify(src/darknet_ros_yolov4/darknet_ros/darknet/cfg/yolov1) by extensions ['cmake', 'python']
[2.147s] Level 1:colcon.colcon_core.package_identification:_identify(src/darknet_ros_yolov4/darknet_ros/darknet/cfg/yolov1) by extension 'cmake'
[2.148s] Level 1:colcon.colcon_core.package_identification:_identify(src/darknet_ros_yolov4/darknet_ros/darknet/cfg/yolov1) by extension 'python'
[2.148s] Level 1:colcon.colcon_core.package_identification:_identify(src/darknet_ros_yolov4/darknet_ros/darknet/cfg/yolov1) by extensions ['python_setup_py']
[2.148s] Level 1:colcon.colcon_core.package_identification:_identify(src/darknet_ros_yolov4/darknet_ros/darknet/cfg/yolov1) by extension 'python_setup_py'
[2.148s] Level 1:colcon.colcon_core.package_identification:_identify(src/darknet_ros_yolov4/darknet_ros/darknet/cmake) by extensions ['ignore', 'ignore_ament_install']
[2.149s] Level 1:colcon.colcon_core.package_identification:_identify(src/darknet_ros_yolov4/darknet_ros/darknet/cmake) by extension 'ignore'
[2.149s] Level 1:colcon.colcon_core.package_identification:_identify(src/darknet_ros_yolov4/darknet_ros/darknet/cmake) by extension 'ignore_ament_install'
[2.149s] Level 1:colcon.colcon_core.package_identification:_identify(src/darknet_ros_yolov4/darknet_ros/darknet/cmake) by extensions ['colcon_pkg']
[2.149s] Level 1:colcon.colcon_core.package_identification:_identify(src/darknet_ros_yolov4/darknet_ros/darknet/cmake) by extension 'colcon_pkg'
[2.149s] Level 1:colcon.colcon_core.package_identification:_identify(src/darknet_ros_yolov4/darknet_ros/darknet/cmake) by extensions ['colcon_meta']
[2.150s] Level 1:colcon.colcon_core.package_identification:_identify(src/darknet_ros_yolov4/darknet_ros/darknet/cmake) by extension 'colcon_meta'
[2.150s] Level 1:colcon.colcon_core.package_identification:_identify(src/darknet_ros_yolov4/darknet_ros/darknet/cmake) by extensions ['ros']
[2.150s] Level 1:colcon.colcon_core.package_identification:_identify(src/darknet_ros_yolov4/darknet_ros/darknet/cmake) by extension 'ros'
[2.150s] Level 1:colcon.colcon_core.package_identification:_identify(src/darknet_ros_yolov4/darknet_ros/darknet/cmake) by extensions ['cmake', 'python']
[2.150s] Level 1:colcon.colcon_core.package_identification:_identify(src/darknet_ros_yolov4/darknet_ros/darknet/cmake) by extension 'cmake'
[2.151s] Level 1:colcon.colcon_core.package_identification:_identify(src/darknet_ros_yolov4/darknet_ros/darknet/cmake) by extension 'python'
[2.151s] Level 1:colcon.colcon_core.package_identification:_identify(src/darknet_ros_yolov4/darknet_ros/darknet/cmake) by extensions ['python_setup_py']
[2.151s] Level 1:colcon.colcon_core.package_identification:_identify(src/darknet_ros_yolov4/darknet_ros/darknet/cmake) by extension 'python_setup_py'
[2.151s] Level 1:colcon.colcon_core.package_identification:_identify(src/darknet_ros_yolov4/darknet_ros/darknet/cmake/Modules) by extensions ['ignore', 'ignore_ament_install']
[2.152s] Level 1:colcon.colcon_core.package_identification:_identify(src/darknet_ros_yolov4/darknet_ros/darknet/cmake/Modules) by extension 'ignore'
[2.152s] Level 1:colcon.colcon_core.package_identification:_identify(src/darknet_ros_yolov4/darknet_ros/darknet/cmake/Modules) by extension 'ignore_ament_install'
[2.152s] Level 1:colcon.colcon_core.package_identification:_identify(src/darknet_ros_yolov4/darknet_ros/darknet/cmake/Modules) by extensions ['colcon_pkg']
[2.152s] Level 1:colcon.colcon_core.package_identification:_identify(src/darknet_ros_yolov4/darknet_ros/darknet/cmake/Modules) by extension 'colcon_pkg'
[2.153s] Level 1:colcon.colcon_core.package_identification:_identify(src/darknet_ros_yolov4/darknet_ros/darknet/cmake/Modules) by extensions ['colcon_meta']
[2.153s] Level 1:colcon.colcon_core.package_identification:_identify(src/darknet_ros_yolov4/darknet_ros/darknet/cmake/Modules) by extension 'colcon_meta'
[2.153s] Level 1:colcon.colcon_core.package_identification:_identify(src/darknet_ros_yolov4/darknet_ros/darknet/cmake/Modules) by extensions ['ros']
[2.153s] Level 1:colcon.colcon_core.package_identification:_identify(src/darknet_ros_yolov4/darknet_ros/darknet/cmake/Modules) by extension 'ros'
[2.153s] Level 1:colcon.colcon_core.package_identification:_identify(src/darknet_ros_yolov4/darknet_ros/darknet/cmake/Modules) by extensions ['cmake', 'python']
[2.154s] Level 1:colcon.colcon_core.package_identification:_identify(src/darknet_ros_yolov4/darknet_ros/darknet/cmake/Modules) by extension 'cmake'
[2.154s] Level 1:colcon.colcon_core.package_identification:_identify(src/darknet_ros_yolov4/darknet_ros/darknet/cmake/Modules) by extension 'python'
[2.154s] Level 1:colcon.colcon_core.package_identification:_identify(src/darknet_ros_yolov4/darknet_ros/darknet/cmake/Modules) by extensions ['python_setup_py']
[2.154s] Level 1:colcon.colcon_core.package_identification:_identify(src/darknet_ros_yolov4/darknet_ros/darknet/cmake/Modules) by extension 'python_setup_py'
[2.155s] Level 1:colcon.colcon_core.package_identification:_identify(src/darknet_ros_yolov4/darknet_ros/darknet/data) by extensions ['ignore', 'ignore_ament_install']
[2.155s] Level 1:colcon.colcon_core.package_identification:_identify(src/darknet_ros_yolov4/darknet_ros/darknet/data) by extension 'ignore'
[2.155s] Level 1:colcon.colcon_core.package_identification:_identify(src/darknet_ros_yolov4/darknet_ros/darknet/data) by extension 'ignore_ament_install'
[2.155s] Level 1:colcon.colcon_core.package_identification:_identify(src/darknet_ros_yolov4/darknet_ros/darknet/data) by extensions ['colcon_pkg']
[2.156s] Level 1:colcon.colcon_core.package_identification:_identify(src/darknet_ros_yolov4/darknet_ros/darknet/data) by extension 'colcon_pkg'
[2.156s] Level 1:colcon.colcon_core.package_identification:_identify(src/darknet_ros_yolov4/darknet_ros/darknet/data) by extensions ['colcon_meta']
[2.156s] Level 1:colcon.colcon_core.package_identification:_identify(src/darknet_ros_yolov4/darknet_ros/darknet/data) by extension 'colcon_meta'
[2.156s] Level 1:colcon.colcon_core.package_identification:_identify(src/darknet_ros_yolov4/darknet_ros/darknet/data) by extensions ['ros']
[2.156s] Level 1:colcon.colcon_core.package_identification:_identify(src/darknet_ros_yolov4/darknet_ros/darknet/data) by extension 'ros'
[2.157s] Level 1:colcon.colcon_core.package_identification:_identify(src/darknet_ros_yolov4/darknet_ros/darknet/data) by extensions ['cmake', 'python']
[2.157s] Level 1:colcon.colcon_core.package_identification:_identify(src/darknet_ros_yolov4/darknet_ros/darknet/data) by extension 'cmake'
[2.157s] Level 1:colcon.colcon_core.package_identification:_identify(src/darknet_ros_yolov4/darknet_ros/darknet/data) by extension 'python'
[2.157s] Level 1:colcon.colcon_core.package_identification:_identify(src/darknet_ros_yolov4/darknet_ros/darknet/data) by extensions ['python_setup_py']
[2.157s] Level 1:colcon.colcon_core.package_identification:_identify(src/darknet_ros_yolov4/darknet_ros/darknet/data) by extension 'python_setup_py'
[2.162s] Level 1:colcon.colcon_core.package_identification:_identify(src/darknet_ros_yolov4/darknet_ros/darknet/data/labels) by extensions ['ignore', 'ignore_ament_install']
[2.162s] Level 1:colcon.colcon_core.package_identification:_identify(src/darknet_ros_yolov4/darknet_ros/darknet/data/labels) by extension 'ignore'
[2.162s] Level 1:colcon.colcon_core.package_identification:_identify(src/darknet_ros_yolov4/darknet_ros/darknet/data/labels) by extension 'ignore_ament_install'
[2.163s] Level 1:colcon.colcon_core.package_identification:_identify(src/darknet_ros_yolov4/darknet_ros/darknet/data/labels) by extensions ['colcon_pkg']
[2.163s] Level 1:colcon.colcon_core.package_identification:_identify(src/darknet_ros_yolov4/darknet_ros/darknet/data/labels) by extension 'colcon_pkg'
[2.163s] Level 1:colcon.colcon_core.package_identification:_identify(src/darknet_ros_yolov4/darknet_ros/darknet/data/labels) by extensions ['colcon_meta']
[2.163s] Level 1:colcon.colcon_core.package_identification:_identify(src/darknet_ros_yolov4/darknet_ros/darknet/data/labels) by extension 'colcon_meta'
[2.163s] Level 1:colcon.colcon_core.package_identification:_identify(src/darknet_ros_yolov4/darknet_ros/darknet/data/labels) by extensions ['ros']
[2.163s] Level 1:colcon.colcon_core.package_identification:_identify(src/darknet_ros_yolov4/darknet_ros/darknet/data/labels) by extension 'ros'
[2.164s] Level 1:colcon.colcon_core.package_identification:_identify(src/darknet_ros_yolov4/darknet_ros/darknet/data/labels) by extensions ['cmake', 'python']
[2.164s] Level 1:colcon.colcon_core.package_identification:_identify(src/darknet_ros_yolov4/darknet_ros/darknet/data/labels) by extension 'cmake'
[2.164s] Level 1:colcon.colcon_core.package_identification:_identify(src/darknet_ros_yolov4/darknet_ros/darknet/data/labels) by extension 'python'
[2.164s] Level 1:colcon.colcon_core.package_identification:_identify(src/darknet_ros_yolov4/darknet_ros/darknet/data/labels) by extensions ['python_setup_py']
[2.164s] Level 1:colcon.colcon_core.package_identification:_identify(src/darknet_ros_yolov4/darknet_ros/darknet/data/labels) by extension 'python_setup_py'
[2.165s] Level 1:colcon.colcon_core.package_identification:_identify(src/darknet_ros_yolov4/darknet_ros/darknet/include) by extensions ['ignore', 'ignore_ament_install']
[2.165s] Level 1:colcon.colcon_core.package_identification:_identify(src/darknet_ros_yolov4/darknet_ros/darknet/include) by extension 'ignore'
[2.165s] Level 1:colcon.colcon_core.package_identification:_identify(src/darknet_ros_yolov4/darknet_ros/darknet/include) by extension 'ignore_ament_install'
[2.166s] Level 1:colcon.colcon_core.package_identification:_identify(src/darknet_ros_yolov4/darknet_ros/darknet/include) by extensions ['colcon_pkg']
[2.166s] Level 1:colcon.colcon_core.package_identification:_identify(src/darknet_ros_yolov4/darknet_ros/darknet/include) by extension 'colcon_pkg'
[2.166s] Level 1:colcon.colcon_core.package_identification:_identify(src/darknet_ros_yolov4/darknet_ros/darknet/include) by extensions ['colcon_meta']
[2.166s] Level 1:colcon.colcon_core.package_identification:_identify(src/darknet_ros_yolov4/darknet_ros/darknet/include) by extension 'colcon_meta'
[2.166s] Level 1:colcon.colcon_core.package_identification:_identify(src/darknet_ros_yolov4/darknet_ros/darknet/include) by extensions ['ros']
[2.167s] Level 1:colcon.colcon_core.package_identification:_identify(src/darknet_ros_yolov4/darknet_ros/darknet/include) by extension 'ros'
[2.167s] Level 1:colcon.colcon_core.package_identification:_identify(src/darknet_ros_yolov4/darknet_ros/darknet/include) by extensions ['cmake', 'python']
[2.167s] Level 1:colcon.colcon_core.package_identification:_identify(src/darknet_ros_yolov4/darknet_ros/darknet/include) by extension 'cmake'
[2.167s] Level 1:colcon.colcon_core.package_identification:_identify(src/darknet_ros_yolov4/darknet_ros/darknet/include) by extension 'python'
[2.167s] Level 1:colcon.colcon_core.package_identification:_identify(src/darknet_ros_yolov4/darknet_ros/darknet/include) by extensions ['python_setup_py']
[2.168s] Level 1:colcon.colcon_core.package_identification:_identify(src/darknet_ros_yolov4/darknet_ros/darknet/include) by extension 'python_setup_py'
[2.168s] Level 1:colcon.colcon_core.package_identification:_identify(src/darknet_ros_yolov4/darknet_ros/darknet/results) by extensions ['ignore', 'ignore_ament_install']
[2.168s] Level 1:colcon.colcon_core.package_identification:_identify(src/darknet_ros_yolov4/darknet_ros/darknet/results) by extension 'ignore'
[2.168s] Level 1:colcon.colcon_core.package_identification:_identify(src/darknet_ros_yolov4/darknet_ros/darknet/results) by extension 'ignore_ament_install'
[2.169s] Level 1:colcon.colcon_core.package_identification:_identify(src/darknet_ros_yolov4/darknet_ros/darknet/results) by extensions ['colcon_pkg']
[2.169s] Level 1:colcon.colcon_core.package_identification:_identify(src/darknet_ros_yolov4/darknet_ros/darknet/results) by extension 'colcon_pkg'
[2.169s] Level 1:colcon.colcon_core.package_identification:_identify(src/darknet_ros_yolov4/darknet_ros/darknet/results) by extensions ['colcon_meta']
[2.169s] Level 1:colcon.colcon_core.package_identification:_identify(src/darknet_ros_yolov4/darknet_ros/darknet/results) by extension 'colcon_meta'
[2.169s] Level 1:colcon.colcon_core.package_identification:_identify(src/darknet_ros_yolov4/darknet_ros/darknet/results) by extensions ['ros']
[2.170s] Level 1:colcon.colcon_core.package_identification:_identify(src/darknet_ros_yolov4/darknet_ros/darknet/results) by extension 'ros'
[2.170s] Level 1:colcon.colcon_core.package_identification:_identify(src/darknet_ros_yolov4/darknet_ros/darknet/results) by extensions ['cmake', 'python']
[2.170s] Level 1:colcon.colcon_core.package_identification:_identify(src/darknet_ros_yolov4/darknet_ros/darknet/results) by extension 'cmake'
[2.170s] Level 1:colcon.colcon_core.package_identification:_identify(src/darknet_ros_yolov4/darknet_ros/darknet/results) by extension 'python'
[2.170s] Level 1:colcon.colcon_core.package_identification:_identify(src/darknet_ros_yolov4/darknet_ros/darknet/results) by extensions ['python_setup_py']
[2.170s] Level 1:colcon.colcon_core.package_identification:_identify(src/darknet_ros_yolov4/darknet_ros/darknet/results) by extension 'python_setup_py'
[2.171s] Level 1:colcon.colcon_core.package_identification:_identify(src/darknet_ros_yolov4/darknet_ros/darknet/scripts) by extensions ['ignore', 'ignore_ament_install']
[2.171s] Level 1:colcon.colcon_core.package_identification:_identify(src/darknet_ros_yolov4/darknet_ros/darknet/scripts) by extension 'ignore'
[2.172s] Level 1:colcon.colcon_core.package_identification:_identify(src/darknet_ros_yolov4/darknet_ros/darknet/scripts) by extension 'ignore_ament_install'
[2.172s] Level 1:colcon.colcon_core.package_identification:_identify(src/darknet_ros_yolov4/darknet_ros/darknet/scripts) by extensions ['colcon_pkg']
[2.172s] Level 1:colcon.colcon_core.package_identification:_identify(src/darknet_ros_yolov4/darknet_ros/darknet/scripts) by extension 'colcon_pkg'
[2.172s] Level 1:colcon.colcon_core.package_identification:_identify(src/darknet_ros_yolov4/darknet_ros/darknet/scripts) by extensions ['colcon_meta']
[2.172s] Level 1:colcon.colcon_core.package_identification:_identify(src/darknet_ros_yolov4/darknet_ros/darknet/scripts) by extension 'colcon_meta'
[2.173s] Level 1:colcon.colcon_core.package_identification:_identify(src/darknet_ros_yolov4/darknet_ros/darknet/scripts) by extensions ['ros']
[2.173s] Level 1:colcon.colcon_core.package_identification:_identify(src/darknet_ros_yolov4/darknet_ros/darknet/scripts) by extension 'ros'
[2.173s] Level 1:colcon.colcon_core.package_identification:_identify(src/darknet_ros_yolov4/darknet_ros/darknet/scripts) by extensions ['cmake', 'python']
[2.173s] Level 1:colcon.colcon_core.package_identification:_identify(src/darknet_ros_yolov4/darknet_ros/darknet/scripts) by extension 'cmake'
[2.173s] Level 1:colcon.colcon_core.package_identification:_identify(src/darknet_ros_yolov4/darknet_ros/darknet/scripts) by extension 'python'
[2.173s] Level 1:colcon.colcon_core.package_identification:_identify(src/darknet_ros_yolov4/darknet_ros/darknet/scripts) by extensions ['python_setup_py']
[2.174s] Level 1:colcon.colcon_core.package_identification:_identify(src/darknet_ros_yolov4/darknet_ros/darknet/scripts) by extension 'python_setup_py'
[2.174s] Level 1:colcon.colcon_core.package_identification:_identify(src/darknet_ros_yolov4/darknet_ros/darknet/scripts/log_parser) by extensions ['ignore', 'ignore_ament_install']
[2.174s] Level 1:colcon.colcon_core.package_identification:_identify(src/darknet_ros_yolov4/darknet_ros/darknet/scripts/log_parser) by extension 'ignore'
[2.175s] Level 1:colcon.colcon_core.package_identification:_identify(src/darknet_ros_yolov4/darknet_ros/darknet/scripts/log_parser) by extension 'ignore_ament_install'
[2.175s] Level 1:colcon.colcon_core.package_identification:_identify(src/darknet_ros_yolov4/darknet_ros/darknet/scripts/log_parser) by extensions ['colcon_pkg']
[2.175s] Level 1:colcon.colcon_core.package_identification:_identify(src/darknet_ros_yolov4/darknet_ros/darknet/scripts/log_parser) by extension 'colcon_pkg'
[2.175s] Level 1:colcon.colcon_core.package_identification:_identify(src/darknet_ros_yolov4/darknet_ros/darknet/scripts/log_parser) by extensions ['colcon_meta']
[2.175s] Level 1:colcon.colcon_core.package_identification:_identify(src/darknet_ros_yolov4/darknet_ros/darknet/scripts/log_parser) by extension 'colcon_meta'
[2.176s] Level 1:colcon.colcon_core.package_identification:_identify(src/darknet_ros_yolov4/darknet_ros/darknet/scripts/log_parser) by extensions ['ros']
[2.176s] Level 1:colcon.colcon_core.package_identification:_identify(src/darknet_ros_yolov4/darknet_ros/darknet/scripts/log_parser) by extension 'ros'
[2.176s] Level 1:colcon.colcon_core.package_identification:_identify(src/darknet_ros_yolov4/darknet_ros/darknet/scripts/log_parser) by extensions ['cmake', 'python']
[2.176s] Level 1:colcon.colcon_core.package_identification:_identify(src/darknet_ros_yolov4/darknet_ros/darknet/scripts/log_parser) by extension 'cmake'
[2.176s] Level 1:colcon.colcon_core.package_identification:_identify(src/darknet_ros_yolov4/darknet_ros/darknet/scripts/log_parser) by extension 'python'
[2.177s] Level 1:colcon.colcon_core.package_identification:_identify(src/darknet_ros_yolov4/darknet_ros/darknet/scripts/log_parser) by extensions ['python_setup_py']
[2.177s] Level 1:colcon.colcon_core.package_identification:_identify(src/darknet_ros_yolov4/darknet_ros/darknet/scripts/log_parser) by extension 'python_setup_py'
[2.177s] Level 1:colcon.colcon_core.package_identification:_identify(src/darknet_ros_yolov4/darknet_ros/darknet/scripts/windows) by extensions ['ignore', 'ignore_ament_install']
[2.177s] Level 1:colcon.colcon_core.package_identification:_identify(src/darknet_ros_yolov4/darknet_ros/darknet/scripts/windows) by extension 'ignore'
[2.178s] Level 1:colcon.colcon_core.package_identification:_identify(src/darknet_ros_yolov4/darknet_ros/darknet/scripts/windows) by extension 'ignore_ament_install'
[2.178s] Level 1:colcon.colcon_core.package_identification:_identify(src/darknet_ros_yolov4/darknet_ros/darknet/scripts/windows) by extensions ['colcon_pkg']
[2.178s] Level 1:colcon.colcon_core.package_identification:_identify(src/darknet_ros_yolov4/darknet_ros/darknet/scripts/windows) by extension 'colcon_pkg'
[2.178s] Level 1:colcon.colcon_core.package_identification:_identify(src/darknet_ros_yolov4/darknet_ros/darknet/scripts/windows) by extensions ['colcon_meta']
[2.178s] Level 1:colcon.colcon_core.package_identification:_identify(src/darknet_ros_yolov4/darknet_ros/darknet/scripts/windows) by extension 'colcon_meta'
[2.179s] Level 1:colcon.colcon_core.package_identification:_identify(src/darknet_ros_yolov4/darknet_ros/darknet/scripts/windows) by extensions ['ros']
[2.179s] Level 1:colcon.colcon_core.package_identification:_identify(src/darknet_ros_yolov4/darknet_ros/darknet/scripts/windows) by extension 'ros'
[2.179s] Level 1:colcon.colcon_core.package_identification:_identify(src/darknet_ros_yolov4/darknet_ros/darknet/scripts/windows) by extensions ['cmake', 'python']
[2.179s] Level 1:colcon.colcon_core.package_identification:_identify(src/darknet_ros_yolov4/darknet_ros/darknet/scripts/windows) by extension 'cmake'
[2.179s] Level 1:colcon.colcon_core.package_identification:_identify(src/darknet_ros_yolov4/darknet_ros/darknet/scripts/windows) by extension 'python'
[2.180s] Level 1:colcon.colcon_core.package_identification:_identify(src/darknet_ros_yolov4/darknet_ros/darknet/scripts/windows) by extensions ['python_setup_py']
[2.180s] Level 1:colcon.colcon_core.package_identification:_identify(src/darknet_ros_yolov4/darknet_ros/darknet/scripts/windows) by extension 'python_setup_py'
[2.181s] Level 1:colcon.colcon_core.package_identification:_identify(src/darknet_ros_yolov4/darknet_ros/darknet/src) by extensions ['ignore', 'ignore_ament_install']
[2.181s] Level 1:colcon.colcon_core.package_identification:_identify(src/darknet_ros_yolov4/darknet_ros/darknet/src) by extension 'ignore'
[2.181s] Level 1:colcon.colcon_core.package_identification:_identify(src/darknet_ros_yolov4/darknet_ros/darknet/src) by extension 'ignore_ament_install'
[2.182s] Level 1:colcon.colcon_core.package_identification:_identify(src/darknet_ros_yolov4/darknet_ros/darknet/src) by extensions ['colcon_pkg']
[2.182s] Level 1:colcon.colcon_core.package_identification:_identify(src/darknet_ros_yolov4/darknet_ros/darknet/src) by extension 'colcon_pkg'
[2.182s] Level 1:colcon.colcon_core.package_identification:_identify(src/darknet_ros_yolov4/darknet_ros/darknet/src) by extensions ['colcon_meta']
[2.182s] Level 1:colcon.colcon_core.package_identification:_identify(src/darknet_ros_yolov4/darknet_ros/darknet/src) by extension 'colcon_meta'
[2.182s] Level 1:colcon.colcon_core.package_identification:_identify(src/darknet_ros_yolov4/darknet_ros/darknet/src) by extensions ['ros']
[2.183s] Level 1:colcon.colcon_core.package_identification:_identify(src/darknet_ros_yolov4/darknet_ros/darknet/src) by extension 'ros'
[2.183s] Level 1:colcon.colcon_core.package_identification:_identify(src/darknet_ros_yolov4/darknet_ros/darknet/src) by extensions ['cmake', 'python']
[2.183s] Level 1:colcon.colcon_core.package_identification:_identify(src/darknet_ros_yolov4/darknet_ros/darknet/src) by extension 'cmake'
[2.183s] Level 1:colcon.colcon_core.package_identification:_identify(src/darknet_ros_yolov4/darknet_ros/darknet/src) by extension 'python'
[2.183s] Level 1:colcon.colcon_core.package_identification:_identify(src/darknet_ros_yolov4/darknet_ros/darknet/src) by extensions ['python_setup_py']
[2.184s] Level 1:colcon.colcon_core.package_identification:_identify(src/darknet_ros_yolov4/darknet_ros/darknet/src) by extension 'python_setup_py'
[2.184s] Level 1:colcon.colcon_core.package_identification:_identify(src/darknet_ros_yolov4/darknet_ros/darknet_ros) by extensions ['ignore', 'ignore_ament_install']
[2.184s] Level 1:colcon.colcon_core.package_identification:_identify(src/darknet_ros_yolov4/darknet_ros/darknet_ros) by extension 'ignore'
[2.184s] Level 1:colcon.colcon_core.package_identification:_identify(src/darknet_ros_yolov4/darknet_ros/darknet_ros) by extension 'ignore_ament_install'
[2.185s] Level 1:colcon.colcon_core.package_identification:_identify(src/darknet_ros_yolov4/darknet_ros/darknet_ros) by extensions ['colcon_pkg']
[2.185s] Level 1:colcon.colcon_core.package_identification:_identify(src/darknet_ros_yolov4/darknet_ros/darknet_ros) by extension 'colcon_pkg'
[2.185s] Level 1:colcon.colcon_core.package_identification:_identify(src/darknet_ros_yolov4/darknet_ros/darknet_ros) by extensions ['colcon_meta']
[2.185s] Level 1:colcon.colcon_core.package_identification:_identify(src/darknet_ros_yolov4/darknet_ros/darknet_ros) by extension 'colcon_meta'
[2.185s] Level 1:colcon.colcon_core.package_identification:_identify(src/darknet_ros_yolov4/darknet_ros/darknet_ros) by extensions ['ros']
[2.186s] Level 1:colcon.colcon_core.package_identification:_identify(src/darknet_ros_yolov4/darknet_ros/darknet_ros) by extension 'ros'
[2.191s] DEBUG:colcon.colcon_core.package_identification:Package 'src/darknet_ros_yolov4/darknet_ros/darknet_ros' with type 'ros.ament_cmake' and name 'darknet_ros'
[2.192s] Level 1:colcon.colcon_core.package_identification:_identify(src/darknet_ros_yolov4/darknet_ros/darknet_ros_msgs) by extensions ['ignore', 'ignore_ament_install']
[2.192s] Level 1:colcon.colcon_core.package_identification:_identify(src/darknet_ros_yolov4/darknet_ros/darknet_ros_msgs) by extension 'ignore'
[2.192s] Level 1:colcon.colcon_core.package_identification:_identify(src/darknet_ros_yolov4/darknet_ros/darknet_ros_msgs) by extension 'ignore_ament_install'
[2.192s] Level 1:colcon.colcon_core.package_identification:_identify(src/darknet_ros_yolov4/darknet_ros/darknet_ros_msgs) by extensions ['colcon_pkg']
[2.192s] Level 1:colcon.colcon_core.package_identification:_identify(src/darknet_ros_yolov4/darknet_ros/darknet_ros_msgs) by extension 'colcon_pkg'
[2.193s] Level 1:colcon.colcon_core.package_identification:_identify(src/darknet_ros_yolov4/darknet_ros/darknet_ros_msgs) by extensions ['colcon_meta']
[2.193s] Level 1:colcon.colcon_core.package_identification:_identify(src/darknet_ros_yolov4/darknet_ros/darknet_ros_msgs) by extension 'colcon_meta'
[2.193s] Level 1:colcon.colcon_core.package_identification:_identify(src/darknet_ros_yolov4/darknet_ros/darknet_ros_msgs) by extensions ['ros']
[2.193s] Level 1:colcon.colcon_core.package_identification:_identify(src/darknet_ros_yolov4/darknet_ros/darknet_ros_msgs) by extension 'ros'
[2.197s] DEBUG:colcon.colcon_core.package_identification:Package 'src/darknet_ros_yolov4/darknet_ros/darknet_ros_msgs' with type 'ros.ament_cmake' and name 'darknet_ros_msgs'
[2.198s] Level 1:colcon.colcon_core.package_identification:_identify(src/darknet_ros_yolov4/pictures) by extensions ['ignore', 'ignore_ament_install']
[2.198s] Level 1:colcon.colcon_core.package_identification:_identify(src/darknet_ros_yolov4/pictures) by extension 'ignore'
[2.198s] Level 1:colcon.colcon_core.package_identification:_identify(src/darknet_ros_yolov4/pictures) by extension 'ignore_ament_install'
[2.198s] Level 1:colcon.colcon_core.package_identification:_identify(src/darknet_ros_yolov4/pictures) by extensions ['colcon_pkg']
[2.199s] Level 1:colcon.colcon_core.package_identification:_identify(src/darknet_ros_yolov4/pictures) by extension 'colcon_pkg'
[2.199s] Level 1:colcon.colcon_core.package_identification:_identify(src/darknet_ros_yolov4/pictures) by extensions ['colcon_meta']
[2.199s] Level 1:colcon.colcon_core.package_identification:_identify(src/darknet_ros_yolov4/pictures) by extension 'colcon_meta'
[2.199s] Level 1:colcon.colcon_core.package_identification:_identify(src/darknet_ros_yolov4/pictures) by extensions ['ros']
[2.199s] Level 1:colcon.colcon_core.package_identification:_identify(src/darknet_ros_yolov4/pictures) by extension 'ros'
[2.200s] Level 1:colcon.colcon_core.package_identification:_identify(src/darknet_ros_yolov4/pictures) by extensions ['cmake', 'python']
[2.200s] Level 1:colcon.colcon_core.package_identification:_identify(src/darknet_ros_yolov4/pictures) by extension 'cmake'
[2.200s] Level 1:colcon.colcon_core.package_identification:_identify(src/darknet_ros_yolov4/pictures) by extension 'python'
[2.200s] Level 1:colcon.colcon_core.package_identification:_identify(src/darknet_ros_yolov4/pictures) by extensions ['python_setup_py']
[2.200s] Level 1:colcon.colcon_core.package_identification:_identify(src/darknet_ros_yolov4/pictures) by extension 'python_setup_py'
[2.201s] Level 1:colcon.colcon_core.package_identification:_identify(src/humcount) by extensions ['ignore', 'ignore_ament_install']
[2.201s] Level 1:colcon.colcon_core.package_identification:_identify(src/humcount) by extension 'ignore'
[2.201s] Level 1:colcon.colcon_core.package_identification:_identify(src/humcount) by extension 'ignore_ament_install'
[2.201s] Level 1:colcon.colcon_core.package_identification:_identify(src/humcount) by extensions ['colcon_pkg']
[2.202s] Level 1:colcon.colcon_core.package_identification:_identify(src/humcount) by extension 'colcon_pkg'
[2.202s] Level 1:colcon.colcon_core.package_identification:_identify(src/humcount) by extensions ['colcon_meta']
[2.202s] Level 1:colcon.colcon_core.package_identification:_identify(src/humcount) by extension 'colcon_meta'
[2.202s] Level 1:colcon.colcon_core.package_identification:_identify(src/humcount) by extensions ['ros']
[2.202s] Level 1:colcon.colcon_core.package_identification:_identify(src/humcount) by extension 'ros'
[2.204s] DEBUG:colcon.colcon_core.package_identification:Package 'src/humcount' with type 'ros.ament_python' and name 'humcount'
[2.204s] Level 1:colcon.colcon_core.package_identification:_identify(src/install) by extensions ['ignore', 'ignore_ament_install']
[2.205s] Level 1:colcon.colcon_core.package_identification:_identify(src/install) by extension 'ignore'
[2.205s] Level 1:colcon.colcon_core.package_identification:_identify(src/install) ignored
[2.205s] Level 1:colcon.colcon_core.package_identification:_identify(src/log) by extensions ['ignore', 'ignore_ament_install']
[2.206s] Level 1:colcon.colcon_core.package_identification:_identify(src/log) by extension 'ignore'
[2.206s] Level 1:colcon.colcon_core.package_identification:_identify(src/log) ignored
[2.206s] Level 1:colcon.colcon_core.package_identification:_identify(src/px4_msgs) by extensions ['ignore', 'ignore_ament_install']
[2.207s] Level 1:colcon.colcon_core.package_identification:_identify(src/px4_msgs) by extension 'ignore'
[2.207s] Level 1:colcon.colcon_core.package_identification:_identify(src/px4_msgs) by extension 'ignore_ament_install'
[2.207s] Level 1:colcon.colcon_core.package_identification:_identify(src/px4_msgs) by extensions ['colcon_pkg']
[2.207s] Level 1:colcon.colcon_core.package_identification:_identify(src/px4_msgs) by extension 'colcon_pkg'
[2.207s] Level 1:colcon.colcon_core.package_identification:_identify(src/px4_msgs) by extensions ['colcon_meta']
[2.208s] Level 1:colcon.colcon_core.package_identification:_identify(src/px4_msgs) by extension 'colcon_meta'
[2.208s] Level 1:colcon.colcon_core.package_identification:_identify(src/px4_msgs) by extensions ['ros']
[2.208s] Level 1:colcon.colcon_core.package_identification:_identify(src/px4_msgs) by extension 'ros'
[2.211s] DEBUG:colcon.colcon_core.package_identification:Package 'src/px4_msgs' with type 'ros.ament_cmake' and name 'px4_msgs'
[2.211s] Level 1:colcon.colcon_core.package_identification:_identify(src/px4_ros_com) by extensions ['ignore', 'ignore_ament_install']
[2.212s] Level 1:colcon.colcon_core.package_identification:_identify(src/px4_ros_com) by extension 'ignore'
[2.212s] Level 1:colcon.colcon_core.package_identification:_identify(src/px4_ros_com) by extension 'ignore_ament_install'
[2.212s] Level 1:colcon.colcon_core.package_identification:_identify(src/px4_ros_com) by extensions ['colcon_pkg']
[2.212s] Level 1:colcon.colcon_core.package_identification:_identify(src/px4_ros_com) by extension 'colcon_pkg'
[2.212s] Level 1:colcon.colcon_core.package_identification:_identify(src/px4_ros_com) by extensions ['colcon_meta']
[2.213s] Level 1:colcon.colcon_core.package_identification:_identify(src/px4_ros_com) by extension 'colcon_meta'
[2.213s] Level 1:colcon.colcon_core.package_identification:_identify(src/px4_ros_com) by extensions ['ros']
[2.213s] Level 1:colcon.colcon_core.package_identification:_identify(src/px4_ros_com) by extension 'ros'
[2.218s] DEBUG:colcon.colcon_core.package_identification:Package 'src/px4_ros_com' with type 'ros.ament_cmake' and name 'px4_ros_com'
[2.219s] Level 1:colcon.colcon_core.package_identification:_identify(src/termal) by extensions ['ignore', 'ignore_ament_install']
[2.219s] Level 1:colcon.colcon_core.package_identification:_identify(src/termal) by extension 'ignore'
[2.219s] Level 1:colcon.colcon_core.package_identification:_identify(src/termal) by extension 'ignore_ament_install'
[2.219s] Level 1:colcon.colcon_core.package_identification:_identify(src/termal) by extensions ['colcon_pkg']
[2.220s] Level 1:colcon.colcon_core.package_identification:_identify(src/termal) by extension 'colcon_pkg'
[2.220s] Level 1:colcon.colcon_core.package_identification:_identify(src/termal) by extensions ['colcon_meta']
[2.220s] Level 1:colcon.colcon_core.package_identification:_identify(src/termal) by extension 'colcon_meta'
[2.220s] Level 1:colcon.colcon_core.package_identification:_identify(src/termal) by extensions ['ros']
[2.220s] Level 1:colcon.colcon_core.package_identification:_identify(src/termal) by extension 'ros'
[2.224s] DEBUG:colcon.colcon_core.package_identification:Package 'src/termal' with type 'ros.ament_python' and name 'termal'
[2.225s] Level 1:colcon.colcon_core.package_identification:_identify(src/yolo_den) by extensions ['ignore', 'ignore_ament_install']
[2.225s] Level 1:colcon.colcon_core.package_identification:_identify(src/yolo_den) by extension 'ignore'
[2.225s] Level 1:colcon.colcon_core.package_identification:_identify(src/yolo_den) by extension 'ignore_ament_install'
[2.225s] Level 1:colcon.colcon_core.package_identification:_identify(src/yolo_den) by extensions ['colcon_pkg']
[2.225s] Level 1:colcon.colcon_core.package_identification:_identify(src/yolo_den) by extension 'colcon_pkg'
[2.226s] Level 1:colcon.colcon_core.package_identification:_identify(src/yolo_den) by extensions ['colcon_meta']
[2.226s] Level 1:colcon.colcon_core.package_identification:_identify(src/yolo_den) by extension 'colcon_meta'
[2.226s] Level 1:colcon.colcon_core.package_identification:_identify(src/yolo_den) by extensions ['ros']
[2.226s] Level 1:colcon.colcon_core.package_identification:_identify(src/yolo_den) by extension 'ros'
[2.230s] DEBUG:colcon.colcon_core.package_identification:Package 'src/yolo_den' with type 'ros.ament_python' and name 'yolo_den'
[2.231s] Level 1:colcon.colcon_core.package_discovery:discover_packages(recursive) using defaults
[2.231s] Level 1:colcon.colcon_core.package_discovery:discover_packages(ignore) discover
[2.231s] Level 1:colcon.colcon_core.package_discovery:discover_packages(ignore) using defaults
[2.231s] Level 1:colcon.colcon_core.package_discovery:discover_packages(path) discover
[2.231s] Level 1:colcon.colcon_core.package_discovery:discover_packages(path) using defaults
[2.333s] INFO:colcon.colcon_core.package_selection:Skipping not selected package 'cvdeneme' in 'src/cvdeneme'
[2.333s] INFO:colcon.colcon_core.package_selection:Skipping not selected package 'darknet_ros_msgs' in 'src/darknet_ros_yolov4/darknet_ros/darknet_ros_msgs'
[2.333s] INFO:colcon.colcon_core.package_selection:Skipping not selected package 'px4_msgs' in 'src/px4_msgs'
[2.333s] INFO:colcon.colcon_core.package_selection:Skipping not selected package 'termal' in 'src/termal'
[2.333s] INFO:colcon.colcon_core.package_selection:Skipping not selected package 'yolo_den' in 'src/yolo_den'
[2.333s] INFO:colcon.colcon_core.package_selection:Skipping not selected package 'darknet_ros' in 'src/darknet_ros_yolov4/darknet_ros/darknet_ros'
[2.333s] INFO:colcon.colcon_core.package_selection:Skipping not selected package 'px4_ros_com' in 'src/px4_ros_com'
[2.337s] Level 1:colcon.colcon_core.package_discovery:discover_packages(prefix_path) check parameters
[2.337s] Level 1:colcon.colcon_core.package_discovery:discover_packages(prefix_path) discover
[2.352s] DEBUG:colcon.colcon_installed_package_information.package_discovery:Found 9 installed packages in /home/jetson/ros2_ws/install
[2.361s] DEBUG:colcon.colcon_installed_package_information.package_discovery:Found 259 installed packages in /opt/ros/foxy
[2.369s] Level 1:colcon.colcon_core.package_discovery:discover_packages(prefix_path) using defaults
[2.678s] Level 5:colcon.colcon_core.verb:set package 'humcount' build argument 'cmake_args' from command line to 'None'
[2.678s] Level 5:colcon.colcon_core.verb:set package 'humcount' build argument 'cmake_target' from command line to 'None'
[2.678s] Level 5:colcon.colcon_core.verb:set package 'humcount' build argument 'cmake_target_skip_unavailable' from command line to 'False'
[2.678s] Level 5:colcon.colcon_core.verb:set package 'humcount' build argument 'cmake_clean_cache' from command line to 'False'
[2.678s] Level 5:colcon.colcon_core.verb:set package 'humcount' build argument 'cmake_clean_first' from command line to 'False'
[2.678s] Level 5:colcon.colcon_core.verb:set package 'humcount' build argument 'cmake_force_configure' from command line to 'False'
[2.678s] Level 5:colcon.colcon_core.verb:set package 'humcount' build argument 'ament_cmake_args' from command line to 'None'
[2.679s] Level 5:colcon.colcon_core.verb:set package 'humcount' build argument 'catkin_cmake_args' from command line to 'None'
[2.679s] Level 5:colcon.colcon_core.verb:set package 'humcount' build argument 'catkin_skip_building_tests' from command line to 'False'
[2.679s] DEBUG:colcon.colcon_core.verb:Building package 'humcount' with the following arguments: {'ament_cmake_args': None, 'build_base': '/home/jetson/ros2_ws/build/humcount', 'catkin_cmake_args': None, 'catkin_skip_building_tests': False, 'cmake_args': None, 'cmake_clean_cache': False, 'cmake_clean_first': False, 'cmake_force_configure': False, 'cmake_target': None, 'cmake_target_skip_unavailable': False, 'install_base': '/home/jetson/ros2_ws/install/humcount', 'merge_install': False, 'path': '/home/jetson/ros2_ws/src/humcount', 'symlink_install': True, 'test_result_base': None}
[2.683s] INFO:colcon.colcon_core.executor:Executing jobs using 'parallel' executor
[2.708s] DEBUG:colcon.colcon_parallel_executor.executor.parallel:run_until_complete
[2.709s] INFO:colcon.colcon_ros.task.ament_python.build:Building ROS package in '/home/jetson/ros2_ws/src/humcount' with build type 'ament_python'
[2.709s] Level 1:colcon.colcon_core.shell:create_environment_hook('humcount', 'ament_prefix_path')
[2.731s] INFO:colcon.colcon_core.plugin_system:Skipping extension 'colcon_core.shell.bat': Not used on non-Windows systems
[2.732s] INFO:colcon.colcon_core.shell:Creating environment hook '/home/jetson/ros2_ws/install/humcount/share/humcount/hook/ament_prefix_path.ps1'
[2.735s] INFO:colcon.colcon_core.shell:Creating environment descriptor '/home/jetson/ros2_ws/install/humcount/share/humcount/hook/ament_prefix_path.dsv'
[2.737s] INFO:colcon.colcon_core.shell:Creating environment hook '/home/jetson/ros2_ws/install/humcount/share/humcount/hook/ament_prefix_path.sh'
[2.750s] INFO:colcon.colcon_core.shell:Skip shell extension 'powershell' for command environment: Not usable outside of PowerShell
[2.750s] DEBUG:colcon.colcon_core.shell:Skip shell extension 'dsv' for command environment
[6.624s] INFO:colcon.colcon_core.task.python.build:Building Python package in '/home/jetson/ros2_ws/src/humcount'
[6.633s] INFO:colcon.colcon_core.shell:Skip shell extension 'powershell' for command environment: Not usable outside of PowerShell
[6.633s] DEBUG:colcon.colcon_core.shell:Skip shell extension 'dsv' for command environment
[11.773s] DEBUG:colcon.colcon_core.task.python.build:While undoing a previous installation files outside the Python library path are being ignored: /home/jetson/ros2_ws/install/humcount/share/ament_index/resource_index/packages/humcount
[11.773s] DEBUG:colcon.colcon_core.task.python.build:While undoing a previous installation files outside the Python library path are being ignored: /home/jetson/ros2_ws/install/humcount/share/humcount/package.xml
[11.780s] DEBUG:colcon.colcon_core.event_handler.log_command:Invoking command in '/home/jetson/ros2_ws/build/humcount': PYTHONPATH=/home/jetson/ros2_ws/install/humcount/lib/python3.8/site-packages:${PYTHONPATH} /usr/bin/python3 setup.py develop --prefix /home/jetson/ros2_ws/install/humcount --editable --build-directory /home/jetson/ros2_ws/build/humcount/build --no-deps install_data --install-dir /home/jetson/ros2_ws/install/humcount
[21.606s] Level 1:colcon.colcon_core.shell:create_environment_hook('humcount', 'pythonpath_develop')
[21.617s] INFO:colcon.colcon_core.shell:Creating environment hook '/home/jetson/ros2_ws/build/humcount/share/humcount/hook/pythonpath_develop.ps1'
[21.618s] DEBUG:colcon.colcon_core.event_handler.log_command:Invoked command in '/home/jetson/ros2_ws/build/humcount' returned '0': PYTHONPATH=/home/jetson/ros2_ws/install/humcount/lib/python3.8/site-packages:${PYTHONPATH} /usr/bin/python3 setup.py develop --prefix /home/jetson/ros2_ws/install/humcount --editable --build-directory /home/jetson/ros2_ws/build/humcount/build --no-deps install_data --install-dir /home/jetson/ros2_ws/install/humcount
[21.620s] INFO:colcon.colcon_core.shell:Creating environment descriptor '/home/jetson/ros2_ws/build/humcount/share/humcount/hook/pythonpath_develop.dsv'
[21.621s] INFO:colcon.colcon_core.shell:Creating environment hook '/home/jetson/ros2_ws/build/humcount/share/humcount/hook/pythonpath_develop.sh'
[21.646s] Level 1:colcon.colcon_core.environment:checking '/home/jetson/ros2_ws/install/humcount' for CMake module files
[21.649s] Level 1:colcon.colcon_core.environment:checking '/home/jetson/ros2_ws/install/humcount' for CMake config files
[21.651s] Level 1:colcon.colcon_core.environment:checking '/home/jetson/ros2_ws/install/humcount/lib'
[21.652s] Level 1:colcon.colcon_core.environment:checking '/home/jetson/ros2_ws/install/humcount/bin'
[21.652s] Level 1:colcon.colcon_core.environment:checking '/home/jetson/ros2_ws/install/humcount/lib/pkgconfig/humcount.pc'
[21.653s] Level 1:colcon.colcon_core.environment:checking '/home/jetson/ros2_ws/install/humcount/lib/python3.8/site-packages'
[21.653s] Level 1:colcon.colcon_core.shell:create_environment_hook('humcount', 'pythonpath')
[21.664s] INFO:colcon.colcon_core.shell:Creating environment hook '/home/jetson/ros2_ws/install/humcount/share/humcount/hook/pythonpath.ps1'
[21.666s] INFO:colcon.colcon_core.shell:Creating environment descriptor '/home/jetson/ros2_ws/install/humcount/share/humcount/hook/pythonpath.dsv'
[21.667s] INFO:colcon.colcon_core.shell:Creating environment hook '/home/jetson/ros2_ws/install/humcount/share/humcount/hook/pythonpath.sh'
[21.668s] Level 1:colcon.colcon_core.environment:checking '/home/jetson/ros2_ws/install/humcount/bin'
[21.669s] Level 1:colcon.colcon_core.environment:create_environment_scripts_only(humcount)
[21.678s] INFO:colcon.colcon_core.shell:Creating package script '/home/jetson/ros2_ws/install/humcount/share/humcount/package.ps1'
[21.682s] INFO:colcon.colcon_core.shell:Creating package descriptor '/home/jetson/ros2_ws/install/humcount/share/humcount/package.dsv'
[21.684s] INFO:colcon.colcon_core.shell:Creating package script '/home/jetson/ros2_ws/install/humcount/share/humcount/package.sh'
[21.687s] INFO:colcon.colcon_core.shell:Creating package script '/home/jetson/ros2_ws/install/humcount/share/humcount/package.bash'
[21.690s] INFO:colcon.colcon_core.shell:Creating package script '/home/jetson/ros2_ws/install/humcount/share/humcount/package.zsh'
[21.693s] Level 1:colcon.colcon_core.environment:create_file_with_runtime_dependencies(/home/jetson/ros2_ws/install/humcount/share/colcon-core/packages/humcount)
[21.694s] DEBUG:colcon.colcon_parallel_executor.executor.parallel:closing loop
[21.695s] DEBUG:colcon.colcon_parallel_executor.executor.parallel:loop closed
[21.695s] DEBUG:colcon.colcon_parallel_executor.executor.parallel:run_until_complete finished with '0'
[21.696s] DEBUG:colcon.colcon_core.event_reactor:joining thread
[21.729s] INFO:colcon.colcon_core.plugin_system:Skipping extension 'colcon_notification.desktop_notification.terminal_notifier': Not used on non-Darwin systems
[21.730s] INFO:colcon.colcon_core.plugin_system:Skipping extension 'colcon_notification.desktop_notification.win32': Not used on non-Windows systems
[21.730s] INFO:colcon.colcon_notification.desktop_notification:Sending desktop notification using 'notify2'
[21.784s] DEBUG:colcon.colcon_core.event_reactor:joined thread
[21.793s] INFO:colcon.colcon_core.shell:Creating prefix script '/home/jetson/ros2_ws/install/local_setup.ps1'
[21.797s] INFO:colcon.colcon_core.shell:Creating prefix util module '/home/jetson/ros2_ws/install/_local_setup_util_ps1.py'
[21.803s] INFO:colcon.colcon_core.shell:Creating prefix chain script '/home/jetson/ros2_ws/install/setup.ps1'
[21.811s] INFO:colcon.colcon_core.shell:Creating prefix script '/home/jetson/ros2_ws/install/local_setup.sh'
[21.814s] INFO:colcon.colcon_core.shell:Creating prefix util module '/home/jetson/ros2_ws/install/_local_setup_util_sh.py'
[21.815s] INFO:colcon.colcon_core.shell:Creating prefix chain script '/home/jetson/ros2_ws/install/setup.sh'
[21.824s] INFO:colcon.colcon_core.shell:Creating prefix script '/home/jetson/ros2_ws/install/local_setup.bash'
[21.826s] INFO:colcon.colcon_core.shell:Creating prefix chain script '/home/jetson/ros2_ws/install/setup.bash'
[21.834s] INFO:colcon.colcon_core.shell:Creating prefix script '/home/jetson/ros2_ws/install/local_setup.zsh'
[21.836s] INFO:colcon.colcon_core.shell:Creating prefix chain script '/home/jetson/ros2_ws/install/setup.zsh'
