[15.343s] Invoking command in '/home/jetson/ros2_ws/build/yolo_den': PYTHONPATH=/home/jetson/ros2_ws/install/yolo_den/lib/python3.8/site-packages:${PYTHONPATH} /usr/bin/python3 setup.py develop --prefix /home/jetson/ros2_ws/install/yolo_den --editable --build-directory /home/jetson/ros2_ws/build/yolo_den/build --no-deps install_data --install-dir /home/jetson/ros2_ws/install/yolo_den
[16.869s] /usr/local/lib/python3.8/dist-packages/setuptools/dist.py:772: UserWarning: Usage of dash-separated 'script-dir' will not be supported in future versions. Please use the underscore name 'script_dir' instead
[16.870s]   warnings.warn(
[16.872s] /usr/local/lib/python3.8/dist-packages/setuptools/dist.py:772: UserWarning: Usage of dash-separated 'install-scripts' will not be supported in future versions. Please use the underscore name 'install_scripts' instead
[16.872s]   warnings.warn(
[20.529s] running develop
[20.530s] /usr/local/lib/python3.8/dist-packages/setuptools/command/easy_install.py:144: EasyInstallDeprecationWarning: easy_install command is deprecated. Use build and pip and other standards-based tools.
[20.530s]   warnings.warn(
[21.309s] /usr/local/lib/python3.8/dist-packages/setuptools/command/install.py:34: SetuptoolsDeprecationWarning: setup.py install is deprecated. Use build and pip and other standards-based tools.
[21.309s]   warnings.warn(
[22.839s] /usr/local/lib/python3.8/dist-packages/pkg_resources/__init__.py:123: PkgResourcesDeprecationWarning: 0.1.36ubuntu1 is an invalid version and will not be supported in a future release
[22.840s]   warnings.warn(
[22.841s] /usr/local/lib/python3.8/dist-packages/pkg_resources/__init__.py:123: PkgResourcesDeprecationWarning: 0.23ubuntu1 is an invalid version and will not be supported in a future release
[22.841s]   warnings.warn(
[23.364s] running egg_info
[23.743s] writing yolo_den.egg-info/PKG-INFO
[24.053s] writing dependency_links to yolo_den.egg-info/dependency_links.txt
[25.103s] writing entry points to yolo_den.egg-info/entry_points.txt
[25.814s] writing requirements to yolo_den.egg-info/requires.txt
[26.201s] writing top-level names to yolo_den.egg-info/top_level.txt
[26.751s] reading manifest file 'yolo_den.egg-info/SOURCES.txt'
[26.756s] writing manifest file 'yolo_den.egg-info/SOURCES.txt'
[27.422s] running build_ext
[27.423s] Creating /home/jetson/ros2_ws/install/yolo_den/lib/python3.8/site-packages/yolo-den.egg-link (link to .)
[27.429s] Installing ysub2 script to /home/jetson/ros2_ws/install/yolo_den/lib/yolo_den
[27.432s] 
[27.432s] Installed /home/jetson/ros2_ws/build/yolo_den
[27.434s] running install_data
[27.703s] Invoked command in '/home/jetson/ros2_ws/build/yolo_den' returned '0': PYTHONPATH=/home/jetson/ros2_ws/install/yolo_den/lib/python3.8/site-packages:${PYTHONPATH} /usr/bin/python3 setup.py develop --prefix /home/jetson/ros2_ws/install/yolo_den --editable --build-directory /home/jetson/ros2_ws/build/yolo_den/build --no-deps install_data --install-dir /home/jetson/ros2_ws/install/yolo_den
