[0.461s] Invoking command in '/home/jetson/ros2_ws/build/darknet_ros_msgs': CMAKE_PREFIX_PATH=${CMAKE_PREFIX_PATH}:/home/jetson/ros2_ws/install/yolo_den:/home/jetson/ros2_ws/install/termal:/home/jetson/ros2_ws/install/humcount:/home/jetson/ros2_ws/install/humancount:/home/jetson/ros2_ws/install/count:/home/jetson/ros2_ws/install/cvdeneme:/opt/ros/foxy /usr/local/bin/cmake --build /home/jetson/ros2_ws/build/darknet_ros_msgs -- -j4 -l4
[12.292s] [  1%] Built target darknet_ros_msgs__cpp
[12.293s] [ 12%] Built target darknet_ros_msgs__rosidl_generator_c
[12.294s] [ 23%] Built target darknet_ros_msgs__rosidl_typesupport_introspection_cpp
[12.294s] [ 34%] Built target darknet_ros_msgs__rosidl_typesupport_cpp
[12.295s] [ 45%] Built target darknet_ros_msgs__rosidl_typesupport_fastrtps_cpp
[12.295s] [ 56%] Built target darknet_ros_msgs__rosidl_typesupport_introspection_c
[12.295s] [ 67%] Built target darknet_ros_msgs__rosidl_typesupport_c
[12.296s] [ 78%] Built target darknet_ros_msgs__rosidl_typesupport_fastrtps_c
[12.296s] [ 78%] Built target darknet_ros_msgs
[12.297s] [ 80%] Built target darknet_ros_msgs__py
[12.297s] [ 89%] Built target darknet_ros_msgs__python
[12.298s] [ 92%] Built target darknet_ros_msgs__rosidl_typesupport_c__pyext
[12.298s] [ 96%] Built target darknet_ros_msgs__rosidl_typesupport_introspection_c__pyext
[12.299s] [100%] Built target darknet_ros_msgs__rosidl_typesupport_fastrtps_c__pyext
[12.322s] Invoked command in '/home/jetson/ros2_ws/build/darknet_ros_msgs' returned '0': CMAKE_PREFIX_PATH=${CMAKE_PREFIX_PATH}:/home/jetson/ros2_ws/install/yolo_den:/home/jetson/ros2_ws/install/termal:/home/jetson/ros2_ws/install/humcount:/home/jetson/ros2_ws/install/humancount:/home/jetson/ros2_ws/install/count:/home/jetson/ros2_ws/install/cvdeneme:/opt/ros/foxy /usr/local/bin/cmake --build /home/jetson/ros2_ws/build/darknet_ros_msgs -- -j4 -l4
[14.172s] Invoking command in '/home/jetson/ros2_ws/build/darknet_ros_msgs': CMAKE_PREFIX_PATH=${CMAKE_PREFIX_PATH}:/home/jetson/ros2_ws/install/yolo_den:/home/jetson/ros2_ws/install/termal:/home/jetson/ros2_ws/install/humcount:/home/jetson/ros2_ws/install/humancount:/home/jetson/ros2_ws/install/count:/home/jetson/ros2_ws/install/cvdeneme:/opt/ros/foxy /usr/local/bin/cmake --install /home/jetson/ros2_ws/build/darknet_ros_msgs
[14.265s] -- Install configuration: "RELWITHDEBINFO"
[14.268s] -- Execute custom install script
[14.275s] -- Up-to-date symlink: /home/jetson/ros2_ws/install/darknet_ros_msgs/share/ament_index/resource_index/rosidl_interfaces/darknet_ros_msgs
[14.287s] -- Up-to-date symlink: /home/jetson/ros2_ws/install/darknet_ros_msgs/include/darknet_ros_msgs/action/check_for_objects.h
[14.291s] -- Up-to-date symlink: /home/jetson/ros2_ws/install/darknet_ros_msgs/include/darknet_ros_msgs/action/detail/check_for_objects__functions.h
[14.293s] -- Up-to-date symlink: /home/jetson/ros2_ws/install/darknet_ros_msgs/include/darknet_ros_msgs/action/detail/check_for_objects__struct.h
[14.297s] -- Up-to-date symlink: /home/jetson/ros2_ws/install/darknet_ros_msgs/include/darknet_ros_msgs/action/detail/check_for_objects__type_support.h
[14.304s] -- Up-to-date symlink: /home/jetson/ros2_ws/install/darknet_ros_msgs/include/darknet_ros_msgs/msg/bounding_box.h
[14.311s] -- Up-to-date symlink: /home/jetson/ros2_ws/install/darknet_ros_msgs/include/darknet_ros_msgs/msg/bounding_boxes.h
[14.314s] -- Up-to-date symlink: /home/jetson/ros2_ws/install/darknet_ros_msgs/include/darknet_ros_msgs/msg/detail/bounding_box__functions.h
[14.315s] -- Up-to-date symlink: /home/jetson/ros2_ws/install/darknet_ros_msgs/include/darknet_ros_msgs/msg/detail/bounding_box__struct.h
[14.318s] -- Up-to-date symlink: /home/jetson/ros2_ws/install/darknet_ros_msgs/include/darknet_ros_msgs/msg/detail/bounding_box__type_support.h
[14.320s] -- Up-to-date symlink: /home/jetson/ros2_ws/install/darknet_ros_msgs/include/darknet_ros_msgs/msg/detail/bounding_boxes__functions.h
[14.327s] -- Up-to-date symlink: /home/jetson/ros2_ws/install/darknet_ros_msgs/include/darknet_ros_msgs/msg/detail/bounding_boxes__struct.h
[14.331s] -- Up-to-date symlink: /home/jetson/ros2_ws/install/darknet_ros_msgs/include/darknet_ros_msgs/msg/detail/bounding_boxes__type_support.h
[14.333s] -- Up-to-date symlink: /home/jetson/ros2_ws/install/darknet_ros_msgs/include/darknet_ros_msgs/msg/detail/object_count__functions.h
[14.336s] -- Up-to-date symlink: /home/jetson/ros2_ws/install/darknet_ros_msgs/include/darknet_ros_msgs/msg/detail/object_count__struct.h
[14.343s] -- Up-to-date symlink: /home/jetson/ros2_ws/install/darknet_ros_msgs/include/darknet_ros_msgs/msg/detail/object_count__type_support.h
[14.344s] -- Up-to-date symlink: /home/jetson/ros2_ws/install/darknet_ros_msgs/include/darknet_ros_msgs/msg/object_count.h
[14.345s] -- Up-to-date symlink: /home/jetson/ros2_ws/install/darknet_ros_msgs/include/darknet_ros_msgs/msg/rosidl_generator_c__visibility_control.h
[14.349s] -- Up-to-date symlink: /home/jetson/ros2_ws/install/darknet_ros_msgs/share/darknet_ros_msgs/environment/library_path.sh
[14.353s] -- Up-to-date symlink: /home/jetson/ros2_ws/install/darknet_ros_msgs/share/darknet_ros_msgs/environment/library_path.dsv
[14.362s] -- Up-to-date symlink: /home/jetson/ros2_ws/install/darknet_ros_msgs/include/darknet_ros_msgs/action/detail/check_for_objects__rosidl_typesupport_fastrtps_c.h
[14.364s] -- Up-to-date symlink: /home/jetson/ros2_ws/install/darknet_ros_msgs/include/darknet_ros_msgs/msg/detail/bounding_box__rosidl_typesupport_fastrtps_c.h
[14.365s] -- Up-to-date symlink: /home/jetson/ros2_ws/install/darknet_ros_msgs/include/darknet_ros_msgs/msg/detail/bounding_boxes__rosidl_typesupport_fastrtps_c.h
[14.368s] -- Up-to-date symlink: /home/jetson/ros2_ws/install/darknet_ros_msgs/include/darknet_ros_msgs/msg/detail/object_count__rosidl_typesupport_fastrtps_c.h
[14.371s] -- Up-to-date symlink: /home/jetson/ros2_ws/install/darknet_ros_msgs/include/darknet_ros_msgs/msg/rosidl_typesupport_fastrtps_c__visibility_control.h
[14.378s] -- Up-to-date symlink: /home/jetson/ros2_ws/install/darknet_ros_msgs/lib/libdarknet_ros_msgs__rosidl_typesupport_fastrtps_c.so
[14.386s] -- Up-to-date symlink: /home/jetson/ros2_ws/install/darknet_ros_msgs/include/darknet_ros_msgs/action/detail/check_for_objects__rosidl_typesupport_fastrtps_cpp.hpp
[14.389s] -- Up-to-date symlink: /home/jetson/ros2_ws/install/darknet_ros_msgs/include/darknet_ros_msgs/msg/detail/bounding_box__rosidl_typesupport_fastrtps_cpp.hpp
[14.392s] -- Up-to-date symlink: /home/jetson/ros2_ws/install/darknet_ros_msgs/include/darknet_ros_msgs/msg/detail/bounding_boxes__rosidl_typesupport_fastrtps_cpp.hpp
[14.395s] -- Up-to-date symlink: /home/jetson/ros2_ws/install/darknet_ros_msgs/include/darknet_ros_msgs/msg/detail/object_count__rosidl_typesupport_fastrtps_cpp.hpp
[14.397s] -- Up-to-date symlink: /home/jetson/ros2_ws/install/darknet_ros_msgs/include/darknet_ros_msgs/msg/rosidl_typesupport_fastrtps_cpp__visibility_control.h
[14.401s] -- Up-to-date symlink: /home/jetson/ros2_ws/install/darknet_ros_msgs/lib/libdarknet_ros_msgs__rosidl_typesupport_fastrtps_cpp.so
[14.406s] -- Up-to-date symlink: /home/jetson/ros2_ws/install/darknet_ros_msgs/include/darknet_ros_msgs/action/detail/check_for_objects__rosidl_typesupport_introspection_c.h
[14.407s] -- Up-to-date symlink: /home/jetson/ros2_ws/install/darknet_ros_msgs/include/darknet_ros_msgs/msg/detail/bounding_box__rosidl_typesupport_introspection_c.h
[14.409s] -- Up-to-date symlink: /home/jetson/ros2_ws/install/darknet_ros_msgs/include/darknet_ros_msgs/msg/detail/bounding_boxes__rosidl_typesupport_introspection_c.h
[14.411s] -- Up-to-date symlink: /home/jetson/ros2_ws/install/darknet_ros_msgs/include/darknet_ros_msgs/msg/detail/object_count__rosidl_typesupport_introspection_c.h
[14.413s] -- Up-to-date symlink: /home/jetson/ros2_ws/install/darknet_ros_msgs/include/darknet_ros_msgs/msg/rosidl_typesupport_introspection_c__visibility_control.h
[14.439s] -- Up-to-date symlink: /home/jetson/ros2_ws/install/darknet_ros_msgs/include/darknet_ros_msgs/action/check_for_objects.hpp
[14.445s] -- Up-to-date symlink: /home/jetson/ros2_ws/install/darknet_ros_msgs/include/darknet_ros_msgs/action/detail/check_for_objects__builder.hpp
[14.448s] -- Up-to-date symlink: /home/jetson/ros2_ws/install/darknet_ros_msgs/include/darknet_ros_msgs/action/detail/check_for_objects__struct.hpp
[14.449s] -- Up-to-date symlink: /home/jetson/ros2_ws/install/darknet_ros_msgs/include/darknet_ros_msgs/action/detail/check_for_objects__traits.hpp
[14.451s] -- Up-to-date symlink: /home/jetson/ros2_ws/install/darknet_ros_msgs/include/darknet_ros_msgs/msg/bounding_box.hpp
[14.454s] -- Up-to-date symlink: /home/jetson/ros2_ws/install/darknet_ros_msgs/include/darknet_ros_msgs/msg/bounding_boxes.hpp
[14.455s] -- Up-to-date symlink: /home/jetson/ros2_ws/install/darknet_ros_msgs/include/darknet_ros_msgs/msg/detail/bounding_box__builder.hpp
[14.458s] -- Up-to-date symlink: /home/jetson/ros2_ws/install/darknet_ros_msgs/include/darknet_ros_msgs/msg/detail/bounding_box__struct.hpp
[14.460s] -- Up-to-date symlink: /home/jetson/ros2_ws/install/darknet_ros_msgs/include/darknet_ros_msgs/msg/detail/bounding_box__traits.hpp
[14.463s] -- Up-to-date symlink: /home/jetson/ros2_ws/install/darknet_ros_msgs/include/darknet_ros_msgs/msg/detail/bounding_boxes__builder.hpp
[14.464s] -- Up-to-date symlink: /home/jetson/ros2_ws/install/darknet_ros_msgs/include/darknet_ros_msgs/msg/detail/bounding_boxes__struct.hpp
[14.466s] -- Up-to-date symlink: /home/jetson/ros2_ws/install/darknet_ros_msgs/include/darknet_ros_msgs/msg/detail/bounding_boxes__traits.hpp
[14.467s] -- Up-to-date symlink: /home/jetson/ros2_ws/install/darknet_ros_msgs/include/darknet_ros_msgs/msg/detail/object_count__builder.hpp
[14.469s] -- Up-to-date symlink: /home/jetson/ros2_ws/install/darknet_ros_msgs/include/darknet_ros_msgs/msg/detail/object_count__struct.hpp
[14.472s] -- Up-to-date symlink: /home/jetson/ros2_ws/install/darknet_ros_msgs/include/darknet_ros_msgs/msg/detail/object_count__traits.hpp
[14.474s] -- Up-to-date symlink: /home/jetson/ros2_ws/install/darknet_ros_msgs/include/darknet_ros_msgs/msg/object_count.hpp
[14.481s] -- Up-to-date symlink: /home/jetson/ros2_ws/install/darknet_ros_msgs/include/darknet_ros_msgs/action/detail/check_for_objects__rosidl_typesupport_introspection_cpp.hpp
[14.484s] -- Up-to-date symlink: /home/jetson/ros2_ws/install/darknet_ros_msgs/include/darknet_ros_msgs/msg/detail/bounding_box__rosidl_typesupport_introspection_cpp.hpp
[14.487s] -- Up-to-date symlink: /home/jetson/ros2_ws/install/darknet_ros_msgs/include/darknet_ros_msgs/msg/detail/bounding_boxes__rosidl_typesupport_introspection_cpp.hpp
[14.491s] -- Up-to-date symlink: /home/jetson/ros2_ws/install/darknet_ros_msgs/include/darknet_ros_msgs/msg/detail/object_count__rosidl_typesupport_introspection_cpp.hpp
[14.495s] -- Up-to-date symlink: /home/jetson/ros2_ws/install/darknet_ros_msgs/share/darknet_ros_msgs/environment/pythonpath.sh
[14.498s] -- Up-to-date symlink: /home/jetson/ros2_ws/install/darknet_ros_msgs/share/darknet_ros_msgs/environment/pythonpath.dsv
[14.504s] -- Up-to-date symlink: /home/jetson/ros2_ws/install/darknet_ros_msgs/lib/python3.8/site-packages/darknet_ros_msgs/__init__.py
[14.510s] -- Up-to-date symlink: /home/jetson/ros2_ws/install/darknet_ros_msgs/lib/python3.8/site-packages/darknet_ros_msgs/msg/__init__.py
[14.513s] -- Up-to-date symlink: /home/jetson/ros2_ws/install/darknet_ros_msgs/lib/python3.8/site-packages/darknet_ros_msgs/msg/_bounding_box.py
[14.516s] -- Up-to-date symlink: /home/jetson/ros2_ws/install/darknet_ros_msgs/lib/python3.8/site-packages/darknet_ros_msgs/msg/_bounding_boxes.py
[14.520s] -- Up-to-date symlink: /home/jetson/ros2_ws/install/darknet_ros_msgs/lib/python3.8/site-packages/darknet_ros_msgs/msg/_object_count.py
[14.525s] -- Up-to-date symlink: /home/jetson/ros2_ws/install/darknet_ros_msgs/lib/python3.8/site-packages/darknet_ros_msgs/action/__init__.py
[14.529s] -- Up-to-date symlink: /home/jetson/ros2_ws/install/darknet_ros_msgs/lib/python3.8/site-packages/darknet_ros_msgs/action/_check_for_objects.py
[14.536s] -- Up-to-date symlink: /home/jetson/ros2_ws/install/darknet_ros_msgs/lib/python3.8/site-packages/darknet_ros_msgs/darknet_ros_msgs_s__rosidl_typesupport_fastrtps_c.cpython-38-aarch64-linux-gnu.so
[14.541s] -- Up-to-date symlink: /home/jetson/ros2_ws/install/darknet_ros_msgs/lib/python3.8/site-packages/darknet_ros_msgs/darknet_ros_msgs_s__rosidl_typesupport_introspection_c.cpython-38-aarch64-linux-gnu.so
[14.548s] -- Up-to-date symlink: /home/jetson/ros2_ws/install/darknet_ros_msgs/lib/python3.8/site-packages/darknet_ros_msgs/darknet_ros_msgs_s__rosidl_typesupport_c.cpython-38-aarch64-linux-gnu.so
[14.555s] -- Up-to-date symlink: /home/jetson/ros2_ws/install/darknet_ros_msgs/lib/libdarknet_ros_msgs__python.so
[14.559s] -- Up-to-date symlink: /home/jetson/ros2_ws/install/darknet_ros_msgs/share/darknet_ros_msgs/msg/BoundingBox.idl
[14.560s] -- Up-to-date symlink: /home/jetson/ros2_ws/install/darknet_ros_msgs/share/darknet_ros_msgs/msg/BoundingBoxes.idl
[14.563s] -- Up-to-date symlink: /home/jetson/ros2_ws/install/darknet_ros_msgs/share/darknet_ros_msgs/msg/ObjectCount.idl
[14.566s] -- Up-to-date symlink: /home/jetson/ros2_ws/install/darknet_ros_msgs/share/darknet_ros_msgs/action/CheckForObjects.idl
[14.568s] -- Up-to-date symlink: /home/jetson/ros2_ws/install/darknet_ros_msgs/share/darknet_ros_msgs/msg/BoundingBox.msg
[14.570s] -- Up-to-date symlink: /home/jetson/ros2_ws/install/darknet_ros_msgs/share/darknet_ros_msgs/msg/BoundingBoxes.msg
[14.574s] -- Up-to-date symlink: /home/jetson/ros2_ws/install/darknet_ros_msgs/share/darknet_ros_msgs/msg/ObjectCount.msg
[14.576s] -- Up-to-date symlink: /home/jetson/ros2_ws/install/darknet_ros_msgs/share/darknet_ros_msgs/action/CheckForObjects.action
[14.578s] -- Up-to-date symlink: /home/jetson/ros2_ws/install/darknet_ros_msgs/share/ament_index/resource_index/package_run_dependencies/darknet_ros_msgs
[14.580s] -- Up-to-date symlink: /home/jetson/ros2_ws/install/darknet_ros_msgs/share/ament_index/resource_index/parent_prefix_path/darknet_ros_msgs
[14.582s] -- Up-to-date symlink: /home/jetson/ros2_ws/install/darknet_ros_msgs/share/darknet_ros_msgs/environment/ament_prefix_path.sh
[14.584s] -- Up-to-date symlink: /home/jetson/ros2_ws/install/darknet_ros_msgs/share/darknet_ros_msgs/environment/ament_prefix_path.dsv
[14.590s] -- Up-to-date symlink: /home/jetson/ros2_ws/install/darknet_ros_msgs/share/darknet_ros_msgs/environment/path.sh
[14.596s] -- Up-to-date symlink: /home/jetson/ros2_ws/install/darknet_ros_msgs/share/darknet_ros_msgs/environment/path.dsv
[14.599s] -- Up-to-date symlink: /home/jetson/ros2_ws/install/darknet_ros_msgs/share/darknet_ros_msgs/local_setup.bash
[14.602s] -- Up-to-date symlink: /home/jetson/ros2_ws/install/darknet_ros_msgs/share/darknet_ros_msgs/local_setup.sh
[14.605s] -- Up-to-date symlink: /home/jetson/ros2_ws/install/darknet_ros_msgs/share/darknet_ros_msgs/local_setup.zsh
[14.608s] -- Up-to-date symlink: /home/jetson/ros2_ws/install/darknet_ros_msgs/share/darknet_ros_msgs/local_setup.dsv
[14.611s] -- Symlinking: /home/jetson/ros2_ws/install/darknet_ros_msgs/share/darknet_ros_msgs/package.dsv
[14.649s] -- Up-to-date symlink: /home/jetson/ros2_ws/install/darknet_ros_msgs/share/ament_index/resource_index/packages/darknet_ros_msgs
[14.652s] -- Up-to-date symlink: /home/jetson/ros2_ws/install/darknet_ros_msgs/share/darknet_ros_msgs/cmake/rosidl_cmake-extras.cmake
[14.655s] -- Up-to-date symlink: /home/jetson/ros2_ws/install/darknet_ros_msgs/share/darknet_ros_msgs/cmake/ament_cmake_export_dependencies-extras.cmake
[14.659s] -- Up-to-date symlink: /home/jetson/ros2_ws/install/darknet_ros_msgs/share/darknet_ros_msgs/cmake/ament_cmake_export_libraries-extras.cmake
[14.665s] -- Up-to-date symlink: /home/jetson/ros2_ws/install/darknet_ros_msgs/share/darknet_ros_msgs/cmake/ament_cmake_export_targets-extras.cmake
[14.670s] -- Up-to-date symlink: /home/jetson/ros2_ws/install/darknet_ros_msgs/share/darknet_ros_msgs/cmake/ament_cmake_export_include_directories-extras.cmake
[14.673s] -- Up-to-date symlink: /home/jetson/ros2_ws/install/darknet_ros_msgs/share/darknet_ros_msgs/cmake/rosidl_cmake_export_typesupport_libraries-extras.cmake
[14.676s] -- Up-to-date symlink: /home/jetson/ros2_ws/install/darknet_ros_msgs/share/darknet_ros_msgs/cmake/rosidl_cmake_export_typesupport_targets-extras.cmake
[14.680s] -- Up-to-date symlink: /home/jetson/ros2_ws/install/darknet_ros_msgs/share/darknet_ros_msgs/cmake/darknet_ros_msgsConfig.cmake
[14.683s] -- Up-to-date symlink: /home/jetson/ros2_ws/install/darknet_ros_msgs/share/darknet_ros_msgs/cmake/darknet_ros_msgsConfig-version.cmake
[14.689s] -- Up-to-date symlink: /home/jetson/ros2_ws/install/darknet_ros_msgs/share/darknet_ros_msgs/package.xml
[14.710s] -- Up-to-date: /home/jetson/ros2_ws/install/darknet_ros_msgs/lib/libdarknet_ros_msgs__rosidl_generator_c.so
[14.715s] -- Up-to-date: /home/jetson/ros2_ws/install/darknet_ros_msgs/lib/libdarknet_ros_msgs__rosidl_typesupport_introspection_c.so
[14.742s] -- Up-to-date: /home/jetson/ros2_ws/install/darknet_ros_msgs/lib/libdarknet_ros_msgs__rosidl_typesupport_c.so
[14.752s] -- Up-to-date: /home/jetson/ros2_ws/install/darknet_ros_msgs/lib/libdarknet_ros_msgs__rosidl_typesupport_introspection_cpp.so
[14.756s] -- Up-to-date: /home/jetson/ros2_ws/install/darknet_ros_msgs/lib/libdarknet_ros_msgs__rosidl_typesupport_cpp.so
[15.162s] -- Up-to-date: /home/jetson/ros2_ws/install/darknet_ros_msgs/share/darknet_ros_msgs/cmake/darknet_ros_msgs__rosidl_generator_cExport.cmake
[15.163s] -- Up-to-date: /home/jetson/ros2_ws/install/darknet_ros_msgs/share/darknet_ros_msgs/cmake/darknet_ros_msgs__rosidl_generator_cExport-relwithdebinfo.cmake
[15.167s] -- Up-to-date: /home/jetson/ros2_ws/install/darknet_ros_msgs/share/darknet_ros_msgs/cmake/darknet_ros_msgs__rosidl_typesupport_introspection_cExport.cmake
[15.167s] -- Up-to-date: /home/jetson/ros2_ws/install/darknet_ros_msgs/share/darknet_ros_msgs/cmake/darknet_ros_msgs__rosidl_typesupport_introspection_cExport-relwithdebinfo.cmake
[15.169s] -- Up-to-date: /home/jetson/ros2_ws/install/darknet_ros_msgs/share/darknet_ros_msgs/cmake/darknet_ros_msgs__rosidl_typesupport_cExport.cmake
[15.170s] -- Up-to-date: /home/jetson/ros2_ws/install/darknet_ros_msgs/share/darknet_ros_msgs/cmake/darknet_ros_msgs__rosidl_typesupport_cExport-relwithdebinfo.cmake
[15.175s] -- Up-to-date: /home/jetson/ros2_ws/install/darknet_ros_msgs/share/darknet_ros_msgs/cmake/darknet_ros_msgs__rosidl_generator_cppExport.cmake
[15.178s] -- Up-to-date: /home/jetson/ros2_ws/install/darknet_ros_msgs/share/darknet_ros_msgs/cmake/darknet_ros_msgs__rosidl_typesupport_introspection_cppExport.cmake
[15.179s] -- Up-to-date: /home/jetson/ros2_ws/install/darknet_ros_msgs/share/darknet_ros_msgs/cmake/darknet_ros_msgs__rosidl_typesupport_introspection_cppExport-relwithdebinfo.cmake
[15.184s] -- Up-to-date: /home/jetson/ros2_ws/install/darknet_ros_msgs/share/darknet_ros_msgs/cmake/darknet_ros_msgs__rosidl_typesupport_cppExport.cmake
[15.187s] -- Up-to-date: /home/jetson/ros2_ws/install/darknet_ros_msgs/share/darknet_ros_msgs/cmake/darknet_ros_msgs__rosidl_typesupport_cppExport-relwithdebinfo.cmake
[15.204s] Invoked command in '/home/jetson/ros2_ws/build/darknet_ros_msgs' returned '0': CMAKE_PREFIX_PATH=${CMAKE_PREFIX_PATH}:/home/jetson/ros2_ws/install/yolo_den:/home/jetson/ros2_ws/install/termal:/home/jetson/ros2_ws/install/humcount:/home/jetson/ros2_ws/install/humancount:/home/jetson/ros2_ws/install/count:/home/jetson/ros2_ws/install/cvdeneme:/opt/ros/foxy /usr/local/bin/cmake --install /home/jetson/ros2_ws/build/darknet_ros_msgs
