[0.050s] Invoking command in '/home/jetson/ros2_ws/src/build/darknet_ros': AMENT_PREFIX_PATH=/home/jetson/ros2_ws/src/install/darknet_ros_msgs:${AMENT_PREFIX_PATH} CMAKE_PREFIX_PATH=/home/jetson/ros2_ws/src/install/darknet_ros_msgs:/home/jetson/ros2_ws/install/intra_process_demo:/home/jetson/ros2_ws/install/darknet_ros:/home/jetson/ros2_ws/install/darknet_ros_msgs:/home/jetson/ros2_ws/install/cv_basics:/opt/ros/foxy LD_LIBRARY_PATH=/home/jetson/ros2_ws/src/install/darknet_ros_msgs/lib:${LD_LIBRARY_PATH} PYTHONPATH=/home/jetson/ros2_ws/src/install/darknet_ros_msgs/lib/python3.8/site-packages:${PYTHONPATH} /usr/bin/cmake /home/jetson/ros2_ws/src/darknet_ros_yolov4/darknet_ros/darknet_ros -DCMAKE_INSTALL_PREFIX=/home/jetson/ros2_ws/src/install/darknet_ros
[0.258s] -- The C compiler identification is GNU 8.4.0
[0.451s] -- The CXX compiler identification is GNU 8.4.0
[0.469s] -- Check for working C compiler: /usr/bin/cc
[0.718s] -- Check for working C compiler: /usr/bin/cc -- works
[0.721s] -- Detecting C compiler ABI info
[0.980s] -- Detecting C compiler ABI info - done
[1.027s] -- Detecting C compile features
[1.028s] -- Detecting C compile features - done
[1.038s] -- Check for working CXX compiler: /usr/bin/c++
[1.318s] -- Check for working CXX compiler: /usr/bin/c++ -- works
[1.322s] -- Detecting CXX compiler ABI info
[1.602s] -- Detecting CXX compiler ABI info - done
[1.652s] -- Detecting CXX compile features
[1.653s] -- Detecting CXX compile features - done
[1.660s] -- Darknet path dir = /home/jetson/ros2_ws/src/darknet_ros_yolov4/darknet_ros/darknet
[1.694s] -- Looking for pthread.h
[1.952s] -- Looking for pthread.h - found
[1.953s] -- Performing Test CMAKE_HAVE_LIBC_PTHREAD
[2.217s] -- Performing Test CMAKE_HAVE_LIBC_PTHREAD - Failed
[2.218s] -- Looking for pthread_create in pthreads
[2.435s] -- Looking for pthread_create in pthreads - not found
[2.436s] -- Looking for pthread_create in pthread
[2.692s] -- Looking for pthread_create in pthread - found
[2.695s] -- Found Threads: TRUE  
[2.775s] -- Found CUDA: /usr/local/cuda (found version "10.2") 
[2.781s] -- CUDA Version: 
[2.781s] -- CUDA Libararies: /usr/local/cuda/lib64/libcudart_static.a;-lpthread;dl;/usr/lib/aarch64-linux-gnu/librt.so
[2.797s] -- Found CUDNN: /usr/include (found version "?") 
[2.798s] -- cuDNN Version: 
[2.798s] -- cuDNN Libararies: /usr/lib/aarch64-linux-gnu/libcudnn.so
[2.957s] --  GPU (FP16): 
[2.957s] -- Your setup does not support half precision (it requires CUDA_ARCHITECTURES >= 70)
[2.958s] -- Searching for X11...
[3.403s] -- Found X11: /usr/include   
[3.407s] -- Looking for XOpenDisplay in /usr/lib/aarch64-linux-gnu/libX11.so;/usr/lib/aarch64-linux-gnu/libXext.so
[3.712s] -- Looking for XOpenDisplay in /usr/lib/aarch64-linux-gnu/libX11.so;/usr/lib/aarch64-linux-gnu/libXext.so - found
[3.713s] -- Looking for gethostbyname
[3.966s] -- Looking for gethostbyname - found
[3.966s] -- Looking for connect
[4.215s] -- Looking for connect - found
[4.216s] -- Looking for remove
[4.474s] -- Looking for remove - found
[4.475s] -- Looking for shmat
[4.725s] -- Looking for shmat - found
[4.726s] -- Looking for IceConnectionNumber in ICE
[4.986s] -- Looking for IceConnectionNumber in ICE - found
[4.991s] --  X11_INCLUDE_DIR: /usr/include
[4.991s] --  X11_LIBRARIES: /usr/lib/aarch64-linux-gnu/libSM.so/usr/lib/aarch64-linux-gnu/libICE.so/usr/lib/aarch64-linux-gnu/libX11.so/usr/lib/aarch64-linux-gnu/libXext.so
[5.097s] -- Found OpenCV: /usr (found version "4.5.3") 
[5.110s] -- Found ament_cmake: 0.9.9 (/opt/ros/foxy/share/ament_cmake/cmake)
[5.225s] -- Found PythonInterp: /usr/bin/python3 (found suitable version "3.8.10", minimum required is "3") 
[5.225s] -- Using PYTHON_EXECUTABLE: /usr/bin/python3
[6.364s] -- Found rclcpp: 2.4.1 (/opt/ros/foxy/share/rclcpp/cmake)
[6.599s] -- Using all available rosidl_typesupport_c: rosidl_typesupport_fastrtps_c;rosidl_typesupport_introspection_c
[6.643s] -- Found rosidl_adapter: 1.2.1 (/opt/ros/foxy/share/rosidl_adapter/cmake)
[7.034s] -- Found OpenSSL: /usr/lib/aarch64-linux-gnu/libcrypto.so (found version "1.1.1f")  
[7.156s] -- Found FastRTPS: /opt/ros/foxy/include  
[7.543s] -- Using all available rosidl_typesupport_cpp: rosidl_typesupport_fastrtps_cpp;rosidl_typesupport_introspection_cpp
[7.852s] -- Found rmw_implementation_cmake: 1.0.3 (/opt/ros/foxy/share/rmw_implementation_cmake/cmake)
[7.862s] -- Using RMW implementation 'rmw_fastrtps_cpp' as default
[8.839s] -- Found rclpy: 1.0.8 (/opt/ros/foxy/share/rclpy/cmake)
[8.853s] -- Found rclcpp_action: 2.4.1 (/opt/ros/foxy/share/rclcpp_action/cmake)
[9.237s] -- Found image_transport: 2.3.0 (/opt/ros/foxy/share/image_transport/cmake)
[10.069s] -- Found cv_bridge: 2.2.1 (/opt/ros/foxy/share/cv_bridge/cmake)
[10.096s] -- Found darknet_ros_msgs: 1.1.5 (/home/jetson/ros2_ws/src/install/darknet_ros_msgs/share/darknet_ros_msgs/cmake)
[12.239s] -- Found OpenMP_C: -fopenmp (found version "4.5") 
[12.546s] -- Found OpenMP_CXX: -fopenmp (found version "4.5") 
[12.547s] -- Found OpenMP: TRUE (found version "4.5")  
[12.551s] -- Checking and downloading yolov4-tiny.weights if needed ...
[12.552s] -- Done.
[12.552s] -- Checking and downloading yolov4-csp.weights if needed ...
[12.553s] -- Done.
[12.842s] -- Configuring done
[13.273s] -- Generating done
[13.283s] -- Build files have been written to: /home/jetson/ros2_ws/src/build/darknet_ros
[13.333s] Invoked command in '/home/jetson/ros2_ws/src/build/darknet_ros' returned '0': AMENT_PREFIX_PATH=/home/jetson/ros2_ws/src/install/darknet_ros_msgs:${AMENT_PREFIX_PATH} CMAKE_PREFIX_PATH=/home/jetson/ros2_ws/src/install/darknet_ros_msgs:/home/jetson/ros2_ws/install/intra_process_demo:/home/jetson/ros2_ws/install/darknet_ros:/home/jetson/ros2_ws/install/darknet_ros_msgs:/home/jetson/ros2_ws/install/cv_basics:/opt/ros/foxy LD_LIBRARY_PATH=/home/jetson/ros2_ws/src/install/darknet_ros_msgs/lib:${LD_LIBRARY_PATH} PYTHONPATH=/home/jetson/ros2_ws/src/install/darknet_ros_msgs/lib/python3.8/site-packages:${PYTHONPATH} /usr/bin/cmake /home/jetson/ros2_ws/src/darknet_ros_yolov4/darknet_ros/darknet_ros -DCMAKE_INSTALL_PREFIX=/home/jetson/ros2_ws/src/install/darknet_ros
[13.339s] Invoking command in '/home/jetson/ros2_ws/src/build/darknet_ros': AMENT_PREFIX_PATH=/home/jetson/ros2_ws/src/install/darknet_ros_msgs:${AMENT_PREFIX_PATH} CMAKE_PREFIX_PATH=/home/jetson/ros2_ws/src/install/darknet_ros_msgs:/home/jetson/ros2_ws/install/intra_process_demo:/home/jetson/ros2_ws/install/darknet_ros:/home/jetson/ros2_ws/install/darknet_ros_msgs:/home/jetson/ros2_ws/install/cv_basics:/opt/ros/foxy LD_LIBRARY_PATH=/home/jetson/ros2_ws/src/install/darknet_ros_msgs/lib:${LD_LIBRARY_PATH} PYTHONPATH=/home/jetson/ros2_ws/src/install/darknet_ros_msgs/lib/python3.8/site-packages:${PYTHONPATH} /usr/bin/cmake --build /home/jetson/ros2_ws/src/build/darknet_ros -- -j4 -l4
[13.510s] [  4%] [34m[1mBuilding NVCC (Device) object CMakeFiles/darknet_ros_lib.dir/__/darknet/src/darknet_ros_lib_generated_network_kernels.cu.o[0m
[13.511s] [  4%] [34m[1mBuilding NVCC (Device) object CMakeFiles/darknet_ros_lib.dir/__/darknet/src/darknet_ros_lib_generated_blas_kernels.cu.o[0m
[13.511s] [  4%] [34m[1mBuilding NVCC (Device) object CMakeFiles/darknet_ros_lib.dir/__/darknet/src/darknet_ros_lib_generated_activation_kernels.cu.o[0m
[13.512s] [  4%] [34m[1mBuilding NVCC (Device) object CMakeFiles/darknet_ros_lib.dir/__/darknet/src/darknet_ros_lib_generated_avgpool_layer_kernels.cu.o[0m
[16.078s] /home/jetson/ros2_ws/src/darknet_ros_yolov4/darknet_ros/darknet/src/activation_kernels.cu(263): warning: variable "MISH_THRESHOLD" was declared but never referenced
[16.079s] 
[16.080s] /home/jetson/ros2_ws/src/darknet_ros_yolov4/darknet_ros/darknet/src/network_kernels.cu(364): warning: variable "l" was declared but never referenced
[16.081s] 
[16.317s] /home/jetson/ros2_ws/src/darknet_ros_yolov4/darknet_ros/darknet/src/blas_kernels.cu(1086): warning: variable "out_index" was declared but never referenced
[16.317s] 
[16.320s] /home/jetson/ros2_ws/src/darknet_ros_yolov4/darknet_ros/darknet/src/blas_kernels.cu(1130): warning: variable "step" was set but never used
[16.321s] 
[16.371s] /home/jetson/ros2_ws/src/darknet_ros_yolov4/darknet_ros/darknet/src/blas_kernels.cu(1736): warning: variable "stage_id" was declared but never referenced
[16.371s] 
[19.160s] [  5%] [34m[1mBuilding NVCC (Device) object CMakeFiles/darknet_ros_lib.dir/__/darknet/src/darknet_ros_lib_generated_col2im_kernels.cu.o[0m
[20.352s] [  6%] [34m[1mBuilding NVCC (Device) object CMakeFiles/darknet_ros_lib.dir/__/darknet/src/darknet_ros_lib_generated_convolutional_kernels.cu.o[0m
[23.315s] [  7%] [34m[1mBuilding NVCC (Device) object CMakeFiles/darknet_ros_lib.dir/__/darknet/src/darknet_ros_lib_generated_crop_layer_kernels.cu.o[0m
[24.654s] [  9%] [34m[1mBuilding NVCC (Device) object CMakeFiles/darknet_ros_lib.dir/__/darknet/src/darknet_ros_lib_generated_deconvolutional_kernels.cu.o[0m
[28.214s] [ 10%] [34m[1mBuilding NVCC (Device) object CMakeFiles/darknet_ros_lib.dir/__/darknet/src/darknet_ros_lib_generated_dropout_layer_kernels.cu.o[0m
[29.036s] [ 11%] [34m[1mBuilding NVCC (Device) object CMakeFiles/darknet_ros_lib.dir/__/darknet/src/darknet_ros_lib_generated_im2col_kernels.cu.o[0m
[29.860s] [ 12%] [34m[1mBuilding NVCC (Device) object CMakeFiles/darknet_ros_lib.dir/__/darknet/src/darknet_ros_lib_generated_maxpool_layer_kernels.cu.o[0m
[30.537s] /home/jetson/ros2_ws/src/darknet_ros_yolov4/darknet_ros/darknet/src/dropout_layer_kernels.cu(140): warning: variable "cur_scale" was declared but never referenced
[30.538s] 
[30.544s] /home/jetson/ros2_ws/src/darknet_ros_yolov4/darknet_ros/darknet/src/dropout_layer_kernels.cu(245): warning: variable "cur_scale" was declared but never referenced
[30.545s] 
[30.548s] /home/jetson/ros2_ws/src/darknet_ros_yolov4/darknet_ros/darknet/src/dropout_layer_kernels.cu(262): warning: variable "block_prob" was declared but never referenced
[30.549s] 
[39.174s] [35m[1mScanning dependencies of target darknet_ros_lib[0m
[40.465s] [ 13%] [32mBuilding CXX object CMakeFiles/darknet_ros_lib.dir/src/image_interface.cpp.o[0m
[40.468s] [ 14%] [32mBuilding CXX object CMakeFiles/darknet_ros_lib.dir/src/YoloObjectDetector.cpp.o[0m
[40.469s] [ 17%] [32mBuilding CXX object CMakeFiles/darknet_ros_lib.dir/src/yolo_object_detector_node.cpp.o[0m
[40.470s] [ 17%] [32mBuilding C object CMakeFiles/darknet_ros_lib.dir/home/jetson/ros2_ws/src/darknet_ros_yolov4/darknet_ros/darknet/src/activation_layer.c.o[0m
[40.907s] [ 18%] [32mBuilding C object CMakeFiles/darknet_ros_lib.dir/home/jetson/ros2_ws/src/darknet_ros_yolov4/darknet_ros/darknet/src/activations.c.o[0m
[42.528s] [ 19%] [32mBuilding C object CMakeFiles/darknet_ros_lib.dir/home/jetson/ros2_ws/src/darknet_ros_yolov4/darknet_ros/darknet/src/art.c.o[0m
[43.070s] [ 20%] [32mBuilding C object CMakeFiles/darknet_ros_lib.dir/home/jetson/ros2_ws/src/darknet_ros_yolov4/darknet_ros/darknet/src/avgpool_layer.c.o[0m
[43.651s] [ 21%] [32mBuilding C object CMakeFiles/darknet_ros_lib.dir/home/jetson/ros2_ws/src/darknet_ros_yolov4/darknet_ros/darknet/src/batchnorm_layer.c.o[0m
[44.804s] [ 22%] [32mBuilding C object CMakeFiles/darknet_ros_lib.dir/home/jetson/ros2_ws/src/darknet_ros_yolov4/darknet_ros/darknet/src/blas.c.o[0m
[45.096s] [01m[K/home/jetson/ros2_ws/src/darknet_ros_yolov4/darknet_ros/darknet/src/blas.c:[m[K In function ‘[01m[Kfind_sim[m[K’:
[45.098s] [01m[K/home/jetson/ros2_ws/src/darknet_ros_yolov4/darknet_ros/darknet/src/blas.c:597:59:[m[K [01;35m[Kwarning: [m[Kformat ‘[01m[K%d[m[K’ expects argument of type ‘[01m[Kint[m[K’, but argument 2 has type ‘[01m[Ksize_t[m[K’ {aka ‘[01m[Klong unsigned int[m[K’} [[01;35m[K-Wformat=[m[K]
[45.099s]          printf(" Error: find_sim(): sim isn't found: i = [01;35m[K%d[m[K, j = %d, z = %d \n", [32m[Ki[m[K, j, z);
[45.099s]                                                           [01;35m[K~^[m[K                      [32m[K~[m[K
[45.100s]                                                           [32m[K%ld[m[K
[45.101s] [01m[K/home/jetson/ros2_ws/src/darknet_ros_yolov4/darknet_ros/darknet/src/blas.c:597:67:[m[K [01;35m[Kwarning: [m[Kformat ‘[01m[K%d[m[K’ expects argument of type ‘[01m[Kint[m[K’, but argument 3 has type ‘[01m[Ksize_t[m[K’ {aka ‘[01m[Klong unsigned int[m[K’} [[01;35m[K-Wformat=[m[K]
[45.102s]          printf(" Error: find_sim(): sim isn't found: i = %d, j = [01;35m[K%d[m[K, z = %d \n", i, [32m[Kj[m[K, z);
[45.103s]                                                                   [01;35m[K~^[m[K                 [32m[K~[m[K
[45.104s]                                                                   [32m[K%ld[m[K
[45.105s] [01m[K/home/jetson/ros2_ws/src/darknet_ros_yolov4/darknet_ros/darknet/src/blas.c:597:75:[m[K [01;35m[Kwarning: [m[Kformat ‘[01m[K%d[m[K’ expects argument of type ‘[01m[Kint[m[K’, but argument 4 has type ‘[01m[Ksize_t[m[K’ {aka ‘[01m[Klong unsigned int[m[K’} [[01;35m[K-Wformat=[m[K]
[45.106s]          printf(" Error: find_sim(): sim isn't found: i = %d, j = %d, z = [01;35m[K%d[m[K \n", i, j, [32m[Kz[m[K);
[45.107s]                                                                           [01;35m[K~^[m[K            [32m[K~[m[K
[45.107s]                                                                           [32m[K%ld[m[K
[45.109s] [01m[K/home/jetson/ros2_ws/src/darknet_ros_yolov4/darknet_ros/darknet/src/blas.c:[m[K In function ‘[01m[Kfind_P_constrastive[m[K’:
[45.110s] [01m[K/home/jetson/ros2_ws/src/darknet_ros_yolov4/darknet_ros/darknet/src/blas.c:611:68:[m[K [01;35m[Kwarning: [m[Kformat ‘[01m[K%d[m[K’ expects argument of type ‘[01m[Kint[m[K’, but argument 2 has type ‘[01m[Ksize_t[m[K’ {aka ‘[01m[Klong unsigned int[m[K’} [[01;35m[K-Wformat=[m[K]
[45.111s]          printf(" Error: find_P_constrastive(): P isn't found: i = [01;35m[K%d[m[K, j = %d, z = %d \n", [32m[Ki[m[K, j, z);
[45.113s]                                                                    [01;35m[K~^[m[K                      [32m[K~[m[K
[45.113s]                                                                    [32m[K%ld[m[K
[45.114s] [01m[K/home/jetson/ros2_ws/src/darknet_ros_yolov4/darknet_ros/darknet/src/blas.c:611:76:[m[K [01;35m[Kwarning: [m[Kformat ‘[01m[K%d[m[K’ expects argument of type ‘[01m[Kint[m[K’, but argument 3 has type ‘[01m[Ksize_t[m[K’ {aka ‘[01m[Klong unsigned int[m[K’} [[01;35m[K-Wformat=[m[K]
[45.114s]          printf(" Error: find_P_constrastive(): P isn't found: i = %d, j = [01;35m[K%d[m[K, z = %d \n", i, [32m[Kj[m[K, z);
[45.115s]                                                                            [01;35m[K~^[m[K                 [32m[K~[m[K
[45.129s]                                                                            [32m[K%ld[m[K
[45.129s] [01m[K/home/jetson/ros2_ws/src/darknet_ros_yolov4/darknet_ros/darknet/src/blas.c:611:84:[m[K [01;35m[Kwarning: [m[Kformat ‘[01m[K%d[m[K’ expects argument of type ‘[01m[Kint[m[K’, but argument 4 has type ‘[01m[Ksize_t[m[K’ {aka ‘[01m[Klong unsigned int[m[K’} [[01;35m[K-Wformat=[m[K]
[45.130s]          printf(" Error: find_P_constrastive(): P isn't found: i = %d, j = %d, z = [01;35m[K%d[m[K \n", i, j, [32m[Kz[m[K);
[45.130s]                                                                                    [01;35m[K~^[m[K            [32m[K~[m[K
[45.131s]                                                                                    [32m[K%ld[m[K
[45.131s] [01m[K/home/jetson/ros2_ws/src/darknet_ros_yolov4/darknet_ros/darknet/src/blas.c:[m[K In function ‘[01m[KP_constrastive_f[m[K’:
[45.132s] [01m[K/home/jetson/ros2_ws/src/darknet_ros_yolov4/darknet_ros/darknet/src/blas.c:651:79:[m[K [01;35m[Kwarning: [m[Kformat ‘[01m[K%d[m[K’ expects argument of type ‘[01m[Kint[m[K’, but argument 3 has type ‘[01m[Ksize_t[m[K’ {aka ‘[01m[Klong unsigned int[m[K’} [[01;35m[K-Wformat=[m[K]
[45.132s]          fprintf(stderr, " Error: in P_constrastive must be i != l, while i = [01;35m[K%d[m[K, l = %d \n", [32m[Ki[m[K, l);
[45.133s]                                                                               [01;35m[K~^[m[K              [32m[K~[m[K
[45.133s]                                                                               [32m[K%ld[m[K
[45.134s] [01m[K/home/jetson/ros2_ws/src/darknet_ros_yolov4/darknet_ros/darknet/src/blas.c:651:87:[m[K [01;35m[Kwarning: [m[Kformat ‘[01m[K%d[m[K’ expects argument of type ‘[01m[Kint[m[K’, but argument 4 has type ‘[01m[Ksize_t[m[K’ {aka ‘[01m[Klong unsigned int[m[K’} [[01;35m[K-Wformat=[m[K]
[45.134s]          fprintf(stderr, " Error: in P_constrastive must be i != l, while i = %d, l = [01;35m[K%d[m[K \n", i, [32m[Kl[m[K);
[45.135s]                                                                                       [01;35m[K~^[m[K         [32m[K~[m[K
[45.135s]                                                                                       [32m[K%ld[m[K
[45.136s] [01m[K/home/jetson/ros2_ws/src/darknet_ros_yolov4/darknet_ros/darknet/src/blas.c:[m[K In function ‘[01m[KP_constrastive[m[K’:
[45.136s] [01m[K/home/jetson/ros2_ws/src/darknet_ros_yolov4/darknet_ros/darknet/src/blas.c:785:79:[m[K [01;35m[Kwarning: [m[Kformat ‘[01m[K%d[m[K’ expects argument of type ‘[01m[Kint[m[K’, but argument 3 has type ‘[01m[Ksize_t[m[K’ {aka ‘[01m[Klong unsigned int[m[K’} [[01;35m[K-Wformat=[m[K]
[45.137s]          fprintf(stderr, " Error: in P_constrastive must be i != l, while i = [01;35m[K%d[m[K, l = %d \n", [32m[Ki[m[K, l);
[45.137s]                                                                               [01;35m[K~^[m[K              [32m[K~[m[K
[45.138s]                                                                               [32m[K%ld[m[K
[45.138s] [01m[K/home/jetson/ros2_ws/src/darknet_ros_yolov4/darknet_ros/darknet/src/blas.c:785:87:[m[K [01;35m[Kwarning: [m[Kformat ‘[01m[K%d[m[K’ expects argument of type ‘[01m[Kint[m[K’, but argument 4 has type ‘[01m[Ksize_t[m[K’ {aka ‘[01m[Klong unsigned int[m[K’} [[01;35m[K-Wformat=[m[K]
[45.139s]          fprintf(stderr, " Error: in P_constrastive must be i != l, while i = %d, l = [01;35m[K%d[m[K \n", i, [32m[Kl[m[K);
[45.139s]                                                                                       [01;35m[K~^[m[K         [32m[K~[m[K
[45.140s]                                                                                       [32m[K%ld[m[K
[45.489s] [01m[K/home/jetson/ros2_ws/src/darknet_ros_yolov4/darknet_ros/darknet_ros/src/image_interface.cpp:[m[K In function ‘[01m[Kimage** load_alphabet_with_file(char*)[m[K’:
[45.489s] [01m[K/home/jetson/ros2_ws/src/darknet_ros_yolov4/darknet_ros/darknet_ros/src/image_interface.cpp:21:18:[m[K [01;35m[Kwarning: [m[KISO C++ forbids converting a string constant to ‘[01m[Kchar*[m[K’ [[01;35m[K-Wwrite-strings[m[K]
[45.490s]    char* labels = [01;35m[K"/labels/%d_%d.png"[m[K;
[45.490s]                   [01;35m[K^~~~~~~~~~~~~~~~~~~[m[K
[46.593s] [ 23%] [32mBuilding C object CMakeFiles/darknet_ros_lib.dir/home/jetson/ros2_ws/src/darknet_ros_yolov4/darknet_ros/darknet/src/box.c.o[0m
[48.680s] In file included from [01m[K/home/jetson/ros2_ws/src/darknet_ros_yolov4/darknet_ros/darknet_ros/include/darknet_ros/YoloObjectDetector.hpp:30[m[K,
[48.681s]                  from [01m[K/home/jetson/ros2_ws/src/darknet_ros_yolov4/darknet_ros/darknet_ros/src/yolo_object_detector_node.cpp:9[m[K:
[48.682s] [01m[K/opt/ros/foxy/include/image_transport/image_transport.h:41:89:[m[K [01;36m[Knote: [m[K#pragma message: Warning: This header is deprecated. Use 'image_transport.hpp' instead
[48.683s]  #pragma message ("Warning: This header is deprecated. Use 'image_transport.hpp' instead"[01;36m[K)[m[K
[48.683s]                                                                                          [01;36m[K^[m[K
[48.782s] In file included from [01m[K/home/jetson/ros2_ws/src/darknet_ros_yolov4/darknet_ros/darknet_ros/include/darknet_ros/YoloObjectDetector.hpp:30[m[K,
[48.782s]                  from [01m[K/home/jetson/ros2_ws/src/darknet_ros_yolov4/darknet_ros/darknet_ros/src/YoloObjectDetector.cpp:10[m[K:
[48.783s] [01m[K/opt/ros/foxy/include/image_transport/image_transport.h:41:89:[m[K [01;36m[Knote: [m[K#pragma message: Warning: This header is deprecated. Use 'image_transport.hpp' instead
[48.783s]  ssage ("Warning: This header is deprecated. Use 'image_transport.hpp' instead"[01;36m[K)[m[K
[48.784s]                                                                                [01;36m[K^[m[K
[48.784s] 
[48.797s] [ 25%] [32mBuilding C object CMakeFiles/darknet_ros_lib.dir/home/jetson/ros2_ws/src/darknet_ros_yolov4/darknet_ros/darknet/src/captcha.c.o[0m
[49.031s] [ 26%] [32mBuilding C object CMakeFiles/darknet_ros_lib.dir/home/jetson/ros2_ws/src/darknet_ros_yolov4/darknet_ros/darknet/src/cifar.c.o[0m
[49.663s] [ 27%] [32mBuilding C object CMakeFiles/darknet_ros_lib.dir/home/jetson/ros2_ws/src/darknet_ros_yolov4/darknet_ros/darknet/src/classifier.c.o[0m
[50.364s] [ 28%] [32mBuilding C object CMakeFiles/darknet_ros_lib.dir/home/jetson/ros2_ws/src/darknet_ros_yolov4/darknet_ros/darknet/src/coco.c.o[0m
[51.956s] [ 29%] [32mBuilding C object CMakeFiles/darknet_ros_lib.dir/home/jetson/ros2_ws/src/darknet_ros_yolov4/darknet_ros/darknet/src/col2im.c.o[0m
[52.274s] [01m[K/home/jetson/ros2_ws/src/darknet_ros_yolov4/darknet_ros/darknet_ros/src/YoloObjectDetector.cpp:[m[K In function ‘[01m[Kimage** darknet_ros::load_alphabet_with_file_cp(char*)[m[K’:
[52.274s] [01m[K/home/jetson/ros2_ws/src/darknet_ros_yolov4/darknet_ros/darknet_ros/src/YoloObjectDetector.cpp:516:18:[m[K [01;35m[Kwarning: [m[KISO C++ forbids converting a string constant to ‘[01m[Kchar*[m[K’ [[01;35m[K-Wwrite-strings[m[K]
[52.275s]    char* labels = [01;35m[K"/labels/%d_%d.png"[m[K;
[52.275s]                   [01;35m[K^~~~~~~~~~~~~~~~~~~[m[K
[52.348s] [ 30%] [32mBuilding C object CMakeFiles/darknet_ros_lib.dir/home/jetson/ros2_ws/src/darknet_ros_yolov4/darknet_ros/darknet/src/compare.c.o[0m
[53.053s] [ 31%] [32mBuilding C object CMakeFiles/darknet_ros_lib.dir/home/jetson/ros2_ws/src/darknet_ros_yolov4/darknet_ros/darknet/src/connected_layer.c.o[0m
[53.563s] [ 32%] [32mBuilding C object CMakeFiles/darknet_ros_lib.dir/home/jetson/ros2_ws/src/darknet_ros_yolov4/darknet_ros/darknet/src/conv_lstm_layer.c.o[0m
[54.033s] [ 34%] [32mBuilding C object CMakeFiles/darknet_ros_lib.dir/home/jetson/ros2_ws/src/darknet_ros_yolov4/darknet_ros/darknet/src/convolutional_layer.c.o[0m
[56.054s] [ 35%] [32mBuilding C object CMakeFiles/darknet_ros_lib.dir/home/jetson/ros2_ws/src/darknet_ros_yolov4/darknet_ros/darknet/src/cost_layer.c.o[0m
[56.676s] [ 36%] [32mBuilding C object CMakeFiles/darknet_ros_lib.dir/home/jetson/ros2_ws/src/darknet_ros_yolov4/darknet_ros/darknet/src/cpu_gemm.c.o[0m
[57.387s] [ 37%] [32mBuilding C object CMakeFiles/darknet_ros_lib.dir/home/jetson/ros2_ws/src/darknet_ros_yolov4/darknet_ros/darknet/src/crnn_layer.c.o[0m
[58.554s] [ 38%] [32mBuilding C object CMakeFiles/darknet_ros_lib.dir/home/jetson/ros2_ws/src/darknet_ros_yolov4/darknet_ros/darknet/src/crop_layer.c.o[0m
[58.959s] [ 39%] [32mBuilding C object CMakeFiles/darknet_ros_lib.dir/home/jetson/ros2_ws/src/darknet_ros_yolov4/darknet_ros/darknet/src/dark_cuda.c.o[0m
[59.235s] [ 40%] [32mBuilding C object CMakeFiles/darknet_ros_lib.dir/home/jetson/ros2_ws/src/darknet_ros_yolov4/darknet_ros/darknet/src/darknet.c.o[0m
[59.239s] [01m[K/home/jetson/ros2_ws/src/darknet_ros_yolov4/darknet_ros/darknet/src/dark_cuda.c:[m[K In function ‘[01m[Kpre_allocate_pinned_memory[m[K’:
[59.241s] [01m[K/home/jetson/ros2_ws/src/darknet_ros_yolov4/darknet_ros/darknet/src/dark_cuda.c:396:40:[m[K [01;35m[Kwarning: [m[Kformat ‘[01m[K%u[m[K’ expects argument of type ‘[01m[Kunsigned int[m[K’, but argument 2 has type ‘[01m[Klong unsigned int[m[K’ [[01;35m[K-Wformat=[m[K]
[59.242s]          printf("pre_allocate: size = [01;35m[K%Iu[m[K MB, num_of_blocks = %Iu, block_size = %Iu MB \n",
[59.243s]                                       [01;35m[K~~^[m[K
[59.244s]                                       [32m[K%Ilu[m[K
[59.244s]              [32m[Ksize / (1024*1024)[m[K, num_of_blocks, pinned_block_size / (1024 * 1024));
[59.245s]              [32m[K~~~~~~~~~~~~~~~~~~[m[K          
[59.245s] [01m[K/home/jetson/ros2_ws/src/darknet_ros_yolov4/darknet_ros/darknet/src/dark_cuda.c:396:64:[m[K [01;35m[Kwarning: [m[Kformat ‘[01m[K%u[m[K’ expects argument of type ‘[01m[Kunsigned int[m[K’, but argument 3 has type ‘[01m[Ksize_t[m[K’ {aka ‘[01m[Kconst long unsigned int[m[K’} [[01;35m[K-Wformat=[m[K]
[59.246s]          printf("pre_allocate: size = %Iu MB, num_of_blocks = [01;35m[K%Iu[m[K, block_size = %Iu MB \n",
[59.246s]                                                               [01;35m[K~~^[m[K
[59.246s]                                                               [32m[K%Ilu[m[K
[59.247s]              size / (1024*1024), [32m[Knum_of_blocks[m[K, pinned_block_size / (1024 * 1024));
[59.247s]                                  [32m[K~~~~~~~~~~~~~[m[K                   
[59.248s] [01m[K/home/jetson/ros2_ws/src/darknet_ros_yolov4/darknet_ros/darknet/src/dark_cuda.c:396:82:[m[K [01;35m[Kwarning: [m[Kformat ‘[01m[K%u[m[K’ expects argument of type ‘[01m[Kunsigned int[m[K’, but argument 4 has type ‘[01m[Klong unsigned int[m[K’ [[01;35m[K-Wformat=[m[K]
[59.248s]          printf("pre_allocate: size = %Iu MB, num_of_blocks = %Iu, block_size = [01;35m[K%Iu[m[K MB \n",
[59.248s]                                                                                 [01;35m[K~~^[m[K
[59.249s]                                                                                 [32m[K%Ilu[m[K
[59.249s]              size / (1024*1024), num_of_blocks, [32m[Kpinned_block_size / (1024 * 1024)[m[K);
[59.250s]                                                 [32m[K~~~~~~~~~~~~~~~~~~~~~~~~~~~~~~~~~[m[K  
[59.250s] [01m[K/home/jetson/ros2_ws/src/darknet_ros_yolov4/darknet_ros/darknet/src/dark_cuda.c:406:37:[m[K [01;35m[Kwarning: [m[Kformat ‘[01m[K%d[m[K’ expects argument of type ‘[01m[Kint[m[K’, but argument 2 has type ‘[01m[Klong unsigned int[m[K’ [[01;35m[K-Wformat=[m[K]
[59.251s]                  printf(" Allocated [01;35m[K%d[m[K pinned block \n", [32m[Kpinned_block_size[m[K);
[59.251s]                                     [01;35m[K~^[m[K                   [32m[K~~~~~~~~~~~~~~~~~[m[K
[59.261s]                                     [32m[K%ld[m[K
[59.261s] [01m[K/home/jetson/ros2_ws/src/darknet_ros_yolov4/darknet_ros/darknet/src/dark_cuda.c:[m[K In function ‘[01m[Kcuda_make_array_pinned_preallocated[m[K’:
[59.262s] [01m[K/home/jetson/ros2_ws/src/darknet_ros_yolov4/darknet_ros/darknet/src/dark_cuda.c:427:43:[m[K [01;35m[Kwarning: [m[Kformat ‘[01m[K%d[m[K’ expects argument of type ‘[01m[Kint[m[K’, but argument 2 has type ‘[01m[Ksize_t[m[K’ {aka ‘[01m[Klong unsigned int[m[K’} [[01;35m[K-Wformat=[m[K]
[59.262s]              printf("\n Pinned block_id = [01;35m[K%d[m[K, filled = %f %% \n", [32m[Kpinned_block_id[m[K, filled);
[59.263s]                                           [01;35m[K~^[m[K                      [32m[K~~~~~~~~~~~~~~~[m[K
[59.263s]                                           [32m[K%ld[m[K
[59.264s] [01m[K/home/jetson/ros2_ws/src/darknet_ros_yolov4/darknet_ros/darknet/src/dark_cuda.c:442:64:[m[K [01;35m[Kwarning: [m[Kformat ‘[01m[K%d[m[K’ expects argument of type ‘[01m[Kint[m[K’, but argument 2 has type ‘[01m[Klong unsigned int[m[K’ [[01;35m[K-Wformat=[m[K]
[59.265s]              printf("Try to allocate new pinned memory, size = [01;35m[K%d[m[K MB \n", [32m[Ksize / (1024 * 1024)[m[K);
[59.265s]                                                                [01;35m[K~^[m[K         [32m[K~~~~~~~~~~~~~~~~~~~~[m[K
[59.266s]                                                                [32m[K%ld[m[K
[59.266s] [01m[K/home/jetson/ros2_ws/src/darknet_ros_yolov4/darknet_ros/darknet/src/dark_cuda.c:448:63:[m[K [01;35m[Kwarning: [m[Kformat ‘[01m[K%d[m[K’ expects argument of type ‘[01m[Kint[m[K’, but argument 2 has type ‘[01m[Klong unsigned int[m[K’ [[01;35m[K-Wformat=[m[K]
[59.266s]              printf("Try to allocate new pinned BLOCK, size = [01;35m[K%d[m[K MB \n", [32m[Ksize / (1024 * 1024)[m[K);
[59.267s]                                                               [01;35m[K~^[m[K         [32m[K~~~~~~~~~~~~~~~~~~~~[m[K
[59.267s]                                                               [32m[K%ld[m[K
[60.367s] [ 42%] [32mBuilding C object CMakeFiles/darknet_ros_lib.dir/home/jetson/ros2_ws/src/darknet_ros_yolov4/darknet_ros/darknet/src/data.c.o[0m
[60.685s] [ 43%] [32mBuilding C object CMakeFiles/darknet_ros_lib.dir/home/jetson/ros2_ws/src/darknet_ros_yolov4/darknet_ros/darknet/src/deconvolutional_layer.c.o[0m
[60.709s] [01m[K/home/jetson/ros2_ws/src/darknet_ros_yolov4/darknet_ros/darknet/src/data.c:[m[K In function ‘[01m[Kfill_truth_detection[m[K’:
[60.710s] [01m[K/home/jetson/ros2_ws/src/darknet_ros_yolov4/darknet_ros/darknet/src/data.c:411:13:[m[K [01;35m[Kwarning: [m[Kignoring return value of ‘[01m[Ksystem[m[K’, declared with attribute warn_unused_result [[01;35m[K-Wunused-result[m[K]
[60.711s]              [01;35m[Ksystem(buff)[m[K;
[60.711s]              [01;35m[K^~~~~~~~~~~~[m[K
[60.712s] [01m[K/home/jetson/ros2_ws/src/darknet_ros_yolov4/darknet_ros/darknet/src/data.c:425:13:[m[K [01;35m[Kwarning: [m[Kignoring return value of ‘[01m[Ksystem[m[K’, declared with attribute warn_unused_result [[01;35m[K-Wunused-result[m[K]
[60.713s]              [01;35m[Ksystem(buff)[m[K;
[60.714s]              [01;35m[K^~~~~~~~~~~~[m[K
[60.715s] [01m[K/home/jetson/ros2_ws/src/darknet_ros_yolov4/darknet_ros/darknet/src/data.c:433:13:[m[K [01;35m[Kwarning: [m[Kignoring return value of ‘[01m[Ksystem[m[K’, declared with attribute warn_unused_result [[01;35m[K-Wunused-result[m[K]
[60.715s]              [01;35m[Ksystem(buff)[m[K;
[60.716s]              [01;35m[K^~~~~~~~~~~~[m[K
[60.717s] [01m[K/home/jetson/ros2_ws/src/darknet_ros_yolov4/darknet_ros/darknet/src/data.c:441:13:[m[K [01;35m[Kwarning: [m[Kignoring return value of ‘[01m[Ksystem[m[K’, declared with attribute warn_unused_result [[01;35m[K-Wunused-result[m[K]
[60.717s]              [01;35m[Ksystem(buff)[m[K;
[60.718s]              [01;35m[K^~~~~~~~~~~~[m[K
[60.718s] [01m[K/home/jetson/ros2_ws/src/darknet_ros_yolov4/darknet_ros/darknet/src/data.c:448:13:[m[K [01;35m[Kwarning: [m[Kignoring return value of ‘[01m[Ksystem[m[K’, declared with attribute warn_unused_result [[01;35m[K-Wunused-result[m[K]
[60.719s]              [01;35m[Ksystem(buff)[m[K;
[60.719s]              [01;35m[K^~~~~~~~~~~~[m[K
[60.752s] [01m[K/home/jetson/ros2_ws/src/darknet_ros_yolov4/darknet_ros/darknet/src/data.c:[m[K In function ‘[01m[Kload_cifar10_data[m[K’:
[60.752s] [01m[K/home/jetson/ros2_ws/src/darknet_ros_yolov4/darknet_ros/darknet/src/data.c:2089:9:[m[K [01;35m[Kwarning: [m[Kignoring return value of ‘[01m[Kfread[m[K’, declared with attribute warn_unused_result [[01;35m[K-Wunused-result[m[K]
[60.753s]          [01;35m[Kfread(bytes, 1, 3073, fp)[m[K;
[60.754s]          [01;35m[K^~~~~~~~~~~~~~~~~~~~~~~~~[m[K
[60.754s] [01m[K/home/jetson/ros2_ws/src/darknet_ros_yolov4/darknet_ros/darknet/src/data.c:[m[K In function ‘[01m[Kload_all_cifar10[m[K’:
[60.755s] [01m[K/home/jetson/ros2_ws/src/darknet_ros_yolov4/darknet_ros/darknet/src/data.c:2153:13:[m[K [01;35m[Kwarning: [m[Kignoring return value of ‘[01m[Kfread[m[K’, declared with attribute warn_unused_result [[01;35m[K-Wunused-result[m[K]
[60.756s]              [01;35m[Kfread(bytes, 1, 3073, fp)[m[K;
[60.757s]              [01;35m[K^~~~~~~~~~~~~~~~~~~~~~~~~[m[K
[61.461s] [ 44%] [32mBuilding C object CMakeFiles/darknet_ros_lib.dir/home/jetson/ros2_ws/src/darknet_ros_yolov4/darknet_ros/darknet/src/demo.c.o[0m
[61.578s] [ 45%] [32mBuilding C object CMakeFiles/darknet_ros_lib.dir/home/jetson/ros2_ws/src/darknet_ros_yolov4/darknet_ros/darknet/src/detection_layer.c.o[0m
[61.663s] [01m[K/home/jetson/ros2_ws/src/darknet_ros_yolov4/darknet_ros/darknet/src/data.c:[m[K In function ‘[01m[Kfill_truth_detection[m[K’:
[61.664s] [01m[K/home/jetson/ros2_ws/src/darknet_ros_yolov4/darknet_ros/darknet/src/data.c:440:33:[m[K [01;35m[Kwarning: [m[K‘[01m[K%s[m[K’ directive writing up to 4095 bytes into a region of size 251 [[01;35m[K-Wformat-overflow=[m[K]
[61.665s]              sprintf(buff, "echo [01;35m[K%s[m[K \"Wrong annotation: w = %f\" >> bad_label.list", [32m[Klabelpath[m[K, w);
[61.666s]                                  [01;35m[K^~[m[K                                                  [32m[K~~~~~~~~~[m[K
[61.667s] [01m[K/home/jetson/ros2_ws/src/darknet_ros_yolov4/darknet_ros/darknet/src/data.c:440:27:[m[K [01;36m[Knote: [m[Kassuming directive output of 8 bytes
[61.669s]              sprintf(buff, [01;36m[K"echo %s \"Wrong annotation: w = %f\" >> bad_label.list"[m[K, labelpath, w);
[61.670s]                            [01;36m[K^~~~~~~~~~~~~~~~~~~~~~~~~~~~~~~~~~~~~~~~~~~~~~~~~~~~~~~~[m[K
[61.671s] In file included from [01m[K/usr/include/stdio.h:867[m[K,
[61.671s]                  from [01m[K/home/jetson/ros2_ws/src/darknet_ros_yolov4/darknet_ros/darknet/include/darknet.h:13[m[K,
[61.677s]                  from [01m[K/home/jetson/ros2_ws/src/darknet_ros_yolov4/darknet_ros/darknet/src/data.h:5[m[K,
[61.677s]                  from [01m[K/home/jetson/ros2_ws/src/darknet_ros_yolov4/darknet_ros/darknet/src/data.c:1[m[K:
[61.678s] [01m[K/usr/include/aarch64-linux-gnu/bits/stdio2.h:36:10:[m[K [01;36m[Knote: [m[K‘[01m[K__builtin___sprintf_chk[m[K’ output between 52 and 4461 bytes into a destination of size 256
[61.679s]    return [01;36m[K__builtin___sprintf_chk (__s, __USE_FORTIFY_LEVEL - 1,[m[K
[61.680s]           [01;36m[K^~~~~~~~~~~~~~~~~~~~~~~~~~~~~~~~~~~~~~~~~~~~~~~~~~~~~~[m[K
[61.681s]  [01;36m[K      __bos (__s), __fmt, __va_arg_pack ())[m[K;
[61.682s]        [01;36m[K~~~~~~~~~~~~~~~~~~~~~~~~~~~~~~~~~~~~~[m[K
[61.695s] [01m[K/home/jetson/ros2_ws/src/darknet_ros_yolov4/darknet_ros/darknet/src/data.c:447:33:[m[K [01;35m[Kwarning: [m[K‘[01m[K%s[m[K’ directive writing up to 4095 bytes into a region of size 251 [[01;35m[K-Wformat-overflow=[m[K]
[61.695s]              sprintf(buff, "echo [01;35m[K%s[m[K \"Wrong annotation: h = %f\" >> bad_label.list", [32m[Klabelpath[m[K, h);
[61.696s]                                  [01;35m[K^~[m[K                                                  [32m[K~~~~~~~~~[m[K
[61.696s] [01m[K/home/jetson/ros2_ws/src/darknet_ros_yolov4/darknet_ros/darknet/src/data.c:447:27:[m[K [01;36m[Knote: [m[Kassuming directive output of 8 bytes
[61.697s]              sprintf(buff, [01;36m[K"echo %s \"Wrong annotation: h = %f\" >> bad_label.list"[m[K, labelpath, h);
[61.697s]                            [01;36m[K^~~~~~~~~~~~~~~~~~~~~~~~~~~~~~~~~~~~~~~~~~~~~~~~~~~~~~~~[m[K
[61.698s] In file included from [01m[K/usr/include/stdio.h:867[m[K,
[61.698s]                  from [01m[K/home/jetson/ros2_ws/src/darknet_ros_yolov4/darknet_ros/darknet/include/darknet.h:13[m[K,
[61.699s]                  from [01m[K/home/jetson/ros2_ws/src/darknet_ros_yolov4/darknet_ros/darknet/src/data.h:5[m[K,
[61.699s]                  from [01m[K/home/jetson/ros2_ws/src/darknet_ros_yolov4/darknet_ros/darknet/src/data.c:1[m[K:
[61.699s] [01m[K/usr/include/aarch64-linux-gnu/bits/stdio2.h:36:10:[m[K [01;36m[Knote: [m[K‘[01m[K__builtin___sprintf_chk[m[K’ output between 52 and 4461 bytes into a destination of size 256
[61.700s]    return [01;36m[K__builtin___sprintf_chk (__s, __USE_FORTIFY_LEVEL - 1,[m[K
[61.701s]           [01;36m[K^~~~~~~~~~~~~~~~~~~~~~~~~~~~~~~~~~~~~~~~~~~~~~~~~~~~~~[m[K
[61.701s]  [01;36m[K      __bos (__s), __fmt, __va_arg_pack ())[m[K;
[61.702s]        [01;36m[K~~~~~~~~~~~~~~~~~~~~~~~~~~~~~~~~~~~~~[m[K
[61.702s] [01m[K/home/jetson/ros2_ws/src/darknet_ros_yolov4/darknet_ros/darknet/src/data.c:432:33:[m[K [01;35m[Kwarning: [m[K‘[01m[K%s[m[K’ directive writing up to 4095 bytes into a region of size 251 [[01;35m[K-Wformat-overflow=[m[K]
[61.703s]              sprintf(buff, "echo [01;35m[K%s[m[K \"Wrong annotation: x = %f, y = %f\" >> bad_label.list", [32m[Klabelpath[m[K, x, y);
[61.703s]                                  [01;35m[K^~[m[K                                                          [32m[K~~~~~~~~~[m[K
[61.703s] [01m[K/home/jetson/ros2_ws/src/darknet_ros_yolov4/darknet_ros/darknet/src/data.c:432:27:[m[K [01;36m[Knote: [m[Kassuming directive output of 8 bytes
[61.704s]              sprintf(buff, [01;36m[K"echo %s \"Wrong annotation: x = %f, y = %f\" >> bad_label.list"[m[K, labelpath, x, y);
[61.704s]                            [01;36m[K^~~~~~~~~~~~~~~~~~~~~~~~~~~~~~~~~~~~~~~~~~~~~~~~~~~~~~~~~~~~~~~~[m[K
[61.705s] [01m[K/home/jetson/ros2_ws/src/darknet_ros_yolov4/darknet_ros/darknet/src/data.c:432:27:[m[K [01;36m[Knote: [m[Kassuming directive output of 8 bytes
[61.705s] In file included from [01m[K/usr/include/stdio.h:867[m[K,
[61.706s]                  from [01m[K/home/jetson/ros2_ws/src/darknet_ros_yolov4/darknet_ros/darknet/include/darknet.h:13[m[K,
[61.706s]                  from [01m[K/home/jetson/ros2_ws/src/darknet_ros_yolov4/darknet_ros/darknet/src/data.h:5[m[K,
[61.706s]                  from [01m[K/home/jetson/ros2_ws/src/darknet_ros_yolov4/darknet_ros/darknet/src/data.c:1[m[K:
[61.707s] [01m[K/usr/include/aarch64-linux-gnu/bits/stdio2.h:36:10:[m[K [01;36m[Knote: [m[K‘[01m[K__builtin___sprintf_chk[m[K’ output between 61 and 4784 bytes into a destination of size 256
[61.707s]    return [01;36m[K__builtin___sprintf_chk (__s, __USE_FORTIFY_LEVEL - 1,[m[K
[61.708s]           [01;36m[K^~~~~~~~~~~~~~~~~~~~~~~~~~~~~~~~~~~~~~~~~~~~~~~~~~~~~~[m[K
[61.708s]  [01;36m[K      __bos (__s), __fmt, __va_arg_pack ())[m[K;
[61.719s]        [01;36m[K~~~~~~~~~~~~~~~~~~~~~~~~~~~~~~~~~~~~~[m[K
[61.719s] [01m[K/home/jetson/ros2_ws/src/darknet_ros_yolov4/darknet_ros/darknet/src/data.c:424:33:[m[K [01;35m[Kwarning: [m[K‘[01m[K%s[m[K’ directive writing up to 4095 bytes into a region of size 251 [[01;35m[K-Wformat-overflow=[m[K]
[61.720s]              sprintf(buff, "echo [01;35m[K%s[m[K \"Wrong annotation: x = 0 or y = 0\" >> bad_label.list", [32m[Klabelpath[m[K);
[61.720s]                                  [01;35m[K^~[m[K                                                          [32m[K~~~~~~~~~[m[K
[61.721s] In file included from [01m[K/usr/include/stdio.h:867[m[K,
[61.721s]                  from [01m[K/home/jetson/ros2_ws/src/darknet_ros_yolov4/darknet_ros/darknet/include/darknet.h:13[m[K,
[61.722s]                  from [01m[K/home/jetson/ros2_ws/src/darknet_ros_yolov4/darknet_ros/darknet/src/data.h:5[m[K,
[61.722s]                  from [01m[K/home/jetson/ros2_ws/src/darknet_ros_yolov4/darknet_ros/darknet/src/data.c:1[m[K:
[61.723s] [01m[K/usr/include/aarch64-linux-gnu/bits/stdio2.h:36:10:[m[K [01;36m[Knote: [m[K‘[01m[K__builtin___sprintf_chk[m[K’ output between 59 and 4154 bytes into a destination of size 256
[61.723s]    return [01;36m[K__builtin___sprintf_chk (__s, __USE_FORTIFY_LEVEL - 1,[m[K
[61.724s]           [01;36m[K^~~~~~~~~~~~~~~~~~~~~~~~~~~~~~~~~~~~~~~~~~~~~~~~~~~~~~[m[K
[61.724s]  [01;36m[K      __bos (__s), __fmt, __va_arg_pack ())[m[K;
[61.725s]        [01;36m[K~~~~~~~~~~~~~~~~~~~~~~~~~~~~~~~~~~~~~[m[K
[61.725s] [01m[K/home/jetson/ros2_ws/src/darknet_ros_yolov4/darknet_ros/darknet/src/data.c:410:33:[m[K [01;35m[Kwarning: [m[K‘[01m[K%s[m[K’ directive writing up to 4095 bytes into a region of size 251 [[01;35m[K-Wformat-overflow=[m[K]
[61.726s]              sprintf(buff, "echo [01;35m[K%s[m[K \"Wrong annotation: class_id = %d. But class_id should be [from 0 to %d]\" >> bad_label.list", [32m[Klabelpath[m[K, id, (classes-1));
[61.726s]                                  [01;35m[K^~[m[K                                                                                                [32m[K~~~~~~~~~[m[K
[61.727s] In file included from [01m[K/usr/include/stdio.h:867[m[K,
[61.727s]                  from [01m[K/home/jetson/ros2_ws/src/darknet_ros_yolov4/darknet_ros/darknet/include/darknet.h:13[m[K,
[61.727s]                  from [01m[K/home/jetson/ros2_ws/src/darknet_ros_yolov4/darknet_ros/darknet/src/data.h:5[m[K,
[61.728s]                  from [01m[K/home/jetson/ros2_ws/src/darknet_ros_yolov4/darknet_ros/darknet/src/data.c:1[m[K:
[61.741s] [01m[K/usr/include/aarch64-linux-gnu/bits/stdio2.h:36:10:[m[K [01;36m[Knote: [m[K‘[01m[K__builtin___sprintf_chk[m[K’ output between 95 and 4210 bytes into a destination of size 256
[61.742s]    return [01;36m[K__builtin___sprintf_chk (__s, __USE_FORTIFY_LEVEL - 1,[m[K
[61.743s]           [01;36m[K^~~~~~~~~~~~~~~~~~~~~~~~~~~~~~~~~~~~~~~~~~~~~~~~~~~~~~[m[K
[61.743s]  [01;36m[K      __bos (__s), __fmt, __va_arg_pack ())[m[K;
[61.744s]        [01;36m[K~~~~~~~~~~~~~~~~~~~~~~~~~~~~~~~~~~~~~[m[K
[62.616s] [ 46%] [32mBuilding C object CMakeFiles/darknet_ros_lib.dir/home/jetson/ros2_ws/src/darknet_ros_yolov4/darknet_ros/darknet/src/detector.c.o[0m
[62.916s] [01m[K/home/jetson/ros2_ws/src/darknet_ros_yolov4/darknet_ros/darknet/src/detector.c:[m[K In function ‘[01m[Kprint_cocos[m[K’:
[62.918s] [01m[K/home/jetson/ros2_ws/src/darknet_ros_yolov4/darknet_ros/darknet/src/detector.c:486:29:[m[K [01;35m[Kwarning: [m[Kformat not a string literal and no format arguments [[01;35m[K-Wformat-security[m[K]
[62.918s]                  fprintf(fp, [01;35m[Kbuff[m[K);
[62.919s]                              [01;35m[K^~~~[m[K
[62.970s] [ 47%] [32mBuilding C object CMakeFiles/darknet_ros_lib.dir/home/jetson/ros2_ws/src/darknet_ros_yolov4/darknet_ros/darknet/src/dice.c.o[0m
[62.993s] [01m[K/home/jetson/ros2_ws/src/darknet_ros_yolov4/darknet_ros/darknet/src/detector.c:[m[K In function ‘[01m[Kcalc_anchors[m[K’:
[62.994s] [01m[K/home/jetson/ros2_ws/src/darknet_ros_yolov4/darknet_ros/darknet/src/detector.c:1466:17:[m[K [01;35m[Kwarning: [m[Kignoring return value of ‘[01m[Ksystem[m[K’, declared with attribute warn_unused_result [[01;35m[K-Wunused-result[m[K]
[62.994s]                  [01;35m[Ksystem(buff)[m[K;
[62.995s]                  [01;35m[K^~~~~~~~~~~~[m[K
[63.601s] [ 48%] [32mBuilding C object CMakeFiles/darknet_ros_lib.dir/home/jetson/ros2_ws/src/darknet_ros_yolov4/darknet_ros/darknet/src/dropout_layer.c.o[0m
[64.143s] [ 50%] [32mBuilding C object CMakeFiles/darknet_ros_lib.dir/home/jetson/ros2_ws/src/darknet_ros_yolov4/darknet_ros/darknet/src/gaussian_yolo_layer.c.o[0m
[64.451s] [01m[K/home/jetson/ros2_ws/src/darknet_ros_yolov4/darknet_ros/darknet/src/gaussian_yolo_layer.c:[m[K In function ‘[01m[Kmake_gaussian_yolo_layer[m[K’:
[64.452s] [01m[K/home/jetson/ros2_ws/src/darknet_ros_yolov4/darknet_ros/darknet/src/gaussian_yolo_layer.c:72:38:[m[K [01;35m[Kwarning: [m[Kpassing argument 1 of ‘[01m[KcudaHostAlloc[m[K’ from incompatible pointer type [[01;35m[K-Wincompatible-pointer-types[m[K]
[64.452s]      if (cudaSuccess == cudaHostAlloc([01;35m[K&l.output[m[K, batch*l.outputs * sizeof(float), cudaHostRegisterMapped)) l.output_pinned = 1;
[64.453s]                                       [01;35m[K^~~~~~~~~[m[K
[64.454s] In file included from [01m[K/usr/local/cuda/include/cuda_runtime.h:96[m[K,
[64.455s]                  from [01m[K/home/jetson/ros2_ws/src/darknet_ros_yolov4/darknet_ros/darknet/include/darknet.h:41[m[K,
[64.456s]                  from [01m[K/home/jetson/ros2_ws/src/darknet_ros_yolov4/darknet_ros/darknet/src/gaussian_yolo_layer.h:5[m[K,
[64.457s]                  from [01m[K/home/jetson/ros2_ws/src/darknet_ros_yolov4/darknet_ros/darknet/src/gaussian_yolo_layer.c:7[m[K:
[64.458s] [01m[K/usr/local/cuda/include/cuda_runtime_api.h:4575:60:[m[K [01;36m[Knote: [m[Kexpected ‘[01m[Kvoid **[m[K’ but argument is of type ‘[01m[Kfloat **[m[K’
[64.459s]  extern __host__ cudaError_t CUDARTAPI cudaHostAlloc([01;36m[Kvoid **pHost[m[K, size_t size, unsigned int flags);
[64.459s]                                                      [01;36m[K~~~~~~~^~~~~[m[K
[64.461s] [01m[K/home/jetson/ros2_ws/src/darknet_ros_yolov4/darknet_ros/darknet/src/gaussian_yolo_layer.c:79:38:[m[K [01;35m[Kwarning: [m[Kpassing argument 1 of ‘[01m[KcudaHostAlloc[m[K’ from incompatible pointer type [[01;35m[K-Wincompatible-pointer-types[m[K]
[64.462s]      if (cudaSuccess == cudaHostAlloc([01;35m[K&l.delta[m[K, batch*l.outputs * sizeof(float), cudaHostRegisterMapped)) l.delta_pinned = 1;
[64.463s]                                       [01;35m[K^~~~~~~~[m[K
[64.464s] In file included from [01m[K/usr/local/cuda/include/cuda_runtime.h:96[m[K,
[64.467s]                  from [01m[K/home/jetson/ros2_ws/src/darknet_ros_yolov4/darknet_ros/darknet/include/darknet.h:41[m[K,
[64.468s]                  from [01m[K/home/jetson/ros2_ws/src/darknet_ros_yolov4/darknet_ros/darknet/src/gaussian_yolo_layer.h:5[m[K,
[64.468s]                  from [01m[K/home/jetson/ros2_ws/src/darknet_ros_yolov4/darknet_ros/darknet/src/gaussian_yolo_layer.c:7[m[K:
[64.469s] [01m[K/usr/local/cuda/include/cuda_runtime_api.h:4575:60:[m[K [01;36m[Knote: [m[Kexpected ‘[01m[Kvoid **[m[K’ but argument is of type ‘[01m[Kfloat **[m[K’
[64.469s]  extern __host__ cudaError_t CUDARTAPI cudaHostAlloc([01;36m[Kvoid **pHost[m[K, size_t size, unsigned int flags);
[64.470s]                                                      [01;36m[K~~~~~~~^~~~~[m[K
[64.483s] [01m[K/home/jetson/ros2_ws/src/darknet_ros_yolov4/darknet_ros/darknet/src/gaussian_yolo_layer.c:[m[K In function ‘[01m[Kresize_gaussian_yolo_layer[m[K’:
[64.484s] [01m[K/home/jetson/ros2_ws/src/darknet_ros_yolov4/darknet_ros/darknet/src/gaussian_yolo_layer.c:111:42:[m[K [01;35m[Kwarning: [m[Kpassing argument 1 of ‘[01m[KcudaHostAlloc[m[K’ from incompatible pointer type [[01;35m[K-Wincompatible-pointer-types[m[K]
[64.485s]          if (cudaSuccess != cudaHostAlloc([01;35m[K&l->output[m[K, l->batch*l->outputs * sizeof(float), cudaHostRegisterMapped)) {
[64.485s]                                           [01;35m[K^~~~~~~~~~[m[K
[64.486s] In file included from [01m[K/usr/local/cuda/include/cuda_runtime.h:96[m[K,
[64.486s]                  from [01m[K/home/jetson/ros2_ws/src/darknet_ros_yolov4/darknet_ros/darknet/include/darknet.h:41[m[K,
[64.487s]                  from [01m[K/home/jetson/ros2_ws/src/darknet_ros_yolov4/darknet_ros/darknet/src/gaussian_yolo_layer.h:5[m[K,
[64.487s]                  from [01m[K/home/jetson/ros2_ws/src/darknet_ros_yolov4/darknet_ros/darknet/src/gaussian_yolo_layer.c:7[m[K:
[64.488s] [01m[K/usr/local/cuda/include/cuda_runtime_api.h:4575:60:[m[K [01;36m[Knote: [m[Kexpected ‘[01m[Kvoid **[m[K’ but argument is of type ‘[01m[Kfloat **[m[K’
[64.488s]  extern __host__ cudaError_t CUDARTAPI cudaHostAlloc([01;36m[Kvoid **pHost[m[K, size_t size, unsigned int flags);
[64.489s]                                                      [01;36m[K~~~~~~~^~~~~[m[K
[64.489s] [01m[K/home/jetson/ros2_ws/src/darknet_ros_yolov4/darknet_ros/darknet/src/gaussian_yolo_layer.c:120:42:[m[K [01;35m[Kwarning: [m[Kpassing argument 1 of ‘[01m[KcudaHostAlloc[m[K’ from incompatible pointer type [[01;35m[K-Wincompatible-pointer-types[m[K]
[64.490s]          if (cudaSuccess != cudaHostAlloc([01;35m[K&l->delta[m[K, l->batch*l->outputs * sizeof(float), cudaHostRegisterMapped)) {
[64.490s]                                           [01;35m[K^~~~~~~~~[m[K
[64.491s] In file included from [01m[K/usr/local/cuda/include/cuda_runtime.h:96[m[K,
[64.495s]                  from [01m[K/home/jetson/ros2_ws/src/darknet_ros_yolov4/darknet_ros/darknet/include/darknet.h:41[m[K,
[64.496s]                  from [01m[K/home/jetson/ros2_ws/src/darknet_ros_yolov4/darknet_ros/darknet/src/gaussian_yolo_layer.h:5[m[K,
[64.498s]                  from [01m[K/home/jetson/ros2_ws/src/darknet_ros_yolov4/darknet_ros/darknet/src/gaussian_yolo_layer.c:7[m[K:
[64.498s] [01m[K/usr/local/cuda/include/cuda_runtime_api.h:4575:60:[m[K [01;36m[Knote: [m[Kexpected ‘[01m[Kvoid **[m[K’ but argument is of type ‘[01m[Kfloat **[m[K’
[64.499s]  extern __host__ cudaError_t CUDARTAPI cudaHostAlloc([01;36m[Kvoid **pHost[m[K, size_t size, unsigned int flags);
[64.499s]                                                      [01;36m[K~~~~~~~^~~~~[m[K
[67.460s] [ 51%] [32mBuilding C object CMakeFiles/darknet_ros_lib.dir/home/jetson/ros2_ws/src/darknet_ros_yolov4/darknet_ros/darknet/src/gemm.c.o[0m
[67.591s] [ 52%] [32mBuilding C object CMakeFiles/darknet_ros_lib.dir/home/jetson/ros2_ws/src/darknet_ros_yolov4/darknet_ros/darknet/src/getopt.c.o[0m
[67.692s] [ 53%] [32mBuilding C object CMakeFiles/darknet_ros_lib.dir/home/jetson/ros2_ws/src/darknet_ros_yolov4/darknet_ros/darknet/src/gettimeofday.c.o[0m
[67.797s] [ 54%] [32mBuilding C object CMakeFiles/darknet_ros_lib.dir/home/jetson/ros2_ws/src/darknet_ros_yolov4/darknet_ros/darknet/src/go.c.o[0m
[68.131s] [01m[K/home/jetson/ros2_ws/src/darknet_ros_yolov4/darknet_ros/darknet/src/go.c:[m[K In function ‘[01m[Kengine_go[m[K’:
[68.133s] [01m[K/home/jetson/ros2_ws/src/darknet_ros_yolov4/darknet_ros/darknet/src/go.c:452:9:[m[K [01;35m[Kwarning: [m[Kignoring return value of ‘[01m[Kscanf[m[K’, declared with attribute warn_unused_result [[01;35m[K-Wunused-result[m[K]
[68.133s]          [01;35m[Kscanf("%s", buff)[m[K;
[68.134s]          [01;35m[K^~~~~~~~~~~~~~~~~[m[K
[68.134s] [01m[K/home/jetson/ros2_ws/src/darknet_ros_yolov4/darknet_ros/darknet/src/go.c:466:13:[m[K [01;35m[Kwarning: [m[Kignoring return value of ‘[01m[Kscanf[m[K’, declared with attribute warn_unused_result [[01;35m[K-Wunused-result[m[K]
[68.135s]              [01;35m[Kscanf("%s", comm)[m[K;
[68.135s]              [01;35m[K^~~~~~~~~~~~~~~~~[m[K
[68.136s] [01m[K/home/jetson/ros2_ws/src/darknet_ros_yolov4/darknet_ros/darknet/src/go.c:487:13:[m[K [01;35m[Kwarning: [m[Kignoring return value of ‘[01m[Kscanf[m[K’, declared with attribute warn_unused_result [[01;35m[K-Wunused-result[m[K]
[68.137s]              [01;35m[Kscanf("%d", &boardsize)[m[K;
[68.137s]              [01;35m[K^~~~~~~~~~~~~~~~~~~~~~~[m[K
[68.138s] [01m[K/home/jetson/ros2_ws/src/darknet_ros_yolov4/darknet_ros/darknet/src/go.c:500:13:[m[K [01;35m[Kwarning: [m[Kignoring return value of ‘[01m[Kscanf[m[K’, declared with attribute warn_unused_result [[01;35m[K-Wunused-result[m[K]
[68.138s]              [01;35m[Kscanf("%f", &komi)[m[K;
[68.139s]              [01;35m[K^~~~~~~~~~~~~~~~~~[m[K
[68.139s] [01m[K/home/jetson/ros2_ws/src/darknet_ros_yolov4/darknet_ros/darknet/src/go.c:504:13:[m[K [01;35m[Kwarning: [m[Kignoring return value of ‘[01m[Kscanf[m[K’, declared with attribute warn_unused_result [[01;35m[K-Wunused-result[m[K]
[68.140s]              [01;35m[Kscanf("%s ", color)[m[K;
[68.140s]              [01;35m[K^~~~~~~~~~~~~~~~~~~[m[K
[68.141s] [01m[K/home/jetson/ros2_ws/src/darknet_ros_yolov4/darknet_ros/darknet/src/go.c:536:13:[m[K [01;35m[Kwarning: [m[Kignoring return value of ‘[01m[Kscanf[m[K’, declared with attribute warn_unused_result [[01;35m[K-Wunused-result[m[K]
[68.141s]              [01;35m[Kscanf("%s", color)[m[K;
[68.142s]              [01;35m[K^~~~~~~~~~~~~~~~~~[m[K
[68.142s] [01m[K/home/jetson/ros2_ws/src/darknet_ros_yolov4/darknet_ros/darknet/src/go.c:563:13:[m[K [01;35m[Kwarning: [m[Kignoring return value of ‘[01m[Kscanf[m[K’, declared with attribute warn_unused_result [[01;35m[K-Wunused-result[m[K]
[68.143s]              [01;35m[Kscanf("%s", type)[m[K;
[68.143s]              [01;35m[K^~~~~~~~~~~~~~~~~[m[K
[70.336s] [ 55%] [32mBuilding C object CMakeFiles/darknet_ros_lib.dir/home/jetson/ros2_ws/src/darknet_ros_yolov4/darknet_ros/darknet/src/gru_layer.c.o[0m
[70.637s] [ 56%] [32mBuilding CXX object CMakeFiles/darknet_ros_lib.dir/home/jetson/ros2_ws/src/darknet_ros_yolov4/darknet_ros/darknet/src/http_stream.cpp.o[0m
[70.968s] [ 57%] [32mBuilding C object CMakeFiles/darknet_ros_lib.dir/home/jetson/ros2_ws/src/darknet_ros_yolov4/darknet_ros/darknet/src/im2col.c.o[0m
[71.483s] [ 59%] [32mBuilding C object CMakeFiles/darknet_ros_lib.dir/home/jetson/ros2_ws/src/darknet_ros_yolov4/darknet_ros/darknet/src/image.c.o[0m
[72.145s] [ 60%] [32mBuilding CXX object CMakeFiles/darknet_ros_lib.dir/home/jetson/ros2_ws/src/darknet_ros_yolov4/darknet_ros/darknet/src/image_opencv.cpp.o[0m
[81.007s] [01m[K/home/jetson/ros2_ws/src/darknet_ros_yolov4/darknet_ros/darknet/src/http_stream.cpp:[m[K In member function ‘[01m[Kbool MJPG_sender::write(const cv::Mat&)[m[K’:
[81.009s] [01m[K/home/jetson/ros2_ws/src/darknet_ros_yolov4/darknet_ros/darknet/src/http_stream.cpp:511:31:[m[K [01;35m[Kwarning: [m[Kformat ‘[01m[K%zu[m[K’ expects argument of type ‘[01m[Ksize_t[m[K’, but argument 3 has type ‘[01m[Kint[m[K’ [[01;35m[K-Wformat=[m[K]
[81.010s]                  sprintf(head, [01;35m[K"--mjpegstream\r\nContent-Type: image/jpeg\r\nContent-Length: %zu\r\n\r\n"[m[K, [32m[Koutlen[m[K);
[81.010s]                                [01;35m[K^~~~~~~~~~~~~~~~~~~~~~~~~~~~~~~~~~~~~~~~~~~~~~~~~~~~~~~~~~~~~~~~~~~~~~~~~~[m[K  [32m[K~~~~~~[m[K
[96.339s] [ 61%] [32mBuilding C object CMakeFiles/darknet_ros_lib.dir/home/jetson/ros2_ws/src/darknet_ros_yolov4/darknet_ros/darknet/src/layer.c.o[0m
[100.725s] [ 62%] [32mBuilding C object CMakeFiles/darknet_ros_lib.dir/home/jetson/ros2_ws/src/darknet_ros_yolov4/darknet_ros/darknet/src/list.c.o[0m
[101.185s] [ 63%] [32mBuilding C object CMakeFiles/darknet_ros_lib.dir/home/jetson/ros2_ws/src/darknet_ros_yolov4/darknet_ros/darknet/src/local_layer.c.o[0m
[102.057s] [ 64%] [32mBuilding C object CMakeFiles/darknet_ros_lib.dir/home/jetson/ros2_ws/src/darknet_ros_yolov4/darknet_ros/darknet/src/lstm_layer.c.o[0m
[102.277s] [ 65%] [32mBuilding C object CMakeFiles/darknet_ros_lib.dir/home/jetson/ros2_ws/src/darknet_ros_yolov4/darknet_ros/darknet/src/matrix.c.o[0m
[103.722s] [ 67%] [32mBuilding C object CMakeFiles/darknet_ros_lib.dir/home/jetson/ros2_ws/src/darknet_ros_yolov4/darknet_ros/darknet/src/maxpool_layer.c.o[0m
[105.108s] [ 68%] [32mBuilding C object CMakeFiles/darknet_ros_lib.dir/home/jetson/ros2_ws/src/darknet_ros_yolov4/darknet_ros/darknet/src/network.c.o[0m
[105.448s] [01m[K/home/jetson/ros2_ws/src/darknet_ros_yolov4/darknet_ros/darknet/src/network.c:[m[K In function ‘[01m[Kresize_network[m[K’:
[105.449s] [01m[K/home/jetson/ros2_ws/src/darknet_ros_yolov4/darknet_ros/darknet/src/network.c:659:42:[m[K [01;35m[Kwarning: [m[Kpassing argument 1 of ‘[01m[KcudaHostAlloc[m[K’ from incompatible pointer type [[01;35m[K-Wincompatible-pointer-types[m[K]
[105.449s]          if (cudaSuccess == cudaHostAlloc([01;35m[K&net->input_pinned_cpu[m[K, size * sizeof(float), cudaHostRegisterMapped))
[105.450s]                                           [01;35m[K^~~~~~~~~~~~~~~~~~~~~~[m[K
[105.450s] In file included from [01m[K/usr/local/cuda/include/cuda_runtime.h:96[m[K,
[105.450s]                  from [01m[K/home/jetson/ros2_ws/src/darknet_ros_yolov4/darknet_ros/darknet/include/darknet.h:41[m[K,
[105.451s]                  from [01m[K/home/jetson/ros2_ws/src/darknet_ros_yolov4/darknet_ros/darknet/src/network.c:1[m[K:
[105.451s] [01m[K/usr/local/cuda/include/cuda_runtime_api.h:4575:60:[m[K [01;36m[Knote: [m[Kexpected ‘[01m[Kvoid **[m[K’ but argument is of type ‘[01m[Kfloat **[m[K’
[105.451s]  extern __host__ cudaError_t CUDARTAPI cudaHostAlloc([01;36m[Kvoid **pHost[m[K, size_t size, unsigned int flags);
[105.452s]                                                      [01;36m[K~~~~~~~^~~~~[m[K
[105.628s] [ 69%] [32mBuilding C object CMakeFiles/darknet_ros_lib.dir/home/jetson/ros2_ws/src/darknet_ros_yolov4/darknet_ros/darknet/src/nightmare.c.o[0m
[106.917s] [ 70%] [32mBuilding C object CMakeFiles/darknet_ros_lib.dir/home/jetson/ros2_ws/src/darknet_ros_yolov4/darknet_ros/darknet/src/normalization_layer.c.o[0m
[128.174s] [ 71%] [32mBuilding C object CMakeFiles/darknet_ros_lib.dir/home/jetson/ros2_ws/src/darknet_ros_yolov4/darknet_ros/darknet/src/region_layer.c.o[0m
[129.215s] [ 72%] [32mBuilding C object CMakeFiles/darknet_ros_lib.dir/home/jetson/ros2_ws/src/darknet_ros_yolov4/darknet_ros/darknet/src/parser.c.o[0m
[129.525s] [01m[K/home/jetson/ros2_ws/src/darknet_ros_yolov4/darknet_ros/darknet/src/parser.c:[m[K In function ‘[01m[Kparse_network_cfg_custom[m[K’:
[129.526s] [01m[K/home/jetson/ros2_ws/src/darknet_ros_yolov4/darknet_ros/darknet/src/parser.c:1689:42:[m[K [01;35m[Kwarning: [m[Kpassing argument 1 of ‘[01m[KcudaHostAlloc[m[K’ from incompatible pointer type [[01;35m[K-Wincompatible-pointer-types[m[K]
[129.526s]          if (cudaSuccess == cudaHostAlloc([01;35m[K&net.input_pinned_cpu[m[K, size * sizeof(float), cudaHostRegisterMapped)) net.input_pinned_cpu_flag = 1;
[129.527s]                                           [01;35m[K^~~~~~~~~~~~~~~~~~~~~[m[K
[129.528s] In file included from [01m[K/usr/local/cuda/include/cuda_runtime.h:96[m[K,
[129.528s]                  from [01m[K/home/jetson/ros2_ws/src/darknet_ros_yolov4/darknet_ros/darknet/include/darknet.h:41[m[K,
[129.529s]                  from [01m[K/home/jetson/ros2_ws/src/darknet_ros_yolov4/darknet_ros/darknet/src/activations.h:3[m[K,
[129.529s]                  from [01m[K/home/jetson/ros2_ws/src/darknet_ros_yolov4/darknet_ros/darknet/src/activation_layer.h:4[m[K,
[129.530s]                  from [01m[K/home/jetson/ros2_ws/src/darknet_ros_yolov4/darknet_ros/darknet/src/parser.c:6[m[K:
[129.530s] [01m[K/usr/local/cuda/include/cuda_runtime_api.h:4575:60:[m[K [01;36m[Knote: [m[Kexpected ‘[01m[Kvoid **[m[K’ but argument is of type ‘[01m[Kfloat **[m[K’
[129.531s]  extern __host__ cudaError_t CUDARTAPI cudaHostAlloc([01;36m[Kvoid **pHost[m[K, size_t size, unsigned int flags);
[129.531s]                                                      [01;36m[K~~~~~~~^~~~~[m[K
[129.580s] [01m[K/home/jetson/ros2_ws/src/darknet_ros_yolov4/darknet_ros/darknet/src/parser.c:[m[K In function ‘[01m[Kload_connected_weights[m[K’:
[129.581s] [01m[K/home/jetson/ros2_ws/src/darknet_ros_yolov4/darknet_ros/darknet/src/parser.c:2002:5:[m[K [01;35m[Kwarning: [m[Kignoring return value of ‘[01m[Kfread[m[K’, declared with attribute warn_unused_result [[01;35m[K-Wunused-result[m[K]
[129.581s]      [01;35m[Kfread(l.biases, sizeof(float), l.outputs, fp)[m[K;
[129.582s]      [01;35m[K^~~~~~~~~~~~~~~~~~~~~~~~~~~~~~~~~~~~~~~~~~~~~[m[K
[129.584s] [01m[K/home/jetson/ros2_ws/src/darknet_ros_yolov4/darknet_ros/darknet/src/parser.c:2003:5:[m[K [01;35m[Kwarning: [m[Kignoring return value of ‘[01m[Kfread[m[K’, declared with attribute warn_unused_result [[01;35m[K-Wunused-result[m[K]
[129.585s]      [01;35m[Kfread(l.weights, sizeof(float), l.outputs*l.inputs, fp)[m[K;
[129.585s]      [01;35m[K^~~~~~~~~~~~~~~~~~~~~~~~~~~~~~~~~~~~~~~~~~~~~~~~~~~~~~~[m[K
[129.586s] [01m[K/home/jetson/ros2_ws/src/darknet_ros_yolov4/darknet_ros/darknet/src/parser.c:2010:9:[m[K [01;35m[Kwarning: [m[Kignoring return value of ‘[01m[Kfread[m[K’, declared with attribute warn_unused_result [[01;35m[K-Wunused-result[m[K]
[129.586s]          [01;35m[Kfread(l.scales, sizeof(float), l.outputs, fp)[m[K;
[129.587s]          [01;35m[K^~~~~~~~~~~~~~~~~~~~~~~~~~~~~~~~~~~~~~~~~~~~~[m[K
[129.587s] [01m[K/home/jetson/ros2_ws/src/darknet_ros_yolov4/darknet_ros/darknet/src/parser.c:2011:9:[m[K [01;35m[Kwarning: [m[Kignoring return value of ‘[01m[Kfread[m[K’, declared with attribute warn_unused_result [[01;35m[K-Wunused-result[m[K]
[129.588s]          [01;35m[Kfread(l.rolling_mean, sizeof(float), l.outputs, fp)[m[K;
[129.588s]          [01;35m[K^~~~~~~~~~~~~~~~~~~~~~~~~~~~~~~~~~~~~~~~~~~~~~~~~~~[m[K
[129.593s] [01m[K/home/jetson/ros2_ws/src/darknet_ros_yolov4/darknet_ros/darknet/src/parser.c:2012:9:[m[K [01;35m[Kwarning: [m[Kignoring return value of ‘[01m[Kfread[m[K’, declared with attribute warn_unused_result [[01;35m[K-Wunused-result[m[K]
[129.594s]          [01;35m[Kfread(l.rolling_variance, sizeof(float), l.outputs, fp)[m[K;
[129.594s]          [01;35m[K^~~~~~~~~~~~~~~~~~~~~~~~~~~~~~~~~~~~~~~~~~~~~~~~~~~~~~~[m[K
[129.595s] [01m[K/home/jetson/ros2_ws/src/darknet_ros_yolov4/darknet_ros/darknet/src/parser.c:[m[K In function ‘[01m[Kload_batchnorm_weights[m[K’:
[129.595s] [01m[K/home/jetson/ros2_ws/src/darknet_ros_yolov4/darknet_ros/darknet/src/parser.c:2026:5:[m[K [01;35m[Kwarning: [m[Kignoring return value of ‘[01m[Kfread[m[K’, declared with attribute warn_unused_result [[01;35m[K-Wunused-result[m[K]
[129.595s]      [01;35m[Kfread(l.biases, sizeof(float), l.c, fp)[m[K;
[129.596s]      [01;35m[K^~~~~~~~~~~~~~~~~~~~~~~~~~~~~~~~~~~~~~~[m[K
[129.596s] [01m[K/home/jetson/ros2_ws/src/darknet_ros_yolov4/darknet_ros/darknet/src/parser.c:2027:5:[m[K [01;35m[Kwarning: [m[Kignoring return value of ‘[01m[Kfread[m[K’, declared with attribute warn_unused_result [[01;35m[K-Wunused-result[m[K]
[129.597s]      [01;35m[Kfread(l.scales, sizeof(float), l.c, fp)[m[K;
[129.597s]      [01;35m[K^~~~~~~~~~~~~~~~~~~~~~~~~~~~~~~~~~~~~~~[m[K
[129.598s] [01m[K/home/jetson/ros2_ws/src/darknet_ros_yolov4/darknet_ros/darknet/src/parser.c:2028:5:[m[K [01;35m[Kwarning: [m[Kignoring return value of ‘[01m[Kfread[m[K’, declared with attribute warn_unused_result [[01;35m[K-Wunused-result[m[K]
[129.598s]      [01;35m[Kfread(l.rolling_mean, sizeof(float), l.c, fp)[m[K;
[129.599s]      [01;35m[K^~~~~~~~~~~~~~~~~~~~~~~~~~~~~~~~~~~~~~~~~~~~~[m[K
[129.599s] [01m[K/home/jetson/ros2_ws/src/darknet_ros_yolov4/darknet_ros/darknet/src/parser.c:2029:5:[m[K [01;35m[Kwarning: [m[Kignoring return value of ‘[01m[Kfread[m[K’, declared with attribute warn_unused_result [[01;35m[K-Wunused-result[m[K]
[129.600s]      [01;35m[Kfread(l.rolling_variance, sizeof(float), l.c, fp)[m[K;
[129.600s]      [01;35m[K^~~~~~~~~~~~~~~~~~~~~~~~~~~~~~~~~~~~~~~~~~~~~~~~~[m[K
[129.600s] [01m[K/home/jetson/ros2_ws/src/darknet_ros_yolov4/darknet_ros/darknet/src/parser.c:[m[K In function ‘[01m[Kload_convolutional_weights_binary[m[K’:
[129.601s] [01m[K/home/jetson/ros2_ws/src/darknet_ros_yolov4/darknet_ros/darknet/src/parser.c:2039:5:[m[K [01;35m[Kwarning: [m[Kignoring return value of ‘[01m[Kfread[m[K’, declared with attribute warn_unused_result [[01;35m[K-Wunused-result[m[K]
[129.601s]      [01;35m[Kfread(l.biases, sizeof(float), l.n, fp)[m[K;
[129.602s]      [01;35m[K^~~~~~~~~~~~~~~~~~~~~~~~~~~~~~~~~~~~~~~[m[K
[129.602s] [01m[K/home/jetson/ros2_ws/src/darknet_ros_yolov4/darknet_ros/darknet/src/parser.c:2041:9:[m[K [01;35m[Kwarning: [m[Kignoring return value of ‘[01m[Kfread[m[K’, declared with attribute warn_unused_result [[01;35m[K-Wunused-result[m[K]
[129.603s]          [01;35m[Kfread(l.scales, sizeof(float), l.n, fp)[m[K;
[129.603s]          [01;35m[K^~~~~~~~~~~~~~~~~~~~~~~~~~~~~~~~~~~~~~~[m[K
[129.604s] [01m[K/home/jetson/ros2_ws/src/darknet_ros_yolov4/darknet_ros/darknet/src/parser.c:2042:9:[m[K [01;35m[Kwarning: [m[Kignoring return value of ‘[01m[Kfread[m[K’, declared with attribute warn_unused_result [[01;35m[K-Wunused-result[m[K]
[129.604s]          [01;35m[Kfread(l.rolling_mean, sizeof(float), l.n, fp)[m[K;
[129.604s]          [01;35m[K^~~~~~~~~~~~~~~~~~~~~~~~~~~~~~~~~~~~~~~~~~~~~[m[K
[129.605s] [01m[K/home/jetson/ros2_ws/src/darknet_ros_yolov4/darknet_ros/darknet/src/parser.c:2043:9:[m[K [01;35m[Kwarning: [m[Kignoring return value of ‘[01m[Kfread[m[K’, declared with attribute warn_unused_result [[01;35m[K-Wunused-result[m[K]
[129.605s]          [01;35m[Kfread(l.rolling_variance, sizeof(float), l.n, fp)[m[K;
[129.606s]          [01;35m[K^~~~~~~~~~~~~~~~~~~~~~~~~~~~~~~~~~~~~~~~~~~~~~~~~[m[K
[129.606s] [01m[K/home/jetson/ros2_ws/src/darknet_ros_yolov4/darknet_ros/darknet/src/parser.c:2049:9:[m[K [01;35m[Kwarning: [m[Kignoring return value of ‘[01m[Kfread[m[K’, declared with attribute warn_unused_result [[01;35m[K-Wunused-result[m[K]
[129.607s]          [01;35m[Kfread(&mean, sizeof(float), 1, fp)[m[K;
[129.607s]          [01;35m[K^~~~~~~~~~~~~~~~~~~~~~~~~~~~~~~~~~[m[K
[129.608s] [01m[K/home/jetson/ros2_ws/src/darknet_ros_yolov4/darknet_ros/darknet/src/parser.c:2053:13:[m[K [01;35m[Kwarning: [m[Kignoring return value of ‘[01m[Kfread[m[K’, declared with attribute warn_unused_result [[01;35m[K-Wunused-result[m[K]
[129.609s]              [01;35m[Kfread(&c, sizeof(char), 1, fp)[m[K;
[129.609s]              [01;35m[K^~~~~~~~~~~~~~~~~~~~~~~~~~~~~~[m[K
[129.610s] [01m[K/home/jetson/ros2_ws/src/darknet_ros_yolov4/darknet_ros/darknet/src/parser.c:[m[K In function ‘[01m[Kload_weights_upto[m[K’:
[129.610s] [01m[K/home/jetson/ros2_ws/src/darknet_ros_yolov4/darknet_ros/darknet/src/parser.c:2149:5:[m[K [01;35m[Kwarning: [m[Kignoring return value of ‘[01m[Kfread[m[K’, declared with attribute warn_unused_result [[01;35m[K-Wunused-result[m[K]
[129.611s]      [01;35m[Kfread(&major, sizeof(int), 1, fp)[m[K;
[129.611s]      [01;35m[K^~~~~~~~~~~~~~~~~~~~~~~~~~~~~~~~~[m[K
[129.612s] [01m[K/home/jetson/ros2_ws/src/darknet_ros_yolov4/darknet_ros/darknet/src/parser.c:2150:5:[m[K [01;35m[Kwarning: [m[Kignoring return value of ‘[01m[Kfread[m[K’, declared with attribute warn_unused_result [[01;35m[K-Wunused-result[m[K]
[129.612s]      [01;35m[Kfread(&minor, sizeof(int), 1, fp)[m[K;
[129.612s]      [01;35m[K^~~~~~~~~~~~~~~~~~~~~~~~~~~~~~~~~[m[K
[129.613s] [01m[K/home/jetson/ros2_ws/src/darknet_ros_yolov4/darknet_ros/darknet/src/parser.c:2151:5:[m[K [01;35m[Kwarning: [m[Kignoring return value of ‘[01m[Kfread[m[K’, declared with attribute warn_unused_result [[01;35m[K-Wunused-result[m[K]
[129.613s]      [01;35m[Kfread(&revision, sizeof(int), 1, fp)[m[K;
[129.614s]      [01;35m[K^~~~~~~~~~~~~~~~~~~~~~~~~~~~~~~~~~~~[m[K
[129.614s] [01m[K/home/jetson/ros2_ws/src/darknet_ros_yolov4/darknet_ros/darknet/src/parser.c:2155:9:[m[K [01;35m[Kwarning: [m[Kignoring return value of ‘[01m[Kfread[m[K’, declared with attribute warn_unused_result [[01;35m[K-Wunused-result[m[K]
[129.615s]          [01;35m[Kfread(&iseen, sizeof(uint64_t), 1, fp)[m[K;
[129.615s]          [01;35m[K^~~~~~~~~~~~~~~~~~~~~~~~~~~~~~~~~~~~~~[m[K
[129.616s] [01m[K/home/jetson/ros2_ws/src/darknet_ros_yolov4/darknet_ros/darknet/src/parser.c:2161:9:[m[K [01;35m[Kwarning: [m[Kignoring return value of ‘[01m[Kfread[m[K’, declared with attribute warn_unused_result [[01;35m[K-Wunused-result[m[K]
[129.616s]          [01;35m[Kfread(&iseen, sizeof(uint32_t), 1, fp)[m[K;
[129.617s]          [01;35m[K^~~~~~~~~~~~~~~~~~~~~~~~~~~~~~~~~~~~~~[m[K
[129.617s] [01m[K/home/jetson/ros2_ws/src/darknet_ros_yolov4/darknet_ros/darknet/src/parser.c:2232:13:[m[K [01;35m[Kwarning: [m[Kignoring return value of ‘[01m[Kfread[m[K’, declared with attribute warn_unused_result [[01;35m[K-Wunused-result[m[K]
[129.617s]              [01;35m[Kfread(l.biases, sizeof(float), l.outputs, fp)[m[K;
[129.618s]              [01;35m[K^~~~~~~~~~~~~~~~~~~~~~~~~~~~~~~~~~~~~~~~~~~~~[m[K
[129.618s] [01m[K/home/jetson/ros2_ws/src/darknet_ros_yolov4/darknet_ros/darknet/src/parser.c:2233:13:[m[K [01;35m[Kwarning: [m[Kignoring return value of ‘[01m[Kfread[m[K’, declared with attribute warn_unused_result [[01;35m[K-Wunused-result[m[K]
[129.619s]              [01;35m[Kfread(l.weights, sizeof(float), size, fp)[m[K;
[129.619s]              [01;35m[K^~~~~~~~~~~~~~~~~~~~~~~~~~~~~~~~~~~~~~~~~[m[K
[130.255s] [ 73%] [32mBuilding C object CMakeFiles/darknet_ros_lib.dir/home/jetson/ros2_ws/src/darknet_ros_yolov4/darknet_ros/darknet/src/option_list.c.o[0m
[131.082s] [ 75%] [32mBuilding C object CMakeFiles/darknet_ros_lib.dir/home/jetson/ros2_ws/src/darknet_ros_yolov4/darknet_ros/darknet/src/reorg_layer.c.o[0m
[131.117s] [ 76%] [32mBuilding C object CMakeFiles/darknet_ros_lib.dir/home/jetson/ros2_ws/src/darknet_ros_yolov4/darknet_ros/darknet/src/reorg_old_layer.c.o[0m
[131.566s] [ 77%] [32mBuilding C object CMakeFiles/darknet_ros_lib.dir/home/jetson/ros2_ws/src/darknet_ros_yolov4/darknet_ros/darknet/src/rnn.c.o[0m
[131.618s] [ 78%] [32mBuilding C object CMakeFiles/darknet_ros_lib.dir/home/jetson/ros2_ws/src/darknet_ros_yolov4/darknet_ros/darknet/src/rnn_layer.c.o[0m
[131.858s] [01m[K/home/jetson/ros2_ws/src/darknet_ros_yolov4/darknet_ros/darknet/src/rnn.c:[m[K In function ‘[01m[Ktrain_char_rnn[m[K’:
[131.859s] [01m[K/home/jetson/ros2_ws/src/darknet_ros_yolov4/darknet_ros/darknet/src/rnn.c:141:9:[m[K [01;35m[Kwarning: [m[Kignoring return value of ‘[01m[Kfread[m[K’, declared with attribute warn_unused_result [[01;35m[K-Wunused-result[m[K]
[131.859s]          [01;35m[Kfread(text, 1, size, fp)[m[K;
[131.860s]          [01;35m[K^~~~~~~~~~~~~~~~~~~~~~~~[m[K
[132.935s] [ 79%] [32mBuilding C object CMakeFiles/darknet_ros_lib.dir/home/jetson/ros2_ws/src/darknet_ros_yolov4/darknet_ros/darknet/src/rnn_vid.c.o[0m
[132.943s] [ 80%] [32mBuilding C object CMakeFiles/darknet_ros_lib.dir/home/jetson/ros2_ws/src/darknet_ros_yolov4/darknet_ros/darknet/src/route_layer.c.o[0m
[133.608s] [ 81%] [32mBuilding C object CMakeFiles/darknet_ros_lib.dir/home/jetson/ros2_ws/src/darknet_ros_yolov4/darknet_ros/darknet/src/sam_layer.c.o[0m
[133.802s] [ 82%] [32mBuilding C object CMakeFiles/darknet_ros_lib.dir/home/jetson/ros2_ws/src/darknet_ros_yolov4/darknet_ros/darknet/src/scale_channels_layer.c.o[0m
[134.312s] [ 84%] [32mBuilding C object CMakeFiles/darknet_ros_lib.dir/home/jetson/ros2_ws/src/darknet_ros_yolov4/darknet_ros/darknet/src/shortcut_layer.c.o[0m
[134.564s] [ 85%] [32mBuilding C object CMakeFiles/darknet_ros_lib.dir/home/jetson/ros2_ws/src/darknet_ros_yolov4/darknet_ros/darknet/src/softmax_layer.c.o[0m
[134.865s] [01m[K/home/jetson/ros2_ws/src/darknet_ros_yolov4/darknet_ros/darknet/src/softmax_layer.c:[m[K In function ‘[01m[Kmake_contrastive_layer[m[K’:
[134.866s] [01m[K/home/jetson/ros2_ws/src/darknet_ros_yolov4/darknet_ros/darknet/src/softmax_layer.c:203:101:[m[K [01;35m[Kwarning: [m[Kformat ‘[01m[K%d[m[K’ expects argument of type ‘[01m[Kint[m[K’, but argument 9 has type ‘[01m[Ksize_t[m[K’ {aka ‘[01m[Kconst long unsigned int[m[K’} [[01;35m[K-Wformat=[m[K]
[134.866s]   %4d x%4d x%4d x emb_size %4d x batch: %4d  classes = %4d, step = [01;35m[K%4d[m[K \n", w, h, l.n, l.embedding_size, batch, l.classes, [32m[Kstep[m[K);
[134.867s]                                                                    [01;35m[K~~^[m[K                                                     [32m[K~~~~[m[K
[134.868s]                                                                    [32m[K%4ld[m[K
[134.886s] [01m[K/home/jetson/ros2_ws/src/darknet_ros_yolov4/darknet_ros/darknet/src/softmax_layer.c:[m[K In function ‘[01m[Kforward_contrastive_layer[m[K’:
[134.887s] [01m[K/home/jetson/ros2_ws/src/darknet_ros_yolov4/darknet_ros/darknet/src/softmax_layer.c:423:71:[m[K [01;35m[Kwarning: [m[Kformat ‘[01m[K%d[m[K’ expects argument of type ‘[01m[Kint[m[K’, but argument 2 has type ‘[01m[Ksize_t[m[K’ {aka ‘[01m[Kconst long unsigned int[m[K’} [[01;35m[K-Wformat=[m[K]
[134.888s]            printf(" Error: too large number of bboxes: contr_size = [01;35m[K%d[m[K > max_contr_size  = %d \n", [32m[Kcontr_size[m[K, max_contr_size);
[134.888s]                                                                     [01;35m[K~^[m[K                             [32m[K~~~~~~~~~~[m[K
[134.889s]                                                                     [32m[K%ld[m[K
[134.938s] [ 86%] [32mBuilding C object CMakeFiles/darknet_ros_lib.dir/home/jetson/ros2_ws/src/darknet_ros_yolov4/darknet_ros/darknet/src/super.c.o[0m
[135.243s] [ 87%] [32mBuilding C object CMakeFiles/darknet_ros_lib.dir/home/jetson/ros2_ws/src/darknet_ros_yolov4/darknet_ros/darknet/src/swag.c.o[0m
[135.545s] [ 88%] [32mBuilding C object CMakeFiles/darknet_ros_lib.dir/home/jetson/ros2_ws/src/darknet_ros_yolov4/darknet_ros/darknet/src/tag.c.o[0m
[135.770s] [ 89%] [32mBuilding C object CMakeFiles/darknet_ros_lib.dir/home/jetson/ros2_ws/src/darknet_ros_yolov4/darknet_ros/darknet/src/tree.c.o[0m
[135.844s] [ 90%] [32mBuilding C object CMakeFiles/darknet_ros_lib.dir/home/jetson/ros2_ws/src/darknet_ros_yolov4/darknet_ros/darknet/src/upsample_layer.c.o[0m
[136.230s] [ 92%] [32mBuilding C object CMakeFiles/darknet_ros_lib.dir/home/jetson/ros2_ws/src/darknet_ros_yolov4/darknet_ros/darknet/src/utils.c.o[0m
[136.327s] [ 93%] [32mBuilding C object CMakeFiles/darknet_ros_lib.dir/home/jetson/ros2_ws/src/darknet_ros_yolov4/darknet_ros/darknet/src/voxel.c.o[0m
[136.358s] [ 94%] [32mBuilding C object CMakeFiles/darknet_ros_lib.dir/home/jetson/ros2_ws/src/darknet_ros_yolov4/darknet_ros/darknet/src/writing.c.o[0m
[136.385s] [ 95%] [32mBuilding C object CMakeFiles/darknet_ros_lib.dir/home/jetson/ros2_ws/src/darknet_ros_yolov4/darknet_ros/darknet/src/yolo.c.o[0m
[136.621s] [01m[K/home/jetson/ros2_ws/src/darknet_ros_yolov4/darknet_ros/darknet/src/utils.c:[m[K In function ‘[01m[Kfgetl[m[K’:
[136.622s] [01m[K/home/jetson/ros2_ws/src/darknet_ros_yolov4/darknet_ros/darknet/src/utils.c:440:9:[m[K [01;35m[Kwarning: [m[Kignoring return value of ‘[01m[Kfgets[m[K’, declared with attribute warn_unused_result [[01;35m[K-Wunused-result[m[K]
[136.625s]          [01;35m[Kfgets(&line[curr], readsize, fp)[m[K;
[136.636s]          [01;35m[K^~~~~~~~~~~~~~~~~~~~~~~~~~~~~~~~[m[K
[137.042s] [ 96%] [32mBuilding C object CMakeFiles/darknet_ros_lib.dir/home/jetson/ros2_ws/src/darknet_ros_yolov4/darknet_ros/darknet/src/yolo_layer.c.o[0m
[137.347s] [01m[K/home/jetson/ros2_ws/src/darknet_ros_yolov4/darknet_ros/darknet/src/yolo_layer.c:[m[K In function ‘[01m[Kmake_yolo_layer[m[K’:
[137.348s] [01m[K/home/jetson/ros2_ws/src/darknet_ros_yolov4/darknet_ros/darknet/src/yolo_layer.c:68:38:[m[K [01;35m[Kwarning: [m[Kpassing argument 1 of ‘[01m[KcudaHostAlloc[m[K’ from incompatible pointer type [[01;35m[K-Wincompatible-pointer-types[m[K]
[137.349s]      if (cudaSuccess == cudaHostAlloc([01;35m[K&l.output[m[K, batch*l.outputs*sizeof(float), cudaHostRegisterMapped)) l.output_pinned = 1;
[137.351s]                                       [01;35m[K^~~~~~~~~[m[K
[137.351s] In file included from [01m[K/usr/local/cuda/include/cuda_runtime.h:96[m[K,
[137.352s]                  from [01m[K/home/jetson/ros2_ws/src/darknet_ros_yolov4/darknet_ros/darknet/include/darknet.h:41[m[K,
[137.352s]                  from [01m[K/home/jetson/ros2_ws/src/darknet_ros_yolov4/darknet_ros/darknet/src/activations.h:3[m[K,
[137.353s]                  from [01m[K/home/jetson/ros2_ws/src/darknet_ros_yolov4/darknet_ros/darknet/src/layer.h:4[m[K,
[137.353s]                  from [01m[K/home/jetson/ros2_ws/src/darknet_ros_yolov4/darknet_ros/darknet/src/yolo_layer.h:5[m[K,
[137.354s]                  from [01m[K/home/jetson/ros2_ws/src/darknet_ros_yolov4/darknet_ros/darknet/src/yolo_layer.c:1[m[K:
[137.354s] [01m[K/usr/local/cuda/include/cuda_runtime_api.h:4575:60:[m[K [01;36m[Knote: [m[Kexpected ‘[01m[Kvoid **[m[K’ but argument is of type ‘[01m[Kfloat **[m[K’
[137.355s]  extern __host__ cudaError_t CUDARTAPI cudaHostAlloc([01;36m[Kvoid **pHost[m[K, size_t size, unsigned int flags);
[137.355s]                                                      [01;36m[K~~~~~~~^~~~~[m[K
[137.356s] [01m[K/home/jetson/ros2_ws/src/darknet_ros_yolov4/darknet_ros/darknet/src/yolo_layer.c:75:38:[m[K [01;35m[Kwarning: [m[Kpassing argument 1 of ‘[01m[KcudaHostAlloc[m[K’ from incompatible pointer type [[01;35m[K-Wincompatible-pointer-types[m[K]
[137.356s]      if (cudaSuccess == cudaHostAlloc([01;35m[K&l.delta[m[K, batch*l.outputs*sizeof(float), cudaHostRegisterMapped)) l.delta_pinned = 1;
[137.357s]                                       [01;35m[K^~~~~~~~[m[K
[137.357s] In file included from [01m[K/usr/local/cuda/include/cuda_runtime.h:96[m[K,
[137.358s]                  from [01m[K/home/jetson/ros2_ws/src/darknet_ros_yolov4/darknet_ros/darknet/include/darknet.h:41[m[K,
[137.358s]                  from [01m[K/home/jetson/ros2_ws/src/darknet_ros_yolov4/darknet_ros/darknet/src/activations.h:3[m[K,
[137.359s]                  from [01m[K/home/jetson/ros2_ws/src/darknet_ros_yolov4/darknet_ros/darknet/src/layer.h:4[m[K,
[137.359s]                  from [01m[K/home/jetson/ros2_ws/src/darknet_ros_yolov4/darknet_ros/darknet/src/yolo_layer.h:5[m[K,
[137.359s]                  from [01m[K/home/jetson/ros2_ws/src/darknet_ros_yolov4/darknet_ros/darknet/src/yolo_layer.c:1[m[K:
[137.360s] [01m[K/usr/local/cuda/include/cuda_runtime_api.h:4575:60:[m[K [01;36m[Knote: [m[Kexpected ‘[01m[Kvoid **[m[K’ but argument is of type ‘[01m[Kfloat **[m[K’
[137.365s]  extern __host__ cudaError_t CUDARTAPI cudaHostAlloc([01;36m[Kvoid **pHost[m[K, size_t size, unsigned int flags);
[137.366s]                                                      [01;36m[K~~~~~~~^~~~~[m[K
[137.366s] [01m[K/home/jetson/ros2_ws/src/darknet_ros_yolov4/darknet_ros/darknet/src/yolo_layer.c:[m[K In function ‘[01m[Kresize_yolo_layer[m[K’:
[137.367s] [01m[K/home/jetson/ros2_ws/src/darknet_ros_yolov4/darknet_ros/darknet/src/yolo_layer.c:106:42:[m[K [01;35m[Kwarning: [m[Kpassing argument 1 of ‘[01m[KcudaHostAlloc[m[K’ from incompatible pointer type [[01;35m[K-Wincompatible-pointer-types[m[K]
[137.367s]          if (cudaSuccess != cudaHostAlloc([01;35m[K&l->output[m[K, l->batch*l->outputs * sizeof(float), cudaHostRegisterMapped)) {
[137.368s]                                           [01;35m[K^~~~~~~~~~[m[K
[137.368s] In file included from [01m[K/usr/local/cuda/include/cuda_runtime.h:96[m[K,
[137.369s]                  from [01m[K/home/jetson/ros2_ws/src/darknet_ros_yolov4/darknet_ros/darknet/include/darknet.h:41[m[K,
[137.369s]                  from [01m[K/home/jetson/ros2_ws/src/darknet_ros_yolov4/darknet_ros/darknet/src/activations.h:3[m[K,
[137.370s]                  from [01m[K/home/jetson/ros2_ws/src/darknet_ros_yolov4/darknet_ros/darknet/src/layer.h:4[m[K,
[137.370s]                  from [01m[K/home/jetson/ros2_ws/src/darknet_ros_yolov4/darknet_ros/darknet/src/yolo_layer.h:5[m[K,
[137.370s]                  from [01m[K/home/jetson/ros2_ws/src/darknet_ros_yolov4/darknet_ros/darknet/src/yolo_layer.c:1[m[K:
[137.371s] [01m[K/usr/local/cuda/include/cuda_runtime_api.h:4575:60:[m[K [01;36m[Knote: [m[Kexpected ‘[01m[Kvoid **[m[K’ but argument is of type ‘[01m[Kfloat **[m[K’
[137.371s]  extern __host__ cudaError_t CUDARTAPI cudaHostAlloc([01;36m[Kvoid **pHost[m[K, size_t size, unsigned int flags);
[137.372s]                                                      [01;36m[K~~~~~~~^~~~~[m[K
[137.372s] [01m[K/home/jetson/ros2_ws/src/darknet_ros_yolov4/darknet_ros/darknet/src/yolo_layer.c:115:42:[m[K [01;35m[Kwarning: [m[Kpassing argument 1 of ‘[01m[KcudaHostAlloc[m[K’ from incompatible pointer type [[01;35m[K-Wincompatible-pointer-types[m[K]
[137.373s]          if (cudaSuccess != cudaHostAlloc([01;35m[K&l->delta[m[K, l->batch*l->outputs * sizeof(float), cudaHostRegisterMapped)) {
[137.373s]                                           [01;35m[K^~~~~~~~~[m[K
[137.374s] In file included from [01m[K/usr/local/cuda/include/cuda_runtime.h:96[m[K,
[137.375s]                  from [01m[K/home/jetson/ros2_ws/src/darknet_ros_yolov4/darknet_ros/darknet/include/darknet.h:41[m[K,
[137.375s]                  from [01m[K/home/jetson/ros2_ws/src/darknet_ros_yolov4/darknet_ros/darknet/src/activations.h:3[m[K,
[137.376s]                  from [01m[K/home/jetson/ros2_ws/src/darknet_ros_yolov4/darknet_ros/darknet/src/layer.h:4[m[K,
[137.376s]                  from [01m[K/home/jetson/ros2_ws/src/darknet_ros_yolov4/darknet_ros/darknet/src/yolo_layer.h:5[m[K,
[137.377s]                  from [01m[K/home/jetson/ros2_ws/src/darknet_ros_yolov4/darknet_ros/darknet/src/yolo_layer.c:1[m[K:
[137.377s] [01m[K/usr/local/cuda/include/cuda_runtime_api.h:4575:60:[m[K [01;36m[Knote: [m[Kexpected ‘[01m[Kvoid **[m[K’ but argument is of type ‘[01m[Kfloat **[m[K’
[137.378s]  extern __host__ cudaError_t CUDARTAPI cudaHostAlloc([01;36m[Kvoid **pHost[m[K, size_t size, unsigned int flags);
[137.379s]                                                      [01;36m[K~~~~~~~^~~~~[m[K
[137.395s] [01m[K/home/jetson/ros2_ws/src/darknet_ros_yolov4/darknet_ros/darknet/src/yolo_layer.c:[m[K In function ‘[01m[Kprocess_batch[m[K’:
[137.396s] [01m[K/home/jetson/ros2_ws/src/darknet_ros_yolov4/darknet_ros/darknet/src/yolo_layer.c:516:17:[m[K [01;35m[Kwarning: [m[Kignoring return value of ‘[01m[Ksystem[m[K’, declared with attribute warn_unused_result [[01;35m[K-Wunused-result[m[K]
[137.396s]                  [01;35m[Ksystem(buff)[m[K;
[137.397s]                  [01;35m[K^~~~~~~~~~~~[m[K
[140.565s] [ 97%] [32m[1mLinking CXX static library libdarknet_ros_lib.a[0m
[144.014s] [ 97%] Built target darknet_ros_lib
[144.091s] [35m[1mScanning dependencies of target darknet_ros[0m
[144.835s] [ 98%] [32mBuilding CXX object CMakeFiles/darknet_ros.dir/src/yolo_object_detector_node.cpp.o[0m
[151.770s] In file included from [01m[K/home/jetson/ros2_ws/src/darknet_ros_yolov4/darknet_ros/darknet_ros/include/darknet_ros/YoloObjectDetector.hpp:30[m[K,
[151.770s]                  from [01m[K/home/jetson/ros2_ws/src/darknet_ros_yolov4/darknet_ros/darknet_ros/src/yolo_object_detector_node.cpp:9[m[K:
[151.771s] [01m[K/opt/ros/foxy/include/image_transport/image_transport.h:41:89:[m[K [01;36m[Knote: [m[K#pragma message: Warning: This header is deprecated. Use 'image_transport.hpp' instead
[151.771s]  ssage ("Warning: This header is deprecated. Use 'image_transport.hpp' instead"[01;36m[K)[m[K
[151.771s]                                                                                [01;36m[K^[m[K
[151.772s] 
[157.212s] [100%] [32m[1mLinking CXX executable darknet_ros[0m
[162.888s] /usr/bin/ld: warning: libopencv_imgcodecs.so.4.2, needed by /opt/ros/foxy/lib/libcv_bridge.so, may conflict with libopencv_imgcodecs.so.4.5
[162.888s] /usr/bin/ld: warning: libopencv_imgproc.so.4.2, needed by /opt/ros/foxy/lib/libcv_bridge.so, may conflict with libopencv_imgproc.so.4.5
[162.888s] /usr/bin/ld: warning: libopencv_core.so.4.2, needed by /opt/ros/foxy/lib/libcv_bridge.so, may conflict with libopencv_core.so.4.5
[162.932s] [100%] Built target darknet_ros
[163.053s] Invoked command in '/home/jetson/ros2_ws/src/build/darknet_ros' returned '0': AMENT_PREFIX_PATH=/home/jetson/ros2_ws/src/install/darknet_ros_msgs:${AMENT_PREFIX_PATH} CMAKE_PREFIX_PATH=/home/jetson/ros2_ws/src/install/darknet_ros_msgs:/home/jetson/ros2_ws/install/intra_process_demo:/home/jetson/ros2_ws/install/darknet_ros:/home/jetson/ros2_ws/install/darknet_ros_msgs:/home/jetson/ros2_ws/install/cv_basics:/opt/ros/foxy LD_LIBRARY_PATH=/home/jetson/ros2_ws/src/install/darknet_ros_msgs/lib:${LD_LIBRARY_PATH} PYTHONPATH=/home/jetson/ros2_ws/src/install/darknet_ros_msgs/lib/python3.8/site-packages:${PYTHONPATH} /usr/bin/cmake --build /home/jetson/ros2_ws/src/build/darknet_ros -- -j4 -l4
[163.686s] Invoking command in '/home/jetson/ros2_ws/src/build/darknet_ros': AMENT_PREFIX_PATH=/home/jetson/ros2_ws/src/install/darknet_ros_msgs:${AMENT_PREFIX_PATH} CMAKE_PREFIX_PATH=/home/jetson/ros2_ws/src/install/darknet_ros_msgs:/home/jetson/ros2_ws/install/intra_process_demo:/home/jetson/ros2_ws/install/darknet_ros:/home/jetson/ros2_ws/install/darknet_ros_msgs:/home/jetson/ros2_ws/install/cv_basics:/opt/ros/foxy LD_LIBRARY_PATH=/home/jetson/ros2_ws/src/install/darknet_ros_msgs/lib:${LD_LIBRARY_PATH} PYTHONPATH=/home/jetson/ros2_ws/src/install/darknet_ros_msgs/lib/python3.8/site-packages:${PYTHONPATH} /usr/bin/cmake --install /home/jetson/ros2_ws/src/build/darknet_ros
[163.726s] -- Install configuration: ""
[163.738s] -- Installing: /home/jetson/ros2_ws/src/install/darknet_ros/lib/libdarknet_ros_lib.a
[163.940s] -- Installing: /home/jetson/ros2_ws/src/install/darknet_ros/lib/darknet_ros/darknet_ros
[164.036s] -- Set runtime path of "/home/jetson/ros2_ws/src/install/darknet_ros/lib/darknet_ros/darknet_ros" to ""
[164.038s] -- Installing: /home/jetson/ros2_ws/src/install/darknet_ros/include/
[164.039s] -- Installing: /home/jetson/ros2_ws/src/install/darknet_ros/include//darknet_ros
[164.041s] -- Installing: /home/jetson/ros2_ws/src/install/darknet_ros/share/darknet_ros/yolo_network_config//cfg
[164.042s] -- Installing: /home/jetson/ros2_ws/src/install/darknet_ros/share/darknet_ros/yolo_network_config//cfg/yolov4.cfg
[164.043s] -- Installing: /home/jetson/ros2_ws/src/install/darknet_ros/share/darknet_ros/yolo_network_config//cfg/yolov4-csp.cfg
[164.045s] -- Installing: /home/jetson/ros2_ws/src/install/darknet_ros/share/darknet_ros/yolo_network_config//cfg/yolov2-tiny.cfg
[164.045s] -- Installing: /home/jetson/ros2_ws/src/install/darknet_ros/share/darknet_ros/yolo_network_config//cfg/yolov4-tiny.cfg
[164.046s] -- Installing: /home/jetson/ros2_ws/src/install/darknet_ros/share/darknet_ros/yolo_network_config//cfg/yolov3.cfg
[164.047s] -- Installing: /home/jetson/ros2_ws/src/install/darknet_ros/share/darknet_ros/yolo_network_config//weights
[164.048s] -- Installing: /home/jetson/ros2_ws/src/install/darknet_ros/share/darknet_ros/yolo_network_config//weights/yolov4-tiny.weights
[164.316s] -- Installing: /home/jetson/ros2_ws/src/install/darknet_ros/share/darknet_ros/yolo_network_config//weights/yolov4-csp.weights
[167.963s] -- Installing: /home/jetson/ros2_ws/src/install/darknet_ros/share/darknet_ros/yolo_network_config//weights/how_to_download_weights.txt
[168.048s] -- Installing: /home/jetson/ros2_ws/src/install/darknet_ros/share/darknet_ros/yolo_network_config//weights/.gitignore
[168.126s] -- Installing: /home/jetson/ros2_ws/src/install/darknet_ros/share/darknet_ros//launch
[168.280s] -- Installing: /home/jetson/ros2_ws/src/install/darknet_ros/share/darknet_ros//launch/yolov4-csp.launch.py
[168.449s] -- Installing: /home/jetson/ros2_ws/src/install/darknet_ros/share/darknet_ros//launch/yolov4-tiny.launch.py
[168.626s] -- Installing: /home/jetson/ros2_ws/src/install/darknet_ros/share/darknet_ros//launch/darknet_ros.launch.py
[170.160s] -- Installing: /home/jetson/ros2_ws/src/install/darknet_ros/share/darknet_ros//config
[170.168s] -- Installing: /home/jetson/ros2_ws/src/install/darknet_ros/share/darknet_ros//config/ros.yaml
[170.181s] -- Installing: /home/jetson/ros2_ws/src/install/darknet_ros/share/darknet_ros//config/yolov4-csp.yaml
[170.207s] -- Installing: /home/jetson/ros2_ws/src/install/darknet_ros/share/darknet_ros//config/yolov2-tiny.yaml
[170.273s] -- Installing: /home/jetson/ros2_ws/src/install/darknet_ros/share/darknet_ros//config/yolov4.yaml
[170.297s] -- Installing: /home/jetson/ros2_ws/src/install/darknet_ros/share/darknet_ros//config/yolov3.yaml
[170.325s] -- Installing: /home/jetson/ros2_ws/src/install/darknet_ros/share/darknet_ros//config/yolov4-tiny.yaml
[170.542s] -- Installing: /home/jetson/ros2_ws/src/install/darknet_ros/share/darknet_ros/environment/library_path.sh
[170.648s] -- Installing: /home/jetson/ros2_ws/src/install/darknet_ros/share/darknet_ros/environment/library_path.dsv
[170.796s] -- Installing: /home/jetson/ros2_ws/src/install/darknet_ros/share/ament_index/resource_index/package_run_dependencies/darknet_ros
[170.855s] -- Installing: /home/jetson/ros2_ws/src/install/darknet_ros/share/ament_index/resource_index/parent_prefix_path/darknet_ros
[171.032s] -- Installing: /home/jetson/ros2_ws/src/install/darknet_ros/share/darknet_ros/environment/ament_prefix_path.sh
[171.062s] -- Installing: /home/jetson/ros2_ws/src/install/darknet_ros/share/darknet_ros/environment/ament_prefix_path.dsv
[171.093s] -- Installing: /home/jetson/ros2_ws/src/install/darknet_ros/share/darknet_ros/environment/path.sh
[171.126s] -- Installing: /home/jetson/ros2_ws/src/install/darknet_ros/share/darknet_ros/environment/path.dsv
[171.158s] -- Installing: /home/jetson/ros2_ws/src/install/darknet_ros/share/darknet_ros/local_setup.bash
[171.175s] -- Installing: /home/jetson/ros2_ws/src/install/darknet_ros/share/darknet_ros/local_setup.sh
[171.191s] -- Installing: /home/jetson/ros2_ws/src/install/darknet_ros/share/darknet_ros/local_setup.zsh
[171.207s] -- Installing: /home/jetson/ros2_ws/src/install/darknet_ros/share/darknet_ros/local_setup.dsv
[171.223s] -- Installing: /home/jetson/ros2_ws/src/install/darknet_ros/share/darknet_ros/package.dsv
[171.253s] -- Installing: /home/jetson/ros2_ws/src/install/darknet_ros/share/ament_index/resource_index/packages/darknet_ros
[171.270s] -- Installing: /home/jetson/ros2_ws/src/install/darknet_ros/share/darknet_ros/cmake/ament_cmake_export_include_directories-extras.cmake
[171.408s] -- Installing: /home/jetson/ros2_ws/src/install/darknet_ros/share/darknet_ros/cmake/ament_cmake_export_libraries-extras.cmake
[171.498s] -- Installing: /home/jetson/ros2_ws/src/install/darknet_ros/share/darknet_ros/cmake/ament_cmake_export_dependencies-extras.cmake
[171.552s] -- Installing: /home/jetson/ros2_ws/src/install/darknet_ros/share/darknet_ros/cmake/darknet_rosConfig.cmake
[171.576s] -- Installing: /home/jetson/ros2_ws/src/install/darknet_ros/share/darknet_ros/cmake/darknet_rosConfig-version.cmake
[171.601s] -- Installing: /home/jetson/ros2_ws/src/install/darknet_ros/share/darknet_ros/package.xml
[171.639s] Invoked command in '/home/jetson/ros2_ws/src/build/darknet_ros' returned '0': AMENT_PREFIX_PATH=/home/jetson/ros2_ws/src/install/darknet_ros_msgs:${AMENT_PREFIX_PATH} CMAKE_PREFIX_PATH=/home/jetson/ros2_ws/src/install/darknet_ros_msgs:/home/jetson/ros2_ws/install/intra_process_demo:/home/jetson/ros2_ws/install/darknet_ros:/home/jetson/ros2_ws/install/darknet_ros_msgs:/home/jetson/ros2_ws/install/cv_basics:/opt/ros/foxy LD_LIBRARY_PATH=/home/jetson/ros2_ws/src/install/darknet_ros_msgs/lib:${LD_LIBRARY_PATH} PYTHONPATH=/home/jetson/ros2_ws/src/install/darknet_ros_msgs/lib/python3.8/site-packages:${PYTHONPATH} /usr/bin/cmake --install /home/jetson/ros2_ws/src/build/darknet_ros
