[13.911s] Invoking command in '/home/jetson/ros2_ws/src/count': AMENT_PREFIX_PATH=/home/jetson/ros2_ws/src/install/darknet_ros_msgs:${AMENT_PREFIX_PATH} CMAKE_PREFIX_PATH=/home/jetson/ros2_ws/src/install/darknet_ros_msgs:${CMAKE_PREFIX_PATH} LD_LIBRARY_PATH=/home/jetson/ros2_ws/src/install/darknet_ros_msgs/lib:${LD_LIBRARY_PATH} PYTHONPATH=/home/jetson/ros2_ws/src/install/count/lib/python3.8/site-packages:/home/jetson/ros2_ws/src/install/darknet_ros_msgs/lib/python3.8/site-packages:${PYTHONPATH} /usr/bin/python3 setup.py egg_info --egg-base ../build/count build --build-base /home/jetson/ros2_ws/src/build/count/build install --prefix /home/jetson/ros2_ws/src/install/count --record /home/jetson/ros2_ws/src/build/count/install.log --single-version-externally-managed
[20.581s] running egg_info
[21.059s] writing ../build/count/count.egg-info/PKG-INFO
[21.441s] writing dependency_links to ../build/count/count.egg-info/dependency_links.txt
[22.610s] writing entry points to ../build/count/count.egg-info/entry_points.txt
[23.373s] writing requirements to ../build/count/count.egg-info/requires.txt
[23.752s] writing top-level names to ../build/count/count.egg-info/top_level.txt
[24.410s] reading manifest file '../build/count/count.egg-info/SOURCES.txt'
[24.416s] writing manifest file '../build/count/count.egg-info/SOURCES.txt'
[24.417s] running build
[24.417s] running build_py
[24.418s] /usr/local/lib/python3.8/dist-packages/setuptools/command/install.py:34: SetuptoolsDeprecationWarning: setup.py install is deprecated. Use build and pip and other standards-based tools.
[24.418s]   warnings.warn(
[24.419s] running install
[24.455s] running install_lib
[24.924s] byte-compiling /home/jetson/ros2_ws/src/install/count/lib/python3.8/site-packages/count/counter.py to counter.cpython-38.pyc
[24.927s] running install_data
[25.021s] running install_egg_info
[25.502s] removing '/home/jetson/ros2_ws/src/install/count/lib/python3.8/site-packages/count-0.0.0-py3.8.egg-info' (and everything under it)
[25.505s] Copying ../build/count/count.egg-info to /home/jetson/ros2_ws/src/install/count/lib/python3.8/site-packages/count-0.0.0-py3.8.egg-info
[25.512s] running install_scripts
[26.283s] Installing cou script to /home/jetson/ros2_ws/src/install/count/lib/count
[26.287s] writing list of installed files to '/home/jetson/ros2_ws/src/build/count/install.log'
[26.539s] Invoked command in '/home/jetson/ros2_ws/src/count' returned '0': AMENT_PREFIX_PATH=/home/jetson/ros2_ws/src/install/darknet_ros_msgs:${AMENT_PREFIX_PATH} CMAKE_PREFIX_PATH=/home/jetson/ros2_ws/src/install/darknet_ros_msgs:${CMAKE_PREFIX_PATH} LD_LIBRARY_PATH=/home/jetson/ros2_ws/src/install/darknet_ros_msgs/lib:${LD_LIBRARY_PATH} PYTHONPATH=/home/jetson/ros2_ws/src/install/count/lib/python3.8/site-packages:/home/jetson/ros2_ws/src/install/darknet_ros_msgs/lib/python3.8/site-packages:${PYTHONPATH} /usr/bin/python3 setup.py egg_info --egg-base ../build/count build --build-base /home/jetson/ros2_ws/src/build/count/build install --prefix /home/jetson/ros2_ws/src/install/count --record /home/jetson/ros2_ws/src/build/count/install.log --single-version-externally-managed
