[0.209s] Invoking command in '/home/jetson/ros2_ws/build/darknet_ros': CMAKE_PREFIX_PATH=/home/jetson/ros2_ws/install/darknet_ros_msgs:/home/jetson/ros2_ws/install/px4_ros_com:/home/jetson/ros2_ws/install/px4_msgs:/home/jetson/ros2_ws/install/darknet_ros:/home/jetson/ros2_ws/install/yolo_den:/home/jetson/ros2_ws/install/termal:/home/jetson/ros2_ws/install/humcount:/home/jetson/ros2_ws/install/humancount:/home/jetson/ros2_ws/install/count:/home/jetson/ros2_ws/install/cvdeneme:/opt/ros/foxy LD_LIBRARY_PATH=/home/jetson/ros2_ws/install/darknet_ros_msgs/lib:/home/jetson/ros2_ws/install/px4_ros_com/lib:/home/jetson/ros2_ws/install/px4_msgs/lib:/home/jetson/ros2_ws/install/darknet_ros/lib:/opt/ros/foxy/opt/yaml_cpp_vendor/lib:/opt/ros/foxy/opt/rviz_ogre_vendor/lib:/opt/ros/foxy/lib/aarch64-linux-gnu:/opt/ros/foxy/lib PYTHONPATH=/home/jetson/ros2_ws/install/darknet_ros_msgs/lib/python3.8/site-packages:/home/jetson/ros2_ws/build/yolo_den:/home/jetson/ros2_ws/install/yolo_den/lib/python3.8/site-packages:/home/jetson/ros2_ws/build/termal:/home/jetson/ros2_ws/install/termal/lib/python3.8/site-packages:/home/jetson/ros2_ws/install/px4_msgs/lib/python3.8/site-packages:/home/jetson/ros2_ws/build/humcount:/home/jetson/ros2_ws/install/humcount/lib/python3.8/site-packages:/home/jetson/ros2_ws/build/humancount:/home/jetson/ros2_ws/install/humancount/lib/python3.8/site-packages:/home/jetson/ros2_ws/build/count:/home/jetson/ros2_ws/install/count/lib/python3.8/site-packages:/home/jetson/ros2_ws/install/cvdeneme/lib/python3.8/site-packages:/opt/ros/foxy/lib/python3.8/site-packages /usr/local/bin/cmake --build /home/jetson/ros2_ws/build/darknet_ros -- -j4 -l4
[0.386s] -- Darknet path dir = /home/jetson/ros2_ws/src/darknet_ros_yolov4/darknet_ros/darknet
[0.540s] -- CUDA Version: 
[0.541s] -- CUDA Libararies: /usr/local/cuda/lib64/libcudart_static.a;Threads::Threads;dl;/usr/lib/aarch64-linux-gnu/librt.so
[0.551s] -- cuDNN Version: 
[0.552s] -- cuDNN Libararies: /usr/lib/aarch64-linux-gnu/libcudnn.so
[0.644s] --  GPU (FP16): 
[0.647s] -- Your setup does not support half precision (it requires CUDA_ARCHITECTURES >= 70)
[0.647s] -- Searching for X11...
[0.833s] --  X11_INCLUDE_DIR: /usr/include
[0.834s] --  X11_LIBRARIES: /usr/lib/aarch64-linux-gnu/libSM.so/usr/lib/aarch64-linux-gnu/libICE.so/usr/lib/aarch64-linux-gnu/libX11.so/usr/lib/aarch64-linux-gnu/libXext.so
[1.015s] -- Found ament_cmake: 0.9.9 (/opt/ros/foxy/share/ament_cmake/cmake)
[1.145s] -- Using PYTHON_EXECUTABLE: /usr/bin/python3
[2.728s] -- Override CMake install command with custom implementation using symlinks instead of copying resources
[2.786s] -- Found rclcpp: 2.4.1 (/opt/ros/foxy/share/rclcpp/cmake)
[3.049s] -- Using all available rosidl_typesupport_c: rosidl_typesupport_fastrtps_c;rosidl_typesupport_introspection_c
[3.077s] -- Found rosidl_adapter: 1.2.1 (/opt/ros/foxy/share/rosidl_adapter/cmake)
[4.035s] -- Using all available rosidl_typesupport_cpp: rosidl_typesupport_fastrtps_cpp;rosidl_typesupport_introspection_cpp
[4.396s] -- Found rmw_implementation_cmake: 1.0.3 (/opt/ros/foxy/share/rmw_implementation_cmake/cmake)
[4.404s] -- Using RMW implementation 'rmw_fastrtps_cpp' as default
[5.238s] -- Found rclpy: 1.0.8 (/opt/ros/foxy/share/rclpy/cmake)
[5.240s] -- Found rclcpp_action: 2.4.1 (/opt/ros/foxy/share/rclcpp_action/cmake)
[5.797s] -- Found image_transport: 2.3.0 (/opt/ros/foxy/share/image_transport/cmake)
[7.093s] -- Found cv_bridge: 2.2.1 (/opt/ros/foxy/share/cv_bridge/cmake)
[7.141s] -- Found darknet_ros_msgs: 1.1.5 (/home/jetson/ros2_ws/install/darknet_ros_msgs/share/darknet_ros_msgs/cmake)
[9.423s] -- Checking and downloading yolov4-tiny.weights if needed ...
[9.424s] -- Done.
[9.424s] -- Checking and downloading yolov4-csp.weights if needed ...
[9.425s] -- Done.
[10.277s] -- Configuring done
[12.369s] -- Generating done
[12.378s] -- Build files have been written to: /home/jetson/ros2_ws/build/darknet_ros
[13.301s] [ 97%] Built target darknet_ros_lib
[13.439s] [100%] Built target darknet_ros
[13.493s] Invoked command in '/home/jetson/ros2_ws/build/darknet_ros' returned '0': CMAKE_PREFIX_PATH=/home/jetson/ros2_ws/install/darknet_ros_msgs:/home/jetson/ros2_ws/install/px4_ros_com:/home/jetson/ros2_ws/install/px4_msgs:/home/jetson/ros2_ws/install/darknet_ros:/home/jetson/ros2_ws/install/yolo_den:/home/jetson/ros2_ws/install/termal:/home/jetson/ros2_ws/install/humcount:/home/jetson/ros2_ws/install/humancount:/home/jetson/ros2_ws/install/count:/home/jetson/ros2_ws/install/cvdeneme:/opt/ros/foxy LD_LIBRARY_PATH=/home/jetson/ros2_ws/install/darknet_ros_msgs/lib:/home/jetson/ros2_ws/install/px4_ros_com/lib:/home/jetson/ros2_ws/install/px4_msgs/lib:/home/jetson/ros2_ws/install/darknet_ros/lib:/opt/ros/foxy/opt/yaml_cpp_vendor/lib:/opt/ros/foxy/opt/rviz_ogre_vendor/lib:/opt/ros/foxy/lib/aarch64-linux-gnu:/opt/ros/foxy/lib PYTHONPATH=/home/jetson/ros2_ws/install/darknet_ros_msgs/lib/python3.8/site-packages:/home/jetson/ros2_ws/build/yolo_den:/home/jetson/ros2_ws/install/yolo_den/lib/python3.8/site-packages:/home/jetson/ros2_ws/build/termal:/home/jetson/ros2_ws/install/termal/lib/python3.8/site-packages:/home/jetson/ros2_ws/install/px4_msgs/lib/python3.8/site-packages:/home/jetson/ros2_ws/build/humcount:/home/jetson/ros2_ws/install/humcount/lib/python3.8/site-packages:/home/jetson/ros2_ws/build/humancount:/home/jetson/ros2_ws/install/humancount/lib/python3.8/site-packages:/home/jetson/ros2_ws/build/count:/home/jetson/ros2_ws/install/count/lib/python3.8/site-packages:/home/jetson/ros2_ws/install/cvdeneme/lib/python3.8/site-packages:/opt/ros/foxy/lib/python3.8/site-packages /usr/local/bin/cmake --build /home/jetson/ros2_ws/build/darknet_ros -- -j4 -l4
[16.078s] Invoking command in '/home/jetson/ros2_ws/build/darknet_ros': CMAKE_PREFIX_PATH=/home/jetson/ros2_ws/install/darknet_ros_msgs:/home/jetson/ros2_ws/install/px4_ros_com:/home/jetson/ros2_ws/install/px4_msgs:/home/jetson/ros2_ws/install/darknet_ros:/home/jetson/ros2_ws/install/yolo_den:/home/jetson/ros2_ws/install/termal:/home/jetson/ros2_ws/install/humcount:/home/jetson/ros2_ws/install/humancount:/home/jetson/ros2_ws/install/count:/home/jetson/ros2_ws/install/cvdeneme:/opt/ros/foxy LD_LIBRARY_PATH=/home/jetson/ros2_ws/install/darknet_ros_msgs/lib:/home/jetson/ros2_ws/install/px4_ros_com/lib:/home/jetson/ros2_ws/install/px4_msgs/lib:/home/jetson/ros2_ws/install/darknet_ros/lib:/opt/ros/foxy/opt/yaml_cpp_vendor/lib:/opt/ros/foxy/opt/rviz_ogre_vendor/lib:/opt/ros/foxy/lib/aarch64-linux-gnu:/opt/ros/foxy/lib PYTHONPATH=/home/jetson/ros2_ws/install/darknet_ros_msgs/lib/python3.8/site-packages:/home/jetson/ros2_ws/build/yolo_den:/home/jetson/ros2_ws/install/yolo_den/lib/python3.8/site-packages:/home/jetson/ros2_ws/build/termal:/home/jetson/ros2_ws/install/termal/lib/python3.8/site-packages:/home/jetson/ros2_ws/install/px4_msgs/lib/python3.8/site-packages:/home/jetson/ros2_ws/build/humcount:/home/jetson/ros2_ws/install/humcount/lib/python3.8/site-packages:/home/jetson/ros2_ws/build/humancount:/home/jetson/ros2_ws/install/humancount/lib/python3.8/site-packages:/home/jetson/ros2_ws/build/count:/home/jetson/ros2_ws/install/count/lib/python3.8/site-packages:/home/jetson/ros2_ws/install/cvdeneme/lib/python3.8/site-packages:/opt/ros/foxy/lib/python3.8/site-packages /usr/local/bin/cmake --install /home/jetson/ros2_ws/build/darknet_ros
[16.124s] -- Install configuration: "RELWITHDEBINFO"
[16.125s] -- Execute custom install script
[16.127s] -- Up-to-date symlink: /home/jetson/ros2_ws/install/darknet_ros/lib/libdarknet_ros_lib.a
[16.136s] -- Up-to-date symlink: /home/jetson/ros2_ws/install/darknet_ros/lib/darknet_ros/darknet_ros
[16.148s] -- Up-to-date symlink: /home/jetson/ros2_ws/install/darknet_ros/share/darknet_ros/yolo_network_config//cfg/yolov2-tiny.cfg
[16.149s] -- Up-to-date symlink: /home/jetson/ros2_ws/install/darknet_ros/share/darknet_ros/yolo_network_config//cfg/yolov3.cfg
[16.151s] -- Up-to-date symlink: /home/jetson/ros2_ws/install/darknet_ros/share/darknet_ros/yolo_network_config//cfg/yolov4-csp.cfg
[16.152s] -- Up-to-date symlink: /home/jetson/ros2_ws/install/darknet_ros/share/darknet_ros/yolo_network_config//cfg/yolov4-tiny-ex.cfg
[16.154s] -- Up-to-date symlink: /home/jetson/ros2_ws/install/darknet_ros/share/darknet_ros/yolo_network_config//cfg/yolov4-tiny.cfg
[16.155s] -- Up-to-date symlink: /home/jetson/ros2_ws/install/darknet_ros/share/darknet_ros/yolo_network_config//cfg/yolov4-tinyehe.cfg
[16.156s] -- Up-to-date symlink: /home/jetson/ros2_ws/install/darknet_ros/share/darknet_ros/yolo_network_config//cfg/yolov4-tinyexx.cfg
[16.158s] -- Up-to-date symlink: /home/jetson/ros2_ws/install/darknet_ros/share/darknet_ros/yolo_network_config//cfg/yolov4.cfg
[16.168s] -- Up-to-date symlink: /home/jetson/ros2_ws/install/darknet_ros/share/darknet_ros/yolo_network_config//weights/.gitignore
[16.169s] -- Up-to-date symlink: /home/jetson/ros2_ws/install/darknet_ros/share/darknet_ros/yolo_network_config//weights/how_to_download_weights.txt
[16.170s] -- Up-to-date symlink: /home/jetson/ros2_ws/install/darknet_ros/share/darknet_ros/yolo_network_config//weights/yolov4-csp.weights
[16.172s] -- Up-to-date symlink: /home/jetson/ros2_ws/install/darknet_ros/share/darknet_ros/yolo_network_config//weights/yolov4-tiny-ex.weights
[16.173s] -- Up-to-date symlink: /home/jetson/ros2_ws/install/darknet_ros/share/darknet_ros/yolo_network_config//weights/yolov4-tiny.exxweights
[16.174s] -- Up-to-date symlink: /home/jetson/ros2_ws/install/darknet_ros/share/darknet_ros/yolo_network_config//weights/yolov4-tiny.weights
[16.176s] -- Up-to-date symlink: /home/jetson/ros2_ws/install/darknet_ros/share/darknet_ros/yolo_network_config//weights/yolov4-tinyehe.weights
[16.197s] CMake Warning (dev) at ament_cmake_symlink_install/ament_cmake_symlink_install.cmake:62 (file):
[16.197s]   Policy CMP0009 is not set: FILE GLOB_RECURSE calls should not follow
[16.198s]   symlinks by default.  Run "cmake --help-policy CMP0009" for policy details.
[16.198s]   Use the cmake_policy command to set the policy and suppress this warning.
[16.199s] Call Stack (most recent call first):
[16.199s]   ament_cmake_symlink_install/ament_cmake_symlink_install.cmake:320 (ament_cmake_symlink_install_directory)
[16.200s]   cmake_install.cmake:46 (include)
[16.201s] This warning is for project developers.  Use -Wno-dev to suppress it.
[16.201s] 
[16.202s] -- Up-to-date symlink: /home/jetson/ros2_ws/install/darknet_ros/share/darknet_ros//launch/__pycache__/yolov4-tiny.launch.cpython-38.pyc
[16.202s] -- Up-to-date symlink: /home/jetson/ros2_ws/install/darknet_ros/share/darknet_ros//launch/build/.built_by
[16.203s] -- Up-to-date symlink: /home/jetson/ros2_ws/install/darknet_ros/share/darknet_ros//launch/build/COLCON_IGNORE
[16.204s] -- Up-to-date symlink: /home/jetson/ros2_ws/install/darknet_ros/share/darknet_ros//launch/darknet_ros.launch.py
[16.206s] -- Up-to-date symlink: /home/jetson/ros2_ws/install/darknet_ros/share/darknet_ros//launch/install/.colcon_install_layout
[16.207s] -- Up-to-date symlink: /home/jetson/ros2_ws/install/darknet_ros/share/darknet_ros//launch/install/COLCON_IGNORE
[16.208s] -- Up-to-date symlink: /home/jetson/ros2_ws/install/darknet_ros/share/darknet_ros//launch/install/_local_setup_util_ps1.py
[16.210s] -- Up-to-date symlink: /home/jetson/ros2_ws/install/darknet_ros/share/darknet_ros//launch/install/_local_setup_util_sh.py
[16.211s] -- Up-to-date symlink: /home/jetson/ros2_ws/install/darknet_ros/share/darknet_ros//launch/install/local_setup.bash
[16.213s] -- Up-to-date symlink: /home/jetson/ros2_ws/install/darknet_ros/share/darknet_ros//launch/install/local_setup.ps1
[16.214s] -- Up-to-date symlink: /home/jetson/ros2_ws/install/darknet_ros/share/darknet_ros//launch/install/local_setup.sh
[16.219s] -- Up-to-date symlink: /home/jetson/ros2_ws/install/darknet_ros/share/darknet_ros//launch/install/local_setup.zsh
[16.220s] -- Up-to-date symlink: /home/jetson/ros2_ws/install/darknet_ros/share/darknet_ros//launch/install/setup.bash
[16.221s] -- Up-to-date symlink: /home/jetson/ros2_ws/install/darknet_ros/share/darknet_ros//launch/install/setup.ps1
[16.223s] -- Up-to-date symlink: /home/jetson/ros2_ws/install/darknet_ros/share/darknet_ros//launch/install/setup.sh
[16.225s] -- Up-to-date symlink: /home/jetson/ros2_ws/install/darknet_ros/share/darknet_ros//launch/install/setup.zsh
[16.229s] -- Up-to-date symlink: /home/jetson/ros2_ws/install/darknet_ros/share/darknet_ros//launch/log/COLCON_IGNORE
[16.232s] -- Up-to-date symlink: /home/jetson/ros2_ws/install/darknet_ros/share/darknet_ros//launch/log/build_2022-06-14_21-13-13/events.log
[16.235s] -- Up-to-date symlink: /home/jetson/ros2_ws/install/darknet_ros/share/darknet_ros//launch/log/build_2022-06-14_21-13-13/logger_all.log
[16.237s] -- Up-to-date symlink: /home/jetson/ros2_ws/install/darknet_ros/share/darknet_ros//launch/log/build_2022-06-14_21-13-27/events.log
[16.240s] -- Up-to-date symlink: /home/jetson/ros2_ws/install/darknet_ros/share/darknet_ros//launch/log/build_2022-06-14_21-13-27/logger_all.log
[16.243s] -- Up-to-date symlink: /home/jetson/ros2_ws/install/darknet_ros/share/darknet_ros//launch/log/latest/events.log
[16.246s] -- Up-to-date symlink: /home/jetson/ros2_ws/install/darknet_ros/share/darknet_ros//launch/log/latest/logger_all.log
[16.249s] -- Up-to-date symlink: /home/jetson/ros2_ws/install/darknet_ros/share/darknet_ros//launch/log/latest_build/events.log
[16.251s] -- Up-to-date symlink: /home/jetson/ros2_ws/install/darknet_ros/share/darknet_ros//launch/log/latest_build/logger_all.log
[16.254s] -- Up-to-date symlink: /home/jetson/ros2_ws/install/darknet_ros/share/darknet_ros//launch/yolov4-csp.launch.py
[16.257s] -- Up-to-date symlink: /home/jetson/ros2_ws/install/darknet_ros/share/darknet_ros//launch/yolov4-tiny.launch.py
[16.260s] -- Up-to-date symlink: /home/jetson/ros2_ws/install/darknet_ros/share/darknet_ros//config/ros.yaml
[16.263s] -- Up-to-date symlink: /home/jetson/ros2_ws/install/darknet_ros/share/darknet_ros//config/yolov2-tiny.yaml
[16.265s] -- Up-to-date symlink: /home/jetson/ros2_ws/install/darknet_ros/share/darknet_ros//config/yolov3.yaml
[16.268s] -- Up-to-date symlink: /home/jetson/ros2_ws/install/darknet_ros/share/darknet_ros//config/yolov4-csp.yaml
[16.270s] -- Up-to-date symlink: /home/jetson/ros2_ws/install/darknet_ros/share/darknet_ros//config/yolov4-tiny.yaml
[16.272s] -- Up-to-date symlink: /home/jetson/ros2_ws/install/darknet_ros/share/darknet_ros//config/yolov4.yaml
[16.276s] -- Up-to-date symlink: /home/jetson/ros2_ws/install/darknet_ros/share/darknet_ros/environment/library_path.sh
[16.278s] -- Up-to-date symlink: /home/jetson/ros2_ws/install/darknet_ros/share/darknet_ros/environment/library_path.dsv
[16.281s] -- Up-to-date symlink: /home/jetson/ros2_ws/install/darknet_ros/share/ament_index/resource_index/package_run_dependencies/darknet_ros
[16.295s] -- Up-to-date symlink: /home/jetson/ros2_ws/install/darknet_ros/share/ament_index/resource_index/parent_prefix_path/darknet_ros
[16.298s] -- Up-to-date symlink: /home/jetson/ros2_ws/install/darknet_ros/share/darknet_ros/environment/ament_prefix_path.sh
[16.300s] -- Up-to-date symlink: /home/jetson/ros2_ws/install/darknet_ros/share/darknet_ros/environment/ament_prefix_path.dsv
[16.301s] -- Up-to-date symlink: /home/jetson/ros2_ws/install/darknet_ros/share/darknet_ros/environment/path.sh
[16.302s] -- Up-to-date symlink: /home/jetson/ros2_ws/install/darknet_ros/share/darknet_ros/environment/path.dsv
[16.314s] -- Up-to-date symlink: /home/jetson/ros2_ws/install/darknet_ros/share/darknet_ros/local_setup.bash
[16.318s] -- Up-to-date symlink: /home/jetson/ros2_ws/install/darknet_ros/share/darknet_ros/local_setup.sh
[16.320s] -- Up-to-date symlink: /home/jetson/ros2_ws/install/darknet_ros/share/darknet_ros/local_setup.zsh
[16.321s] -- Up-to-date symlink: /home/jetson/ros2_ws/install/darknet_ros/share/darknet_ros/local_setup.dsv
[16.322s] -- Symlinking: /home/jetson/ros2_ws/install/darknet_ros/share/darknet_ros/package.dsv
[16.353s] -- Up-to-date symlink: /home/jetson/ros2_ws/install/darknet_ros/share/ament_index/resource_index/packages/darknet_ros
[16.359s] -- Up-to-date symlink: /home/jetson/ros2_ws/install/darknet_ros/share/darknet_ros/cmake/ament_cmake_export_include_directories-extras.cmake
[16.362s] -- Up-to-date symlink: /home/jetson/ros2_ws/install/darknet_ros/share/darknet_ros/cmake/ament_cmake_export_libraries-extras.cmake
[16.364s] -- Up-to-date symlink: /home/jetson/ros2_ws/install/darknet_ros/share/darknet_ros/cmake/ament_cmake_export_dependencies-extras.cmake
[16.368s] -- Up-to-date symlink: /home/jetson/ros2_ws/install/darknet_ros/share/darknet_ros/cmake/darknet_rosConfig.cmake
[16.371s] -- Up-to-date symlink: /home/jetson/ros2_ws/install/darknet_ros/share/darknet_ros/cmake/darknet_rosConfig-version.cmake
[16.372s] -- Up-to-date symlink: /home/jetson/ros2_ws/install/darknet_ros/share/darknet_ros/package.xml
[16.373s] -- Up-to-date: /home/jetson/ros2_ws/install/darknet_ros/include/
[16.374s] -- Up-to-date: /home/jetson/ros2_ws/install/darknet_ros/include//darknet_ros
[16.384s] Invoked command in '/home/jetson/ros2_ws/build/darknet_ros' returned '0': CMAKE_PREFIX_PATH=/home/jetson/ros2_ws/install/darknet_ros_msgs:/home/jetson/ros2_ws/install/px4_ros_com:/home/jetson/ros2_ws/install/px4_msgs:/home/jetson/ros2_ws/install/darknet_ros:/home/jetson/ros2_ws/install/yolo_den:/home/jetson/ros2_ws/install/termal:/home/jetson/ros2_ws/install/humcount:/home/jetson/ros2_ws/install/humancount:/home/jetson/ros2_ws/install/count:/home/jetson/ros2_ws/install/cvdeneme:/opt/ros/foxy LD_LIBRARY_PATH=/home/jetson/ros2_ws/install/darknet_ros_msgs/lib:/home/jetson/ros2_ws/install/px4_ros_com/lib:/home/jetson/ros2_ws/install/px4_msgs/lib:/home/jetson/ros2_ws/install/darknet_ros/lib:/opt/ros/foxy/opt/yaml_cpp_vendor/lib:/opt/ros/foxy/opt/rviz_ogre_vendor/lib:/opt/ros/foxy/lib/aarch64-linux-gnu:/opt/ros/foxy/lib PYTHONPATH=/home/jetson/ros2_ws/install/darknet_ros_msgs/lib/python3.8/site-packages:/home/jetson/ros2_ws/build/yolo_den:/home/jetson/ros2_ws/install/yolo_den/lib/python3.8/site-packages:/home/jetson/ros2_ws/build/termal:/home/jetson/ros2_ws/install/termal/lib/python3.8/site-packages:/home/jetson/ros2_ws/install/px4_msgs/lib/python3.8/site-packages:/home/jetson/ros2_ws/build/humcount:/home/jetson/ros2_ws/install/humcount/lib/python3.8/site-packages:/home/jetson/ros2_ws/build/humancount:/home/jetson/ros2_ws/install/humancount/lib/python3.8/site-packages:/home/jetson/ros2_ws/build/count:/home/jetson/ros2_ws/install/count/lib/python3.8/site-packages:/home/jetson/ros2_ws/install/cvdeneme/lib/python3.8/site-packages:/opt/ros/foxy/lib/python3.8/site-packages /usr/local/bin/cmake --install /home/jetson/ros2_ws/build/darknet_ros
