[2.496s] DEBUG:colcon:Command line arguments: ['/usr/bin/colcon', 'build', '--packages-select', 'humancount', 'smylink']
[2.497s] DEBUG:colcon:Parsed command line arguments: Namespace(allow_overriding=[], ament_cmake_args=None, base_paths=['.'], build_base='build', catkin_cmake_args=None, catkin_skip_building_tests=False, cmake_args=None, cmake_clean_cache=False, cmake_clean_first=False, cmake_force_configure=False, cmake_target=None, cmake_target_skip_unavailable=False, continue_on_error=False, event_handlers=None, executor='parallel', ignore_user_meta=False, install_base='install', log_base=None, log_level=None, main=<bound method BuildVerb.main of <colcon_core.verb.build.BuildVerb object at 0x7f9f089ac0>>, merge_install=False, metas=['./colcon.meta'], packages_above=None, packages_above_and_dependencies=None, packages_above_depth=None, packages_end=None, packages_ignore=None, packages_ignore_regex=None, packages_select=['humancount', 'smylink'], packages_select_build_failed=False, packages_select_by_dep=None, packages_select_regex=None, packages_select_test_failures=False, packages_skip=None, packages_skip_build_finished=False, packages_skip_by_dep=None, packages_skip_regex=None, packages_skip_test_passed=False, packages_skip_up_to=None, packages_start=None, packages_up_to=None, packages_up_to_regex=None, parallel_workers=4, paths=None, symlink_install=False, test_result_base=None, verb_extension=<colcon_core.verb.build.BuildVerb object at 0x7f9f089ac0>, verb_name='build', verb_parser=<colcon_defaults.argument_parser.defaults.DefaultArgumentsDecorator object at 0x7f9ef0b220>)
[2.875s] Level 1:colcon.colcon_core.package_discovery:discover_packages(colcon_meta) check parameters
[2.875s] Level 1:colcon.colcon_core.package_discovery:discover_packages(recursive) check parameters
[2.876s] Level 1:colcon.colcon_core.package_discovery:discover_packages(ignore) check parameters
[2.876s] Level 1:colcon.colcon_core.package_discovery:discover_packages(path) check parameters
[2.876s] Level 1:colcon.colcon_core.package_discovery:discover_packages(colcon_meta) discover
[2.876s] Level 1:colcon.colcon_core.package_discovery:discover_packages(recursive) discover
[2.877s] INFO:colcon.colcon_core.package_discovery:Crawling recursively for packages in '/home/jetson/ros2_ws/src'
[2.877s] Level 1:colcon.colcon_core.package_identification:_identify(.) by extensions ['ignore', 'ignore_ament_install']
[2.878s] Level 1:colcon.colcon_core.package_identification:_identify(.) by extension 'ignore'
[2.878s] Level 1:colcon.colcon_core.package_identification:_identify(.) by extension 'ignore_ament_install'
[2.879s] Level 1:colcon.colcon_core.package_identification:_identify(.) by extensions ['colcon_pkg']
[2.879s] Level 1:colcon.colcon_core.package_identification:_identify(.) by extension 'colcon_pkg'
[2.880s] Level 1:colcon.colcon_core.package_identification:_identify(.) by extensions ['colcon_meta']
[2.880s] Level 1:colcon.colcon_core.package_identification:_identify(.) by extension 'colcon_meta'
[2.880s] Level 1:colcon.colcon_core.package_identification:_identify(.) by extensions ['ros']
[2.880s] Level 1:colcon.colcon_core.package_identification:_identify(.) by extension 'ros'
[2.959s] Level 1:colcon.colcon_core.package_identification:_identify(.) by extensions ['cmake', 'python']
[2.960s] Level 1:colcon.colcon_core.package_identification:_identify(.) by extension 'cmake'
[2.960s] Level 1:colcon.colcon_core.package_identification:_identify(.) by extension 'python'
[2.961s] Level 1:colcon.colcon_core.package_identification:_identify(.) by extensions ['python_setup_py']
[2.961s] Level 1:colcon.colcon_core.package_identification:_identify(.) by extension 'python_setup_py'
[2.962s] Level 1:colcon.colcon_core.package_identification:_identify(build) by extensions ['ignore', 'ignore_ament_install']
[2.963s] Level 1:colcon.colcon_core.package_identification:_identify(build) by extension 'ignore'
[2.963s] Level 1:colcon.colcon_core.package_identification:_identify(build) ignored
[2.964s] Level 1:colcon.colcon_core.package_identification:_identify(cvdeneme) by extensions ['ignore', 'ignore_ament_install']
[2.965s] Level 1:colcon.colcon_core.package_identification:_identify(cvdeneme) by extension 'ignore'
[2.965s] Level 1:colcon.colcon_core.package_identification:_identify(cvdeneme) by extension 'ignore_ament_install'
[2.966s] Level 1:colcon.colcon_core.package_identification:_identify(cvdeneme) by extensions ['colcon_pkg']
[2.966s] Level 1:colcon.colcon_core.package_identification:_identify(cvdeneme) by extension 'colcon_pkg'
[2.967s] Level 1:colcon.colcon_core.package_identification:_identify(cvdeneme) by extensions ['colcon_meta']
[2.967s] Level 1:colcon.colcon_core.package_identification:_identify(cvdeneme) by extension 'colcon_meta'
[2.967s] Level 1:colcon.colcon_core.package_identification:_identify(cvdeneme) by extensions ['ros']
[2.967s] Level 1:colcon.colcon_core.package_identification:_identify(cvdeneme) by extension 'ros'
[2.985s] DEBUG:colcon.colcon_core.package_identification:Package 'cvdeneme' with type 'ros.ament_python' and name 'cvdeneme'
[2.986s] Level 1:colcon.colcon_core.package_identification:_identify(darknet_ros_yolov4) by extensions ['ignore', 'ignore_ament_install']
[2.986s] Level 1:colcon.colcon_core.package_identification:_identify(darknet_ros_yolov4) by extension 'ignore'
[2.987s] Level 1:colcon.colcon_core.package_identification:_identify(darknet_ros_yolov4) by extension 'ignore_ament_install'
[2.987s] Level 1:colcon.colcon_core.package_identification:_identify(darknet_ros_yolov4) by extensions ['colcon_pkg']
[2.987s] Level 1:colcon.colcon_core.package_identification:_identify(darknet_ros_yolov4) by extension 'colcon_pkg'
[2.987s] Level 1:colcon.colcon_core.package_identification:_identify(darknet_ros_yolov4) by extensions ['colcon_meta']
[2.988s] Level 1:colcon.colcon_core.package_identification:_identify(darknet_ros_yolov4) by extension 'colcon_meta'
[2.988s] Level 1:colcon.colcon_core.package_identification:_identify(darknet_ros_yolov4) by extensions ['ros']
[2.988s] Level 1:colcon.colcon_core.package_identification:_identify(darknet_ros_yolov4) by extension 'ros'
[2.989s] Level 1:colcon.colcon_core.package_identification:_identify(darknet_ros_yolov4) by extensions ['cmake', 'python']
[2.989s] Level 1:colcon.colcon_core.package_identification:_identify(darknet_ros_yolov4) by extension 'cmake'
[2.989s] Level 1:colcon.colcon_core.package_identification:_identify(darknet_ros_yolov4) by extension 'python'
[2.989s] Level 1:colcon.colcon_core.package_identification:_identify(darknet_ros_yolov4) by extensions ['python_setup_py']
[2.989s] Level 1:colcon.colcon_core.package_identification:_identify(darknet_ros_yolov4) by extension 'python_setup_py'
[2.990s] Level 1:colcon.colcon_core.package_identification:_identify(darknet_ros_yolov4/darknet_ros) by extensions ['ignore', 'ignore_ament_install']
[2.991s] Level 1:colcon.colcon_core.package_identification:_identify(darknet_ros_yolov4/darknet_ros) by extension 'ignore'
[2.991s] Level 1:colcon.colcon_core.package_identification:_identify(darknet_ros_yolov4/darknet_ros) by extension 'ignore_ament_install'
[2.992s] Level 1:colcon.colcon_core.package_identification:_identify(darknet_ros_yolov4/darknet_ros) by extensions ['colcon_pkg']
[2.992s] Level 1:colcon.colcon_core.package_identification:_identify(darknet_ros_yolov4/darknet_ros) by extension 'colcon_pkg'
[2.993s] Level 1:colcon.colcon_core.package_identification:_identify(darknet_ros_yolov4/darknet_ros) by extensions ['colcon_meta']
[2.993s] Level 1:colcon.colcon_core.package_identification:_identify(darknet_ros_yolov4/darknet_ros) by extension 'colcon_meta'
[2.993s] Level 1:colcon.colcon_core.package_identification:_identify(darknet_ros_yolov4/darknet_ros) by extensions ['ros']
[2.994s] Level 1:colcon.colcon_core.package_identification:_identify(darknet_ros_yolov4/darknet_ros) by extension 'ros'
[2.994s] Level 1:colcon.colcon_core.package_identification:_identify(darknet_ros_yolov4/darknet_ros) by extensions ['cmake', 'python']
[2.995s] Level 1:colcon.colcon_core.package_identification:_identify(darknet_ros_yolov4/darknet_ros) by extension 'cmake'
[2.995s] Level 1:colcon.colcon_core.package_identification:_identify(darknet_ros_yolov4/darknet_ros) by extension 'python'
[2.995s] Level 1:colcon.colcon_core.package_identification:_identify(darknet_ros_yolov4/darknet_ros) by extensions ['python_setup_py']
[2.996s] Level 1:colcon.colcon_core.package_identification:_identify(darknet_ros_yolov4/darknet_ros) by extension 'python_setup_py'
[2.997s] Level 1:colcon.colcon_core.package_identification:_identify(darknet_ros_yolov4/darknet_ros/darknet) by extensions ['ignore', 'ignore_ament_install']
[2.998s] Level 1:colcon.colcon_core.package_identification:_identify(darknet_ros_yolov4/darknet_ros/darknet) by extension 'ignore'
[2.998s] Level 1:colcon.colcon_core.package_identification:_identify(darknet_ros_yolov4/darknet_ros/darknet) by extension 'ignore_ament_install'
[2.999s] Level 1:colcon.colcon_core.package_identification:_identify(darknet_ros_yolov4/darknet_ros/darknet) by extensions ['colcon_pkg']
[2.999s] Level 1:colcon.colcon_core.package_identification:_identify(darknet_ros_yolov4/darknet_ros/darknet) by extension 'colcon_pkg'
[2.999s] Level 1:colcon.colcon_core.package_identification:_identify(darknet_ros_yolov4/darknet_ros/darknet) by extensions ['colcon_meta']
[3.000s] Level 1:colcon.colcon_core.package_identification:_identify(darknet_ros_yolov4/darknet_ros/darknet) by extension 'colcon_meta'
[3.000s] Level 1:colcon.colcon_core.package_identification:_identify(darknet_ros_yolov4/darknet_ros/darknet) by extensions ['ros']
[3.000s] Level 1:colcon.colcon_core.package_identification:_identify(darknet_ros_yolov4/darknet_ros/darknet) by extension 'ros'
[3.000s] Level 1:colcon.colcon_core.package_identification:_identify(darknet_ros_yolov4/darknet_ros/darknet) by extensions ['cmake', 'python']
[3.001s] Level 1:colcon.colcon_core.package_identification:_identify(darknet_ros_yolov4/darknet_ros/darknet) by extension 'cmake'
[3.001s] Level 1:colcon.colcon_core.package_identification:_identify(darknet_ros_yolov4/darknet_ros/darknet) by extension 'python'
[3.001s] Level 1:colcon.colcon_core.package_identification:_identify(darknet_ros_yolov4/darknet_ros/darknet) by extensions ['python_setup_py']
[3.001s] Level 1:colcon.colcon_core.package_identification:_identify(darknet_ros_yolov4/darknet_ros/darknet) by extension 'python_setup_py'
[3.002s] Level 1:colcon.colcon_core.package_identification:_identify(darknet_ros_yolov4/darknet_ros/darknet/3rdparty) by extensions ['ignore', 'ignore_ament_install']
[3.002s] Level 1:colcon.colcon_core.package_identification:_identify(darknet_ros_yolov4/darknet_ros/darknet/3rdparty) by extension 'ignore'
[3.003s] Level 1:colcon.colcon_core.package_identification:_identify(darknet_ros_yolov4/darknet_ros/darknet/3rdparty) by extension 'ignore_ament_install'
[3.003s] Level 1:colcon.colcon_core.package_identification:_identify(darknet_ros_yolov4/darknet_ros/darknet/3rdparty) by extensions ['colcon_pkg']
[3.003s] Level 1:colcon.colcon_core.package_identification:_identify(darknet_ros_yolov4/darknet_ros/darknet/3rdparty) by extension 'colcon_pkg'
[3.003s] Level 1:colcon.colcon_core.package_identification:_identify(darknet_ros_yolov4/darknet_ros/darknet/3rdparty) by extensions ['colcon_meta']
[3.003s] Level 1:colcon.colcon_core.package_identification:_identify(darknet_ros_yolov4/darknet_ros/darknet/3rdparty) by extension 'colcon_meta'
[3.004s] Level 1:colcon.colcon_core.package_identification:_identify(darknet_ros_yolov4/darknet_ros/darknet/3rdparty) by extensions ['ros']
[3.004s] Level 1:colcon.colcon_core.package_identification:_identify(darknet_ros_yolov4/darknet_ros/darknet/3rdparty) by extension 'ros'
[3.005s] Level 1:colcon.colcon_core.package_identification:_identify(darknet_ros_yolov4/darknet_ros/darknet/3rdparty) by extensions ['cmake', 'python']
[3.005s] Level 1:colcon.colcon_core.package_identification:_identify(darknet_ros_yolov4/darknet_ros/darknet/3rdparty) by extension 'cmake'
[3.005s] Level 1:colcon.colcon_core.package_identification:_identify(darknet_ros_yolov4/darknet_ros/darknet/3rdparty) by extension 'python'
[3.006s] Level 1:colcon.colcon_core.package_identification:_identify(darknet_ros_yolov4/darknet_ros/darknet/3rdparty) by extensions ['python_setup_py']
[3.006s] Level 1:colcon.colcon_core.package_identification:_identify(darknet_ros_yolov4/darknet_ros/darknet/3rdparty) by extension 'python_setup_py'
[3.007s] Level 1:colcon.colcon_core.package_identification:_identify(darknet_ros_yolov4/darknet_ros/darknet/3rdparty/pthreads) by extensions ['ignore', 'ignore_ament_install']
[3.008s] Level 1:colcon.colcon_core.package_identification:_identify(darknet_ros_yolov4/darknet_ros/darknet/3rdparty/pthreads) by extension 'ignore'
[3.009s] Level 1:colcon.colcon_core.package_identification:_identify(darknet_ros_yolov4/darknet_ros/darknet/3rdparty/pthreads) by extension 'ignore_ament_install'
[3.009s] Level 1:colcon.colcon_core.package_identification:_identify(darknet_ros_yolov4/darknet_ros/darknet/3rdparty/pthreads) by extensions ['colcon_pkg']
[3.010s] Level 1:colcon.colcon_core.package_identification:_identify(darknet_ros_yolov4/darknet_ros/darknet/3rdparty/pthreads) by extension 'colcon_pkg'
[3.010s] Level 1:colcon.colcon_core.package_identification:_identify(darknet_ros_yolov4/darknet_ros/darknet/3rdparty/pthreads) by extensions ['colcon_meta']
[3.011s] Level 1:colcon.colcon_core.package_identification:_identify(darknet_ros_yolov4/darknet_ros/darknet/3rdparty/pthreads) by extension 'colcon_meta'
[3.011s] Level 1:colcon.colcon_core.package_identification:_identify(darknet_ros_yolov4/darknet_ros/darknet/3rdparty/pthreads) by extensions ['ros']
[3.011s] Level 1:colcon.colcon_core.package_identification:_identify(darknet_ros_yolov4/darknet_ros/darknet/3rdparty/pthreads) by extension 'ros'
[3.012s] Level 1:colcon.colcon_core.package_identification:_identify(darknet_ros_yolov4/darknet_ros/darknet/3rdparty/pthreads) by extensions ['cmake', 'python']
[3.013s] Level 1:colcon.colcon_core.package_identification:_identify(darknet_ros_yolov4/darknet_ros/darknet/3rdparty/pthreads) by extension 'cmake'
[3.013s] Level 1:colcon.colcon_core.package_identification:_identify(darknet_ros_yolov4/darknet_ros/darknet/3rdparty/pthreads) by extension 'python'
[3.013s] Level 1:colcon.colcon_core.package_identification:_identify(darknet_ros_yolov4/darknet_ros/darknet/3rdparty/pthreads) by extensions ['python_setup_py']
[3.013s] Level 1:colcon.colcon_core.package_identification:_identify(darknet_ros_yolov4/darknet_ros/darknet/3rdparty/pthreads) by extension 'python_setup_py'
[3.014s] Level 1:colcon.colcon_core.package_identification:_identify(darknet_ros_yolov4/darknet_ros/darknet/3rdparty/pthreads/bin) by extensions ['ignore', 'ignore_ament_install']
[3.015s] Level 1:colcon.colcon_core.package_identification:_identify(darknet_ros_yolov4/darknet_ros/darknet/3rdparty/pthreads/bin) by extension 'ignore'
[3.015s] Level 1:colcon.colcon_core.package_identification:_identify(darknet_ros_yolov4/darknet_ros/darknet/3rdparty/pthreads/bin) by extension 'ignore_ament_install'
[3.015s] Level 1:colcon.colcon_core.package_identification:_identify(darknet_ros_yolov4/darknet_ros/darknet/3rdparty/pthreads/bin) by extensions ['colcon_pkg']
[3.016s] Level 1:colcon.colcon_core.package_identification:_identify(darknet_ros_yolov4/darknet_ros/darknet/3rdparty/pthreads/bin) by extension 'colcon_pkg'
[3.016s] Level 1:colcon.colcon_core.package_identification:_identify(darknet_ros_yolov4/darknet_ros/darknet/3rdparty/pthreads/bin) by extensions ['colcon_meta']
[3.016s] Level 1:colcon.colcon_core.package_identification:_identify(darknet_ros_yolov4/darknet_ros/darknet/3rdparty/pthreads/bin) by extension 'colcon_meta'
[3.017s] Level 1:colcon.colcon_core.package_identification:_identify(darknet_ros_yolov4/darknet_ros/darknet/3rdparty/pthreads/bin) by extensions ['ros']
[3.017s] Level 1:colcon.colcon_core.package_identification:_identify(darknet_ros_yolov4/darknet_ros/darknet/3rdparty/pthreads/bin) by extension 'ros'
[3.017s] Level 1:colcon.colcon_core.package_identification:_identify(darknet_ros_yolov4/darknet_ros/darknet/3rdparty/pthreads/bin) by extensions ['cmake', 'python']
[3.017s] Level 1:colcon.colcon_core.package_identification:_identify(darknet_ros_yolov4/darknet_ros/darknet/3rdparty/pthreads/bin) by extension 'cmake'
[3.018s] Level 1:colcon.colcon_core.package_identification:_identify(darknet_ros_yolov4/darknet_ros/darknet/3rdparty/pthreads/bin) by extension 'python'
[3.018s] Level 1:colcon.colcon_core.package_identification:_identify(darknet_ros_yolov4/darknet_ros/darknet/3rdparty/pthreads/bin) by extensions ['python_setup_py']
[3.018s] Level 1:colcon.colcon_core.package_identification:_identify(darknet_ros_yolov4/darknet_ros/darknet/3rdparty/pthreads/bin) by extension 'python_setup_py'
[3.019s] Level 1:colcon.colcon_core.package_identification:_identify(darknet_ros_yolov4/darknet_ros/darknet/3rdparty/pthreads/include) by extensions ['ignore', 'ignore_ament_install']
[3.019s] Level 1:colcon.colcon_core.package_identification:_identify(darknet_ros_yolov4/darknet_ros/darknet/3rdparty/pthreads/include) by extension 'ignore'
[3.020s] Level 1:colcon.colcon_core.package_identification:_identify(darknet_ros_yolov4/darknet_ros/darknet/3rdparty/pthreads/include) by extension 'ignore_ament_install'
[3.020s] Level 1:colcon.colcon_core.package_identification:_identify(darknet_ros_yolov4/darknet_ros/darknet/3rdparty/pthreads/include) by extensions ['colcon_pkg']
[3.020s] Level 1:colcon.colcon_core.package_identification:_identify(darknet_ros_yolov4/darknet_ros/darknet/3rdparty/pthreads/include) by extension 'colcon_pkg'
[3.020s] Level 1:colcon.colcon_core.package_identification:_identify(darknet_ros_yolov4/darknet_ros/darknet/3rdparty/pthreads/include) by extensions ['colcon_meta']
[3.020s] Level 1:colcon.colcon_core.package_identification:_identify(darknet_ros_yolov4/darknet_ros/darknet/3rdparty/pthreads/include) by extension 'colcon_meta'
[3.021s] Level 1:colcon.colcon_core.package_identification:_identify(darknet_ros_yolov4/darknet_ros/darknet/3rdparty/pthreads/include) by extensions ['ros']
[3.021s] Level 1:colcon.colcon_core.package_identification:_identify(darknet_ros_yolov4/darknet_ros/darknet/3rdparty/pthreads/include) by extension 'ros'
[3.021s] Level 1:colcon.colcon_core.package_identification:_identify(darknet_ros_yolov4/darknet_ros/darknet/3rdparty/pthreads/include) by extensions ['cmake', 'python']
[3.021s] Level 1:colcon.colcon_core.package_identification:_identify(darknet_ros_yolov4/darknet_ros/darknet/3rdparty/pthreads/include) by extension 'cmake'
[3.022s] Level 1:colcon.colcon_core.package_identification:_identify(darknet_ros_yolov4/darknet_ros/darknet/3rdparty/pthreads/include) by extension 'python'
[3.022s] Level 1:colcon.colcon_core.package_identification:_identify(darknet_ros_yolov4/darknet_ros/darknet/3rdparty/pthreads/include) by extensions ['python_setup_py']
[3.022s] Level 1:colcon.colcon_core.package_identification:_identify(darknet_ros_yolov4/darknet_ros/darknet/3rdparty/pthreads/include) by extension 'python_setup_py'
[3.022s] Level 1:colcon.colcon_core.package_identification:_identify(darknet_ros_yolov4/darknet_ros/darknet/3rdparty/pthreads/lib) by extensions ['ignore', 'ignore_ament_install']
[3.023s] Level 1:colcon.colcon_core.package_identification:_identify(darknet_ros_yolov4/darknet_ros/darknet/3rdparty/pthreads/lib) by extension 'ignore'
[3.023s] Level 1:colcon.colcon_core.package_identification:_identify(darknet_ros_yolov4/darknet_ros/darknet/3rdparty/pthreads/lib) by extension 'ignore_ament_install'
[3.023s] Level 1:colcon.colcon_core.package_identification:_identify(darknet_ros_yolov4/darknet_ros/darknet/3rdparty/pthreads/lib) by extensions ['colcon_pkg']
[3.023s] Level 1:colcon.colcon_core.package_identification:_identify(darknet_ros_yolov4/darknet_ros/darknet/3rdparty/pthreads/lib) by extension 'colcon_pkg'
[3.024s] Level 1:colcon.colcon_core.package_identification:_identify(darknet_ros_yolov4/darknet_ros/darknet/3rdparty/pthreads/lib) by extensions ['colcon_meta']
[3.024s] Level 1:colcon.colcon_core.package_identification:_identify(darknet_ros_yolov4/darknet_ros/darknet/3rdparty/pthreads/lib) by extension 'colcon_meta'
[3.024s] Level 1:colcon.colcon_core.package_identification:_identify(darknet_ros_yolov4/darknet_ros/darknet/3rdparty/pthreads/lib) by extensions ['ros']
[3.024s] Level 1:colcon.colcon_core.package_identification:_identify(darknet_ros_yolov4/darknet_ros/darknet/3rdparty/pthreads/lib) by extension 'ros'
[3.025s] Level 1:colcon.colcon_core.package_identification:_identify(darknet_ros_yolov4/darknet_ros/darknet/3rdparty/pthreads/lib) by extensions ['cmake', 'python']
[3.025s] Level 1:colcon.colcon_core.package_identification:_identify(darknet_ros_yolov4/darknet_ros/darknet/3rdparty/pthreads/lib) by extension 'cmake'
[3.025s] Level 1:colcon.colcon_core.package_identification:_identify(darknet_ros_yolov4/darknet_ros/darknet/3rdparty/pthreads/lib) by extension 'python'
[3.026s] Level 1:colcon.colcon_core.package_identification:_identify(darknet_ros_yolov4/darknet_ros/darknet/3rdparty/pthreads/lib) by extensions ['python_setup_py']
[3.026s] Level 1:colcon.colcon_core.package_identification:_identify(darknet_ros_yolov4/darknet_ros/darknet/3rdparty/pthreads/lib) by extension 'python_setup_py'
[3.027s] Level 1:colcon.colcon_core.package_identification:_identify(darknet_ros_yolov4/darknet_ros/darknet/3rdparty/stb) by extensions ['ignore', 'ignore_ament_install']
[3.027s] Level 1:colcon.colcon_core.package_identification:_identify(darknet_ros_yolov4/darknet_ros/darknet/3rdparty/stb) by extension 'ignore'
[3.027s] Level 1:colcon.colcon_core.package_identification:_identify(darknet_ros_yolov4/darknet_ros/darknet/3rdparty/stb) by extension 'ignore_ament_install'
[3.028s] Level 1:colcon.colcon_core.package_identification:_identify(darknet_ros_yolov4/darknet_ros/darknet/3rdparty/stb) by extensions ['colcon_pkg']
[3.028s] Level 1:colcon.colcon_core.package_identification:_identify(darknet_ros_yolov4/darknet_ros/darknet/3rdparty/stb) by extension 'colcon_pkg'
[3.028s] Level 1:colcon.colcon_core.package_identification:_identify(darknet_ros_yolov4/darknet_ros/darknet/3rdparty/stb) by extensions ['colcon_meta']
[3.028s] Level 1:colcon.colcon_core.package_identification:_identify(darknet_ros_yolov4/darknet_ros/darknet/3rdparty/stb) by extension 'colcon_meta'
[3.028s] Level 1:colcon.colcon_core.package_identification:_identify(darknet_ros_yolov4/darknet_ros/darknet/3rdparty/stb) by extensions ['ros']
[3.029s] Level 1:colcon.colcon_core.package_identification:_identify(darknet_ros_yolov4/darknet_ros/darknet/3rdparty/stb) by extension 'ros'
[3.029s] Level 1:colcon.colcon_core.package_identification:_identify(darknet_ros_yolov4/darknet_ros/darknet/3rdparty/stb) by extensions ['cmake', 'python']
[3.029s] Level 1:colcon.colcon_core.package_identification:_identify(darknet_ros_yolov4/darknet_ros/darknet/3rdparty/stb) by extension 'cmake'
[3.029s] Level 1:colcon.colcon_core.package_identification:_identify(darknet_ros_yolov4/darknet_ros/darknet/3rdparty/stb) by extension 'python'
[3.029s] Level 1:colcon.colcon_core.package_identification:_identify(darknet_ros_yolov4/darknet_ros/darknet/3rdparty/stb) by extensions ['python_setup_py']
[3.030s] Level 1:colcon.colcon_core.package_identification:_identify(darknet_ros_yolov4/darknet_ros/darknet/3rdparty/stb) by extension 'python_setup_py'
[3.030s] Level 1:colcon.colcon_core.package_identification:_identify(darknet_ros_yolov4/darknet_ros/darknet/3rdparty/stb/include) by extensions ['ignore', 'ignore_ament_install']
[3.031s] Level 1:colcon.colcon_core.package_identification:_identify(darknet_ros_yolov4/darknet_ros/darknet/3rdparty/stb/include) by extension 'ignore'
[3.031s] Level 1:colcon.colcon_core.package_identification:_identify(darknet_ros_yolov4/darknet_ros/darknet/3rdparty/stb/include) by extension 'ignore_ament_install'
[3.031s] Level 1:colcon.colcon_core.package_identification:_identify(darknet_ros_yolov4/darknet_ros/darknet/3rdparty/stb/include) by extensions ['colcon_pkg']
[3.031s] Level 1:colcon.colcon_core.package_identification:_identify(darknet_ros_yolov4/darknet_ros/darknet/3rdparty/stb/include) by extension 'colcon_pkg'
[3.032s] Level 1:colcon.colcon_core.package_identification:_identify(darknet_ros_yolov4/darknet_ros/darknet/3rdparty/stb/include) by extensions ['colcon_meta']
[3.032s] Level 1:colcon.colcon_core.package_identification:_identify(darknet_ros_yolov4/darknet_ros/darknet/3rdparty/stb/include) by extension 'colcon_meta'
[3.032s] Level 1:colcon.colcon_core.package_identification:_identify(darknet_ros_yolov4/darknet_ros/darknet/3rdparty/stb/include) by extensions ['ros']
[3.032s] Level 1:colcon.colcon_core.package_identification:_identify(darknet_ros_yolov4/darknet_ros/darknet/3rdparty/stb/include) by extension 'ros'
[3.033s] Level 1:colcon.colcon_core.package_identification:_identify(darknet_ros_yolov4/darknet_ros/darknet/3rdparty/stb/include) by extensions ['cmake', 'python']
[3.033s] Level 1:colcon.colcon_core.package_identification:_identify(darknet_ros_yolov4/darknet_ros/darknet/3rdparty/stb/include) by extension 'cmake'
[3.034s] Level 1:colcon.colcon_core.package_identification:_identify(darknet_ros_yolov4/darknet_ros/darknet/3rdparty/stb/include) by extension 'python'
[3.034s] Level 1:colcon.colcon_core.package_identification:_identify(darknet_ros_yolov4/darknet_ros/darknet/3rdparty/stb/include) by extensions ['python_setup_py']
[3.034s] Level 1:colcon.colcon_core.package_identification:_identify(darknet_ros_yolov4/darknet_ros/darknet/3rdparty/stb/include) by extension 'python_setup_py'
[3.035s] Level 1:colcon.colcon_core.package_identification:_identify(darknet_ros_yolov4/darknet_ros/darknet/build) by extensions ['ignore', 'ignore_ament_install']
[3.036s] Level 1:colcon.colcon_core.package_identification:_identify(darknet_ros_yolov4/darknet_ros/darknet/build) by extension 'ignore'
[3.036s] Level 1:colcon.colcon_core.package_identification:_identify(darknet_ros_yolov4/darknet_ros/darknet/build) by extension 'ignore_ament_install'
[3.036s] Level 1:colcon.colcon_core.package_identification:_identify(darknet_ros_yolov4/darknet_ros/darknet/build) by extensions ['colcon_pkg']
[3.037s] Level 1:colcon.colcon_core.package_identification:_identify(darknet_ros_yolov4/darknet_ros/darknet/build) by extension 'colcon_pkg'
[3.037s] Level 1:colcon.colcon_core.package_identification:_identify(darknet_ros_yolov4/darknet_ros/darknet/build) by extensions ['colcon_meta']
[3.037s] Level 1:colcon.colcon_core.package_identification:_identify(darknet_ros_yolov4/darknet_ros/darknet/build) by extension 'colcon_meta'
[3.038s] Level 1:colcon.colcon_core.package_identification:_identify(darknet_ros_yolov4/darknet_ros/darknet/build) by extensions ['ros']
[3.038s] Level 1:colcon.colcon_core.package_identification:_identify(darknet_ros_yolov4/darknet_ros/darknet/build) by extension 'ros'
[3.039s] Level 1:colcon.colcon_core.package_identification:_identify(darknet_ros_yolov4/darknet_ros/darknet/build) by extensions ['cmake', 'python']
[3.039s] Level 1:colcon.colcon_core.package_identification:_identify(darknet_ros_yolov4/darknet_ros/darknet/build) by extension 'cmake'
[3.039s] Level 1:colcon.colcon_core.package_identification:_identify(darknet_ros_yolov4/darknet_ros/darknet/build) by extension 'python'
[3.039s] Level 1:colcon.colcon_core.package_identification:_identify(darknet_ros_yolov4/darknet_ros/darknet/build) by extensions ['python_setup_py']
[3.040s] Level 1:colcon.colcon_core.package_identification:_identify(darknet_ros_yolov4/darknet_ros/darknet/build) by extension 'python_setup_py'
[3.040s] Level 1:colcon.colcon_core.package_identification:_identify(darknet_ros_yolov4/darknet_ros/darknet/build/darknet) by extensions ['ignore', 'ignore_ament_install']
[3.041s] Level 1:colcon.colcon_core.package_identification:_identify(darknet_ros_yolov4/darknet_ros/darknet/build/darknet) by extension 'ignore'
[3.042s] Level 1:colcon.colcon_core.package_identification:_identify(darknet_ros_yolov4/darknet_ros/darknet/build/darknet) by extension 'ignore_ament_install'
[3.042s] Level 1:colcon.colcon_core.package_identification:_identify(darknet_ros_yolov4/darknet_ros/darknet/build/darknet) by extensions ['colcon_pkg']
[3.042s] Level 1:colcon.colcon_core.package_identification:_identify(darknet_ros_yolov4/darknet_ros/darknet/build/darknet) by extension 'colcon_pkg'
[3.043s] Level 1:colcon.colcon_core.package_identification:_identify(darknet_ros_yolov4/darknet_ros/darknet/build/darknet) by extensions ['colcon_meta']
[3.043s] Level 1:colcon.colcon_core.package_identification:_identify(darknet_ros_yolov4/darknet_ros/darknet/build/darknet) by extension 'colcon_meta'
[3.043s] Level 1:colcon.colcon_core.package_identification:_identify(darknet_ros_yolov4/darknet_ros/darknet/build/darknet) by extensions ['ros']
[3.043s] Level 1:colcon.colcon_core.package_identification:_identify(darknet_ros_yolov4/darknet_ros/darknet/build/darknet) by extension 'ros'
[3.044s] Level 1:colcon.colcon_core.package_identification:_identify(darknet_ros_yolov4/darknet_ros/darknet/build/darknet) by extensions ['cmake', 'python']
[3.044s] Level 1:colcon.colcon_core.package_identification:_identify(darknet_ros_yolov4/darknet_ros/darknet/build/darknet) by extension 'cmake'
[3.045s] Level 1:colcon.colcon_core.package_identification:_identify(darknet_ros_yolov4/darknet_ros/darknet/build/darknet) by extension 'python'
[3.045s] Level 1:colcon.colcon_core.package_identification:_identify(darknet_ros_yolov4/darknet_ros/darknet/build/darknet) by extensions ['python_setup_py']
[3.045s] Level 1:colcon.colcon_core.package_identification:_identify(darknet_ros_yolov4/darknet_ros/darknet/build/darknet) by extension 'python_setup_py'
[3.046s] Level 1:colcon.colcon_core.package_identification:_identify(darknet_ros_yolov4/darknet_ros/darknet/build/darknet/x64) by extensions ['ignore', 'ignore_ament_install']
[3.047s] Level 1:colcon.colcon_core.package_identification:_identify(darknet_ros_yolov4/darknet_ros/darknet/build/darknet/x64) by extension 'ignore'
[3.047s] Level 1:colcon.colcon_core.package_identification:_identify(darknet_ros_yolov4/darknet_ros/darknet/build/darknet/x64) by extension 'ignore_ament_install'
[3.048s] Level 1:colcon.colcon_core.package_identification:_identify(darknet_ros_yolov4/darknet_ros/darknet/build/darknet/x64) by extensions ['colcon_pkg']
[3.048s] Level 1:colcon.colcon_core.package_identification:_identify(darknet_ros_yolov4/darknet_ros/darknet/build/darknet/x64) by extension 'colcon_pkg'
[3.048s] Level 1:colcon.colcon_core.package_identification:_identify(darknet_ros_yolov4/darknet_ros/darknet/build/darknet/x64) by extensions ['colcon_meta']
[3.048s] Level 1:colcon.colcon_core.package_identification:_identify(darknet_ros_yolov4/darknet_ros/darknet/build/darknet/x64) by extension 'colcon_meta'
[3.049s] Level 1:colcon.colcon_core.package_identification:_identify(darknet_ros_yolov4/darknet_ros/darknet/build/darknet/x64) by extensions ['ros']
[3.049s] Level 1:colcon.colcon_core.package_identification:_identify(darknet_ros_yolov4/darknet_ros/darknet/build/darknet/x64) by extension 'ros'
[3.049s] Level 1:colcon.colcon_core.package_identification:_identify(darknet_ros_yolov4/darknet_ros/darknet/build/darknet/x64) by extensions ['cmake', 'python']
[3.049s] Level 1:colcon.colcon_core.package_identification:_identify(darknet_ros_yolov4/darknet_ros/darknet/build/darknet/x64) by extension 'cmake'
[3.050s] Level 1:colcon.colcon_core.package_identification:_identify(darknet_ros_yolov4/darknet_ros/darknet/build/darknet/x64) by extension 'python'
[3.050s] Level 1:colcon.colcon_core.package_identification:_identify(darknet_ros_yolov4/darknet_ros/darknet/build/darknet/x64) by extensions ['python_setup_py']
[3.050s] Level 1:colcon.colcon_core.package_identification:_identify(darknet_ros_yolov4/darknet_ros/darknet/build/darknet/x64) by extension 'python_setup_py'
[3.051s] Level 1:colcon.colcon_core.package_identification:_identify(darknet_ros_yolov4/darknet_ros/darknet/build/darknet/x64/backup) by extensions ['ignore', 'ignore_ament_install']
[3.051s] Level 1:colcon.colcon_core.package_identification:_identify(darknet_ros_yolov4/darknet_ros/darknet/build/darknet/x64/backup) by extension 'ignore'
[3.051s] Level 1:colcon.colcon_core.package_identification:_identify(darknet_ros_yolov4/darknet_ros/darknet/build/darknet/x64/backup) by extension 'ignore_ament_install'
[3.052s] Level 1:colcon.colcon_core.package_identification:_identify(darknet_ros_yolov4/darknet_ros/darknet/build/darknet/x64/backup) by extensions ['colcon_pkg']
[3.052s] Level 1:colcon.colcon_core.package_identification:_identify(darknet_ros_yolov4/darknet_ros/darknet/build/darknet/x64/backup) by extension 'colcon_pkg'
[3.052s] Level 1:colcon.colcon_core.package_identification:_identify(darknet_ros_yolov4/darknet_ros/darknet/build/darknet/x64/backup) by extensions ['colcon_meta']
[3.052s] Level 1:colcon.colcon_core.package_identification:_identify(darknet_ros_yolov4/darknet_ros/darknet/build/darknet/x64/backup) by extension 'colcon_meta'
[3.053s] Level 1:colcon.colcon_core.package_identification:_identify(darknet_ros_yolov4/darknet_ros/darknet/build/darknet/x64/backup) by extensions ['ros']
[3.053s] Level 1:colcon.colcon_core.package_identification:_identify(darknet_ros_yolov4/darknet_ros/darknet/build/darknet/x64/backup) by extension 'ros'
[3.053s] Level 1:colcon.colcon_core.package_identification:_identify(darknet_ros_yolov4/darknet_ros/darknet/build/darknet/x64/backup) by extensions ['cmake', 'python']
[3.053s] Level 1:colcon.colcon_core.package_identification:_identify(darknet_ros_yolov4/darknet_ros/darknet/build/darknet/x64/backup) by extension 'cmake'
[3.054s] Level 1:colcon.colcon_core.package_identification:_identify(darknet_ros_yolov4/darknet_ros/darknet/build/darknet/x64/backup) by extension 'python'
[3.054s] Level 1:colcon.colcon_core.package_identification:_identify(darknet_ros_yolov4/darknet_ros/darknet/build/darknet/x64/backup) by extensions ['python_setup_py']
[3.054s] Level 1:colcon.colcon_core.package_identification:_identify(darknet_ros_yolov4/darknet_ros/darknet/build/darknet/x64/backup) by extension 'python_setup_py'
[3.055s] Level 1:colcon.colcon_core.package_identification:_identify(darknet_ros_yolov4/darknet_ros/darknet/build/darknet/x64/cfg) by extensions ['ignore', 'ignore_ament_install']
[3.056s] Level 1:colcon.colcon_core.package_identification:_identify(darknet_ros_yolov4/darknet_ros/darknet/build/darknet/x64/cfg) by extension 'ignore'
[3.056s] Level 1:colcon.colcon_core.package_identification:_identify(darknet_ros_yolov4/darknet_ros/darknet/build/darknet/x64/cfg) by extension 'ignore_ament_install'
[3.056s] Level 1:colcon.colcon_core.package_identification:_identify(darknet_ros_yolov4/darknet_ros/darknet/build/darknet/x64/cfg) by extensions ['colcon_pkg']
[3.056s] Level 1:colcon.colcon_core.package_identification:_identify(darknet_ros_yolov4/darknet_ros/darknet/build/darknet/x64/cfg) by extension 'colcon_pkg'
[3.057s] Level 1:colcon.colcon_core.package_identification:_identify(darknet_ros_yolov4/darknet_ros/darknet/build/darknet/x64/cfg) by extensions ['colcon_meta']
[3.057s] Level 1:colcon.colcon_core.package_identification:_identify(darknet_ros_yolov4/darknet_ros/darknet/build/darknet/x64/cfg) by extension 'colcon_meta'
[3.057s] Level 1:colcon.colcon_core.package_identification:_identify(darknet_ros_yolov4/darknet_ros/darknet/build/darknet/x64/cfg) by extensions ['ros']
[3.058s] Level 1:colcon.colcon_core.package_identification:_identify(darknet_ros_yolov4/darknet_ros/darknet/build/darknet/x64/cfg) by extension 'ros'
[3.058s] Level 1:colcon.colcon_core.package_identification:_identify(darknet_ros_yolov4/darknet_ros/darknet/build/darknet/x64/cfg) by extensions ['cmake', 'python']
[3.059s] Level 1:colcon.colcon_core.package_identification:_identify(darknet_ros_yolov4/darknet_ros/darknet/build/darknet/x64/cfg) by extension 'cmake'
[3.059s] Level 1:colcon.colcon_core.package_identification:_identify(darknet_ros_yolov4/darknet_ros/darknet/build/darknet/x64/cfg) by extension 'python'
[3.059s] Level 1:colcon.colcon_core.package_identification:_identify(darknet_ros_yolov4/darknet_ros/darknet/build/darknet/x64/cfg) by extensions ['python_setup_py']
[3.060s] Level 1:colcon.colcon_core.package_identification:_identify(darknet_ros_yolov4/darknet_ros/darknet/build/darknet/x64/cfg) by extension 'python_setup_py'
[3.060s] Level 1:colcon.colcon_core.package_identification:_identify(darknet_ros_yolov4/darknet_ros/darknet/build/darknet/x64/data) by extensions ['ignore', 'ignore_ament_install']
[3.061s] Level 1:colcon.colcon_core.package_identification:_identify(darknet_ros_yolov4/darknet_ros/darknet/build/darknet/x64/data) by extension 'ignore'
[3.061s] Level 1:colcon.colcon_core.package_identification:_identify(darknet_ros_yolov4/darknet_ros/darknet/build/darknet/x64/data) by extension 'ignore_ament_install'
[3.061s] Level 1:colcon.colcon_core.package_identification:_identify(darknet_ros_yolov4/darknet_ros/darknet/build/darknet/x64/data) by extensions ['colcon_pkg']
[3.062s] Level 1:colcon.colcon_core.package_identification:_identify(darknet_ros_yolov4/darknet_ros/darknet/build/darknet/x64/data) by extension 'colcon_pkg'
[3.062s] Level 1:colcon.colcon_core.package_identification:_identify(darknet_ros_yolov4/darknet_ros/darknet/build/darknet/x64/data) by extensions ['colcon_meta']
[3.062s] Level 1:colcon.colcon_core.package_identification:_identify(darknet_ros_yolov4/darknet_ros/darknet/build/darknet/x64/data) by extension 'colcon_meta'
[3.062s] Level 1:colcon.colcon_core.package_identification:_identify(darknet_ros_yolov4/darknet_ros/darknet/build/darknet/x64/data) by extensions ['ros']
[3.063s] Level 1:colcon.colcon_core.package_identification:_identify(darknet_ros_yolov4/darknet_ros/darknet/build/darknet/x64/data) by extension 'ros'
[3.063s] Level 1:colcon.colcon_core.package_identification:_identify(darknet_ros_yolov4/darknet_ros/darknet/build/darknet/x64/data) by extensions ['cmake', 'python']
[3.063s] Level 1:colcon.colcon_core.package_identification:_identify(darknet_ros_yolov4/darknet_ros/darknet/build/darknet/x64/data) by extension 'cmake'
[3.063s] Level 1:colcon.colcon_core.package_identification:_identify(darknet_ros_yolov4/darknet_ros/darknet/build/darknet/x64/data) by extension 'python'
[3.064s] Level 1:colcon.colcon_core.package_identification:_identify(darknet_ros_yolov4/darknet_ros/darknet/build/darknet/x64/data) by extensions ['python_setup_py']
[3.064s] Level 1:colcon.colcon_core.package_identification:_identify(darknet_ros_yolov4/darknet_ros/darknet/build/darknet/x64/data) by extension 'python_setup_py'
[3.069s] Level 1:colcon.colcon_core.package_identification:_identify(darknet_ros_yolov4/darknet_ros/darknet/build/darknet/x64/data/labels) by extensions ['ignore', 'ignore_ament_install']
[3.070s] Level 1:colcon.colcon_core.package_identification:_identify(darknet_ros_yolov4/darknet_ros/darknet/build/darknet/x64/data/labels) by extension 'ignore'
[3.070s] Level 1:colcon.colcon_core.package_identification:_identify(darknet_ros_yolov4/darknet_ros/darknet/build/darknet/x64/data/labels) by extension 'ignore_ament_install'
[3.071s] Level 1:colcon.colcon_core.package_identification:_identify(darknet_ros_yolov4/darknet_ros/darknet/build/darknet/x64/data/labels) by extensions ['colcon_pkg']
[3.071s] Level 1:colcon.colcon_core.package_identification:_identify(darknet_ros_yolov4/darknet_ros/darknet/build/darknet/x64/data/labels) by extension 'colcon_pkg'
[3.071s] Level 1:colcon.colcon_core.package_identification:_identify(darknet_ros_yolov4/darknet_ros/darknet/build/darknet/x64/data/labels) by extensions ['colcon_meta']
[3.072s] Level 1:colcon.colcon_core.package_identification:_identify(darknet_ros_yolov4/darknet_ros/darknet/build/darknet/x64/data/labels) by extension 'colcon_meta'
[3.072s] Level 1:colcon.colcon_core.package_identification:_identify(darknet_ros_yolov4/darknet_ros/darknet/build/darknet/x64/data/labels) by extensions ['ros']
[3.072s] Level 1:colcon.colcon_core.package_identification:_identify(darknet_ros_yolov4/darknet_ros/darknet/build/darknet/x64/data/labels) by extension 'ros'
[3.073s] Level 1:colcon.colcon_core.package_identification:_identify(darknet_ros_yolov4/darknet_ros/darknet/build/darknet/x64/data/labels) by extensions ['cmake', 'python']
[3.073s] Level 1:colcon.colcon_core.package_identification:_identify(darknet_ros_yolov4/darknet_ros/darknet/build/darknet/x64/data/labels) by extension 'cmake'
[3.073s] Level 1:colcon.colcon_core.package_identification:_identify(darknet_ros_yolov4/darknet_ros/darknet/build/darknet/x64/data/labels) by extension 'python'
[3.074s] Level 1:colcon.colcon_core.package_identification:_identify(darknet_ros_yolov4/darknet_ros/darknet/build/darknet/x64/data/labels) by extensions ['python_setup_py']
[3.074s] Level 1:colcon.colcon_core.package_identification:_identify(darknet_ros_yolov4/darknet_ros/darknet/build/darknet/x64/data/labels) by extension 'python_setup_py'
[3.075s] Level 1:colcon.colcon_core.package_identification:_identify(darknet_ros_yolov4/darknet_ros/darknet/build/darknet/x64/data/voc) by extensions ['ignore', 'ignore_ament_install']
[3.076s] Level 1:colcon.colcon_core.package_identification:_identify(darknet_ros_yolov4/darknet_ros/darknet/build/darknet/x64/data/voc) by extension 'ignore'
[3.076s] Level 1:colcon.colcon_core.package_identification:_identify(darknet_ros_yolov4/darknet_ros/darknet/build/darknet/x64/data/voc) by extension 'ignore_ament_install'
[3.077s] Level 1:colcon.colcon_core.package_identification:_identify(darknet_ros_yolov4/darknet_ros/darknet/build/darknet/x64/data/voc) by extensions ['colcon_pkg']
[3.077s] Level 1:colcon.colcon_core.package_identification:_identify(darknet_ros_yolov4/darknet_ros/darknet/build/darknet/x64/data/voc) by extension 'colcon_pkg'
[3.077s] Level 1:colcon.colcon_core.package_identification:_identify(darknet_ros_yolov4/darknet_ros/darknet/build/darknet/x64/data/voc) by extensions ['colcon_meta']
[3.078s] Level 1:colcon.colcon_core.package_identification:_identify(darknet_ros_yolov4/darknet_ros/darknet/build/darknet/x64/data/voc) by extension 'colcon_meta'
[3.083s] Level 1:colcon.colcon_core.package_identification:_identify(darknet_ros_yolov4/darknet_ros/darknet/build/darknet/x64/data/voc) by extensions ['ros']
[3.083s] Level 1:colcon.colcon_core.package_identification:_identify(darknet_ros_yolov4/darknet_ros/darknet/build/darknet/x64/data/voc) by extension 'ros'
[3.084s] Level 1:colcon.colcon_core.package_identification:_identify(darknet_ros_yolov4/darknet_ros/darknet/build/darknet/x64/data/voc) by extensions ['cmake', 'python']
[3.085s] Level 1:colcon.colcon_core.package_identification:_identify(darknet_ros_yolov4/darknet_ros/darknet/build/darknet/x64/data/voc) by extension 'cmake'
[3.086s] Level 1:colcon.colcon_core.package_identification:_identify(darknet_ros_yolov4/darknet_ros/darknet/build/darknet/x64/data/voc) by extension 'python'
[3.086s] Level 1:colcon.colcon_core.package_identification:_identify(darknet_ros_yolov4/darknet_ros/darknet/build/darknet/x64/data/voc) by extensions ['python_setup_py']
[3.086s] Level 1:colcon.colcon_core.package_identification:_identify(darknet_ros_yolov4/darknet_ros/darknet/build/darknet/x64/data/voc) by extension 'python_setup_py'
[3.087s] Level 1:colcon.colcon_core.package_identification:_identify(darknet_ros_yolov4/darknet_ros/darknet/build/darknet/x64/results) by extensions ['ignore', 'ignore_ament_install']
[3.088s] Level 1:colcon.colcon_core.package_identification:_identify(darknet_ros_yolov4/darknet_ros/darknet/build/darknet/x64/results) by extension 'ignore'
[3.088s] Level 1:colcon.colcon_core.package_identification:_identify(darknet_ros_yolov4/darknet_ros/darknet/build/darknet/x64/results) by extension 'ignore_ament_install'
[3.089s] Level 1:colcon.colcon_core.package_identification:_identify(darknet_ros_yolov4/darknet_ros/darknet/build/darknet/x64/results) by extensions ['colcon_pkg']
[3.089s] Level 1:colcon.colcon_core.package_identification:_identify(darknet_ros_yolov4/darknet_ros/darknet/build/darknet/x64/results) by extension 'colcon_pkg'
[3.090s] Level 1:colcon.colcon_core.package_identification:_identify(darknet_ros_yolov4/darknet_ros/darknet/build/darknet/x64/results) by extensions ['colcon_meta']
[3.090s] Level 1:colcon.colcon_core.package_identification:_identify(darknet_ros_yolov4/darknet_ros/darknet/build/darknet/x64/results) by extension 'colcon_meta'
[3.091s] Level 1:colcon.colcon_core.package_identification:_identify(darknet_ros_yolov4/darknet_ros/darknet/build/darknet/x64/results) by extensions ['ros']
[3.091s] Level 1:colcon.colcon_core.package_identification:_identify(darknet_ros_yolov4/darknet_ros/darknet/build/darknet/x64/results) by extension 'ros'
[3.092s] Level 1:colcon.colcon_core.package_identification:_identify(darknet_ros_yolov4/darknet_ros/darknet/build/darknet/x64/results) by extensions ['cmake', 'python']
[3.092s] Level 1:colcon.colcon_core.package_identification:_identify(darknet_ros_yolov4/darknet_ros/darknet/build/darknet/x64/results) by extension 'cmake'
[3.093s] Level 1:colcon.colcon_core.package_identification:_identify(darknet_ros_yolov4/darknet_ros/darknet/build/darknet/x64/results) by extension 'python'
[3.093s] Level 1:colcon.colcon_core.package_identification:_identify(darknet_ros_yolov4/darknet_ros/darknet/build/darknet/x64/results) by extensions ['python_setup_py']
[3.093s] Level 1:colcon.colcon_core.package_identification:_identify(darknet_ros_yolov4/darknet_ros/darknet/build/darknet/x64/results) by extension 'python_setup_py'
[3.095s] Level 1:colcon.colcon_core.package_identification:_identify(darknet_ros_yolov4/darknet_ros/darknet/cfg) by extensions ['ignore', 'ignore_ament_install']
[3.095s] Level 1:colcon.colcon_core.package_identification:_identify(darknet_ros_yolov4/darknet_ros/darknet/cfg) by extension 'ignore'
[3.096s] Level 1:colcon.colcon_core.package_identification:_identify(darknet_ros_yolov4/darknet_ros/darknet/cfg) by extension 'ignore_ament_install'
[3.096s] Level 1:colcon.colcon_core.package_identification:_identify(darknet_ros_yolov4/darknet_ros/darknet/cfg) by extensions ['colcon_pkg']
[3.096s] Level 1:colcon.colcon_core.package_identification:_identify(darknet_ros_yolov4/darknet_ros/darknet/cfg) by extension 'colcon_pkg'
[3.096s] Level 1:colcon.colcon_core.package_identification:_identify(darknet_ros_yolov4/darknet_ros/darknet/cfg) by extensions ['colcon_meta']
[3.097s] Level 1:colcon.colcon_core.package_identification:_identify(darknet_ros_yolov4/darknet_ros/darknet/cfg) by extension 'colcon_meta'
[3.097s] Level 1:colcon.colcon_core.package_identification:_identify(darknet_ros_yolov4/darknet_ros/darknet/cfg) by extensions ['ros']
[3.097s] Level 1:colcon.colcon_core.package_identification:_identify(darknet_ros_yolov4/darknet_ros/darknet/cfg) by extension 'ros'
[3.098s] Level 1:colcon.colcon_core.package_identification:_identify(darknet_ros_yolov4/darknet_ros/darknet/cfg) by extensions ['cmake', 'python']
[3.098s] Level 1:colcon.colcon_core.package_identification:_identify(darknet_ros_yolov4/darknet_ros/darknet/cfg) by extension 'cmake'
[3.098s] Level 1:colcon.colcon_core.package_identification:_identify(darknet_ros_yolov4/darknet_ros/darknet/cfg) by extension 'python'
[3.098s] Level 1:colcon.colcon_core.package_identification:_identify(darknet_ros_yolov4/darknet_ros/darknet/cfg) by extensions ['python_setup_py']
[3.098s] Level 1:colcon.colcon_core.package_identification:_identify(darknet_ros_yolov4/darknet_ros/darknet/cfg) by extension 'python_setup_py'
[3.099s] Level 1:colcon.colcon_core.package_identification:_identify(darknet_ros_yolov4/darknet_ros/darknet/cfg/yolov1) by extensions ['ignore', 'ignore_ament_install']
[3.100s] Level 1:colcon.colcon_core.package_identification:_identify(darknet_ros_yolov4/darknet_ros/darknet/cfg/yolov1) by extension 'ignore'
[3.100s] Level 1:colcon.colcon_core.package_identification:_identify(darknet_ros_yolov4/darknet_ros/darknet/cfg/yolov1) by extension 'ignore_ament_install'
[3.100s] Level 1:colcon.colcon_core.package_identification:_identify(darknet_ros_yolov4/darknet_ros/darknet/cfg/yolov1) by extensions ['colcon_pkg']
[3.100s] Level 1:colcon.colcon_core.package_identification:_identify(darknet_ros_yolov4/darknet_ros/darknet/cfg/yolov1) by extension 'colcon_pkg'
[3.100s] Level 1:colcon.colcon_core.package_identification:_identify(darknet_ros_yolov4/darknet_ros/darknet/cfg/yolov1) by extensions ['colcon_meta']
[3.101s] Level 1:colcon.colcon_core.package_identification:_identify(darknet_ros_yolov4/darknet_ros/darknet/cfg/yolov1) by extension 'colcon_meta'
[3.101s] Level 1:colcon.colcon_core.package_identification:_identify(darknet_ros_yolov4/darknet_ros/darknet/cfg/yolov1) by extensions ['ros']
[3.101s] Level 1:colcon.colcon_core.package_identification:_identify(darknet_ros_yolov4/darknet_ros/darknet/cfg/yolov1) by extension 'ros'
[3.102s] Level 1:colcon.colcon_core.package_identification:_identify(darknet_ros_yolov4/darknet_ros/darknet/cfg/yolov1) by extensions ['cmake', 'python']
[3.102s] Level 1:colcon.colcon_core.package_identification:_identify(darknet_ros_yolov4/darknet_ros/darknet/cfg/yolov1) by extension 'cmake'
[3.102s] Level 1:colcon.colcon_core.package_identification:_identify(darknet_ros_yolov4/darknet_ros/darknet/cfg/yolov1) by extension 'python'
[3.102s] Level 1:colcon.colcon_core.package_identification:_identify(darknet_ros_yolov4/darknet_ros/darknet/cfg/yolov1) by extensions ['python_setup_py']
[3.102s] Level 1:colcon.colcon_core.package_identification:_identify(darknet_ros_yolov4/darknet_ros/darknet/cfg/yolov1) by extension 'python_setup_py'
[3.103s] Level 1:colcon.colcon_core.package_identification:_identify(darknet_ros_yolov4/darknet_ros/darknet/cmake) by extensions ['ignore', 'ignore_ament_install']
[3.103s] Level 1:colcon.colcon_core.package_identification:_identify(darknet_ros_yolov4/darknet_ros/darknet/cmake) by extension 'ignore'
[3.104s] Level 1:colcon.colcon_core.package_identification:_identify(darknet_ros_yolov4/darknet_ros/darknet/cmake) by extension 'ignore_ament_install'
[3.104s] Level 1:colcon.colcon_core.package_identification:_identify(darknet_ros_yolov4/darknet_ros/darknet/cmake) by extensions ['colcon_pkg']
[3.105s] Level 1:colcon.colcon_core.package_identification:_identify(darknet_ros_yolov4/darknet_ros/darknet/cmake) by extension 'colcon_pkg'
[3.105s] Level 1:colcon.colcon_core.package_identification:_identify(darknet_ros_yolov4/darknet_ros/darknet/cmake) by extensions ['colcon_meta']
[3.105s] Level 1:colcon.colcon_core.package_identification:_identify(darknet_ros_yolov4/darknet_ros/darknet/cmake) by extension 'colcon_meta'
[3.106s] Level 1:colcon.colcon_core.package_identification:_identify(darknet_ros_yolov4/darknet_ros/darknet/cmake) by extensions ['ros']
[3.106s] Level 1:colcon.colcon_core.package_identification:_identify(darknet_ros_yolov4/darknet_ros/darknet/cmake) by extension 'ros'
[3.107s] Level 1:colcon.colcon_core.package_identification:_identify(darknet_ros_yolov4/darknet_ros/darknet/cmake) by extensions ['cmake', 'python']
[3.108s] Level 1:colcon.colcon_core.package_identification:_identify(darknet_ros_yolov4/darknet_ros/darknet/cmake) by extension 'cmake'
[3.108s] Level 1:colcon.colcon_core.package_identification:_identify(darknet_ros_yolov4/darknet_ros/darknet/cmake) by extension 'python'
[3.108s] Level 1:colcon.colcon_core.package_identification:_identify(darknet_ros_yolov4/darknet_ros/darknet/cmake) by extensions ['python_setup_py']
[3.108s] Level 1:colcon.colcon_core.package_identification:_identify(darknet_ros_yolov4/darknet_ros/darknet/cmake) by extension 'python_setup_py'
[3.110s] Level 1:colcon.colcon_core.package_identification:_identify(darknet_ros_yolov4/darknet_ros/darknet/cmake/Modules) by extensions ['ignore', 'ignore_ament_install']
[3.110s] Level 1:colcon.colcon_core.package_identification:_identify(darknet_ros_yolov4/darknet_ros/darknet/cmake/Modules) by extension 'ignore'
[3.111s] Level 1:colcon.colcon_core.package_identification:_identify(darknet_ros_yolov4/darknet_ros/darknet/cmake/Modules) by extension 'ignore_ament_install'
[3.111s] Level 1:colcon.colcon_core.package_identification:_identify(darknet_ros_yolov4/darknet_ros/darknet/cmake/Modules) by extensions ['colcon_pkg']
[3.112s] Level 1:colcon.colcon_core.package_identification:_identify(darknet_ros_yolov4/darknet_ros/darknet/cmake/Modules) by extension 'colcon_pkg'
[3.112s] Level 1:colcon.colcon_core.package_identification:_identify(darknet_ros_yolov4/darknet_ros/darknet/cmake/Modules) by extensions ['colcon_meta']
[3.113s] Level 1:colcon.colcon_core.package_identification:_identify(darknet_ros_yolov4/darknet_ros/darknet/cmake/Modules) by extension 'colcon_meta'
[3.113s] Level 1:colcon.colcon_core.package_identification:_identify(darknet_ros_yolov4/darknet_ros/darknet/cmake/Modules) by extensions ['ros']
[3.113s] Level 1:colcon.colcon_core.package_identification:_identify(darknet_ros_yolov4/darknet_ros/darknet/cmake/Modules) by extension 'ros'
[3.114s] Level 1:colcon.colcon_core.package_identification:_identify(darknet_ros_yolov4/darknet_ros/darknet/cmake/Modules) by extensions ['cmake', 'python']
[3.114s] Level 1:colcon.colcon_core.package_identification:_identify(darknet_ros_yolov4/darknet_ros/darknet/cmake/Modules) by extension 'cmake'
[3.114s] Level 1:colcon.colcon_core.package_identification:_identify(darknet_ros_yolov4/darknet_ros/darknet/cmake/Modules) by extension 'python'
[3.115s] Level 1:colcon.colcon_core.package_identification:_identify(darknet_ros_yolov4/darknet_ros/darknet/cmake/Modules) by extensions ['python_setup_py']
[3.115s] Level 1:colcon.colcon_core.package_identification:_identify(darknet_ros_yolov4/darknet_ros/darknet/cmake/Modules) by extension 'python_setup_py'
[3.116s] Level 1:colcon.colcon_core.package_identification:_identify(darknet_ros_yolov4/darknet_ros/darknet/data) by extensions ['ignore', 'ignore_ament_install']
[3.116s] Level 1:colcon.colcon_core.package_identification:_identify(darknet_ros_yolov4/darknet_ros/darknet/data) by extension 'ignore'
[3.116s] Level 1:colcon.colcon_core.package_identification:_identify(darknet_ros_yolov4/darknet_ros/darknet/data) by extension 'ignore_ament_install'
[3.117s] Level 1:colcon.colcon_core.package_identification:_identify(darknet_ros_yolov4/darknet_ros/darknet/data) by extensions ['colcon_pkg']
[3.117s] Level 1:colcon.colcon_core.package_identification:_identify(darknet_ros_yolov4/darknet_ros/darknet/data) by extension 'colcon_pkg'
[3.117s] Level 1:colcon.colcon_core.package_identification:_identify(darknet_ros_yolov4/darknet_ros/darknet/data) by extensions ['colcon_meta']
[3.117s] Level 1:colcon.colcon_core.package_identification:_identify(darknet_ros_yolov4/darknet_ros/darknet/data) by extension 'colcon_meta'
[3.118s] Level 1:colcon.colcon_core.package_identification:_identify(darknet_ros_yolov4/darknet_ros/darknet/data) by extensions ['ros']
[3.118s] Level 1:colcon.colcon_core.package_identification:_identify(darknet_ros_yolov4/darknet_ros/darknet/data) by extension 'ros'
[3.118s] Level 1:colcon.colcon_core.package_identification:_identify(darknet_ros_yolov4/darknet_ros/darknet/data) by extensions ['cmake', 'python']
[3.118s] Level 1:colcon.colcon_core.package_identification:_identify(darknet_ros_yolov4/darknet_ros/darknet/data) by extension 'cmake'
[3.119s] Level 1:colcon.colcon_core.package_identification:_identify(darknet_ros_yolov4/darknet_ros/darknet/data) by extension 'python'
[3.119s] Level 1:colcon.colcon_core.package_identification:_identify(darknet_ros_yolov4/darknet_ros/darknet/data) by extensions ['python_setup_py']
[3.119s] Level 1:colcon.colcon_core.package_identification:_identify(darknet_ros_yolov4/darknet_ros/darknet/data) by extension 'python_setup_py'
[3.124s] Level 1:colcon.colcon_core.package_identification:_identify(darknet_ros_yolov4/darknet_ros/darknet/data/labels) by extensions ['ignore', 'ignore_ament_install']
[3.124s] Level 1:colcon.colcon_core.package_identification:_identify(darknet_ros_yolov4/darknet_ros/darknet/data/labels) by extension 'ignore'
[3.125s] Level 1:colcon.colcon_core.package_identification:_identify(darknet_ros_yolov4/darknet_ros/darknet/data/labels) by extension 'ignore_ament_install'
[3.125s] Level 1:colcon.colcon_core.package_identification:_identify(darknet_ros_yolov4/darknet_ros/darknet/data/labels) by extensions ['colcon_pkg']
[3.125s] Level 1:colcon.colcon_core.package_identification:_identify(darknet_ros_yolov4/darknet_ros/darknet/data/labels) by extension 'colcon_pkg'
[3.125s] Level 1:colcon.colcon_core.package_identification:_identify(darknet_ros_yolov4/darknet_ros/darknet/data/labels) by extensions ['colcon_meta']
[3.125s] Level 1:colcon.colcon_core.package_identification:_identify(darknet_ros_yolov4/darknet_ros/darknet/data/labels) by extension 'colcon_meta'
[3.126s] Level 1:colcon.colcon_core.package_identification:_identify(darknet_ros_yolov4/darknet_ros/darknet/data/labels) by extensions ['ros']
[3.126s] Level 1:colcon.colcon_core.package_identification:_identify(darknet_ros_yolov4/darknet_ros/darknet/data/labels) by extension 'ros'
[3.126s] Level 1:colcon.colcon_core.package_identification:_identify(darknet_ros_yolov4/darknet_ros/darknet/data/labels) by extensions ['cmake', 'python']
[3.127s] Level 1:colcon.colcon_core.package_identification:_identify(darknet_ros_yolov4/darknet_ros/darknet/data/labels) by extension 'cmake'
[3.127s] Level 1:colcon.colcon_core.package_identification:_identify(darknet_ros_yolov4/darknet_ros/darknet/data/labels) by extension 'python'
[3.127s] Level 1:colcon.colcon_core.package_identification:_identify(darknet_ros_yolov4/darknet_ros/darknet/data/labels) by extensions ['python_setup_py']
[3.127s] Level 1:colcon.colcon_core.package_identification:_identify(darknet_ros_yolov4/darknet_ros/darknet/data/labels) by extension 'python_setup_py'
[3.128s] Level 1:colcon.colcon_core.package_identification:_identify(darknet_ros_yolov4/darknet_ros/darknet/include) by extensions ['ignore', 'ignore_ament_install']
[3.128s] Level 1:colcon.colcon_core.package_identification:_identify(darknet_ros_yolov4/darknet_ros/darknet/include) by extension 'ignore'
[3.129s] Level 1:colcon.colcon_core.package_identification:_identify(darknet_ros_yolov4/darknet_ros/darknet/include) by extension 'ignore_ament_install'
[3.129s] Level 1:colcon.colcon_core.package_identification:_identify(darknet_ros_yolov4/darknet_ros/darknet/include) by extensions ['colcon_pkg']
[3.129s] Level 1:colcon.colcon_core.package_identification:_identify(darknet_ros_yolov4/darknet_ros/darknet/include) by extension 'colcon_pkg'
[3.129s] Level 1:colcon.colcon_core.package_identification:_identify(darknet_ros_yolov4/darknet_ros/darknet/include) by extensions ['colcon_meta']
[3.129s] Level 1:colcon.colcon_core.package_identification:_identify(darknet_ros_yolov4/darknet_ros/darknet/include) by extension 'colcon_meta'
[3.130s] Level 1:colcon.colcon_core.package_identification:_identify(darknet_ros_yolov4/darknet_ros/darknet/include) by extensions ['ros']
[3.130s] Level 1:colcon.colcon_core.package_identification:_identify(darknet_ros_yolov4/darknet_ros/darknet/include) by extension 'ros'
[3.130s] Level 1:colcon.colcon_core.package_identification:_identify(darknet_ros_yolov4/darknet_ros/darknet/include) by extensions ['cmake', 'python']
[3.130s] Level 1:colcon.colcon_core.package_identification:_identify(darknet_ros_yolov4/darknet_ros/darknet/include) by extension 'cmake'
[3.131s] Level 1:colcon.colcon_core.package_identification:_identify(darknet_ros_yolov4/darknet_ros/darknet/include) by extension 'python'
[3.131s] Level 1:colcon.colcon_core.package_identification:_identify(darknet_ros_yolov4/darknet_ros/darknet/include) by extensions ['python_setup_py']
[3.131s] Level 1:colcon.colcon_core.package_identification:_identify(darknet_ros_yolov4/darknet_ros/darknet/include) by extension 'python_setup_py'
[3.131s] Level 1:colcon.colcon_core.package_identification:_identify(darknet_ros_yolov4/darknet_ros/darknet/results) by extensions ['ignore', 'ignore_ament_install']
[3.132s] Level 1:colcon.colcon_core.package_identification:_identify(darknet_ros_yolov4/darknet_ros/darknet/results) by extension 'ignore'
[3.132s] Level 1:colcon.colcon_core.package_identification:_identify(darknet_ros_yolov4/darknet_ros/darknet/results) by extension 'ignore_ament_install'
[3.132s] Level 1:colcon.colcon_core.package_identification:_identify(darknet_ros_yolov4/darknet_ros/darknet/results) by extensions ['colcon_pkg']
[3.132s] Level 1:colcon.colcon_core.package_identification:_identify(darknet_ros_yolov4/darknet_ros/darknet/results) by extension 'colcon_pkg'
[3.133s] Level 1:colcon.colcon_core.package_identification:_identify(darknet_ros_yolov4/darknet_ros/darknet/results) by extensions ['colcon_meta']
[3.133s] Level 1:colcon.colcon_core.package_identification:_identify(darknet_ros_yolov4/darknet_ros/darknet/results) by extension 'colcon_meta'
[3.133s] Level 1:colcon.colcon_core.package_identification:_identify(darknet_ros_yolov4/darknet_ros/darknet/results) by extensions ['ros']
[3.133s] Level 1:colcon.colcon_core.package_identification:_identify(darknet_ros_yolov4/darknet_ros/darknet/results) by extension 'ros'
[3.134s] Level 1:colcon.colcon_core.package_identification:_identify(darknet_ros_yolov4/darknet_ros/darknet/results) by extensions ['cmake', 'python']
[3.135s] Level 1:colcon.colcon_core.package_identification:_identify(darknet_ros_yolov4/darknet_ros/darknet/results) by extension 'cmake'
[3.135s] Level 1:colcon.colcon_core.package_identification:_identify(darknet_ros_yolov4/darknet_ros/darknet/results) by extension 'python'
[3.136s] Level 1:colcon.colcon_core.package_identification:_identify(darknet_ros_yolov4/darknet_ros/darknet/results) by extensions ['python_setup_py']
[3.136s] Level 1:colcon.colcon_core.package_identification:_identify(darknet_ros_yolov4/darknet_ros/darknet/results) by extension 'python_setup_py'
[3.137s] Level 1:colcon.colcon_core.package_identification:_identify(darknet_ros_yolov4/darknet_ros/darknet/scripts) by extensions ['ignore', 'ignore_ament_install']
[3.138s] Level 1:colcon.colcon_core.package_identification:_identify(darknet_ros_yolov4/darknet_ros/darknet/scripts) by extension 'ignore'
[3.138s] Level 1:colcon.colcon_core.package_identification:_identify(darknet_ros_yolov4/darknet_ros/darknet/scripts) by extension 'ignore_ament_install'
[3.138s] Level 1:colcon.colcon_core.package_identification:_identify(darknet_ros_yolov4/darknet_ros/darknet/scripts) by extensions ['colcon_pkg']
[3.138s] Level 1:colcon.colcon_core.package_identification:_identify(darknet_ros_yolov4/darknet_ros/darknet/scripts) by extension 'colcon_pkg'
[3.139s] Level 1:colcon.colcon_core.package_identification:_identify(darknet_ros_yolov4/darknet_ros/darknet/scripts) by extensions ['colcon_meta']
[3.139s] Level 1:colcon.colcon_core.package_identification:_identify(darknet_ros_yolov4/darknet_ros/darknet/scripts) by extension 'colcon_meta'
[3.139s] Level 1:colcon.colcon_core.package_identification:_identify(darknet_ros_yolov4/darknet_ros/darknet/scripts) by extensions ['ros']
[3.139s] Level 1:colcon.colcon_core.package_identification:_identify(darknet_ros_yolov4/darknet_ros/darknet/scripts) by extension 'ros'
[3.140s] Level 1:colcon.colcon_core.package_identification:_identify(darknet_ros_yolov4/darknet_ros/darknet/scripts) by extensions ['cmake', 'python']
[3.140s] Level 1:colcon.colcon_core.package_identification:_identify(darknet_ros_yolov4/darknet_ros/darknet/scripts) by extension 'cmake'
[3.140s] Level 1:colcon.colcon_core.package_identification:_identify(darknet_ros_yolov4/darknet_ros/darknet/scripts) by extension 'python'
[3.140s] Level 1:colcon.colcon_core.package_identification:_identify(darknet_ros_yolov4/darknet_ros/darknet/scripts) by extensions ['python_setup_py']
[3.140s] Level 1:colcon.colcon_core.package_identification:_identify(darknet_ros_yolov4/darknet_ros/darknet/scripts) by extension 'python_setup_py'
[3.141s] Level 1:colcon.colcon_core.package_identification:_identify(darknet_ros_yolov4/darknet_ros/darknet/scripts/log_parser) by extensions ['ignore', 'ignore_ament_install']
[3.141s] Level 1:colcon.colcon_core.package_identification:_identify(darknet_ros_yolov4/darknet_ros/darknet/scripts/log_parser) by extension 'ignore'
[3.142s] Level 1:colcon.colcon_core.package_identification:_identify(darknet_ros_yolov4/darknet_ros/darknet/scripts/log_parser) by extension 'ignore_ament_install'
[3.142s] Level 1:colcon.colcon_core.package_identification:_identify(darknet_ros_yolov4/darknet_ros/darknet/scripts/log_parser) by extensions ['colcon_pkg']
[3.142s] Level 1:colcon.colcon_core.package_identification:_identify(darknet_ros_yolov4/darknet_ros/darknet/scripts/log_parser) by extension 'colcon_pkg'
[3.143s] Level 1:colcon.colcon_core.package_identification:_identify(darknet_ros_yolov4/darknet_ros/darknet/scripts/log_parser) by extensions ['colcon_meta']
[3.143s] Level 1:colcon.colcon_core.package_identification:_identify(darknet_ros_yolov4/darknet_ros/darknet/scripts/log_parser) by extension 'colcon_meta'
[3.143s] Level 1:colcon.colcon_core.package_identification:_identify(darknet_ros_yolov4/darknet_ros/darknet/scripts/log_parser) by extensions ['ros']
[3.143s] Level 1:colcon.colcon_core.package_identification:_identify(darknet_ros_yolov4/darknet_ros/darknet/scripts/log_parser) by extension 'ros'
[3.144s] Level 1:colcon.colcon_core.package_identification:_identify(darknet_ros_yolov4/darknet_ros/darknet/scripts/log_parser) by extensions ['cmake', 'python']
[3.144s] Level 1:colcon.colcon_core.package_identification:_identify(darknet_ros_yolov4/darknet_ros/darknet/scripts/log_parser) by extension 'cmake'
[3.144s] Level 1:colcon.colcon_core.package_identification:_identify(darknet_ros_yolov4/darknet_ros/darknet/scripts/log_parser) by extension 'python'
[3.145s] Level 1:colcon.colcon_core.package_identification:_identify(darknet_ros_yolov4/darknet_ros/darknet/scripts/log_parser) by extensions ['python_setup_py']
[3.145s] Level 1:colcon.colcon_core.package_identification:_identify(darknet_ros_yolov4/darknet_ros/darknet/scripts/log_parser) by extension 'python_setup_py'
[3.146s] Level 1:colcon.colcon_core.package_identification:_identify(darknet_ros_yolov4/darknet_ros/darknet/scripts/windows) by extensions ['ignore', 'ignore_ament_install']
[3.146s] Level 1:colcon.colcon_core.package_identification:_identify(darknet_ros_yolov4/darknet_ros/darknet/scripts/windows) by extension 'ignore'
[3.147s] Level 1:colcon.colcon_core.package_identification:_identify(darknet_ros_yolov4/darknet_ros/darknet/scripts/windows) by extension 'ignore_ament_install'
[3.147s] Level 1:colcon.colcon_core.package_identification:_identify(darknet_ros_yolov4/darknet_ros/darknet/scripts/windows) by extensions ['colcon_pkg']
[3.148s] Level 1:colcon.colcon_core.package_identification:_identify(darknet_ros_yolov4/darknet_ros/darknet/scripts/windows) by extension 'colcon_pkg'
[3.148s] Level 1:colcon.colcon_core.package_identification:_identify(darknet_ros_yolov4/darknet_ros/darknet/scripts/windows) by extensions ['colcon_meta']
[3.148s] Level 1:colcon.colcon_core.package_identification:_identify(darknet_ros_yolov4/darknet_ros/darknet/scripts/windows) by extension 'colcon_meta'
[3.149s] Level 1:colcon.colcon_core.package_identification:_identify(darknet_ros_yolov4/darknet_ros/darknet/scripts/windows) by extensions ['ros']
[3.149s] Level 1:colcon.colcon_core.package_identification:_identify(darknet_ros_yolov4/darknet_ros/darknet/scripts/windows) by extension 'ros'
[3.149s] Level 1:colcon.colcon_core.package_identification:_identify(darknet_ros_yolov4/darknet_ros/darknet/scripts/windows) by extensions ['cmake', 'python']
[3.150s] Level 1:colcon.colcon_core.package_identification:_identify(darknet_ros_yolov4/darknet_ros/darknet/scripts/windows) by extension 'cmake'
[3.150s] Level 1:colcon.colcon_core.package_identification:_identify(darknet_ros_yolov4/darknet_ros/darknet/scripts/windows) by extension 'python'
[3.150s] Level 1:colcon.colcon_core.package_identification:_identify(darknet_ros_yolov4/darknet_ros/darknet/scripts/windows) by extensions ['python_setup_py']
[3.151s] Level 1:colcon.colcon_core.package_identification:_identify(darknet_ros_yolov4/darknet_ros/darknet/scripts/windows) by extension 'python_setup_py'
[3.152s] Level 1:colcon.colcon_core.package_identification:_identify(darknet_ros_yolov4/darknet_ros/darknet/src) by extensions ['ignore', 'ignore_ament_install']
[3.153s] Level 1:colcon.colcon_core.package_identification:_identify(darknet_ros_yolov4/darknet_ros/darknet/src) by extension 'ignore'
[3.153s] Level 1:colcon.colcon_core.package_identification:_identify(darknet_ros_yolov4/darknet_ros/darknet/src) by extension 'ignore_ament_install'
[3.154s] Level 1:colcon.colcon_core.package_identification:_identify(darknet_ros_yolov4/darknet_ros/darknet/src) by extensions ['colcon_pkg']
[3.154s] Level 1:colcon.colcon_core.package_identification:_identify(darknet_ros_yolov4/darknet_ros/darknet/src) by extension 'colcon_pkg'
[3.154s] Level 1:colcon.colcon_core.package_identification:_identify(darknet_ros_yolov4/darknet_ros/darknet/src) by extensions ['colcon_meta']
[3.155s] Level 1:colcon.colcon_core.package_identification:_identify(darknet_ros_yolov4/darknet_ros/darknet/src) by extension 'colcon_meta'
[3.155s] Level 1:colcon.colcon_core.package_identification:_identify(darknet_ros_yolov4/darknet_ros/darknet/src) by extensions ['ros']
[3.155s] Level 1:colcon.colcon_core.package_identification:_identify(darknet_ros_yolov4/darknet_ros/darknet/src) by extension 'ros'
[3.156s] Level 1:colcon.colcon_core.package_identification:_identify(darknet_ros_yolov4/darknet_ros/darknet/src) by extensions ['cmake', 'python']
[3.156s] Level 1:colcon.colcon_core.package_identification:_identify(darknet_ros_yolov4/darknet_ros/darknet/src) by extension 'cmake'
[3.156s] Level 1:colcon.colcon_core.package_identification:_identify(darknet_ros_yolov4/darknet_ros/darknet/src) by extension 'python'
[3.156s] Level 1:colcon.colcon_core.package_identification:_identify(darknet_ros_yolov4/darknet_ros/darknet/src) by extensions ['python_setup_py']
[3.157s] Level 1:colcon.colcon_core.package_identification:_identify(darknet_ros_yolov4/darknet_ros/darknet/src) by extension 'python_setup_py'
[3.157s] Level 1:colcon.colcon_core.package_identification:_identify(darknet_ros_yolov4/darknet_ros/darknet_ros) by extensions ['ignore', 'ignore_ament_install']
[3.158s] Level 1:colcon.colcon_core.package_identification:_identify(darknet_ros_yolov4/darknet_ros/darknet_ros) by extension 'ignore'
[3.158s] Level 1:colcon.colcon_core.package_identification:_identify(darknet_ros_yolov4/darknet_ros/darknet_ros) by extension 'ignore_ament_install'
[3.159s] Level 1:colcon.colcon_core.package_identification:_identify(darknet_ros_yolov4/darknet_ros/darknet_ros) by extensions ['colcon_pkg']
[3.159s] Level 1:colcon.colcon_core.package_identification:_identify(darknet_ros_yolov4/darknet_ros/darknet_ros) by extension 'colcon_pkg'
[3.159s] Level 1:colcon.colcon_core.package_identification:_identify(darknet_ros_yolov4/darknet_ros/darknet_ros) by extensions ['colcon_meta']
[3.159s] Level 1:colcon.colcon_core.package_identification:_identify(darknet_ros_yolov4/darknet_ros/darknet_ros) by extension 'colcon_meta'
[3.160s] Level 1:colcon.colcon_core.package_identification:_identify(darknet_ros_yolov4/darknet_ros/darknet_ros) by extensions ['ros']
[3.160s] Level 1:colcon.colcon_core.package_identification:_identify(darknet_ros_yolov4/darknet_ros/darknet_ros) by extension 'ros'
[3.166s] DEBUG:colcon.colcon_core.package_identification:Package 'darknet_ros_yolov4/darknet_ros/darknet_ros' with type 'ros.ament_cmake' and name 'darknet_ros'
[3.167s] Level 1:colcon.colcon_core.package_identification:_identify(darknet_ros_yolov4/darknet_ros/darknet_ros_msgs) by extensions ['ignore', 'ignore_ament_install']
[3.167s] Level 1:colcon.colcon_core.package_identification:_identify(darknet_ros_yolov4/darknet_ros/darknet_ros_msgs) by extension 'ignore'
[3.168s] Level 1:colcon.colcon_core.package_identification:_identify(darknet_ros_yolov4/darknet_ros/darknet_ros_msgs) by extension 'ignore_ament_install'
[3.168s] Level 1:colcon.colcon_core.package_identification:_identify(darknet_ros_yolov4/darknet_ros/darknet_ros_msgs) by extensions ['colcon_pkg']
[3.168s] Level 1:colcon.colcon_core.package_identification:_identify(darknet_ros_yolov4/darknet_ros/darknet_ros_msgs) by extension 'colcon_pkg'
[3.168s] Level 1:colcon.colcon_core.package_identification:_identify(darknet_ros_yolov4/darknet_ros/darknet_ros_msgs) by extensions ['colcon_meta']
[3.169s] Level 1:colcon.colcon_core.package_identification:_identify(darknet_ros_yolov4/darknet_ros/darknet_ros_msgs) by extension 'colcon_meta'
[3.169s] Level 1:colcon.colcon_core.package_identification:_identify(darknet_ros_yolov4/darknet_ros/darknet_ros_msgs) by extensions ['ros']
[3.169s] Level 1:colcon.colcon_core.package_identification:_identify(darknet_ros_yolov4/darknet_ros/darknet_ros_msgs) by extension 'ros'
[3.174s] DEBUG:colcon.colcon_core.package_identification:Package 'darknet_ros_yolov4/darknet_ros/darknet_ros_msgs' with type 'ros.ament_cmake' and name 'darknet_ros_msgs'
[3.174s] Level 1:colcon.colcon_core.package_identification:_identify(darknet_ros_yolov4/pictures) by extensions ['ignore', 'ignore_ament_install']
[3.175s] Level 1:colcon.colcon_core.package_identification:_identify(darknet_ros_yolov4/pictures) by extension 'ignore'
[3.175s] Level 1:colcon.colcon_core.package_identification:_identify(darknet_ros_yolov4/pictures) by extension 'ignore_ament_install'
[3.176s] Level 1:colcon.colcon_core.package_identification:_identify(darknet_ros_yolov4/pictures) by extensions ['colcon_pkg']
[3.176s] Level 1:colcon.colcon_core.package_identification:_identify(darknet_ros_yolov4/pictures) by extension 'colcon_pkg'
[3.176s] Level 1:colcon.colcon_core.package_identification:_identify(darknet_ros_yolov4/pictures) by extensions ['colcon_meta']
[3.176s] Level 1:colcon.colcon_core.package_identification:_identify(darknet_ros_yolov4/pictures) by extension 'colcon_meta'
[3.176s] Level 1:colcon.colcon_core.package_identification:_identify(darknet_ros_yolov4/pictures) by extensions ['ros']
[3.176s] Level 1:colcon.colcon_core.package_identification:_identify(darknet_ros_yolov4/pictures) by extension 'ros'
[3.177s] Level 1:colcon.colcon_core.package_identification:_identify(darknet_ros_yolov4/pictures) by extensions ['cmake', 'python']
[3.177s] Level 1:colcon.colcon_core.package_identification:_identify(darknet_ros_yolov4/pictures) by extension 'cmake'
[3.178s] Level 1:colcon.colcon_core.package_identification:_identify(darknet_ros_yolov4/pictures) by extension 'python'
[3.178s] Level 1:colcon.colcon_core.package_identification:_identify(darknet_ros_yolov4/pictures) by extensions ['python_setup_py']
[3.178s] Level 1:colcon.colcon_core.package_identification:_identify(darknet_ros_yolov4/pictures) by extension 'python_setup_py'
[3.179s] Level 1:colcon.colcon_core.package_identification:_identify(humancount) by extensions ['ignore', 'ignore_ament_install']
[3.180s] Level 1:colcon.colcon_core.package_identification:_identify(humancount) by extension 'ignore'
[3.180s] Level 1:colcon.colcon_core.package_identification:_identify(humancount) by extension 'ignore_ament_install'
[3.180s] Level 1:colcon.colcon_core.package_identification:_identify(humancount) by extensions ['colcon_pkg']
[3.180s] Level 1:colcon.colcon_core.package_identification:_identify(humancount) by extension 'colcon_pkg'
[3.181s] Level 1:colcon.colcon_core.package_identification:_identify(humancount) by extensions ['colcon_meta']
[3.181s] Level 1:colcon.colcon_core.package_identification:_identify(humancount) by extension 'colcon_meta'
[3.181s] Level 1:colcon.colcon_core.package_identification:_identify(humancount) by extensions ['ros']
[3.181s] Level 1:colcon.colcon_core.package_identification:_identify(humancount) by extension 'ros'
[3.187s] DEBUG:colcon.colcon_core.package_identification:Package 'humancount' with type 'ros.ament_python' and name 'humancount'
[3.188s] Level 1:colcon.colcon_core.package_identification:_identify(install) by extensions ['ignore', 'ignore_ament_install']
[3.188s] Level 1:colcon.colcon_core.package_identification:_identify(install) by extension 'ignore'
[3.188s] Level 1:colcon.colcon_core.package_identification:_identify(install) ignored
[3.189s] Level 1:colcon.colcon_core.package_identification:_identify(log) by extensions ['ignore', 'ignore_ament_install']
[3.189s] Level 1:colcon.colcon_core.package_identification:_identify(log) by extension 'ignore'
[3.190s] Level 1:colcon.colcon_core.package_identification:_identify(log) ignored
[3.190s] Level 1:colcon.colcon_core.package_identification:_identify(px4_msgs) by extensions ['ignore', 'ignore_ament_install']
[3.191s] Level 1:colcon.colcon_core.package_identification:_identify(px4_msgs) by extension 'ignore'
[3.191s] Level 1:colcon.colcon_core.package_identification:_identify(px4_msgs) by extension 'ignore_ament_install'
[3.192s] Level 1:colcon.colcon_core.package_identification:_identify(px4_msgs) by extensions ['colcon_pkg']
[3.192s] Level 1:colcon.colcon_core.package_identification:_identify(px4_msgs) by extension 'colcon_pkg'
[3.193s] Level 1:colcon.colcon_core.package_identification:_identify(px4_msgs) by extensions ['colcon_meta']
[3.193s] Level 1:colcon.colcon_core.package_identification:_identify(px4_msgs) by extension 'colcon_meta'
[3.193s] Level 1:colcon.colcon_core.package_identification:_identify(px4_msgs) by extensions ['ros']
[3.194s] Level 1:colcon.colcon_core.package_identification:_identify(px4_msgs) by extension 'ros'
[3.197s] DEBUG:colcon.colcon_core.package_identification:Package 'px4_msgs' with type 'ros.ament_cmake' and name 'px4_msgs'
[3.198s] Level 1:colcon.colcon_core.package_identification:_identify(px4_ros_com) by extensions ['ignore', 'ignore_ament_install']
[3.199s] Level 1:colcon.colcon_core.package_identification:_identify(px4_ros_com) by extension 'ignore'
[3.199s] Level 1:colcon.colcon_core.package_identification:_identify(px4_ros_com) by extension 'ignore_ament_install'
[3.200s] Level 1:colcon.colcon_core.package_identification:_identify(px4_ros_com) by extensions ['colcon_pkg']
[3.200s] Level 1:colcon.colcon_core.package_identification:_identify(px4_ros_com) by extension 'colcon_pkg'
[3.201s] Level 1:colcon.colcon_core.package_identification:_identify(px4_ros_com) by extensions ['colcon_meta']
[3.201s] Level 1:colcon.colcon_core.package_identification:_identify(px4_ros_com) by extension 'colcon_meta'
[3.201s] Level 1:colcon.colcon_core.package_identification:_identify(px4_ros_com) by extensions ['ros']
[3.202s] Level 1:colcon.colcon_core.package_identification:_identify(px4_ros_com) by extension 'ros'
[3.209s] DEBUG:colcon.colcon_core.package_identification:Package 'px4_ros_com' with type 'ros.ament_cmake' and name 'px4_ros_com'
[3.210s] Level 1:colcon.colcon_core.package_identification:_identify(termal) by extensions ['ignore', 'ignore_ament_install']
[3.210s] Level 1:colcon.colcon_core.package_identification:_identify(termal) by extension 'ignore'
[3.211s] Level 1:colcon.colcon_core.package_identification:_identify(termal) by extension 'ignore_ament_install'
[3.211s] Level 1:colcon.colcon_core.package_identification:_identify(termal) by extensions ['colcon_pkg']
[3.211s] Level 1:colcon.colcon_core.package_identification:_identify(termal) by extension 'colcon_pkg'
[3.212s] Level 1:colcon.colcon_core.package_identification:_identify(termal) by extensions ['colcon_meta']
[3.212s] Level 1:colcon.colcon_core.package_identification:_identify(termal) by extension 'colcon_meta'
[3.212s] Level 1:colcon.colcon_core.package_identification:_identify(termal) by extensions ['ros']
[3.212s] Level 1:colcon.colcon_core.package_identification:_identify(termal) by extension 'ros'
[3.219s] DEBUG:colcon.colcon_core.package_identification:Package 'termal' with type 'ros.ament_python' and name 'termal'
[3.220s] Level 1:colcon.colcon_core.package_identification:_identify(yolo_den) by extensions ['ignore', 'ignore_ament_install']
[3.221s] Level 1:colcon.colcon_core.package_identification:_identify(yolo_den) by extension 'ignore'
[3.221s] Level 1:colcon.colcon_core.package_identification:_identify(yolo_den) by extension 'ignore_ament_install'
[3.221s] Level 1:colcon.colcon_core.package_identification:_identify(yolo_den) by extensions ['colcon_pkg']
[3.222s] Level 1:colcon.colcon_core.package_identification:_identify(yolo_den) by extension 'colcon_pkg'
[3.222s] Level 1:colcon.colcon_core.package_identification:_identify(yolo_den) by extensions ['colcon_meta']
[3.222s] Level 1:colcon.colcon_core.package_identification:_identify(yolo_den) by extension 'colcon_meta'
[3.223s] Level 1:colcon.colcon_core.package_identification:_identify(yolo_den) by extensions ['ros']
[3.223s] Level 1:colcon.colcon_core.package_identification:_identify(yolo_den) by extension 'ros'
[3.229s] DEBUG:colcon.colcon_core.package_identification:Package 'yolo_den' with type 'ros.ament_python' and name 'yolo_den'
[3.229s] Level 1:colcon.colcon_core.package_discovery:discover_packages(recursive) using defaults
[3.230s] Level 1:colcon.colcon_core.package_discovery:discover_packages(ignore) discover
[3.230s] Level 1:colcon.colcon_core.package_discovery:discover_packages(ignore) using defaults
[3.230s] Level 1:colcon.colcon_core.package_discovery:discover_packages(path) discover
[3.231s] Level 1:colcon.colcon_core.package_discovery:discover_packages(path) using defaults
[3.240s] WARNING:colcon.colcon_core.package_selection:ignoring unknown package 'smylink' in --packages-select
[3.387s] INFO:colcon.colcon_core.package_selection:Skipping not selected package 'cvdeneme' in 'cvdeneme'
[3.387s] INFO:colcon.colcon_core.package_selection:Skipping not selected package 'darknet_ros_msgs' in 'darknet_ros_yolov4/darknet_ros/darknet_ros_msgs'
[3.387s] INFO:colcon.colcon_core.package_selection:Skipping not selected package 'px4_msgs' in 'px4_msgs'
[3.387s] INFO:colcon.colcon_core.package_selection:Skipping not selected package 'termal' in 'termal'
[3.388s] INFO:colcon.colcon_core.package_selection:Skipping not selected package 'yolo_den' in 'yolo_den'
[3.388s] INFO:colcon.colcon_core.package_selection:Skipping not selected package 'darknet_ros' in 'darknet_ros_yolov4/darknet_ros/darknet_ros'
[3.388s] INFO:colcon.colcon_core.package_selection:Skipping not selected package 'px4_ros_com' in 'px4_ros_com'
[3.393s] Level 1:colcon.colcon_core.package_discovery:discover_packages(prefix_path) check parameters
[3.394s] Level 1:colcon.colcon_core.package_discovery:discover_packages(prefix_path) discover
[3.415s] DEBUG:colcon.colcon_installed_package_information.package_discovery:Found 10 installed packages in /home/jetson/ros2_ws/install
[3.426s] DEBUG:colcon.colcon_installed_package_information.package_discovery:Found 259 installed packages in /opt/ros/foxy
[3.436s] Level 1:colcon.colcon_core.package_discovery:discover_packages(prefix_path) using defaults
[3.925s] Level 5:colcon.colcon_core.verb:set package 'humancount' build argument 'cmake_args' from command line to 'None'
[3.925s] Level 5:colcon.colcon_core.verb:set package 'humancount' build argument 'cmake_target' from command line to 'None'
[3.925s] Level 5:colcon.colcon_core.verb:set package 'humancount' build argument 'cmake_target_skip_unavailable' from command line to 'False'
[3.926s] Level 5:colcon.colcon_core.verb:set package 'humancount' build argument 'cmake_clean_cache' from command line to 'False'
[3.926s] Level 5:colcon.colcon_core.verb:set package 'humancount' build argument 'cmake_clean_first' from command line to 'False'
[3.926s] Level 5:colcon.colcon_core.verb:set package 'humancount' build argument 'cmake_force_configure' from command line to 'False'
[3.926s] Level 5:colcon.colcon_core.verb:set package 'humancount' build argument 'ament_cmake_args' from command line to 'None'
[3.926s] Level 5:colcon.colcon_core.verb:set package 'humancount' build argument 'catkin_cmake_args' from command line to 'None'
[3.927s] Level 5:colcon.colcon_core.verb:set package 'humancount' build argument 'catkin_skip_building_tests' from command line to 'False'
[3.927s] DEBUG:colcon.colcon_core.verb:Building package 'humancount' with the following arguments: {'ament_cmake_args': None, 'build_base': '/home/jetson/ros2_ws/src/build/humancount', 'catkin_cmake_args': None, 'catkin_skip_building_tests': False, 'cmake_args': None, 'cmake_clean_cache': False, 'cmake_clean_first': False, 'cmake_force_configure': False, 'cmake_target': None, 'cmake_target_skip_unavailable': False, 'install_base': '/home/jetson/ros2_ws/src/install/humancount', 'merge_install': False, 'path': '/home/jetson/ros2_ws/src/humancount', 'symlink_install': False, 'test_result_base': None}
[3.939s] INFO:colcon.colcon_core.executor:Executing jobs using 'parallel' executor
[3.972s] DEBUG:colcon.colcon_parallel_executor.executor.parallel:run_until_complete
[3.978s] INFO:colcon.colcon_ros.task.ament_python.build:Building ROS package in '/home/jetson/ros2_ws/src/humancount' with build type 'ament_python'
[3.979s] Level 1:colcon.colcon_core.shell:create_environment_hook('humancount', 'ament_prefix_path')
[4.006s] INFO:colcon.colcon_core.plugin_system:Skipping extension 'colcon_core.shell.bat': Not used on non-Windows systems
[4.008s] INFO:colcon.colcon_core.shell:Creating environment hook '/home/jetson/ros2_ws/src/install/humancount/share/humancount/hook/ament_prefix_path.ps1'
[4.012s] INFO:colcon.colcon_core.shell:Creating environment descriptor '/home/jetson/ros2_ws/src/install/humancount/share/humancount/hook/ament_prefix_path.dsv'
[4.015s] INFO:colcon.colcon_core.shell:Creating environment hook '/home/jetson/ros2_ws/src/install/humancount/share/humancount/hook/ament_prefix_path.sh'
[4.027s] INFO:colcon.colcon_core.shell:Skip shell extension 'powershell' for command environment: Not usable outside of PowerShell
[4.027s] DEBUG:colcon.colcon_core.shell:Skip shell extension 'dsv' for command environment
[10.102s] INFO:colcon.colcon_core.task.python.build:Building Python package in '/home/jetson/ros2_ws/src/humancount'
[10.119s] INFO:colcon.colcon_core.shell:Skip shell extension 'powershell' for command environment: Not usable outside of PowerShell
[10.119s] DEBUG:colcon.colcon_core.shell:Skip shell extension 'dsv' for command environment
[18.034s] DEBUG:colcon.colcon_core.event_handler.log_command:Invoking command in '/home/jetson/ros2_ws/src/build/humancount': AMENT_PREFIX_PATH=/home/jetson/ros2_ws/src/install/darknet_ros_msgs:${AMENT_PREFIX_PATH} CMAKE_PREFIX_PATH=/home/jetson/ros2_ws/src/install/darknet_ros_msgs:${CMAKE_PREFIX_PATH} LD_LIBRARY_PATH=/home/jetson/ros2_ws/src/install/darknet_ros_msgs/lib:${LD_LIBRARY_PATH} PYTHONPATH=/home/jetson/ros2_ws/src/install/humancount/lib/python3.8/site-packages:/home/jetson/ros2_ws/src/install/darknet_ros_msgs/lib/python3.8/site-packages:${PYTHONPATH} /usr/bin/python3 setup.py develop --prefix /home/jetson/ros2_ws/src/install/humancount --uninstall --editable --build-directory /home/jetson/ros2_ws/src/build/humancount/build
[28.598s] DEBUG:colcon.colcon_core.event_handler.log_command:Invoked command in '/home/jetson/ros2_ws/src/build/humancount' returned '0': AMENT_PREFIX_PATH=/home/jetson/ros2_ws/src/install/darknet_ros_msgs:${AMENT_PREFIX_PATH} CMAKE_PREFIX_PATH=/home/jetson/ros2_ws/src/install/darknet_ros_msgs:${CMAKE_PREFIX_PATH} LD_LIBRARY_PATH=/home/jetson/ros2_ws/src/install/darknet_ros_msgs/lib:${LD_LIBRARY_PATH} PYTHONPATH=/home/jetson/ros2_ws/src/install/humancount/lib/python3.8/site-packages:/home/jetson/ros2_ws/src/install/darknet_ros_msgs/lib/python3.8/site-packages:${PYTHONPATH} /usr/bin/python3 setup.py develop --prefix /home/jetson/ros2_ws/src/install/humancount --uninstall --editable --build-directory /home/jetson/ros2_ws/src/build/humancount/build
[28.604s] DEBUG:colcon.colcon_core.event_handler.log_command:Invoking command in '/home/jetson/ros2_ws/src/humancount': AMENT_PREFIX_PATH=/home/jetson/ros2_ws/src/install/darknet_ros_msgs:${AMENT_PREFIX_PATH} CMAKE_PREFIX_PATH=/home/jetson/ros2_ws/src/install/darknet_ros_msgs:${CMAKE_PREFIX_PATH} LD_LIBRARY_PATH=/home/jetson/ros2_ws/src/install/darknet_ros_msgs/lib:${LD_LIBRARY_PATH} PYTHONPATH=/home/jetson/ros2_ws/src/install/humancount/lib/python3.8/site-packages:/home/jetson/ros2_ws/src/install/darknet_ros_msgs/lib/python3.8/site-packages:${PYTHONPATH} /usr/bin/python3 setup.py egg_info --egg-base ../build/humancount build --build-base /home/jetson/ros2_ws/src/build/humancount/build install --prefix /home/jetson/ros2_ws/src/install/humancount --record /home/jetson/ros2_ws/src/build/humancount/install.log --single-version-externally-managed
[42.679s] DEBUG:colcon.colcon_core.event_handler.log_command:Invoked command in '/home/jetson/ros2_ws/src/humancount' returned '0': AMENT_PREFIX_PATH=/home/jetson/ros2_ws/src/install/darknet_ros_msgs:${AMENT_PREFIX_PATH} CMAKE_PREFIX_PATH=/home/jetson/ros2_ws/src/install/darknet_ros_msgs:${CMAKE_PREFIX_PATH} LD_LIBRARY_PATH=/home/jetson/ros2_ws/src/install/darknet_ros_msgs/lib:${LD_LIBRARY_PATH} PYTHONPATH=/home/jetson/ros2_ws/src/install/humancount/lib/python3.8/site-packages:/home/jetson/ros2_ws/src/install/darknet_ros_msgs/lib/python3.8/site-packages:${PYTHONPATH} /usr/bin/python3 setup.py egg_info --egg-base ../build/humancount build --build-base /home/jetson/ros2_ws/src/build/humancount/build install --prefix /home/jetson/ros2_ws/src/install/humancount --record /home/jetson/ros2_ws/src/build/humancount/install.log --single-version-externally-managed
[42.722s] Level 1:colcon.colcon_core.environment:checking '/home/jetson/ros2_ws/src/install/humancount' for CMake module files
[42.725s] Level 1:colcon.colcon_core.environment:checking '/home/jetson/ros2_ws/src/install/humancount' for CMake config files
[42.729s] Level 1:colcon.colcon_core.environment:checking '/home/jetson/ros2_ws/src/install/humancount/lib'
[42.730s] Level 1:colcon.colcon_core.environment:checking '/home/jetson/ros2_ws/src/install/humancount/bin'
[42.730s] Level 1:colcon.colcon_core.environment:checking '/home/jetson/ros2_ws/src/install/humancount/lib/pkgconfig/humancount.pc'
[42.731s] Level 1:colcon.colcon_core.environment:checking '/home/jetson/ros2_ws/src/install/humancount/lib/python3.8/site-packages'
[42.732s] Level 1:colcon.colcon_core.shell:create_environment_hook('humancount', 'pythonpath')
[42.743s] INFO:colcon.colcon_core.shell:Creating environment hook '/home/jetson/ros2_ws/src/install/humancount/share/humancount/hook/pythonpath.ps1'
[42.746s] INFO:colcon.colcon_core.shell:Creating environment descriptor '/home/jetson/ros2_ws/src/install/humancount/share/humancount/hook/pythonpath.dsv'
[42.748s] INFO:colcon.colcon_core.shell:Creating environment hook '/home/jetson/ros2_ws/src/install/humancount/share/humancount/hook/pythonpath.sh'
[42.751s] Level 1:colcon.colcon_core.environment:checking '/home/jetson/ros2_ws/src/install/humancount/bin'
[42.752s] Level 1:colcon.colcon_core.environment:create_environment_scripts_only(humancount)
[42.768s] INFO:colcon.colcon_core.shell:Creating package script '/home/jetson/ros2_ws/src/install/humancount/share/humancount/package.ps1'
[42.775s] INFO:colcon.colcon_core.shell:Creating package descriptor '/home/jetson/ros2_ws/src/install/humancount/share/humancount/package.dsv'
[42.779s] INFO:colcon.colcon_core.shell:Creating package script '/home/jetson/ros2_ws/src/install/humancount/share/humancount/package.sh'
[42.785s] INFO:colcon.colcon_core.shell:Creating package script '/home/jetson/ros2_ws/src/install/humancount/share/humancount/package.bash'
[42.791s] INFO:colcon.colcon_core.shell:Creating package script '/home/jetson/ros2_ws/src/install/humancount/share/humancount/package.zsh'
[42.800s] Level 1:colcon.colcon_core.environment:create_file_with_runtime_dependencies(/home/jetson/ros2_ws/src/install/humancount/share/colcon-core/packages/humancount)
[42.803s] DEBUG:colcon.colcon_parallel_executor.executor.parallel:closing loop
[42.806s] DEBUG:colcon.colcon_parallel_executor.executor.parallel:loop closed
[42.807s] DEBUG:colcon.colcon_parallel_executor.executor.parallel:run_until_complete finished with '0'
[42.808s] DEBUG:colcon.colcon_core.event_reactor:joining thread
[42.883s] INFO:colcon.colcon_core.plugin_system:Skipping extension 'colcon_notification.desktop_notification.terminal_notifier': Not used on non-Darwin systems
[42.886s] INFO:colcon.colcon_core.plugin_system:Skipping extension 'colcon_notification.desktop_notification.win32': Not used on non-Windows systems
[42.887s] INFO:colcon.colcon_notification.desktop_notification:Sending desktop notification using 'notify2'
[43.007s] DEBUG:colcon.colcon_core.event_reactor:joined thread
[43.019s] INFO:colcon.colcon_core.shell:Creating prefix script '/home/jetson/ros2_ws/src/install/local_setup.ps1'
[43.025s] INFO:colcon.colcon_core.shell:Creating prefix util module '/home/jetson/ros2_ws/src/install/_local_setup_util_ps1.py'
[43.033s] INFO:colcon.colcon_core.shell:Creating prefix chain script '/home/jetson/ros2_ws/src/install/setup.ps1'
[43.056s] INFO:colcon.colcon_core.shell:Creating prefix script '/home/jetson/ros2_ws/src/install/local_setup.sh'
[43.060s] INFO:colcon.colcon_core.shell:Creating prefix util module '/home/jetson/ros2_ws/src/install/_local_setup_util_sh.py'
[43.062s] INFO:colcon.colcon_core.shell:Creating prefix chain script '/home/jetson/ros2_ws/src/install/setup.sh'
[43.073s] INFO:colcon.colcon_core.shell:Creating prefix script '/home/jetson/ros2_ws/src/install/local_setup.bash'
[43.076s] INFO:colcon.colcon_core.shell:Creating prefix chain script '/home/jetson/ros2_ws/src/install/setup.bash'
[43.087s] INFO:colcon.colcon_core.shell:Creating prefix script '/home/jetson/ros2_ws/src/install/local_setup.zsh'
[43.089s] INFO:colcon.colcon_core.shell:Creating prefix chain script '/home/jetson/ros2_ws/src/install/setup.zsh'
