[2.563s] DEBUG:colcon:Command line arguments: ['/usr/bin/colcon', 'build', '--packages-select', 'humancount', '--symlink-install']
[2.563s] DEBUG:colcon:Parsed command line arguments: Namespace(allow_overriding=[], ament_cmake_args=None, base_paths=['.'], build_base='build', catkin_cmake_args=None, catkin_skip_building_tests=False, cmake_args=None, cmake_clean_cache=False, cmake_clean_first=False, cmake_force_configure=False, cmake_target=None, cmake_target_skip_unavailable=False, continue_on_error=False, event_handlers=None, executor='parallel', ignore_user_meta=False, install_base='install', log_base=None, log_level=None, main=<bound method BuildVerb.main of <colcon_core.verb.build.BuildVerb object at 0x7f7c61bee0>>, merge_install=False, metas=['./colcon.meta'], packages_above=None, packages_above_and_dependencies=None, packages_above_depth=None, packages_end=None, packages_ignore=None, packages_ignore_regex=None, packages_select=['humancount'], packages_select_build_failed=False, packages_select_by_dep=None, packages_select_regex=None, packages_select_test_failures=False, packages_skip=None, packages_skip_build_finished=False, packages_skip_by_dep=None, packages_skip_regex=None, packages_skip_test_passed=False, packages_skip_up_to=None, packages_start=None, packages_up_to=None, packages_up_to_regex=None, parallel_workers=4, paths=None, symlink_install=True, test_result_base=None, verb_extension=<colcon_core.verb.build.BuildVerb object at 0x7f7c61bee0>, verb_name='build', verb_parser=<colcon_defaults.argument_parser.defaults.DefaultArgumentsDecorator object at 0x7f7c4ac0a0>)
[2.964s] Level 1:colcon.colcon_core.package_discovery:discover_packages(colcon_meta) check parameters
[2.964s] Level 1:colcon.colcon_core.package_discovery:discover_packages(recursive) check parameters
[2.964s] Level 1:colcon.colcon_core.package_discovery:discover_packages(ignore) check parameters
[2.965s] Level 1:colcon.colcon_core.package_discovery:discover_packages(path) check parameters
[2.965s] Level 1:colcon.colcon_core.package_discovery:discover_packages(colcon_meta) discover
[2.965s] Level 1:colcon.colcon_core.package_discovery:discover_packages(recursive) discover
[2.965s] INFO:colcon.colcon_core.package_discovery:Crawling recursively for packages in '/home/jetson/ros2_ws'
[2.966s] Level 1:colcon.colcon_core.package_identification:_identify(.) by extensions ['ignore', 'ignore_ament_install']
[2.966s] Level 1:colcon.colcon_core.package_identification:_identify(.) by extension 'ignore'
[2.966s] Level 1:colcon.colcon_core.package_identification:_identify(.) by extension 'ignore_ament_install'
[2.967s] Level 1:colcon.colcon_core.package_identification:_identify(.) by extensions ['colcon_pkg']
[2.967s] Level 1:colcon.colcon_core.package_identification:_identify(.) by extension 'colcon_pkg'
[2.967s] Level 1:colcon.colcon_core.package_identification:_identify(.) by extensions ['colcon_meta']
[2.967s] Level 1:colcon.colcon_core.package_identification:_identify(.) by extension 'colcon_meta'
[2.967s] Level 1:colcon.colcon_core.package_identification:_identify(.) by extensions ['ros']
[2.967s] Level 1:colcon.colcon_core.package_identification:_identify(.) by extension 'ros'
[3.030s] Level 1:colcon.colcon_core.package_identification:_identify(.) by extensions ['cmake', 'python']
[3.030s] Level 1:colcon.colcon_core.package_identification:_identify(.) by extension 'cmake'
[3.031s] Level 1:colcon.colcon_core.package_identification:_identify(.) by extension 'python'
[3.031s] Level 1:colcon.colcon_core.package_identification:_identify(.) by extensions ['python_setup_py']
[3.031s] Level 1:colcon.colcon_core.package_identification:_identify(.) by extension 'python_setup_py'
[3.032s] Level 1:colcon.colcon_core.package_identification:_identify(build) by extensions ['ignore', 'ignore_ament_install']
[3.032s] Level 1:colcon.colcon_core.package_identification:_identify(build) by extension 'ignore'
[3.032s] Level 1:colcon.colcon_core.package_identification:_identify(build) ignored
[3.033s] Level 1:colcon.colcon_core.package_identification:_identify(install) by extensions ['ignore', 'ignore_ament_install']
[3.033s] Level 1:colcon.colcon_core.package_identification:_identify(install) by extension 'ignore'
[3.033s] Level 1:colcon.colcon_core.package_identification:_identify(install) ignored
[3.034s] Level 1:colcon.colcon_core.package_identification:_identify(log) by extensions ['ignore', 'ignore_ament_install']
[3.034s] Level 1:colcon.colcon_core.package_identification:_identify(log) by extension 'ignore'
[3.034s] Level 1:colcon.colcon_core.package_identification:_identify(log) ignored
[3.035s] Level 1:colcon.colcon_core.package_identification:_identify(src) by extensions ['ignore', 'ignore_ament_install']
[3.035s] Level 1:colcon.colcon_core.package_identification:_identify(src) by extension 'ignore'
[3.036s] Level 1:colcon.colcon_core.package_identification:_identify(src) by extension 'ignore_ament_install'
[3.036s] Level 1:colcon.colcon_core.package_identification:_identify(src) by extensions ['colcon_pkg']
[3.036s] Level 1:colcon.colcon_core.package_identification:_identify(src) by extension 'colcon_pkg'
[3.036s] Level 1:colcon.colcon_core.package_identification:_identify(src) by extensions ['colcon_meta']
[3.036s] Level 1:colcon.colcon_core.package_identification:_identify(src) by extension 'colcon_meta'
[3.037s] Level 1:colcon.colcon_core.package_identification:_identify(src) by extensions ['ros']
[3.037s] Level 1:colcon.colcon_core.package_identification:_identify(src) by extension 'ros'
[3.037s] Level 1:colcon.colcon_core.package_identification:_identify(src) by extensions ['cmake', 'python']
[3.037s] Level 1:colcon.colcon_core.package_identification:_identify(src) by extension 'cmake'
[3.038s] Level 1:colcon.colcon_core.package_identification:_identify(src) by extension 'python'
[3.038s] Level 1:colcon.colcon_core.package_identification:_identify(src) by extensions ['python_setup_py']
[3.038s] Level 1:colcon.colcon_core.package_identification:_identify(src) by extension 'python_setup_py'
[3.042s] Level 1:colcon.colcon_core.package_identification:_identify(src/build) by extensions ['ignore', 'ignore_ament_install']
[3.042s] Level 1:colcon.colcon_core.package_identification:_identify(src/build) by extension 'ignore'
[3.042s] Level 1:colcon.colcon_core.package_identification:_identify(src/build) ignored
[3.044s] Level 1:colcon.colcon_core.package_identification:_identify(src/darknet_ros_yolov4) by extensions ['ignore', 'ignore_ament_install']
[3.044s] Level 1:colcon.colcon_core.package_identification:_identify(src/darknet_ros_yolov4) by extension 'ignore'
[3.045s] Level 1:colcon.colcon_core.package_identification:_identify(src/darknet_ros_yolov4) by extension 'ignore_ament_install'
[3.045s] Level 1:colcon.colcon_core.package_identification:_identify(src/darknet_ros_yolov4) by extensions ['colcon_pkg']
[3.045s] Level 1:colcon.colcon_core.package_identification:_identify(src/darknet_ros_yolov4) by extension 'colcon_pkg'
[3.045s] Level 1:colcon.colcon_core.package_identification:_identify(src/darknet_ros_yolov4) by extensions ['colcon_meta']
[3.045s] Level 1:colcon.colcon_core.package_identification:_identify(src/darknet_ros_yolov4) by extension 'colcon_meta'
[3.046s] Level 1:colcon.colcon_core.package_identification:_identify(src/darknet_ros_yolov4) by extensions ['ros']
[3.046s] Level 1:colcon.colcon_core.package_identification:_identify(src/darknet_ros_yolov4) by extension 'ros'
[3.046s] Level 1:colcon.colcon_core.package_identification:_identify(src/darknet_ros_yolov4) by extensions ['cmake', 'python']
[3.047s] Level 1:colcon.colcon_core.package_identification:_identify(src/darknet_ros_yolov4) by extension 'cmake'
[3.047s] Level 1:colcon.colcon_core.package_identification:_identify(src/darknet_ros_yolov4) by extension 'python'
[3.047s] Level 1:colcon.colcon_core.package_identification:_identify(src/darknet_ros_yolov4) by extensions ['python_setup_py']
[3.047s] Level 1:colcon.colcon_core.package_identification:_identify(src/darknet_ros_yolov4) by extension 'python_setup_py'
[3.049s] Level 1:colcon.colcon_core.package_identification:_identify(src/darknet_ros_yolov4/darknet_ros) by extensions ['ignore', 'ignore_ament_install']
[3.049s] Level 1:colcon.colcon_core.package_identification:_identify(src/darknet_ros_yolov4/darknet_ros) by extension 'ignore'
[3.049s] Level 1:colcon.colcon_core.package_identification:_identify(src/darknet_ros_yolov4/darknet_ros) by extension 'ignore_ament_install'
[3.050s] Level 1:colcon.colcon_core.package_identification:_identify(src/darknet_ros_yolov4/darknet_ros) by extensions ['colcon_pkg']
[3.050s] Level 1:colcon.colcon_core.package_identification:_identify(src/darknet_ros_yolov4/darknet_ros) by extension 'colcon_pkg'
[3.050s] Level 1:colcon.colcon_core.package_identification:_identify(src/darknet_ros_yolov4/darknet_ros) by extensions ['colcon_meta']
[3.050s] Level 1:colcon.colcon_core.package_identification:_identify(src/darknet_ros_yolov4/darknet_ros) by extension 'colcon_meta'
[3.050s] Level 1:colcon.colcon_core.package_identification:_identify(src/darknet_ros_yolov4/darknet_ros) by extensions ['ros']
[3.051s] Level 1:colcon.colcon_core.package_identification:_identify(src/darknet_ros_yolov4/darknet_ros) by extension 'ros'
[3.051s] Level 1:colcon.colcon_core.package_identification:_identify(src/darknet_ros_yolov4/darknet_ros) by extensions ['cmake', 'python']
[3.051s] Level 1:colcon.colcon_core.package_identification:_identify(src/darknet_ros_yolov4/darknet_ros) by extension 'cmake'
[3.051s] Level 1:colcon.colcon_core.package_identification:_identify(src/darknet_ros_yolov4/darknet_ros) by extension 'python'
[3.052s] Level 1:colcon.colcon_core.package_identification:_identify(src/darknet_ros_yolov4/darknet_ros) by extensions ['python_setup_py']
[3.052s] Level 1:colcon.colcon_core.package_identification:_identify(src/darknet_ros_yolov4/darknet_ros) by extension 'python_setup_py'
[3.053s] Level 1:colcon.colcon_core.package_identification:_identify(src/darknet_ros_yolov4/darknet_ros/darknet) by extensions ['ignore', 'ignore_ament_install']
[3.053s] Level 1:colcon.colcon_core.package_identification:_identify(src/darknet_ros_yolov4/darknet_ros/darknet) by extension 'ignore'
[3.054s] Level 1:colcon.colcon_core.package_identification:_identify(src/darknet_ros_yolov4/darknet_ros/darknet) by extension 'ignore_ament_install'
[3.054s] Level 1:colcon.colcon_core.package_identification:_identify(src/darknet_ros_yolov4/darknet_ros/darknet) by extensions ['colcon_pkg']
[3.054s] Level 1:colcon.colcon_core.package_identification:_identify(src/darknet_ros_yolov4/darknet_ros/darknet) by extension 'colcon_pkg'
[3.054s] Level 1:colcon.colcon_core.package_identification:_identify(src/darknet_ros_yolov4/darknet_ros/darknet) by extensions ['colcon_meta']
[3.054s] Level 1:colcon.colcon_core.package_identification:_identify(src/darknet_ros_yolov4/darknet_ros/darknet) by extension 'colcon_meta'
[3.055s] Level 1:colcon.colcon_core.package_identification:_identify(src/darknet_ros_yolov4/darknet_ros/darknet) by extensions ['ros']
[3.055s] Level 1:colcon.colcon_core.package_identification:_identify(src/darknet_ros_yolov4/darknet_ros/darknet) by extension 'ros'
[3.055s] Level 1:colcon.colcon_core.package_identification:_identify(src/darknet_ros_yolov4/darknet_ros/darknet) by extensions ['cmake', 'python']
[3.055s] Level 1:colcon.colcon_core.package_identification:_identify(src/darknet_ros_yolov4/darknet_ros/darknet) by extension 'cmake'
[3.056s] Level 1:colcon.colcon_core.package_identification:_identify(src/darknet_ros_yolov4/darknet_ros/darknet) by extension 'python'
[3.056s] Level 1:colcon.colcon_core.package_identification:_identify(src/darknet_ros_yolov4/darknet_ros/darknet) by extensions ['python_setup_py']
[3.056s] Level 1:colcon.colcon_core.package_identification:_identify(src/darknet_ros_yolov4/darknet_ros/darknet) by extension 'python_setup_py'
[3.056s] Level 1:colcon.colcon_core.package_identification:_identify(src/darknet_ros_yolov4/darknet_ros/darknet/3rdparty) by extensions ['ignore', 'ignore_ament_install']
[3.057s] Level 1:colcon.colcon_core.package_identification:_identify(src/darknet_ros_yolov4/darknet_ros/darknet/3rdparty) by extension 'ignore'
[3.057s] Level 1:colcon.colcon_core.package_identification:_identify(src/darknet_ros_yolov4/darknet_ros/darknet/3rdparty) by extension 'ignore_ament_install'
[3.057s] Level 1:colcon.colcon_core.package_identification:_identify(src/darknet_ros_yolov4/darknet_ros/darknet/3rdparty) by extensions ['colcon_pkg']
[3.057s] Level 1:colcon.colcon_core.package_identification:_identify(src/darknet_ros_yolov4/darknet_ros/darknet/3rdparty) by extension 'colcon_pkg'
[3.058s] Level 1:colcon.colcon_core.package_identification:_identify(src/darknet_ros_yolov4/darknet_ros/darknet/3rdparty) by extensions ['colcon_meta']
[3.058s] Level 1:colcon.colcon_core.package_identification:_identify(src/darknet_ros_yolov4/darknet_ros/darknet/3rdparty) by extension 'colcon_meta'
[3.058s] Level 1:colcon.colcon_core.package_identification:_identify(src/darknet_ros_yolov4/darknet_ros/darknet/3rdparty) by extensions ['ros']
[3.058s] Level 1:colcon.colcon_core.package_identification:_identify(src/darknet_ros_yolov4/darknet_ros/darknet/3rdparty) by extension 'ros'
[3.059s] Level 1:colcon.colcon_core.package_identification:_identify(src/darknet_ros_yolov4/darknet_ros/darknet/3rdparty) by extensions ['cmake', 'python']
[3.059s] Level 1:colcon.colcon_core.package_identification:_identify(src/darknet_ros_yolov4/darknet_ros/darknet/3rdparty) by extension 'cmake'
[3.059s] Level 1:colcon.colcon_core.package_identification:_identify(src/darknet_ros_yolov4/darknet_ros/darknet/3rdparty) by extension 'python'
[3.059s] Level 1:colcon.colcon_core.package_identification:_identify(src/darknet_ros_yolov4/darknet_ros/darknet/3rdparty) by extensions ['python_setup_py']
[3.059s] Level 1:colcon.colcon_core.package_identification:_identify(src/darknet_ros_yolov4/darknet_ros/darknet/3rdparty) by extension 'python_setup_py'
[3.062s] Level 1:colcon.colcon_core.package_identification:_identify(src/darknet_ros_yolov4/darknet_ros/darknet/3rdparty/pthreads) by extensions ['ignore', 'ignore_ament_install']
[3.063s] Level 1:colcon.colcon_core.package_identification:_identify(src/darknet_ros_yolov4/darknet_ros/darknet/3rdparty/pthreads) by extension 'ignore'
[3.063s] Level 1:colcon.colcon_core.package_identification:_identify(src/darknet_ros_yolov4/darknet_ros/darknet/3rdparty/pthreads) by extension 'ignore_ament_install'
[3.063s] Level 1:colcon.colcon_core.package_identification:_identify(src/darknet_ros_yolov4/darknet_ros/darknet/3rdparty/pthreads) by extensions ['colcon_pkg']
[3.063s] Level 1:colcon.colcon_core.package_identification:_identify(src/darknet_ros_yolov4/darknet_ros/darknet/3rdparty/pthreads) by extension 'colcon_pkg'
[3.063s] Level 1:colcon.colcon_core.package_identification:_identify(src/darknet_ros_yolov4/darknet_ros/darknet/3rdparty/pthreads) by extensions ['colcon_meta']
[3.064s] Level 1:colcon.colcon_core.package_identification:_identify(src/darknet_ros_yolov4/darknet_ros/darknet/3rdparty/pthreads) by extension 'colcon_meta'
[3.064s] Level 1:colcon.colcon_core.package_identification:_identify(src/darknet_ros_yolov4/darknet_ros/darknet/3rdparty/pthreads) by extensions ['ros']
[3.064s] Level 1:colcon.colcon_core.package_identification:_identify(src/darknet_ros_yolov4/darknet_ros/darknet/3rdparty/pthreads) by extension 'ros'
[3.064s] Level 1:colcon.colcon_core.package_identification:_identify(src/darknet_ros_yolov4/darknet_ros/darknet/3rdparty/pthreads) by extensions ['cmake', 'python']
[3.065s] Level 1:colcon.colcon_core.package_identification:_identify(src/darknet_ros_yolov4/darknet_ros/darknet/3rdparty/pthreads) by extension 'cmake'
[3.065s] Level 1:colcon.colcon_core.package_identification:_identify(src/darknet_ros_yolov4/darknet_ros/darknet/3rdparty/pthreads) by extension 'python'
[3.065s] Level 1:colcon.colcon_core.package_identification:_identify(src/darknet_ros_yolov4/darknet_ros/darknet/3rdparty/pthreads) by extensions ['python_setup_py']
[3.065s] Level 1:colcon.colcon_core.package_identification:_identify(src/darknet_ros_yolov4/darknet_ros/darknet/3rdparty/pthreads) by extension 'python_setup_py'
[3.066s] Level 1:colcon.colcon_core.package_identification:_identify(src/darknet_ros_yolov4/darknet_ros/darknet/3rdparty/pthreads/bin) by extensions ['ignore', 'ignore_ament_install']
[3.066s] Level 1:colcon.colcon_core.package_identification:_identify(src/darknet_ros_yolov4/darknet_ros/darknet/3rdparty/pthreads/bin) by extension 'ignore'
[3.067s] Level 1:colcon.colcon_core.package_identification:_identify(src/darknet_ros_yolov4/darknet_ros/darknet/3rdparty/pthreads/bin) by extension 'ignore_ament_install'
[3.067s] Level 1:colcon.colcon_core.package_identification:_identify(src/darknet_ros_yolov4/darknet_ros/darknet/3rdparty/pthreads/bin) by extensions ['colcon_pkg']
[3.067s] Level 1:colcon.colcon_core.package_identification:_identify(src/darknet_ros_yolov4/darknet_ros/darknet/3rdparty/pthreads/bin) by extension 'colcon_pkg'
[3.067s] Level 1:colcon.colcon_core.package_identification:_identify(src/darknet_ros_yolov4/darknet_ros/darknet/3rdparty/pthreads/bin) by extensions ['colcon_meta']
[3.067s] Level 1:colcon.colcon_core.package_identification:_identify(src/darknet_ros_yolov4/darknet_ros/darknet/3rdparty/pthreads/bin) by extension 'colcon_meta'
[3.068s] Level 1:colcon.colcon_core.package_identification:_identify(src/darknet_ros_yolov4/darknet_ros/darknet/3rdparty/pthreads/bin) by extensions ['ros']
[3.068s] Level 1:colcon.colcon_core.package_identification:_identify(src/darknet_ros_yolov4/darknet_ros/darknet/3rdparty/pthreads/bin) by extension 'ros'
[3.068s] Level 1:colcon.colcon_core.package_identification:_identify(src/darknet_ros_yolov4/darknet_ros/darknet/3rdparty/pthreads/bin) by extensions ['cmake', 'python']
[3.069s] Level 1:colcon.colcon_core.package_identification:_identify(src/darknet_ros_yolov4/darknet_ros/darknet/3rdparty/pthreads/bin) by extension 'cmake'
[3.069s] Level 1:colcon.colcon_core.package_identification:_identify(src/darknet_ros_yolov4/darknet_ros/darknet/3rdparty/pthreads/bin) by extension 'python'
[3.069s] Level 1:colcon.colcon_core.package_identification:_identify(src/darknet_ros_yolov4/darknet_ros/darknet/3rdparty/pthreads/bin) by extensions ['python_setup_py']
[3.069s] Level 1:colcon.colcon_core.package_identification:_identify(src/darknet_ros_yolov4/darknet_ros/darknet/3rdparty/pthreads/bin) by extension 'python_setup_py'
[3.070s] Level 1:colcon.colcon_core.package_identification:_identify(src/darknet_ros_yolov4/darknet_ros/darknet/3rdparty/pthreads/include) by extensions ['ignore', 'ignore_ament_install']
[3.070s] Level 1:colcon.colcon_core.package_identification:_identify(src/darknet_ros_yolov4/darknet_ros/darknet/3rdparty/pthreads/include) by extension 'ignore'
[3.070s] Level 1:colcon.colcon_core.package_identification:_identify(src/darknet_ros_yolov4/darknet_ros/darknet/3rdparty/pthreads/include) by extension 'ignore_ament_install'
[3.071s] Level 1:colcon.colcon_core.package_identification:_identify(src/darknet_ros_yolov4/darknet_ros/darknet/3rdparty/pthreads/include) by extensions ['colcon_pkg']
[3.071s] Level 1:colcon.colcon_core.package_identification:_identify(src/darknet_ros_yolov4/darknet_ros/darknet/3rdparty/pthreads/include) by extension 'colcon_pkg'
[3.071s] Level 1:colcon.colcon_core.package_identification:_identify(src/darknet_ros_yolov4/darknet_ros/darknet/3rdparty/pthreads/include) by extensions ['colcon_meta']
[3.071s] Level 1:colcon.colcon_core.package_identification:_identify(src/darknet_ros_yolov4/darknet_ros/darknet/3rdparty/pthreads/include) by extension 'colcon_meta'
[3.071s] Level 1:colcon.colcon_core.package_identification:_identify(src/darknet_ros_yolov4/darknet_ros/darknet/3rdparty/pthreads/include) by extensions ['ros']
[3.071s] Level 1:colcon.colcon_core.package_identification:_identify(src/darknet_ros_yolov4/darknet_ros/darknet/3rdparty/pthreads/include) by extension 'ros'
[3.072s] Level 1:colcon.colcon_core.package_identification:_identify(src/darknet_ros_yolov4/darknet_ros/darknet/3rdparty/pthreads/include) by extensions ['cmake', 'python']
[3.072s] Level 1:colcon.colcon_core.package_identification:_identify(src/darknet_ros_yolov4/darknet_ros/darknet/3rdparty/pthreads/include) by extension 'cmake'
[3.072s] Level 1:colcon.colcon_core.package_identification:_identify(src/darknet_ros_yolov4/darknet_ros/darknet/3rdparty/pthreads/include) by extension 'python'
[3.072s] Level 1:colcon.colcon_core.package_identification:_identify(src/darknet_ros_yolov4/darknet_ros/darknet/3rdparty/pthreads/include) by extensions ['python_setup_py']
[3.073s] Level 1:colcon.colcon_core.package_identification:_identify(src/darknet_ros_yolov4/darknet_ros/darknet/3rdparty/pthreads/include) by extension 'python_setup_py'
[3.074s] Level 1:colcon.colcon_core.package_identification:_identify(src/darknet_ros_yolov4/darknet_ros/darknet/3rdparty/pthreads/lib) by extensions ['ignore', 'ignore_ament_install']
[3.074s] Level 1:colcon.colcon_core.package_identification:_identify(src/darknet_ros_yolov4/darknet_ros/darknet/3rdparty/pthreads/lib) by extension 'ignore'
[3.074s] Level 1:colcon.colcon_core.package_identification:_identify(src/darknet_ros_yolov4/darknet_ros/darknet/3rdparty/pthreads/lib) by extension 'ignore_ament_install'
[3.075s] Level 1:colcon.colcon_core.package_identification:_identify(src/darknet_ros_yolov4/darknet_ros/darknet/3rdparty/pthreads/lib) by extensions ['colcon_pkg']
[3.075s] Level 1:colcon.colcon_core.package_identification:_identify(src/darknet_ros_yolov4/darknet_ros/darknet/3rdparty/pthreads/lib) by extension 'colcon_pkg'
[3.075s] Level 1:colcon.colcon_core.package_identification:_identify(src/darknet_ros_yolov4/darknet_ros/darknet/3rdparty/pthreads/lib) by extensions ['colcon_meta']
[3.075s] Level 1:colcon.colcon_core.package_identification:_identify(src/darknet_ros_yolov4/darknet_ros/darknet/3rdparty/pthreads/lib) by extension 'colcon_meta'
[3.075s] Level 1:colcon.colcon_core.package_identification:_identify(src/darknet_ros_yolov4/darknet_ros/darknet/3rdparty/pthreads/lib) by extensions ['ros']
[3.075s] Level 1:colcon.colcon_core.package_identification:_identify(src/darknet_ros_yolov4/darknet_ros/darknet/3rdparty/pthreads/lib) by extension 'ros'
[3.076s] Level 1:colcon.colcon_core.package_identification:_identify(src/darknet_ros_yolov4/darknet_ros/darknet/3rdparty/pthreads/lib) by extensions ['cmake', 'python']
[3.076s] Level 1:colcon.colcon_core.package_identification:_identify(src/darknet_ros_yolov4/darknet_ros/darknet/3rdparty/pthreads/lib) by extension 'cmake'
[3.076s] Level 1:colcon.colcon_core.package_identification:_identify(src/darknet_ros_yolov4/darknet_ros/darknet/3rdparty/pthreads/lib) by extension 'python'
[3.076s] Level 1:colcon.colcon_core.package_identification:_identify(src/darknet_ros_yolov4/darknet_ros/darknet/3rdparty/pthreads/lib) by extensions ['python_setup_py']
[3.076s] Level 1:colcon.colcon_core.package_identification:_identify(src/darknet_ros_yolov4/darknet_ros/darknet/3rdparty/pthreads/lib) by extension 'python_setup_py'
[3.077s] Level 1:colcon.colcon_core.package_identification:_identify(src/darknet_ros_yolov4/darknet_ros/darknet/3rdparty/stb) by extensions ['ignore', 'ignore_ament_install']
[3.078s] Level 1:colcon.colcon_core.package_identification:_identify(src/darknet_ros_yolov4/darknet_ros/darknet/3rdparty/stb) by extension 'ignore'
[3.078s] Level 1:colcon.colcon_core.package_identification:_identify(src/darknet_ros_yolov4/darknet_ros/darknet/3rdparty/stb) by extension 'ignore_ament_install'
[3.078s] Level 1:colcon.colcon_core.package_identification:_identify(src/darknet_ros_yolov4/darknet_ros/darknet/3rdparty/stb) by extensions ['colcon_pkg']
[3.078s] Level 1:colcon.colcon_core.package_identification:_identify(src/darknet_ros_yolov4/darknet_ros/darknet/3rdparty/stb) by extension 'colcon_pkg'
[3.079s] Level 1:colcon.colcon_core.package_identification:_identify(src/darknet_ros_yolov4/darknet_ros/darknet/3rdparty/stb) by extensions ['colcon_meta']
[3.079s] Level 1:colcon.colcon_core.package_identification:_identify(src/darknet_ros_yolov4/darknet_ros/darknet/3rdparty/stb) by extension 'colcon_meta'
[3.079s] Level 1:colcon.colcon_core.package_identification:_identify(src/darknet_ros_yolov4/darknet_ros/darknet/3rdparty/stb) by extensions ['ros']
[3.079s] Level 1:colcon.colcon_core.package_identification:_identify(src/darknet_ros_yolov4/darknet_ros/darknet/3rdparty/stb) by extension 'ros'
[3.080s] Level 1:colcon.colcon_core.package_identification:_identify(src/darknet_ros_yolov4/darknet_ros/darknet/3rdparty/stb) by extensions ['cmake', 'python']
[3.080s] Level 1:colcon.colcon_core.package_identification:_identify(src/darknet_ros_yolov4/darknet_ros/darknet/3rdparty/stb) by extension 'cmake'
[3.080s] Level 1:colcon.colcon_core.package_identification:_identify(src/darknet_ros_yolov4/darknet_ros/darknet/3rdparty/stb) by extension 'python'
[3.080s] Level 1:colcon.colcon_core.package_identification:_identify(src/darknet_ros_yolov4/darknet_ros/darknet/3rdparty/stb) by extensions ['python_setup_py']
[3.080s] Level 1:colcon.colcon_core.package_identification:_identify(src/darknet_ros_yolov4/darknet_ros/darknet/3rdparty/stb) by extension 'python_setup_py'
[3.081s] Level 1:colcon.colcon_core.package_identification:_identify(src/darknet_ros_yolov4/darknet_ros/darknet/3rdparty/stb/include) by extensions ['ignore', 'ignore_ament_install']
[3.081s] Level 1:colcon.colcon_core.package_identification:_identify(src/darknet_ros_yolov4/darknet_ros/darknet/3rdparty/stb/include) by extension 'ignore'
[3.082s] Level 1:colcon.colcon_core.package_identification:_identify(src/darknet_ros_yolov4/darknet_ros/darknet/3rdparty/stb/include) by extension 'ignore_ament_install'
[3.082s] Level 1:colcon.colcon_core.package_identification:_identify(src/darknet_ros_yolov4/darknet_ros/darknet/3rdparty/stb/include) by extensions ['colcon_pkg']
[3.082s] Level 1:colcon.colcon_core.package_identification:_identify(src/darknet_ros_yolov4/darknet_ros/darknet/3rdparty/stb/include) by extension 'colcon_pkg'
[3.082s] Level 1:colcon.colcon_core.package_identification:_identify(src/darknet_ros_yolov4/darknet_ros/darknet/3rdparty/stb/include) by extensions ['colcon_meta']
[3.082s] Level 1:colcon.colcon_core.package_identification:_identify(src/darknet_ros_yolov4/darknet_ros/darknet/3rdparty/stb/include) by extension 'colcon_meta'
[3.083s] Level 1:colcon.colcon_core.package_identification:_identify(src/darknet_ros_yolov4/darknet_ros/darknet/3rdparty/stb/include) by extensions ['ros']
[3.083s] Level 1:colcon.colcon_core.package_identification:_identify(src/darknet_ros_yolov4/darknet_ros/darknet/3rdparty/stb/include) by extension 'ros'
[3.083s] Level 1:colcon.colcon_core.package_identification:_identify(src/darknet_ros_yolov4/darknet_ros/darknet/3rdparty/stb/include) by extensions ['cmake', 'python']
[3.083s] Level 1:colcon.colcon_core.package_identification:_identify(src/darknet_ros_yolov4/darknet_ros/darknet/3rdparty/stb/include) by extension 'cmake'
[3.084s] Level 1:colcon.colcon_core.package_identification:_identify(src/darknet_ros_yolov4/darknet_ros/darknet/3rdparty/stb/include) by extension 'python'
[3.084s] Level 1:colcon.colcon_core.package_identification:_identify(src/darknet_ros_yolov4/darknet_ros/darknet/3rdparty/stb/include) by extensions ['python_setup_py']
[3.084s] Level 1:colcon.colcon_core.package_identification:_identify(src/darknet_ros_yolov4/darknet_ros/darknet/3rdparty/stb/include) by extension 'python_setup_py'
[3.085s] Level 1:colcon.colcon_core.package_identification:_identify(src/darknet_ros_yolov4/darknet_ros/darknet/build) by extensions ['ignore', 'ignore_ament_install']
[3.085s] Level 1:colcon.colcon_core.package_identification:_identify(src/darknet_ros_yolov4/darknet_ros/darknet/build) by extension 'ignore'
[3.086s] Level 1:colcon.colcon_core.package_identification:_identify(src/darknet_ros_yolov4/darknet_ros/darknet/build) by extension 'ignore_ament_install'
[3.086s] Level 1:colcon.colcon_core.package_identification:_identify(src/darknet_ros_yolov4/darknet_ros/darknet/build) by extensions ['colcon_pkg']
[3.086s] Level 1:colcon.colcon_core.package_identification:_identify(src/darknet_ros_yolov4/darknet_ros/darknet/build) by extension 'colcon_pkg'
[3.086s] Level 1:colcon.colcon_core.package_identification:_identify(src/darknet_ros_yolov4/darknet_ros/darknet/build) by extensions ['colcon_meta']
[3.086s] Level 1:colcon.colcon_core.package_identification:_identify(src/darknet_ros_yolov4/darknet_ros/darknet/build) by extension 'colcon_meta'
[3.087s] Level 1:colcon.colcon_core.package_identification:_identify(src/darknet_ros_yolov4/darknet_ros/darknet/build) by extensions ['ros']
[3.087s] Level 1:colcon.colcon_core.package_identification:_identify(src/darknet_ros_yolov4/darknet_ros/darknet/build) by extension 'ros'
[3.087s] Level 1:colcon.colcon_core.package_identification:_identify(src/darknet_ros_yolov4/darknet_ros/darknet/build) by extensions ['cmake', 'python']
[3.087s] Level 1:colcon.colcon_core.package_identification:_identify(src/darknet_ros_yolov4/darknet_ros/darknet/build) by extension 'cmake'
[3.088s] Level 1:colcon.colcon_core.package_identification:_identify(src/darknet_ros_yolov4/darknet_ros/darknet/build) by extension 'python'
[3.088s] Level 1:colcon.colcon_core.package_identification:_identify(src/darknet_ros_yolov4/darknet_ros/darknet/build) by extensions ['python_setup_py']
[3.088s] Level 1:colcon.colcon_core.package_identification:_identify(src/darknet_ros_yolov4/darknet_ros/darknet/build) by extension 'python_setup_py'
[3.089s] Level 1:colcon.colcon_core.package_identification:_identify(src/darknet_ros_yolov4/darknet_ros/darknet/build/darknet) by extensions ['ignore', 'ignore_ament_install']
[3.089s] Level 1:colcon.colcon_core.package_identification:_identify(src/darknet_ros_yolov4/darknet_ros/darknet/build/darknet) by extension 'ignore'
[3.089s] Level 1:colcon.colcon_core.package_identification:_identify(src/darknet_ros_yolov4/darknet_ros/darknet/build/darknet) by extension 'ignore_ament_install'
[3.090s] Level 1:colcon.colcon_core.package_identification:_identify(src/darknet_ros_yolov4/darknet_ros/darknet/build/darknet) by extensions ['colcon_pkg']
[3.090s] Level 1:colcon.colcon_core.package_identification:_identify(src/darknet_ros_yolov4/darknet_ros/darknet/build/darknet) by extension 'colcon_pkg'
[3.090s] Level 1:colcon.colcon_core.package_identification:_identify(src/darknet_ros_yolov4/darknet_ros/darknet/build/darknet) by extensions ['colcon_meta']
[3.090s] Level 1:colcon.colcon_core.package_identification:_identify(src/darknet_ros_yolov4/darknet_ros/darknet/build/darknet) by extension 'colcon_meta'
[3.091s] Level 1:colcon.colcon_core.package_identification:_identify(src/darknet_ros_yolov4/darknet_ros/darknet/build/darknet) by extensions ['ros']
[3.091s] Level 1:colcon.colcon_core.package_identification:_identify(src/darknet_ros_yolov4/darknet_ros/darknet/build/darknet) by extension 'ros'
[3.091s] Level 1:colcon.colcon_core.package_identification:_identify(src/darknet_ros_yolov4/darknet_ros/darknet/build/darknet) by extensions ['cmake', 'python']
[3.091s] Level 1:colcon.colcon_core.package_identification:_identify(src/darknet_ros_yolov4/darknet_ros/darknet/build/darknet) by extension 'cmake'
[3.091s] Level 1:colcon.colcon_core.package_identification:_identify(src/darknet_ros_yolov4/darknet_ros/darknet/build/darknet) by extension 'python'
[3.092s] Level 1:colcon.colcon_core.package_identification:_identify(src/darknet_ros_yolov4/darknet_ros/darknet/build/darknet) by extensions ['python_setup_py']
[3.092s] Level 1:colcon.colcon_core.package_identification:_identify(src/darknet_ros_yolov4/darknet_ros/darknet/build/darknet) by extension 'python_setup_py'
[3.093s] Level 1:colcon.colcon_core.package_identification:_identify(src/darknet_ros_yolov4/darknet_ros/darknet/build/darknet/x64) by extensions ['ignore', 'ignore_ament_install']
[3.093s] Level 1:colcon.colcon_core.package_identification:_identify(src/darknet_ros_yolov4/darknet_ros/darknet/build/darknet/x64) by extension 'ignore'
[3.094s] Level 1:colcon.colcon_core.package_identification:_identify(src/darknet_ros_yolov4/darknet_ros/darknet/build/darknet/x64) by extension 'ignore_ament_install'
[3.094s] Level 1:colcon.colcon_core.package_identification:_identify(src/darknet_ros_yolov4/darknet_ros/darknet/build/darknet/x64) by extensions ['colcon_pkg']
[3.094s] Level 1:colcon.colcon_core.package_identification:_identify(src/darknet_ros_yolov4/darknet_ros/darknet/build/darknet/x64) by extension 'colcon_pkg'
[3.094s] Level 1:colcon.colcon_core.package_identification:_identify(src/darknet_ros_yolov4/darknet_ros/darknet/build/darknet/x64) by extensions ['colcon_meta']
[3.094s] Level 1:colcon.colcon_core.package_identification:_identify(src/darknet_ros_yolov4/darknet_ros/darknet/build/darknet/x64) by extension 'colcon_meta'
[3.095s] Level 1:colcon.colcon_core.package_identification:_identify(src/darknet_ros_yolov4/darknet_ros/darknet/build/darknet/x64) by extensions ['ros']
[3.095s] Level 1:colcon.colcon_core.package_identification:_identify(src/darknet_ros_yolov4/darknet_ros/darknet/build/darknet/x64) by extension 'ros'
[3.095s] Level 1:colcon.colcon_core.package_identification:_identify(src/darknet_ros_yolov4/darknet_ros/darknet/build/darknet/x64) by extensions ['cmake', 'python']
[3.095s] Level 1:colcon.colcon_core.package_identification:_identify(src/darknet_ros_yolov4/darknet_ros/darknet/build/darknet/x64) by extension 'cmake'
[3.096s] Level 1:colcon.colcon_core.package_identification:_identify(src/darknet_ros_yolov4/darknet_ros/darknet/build/darknet/x64) by extension 'python'
[3.096s] Level 1:colcon.colcon_core.package_identification:_identify(src/darknet_ros_yolov4/darknet_ros/darknet/build/darknet/x64) by extensions ['python_setup_py']
[3.096s] Level 1:colcon.colcon_core.package_identification:_identify(src/darknet_ros_yolov4/darknet_ros/darknet/build/darknet/x64) by extension 'python_setup_py'
[3.097s] Level 1:colcon.colcon_core.package_identification:_identify(src/darknet_ros_yolov4/darknet_ros/darknet/build/darknet/x64/backup) by extensions ['ignore', 'ignore_ament_install']
[3.097s] Level 1:colcon.colcon_core.package_identification:_identify(src/darknet_ros_yolov4/darknet_ros/darknet/build/darknet/x64/backup) by extension 'ignore'
[3.098s] Level 1:colcon.colcon_core.package_identification:_identify(src/darknet_ros_yolov4/darknet_ros/darknet/build/darknet/x64/backup) by extension 'ignore_ament_install'
[3.098s] Level 1:colcon.colcon_core.package_identification:_identify(src/darknet_ros_yolov4/darknet_ros/darknet/build/darknet/x64/backup) by extensions ['colcon_pkg']
[3.098s] Level 1:colcon.colcon_core.package_identification:_identify(src/darknet_ros_yolov4/darknet_ros/darknet/build/darknet/x64/backup) by extension 'colcon_pkg'
[3.098s] Level 1:colcon.colcon_core.package_identification:_identify(src/darknet_ros_yolov4/darknet_ros/darknet/build/darknet/x64/backup) by extensions ['colcon_meta']
[3.098s] Level 1:colcon.colcon_core.package_identification:_identify(src/darknet_ros_yolov4/darknet_ros/darknet/build/darknet/x64/backup) by extension 'colcon_meta'
[3.099s] Level 1:colcon.colcon_core.package_identification:_identify(src/darknet_ros_yolov4/darknet_ros/darknet/build/darknet/x64/backup) by extensions ['ros']
[3.099s] Level 1:colcon.colcon_core.package_identification:_identify(src/darknet_ros_yolov4/darknet_ros/darknet/build/darknet/x64/backup) by extension 'ros'
[3.099s] Level 1:colcon.colcon_core.package_identification:_identify(src/darknet_ros_yolov4/darknet_ros/darknet/build/darknet/x64/backup) by extensions ['cmake', 'python']
[3.099s] Level 1:colcon.colcon_core.package_identification:_identify(src/darknet_ros_yolov4/darknet_ros/darknet/build/darknet/x64/backup) by extension 'cmake'
[3.099s] Level 1:colcon.colcon_core.package_identification:_identify(src/darknet_ros_yolov4/darknet_ros/darknet/build/darknet/x64/backup) by extension 'python'
[3.100s] Level 1:colcon.colcon_core.package_identification:_identify(src/darknet_ros_yolov4/darknet_ros/darknet/build/darknet/x64/backup) by extensions ['python_setup_py']
[3.100s] Level 1:colcon.colcon_core.package_identification:_identify(src/darknet_ros_yolov4/darknet_ros/darknet/build/darknet/x64/backup) by extension 'python_setup_py'
[3.101s] Level 1:colcon.colcon_core.package_identification:_identify(src/darknet_ros_yolov4/darknet_ros/darknet/build/darknet/x64/cfg) by extensions ['ignore', 'ignore_ament_install']
[3.102s] Level 1:colcon.colcon_core.package_identification:_identify(src/darknet_ros_yolov4/darknet_ros/darknet/build/darknet/x64/cfg) by extension 'ignore'
[3.102s] Level 1:colcon.colcon_core.package_identification:_identify(src/darknet_ros_yolov4/darknet_ros/darknet/build/darknet/x64/cfg) by extension 'ignore_ament_install'
[3.102s] Level 1:colcon.colcon_core.package_identification:_identify(src/darknet_ros_yolov4/darknet_ros/darknet/build/darknet/x64/cfg) by extensions ['colcon_pkg']
[3.102s] Level 1:colcon.colcon_core.package_identification:_identify(src/darknet_ros_yolov4/darknet_ros/darknet/build/darknet/x64/cfg) by extension 'colcon_pkg'
[3.103s] Level 1:colcon.colcon_core.package_identification:_identify(src/darknet_ros_yolov4/darknet_ros/darknet/build/darknet/x64/cfg) by extensions ['colcon_meta']
[3.103s] Level 1:colcon.colcon_core.package_identification:_identify(src/darknet_ros_yolov4/darknet_ros/darknet/build/darknet/x64/cfg) by extension 'colcon_meta'
[3.103s] Level 1:colcon.colcon_core.package_identification:_identify(src/darknet_ros_yolov4/darknet_ros/darknet/build/darknet/x64/cfg) by extensions ['ros']
[3.103s] Level 1:colcon.colcon_core.package_identification:_identify(src/darknet_ros_yolov4/darknet_ros/darknet/build/darknet/x64/cfg) by extension 'ros'
[3.104s] Level 1:colcon.colcon_core.package_identification:_identify(src/darknet_ros_yolov4/darknet_ros/darknet/build/darknet/x64/cfg) by extensions ['cmake', 'python']
[3.104s] Level 1:colcon.colcon_core.package_identification:_identify(src/darknet_ros_yolov4/darknet_ros/darknet/build/darknet/x64/cfg) by extension 'cmake'
[3.104s] Level 1:colcon.colcon_core.package_identification:_identify(src/darknet_ros_yolov4/darknet_ros/darknet/build/darknet/x64/cfg) by extension 'python'
[3.104s] Level 1:colcon.colcon_core.package_identification:_identify(src/darknet_ros_yolov4/darknet_ros/darknet/build/darknet/x64/cfg) by extensions ['python_setup_py']
[3.104s] Level 1:colcon.colcon_core.package_identification:_identify(src/darknet_ros_yolov4/darknet_ros/darknet/build/darknet/x64/cfg) by extension 'python_setup_py'
[3.105s] Level 1:colcon.colcon_core.package_identification:_identify(src/darknet_ros_yolov4/darknet_ros/darknet/build/darknet/x64/data) by extensions ['ignore', 'ignore_ament_install']
[3.106s] Level 1:colcon.colcon_core.package_identification:_identify(src/darknet_ros_yolov4/darknet_ros/darknet/build/darknet/x64/data) by extension 'ignore'
[3.106s] Level 1:colcon.colcon_core.package_identification:_identify(src/darknet_ros_yolov4/darknet_ros/darknet/build/darknet/x64/data) by extension 'ignore_ament_install'
[3.106s] Level 1:colcon.colcon_core.package_identification:_identify(src/darknet_ros_yolov4/darknet_ros/darknet/build/darknet/x64/data) by extensions ['colcon_pkg']
[3.107s] Level 1:colcon.colcon_core.package_identification:_identify(src/darknet_ros_yolov4/darknet_ros/darknet/build/darknet/x64/data) by extension 'colcon_pkg'
[3.107s] Level 1:colcon.colcon_core.package_identification:_identify(src/darknet_ros_yolov4/darknet_ros/darknet/build/darknet/x64/data) by extensions ['colcon_meta']
[3.107s] Level 1:colcon.colcon_core.package_identification:_identify(src/darknet_ros_yolov4/darknet_ros/darknet/build/darknet/x64/data) by extension 'colcon_meta'
[3.107s] Level 1:colcon.colcon_core.package_identification:_identify(src/darknet_ros_yolov4/darknet_ros/darknet/build/darknet/x64/data) by extensions ['ros']
[3.107s] Level 1:colcon.colcon_core.package_identification:_identify(src/darknet_ros_yolov4/darknet_ros/darknet/build/darknet/x64/data) by extension 'ros'
[3.108s] Level 1:colcon.colcon_core.package_identification:_identify(src/darknet_ros_yolov4/darknet_ros/darknet/build/darknet/x64/data) by extensions ['cmake', 'python']
[3.108s] Level 1:colcon.colcon_core.package_identification:_identify(src/darknet_ros_yolov4/darknet_ros/darknet/build/darknet/x64/data) by extension 'cmake'
[3.108s] Level 1:colcon.colcon_core.package_identification:_identify(src/darknet_ros_yolov4/darknet_ros/darknet/build/darknet/x64/data) by extension 'python'
[3.108s] Level 1:colcon.colcon_core.package_identification:_identify(src/darknet_ros_yolov4/darknet_ros/darknet/build/darknet/x64/data) by extensions ['python_setup_py']
[3.109s] Level 1:colcon.colcon_core.package_identification:_identify(src/darknet_ros_yolov4/darknet_ros/darknet/build/darknet/x64/data) by extension 'python_setup_py'
[3.114s] Level 1:colcon.colcon_core.package_identification:_identify(src/darknet_ros_yolov4/darknet_ros/darknet/build/darknet/x64/data/labels) by extensions ['ignore', 'ignore_ament_install']
[3.114s] Level 1:colcon.colcon_core.package_identification:_identify(src/darknet_ros_yolov4/darknet_ros/darknet/build/darknet/x64/data/labels) by extension 'ignore'
[3.114s] Level 1:colcon.colcon_core.package_identification:_identify(src/darknet_ros_yolov4/darknet_ros/darknet/build/darknet/x64/data/labels) by extension 'ignore_ament_install'
[3.115s] Level 1:colcon.colcon_core.package_identification:_identify(src/darknet_ros_yolov4/darknet_ros/darknet/build/darknet/x64/data/labels) by extensions ['colcon_pkg']
[3.115s] Level 1:colcon.colcon_core.package_identification:_identify(src/darknet_ros_yolov4/darknet_ros/darknet/build/darknet/x64/data/labels) by extension 'colcon_pkg'
[3.115s] Level 1:colcon.colcon_core.package_identification:_identify(src/darknet_ros_yolov4/darknet_ros/darknet/build/darknet/x64/data/labels) by extensions ['colcon_meta']
[3.115s] Level 1:colcon.colcon_core.package_identification:_identify(src/darknet_ros_yolov4/darknet_ros/darknet/build/darknet/x64/data/labels) by extension 'colcon_meta'
[3.116s] Level 1:colcon.colcon_core.package_identification:_identify(src/darknet_ros_yolov4/darknet_ros/darknet/build/darknet/x64/data/labels) by extensions ['ros']
[3.116s] Level 1:colcon.colcon_core.package_identification:_identify(src/darknet_ros_yolov4/darknet_ros/darknet/build/darknet/x64/data/labels) by extension 'ros'
[3.116s] Level 1:colcon.colcon_core.package_identification:_identify(src/darknet_ros_yolov4/darknet_ros/darknet/build/darknet/x64/data/labels) by extensions ['cmake', 'python']
[3.116s] Level 1:colcon.colcon_core.package_identification:_identify(src/darknet_ros_yolov4/darknet_ros/darknet/build/darknet/x64/data/labels) by extension 'cmake'
[3.116s] Level 1:colcon.colcon_core.package_identification:_identify(src/darknet_ros_yolov4/darknet_ros/darknet/build/darknet/x64/data/labels) by extension 'python'
[3.117s] Level 1:colcon.colcon_core.package_identification:_identify(src/darknet_ros_yolov4/darknet_ros/darknet/build/darknet/x64/data/labels) by extensions ['python_setup_py']
[3.117s] Level 1:colcon.colcon_core.package_identification:_identify(src/darknet_ros_yolov4/darknet_ros/darknet/build/darknet/x64/data/labels) by extension 'python_setup_py'
[3.118s] Level 1:colcon.colcon_core.package_identification:_identify(src/darknet_ros_yolov4/darknet_ros/darknet/build/darknet/x64/data/voc) by extensions ['ignore', 'ignore_ament_install']
[3.118s] Level 1:colcon.colcon_core.package_identification:_identify(src/darknet_ros_yolov4/darknet_ros/darknet/build/darknet/x64/data/voc) by extension 'ignore'
[3.119s] Level 1:colcon.colcon_core.package_identification:_identify(src/darknet_ros_yolov4/darknet_ros/darknet/build/darknet/x64/data/voc) by extension 'ignore_ament_install'
[3.119s] Level 1:colcon.colcon_core.package_identification:_identify(src/darknet_ros_yolov4/darknet_ros/darknet/build/darknet/x64/data/voc) by extensions ['colcon_pkg']
[3.119s] Level 1:colcon.colcon_core.package_identification:_identify(src/darknet_ros_yolov4/darknet_ros/darknet/build/darknet/x64/data/voc) by extension 'colcon_pkg'
[3.119s] Level 1:colcon.colcon_core.package_identification:_identify(src/darknet_ros_yolov4/darknet_ros/darknet/build/darknet/x64/data/voc) by extensions ['colcon_meta']
[3.119s] Level 1:colcon.colcon_core.package_identification:_identify(src/darknet_ros_yolov4/darknet_ros/darknet/build/darknet/x64/data/voc) by extension 'colcon_meta'
[3.120s] Level 1:colcon.colcon_core.package_identification:_identify(src/darknet_ros_yolov4/darknet_ros/darknet/build/darknet/x64/data/voc) by extensions ['ros']
[3.120s] Level 1:colcon.colcon_core.package_identification:_identify(src/darknet_ros_yolov4/darknet_ros/darknet/build/darknet/x64/data/voc) by extension 'ros'
[3.120s] Level 1:colcon.colcon_core.package_identification:_identify(src/darknet_ros_yolov4/darknet_ros/darknet/build/darknet/x64/data/voc) by extensions ['cmake', 'python']
[3.120s] Level 1:colcon.colcon_core.package_identification:_identify(src/darknet_ros_yolov4/darknet_ros/darknet/build/darknet/x64/data/voc) by extension 'cmake'
[3.121s] Level 1:colcon.colcon_core.package_identification:_identify(src/darknet_ros_yolov4/darknet_ros/darknet/build/darknet/x64/data/voc) by extension 'python'
[3.121s] Level 1:colcon.colcon_core.package_identification:_identify(src/darknet_ros_yolov4/darknet_ros/darknet/build/darknet/x64/data/voc) by extensions ['python_setup_py']
[3.121s] Level 1:colcon.colcon_core.package_identification:_identify(src/darknet_ros_yolov4/darknet_ros/darknet/build/darknet/x64/data/voc) by extension 'python_setup_py'
[3.122s] Level 1:colcon.colcon_core.package_identification:_identify(src/darknet_ros_yolov4/darknet_ros/darknet/build/darknet/x64/results) by extensions ['ignore', 'ignore_ament_install']
[3.122s] Level 1:colcon.colcon_core.package_identification:_identify(src/darknet_ros_yolov4/darknet_ros/darknet/build/darknet/x64/results) by extension 'ignore'
[3.122s] Level 1:colcon.colcon_core.package_identification:_identify(src/darknet_ros_yolov4/darknet_ros/darknet/build/darknet/x64/results) by extension 'ignore_ament_install'
[3.123s] Level 1:colcon.colcon_core.package_identification:_identify(src/darknet_ros_yolov4/darknet_ros/darknet/build/darknet/x64/results) by extensions ['colcon_pkg']
[3.123s] Level 1:colcon.colcon_core.package_identification:_identify(src/darknet_ros_yolov4/darknet_ros/darknet/build/darknet/x64/results) by extension 'colcon_pkg'
[3.123s] Level 1:colcon.colcon_core.package_identification:_identify(src/darknet_ros_yolov4/darknet_ros/darknet/build/darknet/x64/results) by extensions ['colcon_meta']
[3.123s] Level 1:colcon.colcon_core.package_identification:_identify(src/darknet_ros_yolov4/darknet_ros/darknet/build/darknet/x64/results) by extension 'colcon_meta'
[3.123s] Level 1:colcon.colcon_core.package_identification:_identify(src/darknet_ros_yolov4/darknet_ros/darknet/build/darknet/x64/results) by extensions ['ros']
[3.123s] Level 1:colcon.colcon_core.package_identification:_identify(src/darknet_ros_yolov4/darknet_ros/darknet/build/darknet/x64/results) by extension 'ros'
[3.124s] Level 1:colcon.colcon_core.package_identification:_identify(src/darknet_ros_yolov4/darknet_ros/darknet/build/darknet/x64/results) by extensions ['cmake', 'python']
[3.124s] Level 1:colcon.colcon_core.package_identification:_identify(src/darknet_ros_yolov4/darknet_ros/darknet/build/darknet/x64/results) by extension 'cmake'
[3.124s] Level 1:colcon.colcon_core.package_identification:_identify(src/darknet_ros_yolov4/darknet_ros/darknet/build/darknet/x64/results) by extension 'python'
[3.124s] Level 1:colcon.colcon_core.package_identification:_identify(src/darknet_ros_yolov4/darknet_ros/darknet/build/darknet/x64/results) by extensions ['python_setup_py']
[3.125s] Level 1:colcon.colcon_core.package_identification:_identify(src/darknet_ros_yolov4/darknet_ros/darknet/build/darknet/x64/results) by extension 'python_setup_py'
[3.128s] Level 1:colcon.colcon_core.package_identification:_identify(src/darknet_ros_yolov4/darknet_ros/darknet/cfg) by extensions ['ignore', 'ignore_ament_install']
[3.128s] Level 1:colcon.colcon_core.package_identification:_identify(src/darknet_ros_yolov4/darknet_ros/darknet/cfg) by extension 'ignore'
[3.129s] Level 1:colcon.colcon_core.package_identification:_identify(src/darknet_ros_yolov4/darknet_ros/darknet/cfg) by extension 'ignore_ament_install'
[3.129s] Level 1:colcon.colcon_core.package_identification:_identify(src/darknet_ros_yolov4/darknet_ros/darknet/cfg) by extensions ['colcon_pkg']
[3.129s] Level 1:colcon.colcon_core.package_identification:_identify(src/darknet_ros_yolov4/darknet_ros/darknet/cfg) by extension 'colcon_pkg'
[3.129s] Level 1:colcon.colcon_core.package_identification:_identify(src/darknet_ros_yolov4/darknet_ros/darknet/cfg) by extensions ['colcon_meta']
[3.129s] Level 1:colcon.colcon_core.package_identification:_identify(src/darknet_ros_yolov4/darknet_ros/darknet/cfg) by extension 'colcon_meta'
[3.130s] Level 1:colcon.colcon_core.package_identification:_identify(src/darknet_ros_yolov4/darknet_ros/darknet/cfg) by extensions ['ros']
[3.130s] Level 1:colcon.colcon_core.package_identification:_identify(src/darknet_ros_yolov4/darknet_ros/darknet/cfg) by extension 'ros'
[3.130s] Level 1:colcon.colcon_core.package_identification:_identify(src/darknet_ros_yolov4/darknet_ros/darknet/cfg) by extensions ['cmake', 'python']
[3.130s] Level 1:colcon.colcon_core.package_identification:_identify(src/darknet_ros_yolov4/darknet_ros/darknet/cfg) by extension 'cmake'
[3.131s] Level 1:colcon.colcon_core.package_identification:_identify(src/darknet_ros_yolov4/darknet_ros/darknet/cfg) by extension 'python'
[3.131s] Level 1:colcon.colcon_core.package_identification:_identify(src/darknet_ros_yolov4/darknet_ros/darknet/cfg) by extensions ['python_setup_py']
[3.131s] Level 1:colcon.colcon_core.package_identification:_identify(src/darknet_ros_yolov4/darknet_ros/darknet/cfg) by extension 'python_setup_py'
[3.131s] Level 1:colcon.colcon_core.package_identification:_identify(src/darknet_ros_yolov4/darknet_ros/darknet/cfg/yolov1) by extensions ['ignore', 'ignore_ament_install']
[3.132s] Level 1:colcon.colcon_core.package_identification:_identify(src/darknet_ros_yolov4/darknet_ros/darknet/cfg/yolov1) by extension 'ignore'
[3.132s] Level 1:colcon.colcon_core.package_identification:_identify(src/darknet_ros_yolov4/darknet_ros/darknet/cfg/yolov1) by extension 'ignore_ament_install'
[3.132s] Level 1:colcon.colcon_core.package_identification:_identify(src/darknet_ros_yolov4/darknet_ros/darknet/cfg/yolov1) by extensions ['colcon_pkg']
[3.132s] Level 1:colcon.colcon_core.package_identification:_identify(src/darknet_ros_yolov4/darknet_ros/darknet/cfg/yolov1) by extension 'colcon_pkg'
[3.133s] Level 1:colcon.colcon_core.package_identification:_identify(src/darknet_ros_yolov4/darknet_ros/darknet/cfg/yolov1) by extensions ['colcon_meta']
[3.133s] Level 1:colcon.colcon_core.package_identification:_identify(src/darknet_ros_yolov4/darknet_ros/darknet/cfg/yolov1) by extension 'colcon_meta'
[3.133s] Level 1:colcon.colcon_core.package_identification:_identify(src/darknet_ros_yolov4/darknet_ros/darknet/cfg/yolov1) by extensions ['ros']
[3.133s] Level 1:colcon.colcon_core.package_identification:_identify(src/darknet_ros_yolov4/darknet_ros/darknet/cfg/yolov1) by extension 'ros'
[3.134s] Level 1:colcon.colcon_core.package_identification:_identify(src/darknet_ros_yolov4/darknet_ros/darknet/cfg/yolov1) by extensions ['cmake', 'python']
[3.134s] Level 1:colcon.colcon_core.package_identification:_identify(src/darknet_ros_yolov4/darknet_ros/darknet/cfg/yolov1) by extension 'cmake'
[3.134s] Level 1:colcon.colcon_core.package_identification:_identify(src/darknet_ros_yolov4/darknet_ros/darknet/cfg/yolov1) by extension 'python'
[3.134s] Level 1:colcon.colcon_core.package_identification:_identify(src/darknet_ros_yolov4/darknet_ros/darknet/cfg/yolov1) by extensions ['python_setup_py']
[3.134s] Level 1:colcon.colcon_core.package_identification:_identify(src/darknet_ros_yolov4/darknet_ros/darknet/cfg/yolov1) by extension 'python_setup_py'
[3.135s] Level 1:colcon.colcon_core.package_identification:_identify(src/darknet_ros_yolov4/darknet_ros/darknet/cmake) by extensions ['ignore', 'ignore_ament_install']
[3.135s] Level 1:colcon.colcon_core.package_identification:_identify(src/darknet_ros_yolov4/darknet_ros/darknet/cmake) by extension 'ignore'
[3.135s] Level 1:colcon.colcon_core.package_identification:_identify(src/darknet_ros_yolov4/darknet_ros/darknet/cmake) by extension 'ignore_ament_install'
[3.136s] Level 1:colcon.colcon_core.package_identification:_identify(src/darknet_ros_yolov4/darknet_ros/darknet/cmake) by extensions ['colcon_pkg']
[3.136s] Level 1:colcon.colcon_core.package_identification:_identify(src/darknet_ros_yolov4/darknet_ros/darknet/cmake) by extension 'colcon_pkg'
[3.136s] Level 1:colcon.colcon_core.package_identification:_identify(src/darknet_ros_yolov4/darknet_ros/darknet/cmake) by extensions ['colcon_meta']
[3.136s] Level 1:colcon.colcon_core.package_identification:_identify(src/darknet_ros_yolov4/darknet_ros/darknet/cmake) by extension 'colcon_meta'
[3.137s] Level 1:colcon.colcon_core.package_identification:_identify(src/darknet_ros_yolov4/darknet_ros/darknet/cmake) by extensions ['ros']
[3.137s] Level 1:colcon.colcon_core.package_identification:_identify(src/darknet_ros_yolov4/darknet_ros/darknet/cmake) by extension 'ros'
[3.137s] Level 1:colcon.colcon_core.package_identification:_identify(src/darknet_ros_yolov4/darknet_ros/darknet/cmake) by extensions ['cmake', 'python']
[3.137s] Level 1:colcon.colcon_core.package_identification:_identify(src/darknet_ros_yolov4/darknet_ros/darknet/cmake) by extension 'cmake'
[3.137s] Level 1:colcon.colcon_core.package_identification:_identify(src/darknet_ros_yolov4/darknet_ros/darknet/cmake) by extension 'python'
[3.138s] Level 1:colcon.colcon_core.package_identification:_identify(src/darknet_ros_yolov4/darknet_ros/darknet/cmake) by extensions ['python_setup_py']
[3.138s] Level 1:colcon.colcon_core.package_identification:_identify(src/darknet_ros_yolov4/darknet_ros/darknet/cmake) by extension 'python_setup_py'
[3.141s] Level 1:colcon.colcon_core.package_identification:_identify(src/darknet_ros_yolov4/darknet_ros/darknet/cmake/Modules) by extensions ['ignore', 'ignore_ament_install']
[3.141s] Level 1:colcon.colcon_core.package_identification:_identify(src/darknet_ros_yolov4/darknet_ros/darknet/cmake/Modules) by extension 'ignore'
[3.141s] Level 1:colcon.colcon_core.package_identification:_identify(src/darknet_ros_yolov4/darknet_ros/darknet/cmake/Modules) by extension 'ignore_ament_install'
[3.142s] Level 1:colcon.colcon_core.package_identification:_identify(src/darknet_ros_yolov4/darknet_ros/darknet/cmake/Modules) by extensions ['colcon_pkg']
[3.142s] Level 1:colcon.colcon_core.package_identification:_identify(src/darknet_ros_yolov4/darknet_ros/darknet/cmake/Modules) by extension 'colcon_pkg'
[3.142s] Level 1:colcon.colcon_core.package_identification:_identify(src/darknet_ros_yolov4/darknet_ros/darknet/cmake/Modules) by extensions ['colcon_meta']
[3.142s] Level 1:colcon.colcon_core.package_identification:_identify(src/darknet_ros_yolov4/darknet_ros/darknet/cmake/Modules) by extension 'colcon_meta'
[3.142s] Level 1:colcon.colcon_core.package_identification:_identify(src/darknet_ros_yolov4/darknet_ros/darknet/cmake/Modules) by extensions ['ros']
[3.143s] Level 1:colcon.colcon_core.package_identification:_identify(src/darknet_ros_yolov4/darknet_ros/darknet/cmake/Modules) by extension 'ros'
[3.143s] Level 1:colcon.colcon_core.package_identification:_identify(src/darknet_ros_yolov4/darknet_ros/darknet/cmake/Modules) by extensions ['cmake', 'python']
[3.143s] Level 1:colcon.colcon_core.package_identification:_identify(src/darknet_ros_yolov4/darknet_ros/darknet/cmake/Modules) by extension 'cmake'
[3.143s] Level 1:colcon.colcon_core.package_identification:_identify(src/darknet_ros_yolov4/darknet_ros/darknet/cmake/Modules) by extension 'python'
[3.143s] Level 1:colcon.colcon_core.package_identification:_identify(src/darknet_ros_yolov4/darknet_ros/darknet/cmake/Modules) by extensions ['python_setup_py']
[3.144s] Level 1:colcon.colcon_core.package_identification:_identify(src/darknet_ros_yolov4/darknet_ros/darknet/cmake/Modules) by extension 'python_setup_py'
[3.145s] Level 1:colcon.colcon_core.package_identification:_identify(src/darknet_ros_yolov4/darknet_ros/darknet/data) by extensions ['ignore', 'ignore_ament_install']
[3.145s] Level 1:colcon.colcon_core.package_identification:_identify(src/darknet_ros_yolov4/darknet_ros/darknet/data) by extension 'ignore'
[3.145s] Level 1:colcon.colcon_core.package_identification:_identify(src/darknet_ros_yolov4/darknet_ros/darknet/data) by extension 'ignore_ament_install'
[3.145s] Level 1:colcon.colcon_core.package_identification:_identify(src/darknet_ros_yolov4/darknet_ros/darknet/data) by extensions ['colcon_pkg']
[3.146s] Level 1:colcon.colcon_core.package_identification:_identify(src/darknet_ros_yolov4/darknet_ros/darknet/data) by extension 'colcon_pkg'
[3.146s] Level 1:colcon.colcon_core.package_identification:_identify(src/darknet_ros_yolov4/darknet_ros/darknet/data) by extensions ['colcon_meta']
[3.146s] Level 1:colcon.colcon_core.package_identification:_identify(src/darknet_ros_yolov4/darknet_ros/darknet/data) by extension 'colcon_meta'
[3.146s] Level 1:colcon.colcon_core.package_identification:_identify(src/darknet_ros_yolov4/darknet_ros/darknet/data) by extensions ['ros']
[3.146s] Level 1:colcon.colcon_core.package_identification:_identify(src/darknet_ros_yolov4/darknet_ros/darknet/data) by extension 'ros'
[3.147s] Level 1:colcon.colcon_core.package_identification:_identify(src/darknet_ros_yolov4/darknet_ros/darknet/data) by extensions ['cmake', 'python']
[3.147s] Level 1:colcon.colcon_core.package_identification:_identify(src/darknet_ros_yolov4/darknet_ros/darknet/data) by extension 'cmake'
[3.147s] Level 1:colcon.colcon_core.package_identification:_identify(src/darknet_ros_yolov4/darknet_ros/darknet/data) by extension 'python'
[3.147s] Level 1:colcon.colcon_core.package_identification:_identify(src/darknet_ros_yolov4/darknet_ros/darknet/data) by extensions ['python_setup_py']
[3.147s] Level 1:colcon.colcon_core.package_identification:_identify(src/darknet_ros_yolov4/darknet_ros/darknet/data) by extension 'python_setup_py'
[3.154s] Level 1:colcon.colcon_core.package_identification:_identify(src/darknet_ros_yolov4/darknet_ros/darknet/data/labels) by extensions ['ignore', 'ignore_ament_install']
[3.154s] Level 1:colcon.colcon_core.package_identification:_identify(src/darknet_ros_yolov4/darknet_ros/darknet/data/labels) by extension 'ignore'
[3.155s] Level 1:colcon.colcon_core.package_identification:_identify(src/darknet_ros_yolov4/darknet_ros/darknet/data/labels) by extension 'ignore_ament_install'
[3.155s] Level 1:colcon.colcon_core.package_identification:_identify(src/darknet_ros_yolov4/darknet_ros/darknet/data/labels) by extensions ['colcon_pkg']
[3.155s] Level 1:colcon.colcon_core.package_identification:_identify(src/darknet_ros_yolov4/darknet_ros/darknet/data/labels) by extension 'colcon_pkg'
[3.155s] Level 1:colcon.colcon_core.package_identification:_identify(src/darknet_ros_yolov4/darknet_ros/darknet/data/labels) by extensions ['colcon_meta']
[3.155s] Level 1:colcon.colcon_core.package_identification:_identify(src/darknet_ros_yolov4/darknet_ros/darknet/data/labels) by extension 'colcon_meta'
[3.156s] Level 1:colcon.colcon_core.package_identification:_identify(src/darknet_ros_yolov4/darknet_ros/darknet/data/labels) by extensions ['ros']
[3.156s] Level 1:colcon.colcon_core.package_identification:_identify(src/darknet_ros_yolov4/darknet_ros/darknet/data/labels) by extension 'ros'
[3.156s] Level 1:colcon.colcon_core.package_identification:_identify(src/darknet_ros_yolov4/darknet_ros/darknet/data/labels) by extensions ['cmake', 'python']
[3.156s] Level 1:colcon.colcon_core.package_identification:_identify(src/darknet_ros_yolov4/darknet_ros/darknet/data/labels) by extension 'cmake'
[3.157s] Level 1:colcon.colcon_core.package_identification:_identify(src/darknet_ros_yolov4/darknet_ros/darknet/data/labels) by extension 'python'
[3.157s] Level 1:colcon.colcon_core.package_identification:_identify(src/darknet_ros_yolov4/darknet_ros/darknet/data/labels) by extensions ['python_setup_py']
[3.157s] Level 1:colcon.colcon_core.package_identification:_identify(src/darknet_ros_yolov4/darknet_ros/darknet/data/labels) by extension 'python_setup_py'
[3.158s] Level 1:colcon.colcon_core.package_identification:_identify(src/darknet_ros_yolov4/darknet_ros/darknet/include) by extensions ['ignore', 'ignore_ament_install']
[3.158s] Level 1:colcon.colcon_core.package_identification:_identify(src/darknet_ros_yolov4/darknet_ros/darknet/include) by extension 'ignore'
[3.158s] Level 1:colcon.colcon_core.package_identification:_identify(src/darknet_ros_yolov4/darknet_ros/darknet/include) by extension 'ignore_ament_install'
[3.159s] Level 1:colcon.colcon_core.package_identification:_identify(src/darknet_ros_yolov4/darknet_ros/darknet/include) by extensions ['colcon_pkg']
[3.159s] Level 1:colcon.colcon_core.package_identification:_identify(src/darknet_ros_yolov4/darknet_ros/darknet/include) by extension 'colcon_pkg'
[3.159s] Level 1:colcon.colcon_core.package_identification:_identify(src/darknet_ros_yolov4/darknet_ros/darknet/include) by extensions ['colcon_meta']
[3.159s] Level 1:colcon.colcon_core.package_identification:_identify(src/darknet_ros_yolov4/darknet_ros/darknet/include) by extension 'colcon_meta'
[3.159s] Level 1:colcon.colcon_core.package_identification:_identify(src/darknet_ros_yolov4/darknet_ros/darknet/include) by extensions ['ros']
[3.160s] Level 1:colcon.colcon_core.package_identification:_identify(src/darknet_ros_yolov4/darknet_ros/darknet/include) by extension 'ros'
[3.160s] Level 1:colcon.colcon_core.package_identification:_identify(src/darknet_ros_yolov4/darknet_ros/darknet/include) by extensions ['cmake', 'python']
[3.160s] Level 1:colcon.colcon_core.package_identification:_identify(src/darknet_ros_yolov4/darknet_ros/darknet/include) by extension 'cmake'
[3.160s] Level 1:colcon.colcon_core.package_identification:_identify(src/darknet_ros_yolov4/darknet_ros/darknet/include) by extension 'python'
[3.160s] Level 1:colcon.colcon_core.package_identification:_identify(src/darknet_ros_yolov4/darknet_ros/darknet/include) by extensions ['python_setup_py']
[3.161s] Level 1:colcon.colcon_core.package_identification:_identify(src/darknet_ros_yolov4/darknet_ros/darknet/include) by extension 'python_setup_py'
[3.161s] Level 1:colcon.colcon_core.package_identification:_identify(src/darknet_ros_yolov4/darknet_ros/darknet/results) by extensions ['ignore', 'ignore_ament_install']
[3.161s] Level 1:colcon.colcon_core.package_identification:_identify(src/darknet_ros_yolov4/darknet_ros/darknet/results) by extension 'ignore'
[3.162s] Level 1:colcon.colcon_core.package_identification:_identify(src/darknet_ros_yolov4/darknet_ros/darknet/results) by extension 'ignore_ament_install'
[3.162s] Level 1:colcon.colcon_core.package_identification:_identify(src/darknet_ros_yolov4/darknet_ros/darknet/results) by extensions ['colcon_pkg']
[3.162s] Level 1:colcon.colcon_core.package_identification:_identify(src/darknet_ros_yolov4/darknet_ros/darknet/results) by extension 'colcon_pkg'
[3.162s] Level 1:colcon.colcon_core.package_identification:_identify(src/darknet_ros_yolov4/darknet_ros/darknet/results) by extensions ['colcon_meta']
[3.162s] Level 1:colcon.colcon_core.package_identification:_identify(src/darknet_ros_yolov4/darknet_ros/darknet/results) by extension 'colcon_meta'
[3.163s] Level 1:colcon.colcon_core.package_identification:_identify(src/darknet_ros_yolov4/darknet_ros/darknet/results) by extensions ['ros']
[3.163s] Level 1:colcon.colcon_core.package_identification:_identify(src/darknet_ros_yolov4/darknet_ros/darknet/results) by extension 'ros'
[3.163s] Level 1:colcon.colcon_core.package_identification:_identify(src/darknet_ros_yolov4/darknet_ros/darknet/results) by extensions ['cmake', 'python']
[3.163s] Level 1:colcon.colcon_core.package_identification:_identify(src/darknet_ros_yolov4/darknet_ros/darknet/results) by extension 'cmake'
[3.164s] Level 1:colcon.colcon_core.package_identification:_identify(src/darknet_ros_yolov4/darknet_ros/darknet/results) by extension 'python'
[3.164s] Level 1:colcon.colcon_core.package_identification:_identify(src/darknet_ros_yolov4/darknet_ros/darknet/results) by extensions ['python_setup_py']
[3.164s] Level 1:colcon.colcon_core.package_identification:_identify(src/darknet_ros_yolov4/darknet_ros/darknet/results) by extension 'python_setup_py'
[3.167s] Level 1:colcon.colcon_core.package_identification:_identify(src/darknet_ros_yolov4/darknet_ros/darknet/scripts) by extensions ['ignore', 'ignore_ament_install']
[3.167s] Level 1:colcon.colcon_core.package_identification:_identify(src/darknet_ros_yolov4/darknet_ros/darknet/scripts) by extension 'ignore'
[3.168s] Level 1:colcon.colcon_core.package_identification:_identify(src/darknet_ros_yolov4/darknet_ros/darknet/scripts) by extension 'ignore_ament_install'
[3.168s] Level 1:colcon.colcon_core.package_identification:_identify(src/darknet_ros_yolov4/darknet_ros/darknet/scripts) by extensions ['colcon_pkg']
[3.168s] Level 1:colcon.colcon_core.package_identification:_identify(src/darknet_ros_yolov4/darknet_ros/darknet/scripts) by extension 'colcon_pkg'
[3.168s] Level 1:colcon.colcon_core.package_identification:_identify(src/darknet_ros_yolov4/darknet_ros/darknet/scripts) by extensions ['colcon_meta']
[3.169s] Level 1:colcon.colcon_core.package_identification:_identify(src/darknet_ros_yolov4/darknet_ros/darknet/scripts) by extension 'colcon_meta'
[3.169s] Level 1:colcon.colcon_core.package_identification:_identify(src/darknet_ros_yolov4/darknet_ros/darknet/scripts) by extensions ['ros']
[3.169s] Level 1:colcon.colcon_core.package_identification:_identify(src/darknet_ros_yolov4/darknet_ros/darknet/scripts) by extension 'ros'
[3.169s] Level 1:colcon.colcon_core.package_identification:_identify(src/darknet_ros_yolov4/darknet_ros/darknet/scripts) by extensions ['cmake', 'python']
[3.170s] Level 1:colcon.colcon_core.package_identification:_identify(src/darknet_ros_yolov4/darknet_ros/darknet/scripts) by extension 'cmake'
[3.170s] Level 1:colcon.colcon_core.package_identification:_identify(src/darknet_ros_yolov4/darknet_ros/darknet/scripts) by extension 'python'
[3.170s] Level 1:colcon.colcon_core.package_identification:_identify(src/darknet_ros_yolov4/darknet_ros/darknet/scripts) by extensions ['python_setup_py']
[3.170s] Level 1:colcon.colcon_core.package_identification:_identify(src/darknet_ros_yolov4/darknet_ros/darknet/scripts) by extension 'python_setup_py'
[3.171s] Level 1:colcon.colcon_core.package_identification:_identify(src/darknet_ros_yolov4/darknet_ros/darknet/scripts/log_parser) by extensions ['ignore', 'ignore_ament_install']
[3.171s] Level 1:colcon.colcon_core.package_identification:_identify(src/darknet_ros_yolov4/darknet_ros/darknet/scripts/log_parser) by extension 'ignore'
[3.171s] Level 1:colcon.colcon_core.package_identification:_identify(src/darknet_ros_yolov4/darknet_ros/darknet/scripts/log_parser) by extension 'ignore_ament_install'
[3.172s] Level 1:colcon.colcon_core.package_identification:_identify(src/darknet_ros_yolov4/darknet_ros/darknet/scripts/log_parser) by extensions ['colcon_pkg']
[3.172s] Level 1:colcon.colcon_core.package_identification:_identify(src/darknet_ros_yolov4/darknet_ros/darknet/scripts/log_parser) by extension 'colcon_pkg'
[3.172s] Level 1:colcon.colcon_core.package_identification:_identify(src/darknet_ros_yolov4/darknet_ros/darknet/scripts/log_parser) by extensions ['colcon_meta']
[3.172s] Level 1:colcon.colcon_core.package_identification:_identify(src/darknet_ros_yolov4/darknet_ros/darknet/scripts/log_parser) by extension 'colcon_meta'
[3.172s] Level 1:colcon.colcon_core.package_identification:_identify(src/darknet_ros_yolov4/darknet_ros/darknet/scripts/log_parser) by extensions ['ros']
[3.172s] Level 1:colcon.colcon_core.package_identification:_identify(src/darknet_ros_yolov4/darknet_ros/darknet/scripts/log_parser) by extension 'ros'
[3.173s] Level 1:colcon.colcon_core.package_identification:_identify(src/darknet_ros_yolov4/darknet_ros/darknet/scripts/log_parser) by extensions ['cmake', 'python']
[3.173s] Level 1:colcon.colcon_core.package_identification:_identify(src/darknet_ros_yolov4/darknet_ros/darknet/scripts/log_parser) by extension 'cmake'
[3.173s] Level 1:colcon.colcon_core.package_identification:_identify(src/darknet_ros_yolov4/darknet_ros/darknet/scripts/log_parser) by extension 'python'
[3.173s] Level 1:colcon.colcon_core.package_identification:_identify(src/darknet_ros_yolov4/darknet_ros/darknet/scripts/log_parser) by extensions ['python_setup_py']
[3.173s] Level 1:colcon.colcon_core.package_identification:_identify(src/darknet_ros_yolov4/darknet_ros/darknet/scripts/log_parser) by extension 'python_setup_py'
[3.174s] Level 1:colcon.colcon_core.package_identification:_identify(src/darknet_ros_yolov4/darknet_ros/darknet/scripts/windows) by extensions ['ignore', 'ignore_ament_install']
[3.174s] Level 1:colcon.colcon_core.package_identification:_identify(src/darknet_ros_yolov4/darknet_ros/darknet/scripts/windows) by extension 'ignore'
[3.175s] Level 1:colcon.colcon_core.package_identification:_identify(src/darknet_ros_yolov4/darknet_ros/darknet/scripts/windows) by extension 'ignore_ament_install'
[3.175s] Level 1:colcon.colcon_core.package_identification:_identify(src/darknet_ros_yolov4/darknet_ros/darknet/scripts/windows) by extensions ['colcon_pkg']
[3.175s] Level 1:colcon.colcon_core.package_identification:_identify(src/darknet_ros_yolov4/darknet_ros/darknet/scripts/windows) by extension 'colcon_pkg'
[3.175s] Level 1:colcon.colcon_core.package_identification:_identify(src/darknet_ros_yolov4/darknet_ros/darknet/scripts/windows) by extensions ['colcon_meta']
[3.175s] Level 1:colcon.colcon_core.package_identification:_identify(src/darknet_ros_yolov4/darknet_ros/darknet/scripts/windows) by extension 'colcon_meta'
[3.176s] Level 1:colcon.colcon_core.package_identification:_identify(src/darknet_ros_yolov4/darknet_ros/darknet/scripts/windows) by extensions ['ros']
[3.176s] Level 1:colcon.colcon_core.package_identification:_identify(src/darknet_ros_yolov4/darknet_ros/darknet/scripts/windows) by extension 'ros'
[3.176s] Level 1:colcon.colcon_core.package_identification:_identify(src/darknet_ros_yolov4/darknet_ros/darknet/scripts/windows) by extensions ['cmake', 'python']
[3.176s] Level 1:colcon.colcon_core.package_identification:_identify(src/darknet_ros_yolov4/darknet_ros/darknet/scripts/windows) by extension 'cmake'
[3.177s] Level 1:colcon.colcon_core.package_identification:_identify(src/darknet_ros_yolov4/darknet_ros/darknet/scripts/windows) by extension 'python'
[3.177s] Level 1:colcon.colcon_core.package_identification:_identify(src/darknet_ros_yolov4/darknet_ros/darknet/scripts/windows) by extensions ['python_setup_py']
[3.177s] Level 1:colcon.colcon_core.package_identification:_identify(src/darknet_ros_yolov4/darknet_ros/darknet/scripts/windows) by extension 'python_setup_py'
[3.181s] Level 1:colcon.colcon_core.package_identification:_identify(src/darknet_ros_yolov4/darknet_ros/darknet/src) by extensions ['ignore', 'ignore_ament_install']
[3.181s] Level 1:colcon.colcon_core.package_identification:_identify(src/darknet_ros_yolov4/darknet_ros/darknet/src) by extension 'ignore'
[3.181s] Level 1:colcon.colcon_core.package_identification:_identify(src/darknet_ros_yolov4/darknet_ros/darknet/src) by extension 'ignore_ament_install'
[3.181s] Level 1:colcon.colcon_core.package_identification:_identify(src/darknet_ros_yolov4/darknet_ros/darknet/src) by extensions ['colcon_pkg']
[3.182s] Level 1:colcon.colcon_core.package_identification:_identify(src/darknet_ros_yolov4/darknet_ros/darknet/src) by extension 'colcon_pkg'
[3.182s] Level 1:colcon.colcon_core.package_identification:_identify(src/darknet_ros_yolov4/darknet_ros/darknet/src) by extensions ['colcon_meta']
[3.182s] Level 1:colcon.colcon_core.package_identification:_identify(src/darknet_ros_yolov4/darknet_ros/darknet/src) by extension 'colcon_meta'
[3.182s] Level 1:colcon.colcon_core.package_identification:_identify(src/darknet_ros_yolov4/darknet_ros/darknet/src) by extensions ['ros']
[3.182s] Level 1:colcon.colcon_core.package_identification:_identify(src/darknet_ros_yolov4/darknet_ros/darknet/src) by extension 'ros'
[3.183s] Level 1:colcon.colcon_core.package_identification:_identify(src/darknet_ros_yolov4/darknet_ros/darknet/src) by extensions ['cmake', 'python']
[3.183s] Level 1:colcon.colcon_core.package_identification:_identify(src/darknet_ros_yolov4/darknet_ros/darknet/src) by extension 'cmake'
[3.183s] Level 1:colcon.colcon_core.package_identification:_identify(src/darknet_ros_yolov4/darknet_ros/darknet/src) by extension 'python'
[3.183s] Level 1:colcon.colcon_core.package_identification:_identify(src/darknet_ros_yolov4/darknet_ros/darknet/src) by extensions ['python_setup_py']
[3.183s] Level 1:colcon.colcon_core.package_identification:_identify(src/darknet_ros_yolov4/darknet_ros/darknet/src) by extension 'python_setup_py'
[3.185s] Level 1:colcon.colcon_core.package_identification:_identify(src/darknet_ros_yolov4/darknet_ros/darknet_ros) by extensions ['ignore', 'ignore_ament_install']
[3.185s] Level 1:colcon.colcon_core.package_identification:_identify(src/darknet_ros_yolov4/darknet_ros/darknet_ros) by extension 'ignore'
[3.185s] Level 1:colcon.colcon_core.package_identification:_identify(src/darknet_ros_yolov4/darknet_ros/darknet_ros) by extension 'ignore_ament_install'
[3.185s] Level 1:colcon.colcon_core.package_identification:_identify(src/darknet_ros_yolov4/darknet_ros/darknet_ros) by extensions ['colcon_pkg']
[3.186s] Level 1:colcon.colcon_core.package_identification:_identify(src/darknet_ros_yolov4/darknet_ros/darknet_ros) by extension 'colcon_pkg'
[3.186s] Level 1:colcon.colcon_core.package_identification:_identify(src/darknet_ros_yolov4/darknet_ros/darknet_ros) by extensions ['colcon_meta']
[3.186s] Level 1:colcon.colcon_core.package_identification:_identify(src/darknet_ros_yolov4/darknet_ros/darknet_ros) by extension 'colcon_meta'
[3.186s] Level 1:colcon.colcon_core.package_identification:_identify(src/darknet_ros_yolov4/darknet_ros/darknet_ros) by extensions ['ros']
[3.186s] Level 1:colcon.colcon_core.package_identification:_identify(src/darknet_ros_yolov4/darknet_ros/darknet_ros) by extension 'ros'
[3.201s] DEBUG:colcon.colcon_core.package_identification:Package 'src/darknet_ros_yolov4/darknet_ros/darknet_ros' with type 'ros.ament_cmake' and name 'darknet_ros'
[3.203s] Level 1:colcon.colcon_core.package_identification:_identify(src/darknet_ros_yolov4/darknet_ros/darknet_ros_msgs) by extensions ['ignore', 'ignore_ament_install']
[3.203s] Level 1:colcon.colcon_core.package_identification:_identify(src/darknet_ros_yolov4/darknet_ros/darknet_ros_msgs) by extension 'ignore'
[3.203s] Level 1:colcon.colcon_core.package_identification:_identify(src/darknet_ros_yolov4/darknet_ros/darknet_ros_msgs) by extension 'ignore_ament_install'
[3.204s] Level 1:colcon.colcon_core.package_identification:_identify(src/darknet_ros_yolov4/darknet_ros/darknet_ros_msgs) by extensions ['colcon_pkg']
[3.204s] Level 1:colcon.colcon_core.package_identification:_identify(src/darknet_ros_yolov4/darknet_ros/darknet_ros_msgs) by extension 'colcon_pkg'
[3.204s] Level 1:colcon.colcon_core.package_identification:_identify(src/darknet_ros_yolov4/darknet_ros/darknet_ros_msgs) by extensions ['colcon_meta']
[3.204s] Level 1:colcon.colcon_core.package_identification:_identify(src/darknet_ros_yolov4/darknet_ros/darknet_ros_msgs) by extension 'colcon_meta'
[3.204s] Level 1:colcon.colcon_core.package_identification:_identify(src/darknet_ros_yolov4/darknet_ros/darknet_ros_msgs) by extensions ['ros']
[3.204s] Level 1:colcon.colcon_core.package_identification:_identify(src/darknet_ros_yolov4/darknet_ros/darknet_ros_msgs) by extension 'ros'
[3.209s] DEBUG:colcon.colcon_core.package_identification:Package 'src/darknet_ros_yolov4/darknet_ros/darknet_ros_msgs' with type 'ros.ament_cmake' and name 'darknet_ros_msgs'
[3.210s] Level 1:colcon.colcon_core.package_identification:_identify(src/darknet_ros_yolov4/pictures) by extensions ['ignore', 'ignore_ament_install']
[3.211s] Level 1:colcon.colcon_core.package_identification:_identify(src/darknet_ros_yolov4/pictures) by extension 'ignore'
[3.211s] Level 1:colcon.colcon_core.package_identification:_identify(src/darknet_ros_yolov4/pictures) by extension 'ignore_ament_install'
[3.211s] Level 1:colcon.colcon_core.package_identification:_identify(src/darknet_ros_yolov4/pictures) by extensions ['colcon_pkg']
[3.211s] Level 1:colcon.colcon_core.package_identification:_identify(src/darknet_ros_yolov4/pictures) by extension 'colcon_pkg'
[3.212s] Level 1:colcon.colcon_core.package_identification:_identify(src/darknet_ros_yolov4/pictures) by extensions ['colcon_meta']
[3.212s] Level 1:colcon.colcon_core.package_identification:_identify(src/darknet_ros_yolov4/pictures) by extension 'colcon_meta'
[3.212s] Level 1:colcon.colcon_core.package_identification:_identify(src/darknet_ros_yolov4/pictures) by extensions ['ros']
[3.212s] Level 1:colcon.colcon_core.package_identification:_identify(src/darknet_ros_yolov4/pictures) by extension 'ros'
[3.212s] Level 1:colcon.colcon_core.package_identification:_identify(src/darknet_ros_yolov4/pictures) by extensions ['cmake', 'python']
[3.213s] Level 1:colcon.colcon_core.package_identification:_identify(src/darknet_ros_yolov4/pictures) by extension 'cmake'
[3.213s] Level 1:colcon.colcon_core.package_identification:_identify(src/darknet_ros_yolov4/pictures) by extension 'python'
[3.213s] Level 1:colcon.colcon_core.package_identification:_identify(src/darknet_ros_yolov4/pictures) by extensions ['python_setup_py']
[3.213s] Level 1:colcon.colcon_core.package_identification:_identify(src/darknet_ros_yolov4/pictures) by extension 'python_setup_py'
[3.214s] Level 1:colcon.colcon_core.package_identification:_identify(src/humancount) by extensions ['ignore', 'ignore_ament_install']
[3.214s] Level 1:colcon.colcon_core.package_identification:_identify(src/humancount) by extension 'ignore'
[3.215s] Level 1:colcon.colcon_core.package_identification:_identify(src/humancount) by extension 'ignore_ament_install'
[3.215s] Level 1:colcon.colcon_core.package_identification:_identify(src/humancount) by extensions ['colcon_pkg']
[3.215s] Level 1:colcon.colcon_core.package_identification:_identify(src/humancount) by extension 'colcon_pkg'
[3.215s] Level 1:colcon.colcon_core.package_identification:_identify(src/humancount) by extensions ['colcon_meta']
[3.215s] Level 1:colcon.colcon_core.package_identification:_identify(src/humancount) by extension 'colcon_meta'
[3.216s] Level 1:colcon.colcon_core.package_identification:_identify(src/humancount) by extensions ['ros']
[3.216s] Level 1:colcon.colcon_core.package_identification:_identify(src/humancount) by extension 'ros'
[3.222s] DEBUG:colcon.colcon_core.package_identification:Package 'src/humancount' with type 'ros.ament_python' and name 'humancount'
[3.225s] Level 1:colcon.colcon_core.package_identification:_identify(src/install) by extensions ['ignore', 'ignore_ament_install']
[3.226s] Level 1:colcon.colcon_core.package_identification:_identify(src/install) by extension 'ignore'
[3.226s] Level 1:colcon.colcon_core.package_identification:_identify(src/install) ignored
[3.227s] Level 1:colcon.colcon_core.package_identification:_identify(src/log) by extensions ['ignore', 'ignore_ament_install']
[3.227s] Level 1:colcon.colcon_core.package_identification:_identify(src/log) by extension 'ignore'
[3.228s] Level 1:colcon.colcon_core.package_identification:_identify(src/log) ignored
[3.229s] Level 1:colcon.colcon_core.package_identification:_identify(src/px4_msgs) by extensions ['ignore', 'ignore_ament_install']
[3.229s] Level 1:colcon.colcon_core.package_identification:_identify(src/px4_msgs) by extension 'ignore'
[3.229s] Level 1:colcon.colcon_core.package_identification:_identify(src/px4_msgs) by extension 'ignore_ament_install'
[3.229s] Level 1:colcon.colcon_core.package_identification:_identify(src/px4_msgs) by extensions ['colcon_pkg']
[3.230s] Level 1:colcon.colcon_core.package_identification:_identify(src/px4_msgs) by extension 'colcon_pkg'
[3.230s] Level 1:colcon.colcon_core.package_identification:_identify(src/px4_msgs) by extensions ['colcon_meta']
[3.230s] Level 1:colcon.colcon_core.package_identification:_identify(src/px4_msgs) by extension 'colcon_meta'
[3.230s] Level 1:colcon.colcon_core.package_identification:_identify(src/px4_msgs) by extensions ['ros']
[3.230s] Level 1:colcon.colcon_core.package_identification:_identify(src/px4_msgs) by extension 'ros'
[3.234s] DEBUG:colcon.colcon_core.package_identification:Package 'src/px4_msgs' with type 'ros.ament_cmake' and name 'px4_msgs'
[3.235s] Level 1:colcon.colcon_core.package_identification:_identify(src/px4_ros_com) by extensions ['ignore', 'ignore_ament_install']
[3.235s] Level 1:colcon.colcon_core.package_identification:_identify(src/px4_ros_com) by extension 'ignore'
[3.236s] Level 1:colcon.colcon_core.package_identification:_identify(src/px4_ros_com) by extension 'ignore_ament_install'
[3.236s] Level 1:colcon.colcon_core.package_identification:_identify(src/px4_ros_com) by extensions ['colcon_pkg']
[3.236s] Level 1:colcon.colcon_core.package_identification:_identify(src/px4_ros_com) by extension 'colcon_pkg'
[3.236s] Level 1:colcon.colcon_core.package_identification:_identify(src/px4_ros_com) by extensions ['colcon_meta']
[3.236s] Level 1:colcon.colcon_core.package_identification:_identify(src/px4_ros_com) by extension 'colcon_meta'
[3.237s] Level 1:colcon.colcon_core.package_identification:_identify(src/px4_ros_com) by extensions ['ros']
[3.237s] Level 1:colcon.colcon_core.package_identification:_identify(src/px4_ros_com) by extension 'ros'
[3.242s] DEBUG:colcon.colcon_core.package_identification:Package 'src/px4_ros_com' with type 'ros.ament_cmake' and name 'px4_ros_com'
[3.246s] Level 1:colcon.colcon_core.package_identification:_identify(src/termal) by extensions ['ignore', 'ignore_ament_install']
[3.246s] Level 1:colcon.colcon_core.package_identification:_identify(src/termal) by extension 'ignore'
[3.246s] Level 1:colcon.colcon_core.package_identification:_identify(src/termal) by extension 'ignore_ament_install'
[3.247s] Level 1:colcon.colcon_core.package_identification:_identify(src/termal) by extensions ['colcon_pkg']
[3.247s] Level 1:colcon.colcon_core.package_identification:_identify(src/termal) by extension 'colcon_pkg'
[3.247s] Level 1:colcon.colcon_core.package_identification:_identify(src/termal) by extensions ['colcon_meta']
[3.247s] Level 1:colcon.colcon_core.package_identification:_identify(src/termal) by extension 'colcon_meta'
[3.247s] Level 1:colcon.colcon_core.package_identification:_identify(src/termal) by extensions ['ros']
[3.247s] Level 1:colcon.colcon_core.package_identification:_identify(src/termal) by extension 'ros'
[3.252s] DEBUG:colcon.colcon_core.package_identification:Package 'src/termal' with type 'ros.ament_python' and name 'termal'
[3.254s] Level 1:colcon.colcon_core.package_identification:_identify(src/yolo_den) by extensions ['ignore', 'ignore_ament_install']
[3.254s] Level 1:colcon.colcon_core.package_identification:_identify(src/yolo_den) by extension 'ignore'
[3.255s] Level 1:colcon.colcon_core.package_identification:_identify(src/yolo_den) by extension 'ignore_ament_install'
[3.255s] Level 1:colcon.colcon_core.package_identification:_identify(src/yolo_den) by extensions ['colcon_pkg']
[3.255s] Level 1:colcon.colcon_core.package_identification:_identify(src/yolo_den) by extension 'colcon_pkg'
[3.255s] Level 1:colcon.colcon_core.package_identification:_identify(src/yolo_den) by extensions ['colcon_meta']
[3.255s] Level 1:colcon.colcon_core.package_identification:_identify(src/yolo_den) by extension 'colcon_meta'
[3.256s] Level 1:colcon.colcon_core.package_identification:_identify(src/yolo_den) by extensions ['ros']
[3.256s] Level 1:colcon.colcon_core.package_identification:_identify(src/yolo_den) by extension 'ros'
[3.260s] DEBUG:colcon.colcon_core.package_identification:Package 'src/yolo_den' with type 'ros.ament_python' and name 'yolo_den'
[3.260s] Level 1:colcon.colcon_core.package_discovery:discover_packages(recursive) using defaults
[3.261s] Level 1:colcon.colcon_core.package_discovery:discover_packages(ignore) discover
[3.261s] Level 1:colcon.colcon_core.package_discovery:discover_packages(ignore) using defaults
[3.261s] Level 1:colcon.colcon_core.package_discovery:discover_packages(path) discover
[3.261s] Level 1:colcon.colcon_core.package_discovery:discover_packages(path) using defaults
[3.381s] INFO:colcon.colcon_core.package_selection:Skipping not selected package 'darknet_ros_msgs' in 'src/darknet_ros_yolov4/darknet_ros/darknet_ros_msgs'
[3.381s] INFO:colcon.colcon_core.package_selection:Skipping not selected package 'px4_msgs' in 'src/px4_msgs'
[3.381s] INFO:colcon.colcon_core.package_selection:Skipping not selected package 'termal' in 'src/termal'
[3.381s] INFO:colcon.colcon_core.package_selection:Skipping not selected package 'yolo_den' in 'src/yolo_den'
[3.381s] INFO:colcon.colcon_core.package_selection:Skipping not selected package 'darknet_ros' in 'src/darknet_ros_yolov4/darknet_ros/darknet_ros'
[3.382s] INFO:colcon.colcon_core.package_selection:Skipping not selected package 'px4_ros_com' in 'src/px4_ros_com'
[3.389s] Level 1:colcon.colcon_core.package_discovery:discover_packages(prefix_path) check parameters
[3.389s] Level 1:colcon.colcon_core.package_discovery:discover_packages(prefix_path) discover
[3.414s] DEBUG:colcon.colcon_installed_package_information.package_discovery:Found 10 installed packages in /home/jetson/ros2_ws/install
[3.425s] DEBUG:colcon.colcon_installed_package_information.package_discovery:Found 259 installed packages in /opt/ros/foxy
[3.433s] Level 1:colcon.colcon_core.package_discovery:discover_packages(prefix_path) using defaults
[3.812s] Level 5:colcon.colcon_core.verb:set package 'humancount' build argument 'cmake_args' from command line to 'None'
[3.813s] Level 5:colcon.colcon_core.verb:set package 'humancount' build argument 'cmake_target' from command line to 'None'
[3.813s] Level 5:colcon.colcon_core.verb:set package 'humancount' build argument 'cmake_target_skip_unavailable' from command line to 'False'
[3.813s] Level 5:colcon.colcon_core.verb:set package 'humancount' build argument 'cmake_clean_cache' from command line to 'False'
[3.813s] Level 5:colcon.colcon_core.verb:set package 'humancount' build argument 'cmake_clean_first' from command line to 'False'
[3.813s] Level 5:colcon.colcon_core.verb:set package 'humancount' build argument 'cmake_force_configure' from command line to 'False'
[3.813s] Level 5:colcon.colcon_core.verb:set package 'humancount' build argument 'ament_cmake_args' from command line to 'None'
[3.814s] Level 5:colcon.colcon_core.verb:set package 'humancount' build argument 'catkin_cmake_args' from command line to 'None'
[3.814s] Level 5:colcon.colcon_core.verb:set package 'humancount' build argument 'catkin_skip_building_tests' from command line to 'False'
[3.814s] DEBUG:colcon.colcon_core.verb:Building package 'humancount' with the following arguments: {'ament_cmake_args': None, 'build_base': '/home/jetson/ros2_ws/build/humancount', 'catkin_cmake_args': None, 'catkin_skip_building_tests': False, 'cmake_args': None, 'cmake_clean_cache': False, 'cmake_clean_first': False, 'cmake_force_configure': False, 'cmake_target': None, 'cmake_target_skip_unavailable': False, 'install_base': '/home/jetson/ros2_ws/install/humancount', 'merge_install': False, 'path': '/home/jetson/ros2_ws/src/humancount', 'symlink_install': True, 'test_result_base': None}
[3.819s] INFO:colcon.colcon_core.executor:Executing jobs using 'parallel' executor
[3.847s] DEBUG:colcon.colcon_parallel_executor.executor.parallel:run_until_complete
[3.848s] INFO:colcon.colcon_ros.task.ament_python.build:Building ROS package in '/home/jetson/ros2_ws/src/humancount' with build type 'ament_python'
[3.849s] Level 1:colcon.colcon_core.shell:create_environment_hook('humancount', 'ament_prefix_path')
[3.880s] INFO:colcon.colcon_core.plugin_system:Skipping extension 'colcon_core.shell.bat': Not used on non-Windows systems
[3.881s] INFO:colcon.colcon_core.shell:Creating environment hook '/home/jetson/ros2_ws/install/humancount/share/humancount/hook/ament_prefix_path.ps1'
[3.891s] INFO:colcon.colcon_core.shell:Creating environment descriptor '/home/jetson/ros2_ws/install/humancount/share/humancount/hook/ament_prefix_path.dsv'
[3.893s] INFO:colcon.colcon_core.shell:Creating environment hook '/home/jetson/ros2_ws/install/humancount/share/humancount/hook/ament_prefix_path.sh'
[3.905s] INFO:colcon.colcon_core.shell:Skip shell extension 'powershell' for command environment: Not usable outside of PowerShell
[3.905s] DEBUG:colcon.colcon_core.shell:Skip shell extension 'dsv' for command environment
[8.080s] INFO:colcon.colcon_core.task.python.build:Building Python package in '/home/jetson/ros2_ws/src/humancount'
[8.090s] INFO:colcon.colcon_core.shell:Skip shell extension 'powershell' for command environment: Not usable outside of PowerShell
[8.090s] DEBUG:colcon.colcon_core.shell:Skip shell extension 'dsv' for command environment
[13.849s] DEBUG:colcon.colcon_core.event_handler.log_command:Invoking command in '/home/jetson/ros2_ws/build/humancount': CMAKE_PREFIX_PATH=/home/jetson/ros2_ws/install/darknet_ros_msgs:/home/jetson/ros2_ws/install/px4_ros_com:/home/jetson/ros2_ws/install/px4_msgs:/home/jetson/ros2_ws/install/darknet_ros LD_LIBRARY_PATH=/home/jetson/ros2_ws/install/darknet_ros_msgs/lib:/home/jetson/ros2_ws/install/px4_ros_com/lib:/home/jetson/ros2_ws/install/px4_msgs/lib:/home/jetson/ros2_ws/install/darknet_ros/lib:/opt/ros/foxy/opt/yaml_cpp_vendor/lib:/opt/ros/foxy/opt/rviz_ogre_vendor/lib:/opt/ros/foxy/lib/aarch64-linux-gnu:/opt/ros/foxy/lib PYTHONPATH=/home/jetson/ros2_ws/install/humancount/lib/python3.8/site-packages:/home/jetson/ros2_ws/install/darknet_ros_msgs/lib/python3.8/site-packages:/home/jetson/ros2_ws/install/yolo_den/lib/python3.8/site-packages:/home/jetson/ros2_ws/install/termal/lib/python3.8/site-packages:/home/jetson/ros2_ws/install/px4_msgs/lib/python3.8/site-packages:/home/jetson/ros2_ws/build/humcount:/home/jetson/ros2_ws/install/humcount/lib/python3.8/site-packages:/home/jetson/ros2_ws/build/humancount:/home/jetson/ros2_ws/install/humancount/lib/python3.8/site-packages:/home/jetson/ros2_ws/build/count:/home/jetson/ros2_ws/install/count/lib/python3.8/site-packages:/home/jetson/ros2_ws/install/cvdeneme/lib/python3.8/site-packages:/opt/ros/foxy/lib/python3.8/site-packages /usr/bin/python3 setup.py develop --prefix /home/jetson/ros2_ws/install/humancount --editable --build-directory /home/jetson/ros2_ws/build/humancount/build --no-deps install_data --install-dir /home/jetson/ros2_ws/install/humancount
[24.742s] Level 1:colcon.colcon_core.shell:create_environment_hook('humancount', 'pythonpath_develop')
[24.754s] INFO:colcon.colcon_core.shell:Creating environment hook '/home/jetson/ros2_ws/build/humancount/share/humancount/hook/pythonpath_develop.ps1'
[24.756s] DEBUG:colcon.colcon_core.event_handler.log_command:Invoked command in '/home/jetson/ros2_ws/build/humancount' returned '0': CMAKE_PREFIX_PATH=/home/jetson/ros2_ws/install/darknet_ros_msgs:/home/jetson/ros2_ws/install/px4_ros_com:/home/jetson/ros2_ws/install/px4_msgs:/home/jetson/ros2_ws/install/darknet_ros LD_LIBRARY_PATH=/home/jetson/ros2_ws/install/darknet_ros_msgs/lib:/home/jetson/ros2_ws/install/px4_ros_com/lib:/home/jetson/ros2_ws/install/px4_msgs/lib:/home/jetson/ros2_ws/install/darknet_ros/lib:/opt/ros/foxy/opt/yaml_cpp_vendor/lib:/opt/ros/foxy/opt/rviz_ogre_vendor/lib:/opt/ros/foxy/lib/aarch64-linux-gnu:/opt/ros/foxy/lib PYTHONPATH=/home/jetson/ros2_ws/install/humancount/lib/python3.8/site-packages:/home/jetson/ros2_ws/install/darknet_ros_msgs/lib/python3.8/site-packages:/home/jetson/ros2_ws/install/yolo_den/lib/python3.8/site-packages:/home/jetson/ros2_ws/install/termal/lib/python3.8/site-packages:/home/jetson/ros2_ws/install/px4_msgs/lib/python3.8/site-packages:/home/jetson/ros2_ws/build/humcount:/home/jetson/ros2_ws/install/humcount/lib/python3.8/site-packages:/home/jetson/ros2_ws/build/humancount:/home/jetson/ros2_ws/install/humancount/lib/python3.8/site-packages:/home/jetson/ros2_ws/build/count:/home/jetson/ros2_ws/install/count/lib/python3.8/site-packages:/home/jetson/ros2_ws/install/cvdeneme/lib/python3.8/site-packages:/opt/ros/foxy/lib/python3.8/site-packages /usr/bin/python3 setup.py develop --prefix /home/jetson/ros2_ws/install/humancount --editable --build-directory /home/jetson/ros2_ws/build/humancount/build --no-deps install_data --install-dir /home/jetson/ros2_ws/install/humancount
[24.762s] INFO:colcon.colcon_core.shell:Creating environment descriptor '/home/jetson/ros2_ws/build/humancount/share/humancount/hook/pythonpath_develop.dsv'
[24.764s] INFO:colcon.colcon_core.shell:Creating environment hook '/home/jetson/ros2_ws/build/humancount/share/humancount/hook/pythonpath_develop.sh'
[24.802s] Level 1:colcon.colcon_core.environment:checking '/home/jetson/ros2_ws/install/humancount' for CMake module files
[24.805s] Level 1:colcon.colcon_core.environment:checking '/home/jetson/ros2_ws/install/humancount' for CMake config files
[24.810s] Level 1:colcon.colcon_core.environment:checking '/home/jetson/ros2_ws/install/humancount/lib'
[24.810s] Level 1:colcon.colcon_core.environment:checking '/home/jetson/ros2_ws/install/humancount/bin'
[24.811s] Level 1:colcon.colcon_core.environment:checking '/home/jetson/ros2_ws/install/humancount/lib/pkgconfig/humancount.pc'
[24.812s] Level 1:colcon.colcon_core.environment:checking '/home/jetson/ros2_ws/install/humancount/lib/python3.8/site-packages'
[24.812s] Level 1:colcon.colcon_core.shell:create_environment_hook('humancount', 'pythonpath')
[24.822s] INFO:colcon.colcon_core.shell:Creating environment hook '/home/jetson/ros2_ws/install/humancount/share/humancount/hook/pythonpath.ps1'
[24.825s] INFO:colcon.colcon_core.shell:Creating environment descriptor '/home/jetson/ros2_ws/install/humancount/share/humancount/hook/pythonpath.dsv'
[24.826s] INFO:colcon.colcon_core.shell:Creating environment hook '/home/jetson/ros2_ws/install/humancount/share/humancount/hook/pythonpath.sh'
[24.828s] Level 1:colcon.colcon_core.environment:checking '/home/jetson/ros2_ws/install/humancount/bin'
[24.828s] Level 1:colcon.colcon_core.environment:create_environment_scripts_only(humancount)
[24.838s] INFO:colcon.colcon_core.shell:Creating package script '/home/jetson/ros2_ws/install/humancount/share/humancount/package.ps1'
[24.841s] INFO:colcon.colcon_core.shell:Creating package descriptor '/home/jetson/ros2_ws/install/humancount/share/humancount/package.dsv'
[24.844s] INFO:colcon.colcon_core.shell:Creating package script '/home/jetson/ros2_ws/install/humancount/share/humancount/package.sh'
[24.847s] INFO:colcon.colcon_core.shell:Creating package script '/home/jetson/ros2_ws/install/humancount/share/humancount/package.bash'
[24.851s] INFO:colcon.colcon_core.shell:Creating package script '/home/jetson/ros2_ws/install/humancount/share/humancount/package.zsh'
[24.855s] Level 1:colcon.colcon_core.environment:create_file_with_runtime_dependencies(/home/jetson/ros2_ws/install/humancount/share/colcon-core/packages/humancount)
[24.857s] DEBUG:colcon.colcon_parallel_executor.executor.parallel:closing loop
[24.858s] DEBUG:colcon.colcon_parallel_executor.executor.parallel:loop closed
[24.858s] DEBUG:colcon.colcon_parallel_executor.executor.parallel:run_until_complete finished with '0'
[24.858s] DEBUG:colcon.colcon_core.event_reactor:joining thread
[24.898s] INFO:colcon.colcon_core.plugin_system:Skipping extension 'colcon_notification.desktop_notification.terminal_notifier': Not used on non-Darwin systems
[24.899s] INFO:colcon.colcon_core.plugin_system:Skipping extension 'colcon_notification.desktop_notification.win32': Not used on non-Windows systems
[24.899s] INFO:colcon.colcon_notification.desktop_notification:Sending desktop notification using 'notify2'
[24.975s] DEBUG:colcon.colcon_core.event_reactor:joined thread
[24.985s] INFO:colcon.colcon_core.shell:Creating prefix script '/home/jetson/ros2_ws/install/local_setup.ps1'
[24.989s] INFO:colcon.colcon_core.shell:Creating prefix util module '/home/jetson/ros2_ws/install/_local_setup_util_ps1.py'
[24.999s] INFO:colcon.colcon_core.shell:Creating prefix chain script '/home/jetson/ros2_ws/install/setup.ps1'
[25.007s] INFO:colcon.colcon_core.shell:Creating prefix script '/home/jetson/ros2_ws/install/local_setup.sh'
[25.010s] INFO:colcon.colcon_core.shell:Creating prefix util module '/home/jetson/ros2_ws/install/_local_setup_util_sh.py'
[25.012s] INFO:colcon.colcon_core.shell:Creating prefix chain script '/home/jetson/ros2_ws/install/setup.sh'
[25.021s] INFO:colcon.colcon_core.shell:Creating prefix script '/home/jetson/ros2_ws/install/local_setup.bash'
[25.023s] INFO:colcon.colcon_core.shell:Creating prefix chain script '/home/jetson/ros2_ws/install/setup.bash'
[25.031s] INFO:colcon.colcon_core.shell:Creating prefix script '/home/jetson/ros2_ws/install/local_setup.zsh'
[25.037s] INFO:colcon.colcon_core.shell:Creating prefix chain script '/home/jetson/ros2_ws/install/setup.zsh'
