[14.954s] Invoking command in '/home/jetson/ros2_ws/build/cvdeneme': PYTHONPATH=/home/jetson/ros2_ws/install/cvdeneme/lib/python3.8/site-packages:${PYTHONPATH} /usr/bin/python3 setup.py develop --prefix /home/jetson/ros2_ws/install/cvdeneme --editable --build-directory /home/jetson/ros2_ws/build/cvdeneme/build --no-deps install_data --install-dir /home/jetson/ros2_ws/install/cvdeneme
[20.354s] running develop
[20.355s] /usr/local/lib/python3.8/dist-packages/setuptools/command/easy_install.py:144: EasyInstallDeprecationWarning: easy_install command is deprecated. Use build and pip and other standards-based tools.
[20.355s]   warnings.warn(
[21.272s] /usr/local/lib/python3.8/dist-packages/setuptools/command/install.py:34: SetuptoolsDeprecationWarning: setup.py install is deprecated. Use build and pip and other standards-based tools.
[21.273s]   warnings.warn(
[23.055s] /usr/local/lib/python3.8/dist-packages/pkg_resources/__init__.py:123: PkgResourcesDeprecationWarning: 0.1.36ubuntu1 is an invalid version and will not be supported in a future release
[23.055s]   warnings.warn(
[23.057s] /usr/local/lib/python3.8/dist-packages/pkg_resources/__init__.py:123: PkgResourcesDeprecationWarning: 0.23ubuntu1 is an invalid version and will not be supported in a future release
[23.058s]   warnings.warn(
[23.682s] running egg_info
[24.124s] writing cvdeneme.egg-info/PKG-INFO
[24.481s] writing dependency_links to cvdeneme.egg-info/dependency_links.txt
[25.627s] writing entry points to cvdeneme.egg-info/entry_points.txt
[26.423s] writing requirements to cvdeneme.egg-info/requires.txt
[26.804s] writing top-level names to cvdeneme.egg-info/top_level.txt
[27.366s] reading manifest file 'cvdeneme.egg-info/SOURCES.txt'
[27.370s] writing manifest file 'cvdeneme.egg-info/SOURCES.txt'
[28.084s] running build_ext
[28.086s] Creating /home/jetson/ros2_ws/install/cvdeneme/lib/python3.8/site-packages/cvdeneme.egg-link (link to .)
[28.089s] Installing cvdnm2 script to /home/jetson/ros2_ws/install/cvdeneme/lib/cvdeneme
[28.091s] 
[28.091s] Installed /home/jetson/ros2_ws/build/cvdeneme
[28.092s] running install_data
[28.388s] Invoked command in '/home/jetson/ros2_ws/build/cvdeneme' returned '0': PYTHONPATH=/home/jetson/ros2_ws/install/cvdeneme/lib/python3.8/site-packages:${PYTHONPATH} /usr/bin/python3 setup.py develop --prefix /home/jetson/ros2_ws/install/cvdeneme --editable --build-directory /home/jetson/ros2_ws/build/cvdeneme/build --no-deps install_data --install-dir /home/jetson/ros2_ws/install/cvdeneme
