make[2]: Warning: File 'CMakeFiles/px4_msgs__rosidl_generator_c.dir/depend.make' has modification time 702 s in the future
make[2]: Warning: File 'rosidl_generator_cpp/px4_msgs/msg/action_request.hpp' has modification time 453 s in the future
make[2]: warning:  Clock skew detected.  Your build may be incomplete.
make[2]: warning:  Clock skew detected.  Your build may be incomplete.
make[2]: Warning: File 'CMakeFiles/px4_msgs__rosidl_generator_c.dir/depend.make' has modification time 702 s in the future
make[2]: warning:  Clock skew detected.  Your build may be incomplete.
make[2]: Warning: File 'CMakeFiles/px4_msgs__rosidl_typesupport_introspection_c.dir/depend.make' has modification time 950 s in the future
make[2]: Warning: File 'CMakeFiles/px4_msgs__rosidl_typesupport_cpp.dir/depend.make' has modification time 927 s in the future
make[2]: Warning: File 'CMakeFiles/px4_msgs__rosidl_typesupport_introspection_cpp.dir/depend.make' has modification time 1013 s in the future
make[2]: warning:  Clock skew detected.  Your build may be incomplete.
make[2]: Warning: File 'CMakeFiles/px4_msgs__rosidl_typesupport_fastrtps_cpp.dir/depend.make' has modification time 962 s in the future
make[2]: warning:  Clock skew detected.  Your build may be incomplete.
make[2]: warning:  Clock skew detected.  Your build may be incomplete.
make[2]: warning:  Clock skew detected.  Your build may be incomplete.
make[2]: Warning: File 'CMakeFiles/px4_msgs__rosidl_typesupport_introspection_cpp.dir/depend.make' has modification time 1013 s in the future
make[2]: warning:  Clock skew detected.  Your build may be incomplete.
make[2]: Warning: File 'CMakeFiles/px4_msgs__rosidl_typesupport_cpp.dir/depend.make' has modification time 927 s in the future
make[2]: Warning: File 'CMakeFiles/px4_msgs__rosidl_typesupport_introspection_c.dir/depend.make' has modification time 949 s in the future
make[2]: warning:  Clock skew detected.  Your build may be incomplete.
make[2]: warning:  Clock skew detected.  Your build may be incomplete.
make[2]: Warning: File 'CMakeFiles/px4_msgs__rosidl_typesupport_fastrtps_cpp.dir/depend.make' has modification time 961 s in the future
make[2]: warning:  Clock skew detected.  Your build may be incomplete.
make[2]: Warning: File 'CMakeFiles/px4_msgs__rosidl_typesupport_c.dir/depend.make' has modification time 1360 s in the future
make[2]: warning:  Clock skew detected.  Your build may be incomplete.
make[2]: Warning: File 'CMakeFiles/px4_msgs__rosidl_typesupport_c.dir/depend.make' has modification time 1360 s in the future
make[2]: Warning: File 'CMakeFiles/px4_msgs__rosidl_typesupport_fastrtps_c.dir/depend.make' has modification time 1472 s in the future
make[2]: warning:  Clock skew detected.  Your build may be incomplete.
make[2]: warning:  Clock skew detected.  Your build may be incomplete.
make[2]: Warning: File 'CMakeFiles/px4_msgs__rosidl_typesupport_fastrtps_c.dir/depend.make' has modification time 1472 s in the future
make[2]: warning:  Clock skew detected.  Your build may be incomplete.
make[2]: Warning: File '/home/jetson/ros2_ws/src/px4_msgs/msg/ActionRequest.msg' has modification time 6297704 s in the future
make[2]: warning:  Clock skew detected.  Your build may be incomplete.
make[2]: Warning: File 'rosidl_generator_py/px4_msgs/_px4_msgs_s.ep.rosidl_typesupport_fastrtps_c.c' has modification time 1931 s in the future
make[2]: warning:  Clock skew detected.  Your build may be incomplete.
make[2]: Warning: File 'CMakeFiles/px4_msgs__python.dir/depend.make' has modification time 8891867 s in the future
make[2]: warning:  Clock skew detected.  Your build may be incomplete.
make[2]: Warning: File 'CMakeFiles/px4_msgs__python.dir/depend.make' has modification time 8891867 s in the future
make[2]: warning:  Clock skew detected.  Your build may be incomplete.
make[2]: Warning: File 'CMakeFiles/px4_msgs__rosidl_typesupport_c__pyext.dir/depend.make' has modification time 8892001 s in the future
make[2]: Warning: File 'CMakeFiles/px4_msgs__rosidl_typesupport_introspection_c__pyext.dir/depend.make' has modification time 8892019 s in the future
make[2]: warning:  Clock skew detected.  Your build may be incomplete.
make[2]: Warning: File 'CMakeFiles/px4_msgs__rosidl_typesupport_fastrtps_c__pyext.dir/depend.make' has modification time 8892019 s in the future
make[2]: warning:  Clock skew detected.  Your build may be incomplete.
make[2]: Warning: File 'CMakeFiles/px4_msgs__rosidl_typesupport_c__pyext.dir/depend.make' has modification time 8892001 s in the future
make[2]: warning:  Clock skew detected.  Your build may be incomplete.
make[2]: warning:  Clock skew detected.  Your build may be incomplete.
make[2]: Warning: File 'CMakeFiles/px4_msgs__rosidl_typesupport_fastrtps_c__pyext.dir/depend.make' has modification time 8892019 s in the future
make[2]: warning:  Clock skew detected.  Your build may be incomplete.
make[2]: Warning: File 'CMakeFiles/px4_msgs__rosidl_typesupport_introspection_c__pyext.dir/depend.make' has modification time 8892019 s in the future
make[2]: warning:  Clock skew detected.  Your build may be incomplete.
