[9.167s] Invoking command in '/home/jetson/ros2_ws/build/termal': PYTHONPATH=/home/jetson/ros2_ws/install/termal/lib/python3.8/site-packages:${PYTHONPATH} /usr/bin/python3 setup.py develop --prefix /home/jetson/ros2_ws/install/termal --editable --build-directory /home/jetson/ros2_ws/build/termal/build --no-deps install_data --install-dir /home/jetson/ros2_ws/install/termal
[10.489s] /usr/local/lib/python3.8/dist-packages/setuptools/dist.py:772: UserWarning: Usage of dash-separated 'script-dir' will not be supported in future versions. Please use the underscore name 'script_dir' instead
[10.489s]   warnings.warn(
[10.491s] /usr/local/lib/python3.8/dist-packages/setuptools/dist.py:772: UserWarning: Usage of dash-separated 'install-scripts' will not be supported in future versions. Please use the underscore name 'install_scripts' instead
[10.492s]   warnings.warn(
[13.426s] running develop
[13.427s] /usr/local/lib/python3.8/dist-packages/setuptools/command/easy_install.py:144: EasyInstallDeprecationWarning: easy_install command is deprecated. Use build and pip and other standards-based tools.
[13.427s]   warnings.warn(
[14.101s] /usr/local/lib/python3.8/dist-packages/setuptools/command/install.py:34: SetuptoolsDeprecationWarning: setup.py install is deprecated. Use build and pip and other standards-based tools.
[14.102s]   warnings.warn(
[15.457s] /usr/local/lib/python3.8/dist-packages/pkg_resources/__init__.py:123: PkgResourcesDeprecationWarning: 0.1.36ubuntu1 is an invalid version and will not be supported in a future release
[15.457s]   warnings.warn(
[15.458s] /usr/local/lib/python3.8/dist-packages/pkg_resources/__init__.py:123: PkgResourcesDeprecationWarning: 0.23ubuntu1 is an invalid version and will not be supported in a future release
[15.458s]   warnings.warn(
[15.937s] running egg_info
[16.272s] writing termal.egg-info/PKG-INFO
[16.549s] writing dependency_links to termal.egg-info/dependency_links.txt
[17.375s] writing entry points to termal.egg-info/entry_points.txt
[17.930s] writing requirements to termal.egg-info/requires.txt
[18.207s] writing top-level names to termal.egg-info/top_level.txt
[18.618s] reading manifest file 'termal.egg-info/SOURCES.txt'
[18.621s] writing manifest file 'termal.egg-info/SOURCES.txt'
[19.203s] running build_ext
[19.204s] Creating /home/jetson/ros2_ws/install/termal/lib/python3.8/site-packages/termal.egg-link (link to .)
[19.206s] Installing ter script to /home/jetson/ros2_ws/install/termal/lib/termal
[19.207s] 
[19.208s] Installed /home/jetson/ros2_ws/build/termal
[19.208s] running install_data
[19.447s] Invoked command in '/home/jetson/ros2_ws/build/termal' returned '0': PYTHONPATH=/home/jetson/ros2_ws/install/termal/lib/python3.8/site-packages:${PYTHONPATH} /usr/bin/python3 setup.py develop --prefix /home/jetson/ros2_ws/install/termal --editable --build-directory /home/jetson/ros2_ws/build/termal/build --no-deps install_data --install-dir /home/jetson/ros2_ws/install/termal
