[15.492s] Invoking command in '/home/jetson/ros2_ws/build/termal': PYTHONPATH=/home/jetson/ros2_ws/install/termal/lib/python3.8/site-packages:${PYTHONPATH} /usr/bin/python3 setup.py develop --prefix /home/jetson/ros2_ws/install/termal --editable --build-directory /home/jetson/ros2_ws/build/termal/build --no-deps install_data --install-dir /home/jetson/ros2_ws/install/termal
[17.045s] /usr/local/lib/python3.8/dist-packages/setuptools/dist.py:772: UserWarning: Usage of dash-separated 'script-dir' will not be supported in future versions. Please use the underscore name 'script_dir' instead
[17.045s]   warnings.warn(
[17.047s] /usr/local/lib/python3.8/dist-packages/setuptools/dist.py:772: UserWarning: Usage of dash-separated 'install-scripts' will not be supported in future versions. Please use the underscore name 'install_scripts' instead
[17.048s]   warnings.warn(
[20.936s] running develop
[20.937s] /usr/local/lib/python3.8/dist-packages/setuptools/command/easy_install.py:144: EasyInstallDeprecationWarning: easy_install command is deprecated. Use build and pip and other standards-based tools.
[20.938s]   warnings.warn(
[21.814s] /usr/local/lib/python3.8/dist-packages/setuptools/command/install.py:34: SetuptoolsDeprecationWarning: setup.py install is deprecated. Use build and pip and other standards-based tools.
[21.815s]   warnings.warn(
[23.471s] /usr/local/lib/python3.8/dist-packages/pkg_resources/__init__.py:123: PkgResourcesDeprecationWarning: 0.1.36ubuntu1 is an invalid version and will not be supported in a future release
[23.472s]   warnings.warn(
[23.473s] /usr/local/lib/python3.8/dist-packages/pkg_resources/__init__.py:123: PkgResourcesDeprecationWarning: 0.23ubuntu1 is an invalid version and will not be supported in a future release
[23.473s]   warnings.warn(
[24.041s] running egg_info
[24.452s] writing termal.egg-info/PKG-INFO
[24.804s] writing dependency_links to termal.egg-info/dependency_links.txt
[25.900s] writing entry points to termal.egg-info/entry_points.txt
[26.598s] writing requirements to termal.egg-info/requires.txt
[26.952s] writing top-level names to termal.egg-info/top_level.txt
[27.450s] reading manifest file 'termal.egg-info/SOURCES.txt'
[27.456s] writing manifest file 'termal.egg-info/SOURCES.txt'
[28.125s] running build_ext
[28.127s] Creating /home/jetson/ros2_ws/install/termal/lib/python3.8/site-packages/termal.egg-link (link to .)
[28.132s] Installing ter script to /home/jetson/ros2_ws/install/termal/lib/termal
[28.134s] 
[28.135s] Installed /home/jetson/ros2_ws/build/termal
[28.136s] running install_data
[28.464s] Invoked command in '/home/jetson/ros2_ws/build/termal' returned '0': PYTHONPATH=/home/jetson/ros2_ws/install/termal/lib/python3.8/site-packages:${PYTHONPATH} /usr/bin/python3 setup.py develop --prefix /home/jetson/ros2_ws/install/termal --editable --build-directory /home/jetson/ros2_ws/build/termal/build --no-deps install_data --install-dir /home/jetson/ros2_ws/install/termal
